[18:26:47.937] [INFO   ] thread bguspl.set.Main.main() starting.
[18:26:47.948] [SEVERE ] cannot read configuration file config.properties trying from resources.
[18:26:47.955] [SEVERE ] configuration file was loaded from resources directory.
[18:26:49.077] [INFO   ] thread dealer starting.
[18:26:49.078] [INFO   ] thread dealer starting.
[18:26:49.185] [SEVERE ] placing card 72 in slot 0
[18:26:49.286] [SEVERE ] placing card 1 in slot 1
[18:26:49.386] [SEVERE ] placing card 79 in slot 2
[18:26:49.487] [SEVERE ] placing card 18 in slot 3
[18:26:49.588] [SEVERE ] placing card 27 in slot 4
[18:26:49.691] [SEVERE ] placing card 65 in slot 5
[18:26:49.792] [SEVERE ] placing card 29 in slot 6
[18:26:49.894] [SEVERE ] placing card 53 in slot 7
[18:26:49.996] [SEVERE ] placing card 52 in slot 8
[18:26:50.097] [SEVERE ] placing card 30 in slot 9
[18:26:50.203] [SEVERE ] placing card 23 in slot 10
[18:26:50.305] [SEVERE ] placing card 56 in slot 11
[18:26:51.224] [SEVERE ] key 65 was pressed by player 1
[18:26:51.958] [SEVERE ] key 65 was pressed by player 1
[18:26:52.237] [SEVERE ] key 83 was pressed by player 1
[18:26:52.685] [SEVERE ] key 68 was pressed by player 1
[18:27:04.957] [SEVERE ] key 59 was pressed by player 2
[18:27:05.438] [SEVERE ] key 76 was pressed by player 2
[18:27:06.778] [SEVERE ] key 67 was pressed by player 1
