[19:02:51.416] [INFO   ] thread bguspl.set.Main.main() starting.
[19:02:51.423] [SEVERE ] cannot read configuration file config.properties trying from resources.
[19:02:51.430] [SEVERE ] configuration file was loaded from resources directory.
[19:02:52.526] [INFO   ] thread dealer starting.
[19:02:52.527] [INFO   ] thread dealer starting.
[19:02:52.638] [SEVERE ] placing card 79 in slot 0
[19:02:52.739] [SEVERE ] placing card 39 in slot 1
[19:02:52.840] [SEVERE ] placing card 53 in slot 2
[19:02:52.948] [SEVERE ] placing card 21 in slot 3
[19:02:53.060] [SEVERE ] placing card 50 in slot 4
[19:02:53.164] [SEVERE ] placing card 34 in slot 5
[19:02:53.272] [SEVERE ] placing card 38 in slot 6
[19:02:53.373] [SEVERE ] placing card 17 in slot 7
[19:02:53.475] [SEVERE ] placing card 80 in slot 8
[19:02:53.594] [SEVERE ] placing card 22 in slot 9
[19:02:53.695] [SEVERE ] placing card 59 in slot 10
[19:02:53.796] [SEVERE ] placing card 72 in slot 11
[19:02:54.560] [SEVERE ] key 65 was pressed by player 1
[19:02:54.561] [SEVERE ] player 1 placing token on slot 4
[19:03:30.927] [SEVERE ] key 65 was pressed by player 1
[19:03:30.929] [SEVERE ] removing player 1 token from slot 4
[19:03:33.462] [SEVERE ] key 65 was pressed by player 1
[19:03:33.463] [SEVERE ] player 1 placing token on slot 4
[19:03:34.296] [SEVERE ] key 83 was pressed by player 1
[19:03:34.313] [SEVERE ] player 1 placing token on slot 5
[19:03:58.926] [SEVERE ] key 68 was pressed by player 1
[19:03:58.927] [SEVERE ] player 1 placing token on slot 6
[19:03:59.554] [SEVERE ] key 68 was pressed by player 1
[19:03:59.555] [SEVERE ] removing player 1 token from slot 6
[19:04:00.710] [SEVERE ] key 83 was pressed by player 1
[19:04:00.740] [SEVERE ] removing player 1 token from slot 5
[19:04:01.246] [SEVERE ] key 65 was pressed by player 1
[19:04:01.246] [SEVERE ] removing player 1 token from slot 4
[19:04:41.047] [SEVERE ] key 65 was pressed by player 1
[19:04:41.048] [SEVERE ] player 1 placing token on slot 4
[19:04:41.231] [SEVERE ] key 83 was pressed by player 1
[19:04:41.232] [SEVERE ] player 1 placing token on slot 5
[19:04:41.407] [SEVERE ] key 68 was pressed by player 1
[19:04:41.439] [SEVERE ] player 1 placing token on slot 6
[19:04:41.862] [SEVERE ] key 69 was pressed by player 1
[19:04:41.862] [SEVERE ] player 1 placing token on slot 2
