[18:28:51.920] [INFO   ] thread bguspl.set.Main.main() starting.
[18:28:51.927] [SEVERE ] cannot read configuration file config.properties trying from resources.
[18:28:51.937] [SEVERE ] configuration file was loaded from resources directory.
[18:28:52.987] [INFO   ] thread dealer starting.
[18:28:52.988] [INFO   ] thread dealer starting.
[18:28:53.093] [SEVERE ] placing card 19 in slot 0
[18:28:53.194] [SEVERE ] placing card 61 in slot 1
[18:28:53.308] [SEVERE ] placing card 9 in slot 2
[18:28:53.409] [SEVERE ] placing card 35 in slot 3
[18:28:53.510] [SEVERE ] placing card 45 in slot 4
[18:28:53.613] [SEVERE ] placing card 55 in slot 5
[18:28:53.714] [SEVERE ] placing card 37 in slot 6
[18:28:53.822] [SEVERE ] placing card 58 in slot 7
[18:28:53.923] [SEVERE ] placing card 30 in slot 8
[18:28:54.024] [SEVERE ] placing card 80 in slot 9
[18:28:54.135] [SEVERE ] placing card 8 in slot 10
[18:28:54.236] [SEVERE ] placing card 38 in slot 11
[18:28:58.241] [SEVERE ] key 65 was pressed by player 1
[18:28:58.655] [SEVERE ] key 65 was pressed by player 1
[18:28:58.965] [SEVERE ] key 65 was pressed by player 1
[18:28:59.194] [SEVERE ] key 65 was pressed by player 1
[18:28:59.413] [SEVERE ] key 65 was pressed by player 1
[18:28:59.668] [SEVERE ] key 65 was pressed by player 1
[18:29:00.326] [SEVERE ] key 76 was pressed by player 2
[18:29:00.598] [SEVERE ] key 76 was pressed by player 2
[18:29:00.822] [SEVERE ] key 76 was pressed by player 2
[18:29:01.030] [SEVERE ] key 76 was pressed by player 2
[18:29:01.189] [SEVERE ] key 76 was pressed by player 2
[18:29:01.358] [SEVERE ] key 76 was pressed by player 2
[18:29:01.533] [SEVERE ] key 76 was pressed by player 2
[18:29:14.245] [SEVERE ] key 67 was pressed by player 1
[18:29:14.574] [SEVERE ] key 67 was pressed by player 1
[18:29:14.774] [SEVERE ] key 67 was pressed by player 1
[18:29:14.958] [SEVERE ] key 67 was pressed by player 1
[18:29:15.152] [SEVERE ] key 67 was pressed by player 1
[18:29:15.310] [SEVERE ] key 67 was pressed by player 1
[18:29:15.470] [SEVERE ] key 67 was pressed by player 1
[18:29:15.622] [SEVERE ] key 67 was pressed by player 1
[18:29:16.822] [SEVERE ] key 44 was pressed by player 2
[18:29:16.998] [SEVERE ] key 44 was pressed by player 2
[18:29:17.166] [SEVERE ] key 44 was pressed by player 2
[18:29:17.334] [SEVERE ] key 44 was pressed by player 2
[18:29:17.498] [SEVERE ] key 44 was pressed by player 2
[18:29:17.630] [SEVERE ] key 44 was pressed by player 2
