[18:15:06.776] [INFO   ] thread bguspl.set.Main.main() starting.
[18:15:06.783] [SEVERE ] cannot read configuration file config.properties trying from resources.
[18:15:06.789] [SEVERE ] configuration file was loaded from resources directory.
[18:15:08.126] [INFO   ] thread dealer starting.
[18:15:08.127] [INFO   ] thread dealer starting.
[18:15:08.235] [SEVERE ] placing card 66 in slot 0
[18:15:08.336] [SEVERE ] placing card 49 in slot 1
[18:15:08.437] [SEVERE ] placing card 17 in slot 2
[18:15:08.538] [SEVERE ] placing card 79 in slot 3
[18:15:08.684] [SEVERE ] placing card 40 in slot 4
[18:15:08.794] [SEVERE ] placing card 57 in slot 5
[18:15:08.963] [SEVERE ] placing card 47 in slot 6
[18:15:09.079] [SEVERE ] placing card 18 in slot 7
[18:15:09.180] [SEVERE ] placing card 31 in slot 8
[18:15:09.281] [SEVERE ] placing card 12 in slot 9
[18:15:09.404] [SEVERE ] placing card 43 in slot 10
[18:15:09.506] [SEVERE ] placing card 5 in slot 11
[18:15:09.624] [SEVERE ] placing card 0 in slot 0
[18:15:09.725] [SEVERE ] placing card 34 in slot 1
[18:15:09.827] [SEVERE ] placing card 16 in slot 2
[18:15:09.945] [SEVERE ] placing card 70 in slot 3
[18:15:10.053] [SEVERE ] placing card 28 in slot 4
[18:15:10.153] [SEVERE ] placing card 11 in slot 5
[18:15:10.274] [SEVERE ] placing card 50 in slot 6
[18:15:10.376] [SEVERE ] placing card 78 in slot 7
[18:15:10.484] [SEVERE ] placing card 41 in slot 8
[18:15:10.586] [SEVERE ] placing card 73 in slot 9
[18:15:10.695] [SEVERE ] placing card 45 in slot 10
[18:15:10.796] [SEVERE ] placing card 8 in slot 11
[18:15:10.896] [SEVERE ] placing card 30 in slot 0
[18:15:11.054] [SEVERE ] placing card 38 in slot 1
[18:15:11.155] [SEVERE ] placing card 14 in slot 2
[18:15:11.265] [SEVERE ] placing card 2 in slot 3
[18:15:11.366] [SEVERE ] placing card 10 in slot 4
[18:15:11.509] [SEVERE ] placing card 9 in slot 5
[18:15:11.610] [SEVERE ] placing card 80 in slot 6
[18:15:11.805] [SEVERE ] placing card 68 in slot 7
[18:15:11.990] [SEVERE ] placing card 33 in slot 8
[18:15:12.110] [SEVERE ] placing card 51 in slot 9
[18:15:12.211] [SEVERE ] placing card 60 in slot 10
[18:15:12.312] [SEVERE ] placing card 74 in slot 11
[18:15:12.546] [SEVERE ] placing card 52 in slot 0
[18:15:12.648] [SEVERE ] placing card 35 in slot 1
[18:15:12.749] [SEVERE ] placing card 65 in slot 2
[18:15:12.850] [SEVERE ] placing card 48 in slot 3
[18:15:12.950] [SEVERE ] placing card 53 in slot 4
[18:15:13.051] [SEVERE ] placing card 54 in slot 5
[18:15:13.154] [SEVERE ] placing card 36 in slot 6
[18:15:13.255] [SEVERE ] placing card 44 in slot 7
[18:15:13.425] [SEVERE ] placing card 71 in slot 8
[18:15:13.526] [SEVERE ] placing card 4 in slot 9
[18:15:13.627] [SEVERE ] placing card 20 in slot 10
[18:15:13.728] [SEVERE ] placing card 77 in slot 11
[18:15:13.829] [SEVERE ] placing card 3 in slot 0
[18:15:13.936] [SEVERE ] placing card 24 in slot 1
[18:15:14.056] [SEVERE ] placing card 37 in slot 2
[18:15:14.157] [SEVERE ] placing card 21 in slot 3
[18:15:14.296] [SEVERE ] placing card 56 in slot 4
[18:15:14.396] [SEVERE ] placing card 75 in slot 5
[18:15:14.498] [SEVERE ] placing card 32 in slot 6
[18:15:14.599] [SEVERE ] placing card 76 in slot 7
[18:15:14.700] [SEVERE ] placing card 25 in slot 8
[18:15:14.812] [SEVERE ] placing card 22 in slot 9
[18:15:14.913] [SEVERE ] placing card 61 in slot 10
[18:15:15.018] [SEVERE ] placing card 15 in slot 11
[18:15:15.136] [SEVERE ] placing card 64 in slot 0
[18:15:15.374] [SEVERE ] placing card 19 in slot 1
[18:15:15.476] [SEVERE ] placing card 46 in slot 2
[18:15:15.576] [SEVERE ] placing card 29 in slot 3
[18:15:15.677] [SEVERE ] placing card 69 in slot 4
[18:15:15.778] [SEVERE ] placing card 13 in slot 5
[18:15:15.879] [SEVERE ] placing card 39 in slot 6
[18:15:15.980] [SEVERE ] placing card 58 in slot 7
[18:15:16.080] [SEVERE ] placing card 55 in slot 8
[18:15:16.274] [SEVERE ] placing card 1 in slot 9
[18:15:16.375] [SEVERE ] placing card 26 in slot 10
[18:15:16.484] [SEVERE ] placing card 27 in slot 11
[18:15:16.585] [SEVERE ] placing card 59 in slot 0
[18:15:16.686] [SEVERE ] placing card 7 in slot 1
[18:15:16.787] [SEVERE ] placing card 63 in slot 2
[18:15:16.892] [SEVERE ] placing card 6 in slot 3
[18:15:16.992] [SEVERE ] placing card 23 in slot 4
[18:15:17.175] [SEVERE ] placing card 72 in slot 5
[18:15:17.276] [SEVERE ] placing card 42 in slot 6
[18:15:17.377] [SEVERE ] placing card 62 in slot 7
[18:15:17.478] [SEVERE ] placing card 67 in slot 8
[18:15:17.482] [INFO   ] thread dealer terminated.
[18:15:21.883] [SEVERE ] exit button pressed
[18:15:22.483] [SEVERE ] thanks for playing... it was fun!
[18:15:22.484] [INFO   ] thread bguspl.set.Main.main() terminated.
