[21:14:16.368] [INFO   ] thread bguspl.set.Main.main() starting.
[21:14:16.377] [SEVERE ] cannot read configuration file config.properties trying from resources.
[21:14:16.386] [SEVERE ] configuration file was loaded from resources directory.
[21:14:17.885] [INFO   ] thread dealer starting.
[21:14:17.888] [INFO   ] thread dealer starting.
[21:14:17.997] [SEVERE ] placing card 42 in slot 0
[21:14:18.130] [SEVERE ] placing card 74 in slot 1
[21:14:18.231] [SEVERE ] placing card 31 in slot 2
[21:14:18.333] [SEVERE ] placing card 71 in slot 3
[21:14:18.434] [SEVERE ] placing card 9 in slot 4
[21:14:18.557] [SEVERE ] placing card 5 in slot 5
[21:14:18.659] [SEVERE ] placing card 39 in slot 6
[21:14:18.761] [SEVERE ] placing card 80 in slot 7
[21:14:18.885] [SEVERE ] placing card 12 in slot 8
[21:14:18.993] [SEVERE ] placing card 62 in slot 9
[21:14:19.094] [SEVERE ] placing card 76 in slot 10
[21:14:19.195] [SEVERE ] placing card 25 in slot 11
[21:14:19.221] [SEVERE ] updating countdown to 18669
[21:14:19.303] [SEVERE ] updating countdown to 18587
[21:14:19.330] [SEVERE ] updating countdown to 18560
[21:14:19.357] [SEVERE ] updating countdown to 18533
[21:14:19.394] [SEVERE ] updating countdown to 18496
[21:14:19.420] [SEVERE ] updating countdown to 18470
[21:14:19.447] [SEVERE ] updating countdown to 18443
[21:14:19.475] [SEVERE ] updating countdown to 18415
[21:14:19.504] [SEVERE ] updating countdown to 18386
[21:14:19.532] [SEVERE ] updating countdown to 18358
[21:14:19.559] [SEVERE ] updating countdown to 18331
[21:14:19.610] [SEVERE ] updating countdown to 18280
[21:14:19.637] [SEVERE ] updating countdown to 18253
[21:14:19.664] [SEVERE ] updating countdown to 18226
[21:14:19.696] [SEVERE ] updating countdown to 18194
[21:14:19.723] [SEVERE ] updating countdown to 18167
[21:14:19.749] [SEVERE ] updating countdown to 18141
[21:14:19.776] [SEVERE ] updating countdown to 18115
[21:14:19.803] [SEVERE ] updating countdown to 18088
[21:14:19.835] [SEVERE ] updating countdown to 18055
[21:14:19.862] [SEVERE ] updating countdown to 18028
[21:14:19.923] [SEVERE ] updating countdown to 17967
[21:14:19.949] [SEVERE ] updating countdown to 17941
[21:14:19.975] [SEVERE ] updating countdown to 17916
[21:14:20.000] [SEVERE ] updating countdown to 17890
[21:14:20.049] [SEVERE ] updating countdown to 17841
[21:14:20.118] [SEVERE ] updating countdown to 17772
[21:14:20.144] [SEVERE ] updating countdown to 17746
[21:14:20.172] [SEVERE ] updating countdown to 17718
[21:14:20.199] [SEVERE ] updating countdown to 17691
[21:14:20.236] [SEVERE ] updating countdown to 17654
[21:14:20.301] [SEVERE ] updating countdown to 17589
[21:14:20.328] [SEVERE ] updating countdown to 17562
[21:14:20.359] [SEVERE ] updating countdown to 17531
[21:14:20.385] [SEVERE ] updating countdown to 17505
[21:14:20.412] [SEVERE ] updating countdown to 17478
[21:14:20.448] [SEVERE ] updating countdown to 17442
[21:14:20.474] [SEVERE ] updating countdown to 17416
[21:14:20.500] [SEVERE ] updating countdown to 17390
[21:14:20.527] [SEVERE ] updating countdown to 17363
[21:14:20.556] [SEVERE ] updating countdown to 17334
[21:14:20.583] [SEVERE ] updating countdown to 17307
[21:14:20.609] [SEVERE ] updating countdown to 17281
[21:14:20.636] [SEVERE ] updating countdown to 17254
[21:14:20.691] [SEVERE ] updating countdown to 17199
[21:14:20.717] [SEVERE ] updating countdown to 17173
[21:14:20.745] [SEVERE ] updating countdown to 17145
[21:14:20.772] [SEVERE ] updating countdown to 17118
[21:14:20.803] [SEVERE ] updating countdown to 17087
[21:14:20.830] [SEVERE ] updating countdown to 17060
[21:14:20.896] [SEVERE ] updating countdown to 16994
[21:14:20.923] [SEVERE ] updating countdown to 16967
[21:14:20.981] [SEVERE ] updating countdown to 16909
[21:14:21.007] [SEVERE ] updating countdown to 16883
[21:14:21.033] [SEVERE ] updating countdown to 16857
[21:14:21.059] [SEVERE ] updating countdown to 16831
[21:14:21.085] [SEVERE ] updating countdown to 16805
[21:14:21.117] [SEVERE ] updating countdown to 16773
[21:14:21.144] [SEVERE ] updating countdown to 16746
[21:14:21.179] [SEVERE ] updating countdown to 16711
[21:14:21.205] [SEVERE ] updating countdown to 16685
[21:14:21.236] [SEVERE ] updating countdown to 16654
[21:14:21.262] [SEVERE ] updating countdown to 16628
[21:14:21.288] [SEVERE ] updating countdown to 16602
[21:14:21.314] [SEVERE ] updating countdown to 16576
[21:14:21.340] [SEVERE ] updating countdown to 16550
[21:14:21.365] [SEVERE ] updating countdown to 16525
[21:14:21.392] [SEVERE ] updating countdown to 16498
[21:14:21.418] [SEVERE ] updating countdown to 16472
[21:14:21.445] [SEVERE ] updating countdown to 16445
[21:14:21.471] [SEVERE ] updating countdown to 16419
[21:14:21.497] [SEVERE ] updating countdown to 16393
[21:14:21.538] [SEVERE ] updating countdown to 16352
[21:14:21.570] [SEVERE ] updating countdown to 16320
[21:14:21.598] [SEVERE ] updating countdown to 16292
[21:14:21.637] [SEVERE ] updating countdown to 16253
[21:14:21.691] [SEVERE ] updating countdown to 16199
[21:14:21.725] [SEVERE ] updating countdown to 16165
[21:14:21.751] [SEVERE ] updating countdown to 16139
[21:14:21.777] [SEVERE ] updating countdown to 16113
[21:14:21.803] [SEVERE ] updating countdown to 16087
[21:14:21.829] [SEVERE ] updating countdown to 16061
[21:14:21.856] [SEVERE ] updating countdown to 16034
[21:14:21.893] [SEVERE ] updating countdown to 15998
[21:14:21.920] [SEVERE ] updating countdown to 15971
[21:14:21.947] [SEVERE ] updating countdown to 15944
[21:14:21.973] [SEVERE ] updating countdown to 15917
[21:14:22.054] [SEVERE ] updating countdown to 15836
[21:14:22.080] [SEVERE ] updating countdown to 15810
[21:14:22.105] [SEVERE ] updating countdown to 15785
[21:14:22.154] [SEVERE ] updating countdown to 15736
[21:14:22.181] [SEVERE ] updating countdown to 15709
[21:14:22.207] [SEVERE ] updating countdown to 15683
[21:14:22.233] [SEVERE ] updating countdown to 15657
[21:14:22.261] [SEVERE ] updating countdown to 15630
[21:14:22.287] [SEVERE ] updating countdown to 15603
[21:14:22.338] [SEVERE ] updating countdown to 15552
[21:14:22.364] [SEVERE ] updating countdown to 15526
[21:14:22.392] [SEVERE ] updating countdown to 15498
[21:14:22.418] [SEVERE ] updating countdown to 15472
[21:14:22.451] [SEVERE ] updating countdown to 15440
[21:14:22.511] [SEVERE ] updating countdown to 15379
[21:14:22.537] [SEVERE ] updating countdown to 15353
[21:14:22.568] [SEVERE ] updating countdown to 15322
[21:14:22.597] [SEVERE ] updating countdown to 15294
[21:14:22.624] [SEVERE ] updating countdown to 15266
[21:14:22.650] [SEVERE ] updating countdown to 15240
[21:14:22.685] [SEVERE ] updating countdown to 15205
[21:14:22.712] [SEVERE ] updating countdown to 15178
[21:14:22.740] [SEVERE ] updating countdown to 15150
[21:14:22.766] [SEVERE ] updating countdown to 15124
[21:14:22.792] [SEVERE ] updating countdown to 15098
[21:14:22.818] [SEVERE ] updating countdown to 15072
[21:14:22.845] [SEVERE ] updating countdown to 15045
[21:14:22.935] [SEVERE ] updating countdown to 14955
[21:14:22.961] [SEVERE ] updating countdown to 14929
[21:14:22.988] [SEVERE ] updating countdown to 14902
[21:14:23.016] [SEVERE ] updating countdown to 14874
[21:14:23.049] [SEVERE ] updating countdown to 14841
[21:14:23.075] [SEVERE ] updating countdown to 14815
[21:14:23.101] [SEVERE ] updating countdown to 14789
[21:14:23.127] [SEVERE ] updating countdown to 14763
[21:14:23.153] [SEVERE ] updating countdown to 14737
[21:14:23.179] [SEVERE ] updating countdown to 14711
[21:14:23.206] [SEVERE ] updating countdown to 14684
[21:14:23.236] [SEVERE ] updating countdown to 14654
[21:14:23.263] [SEVERE ] updating countdown to 14627
[21:14:23.329] [SEVERE ] updating countdown to 14561
[21:14:23.356] [SEVERE ] updating countdown to 14534
[21:14:23.403] [SEVERE ] updating countdown to 14487
[21:14:23.434] [SEVERE ] updating countdown to 14456
[21:14:23.461] [SEVERE ] updating countdown to 14429
[21:14:23.489] [SEVERE ] updating countdown to 14401
[21:14:23.515] [SEVERE ] updating countdown to 14375
[21:14:23.541] [SEVERE ] updating countdown to 14349
[21:14:23.566] [SEVERE ] updating countdown to 14324
[21:14:23.593] [SEVERE ] updating countdown to 14297
[21:14:23.639] [SEVERE ] updating countdown to 14251
[21:14:23.677] [SEVERE ] updating countdown to 14213
[21:14:23.703] [SEVERE ] updating countdown to 14187
[21:14:23.742] [SEVERE ] updating countdown to 14148
[21:14:23.769] [SEVERE ] updating countdown to 14121
[21:14:23.796] [SEVERE ] updating countdown to 14094
[21:14:23.823] [SEVERE ] updating countdown to 14068
[21:14:23.884] [SEVERE ] updating countdown to 14007
[21:14:23.910] [SEVERE ] updating countdown to 13980
[21:14:23.938] [SEVERE ] updating countdown to 13952
[21:14:23.973] [SEVERE ] updating countdown to 13917
[21:14:24.004] [SEVERE ] updating countdown to 13886
[21:14:24.031] [SEVERE ] updating countdown to 13859
[21:14:24.060] [SEVERE ] updating countdown to 13830
[21:14:24.086] [SEVERE ] updating countdown to 13804
[21:14:24.113] [SEVERE ] updating countdown to 13778
[21:14:24.143] [SEVERE ] updating countdown to 13747
[21:14:24.169] [SEVERE ] updating countdown to 13721
[21:14:24.197] [SEVERE ] updating countdown to 13693
[21:14:24.228] [SEVERE ] updating countdown to 13662
[21:14:24.254] [SEVERE ] updating countdown to 13637
[21:14:24.279] [SEVERE ] updating countdown to 13611
[21:14:24.306] [SEVERE ] updating countdown to 13584
[21:14:24.331] [SEVERE ] updating countdown to 13559
[21:14:24.358] [SEVERE ] updating countdown to 13532
[21:14:24.384] [SEVERE ] updating countdown to 13506
[21:14:24.427] [SEVERE ] updating countdown to 13463
[21:14:24.453] [SEVERE ] updating countdown to 13437
[21:14:24.479] [SEVERE ] updating countdown to 13411
[21:14:24.505] [SEVERE ] updating countdown to 13385
[21:14:24.532] [SEVERE ] updating countdown to 13358
[21:14:24.558] [SEVERE ] updating countdown to 13333
[21:14:24.583] [SEVERE ] updating countdown to 13307
[21:14:24.610] [SEVERE ] updating countdown to 13280
[21:14:24.637] [SEVERE ] updating countdown to 13253
[21:14:24.664] [SEVERE ] updating countdown to 13226
[21:14:24.690] [SEVERE ] updating countdown to 13200
[21:14:24.717] [SEVERE ] updating countdown to 13173
[21:14:24.744] [SEVERE ] updating countdown to 13146
[21:14:24.772] [SEVERE ] updating countdown to 13118
[21:14:24.839] [SEVERE ] updating countdown to 13051
[21:14:24.865] [SEVERE ] updating countdown to 13025
[21:14:24.893] [SEVERE ] updating countdown to 12997
[21:14:24.925] [SEVERE ] updating countdown to 12965
[21:14:24.955] [SEVERE ] updating countdown to 12935
[21:14:24.981] [SEVERE ] updating countdown to 12909
[21:14:25.007] [SEVERE ] updating countdown to 12883
[21:14:25.033] [SEVERE ] updating countdown to 12857
[21:14:25.105] [SEVERE ] updating countdown to 12785
[21:14:25.132] [SEVERE ] updating countdown to 12758
[21:14:25.159] [SEVERE ] updating countdown to 12731
[21:14:25.219] [SEVERE ] updating countdown to 12671
[21:14:25.277] [SEVERE ] updating countdown to 12613
[21:14:25.303] [SEVERE ] updating countdown to 12587
[21:14:25.329] [SEVERE ] updating countdown to 12561
[21:14:25.355] [SEVERE ] updating countdown to 12535
[21:14:25.382] [SEVERE ] updating countdown to 12508
[21:14:25.435] [SEVERE ] updating countdown to 12456
[21:14:25.461] [SEVERE ] updating countdown to 12429
[21:14:25.487] [SEVERE ] updating countdown to 12403
[21:14:25.513] [SEVERE ] updating countdown to 12377
[21:14:25.539] [SEVERE ] updating countdown to 12351
[21:14:25.568] [SEVERE ] updating countdown to 12322
[21:14:25.594] [SEVERE ] updating countdown to 12296
[21:14:25.620] [SEVERE ] updating countdown to 12270
[21:14:25.646] [SEVERE ] updating countdown to 12244
[21:14:25.672] [SEVERE ] updating countdown to 12219
[21:14:25.701] [SEVERE ] updating countdown to 12189
[21:14:25.727] [SEVERE ] updating countdown to 12163
[21:14:25.755] [SEVERE ] updating countdown to 12135
[21:14:25.780] [SEVERE ] updating countdown to 12110
[21:14:25.807] [SEVERE ] updating countdown to 12084
[21:14:25.832] [SEVERE ] updating countdown to 12058
[21:14:25.858] [SEVERE ] updating countdown to 12032
[21:14:25.884] [SEVERE ] updating countdown to 12006
[21:14:25.910] [SEVERE ] updating countdown to 11980
[21:14:25.944] [SEVERE ] updating countdown to 11946
[21:14:25.970] [SEVERE ] updating countdown to 11920
[21:14:25.995] [SEVERE ] updating countdown to 11895
[21:14:26.029] [SEVERE ] updating countdown to 11861
[21:14:26.055] [SEVERE ] updating countdown to 11835
[21:14:26.082] [SEVERE ] updating countdown to 11808
[21:14:26.125] [SEVERE ] updating countdown to 11765
[21:14:26.152] [SEVERE ] updating countdown to 11738
[21:14:26.178] [SEVERE ] updating countdown to 11712
[21:14:26.204] [SEVERE ] updating countdown to 11686
[21:14:26.230] [SEVERE ] updating countdown to 11660
[21:14:26.256] [SEVERE ] updating countdown to 11634
[21:14:26.309] [SEVERE ] updating countdown to 11581
[21:14:26.335] [SEVERE ] updating countdown to 11555
[21:14:26.360] [SEVERE ] updating countdown to 11530
[21:14:26.386] [SEVERE ] updating countdown to 11504
[21:14:26.412] [SEVERE ] updating countdown to 11478
[21:14:26.438] [SEVERE ] updating countdown to 11452
[21:14:26.464] [SEVERE ] updating countdown to 11426
[21:14:26.499] [SEVERE ] updating countdown to 11391
[21:14:26.525] [SEVERE ] updating countdown to 11365
[21:14:26.552] [SEVERE ] updating countdown to 11339
[21:14:26.577] [SEVERE ] updating countdown to 11313
[21:14:26.604] [SEVERE ] updating countdown to 11286
[21:14:26.630] [SEVERE ] updating countdown to 11260
[21:14:26.656] [SEVERE ] updating countdown to 11234
[21:14:26.696] [SEVERE ] updating countdown to 11194
[21:14:26.723] [SEVERE ] updating countdown to 11167
[21:14:26.750] [SEVERE ] updating countdown to 11140
[21:14:26.776] [SEVERE ] updating countdown to 11114
[21:14:26.810] [SEVERE ] updating countdown to 11081
