[21:17:17.757] [INFO   ] thread bguspl.set.Main.main() starting.
[21:17:17.778] [SEVERE ] cannot read configuration file config.properties trying from resources.
[21:17:17.788] [SEVERE ] configuration file was loaded from resources directory.
[21:17:18.980] [INFO   ] thread dealer starting.
[21:17:18.981] [INFO   ] thread dealer starting.
[21:17:19.087] [SEVERE ] placing card 74 in slot 0
[21:17:19.188] [SEVERE ] placing card 14 in slot 1
[21:17:19.289] [SEVERE ] placing card 24 in slot 2
[21:17:19.391] [SEVERE ] placing card 52 in slot 3
[21:17:19.492] [SEVERE ] placing card 32 in slot 4
[21:17:19.636] [SEVERE ] placing card 40 in slot 5
[21:17:19.740] [SEVERE ] placing card 79 in slot 6
[21:17:19.847] [SEVERE ] placing card 70 in slot 7
[21:17:19.973] [SEVERE ] placing card 37 in slot 8
[21:17:20.084] [SEVERE ] placing card 61 in slot 9
[21:17:20.210] [SEVERE ] placing card 68 in slot 10
[21:17:20.312] [SEVERE ] placing card 16 in slot 11
[21:17:20.342] [SEVERE ] updating countdown to 19975
[21:17:20.370] [SEVERE ] updating countdown to 19946
[21:17:20.396] [SEVERE ] updating countdown to 19920
[21:17:20.423] [SEVERE ] updating countdown to 19893
[21:17:20.449] [SEVERE ] updating countdown to 19867
[21:17:20.490] [SEVERE ] updating countdown to 19826
[21:17:20.517] [SEVERE ] updating countdown to 19799
[21:17:20.543] [SEVERE ] updating countdown to 19773
[21:17:20.571] [SEVERE ] updating countdown to 19746
[21:17:20.598] [SEVERE ] updating countdown to 19718
[21:17:20.625] [SEVERE ] updating countdown to 19691
[21:17:20.651] [SEVERE ] updating countdown to 19665
[21:17:20.678] [SEVERE ] updating countdown to 19638
[21:17:20.707] [SEVERE ] updating countdown to 19609
[21:17:20.736] [SEVERE ] updating countdown to 19580
[21:17:20.764] [SEVERE ] updating countdown to 19552
[21:17:20.791] [SEVERE ] updating countdown to 19525
[21:17:20.818] [SEVERE ] updating countdown to 19498
[21:17:20.844] [SEVERE ] updating countdown to 19472
[21:17:20.871] [SEVERE ] updating countdown to 19445
[21:17:20.919] [SEVERE ] updating countdown to 19398
[21:17:20.948] [SEVERE ] updating countdown to 19368
[21:17:20.974] [SEVERE ] updating countdown to 19342
[21:17:21.004] [SEVERE ] updating countdown to 19312
[21:17:21.031] [SEVERE ] updating countdown to 19285
[21:17:21.076] [SEVERE ] updating countdown to 19240
[21:17:21.102] [SEVERE ] updating countdown to 19214
[21:17:21.129] [SEVERE ] updating countdown to 19187
[21:17:21.155] [SEVERE ] updating countdown to 19161
[21:17:21.183] [SEVERE ] updating countdown to 19133
[21:17:21.210] [SEVERE ] updating countdown to 19106
[21:17:21.241] [SEVERE ] updating countdown to 19075
[21:17:21.266] [SEVERE ] updating countdown to 19050
[21:17:21.292] [SEVERE ] updating countdown to 19024
[21:17:21.323] [SEVERE ] updating countdown to 18993
[21:17:21.349] [SEVERE ] updating countdown to 18967
[21:17:21.375] [SEVERE ] updating countdown to 18941
[21:17:21.401] [SEVERE ] updating countdown to 18915
[21:17:21.427] [SEVERE ] updating countdown to 18889
[21:17:21.453] [SEVERE ] updating countdown to 18863
[21:17:21.486] [SEVERE ] updating countdown to 18830
[21:17:21.512] [SEVERE ] updating countdown to 18804
[21:17:21.538] [SEVERE ] updating countdown to 18778
[21:17:21.564] [SEVERE ] updating countdown to 18752
[21:17:21.610] [SEVERE ] updating countdown to 18706
[21:17:21.636] [SEVERE ] updating countdown to 18680
[21:17:21.662] [SEVERE ] updating countdown to 18654
[21:17:21.688] [SEVERE ] updating countdown to 18628
[21:17:21.717] [SEVERE ] updating countdown to 18599
[21:17:21.743] [SEVERE ] updating countdown to 18573
[21:17:21.796] [SEVERE ] updating countdown to 18520
[21:17:21.823] [SEVERE ] updating countdown to 18493
[21:17:21.851] [SEVERE ] updating countdown to 18465
[21:17:21.879] [SEVERE ] updating countdown to 18437
[21:17:21.906] [SEVERE ] updating countdown to 18410
[21:17:21.933] [SEVERE ] updating countdown to 18383
[21:17:21.959] [SEVERE ] updating countdown to 18357
[21:17:21.985] [SEVERE ] updating countdown to 18331
[21:17:22.011] [SEVERE ] updating countdown to 18305
[21:17:22.038] [SEVERE ] updating countdown to 18278
[21:17:22.064] [SEVERE ] updating countdown to 18252
[21:17:22.109] [SEVERE ] updating countdown to 18207
[21:17:22.136] [SEVERE ] updating countdown to 18180
[21:17:22.168] [SEVERE ] updating countdown to 18148
[21:17:22.195] [SEVERE ] updating countdown to 18122
[21:17:22.234] [SEVERE ] updating countdown to 18082
[21:17:22.260] [SEVERE ] updating countdown to 18056
[21:17:22.293] [SEVERE ] updating countdown to 18023
[21:17:22.319] [SEVERE ] updating countdown to 17997
[21:17:22.345] [SEVERE ] updating countdown to 17971
[21:17:22.371] [SEVERE ] updating countdown to 17945
[21:17:22.397] [SEVERE ] updating countdown to 17919
[21:17:22.423] [SEVERE ] updating countdown to 17893
[21:17:22.449] [SEVERE ] updating countdown to 17867
[21:17:22.476] [SEVERE ] updating countdown to 17840
[21:17:22.503] [SEVERE ] updating countdown to 17813
[21:17:22.529] [SEVERE ] updating countdown to 17787
[21:17:22.555] [SEVERE ] updating countdown to 17761
[21:17:22.589] [SEVERE ] updating countdown to 17727
[21:17:22.615] [SEVERE ] updating countdown to 17701
[21:17:22.685] [SEVERE ] updating countdown to 17631
[21:17:22.712] [SEVERE ] updating countdown to 17604
[21:17:22.739] [SEVERE ] updating countdown to 17577
[21:17:22.767] [SEVERE ] updating countdown to 17549
[21:17:22.796] [SEVERE ] updating countdown to 17520
[21:17:22.822] [SEVERE ] updating countdown to 17494
[21:17:22.904] [SEVERE ] updating countdown to 17412
[21:17:22.931] [SEVERE ] updating countdown to 17385
[21:17:22.958] [SEVERE ] updating countdown to 17358
[21:17:22.985] [SEVERE ] updating countdown to 17331
[21:17:23.011] [SEVERE ] updating countdown to 17305
[21:17:23.038] [SEVERE ] updating countdown to 17278
[21:17:23.097] [SEVERE ] updating countdown to 17219
[21:17:23.123] [SEVERE ] updating countdown to 17193
[21:17:23.150] [SEVERE ] updating countdown to 17166
[21:17:23.179] [SEVERE ] updating countdown to 17137
[21:17:23.205] [SEVERE ] updating countdown to 17111
[21:17:23.237] [SEVERE ] updating countdown to 17079
[21:17:23.263] [SEVERE ] updating countdown to 17053
[21:17:23.289] [SEVERE ] updating countdown to 17027
[21:17:23.316] [SEVERE ] updating countdown to 17000
[21:17:23.343] [SEVERE ] updating countdown to 16973
[21:17:23.372] [SEVERE ] updating countdown to 16944
[21:17:23.443] [SEVERE ] updating countdown to 16873
[21:17:23.469] [SEVERE ] updating countdown to 16847
[21:17:23.495] [SEVERE ] updating countdown to 16821
[21:17:23.520] [SEVERE ] updating countdown to 16796
[21:17:23.546] [SEVERE ] updating countdown to 16770
[21:17:23.573] [SEVERE ] updating countdown to 16743
[21:17:23.599] [SEVERE ] updating countdown to 16717
[21:17:23.648] [SEVERE ] updating countdown to 16668
[21:17:23.674] [SEVERE ] updating countdown to 16642
[21:17:23.702] [SEVERE ] updating countdown to 16614
[21:17:23.741] [SEVERE ] updating countdown to 16575
[21:17:23.770] [SEVERE ] updating countdown to 16546
[21:17:23.804] [SEVERE ] updating countdown to 16512
[21:17:23.831] [SEVERE ] updating countdown to 16485
[21:17:23.857] [SEVERE ] updating countdown to 16459
[21:17:23.885] [SEVERE ] updating countdown to 16431
[21:17:23.912] [SEVERE ] updating countdown to 16404
[21:17:23.969] [SEVERE ] updating countdown to 16347
[21:17:24.010] [SEVERE ] updating countdown to 16306
[21:17:24.036] [SEVERE ] updating countdown to 16280
[21:17:24.062] [SEVERE ] updating countdown to 16254
[21:17:24.089] [SEVERE ] updating countdown to 16227
[21:17:24.118] [SEVERE ] updating countdown to 16198
[21:17:24.145] [SEVERE ] updating countdown to 16171
[21:17:24.206] [SEVERE ] updating countdown to 16110
[21:17:24.232] [SEVERE ] updating countdown to 16084
[21:17:24.258] [SEVERE ] updating countdown to 16058
[21:17:24.284] [SEVERE ] updating countdown to 16032
[21:17:24.310] [SEVERE ] updating countdown to 16006
[21:17:24.337] [SEVERE ] updating countdown to 15979
[21:17:24.363] [SEVERE ] updating countdown to 15953
[21:17:24.390] [SEVERE ] updating countdown to 15927
[21:17:24.416] [SEVERE ] updating countdown to 15900
[21:17:24.459] [SEVERE ] updating countdown to 15857
[21:17:24.485] [SEVERE ] updating countdown to 15831
[21:17:24.511] [SEVERE ] updating countdown to 15805
[21:17:24.538] [SEVERE ] updating countdown to 15778
[21:17:24.569] [SEVERE ] updating countdown to 15747
[21:17:24.618] [SEVERE ] updating countdown to 15698
[21:17:24.646] [SEVERE ] updating countdown to 15670
[21:17:24.673] [SEVERE ] updating countdown to 15643
[21:17:24.701] [SEVERE ] updating countdown to 15616
[21:17:24.746] [SEVERE ] updating countdown to 15570
[21:17:24.773] [SEVERE ] updating countdown to 15543
[21:17:24.800] [SEVERE ] updating countdown to 15516
[21:17:24.827] [SEVERE ] updating countdown to 15489
[21:17:24.853] [SEVERE ] updating countdown to 15463
[21:17:24.884] [SEVERE ] updating countdown to 15432
[21:17:24.911] [SEVERE ] updating countdown to 15405
[21:17:24.944] [SEVERE ] updating countdown to 15372
[21:17:24.970] [SEVERE ] updating countdown to 15346
[21:17:24.996] [SEVERE ] updating countdown to 15320
[21:17:25.023] [SEVERE ] updating countdown to 15293
[21:17:25.050] [SEVERE ] updating countdown to 15266
[21:17:25.076] [SEVERE ] updating countdown to 15240
[21:17:25.150] [SEVERE ] updating countdown to 15166
[21:17:25.177] [SEVERE ] updating countdown to 15139
[21:17:25.214] [SEVERE ] updating countdown to 15102
[21:17:25.242] [SEVERE ] updating countdown to 15074
[21:17:25.269] [SEVERE ] updating countdown to 15047
[21:17:25.321] [SEVERE ] updating countdown to 14995
[21:17:25.351] [SEVERE ] updating countdown to 14965
[21:17:25.379] [SEVERE ] updating countdown to 14937
[21:17:25.408] [SEVERE ] updating countdown to 14908
[21:17:25.444] [SEVERE ] updating countdown to 14872
[21:17:25.470] [SEVERE ] updating countdown to 14846
[21:17:25.496] [SEVERE ] updating countdown to 14820
[21:17:25.529] [SEVERE ] updating countdown to 14787
[21:17:25.555] [SEVERE ] updating countdown to 14761
[21:17:25.587] [SEVERE ] updating countdown to 14729
[21:17:25.613] [SEVERE ] updating countdown to 14703
[21:17:25.638] [SEVERE ] updating countdown to 14678
[21:17:25.679] [SEVERE ] updating countdown to 14637
[21:17:25.717] [SEVERE ] updating countdown to 14599
[21:17:25.743] [SEVERE ] updating countdown to 14573
[21:17:25.778] [SEVERE ] updating countdown to 14538
[21:17:25.806] [SEVERE ] updating countdown to 14511
[21:17:25.835] [SEVERE ] updating countdown to 14481
[21:17:25.863] [SEVERE ] updating countdown to 14453
[21:17:25.889] [SEVERE ] updating countdown to 14427
[21:17:25.922] [SEVERE ] updating countdown to 14394
[21:17:25.949] [SEVERE ] updating countdown to 14367
[21:17:25.976] [SEVERE ] updating countdown to 14340
[21:17:26.002] [SEVERE ] updating countdown to 14314
[21:17:26.028] [SEVERE ] updating countdown to 14288
[21:17:26.054] [SEVERE ] updating countdown to 14262
[21:17:26.080] [SEVERE ] updating countdown to 14236
[21:17:26.107] [SEVERE ] updating countdown to 14209
[21:17:26.139] [SEVERE ] updating countdown to 14177
[21:17:26.165] [SEVERE ] updating countdown to 14151
[21:17:26.207] [SEVERE ] updating countdown to 14109
[21:17:26.234] [SEVERE ] updating countdown to 14082
[21:17:26.270] [SEVERE ] updating countdown to 14046
[21:17:26.303] [SEVERE ] updating countdown to 14013
[21:17:26.329] [SEVERE ] updating countdown to 13987
[21:17:26.356] [SEVERE ] updating countdown to 13960
[21:17:26.382] [SEVERE ] updating countdown to 13934
[21:17:26.408] [SEVERE ] updating countdown to 13908
[21:17:26.441] [SEVERE ] updating countdown to 13875
[21:17:26.466] [SEVERE ] updating countdown to 13850
[21:17:26.493] [SEVERE ] updating countdown to 13823
[21:17:26.519] [SEVERE ] updating countdown to 13797
[21:17:26.545] [SEVERE ] updating countdown to 13771
[21:17:26.572] [SEVERE ] updating countdown to 13745
[21:17:26.672] [SEVERE ] updating countdown to 13644
[21:17:26.700] [SEVERE ] updating countdown to 13616
[21:17:26.726] [SEVERE ] updating countdown to 13590
[21:17:26.753] [SEVERE ] updating countdown to 13563
[21:17:26.782] [SEVERE ] updating countdown to 13535
[21:17:26.812] [SEVERE ] updating countdown to 13504
[21:17:26.840] [SEVERE ] updating countdown to 13476
[21:17:26.866] [SEVERE ] updating countdown to 13450
[21:17:26.903] [SEVERE ] updating countdown to 13413
[21:17:26.948] [SEVERE ] updating countdown to 13368
[21:17:26.974] [SEVERE ] updating countdown to 13342
[21:17:27.001] [SEVERE ] updating countdown to 13315
[21:17:27.054] [SEVERE ] updating countdown to 13262
[21:17:27.086] [SEVERE ] updating countdown to 13230
[21:17:27.112] [SEVERE ] updating countdown to 13204
[21:17:27.138] [SEVERE ] updating countdown to 13178
[21:17:27.165] [SEVERE ] updating countdown to 13151
[21:17:27.206] [SEVERE ] updating countdown to 13110
[21:17:27.233] [SEVERE ] updating countdown to 13083
[21:17:27.259] [SEVERE ] updating countdown to 13057
[21:17:27.285] [SEVERE ] updating countdown to 13031
[21:17:27.316] [SEVERE ] updating countdown to 13000
[21:17:27.343] [SEVERE ] updating countdown to 12973
[21:17:27.378] [SEVERE ] updating countdown to 12938
[21:17:27.405] [SEVERE ] updating countdown to 12911
[21:17:27.432] [SEVERE ] updating countdown to 12884
[21:17:27.471] [SEVERE ] updating countdown to 12845
[21:17:27.499] [SEVERE ] updating countdown to 12817
[21:17:27.541] [SEVERE ] updating countdown to 12775
[21:17:27.567] [SEVERE ] updating countdown to 12749
[21:17:27.593] [SEVERE ] updating countdown to 12723
[21:17:27.621] [SEVERE ] updating countdown to 12696
[21:17:27.703] [SEVERE ] updating countdown to 12613
[21:17:27.729] [SEVERE ] updating countdown to 12587
[21:17:27.761] [SEVERE ] updating countdown to 12555
[21:17:27.839] [SEVERE ] updating countdown to 12477
[21:17:27.908] [SEVERE ] updating countdown to 12408
[21:17:27.934] [SEVERE ] updating countdown to 12382
[21:17:27.960] [SEVERE ] updating countdown to 12356
[21:17:27.986] [SEVERE ] updating countdown to 12330
[21:17:28.021] [SEVERE ] updating countdown to 12295
[21:17:28.092] [SEVERE ] updating countdown to 12224
[21:17:28.118] [SEVERE ] updating countdown to 12198
[21:17:28.144] [SEVERE ] updating countdown to 12172
[21:17:28.171] [SEVERE ] updating countdown to 12145
[21:17:28.203] [SEVERE ] updating countdown to 12113
[21:17:28.229] [SEVERE ] updating countdown to 12087
[21:17:28.256] [SEVERE ] updating countdown to 12060
[21:17:28.282] [SEVERE ] updating countdown to 12034
[21:17:28.309] [SEVERE ] updating countdown to 12007
[21:17:28.337] [SEVERE ] updating countdown to 11979
[21:17:28.364] [SEVERE ] updating countdown to 11952
[21:17:28.403] [SEVERE ] updating countdown to 11913
[21:17:28.430] [SEVERE ] updating countdown to 11886
[21:17:28.458] [SEVERE ] updating countdown to 11858
[21:17:28.484] [SEVERE ] updating countdown to 11832
[21:17:28.523] [SEVERE ] updating countdown to 11793
[21:17:28.550] [SEVERE ] updating countdown to 11766
[21:17:28.579] [SEVERE ] updating countdown to 11737
[21:17:28.606] [SEVERE ] updating countdown to 11710
[21:17:28.633] [SEVERE ] updating countdown to 11683
[21:17:28.724] [SEVERE ] updating countdown to 11592
[21:17:28.751] [SEVERE ] updating countdown to 11565
[21:17:28.785] [SEVERE ] updating countdown to 11531
[21:17:28.813] [SEVERE ] updating countdown to 11503
[21:17:28.840] [SEVERE ] updating countdown to 11476
[21:17:28.908] [SEVERE ] updating countdown to 11408
[21:17:28.935] [SEVERE ] updating countdown to 11382
[21:17:28.962] [SEVERE ] updating countdown to 11354
[21:17:28.994] [SEVERE ] updating countdown to 11322
[21:17:29.020] [SEVERE ] updating countdown to 11296
[21:17:29.046] [SEVERE ] updating countdown to 11270
[21:17:29.072] [SEVERE ] updating countdown to 11244
[21:17:29.099] [SEVERE ] updating countdown to 11217
[21:17:29.126] [SEVERE ] updating countdown to 11190
[21:17:29.160] [SEVERE ] updating countdown to 11156
[21:17:29.214] [SEVERE ] updating countdown to 11102
[21:17:29.241] [SEVERE ] updating countdown to 11075
[21:17:29.281] [SEVERE ] updating countdown to 11035
[21:17:29.317] [SEVERE ] updating countdown to 10999
[21:17:29.344] [SEVERE ] updating countdown to 10972
[21:17:29.392] [SEVERE ] updating countdown to 10924
[21:17:29.418] [SEVERE ] updating countdown to 10898
[21:17:29.444] [SEVERE ] updating countdown to 10872
[21:17:29.470] [SEVERE ] updating countdown to 10846
[21:17:29.496] [SEVERE ] updating countdown to 10820
[21:17:29.521] [SEVERE ] updating countdown to 10795
[21:17:29.547] [SEVERE ] updating countdown to 10769
[21:17:29.573] [SEVERE ] updating countdown to 10743
[21:17:29.600] [SEVERE ] updating countdown to 10716
[21:17:29.626] [SEVERE ] updating countdown to 10690
[21:17:29.652] [SEVERE ] updating countdown to 10664
[21:17:29.678] [SEVERE ] updating countdown to 10638
[21:17:29.705] [SEVERE ] updating countdown to 10611
[21:17:29.733] [SEVERE ] updating countdown to 10583
[21:17:29.784] [SEVERE ] updating countdown to 10532
[21:17:29.810] [SEVERE ] updating countdown to 10506
[21:17:29.847] [SEVERE ] updating countdown to 10469
[21:17:29.873] [SEVERE ] updating countdown to 10443
[21:17:29.898] [SEVERE ] updating countdown to 10418
[21:17:29.924] [SEVERE ] updating countdown to 10392
[21:17:29.950] [SEVERE ] updating countdown to 10366
[21:17:29.977] [SEVERE ] updating countdown to 10339
[21:17:30.013] [SEVERE ] updating countdown to 10303
[21:17:30.038] [SEVERE ] updating countdown to 10278
[21:17:30.064] [SEVERE ] updating countdown to 10252
[21:17:30.091] [SEVERE ] updating countdown to 10225
[21:17:30.160] [SEVERE ] updating countdown to 10156
[21:17:30.187] [SEVERE ] updating countdown to 10129
[21:17:30.214] [SEVERE ] updating countdown to 10102
[21:17:30.243] [SEVERE ] updating countdown to 10073
[21:17:30.282] [SEVERE ] updating countdown to 10034
[21:17:30.309] [SEVERE ] updating countdown to 10007
[21:17:30.366] [SEVERE ] updating countdown to 9950
[21:17:30.392] [SEVERE ] updating countdown to 9924
[21:17:30.420] [SEVERE ] updating countdown to 9896
[21:17:30.449] [SEVERE ] updating countdown to 9867
[21:17:30.476] [SEVERE ] updating countdown to 9840
[21:17:30.503] [SEVERE ] updating countdown to 9813
[21:17:30.560] [SEVERE ] updating countdown to 9756
[21:17:30.586] [SEVERE ] updating countdown to 9730
[21:17:30.627] [SEVERE ] updating countdown to 9689
[21:17:30.686] [SEVERE ] updating countdown to 9630
[21:17:30.712] [SEVERE ] updating countdown to 9604
[21:17:30.739] [SEVERE ] updating countdown to 9577
[21:17:30.765] [SEVERE ] updating countdown to 9551
[21:17:30.795] [SEVERE ] updating countdown to 9521
[21:17:30.821] [SEVERE ] updating countdown to 9495
[21:17:30.848] [SEVERE ] updating countdown to 9468
[21:17:30.875] [SEVERE ] updating countdown to 9441
[21:17:30.901] [SEVERE ] updating countdown to 9415
[21:17:30.927] [SEVERE ] updating countdown to 9389
[21:17:30.953] [SEVERE ] updating countdown to 9363
[21:17:30.979] [SEVERE ] updating countdown to 9337
[21:17:31.019] [SEVERE ] updating countdown to 9297
[21:17:31.045] [SEVERE ] updating countdown to 9271
[21:17:31.073] [SEVERE ] updating countdown to 9243
[21:17:31.099] [SEVERE ] updating countdown to 9217
[21:17:31.139] [SEVERE ] updating countdown to 9177
[21:17:31.165] [SEVERE ] updating countdown to 9151
[21:17:31.195] [SEVERE ] updating countdown to 9121
[21:17:31.221] [SEVERE ] updating countdown to 9095
[21:17:31.254] [SEVERE ] updating countdown to 9062
[21:17:31.280] [SEVERE ] updating countdown to 9036
[21:17:31.306] [SEVERE ] updating countdown to 9010
[21:17:31.335] [SEVERE ] updating countdown to 8981
[21:17:31.374] [SEVERE ] updating countdown to 8942
[21:17:31.402] [SEVERE ] updating countdown to 8914
[21:17:31.428] [SEVERE ] updating countdown to 8888
[21:17:31.454] [SEVERE ] updating countdown to 8862
[21:17:31.484] [SEVERE ] updating countdown to 8832
[21:17:31.510] [SEVERE ] updating countdown to 8806
[21:17:31.535] [SEVERE ] updating countdown to 8781
[21:17:31.561] [SEVERE ] updating countdown to 8755
[21:17:31.588] [SEVERE ] updating countdown to 8728
[21:17:31.618] [SEVERE ] updating countdown to 8698
[21:17:31.685] [SEVERE ] updating countdown to 8631
[21:17:31.712] [SEVERE ] updating countdown to 8604
[21:17:31.754] [SEVERE ] updating countdown to 8562
[21:17:31.786] [SEVERE ] updating countdown to 8530
[21:17:31.812] [SEVERE ] updating countdown to 8504
[21:17:31.837] [SEVERE ] updating countdown to 8479
[21:17:31.863] [SEVERE ] updating countdown to 8453
[21:17:31.889] [SEVERE ] updating countdown to 8427
[21:17:31.915] [SEVERE ] updating countdown to 8401
[21:17:31.941] [SEVERE ] updating countdown to 8375
[21:17:31.975] [SEVERE ] updating countdown to 8341
[21:17:32.021] [SEVERE ] updating countdown to 8295
[21:17:32.047] [SEVERE ] updating countdown to 8269
[21:17:32.072] [SEVERE ] updating countdown to 8244
[21:17:32.098] [SEVERE ] updating countdown to 8218
[21:17:32.124] [SEVERE ] updating countdown to 8192
[21:17:32.150] [SEVERE ] updating countdown to 8166
[21:17:32.216] [SEVERE ] updating countdown to 8100
[21:17:32.242] [SEVERE ] updating countdown to 8074
[21:17:32.268] [SEVERE ] updating countdown to 8048
[21:17:32.294] [SEVERE ] updating countdown to 8022
[21:17:32.337] [SEVERE ] updating countdown to 7979
[21:17:32.363] [SEVERE ] updating countdown to 7953
[21:17:32.389] [SEVERE ] updating countdown to 7927
[21:17:32.415] [SEVERE ] updating countdown to 7901
[21:17:32.441] [SEVERE ] updating countdown to 7875
[21:17:32.469] [SEVERE ] updating countdown to 7847
[21:17:32.536] [SEVERE ] updating countdown to 7780
[21:17:32.569] [SEVERE ] updating countdown to 7747
[21:17:32.595] [SEVERE ] updating countdown to 7721
[21:17:32.621] [SEVERE ] updating countdown to 7695
[21:17:32.646] [SEVERE ] updating countdown to 7670
[21:17:32.672] [SEVERE ] updating countdown to 7644
[21:17:32.697] [SEVERE ] updating countdown to 7619
[21:17:32.723] [SEVERE ] updating countdown to 7593
[21:17:32.749] [SEVERE ] updating countdown to 7567
[21:17:32.790] [SEVERE ] updating countdown to 7526
[21:17:32.817] [SEVERE ] updating countdown to 7499
[21:17:32.843] [SEVERE ] updating countdown to 7473
[21:17:32.872] [SEVERE ] updating countdown to 7444
[21:17:32.918] [SEVERE ] updating countdown to 7398
[21:17:32.943] [SEVERE ] updating countdown to 7373
[21:17:32.970] [SEVERE ] updating countdown to 7346
[21:17:32.996] [SEVERE ] updating countdown to 7320
[21:17:33.022] [SEVERE ] updating countdown to 7294
[21:17:33.048] [SEVERE ] updating countdown to 7268
[21:17:33.073] [SEVERE ] updating countdown to 7243
[21:17:33.100] [SEVERE ] updating countdown to 7216
[21:17:33.131] [SEVERE ] updating countdown to 7185
[21:17:33.158] [SEVERE ] updating countdown to 7158
[21:17:33.196] [SEVERE ] updating countdown to 7120
[21:17:33.239] [SEVERE ] updating countdown to 7077
[21:17:33.266] [SEVERE ] updating countdown to 7050
[21:17:33.293] [SEVERE ] updating countdown to 7023
[21:17:33.320] [SEVERE ] updating countdown to 6996
[21:17:33.371] [SEVERE ] updating countdown to 6945
[21:17:33.397] [SEVERE ] updating countdown to 6919
[21:17:33.424] [SEVERE ] updating countdown to 6892
[21:17:33.450] [SEVERE ] updating countdown to 6866
[21:17:33.481] [SEVERE ] updating countdown to 6835
[21:17:33.508] [SEVERE ] updating countdown to 6808
[21:17:33.564] [SEVERE ] updating countdown to 6752
[21:17:33.590] [SEVERE ] updating countdown to 6726
[21:17:33.618] [SEVERE ] updating countdown to 6698
[21:17:33.682] [SEVERE ] updating countdown to 6634
[21:17:33.709] [SEVERE ] updating countdown to 6607
[21:17:33.738] [SEVERE ] updating countdown to 6578
[21:17:33.764] [SEVERE ] updating countdown to 6552
[21:17:33.798] [SEVERE ] updating countdown to 6518
[21:17:33.827] [SEVERE ] updating countdown to 6489
[21:17:33.853] [SEVERE ] updating countdown to 6463
[21:17:33.880] [SEVERE ] updating countdown to 6436
[21:17:33.906] [SEVERE ] updating countdown to 6410
[21:17:33.933] [SEVERE ] updating countdown to 6383
[21:17:34.013] [SEVERE ] updating countdown to 6303
[21:17:34.040] [SEVERE ] updating countdown to 6276
[21:17:34.071] [SEVERE ] updating countdown to 6245
[21:17:34.099] [SEVERE ] updating countdown to 6217
[21:17:34.125] [SEVERE ] updating countdown to 6191
[21:17:34.150] [SEVERE ] updating countdown to 6166
[21:17:34.176] [SEVERE ] updating countdown to 6140
[21:17:34.202] [SEVERE ] updating countdown to 6114
[21:17:34.228] [SEVERE ] updating countdown to 6088
[21:17:34.258] [SEVERE ] updating countdown to 6058
[21:17:34.284] [SEVERE ] updating countdown to 6032
[21:17:34.310] [SEVERE ] updating countdown to 6006
[21:17:34.337] [SEVERE ] updating countdown to 5979
[21:17:34.385] [SEVERE ] updating countdown to 5931
[21:17:34.411] [SEVERE ] updating countdown to 5905
[21:17:34.438] [SEVERE ] updating countdown to 5878
[21:17:34.466] [SEVERE ] updating countdown to 5850
[21:17:34.499] [SEVERE ] updating countdown to 5817
[21:17:34.526] [SEVERE ] updating countdown to 5790
[21:17:34.578] [SEVERE ] updating countdown to 5738
[21:17:34.604] [SEVERE ] updating countdown to 5712
[21:17:34.631] [SEVERE ] updating countdown to 5685
[21:17:34.700] [SEVERE ] updating countdown to 5616
[21:17:34.726] [SEVERE ] updating countdown to 5590
[21:17:34.752] [SEVERE ] updating countdown to 5564
[21:17:34.778] [SEVERE ] updating countdown to 5538
[21:17:34.804] [SEVERE ] updating countdown to 5512
[21:17:34.831] [SEVERE ] updating countdown to 5485
[21:17:34.882] [SEVERE ] updating countdown to 5434
[21:17:34.921] [SEVERE ] updating countdown to 5395
[21:17:34.947] [SEVERE ] updating countdown to 5369
[21:17:34.988] [SEVERE ] updating countdown to 5328
[21:17:35.014] [SEVERE ] updating countdown to 5302
[21:17:35.041] [SEVERE ] updating countdown to 5275
[21:17:35.107] [SEVERE ] updating countdown to 5209
[21:17:35.133] [SEVERE ] updating countdown to 5183
[21:17:35.160] [SEVERE ] updating countdown to 5156
[21:17:35.221] [SEVERE ] updating countdown to 5095
[21:17:35.267] [SEVERE ] updating countdown to 5049
[21:17:35.294] [SEVERE ] updating countdown to 5022
[21:17:40.440] [SEVERE ] removing card from slot 0
[21:17:40.542] [SEVERE ] removing card from slot 1
[21:17:40.648] [SEVERE ] removing card from slot 2
[21:17:40.749] [SEVERE ] removing card from slot 3
[21:17:40.868] [SEVERE ] removing card from slot 4
[21:17:40.971] [SEVERE ] removing card from slot 5
[21:17:41.072] [SEVERE ] removing card from slot 6
[21:17:41.245] [SEVERE ] removing card from slot 7
[21:17:41.350] [SEVERE ] removing card from slot 8
[21:17:41.453] [SEVERE ] removing card from slot 9
[21:17:41.553] [SEVERE ] removing card from slot 10
[21:17:41.663] [SEVERE ] removing card from slot 11
[21:17:41.765] [SEVERE ] placing card 49 in slot 0
[21:17:41.892] [SEVERE ] placing card 59 in slot 1
[21:17:41.995] [SEVERE ] placing card 77 in slot 2
[21:17:42.096] [SEVERE ] placing card 1 in slot 3
[21:17:42.216] [SEVERE ] placing card 45 in slot 4
[21:17:42.328] [SEVERE ] placing card 20 in slot 5
[21:17:42.472] [SEVERE ] placing card 27 in slot 6
[21:17:42.575] [SEVERE ] placing card 35 in slot 7
[21:17:42.678] [SEVERE ] placing card 71 in slot 8
[21:17:42.779] [SEVERE ] placing card 28 in slot 9
[21:17:42.879] [SEVERE ] placing card 57 in slot 10
[21:17:42.980] [SEVERE ] placing card 63 in slot 11
[21:17:43.016] [SEVERE ] updating countdown to 19975
[21:17:43.042] [SEVERE ] updating countdown to 19949
[21:17:43.070] [SEVERE ] updating countdown to 19921
[21:17:43.096] [SEVERE ] updating countdown to 19895
[21:17:43.122] [SEVERE ] updating countdown to 19869
[21:17:43.148] [SEVERE ] updating countdown to 19843
[21:17:43.185] [SEVERE ] updating countdown to 19806
[21:17:43.210] [SEVERE ] updating countdown to 19781
[21:17:43.236] [SEVERE ] updating countdown to 19755
[21:17:43.262] [SEVERE ] updating countdown to 19729
[21:17:43.288] [SEVERE ] updating countdown to 19703
[21:17:43.342] [SEVERE ] updating countdown to 19649
[21:17:43.371] [SEVERE ] updating countdown to 19620
[21:17:43.397] [SEVERE ] updating countdown to 19594
[21:17:43.474] [SEVERE ] updating countdown to 19517
[21:17:43.500] [SEVERE ] updating countdown to 19491
[21:17:43.526] [SEVERE ] updating countdown to 19465
[21:17:43.554] [SEVERE ] updating countdown to 19437
[21:17:43.580] [SEVERE ] updating countdown to 19411
[21:17:43.605] [SEVERE ] updating countdown to 19386
[21:17:43.631] [SEVERE ] updating countdown to 19360
[21:17:43.657] [SEVERE ] updating countdown to 19334
[21:17:43.683] [SEVERE ] updating countdown to 19308
[21:17:43.713] [SEVERE ] updating countdown to 19278
[21:17:43.738] [SEVERE ] updating countdown to 19253
[21:17:43.764] [SEVERE ] updating countdown to 19227
[21:17:43.796] [SEVERE ] updating countdown to 19195
[21:17:43.822] [SEVERE ] updating countdown to 19169
[21:17:43.848] [SEVERE ] updating countdown to 19143
[21:17:43.874] [SEVERE ] updating countdown to 19117
[21:17:43.901] [SEVERE ] updating countdown to 19090
[21:17:43.928] [SEVERE ] updating countdown to 19063
[21:17:43.954] [SEVERE ] updating countdown to 19037
[21:17:43.999] [SEVERE ] updating countdown to 18992
[21:17:44.026] [SEVERE ] updating countdown to 18965
[21:17:44.061] [SEVERE ] updating countdown to 18930
[21:17:44.088] [SEVERE ] updating countdown to 18903
[21:17:44.120] [SEVERE ] updating countdown to 18871
[21:17:44.198] [SEVERE ] updating countdown to 18793
[21:17:44.224] [SEVERE ] updating countdown to 18767
[21:17:44.252] [SEVERE ] updating countdown to 18739
[21:17:44.280] [SEVERE ] updating countdown to 18712
[21:17:44.325] [SEVERE ] updating countdown to 18666
[21:17:44.352] [SEVERE ] updating countdown to 18639
[21:17:44.382] [SEVERE ] updating countdown to 18609
[21:17:44.409] [SEVERE ] updating countdown to 18582
[21:17:44.436] [SEVERE ] updating countdown to 18555
[21:17:44.464] [SEVERE ] updating countdown to 18527
[21:17:44.504] [SEVERE ] updating countdown to 18487
[21:17:44.530] [SEVERE ] updating countdown to 18461
[21:17:44.556] [SEVERE ] updating countdown to 18435
[21:17:44.583] [SEVERE ] updating countdown to 18408
[21:17:44.610] [SEVERE ] updating countdown to 18381
[21:17:44.657] [SEVERE ] updating countdown to 18334
[21:17:44.684] [SEVERE ] updating countdown to 18307
[21:17:44.713] [SEVERE ] updating countdown to 18278
[21:17:44.749] [SEVERE ] updating countdown to 18242
[21:17:44.777] [SEVERE ] updating countdown to 18214
[21:17:44.803] [SEVERE ] updating countdown to 18188
[21:17:44.831] [SEVERE ] updating countdown to 18160
[21:17:44.859] [SEVERE ] updating countdown to 18132
[21:17:44.884] [SEVERE ] updating countdown to 18107
[21:17:44.910] [SEVERE ] updating countdown to 18081
[21:17:44.936] [SEVERE ] updating countdown to 18055
[21:17:44.975] [SEVERE ] updating countdown to 18016
[21:17:45.001] [SEVERE ] updating countdown to 17990
[21:17:45.027] [SEVERE ] updating countdown to 17964
[21:17:45.053] [SEVERE ] updating countdown to 17938
[21:17:45.079] [SEVERE ] updating countdown to 17912
[21:17:45.106] [SEVERE ] updating countdown to 17885
[21:17:45.132] [SEVERE ] updating countdown to 17859
[21:17:45.158] [SEVERE ] updating countdown to 17833
[21:17:45.186] [SEVERE ] updating countdown to 17805
[21:17:45.212] [SEVERE ] updating countdown to 17779
[21:17:45.243] [SEVERE ] updating countdown to 17748
[21:17:45.270] [SEVERE ] updating countdown to 17721
[21:17:45.296] [SEVERE ] updating countdown to 17695
[21:17:45.324] [SEVERE ] updating countdown to 17667
[21:17:45.356] [SEVERE ] updating countdown to 17635
[21:17:45.383] [SEVERE ] updating countdown to 17608
[21:17:45.409] [SEVERE ] updating countdown to 17582
[21:17:45.442] [SEVERE ] updating countdown to 17549
[21:17:45.476] [SEVERE ] updating countdown to 17515
[21:17:45.517] [SEVERE ] updating countdown to 17474
[21:17:45.543] [SEVERE ] updating countdown to 17448
[21:17:45.573] [SEVERE ] updating countdown to 17418
[21:17:45.599] [SEVERE ] updating countdown to 17392
[21:17:45.633] [SEVERE ] updating countdown to 17358
[21:17:45.684] [SEVERE ] updating countdown to 17307
[21:17:45.711] [SEVERE ] updating countdown to 17280
[21:17:45.745] [SEVERE ] updating countdown to 17246
[21:17:45.772] [SEVERE ] updating countdown to 17219
[21:17:45.800] [SEVERE ] updating countdown to 17191
[21:17:45.839] [SEVERE ] updating countdown to 17152
[21:17:45.868] [SEVERE ] updating countdown to 17123
[21:17:45.894] [SEVERE ] updating countdown to 17097
[21:17:45.923] [SEVERE ] updating countdown to 17068
[21:17:45.950] [SEVERE ] updating countdown to 17041
[21:17:45.985] [SEVERE ] updating countdown to 17006
[21:17:46.011] [SEVERE ] updating countdown to 16980
[21:17:46.037] [SEVERE ] updating countdown to 16954
[21:17:46.063] [SEVERE ] updating countdown to 16928
[21:17:46.089] [SEVERE ] updating countdown to 16902
[21:17:46.114] [SEVERE ] updating countdown to 16877
[21:17:46.141] [SEVERE ] updating countdown to 16850
[21:17:46.167] [SEVERE ] updating countdown to 16824
[21:17:46.193] [SEVERE ] updating countdown to 16798
[21:17:46.220] [SEVERE ] updating countdown to 16771
[21:17:46.248] [SEVERE ] updating countdown to 16743
[21:17:46.274] [SEVERE ] updating countdown to 16717
[21:17:46.299] [SEVERE ] updating countdown to 16692
[21:17:46.325] [SEVERE ] updating countdown to 16666
[21:17:46.350] [SEVERE ] updating countdown to 16641
[21:17:46.376] [SEVERE ] updating countdown to 16615
[21:17:46.402] [SEVERE ] updating countdown to 16589
[21:17:46.427] [SEVERE ] updating countdown to 16564
[21:17:46.453] [SEVERE ] updating countdown to 16538
[21:17:46.479] [SEVERE ] updating countdown to 16512
[21:17:46.504] [SEVERE ] updating countdown to 16487
[21:17:46.530] [SEVERE ] updating countdown to 16461
[21:17:46.556] [SEVERE ] updating countdown to 16435
[21:17:46.581] [SEVERE ] updating countdown to 16410
[21:17:46.607] [SEVERE ] updating countdown to 16384
[21:17:46.633] [SEVERE ] updating countdown to 16358
[21:17:46.666] [SEVERE ] updating countdown to 16325
[21:17:46.692] [SEVERE ] updating countdown to 16299
[21:17:46.717] [SEVERE ] updating countdown to 16274
[21:17:46.743] [SEVERE ] updating countdown to 16248
[21:17:46.769] [SEVERE ] updating countdown to 16222
[21:17:46.795] [SEVERE ] updating countdown to 16196
[21:17:46.821] [SEVERE ] updating countdown to 16170
[21:17:46.847] [SEVERE ] updating countdown to 16144
[21:17:46.874] [SEVERE ] updating countdown to 16117
[21:17:46.903] [SEVERE ] updating countdown to 16088
[21:17:46.930] [SEVERE ] updating countdown to 16061
[21:17:46.975] [SEVERE ] updating countdown to 16016
[21:17:47.000] [SEVERE ] updating countdown to 15991
[21:17:47.026] [SEVERE ] updating countdown to 15965
[21:17:47.051] [SEVERE ] updating countdown to 15940
[21:17:47.077] [SEVERE ] updating countdown to 15914
[21:17:47.103] [SEVERE ] updating countdown to 15888
[21:17:47.128] [SEVERE ] updating countdown to 15863
[21:17:47.154] [SEVERE ] updating countdown to 15837
[21:17:47.180] [SEVERE ] updating countdown to 15812
[21:17:47.223] [SEVERE ] updating countdown to 15768
[21:17:47.250] [SEVERE ] updating countdown to 15741
[21:17:47.299] [SEVERE ] updating countdown to 15692
[21:17:47.325] [SEVERE ] updating countdown to 15666
[21:17:47.351] [SEVERE ] updating countdown to 15640
[21:17:47.377] [SEVERE ] updating countdown to 15614
[21:17:47.403] [SEVERE ] updating countdown to 15588
[21:17:47.430] [SEVERE ] updating countdown to 15561
[21:17:47.480] [SEVERE ] updating countdown to 15511
[21:17:47.506] [SEVERE ] updating countdown to 15485
[21:17:47.531] [SEVERE ] updating countdown to 15460
[21:17:47.557] [SEVERE ] updating countdown to 15434
[21:17:47.582] [SEVERE ] updating countdown to 15409
[21:17:47.608] [SEVERE ] updating countdown to 15383
[21:17:47.636] [SEVERE ] updating countdown to 15355
[21:17:47.662] [SEVERE ] updating countdown to 15329
[21:17:47.687] [SEVERE ] updating countdown to 15304
[21:17:47.723] [SEVERE ] updating countdown to 15268
[21:17:47.749] [SEVERE ] updating countdown to 15242
[21:17:47.775] [SEVERE ] updating countdown to 15216
[21:17:47.800] [SEVERE ] updating countdown to 15191
[21:17:47.826] [SEVERE ] updating countdown to 15165
[21:17:47.851] [SEVERE ] updating countdown to 15140
[21:17:47.877] [SEVERE ] updating countdown to 15114
[21:17:47.902] [SEVERE ] updating countdown to 15089
[21:17:47.928] [SEVERE ] updating countdown to 15063
[21:17:47.954] [SEVERE ] updating countdown to 15037
[21:17:47.980] [SEVERE ] updating countdown to 15011
[21:17:48.006] [SEVERE ] updating countdown to 14985
[21:17:48.050] [SEVERE ] updating countdown to 14941
[21:17:48.077] [SEVERE ] updating countdown to 14914
[21:17:48.102] [SEVERE ] updating countdown to 14889
[21:17:48.128] [SEVERE ] updating countdown to 14863
[21:17:48.154] [SEVERE ] updating countdown to 14837
[21:17:48.180] [SEVERE ] updating countdown to 14811
[21:17:48.205] [SEVERE ] updating countdown to 14786
[21:17:48.231] [SEVERE ] updating countdown to 14760
[21:17:48.257] [SEVERE ] updating countdown to 14734
[21:17:48.283] [SEVERE ] updating countdown to 14708
[21:17:48.309] [SEVERE ] updating countdown to 14682
[21:17:48.335] [SEVERE ] updating countdown to 14656
[21:17:48.361] [SEVERE ] updating countdown to 14630
[21:17:48.401] [SEVERE ] updating countdown to 14590
[21:17:48.427] [SEVERE ] updating countdown to 14564
[21:17:48.452] [SEVERE ] updating countdown to 14539
[21:17:48.478] [SEVERE ] updating countdown to 14513
[21:17:48.505] [SEVERE ] updating countdown to 14486
[21:17:48.531] [SEVERE ] updating countdown to 14460
[21:17:48.556] [SEVERE ] updating countdown to 14435
[21:17:48.582] [SEVERE ] updating countdown to 14409
[21:17:48.608] [SEVERE ] updating countdown to 14383
[21:17:48.635] [SEVERE ] updating countdown to 14356
[21:17:48.660] [SEVERE ] updating countdown to 14331
[21:17:48.686] [SEVERE ] updating countdown to 14305
[21:17:48.717] [SEVERE ] updating countdown to 14274
[21:17:48.742] [SEVERE ] updating countdown to 14249
[21:17:48.772] [SEVERE ] updating countdown to 14219
[21:17:48.798] [SEVERE ] updating countdown to 14193
[21:17:48.829] [SEVERE ] updating countdown to 14162
[21:17:48.854] [SEVERE ] updating countdown to 14137
[21:17:48.880] [SEVERE ] updating countdown to 14111
[21:17:48.906] [SEVERE ] updating countdown to 14085
[21:17:48.931] [SEVERE ] updating countdown to 14060
[21:17:48.957] [SEVERE ] updating countdown to 14034
[21:17:48.984] [SEVERE ] updating countdown to 14007
[21:17:49.010] [SEVERE ] updating countdown to 13981
[21:17:49.088] [SEVERE ] updating countdown to 13903
[21:17:49.115] [SEVERE ] updating countdown to 13876
[21:17:49.142] [SEVERE ] updating countdown to 13849
[21:17:49.168] [SEVERE ] updating countdown to 13824
[21:17:49.193] [SEVERE ] updating countdown to 13798
[21:17:49.220] [SEVERE ] updating countdown to 13771
[21:17:49.246] [SEVERE ] updating countdown to 13745
[21:17:49.272] [SEVERE ] updating countdown to 13719
[21:17:49.299] [SEVERE ] updating countdown to 13692
[21:17:49.325] [SEVERE ] updating countdown to 13666
[21:17:49.351] [SEVERE ] updating countdown to 13640
[21:17:49.376] [SEVERE ] updating countdown to 13615
[21:17:49.409] [SEVERE ] updating countdown to 13582
[21:17:49.436] [SEVERE ] updating countdown to 13555
[21:17:49.463] [SEVERE ] updating countdown to 13528
[21:17:49.514] [SEVERE ] updating countdown to 13477
[21:17:49.540] [SEVERE ] updating countdown to 13451
[21:17:49.566] [SEVERE ] updating countdown to 13425
[21:17:49.592] [SEVERE ] updating countdown to 13399
[21:17:49.618] [SEVERE ] updating countdown to 13373
[21:17:49.644] [SEVERE ] updating countdown to 13347
[21:17:49.670] [SEVERE ] updating countdown to 13321
[21:17:49.695] [SEVERE ] updating countdown to 13296
[21:17:49.721] [SEVERE ] updating countdown to 13270
[21:17:49.748] [SEVERE ] updating countdown to 13243
[21:17:49.774] [SEVERE ] updating countdown to 13217
[21:17:49.804] [SEVERE ] updating countdown to 13187
[21:17:49.829] [SEVERE ] updating countdown to 13162
[21:17:49.855] [SEVERE ] updating countdown to 13136
[21:17:49.881] [SEVERE ] updating countdown to 13110
[21:17:49.906] [SEVERE ] updating countdown to 13085
[21:17:49.932] [SEVERE ] updating countdown to 13059
[21:17:49.958] [SEVERE ] updating countdown to 13033
[21:17:49.987] [SEVERE ] updating countdown to 13004
[21:17:50.013] [SEVERE ] updating countdown to 12978
[21:17:50.040] [SEVERE ] updating countdown to 12951
[21:17:50.084] [SEVERE ] updating countdown to 12907
[21:17:50.110] [SEVERE ] updating countdown to 12881
[21:17:50.196] [SEVERE ] updating countdown to 12795
[21:17:50.225] [SEVERE ] updating countdown to 12766
[21:17:50.251] [SEVERE ] updating countdown to 12740
[21:17:50.277] [SEVERE ] updating countdown to 12714
[21:17:50.309] [SEVERE ] updating countdown to 12682
[21:17:50.335] [SEVERE ] updating countdown to 12656
[21:17:50.360] [SEVERE ] updating countdown to 12631
[21:17:50.387] [SEVERE ] updating countdown to 12604
[21:17:50.414] [SEVERE ] updating countdown to 12577
[21:17:50.440] [SEVERE ] updating countdown to 12551
[21:17:50.469] [SEVERE ] updating countdown to 12522
[21:17:50.499] [SEVERE ] updating countdown to 12492
