[21:16:05.533] [INFO   ] thread bguspl.set.Main.main() starting.
[21:16:05.547] [SEVERE ] cannot read configuration file config.properties trying from resources.
[21:16:05.574] [SEVERE ] configuration file was loaded from resources directory.
[21:16:06.752] [INFO   ] thread dealer starting.
[21:16:06.753] [INFO   ] thread dealer starting.
[21:16:06.861] [SEVERE ] placing card 35 in slot 0
[21:16:06.964] [SEVERE ] placing card 13 in slot 1
[21:16:07.079] [SEVERE ] placing card 59 in slot 2
[21:16:07.180] [SEVERE ] placing card 38 in slot 3
[21:16:07.283] [SEVERE ] placing card 73 in slot 4
[21:16:07.385] [SEVERE ] placing card 5 in slot 5
[21:16:07.498] [SEVERE ] placing card 51 in slot 6
[21:16:07.601] [SEVERE ] placing card 15 in slot 7
[21:16:07.702] [SEVERE ] placing card 67 in slot 8
[21:16:07.807] [SEVERE ] placing card 77 in slot 9
[21:16:07.908] [SEVERE ] placing card 20 in slot 10
[21:16:08.053] [SEVERE ] placing card 46 in slot 11
[21:16:08.080] [SEVERE ] updating countdown to 19975
[21:16:08.114] [SEVERE ] updating countdown to 19941
[21:16:08.140] [SEVERE ] updating countdown to 19915
[21:16:08.167] [SEVERE ] updating countdown to 19888
[21:16:08.195] [SEVERE ] updating countdown to 19860
[21:16:08.222] [SEVERE ] updating countdown to 19833
[21:16:08.248] [SEVERE ] updating countdown to 19807
[21:16:08.306] [SEVERE ] updating countdown to 19749
[21:16:08.332] [SEVERE ] updating countdown to 19723
[21:16:08.358] [SEVERE ] updating countdown to 19697
[21:16:08.445] [SEVERE ] updating countdown to 19610
[21:16:08.471] [SEVERE ] updating countdown to 19584
[21:16:08.497] [SEVERE ] updating countdown to 19558
[21:16:08.523] [SEVERE ] updating countdown to 19533
[21:16:08.550] [SEVERE ] updating countdown to 19505
[21:16:08.576] [SEVERE ] updating countdown to 19479
[21:16:08.602] [SEVERE ] updating countdown to 19453
[21:16:08.628] [SEVERE ] updating countdown to 19427
[21:16:08.654] [SEVERE ] updating countdown to 19401
[21:16:08.680] [SEVERE ] updating countdown to 19375
[21:16:08.706] [SEVERE ] updating countdown to 19349
[21:16:08.734] [SEVERE ] updating countdown to 19321
[21:16:08.821] [SEVERE ] updating countdown to 19234
[21:16:08.847] [SEVERE ] updating countdown to 19209
[21:16:08.873] [SEVERE ] updating countdown to 19182
[21:16:08.898] [SEVERE ] updating countdown to 19157
[21:16:08.924] [SEVERE ] updating countdown to 19131
[21:16:08.950] [SEVERE ] updating countdown to 19105
[21:16:08.976] [SEVERE ] updating countdown to 19079
[21:16:09.004] [SEVERE ] updating countdown to 19051
[21:16:09.029] [SEVERE ] updating countdown to 19026
[21:16:09.097] [SEVERE ] updating countdown to 18958
[21:16:09.124] [SEVERE ] updating countdown to 18931
[21:16:09.149] [SEVERE ] updating countdown to 18906
[21:16:09.176] [SEVERE ] updating countdown to 18879
[21:16:09.204] [SEVERE ] updating countdown to 18851
[21:16:09.230] [SEVERE ] updating countdown to 18825
[21:16:09.260] [SEVERE ] updating countdown to 18795
[21:16:09.286] [SEVERE ] updating countdown to 18769
[21:16:09.313] [SEVERE ] updating countdown to 18742
[21:16:09.339] [SEVERE ] updating countdown to 18716
[21:16:09.365] [SEVERE ] updating countdown to 18690
[21:16:09.414] [SEVERE ] updating countdown to 18641
[21:16:09.440] [SEVERE ] updating countdown to 18615
[21:16:09.467] [SEVERE ] updating countdown to 18589
[21:16:09.492] [SEVERE ] updating countdown to 18563
[21:16:09.521] [SEVERE ] updating countdown to 18534
[21:16:09.550] [SEVERE ] updating countdown to 18505
[21:16:09.576] [SEVERE ] updating countdown to 18479
[21:16:09.618] [SEVERE ] updating countdown to 18437
[21:16:09.666] [SEVERE ] updating countdown to 18389
[21:16:09.693] [SEVERE ] updating countdown to 18362
[21:16:09.722] [SEVERE ] updating countdown to 18334
[21:16:09.747] [SEVERE ] updating countdown to 18308
[21:16:09.775] [SEVERE ] updating countdown to 18281
[21:16:09.801] [SEVERE ] updating countdown to 18254
[21:16:09.827] [SEVERE ] updating countdown to 18228
[21:16:09.853] [SEVERE ] updating countdown to 18202
[21:16:09.896] [SEVERE ] updating countdown to 18159
[21:16:09.922] [SEVERE ] updating countdown to 18133
[21:16:09.948] [SEVERE ] updating countdown to 18107
[21:16:09.974] [SEVERE ] updating countdown to 18081
[21:16:10.000] [SEVERE ] updating countdown to 18055
[21:16:10.026] [SEVERE ] updating countdown to 18030
[21:16:10.052] [SEVERE ] updating countdown to 18003
[21:16:10.078] [SEVERE ] updating countdown to 17978
[21:16:10.114] [SEVERE ] updating countdown to 17941
[21:16:10.140] [SEVERE ] updating countdown to 17915
[21:16:10.166] [SEVERE ] updating countdown to 17889
[21:16:10.192] [SEVERE ] updating countdown to 17864
[21:16:10.219] [SEVERE ] updating countdown to 17836
[21:16:10.245] [SEVERE ] updating countdown to 17810
[21:16:10.272] [SEVERE ] updating countdown to 17783
[21:16:10.302] [SEVERE ] updating countdown to 17753
[21:16:10.331] [SEVERE ] updating countdown to 17724
[21:16:10.358] [SEVERE ] updating countdown to 17697
[21:16:10.384] [SEVERE ] updating countdown to 17671
[21:16:10.423] [SEVERE ] updating countdown to 17633
[21:16:10.449] [SEVERE ] updating countdown to 17606
[21:16:10.504] [SEVERE ] updating countdown to 17551
[21:16:10.531] [SEVERE ] updating countdown to 17524
[21:16:10.559] [SEVERE ] updating countdown to 17496
[21:16:10.585] [SEVERE ] updating countdown to 17470
[21:16:10.621] [SEVERE ] updating countdown to 17434
[21:16:10.648] [SEVERE ] updating countdown to 17407
[21:16:10.702] [SEVERE ] updating countdown to 17353
[21:16:10.729] [SEVERE ] updating countdown to 17326
[21:16:10.757] [SEVERE ] updating countdown to 17298
[21:16:10.797] [SEVERE ] updating countdown to 17258
[21:16:10.829] [SEVERE ] updating countdown to 17226
[21:16:10.855] [SEVERE ] updating countdown to 17200
[21:16:10.883] [SEVERE ] updating countdown to 17172
[21:16:10.912] [SEVERE ] updating countdown to 17143
[21:16:10.938] [SEVERE ] updating countdown to 17117
[21:16:11.017] [SEVERE ] updating countdown to 17038
[21:16:11.043] [SEVERE ] updating countdown to 17012
[21:16:11.070] [SEVERE ] updating countdown to 16986
[21:16:11.095] [SEVERE ] updating countdown to 16960
[21:16:11.126] [SEVERE ] updating countdown to 16929
[21:16:11.152] [SEVERE ] updating countdown to 16903
[21:16:11.192] [SEVERE ] updating countdown to 16863
[21:16:11.226] [SEVERE ] updating countdown to 16829
[21:16:11.253] [SEVERE ] updating countdown to 16802
[21:16:11.281] [SEVERE ] updating countdown to 16774
[21:16:11.307] [SEVERE ] updating countdown to 16748
[21:16:11.337] [SEVERE ] updating countdown to 16718
[21:16:11.362] [SEVERE ] updating countdown to 16693
[21:16:11.388] [SEVERE ] updating countdown to 16667
[21:16:11.414] [SEVERE ] updating countdown to 16641
[21:16:11.440] [SEVERE ] updating countdown to 16615
[21:16:11.466] [SEVERE ] updating countdown to 16589
[21:16:11.492] [SEVERE ] updating countdown to 16563
[21:16:11.519] [SEVERE ] updating countdown to 16536
[21:16:11.546] [SEVERE ] updating countdown to 16509
[21:16:11.572] [SEVERE ] updating countdown to 16483
[21:16:11.598] [SEVERE ] updating countdown to 16457
[21:16:11.632] [SEVERE ] updating countdown to 16423
[21:16:11.659] [SEVERE ] updating countdown to 16396
[21:16:11.736] [SEVERE ] updating countdown to 16320
[21:16:11.763] [SEVERE ] updating countdown to 16292
[21:16:11.810] [SEVERE ] updating countdown to 16245
[21:16:11.851] [SEVERE ] updating countdown to 16204
[21:16:11.878] [SEVERE ] updating countdown to 16177
[21:16:11.906] [SEVERE ] updating countdown to 16149
[21:16:11.932] [SEVERE ] updating countdown to 16123
[21:16:11.958] [SEVERE ] updating countdown to 16097
[21:16:11.984] [SEVERE ] updating countdown to 16071
[21:16:12.014] [SEVERE ] updating countdown to 16041
[21:16:12.040] [SEVERE ] updating countdown to 16015
[21:16:12.066] [SEVERE ] updating countdown to 15989
[21:16:12.093] [SEVERE ] updating countdown to 15962
[21:16:12.120] [SEVERE ] updating countdown to 15935
[21:16:12.147] [SEVERE ] updating countdown to 15908
[21:16:12.174] [SEVERE ] updating countdown to 15881
[21:16:12.203] [SEVERE ] updating countdown to 15853
[21:16:12.230] [SEVERE ] updating countdown to 15826
[21:16:12.305] [SEVERE ] updating countdown to 15750
[21:16:12.332] [SEVERE ] updating countdown to 15723
[21:16:12.364] [SEVERE ] updating countdown to 15691
[21:16:12.391] [SEVERE ] updating countdown to 15665
[21:16:12.417] [SEVERE ] updating countdown to 15638
[21:16:12.476] [SEVERE ] updating countdown to 15579
[21:16:12.503] [SEVERE ] updating countdown to 15552
[21:16:12.529] [SEVERE ] updating countdown to 15526
[21:16:12.560] [SEVERE ] updating countdown to 15495
[21:16:12.589] [SEVERE ] updating countdown to 15466
[21:16:12.615] [SEVERE ] updating countdown to 15440
[21:16:12.641] [SEVERE ] updating countdown to 15414
[21:16:12.708] [SEVERE ] updating countdown to 15347
[21:16:12.735] [SEVERE ] updating countdown to 15320
[21:16:12.762] [SEVERE ] updating countdown to 15294
[21:16:12.795] [SEVERE ] updating countdown to 15260
[21:16:12.825] [SEVERE ] updating countdown to 15230
[21:16:12.851] [SEVERE ] updating countdown to 15204
[21:16:12.878] [SEVERE ] updating countdown to 15178
[21:16:12.904] [SEVERE ] updating countdown to 15151
[21:16:12.932] [SEVERE ] updating countdown to 15123
[21:16:12.958] [SEVERE ] updating countdown to 15097
[21:16:12.994] [SEVERE ] updating countdown to 15061
[21:16:13.020] [SEVERE ] updating countdown to 15035
[21:16:13.046] [SEVERE ] updating countdown to 15009
[21:16:13.080] [SEVERE ] updating countdown to 14975
[21:16:13.108] [SEVERE ] updating countdown to 14947
[21:16:13.134] [SEVERE ] updating countdown to 14921
[21:16:13.161] [SEVERE ] updating countdown to 14894
[21:16:13.190] [SEVERE ] updating countdown to 14865
[21:16:13.215] [SEVERE ] updating countdown to 14840
[21:16:13.243] [SEVERE ] updating countdown to 14812
[21:16:13.269] [SEVERE ] updating countdown to 14786
[21:16:13.309] [SEVERE ] updating countdown to 14746
[21:16:13.335] [SEVERE ] updating countdown to 14720
[21:16:13.362] [SEVERE ] updating countdown to 14693
[21:16:13.392] [SEVERE ] updating countdown to 14663
[21:16:13.425] [SEVERE ] updating countdown to 14630
[21:16:13.452] [SEVERE ] updating countdown to 14603
[21:16:13.494] [SEVERE ] updating countdown to 14561
[21:16:13.521] [SEVERE ] updating countdown to 14535
[21:16:13.556] [SEVERE ] updating countdown to 14499
[21:16:13.583] [SEVERE ] updating countdown to 14472
[21:16:13.611] [SEVERE ] updating countdown to 14445
[21:16:13.642] [SEVERE ] updating countdown to 14413
[21:16:13.668] [SEVERE ] updating countdown to 14387
[21:16:13.696] [SEVERE ] updating countdown to 14359
[21:16:13.728] [SEVERE ] updating countdown to 14327
[21:16:13.756] [SEVERE ] updating countdown to 14299
[21:16:13.784] [SEVERE ] updating countdown to 14272
[21:16:13.817] [SEVERE ] updating countdown to 14238
[21:16:13.843] [SEVERE ] updating countdown to 14212
[21:16:13.871] [SEVERE ] updating countdown to 14184
[21:16:13.898] [SEVERE ] updating countdown to 14157
[21:16:13.937] [SEVERE ] updating countdown to 14119
[21:16:13.963] [SEVERE ] updating countdown to 14092
[21:16:13.997] [SEVERE ] updating countdown to 14058
[21:16:14.023] [SEVERE ] updating countdown to 14032
[21:16:14.050] [SEVERE ] updating countdown to 14005
[21:16:14.082] [SEVERE ] updating countdown to 13973
[21:16:14.110] [SEVERE ] updating countdown to 13945
[21:16:14.137] [SEVERE ] updating countdown to 13918
[21:16:14.197] [SEVERE ] updating countdown to 13858
[21:16:14.234] [SEVERE ] updating countdown to 13821
[21:16:14.261] [SEVERE ] updating countdown to 13794
[21:16:14.287] [SEVERE ] updating countdown to 13768
[21:16:14.315] [SEVERE ] updating countdown to 13740
[21:16:14.342] [SEVERE ] updating countdown to 13713
[21:16:14.392] [SEVERE ] updating countdown to 13663
[21:16:14.422] [SEVERE ] updating countdown to 13633
[21:16:14.449] [SEVERE ] updating countdown to 13606
[21:16:14.478] [SEVERE ] updating countdown to 13577
[21:16:14.504] [SEVERE ] updating countdown to 13551
[21:16:14.530] [SEVERE ] updating countdown to 13525
[21:16:14.559] [SEVERE ] updating countdown to 13496
[21:16:14.585] [SEVERE ] updating countdown to 13470
[21:16:14.612] [SEVERE ] updating countdown to 13443
[21:16:14.646] [SEVERE ] updating countdown to 13410
[21:16:14.671] [SEVERE ] updating countdown to 13384
[21:16:14.698] [SEVERE ] updating countdown to 13357
[21:16:14.725] [SEVERE ] updating countdown to 13330
[21:16:14.757] [SEVERE ] updating countdown to 13298
[21:16:14.793] [SEVERE ] updating countdown to 13262
[21:16:14.820] [SEVERE ] updating countdown to 13236
[21:16:14.846] [SEVERE ] updating countdown to 13209
[21:16:14.873] [SEVERE ] updating countdown to 13182
[21:16:14.900] [SEVERE ] updating countdown to 13155
[21:16:14.973] [SEVERE ] updating countdown to 13082
[21:16:14.999] [SEVERE ] updating countdown to 13056
[21:16:15.026] [SEVERE ] updating countdown to 13029
[21:16:15.066] [SEVERE ] updating countdown to 12989
[21:16:15.096] [SEVERE ] updating countdown to 12959
[21:16:15.124] [SEVERE ] updating countdown to 12931
[21:16:15.195] [SEVERE ] updating countdown to 12861
[21:16:15.221] [SEVERE ] updating countdown to 12834
[21:16:15.248] [SEVERE ] updating countdown to 12807
[21:16:15.291] [SEVERE ] updating countdown to 12764
[21:16:15.316] [SEVERE ] updating countdown to 12739
[21:16:15.342] [SEVERE ] updating countdown to 12713
[21:16:15.397] [SEVERE ] updating countdown to 12658
[21:16:15.422] [SEVERE ] updating countdown to 12633
[21:16:15.448] [SEVERE ] updating countdown to 12607
[21:16:15.477] [SEVERE ] updating countdown to 12579
[21:16:15.516] [SEVERE ] updating countdown to 12540
[21:16:15.545] [SEVERE ] updating countdown to 12510
[21:16:15.571] [SEVERE ] updating countdown to 12484
[21:16:15.599] [SEVERE ] updating countdown to 12456
[21:16:15.627] [SEVERE ] updating countdown to 12428
[21:16:15.681] [SEVERE ] updating countdown to 12374
[21:16:15.708] [SEVERE ] updating countdown to 12347
[21:16:15.735] [SEVERE ] updating countdown to 12320
[21:16:15.761] [SEVERE ] updating countdown to 12294
[21:16:15.796] [SEVERE ] updating countdown to 12259
[21:16:15.822] [SEVERE ] updating countdown to 12233
[21:16:15.849] [SEVERE ] updating countdown to 12206
[21:16:15.875] [SEVERE ] updating countdown to 12180
[21:16:15.915] [SEVERE ] updating countdown to 12140
[21:16:15.952] [SEVERE ] updating countdown to 12103
[21:16:15.979] [SEVERE ] updating countdown to 12076
[21:16:16.005] [SEVERE ] updating countdown to 12050
[21:16:16.062] [SEVERE ] updating countdown to 11993
[21:16:16.089] [SEVERE ] updating countdown to 11966
[21:16:16.115] [SEVERE ] updating countdown to 11940
[21:16:16.141] [SEVERE ] updating countdown to 11914
[21:16:16.178] [SEVERE ] updating countdown to 11877
[21:16:16.206] [SEVERE ] updating countdown to 11849
[21:16:16.247] [SEVERE ] updating countdown to 11808
[21:16:16.273] [SEVERE ] updating countdown to 11782
[21:16:16.300] [SEVERE ] updating countdown to 11755
[21:16:16.345] [SEVERE ] updating countdown to 11710
[21:16:16.371] [SEVERE ] updating countdown to 11684
[21:16:16.397] [SEVERE ] updating countdown to 11658
[21:16:16.423] [SEVERE ] updating countdown to 11632
[21:16:16.449] [SEVERE ] updating countdown to 11606
[21:16:16.475] [SEVERE ] updating countdown to 11580
[21:16:16.501] [SEVERE ] updating countdown to 11554
[21:16:16.526] [SEVERE ] updating countdown to 11529
[21:16:16.560] [SEVERE ] updating countdown to 11495
[21:16:16.588] [SEVERE ] updating countdown to 11467
[21:16:16.614] [SEVERE ] updating countdown to 11441
[21:16:16.641] [SEVERE ] updating countdown to 11414
[21:16:16.672] [SEVERE ] updating countdown to 11383
[21:16:16.699] [SEVERE ] updating countdown to 11356
[21:16:16.788] [SEVERE ] updating countdown to 11267
[21:16:16.815] [SEVERE ] updating countdown to 11240
[21:16:16.848] [SEVERE ] updating countdown to 11207
[21:16:16.875] [SEVERE ] updating countdown to 11180
[21:16:16.910] [SEVERE ] updating countdown to 11145
[21:16:16.978] [SEVERE ] updating countdown to 11077
[21:16:17.005] [SEVERE ] updating countdown to 11050
[21:16:17.032] [SEVERE ] updating countdown to 11023
[21:16:17.071] [SEVERE ] updating countdown to 10984
[21:16:17.099] [SEVERE ] updating countdown to 10956
[21:16:17.125] [SEVERE ] updating countdown to 10930
[21:16:17.191] [SEVERE ] updating countdown to 10864
[21:16:17.218] [SEVERE ] updating countdown to 10837
[21:16:17.244] [SEVERE ] updating countdown to 10811
[21:16:17.292] [SEVERE ] updating countdown to 10763
[21:16:17.318] [SEVERE ] updating countdown to 10737
[21:16:17.346] [SEVERE ] updating countdown to 10709
[21:16:17.375] [SEVERE ] updating countdown to 10680
[21:16:17.401] [SEVERE ] updating countdown to 10654
[21:16:17.429] [SEVERE ] updating countdown to 10626
[21:16:17.455] [SEVERE ] updating countdown to 10600
[21:16:17.480] [SEVERE ] updating countdown to 10575
[21:16:17.506] [SEVERE ] updating countdown to 10549
[21:16:17.535] [SEVERE ] updating countdown to 10520
[21:16:17.562] [SEVERE ] updating countdown to 10493
[21:16:17.608] [SEVERE ] updating countdown to 10447
[21:16:17.635] [SEVERE ] updating countdown to 10420
[21:16:17.704] [SEVERE ] updating countdown to 10351
[21:16:17.730] [SEVERE ] updating countdown to 10325
[21:16:17.756] [SEVERE ] updating countdown to 10299
[21:16:17.784] [SEVERE ] updating countdown to 10271
[21:16:17.811] [SEVERE ] updating countdown to 10244
[21:16:17.876] [SEVERE ] updating countdown to 10179
[21:16:17.903] [SEVERE ] updating countdown to 10152
[21:16:17.931] [SEVERE ] updating countdown to 10124
[21:16:17.958] [SEVERE ] updating countdown to 10097
[21:16:17.998] [SEVERE ] updating countdown to 10057
[21:16:18.025] [SEVERE ] updating countdown to 10030
[21:16:18.051] [SEVERE ] updating countdown to 10004
[21:16:18.076] [SEVERE ] updating countdown to 9979
[21:16:18.107] [SEVERE ] updating countdown to 9948
[21:16:18.134] [SEVERE ] updating countdown to 9921
[21:16:18.170] [SEVERE ] updating countdown to 9885
[21:16:18.197] [SEVERE ] updating countdown to 9858
[21:16:18.225] [SEVERE ] updating countdown to 9830
[21:16:18.279] [SEVERE ] updating countdown to 9776
[21:16:18.305] [SEVERE ] updating countdown to 9750
[21:16:18.331] [SEVERE ] updating countdown to 9724
[21:16:18.357] [SEVERE ] updating countdown to 9698
[21:16:18.386] [SEVERE ] updating countdown to 9669
[21:16:18.413] [SEVERE ] updating countdown to 9642
[21:16:18.443] [SEVERE ] updating countdown to 9612
[21:16:18.469] [SEVERE ] updating countdown to 9586
[21:16:18.494] [SEVERE ] updating countdown to 9561
[21:16:18.521] [SEVERE ] updating countdown to 9534
[21:16:18.547] [SEVERE ] updating countdown to 9508
[21:16:18.578] [SEVERE ] updating countdown to 9477
[21:16:18.605] [SEVERE ] updating countdown to 9450
[21:16:18.633] [SEVERE ] updating countdown to 9422
[21:16:18.689] [SEVERE ] updating countdown to 9366
[21:16:18.716] [SEVERE ] updating countdown to 9339
[21:16:18.745] [SEVERE ] updating countdown to 9310
[21:16:18.771] [SEVERE ] updating countdown to 9284
[21:16:18.807] [SEVERE ] updating countdown to 9248
[21:16:18.834] [SEVERE ] updating countdown to 9221
[21:16:18.860] [SEVERE ] updating countdown to 9195
[21:16:18.887] [SEVERE ] updating countdown to 9168
[21:16:18.925] [SEVERE ] updating countdown to 9130
[21:16:18.952] [SEVERE ] updating countdown to 9103
[21:16:18.979] [SEVERE ] updating countdown to 9076
[21:16:19.007] [SEVERE ] updating countdown to 9048
[21:16:19.033] [SEVERE ] updating countdown to 9022
[21:16:19.059] [SEVERE ] updating countdown to 8996
[21:16:19.087] [SEVERE ] updating countdown to 8968
[21:16:19.112] [SEVERE ] updating countdown to 8943
[21:16:19.139] [SEVERE ] updating countdown to 8916
[21:16:19.165] [SEVERE ] updating countdown to 8890
[21:16:19.191] [SEVERE ] updating countdown to 8864
[21:16:19.217] [SEVERE ] updating countdown to 8838
[21:16:19.244] [SEVERE ] updating countdown to 8811
[21:16:19.283] [SEVERE ] updating countdown to 8772
[21:16:19.313] [SEVERE ] updating countdown to 8742
[21:16:19.339] [SEVERE ] updating countdown to 8716
[21:16:19.366] [SEVERE ] updating countdown to 8689
[21:16:19.395] [SEVERE ] updating countdown to 8660
[21:16:19.436] [SEVERE ] updating countdown to 8619
[21:16:19.462] [SEVERE ] updating countdown to 8593
[21:16:19.488] [SEVERE ] updating countdown to 8567
[21:16:19.514] [SEVERE ] updating countdown to 8541
[21:16:19.541] [SEVERE ] updating countdown to 8514
[21:16:19.566] [SEVERE ] updating countdown to 8489
[21:16:19.592] [SEVERE ] updating countdown to 8463
[21:16:19.617] [SEVERE ] updating countdown to 8438
[21:16:19.643] [SEVERE ] updating countdown to 8412
[21:16:19.669] [SEVERE ] updating countdown to 8386
[21:16:19.696] [SEVERE ] updating countdown to 8359
[21:16:19.775] [SEVERE ] updating countdown to 8280
[21:16:19.801] [SEVERE ] updating countdown to 8254
[21:16:19.828] [SEVERE ] updating countdown to 8227
[21:16:19.855] [SEVERE ] updating countdown to 8200
[21:16:19.886] [SEVERE ] updating countdown to 8169
[21:16:19.916] [SEVERE ] updating countdown to 8139
[21:16:19.943] [SEVERE ] updating countdown to 8112
[21:16:19.972] [SEVERE ] updating countdown to 8083
[21:16:19.999] [SEVERE ] updating countdown to 8056
[21:16:20.028] [SEVERE ] updating countdown to 8027
[21:16:20.055] [SEVERE ] updating countdown to 8000
[21:16:20.081] [SEVERE ] updating countdown to 7974
[21:16:20.108] [SEVERE ] updating countdown to 7947
[21:16:20.134] [SEVERE ] updating countdown to 7921
[21:16:20.160] [SEVERE ] updating countdown to 7895
[21:16:20.208] [SEVERE ] updating countdown to 7847
[21:16:20.237] [SEVERE ] updating countdown to 7818
[21:16:20.264] [SEVERE ] updating countdown to 7791
[21:16:20.303] [SEVERE ] updating countdown to 7752
[21:16:20.330] [SEVERE ] updating countdown to 7725
[21:16:20.372] [SEVERE ] updating countdown to 7683
[21:16:20.399] [SEVERE ] updating countdown to 7656
[21:16:20.425] [SEVERE ] updating countdown to 7630
[21:16:20.483] [SEVERE ] updating countdown to 7572
[21:16:20.510] [SEVERE ] updating countdown to 7545
[21:16:20.537] [SEVERE ] updating countdown to 7518
[21:16:20.564] [SEVERE ] updating countdown to 7491
[21:16:20.618] [SEVERE ] updating countdown to 7437
[21:16:20.644] [SEVERE ] updating countdown to 7411
[21:16:20.675] [SEVERE ] updating countdown to 7380
[21:16:20.702] [SEVERE ] updating countdown to 7353
[21:16:20.739] [SEVERE ] updating countdown to 7316
[21:16:20.767] [SEVERE ] updating countdown to 7288
[21:16:20.800] [SEVERE ] updating countdown to 7255
[21:16:20.826] [SEVERE ] updating countdown to 7230
[21:16:20.852] [SEVERE ] updating countdown to 7203
[21:16:20.878] [SEVERE ] updating countdown to 7177
[21:16:20.905] [SEVERE ] updating countdown to 7150
[21:16:20.931] [SEVERE ] updating countdown to 7124
[21:16:20.957] [SEVERE ] updating countdown to 7098
[21:16:20.984] [SEVERE ] updating countdown to 7071
[21:16:21.010] [SEVERE ] updating countdown to 7045
[21:16:21.063] [SEVERE ] updating countdown to 6992
[21:16:21.089] [SEVERE ] updating countdown to 6966
[21:16:21.125] [SEVERE ] updating countdown to 6930
[21:16:21.151] [SEVERE ] updating countdown to 6904
[21:16:21.178] [SEVERE ] updating countdown to 6877
[21:16:21.215] [SEVERE ] updating countdown to 6841
[21:16:21.253] [SEVERE ] updating countdown to 6802
[21:16:21.279] [SEVERE ] updating countdown to 6776
[21:16:21.307] [SEVERE ] updating countdown to 6748
[21:16:21.339] [SEVERE ] updating countdown to 6716
[21:16:21.375] [SEVERE ] updating countdown to 6680
[21:16:21.409] [SEVERE ] updating countdown to 6646
[21:16:21.434] [SEVERE ] updating countdown to 6621
[21:16:21.461] [SEVERE ] updating countdown to 6594
[21:16:21.488] [SEVERE ] updating countdown to 6567
[21:16:21.519] [SEVERE ] updating countdown to 6536
[21:16:21.545] [SEVERE ] updating countdown to 6510
[21:16:21.572] [SEVERE ] updating countdown to 6483
[21:16:21.608] [SEVERE ] updating countdown to 6447
[21:16:21.676] [SEVERE ] updating countdown to 6379
[21:16:21.702] [SEVERE ] updating countdown to 6353
[21:16:21.729] [SEVERE ] updating countdown to 6326
[21:16:21.755] [SEVERE ] updating countdown to 6300
[21:16:21.781] [SEVERE ] updating countdown to 6274
[21:16:21.807] [SEVERE ] updating countdown to 6248
[21:16:21.884] [SEVERE ] updating countdown to 6171
[21:16:21.911] [SEVERE ] updating countdown to 6144
[21:16:21.938] [SEVERE ] updating countdown to 6117
[21:16:21.973] [SEVERE ] updating countdown to 6082
[21:16:22.001] [SEVERE ] updating countdown to 6054
[21:16:22.028] [SEVERE ] updating countdown to 6027
[21:16:22.054] [SEVERE ] updating countdown to 6001
[21:16:22.080] [SEVERE ] updating countdown to 5975
[21:16:22.106] [SEVERE ] updating countdown to 5949
[21:16:22.135] [SEVERE ] updating countdown to 5920
[21:16:22.161] [SEVERE ] updating countdown to 5894
[21:16:22.220] [SEVERE ] updating countdown to 5835
[21:16:22.247] [SEVERE ] updating countdown to 5808
[21:16:22.286] [SEVERE ] updating countdown to 5769
[21:16:22.313] [SEVERE ] updating countdown to 5742
[21:16:22.351] [SEVERE ] updating countdown to 5704
[21:16:22.377] [SEVERE ] updating countdown to 5678
[21:16:22.404] [SEVERE ] updating countdown to 5651
[21:16:22.430] [SEVERE ] updating countdown to 5625
[21:16:22.461] [SEVERE ] updating countdown to 5594
[21:16:22.493] [SEVERE ] updating countdown to 5562
[21:16:22.543] [SEVERE ] updating countdown to 5512
[21:16:22.570] [SEVERE ] updating countdown to 5485
[21:16:22.597] [SEVERE ] updating countdown to 5458
[21:16:22.635] [SEVERE ] updating countdown to 5421
[21:16:22.662] [SEVERE ] updating countdown to 5393
[21:16:22.721] [SEVERE ] updating countdown to 5334
[21:16:22.747] [SEVERE ] updating countdown to 5308
[21:16:22.773] [SEVERE ] updating countdown to 5282
[21:16:22.799] [SEVERE ] updating countdown to 5256
[21:16:22.826] [SEVERE ] updating countdown to 5229
[21:16:22.881] [SEVERE ] updating countdown to 5174
[21:16:22.907] [SEVERE ] updating countdown to 5148
[21:16:22.934] [SEVERE ] updating countdown to 5121
[21:16:22.973] [SEVERE ] updating countdown to 5082
[21:16:23.038] [SEVERE ] updating countdown to 5017
[21:16:28.161] [SEVERE ] removing card from slot 0
[21:16:28.267] [SEVERE ] removing card from slot 1
[21:16:28.378] [SEVERE ] removing card from slot 2
[21:16:28.483] [SEVERE ] removing card from slot 3
[21:16:28.586] [SEVERE ] removing card from slot 4
[21:16:28.695] [SEVERE ] removing card from slot 5
[21:16:28.803] [SEVERE ] removing card from slot 6
[21:16:28.906] [SEVERE ] removing card from slot 7
[21:16:29.009] [SEVERE ] removing card from slot 8
[21:16:29.110] [SEVERE ] removing card from slot 9
[21:16:29.211] [SEVERE ] removing card from slot 10
[21:16:29.312] [SEVERE ] removing card from slot 11
[21:16:29.414] [SEVERE ] placing card 18 in slot 0
[21:16:29.516] [SEVERE ] placing card 39 in slot 1
[21:16:29.618] [SEVERE ] placing card 63 in slot 2
[21:16:29.720] [SEVERE ] placing card 37 in slot 3
[21:16:29.821] [SEVERE ] placing card 61 in slot 4
[21:16:29.923] [SEVERE ] placing card 60 in slot 5
[21:16:30.025] [SEVERE ] placing card 40 in slot 6
[21:16:30.128] [SEVERE ] placing card 25 in slot 7
[21:16:30.229] [SEVERE ] placing card 80 in slot 8
[21:16:30.329] [SEVERE ] placing card 29 in slot 9
[21:16:30.430] [SEVERE ] placing card 75 in slot 10
[21:16:30.531] [SEVERE ] placing card 22 in slot 11
[21:16:30.557] [SEVERE ] updating countdown to 19975
[21:16:30.583] [SEVERE ] updating countdown to 19949
[21:16:30.610] [SEVERE ] updating countdown to 19922
[21:16:30.641] [SEVERE ] updating countdown to 19891
[21:16:30.667] [SEVERE ] updating countdown to 19865
[21:16:30.706] [SEVERE ] updating countdown to 19826
[21:16:30.732] [SEVERE ] updating countdown to 19800
[21:16:30.760] [SEVERE ] updating countdown to 19772
[21:16:30.789] [SEVERE ] updating countdown to 19743
[21:16:30.814] [SEVERE ] updating countdown to 19718
[21:16:30.840] [SEVERE ] updating countdown to 19692
[21:16:30.869] [SEVERE ] updating countdown to 19663
[21:16:30.896] [SEVERE ] updating countdown to 19636
[21:16:30.940] [SEVERE ] updating countdown to 19592
[21:16:30.965] [SEVERE ] updating countdown to 19567
[21:16:30.992] [SEVERE ] updating countdown to 19540
[21:16:31.018] [SEVERE ] updating countdown to 19514
[21:16:31.044] [SEVERE ] updating countdown to 19488
[21:16:31.069] [SEVERE ] updating countdown to 19463
[21:16:31.095] [SEVERE ] updating countdown to 19437
[21:16:31.122] [SEVERE ] updating countdown to 19410
[21:16:31.148] [SEVERE ] updating countdown to 19384
[21:16:31.174] [SEVERE ] updating countdown to 19358
[21:16:31.200] [SEVERE ] updating countdown to 19332
[21:16:31.226] [SEVERE ] updating countdown to 19306
[21:16:31.252] [SEVERE ] updating countdown to 19280
[21:16:31.278] [SEVERE ] updating countdown to 19254
[21:16:31.304] [SEVERE ] updating countdown to 19228
[21:16:31.330] [SEVERE ] updating countdown to 19202
[21:16:31.356] [SEVERE ] updating countdown to 19176
[21:16:31.396] [SEVERE ] updating countdown to 19136
[21:16:31.423] [SEVERE ] updating countdown to 19109
[21:16:31.450] [SEVERE ] updating countdown to 19082
[21:16:31.475] [SEVERE ] updating countdown to 19057
[21:16:31.516] [SEVERE ] updating countdown to 19016
