[21:31:24.464] [INFO   ] thread bguspl.set.Main.main() starting.
[21:31:24.477] [SEVERE ] cannot read configuration file config.properties trying from resources.
[21:31:24.486] [SEVERE ] configuration file was loaded from resources directory.
[21:31:25.630] [INFO   ] thread dealer starting.
[21:31:25.631] [INFO   ] thread dealer starting.
[21:31:25.740] [SEVERE ] placing card 2 in slot 0
[21:31:25.845] [SEVERE ] placing card 12 in slot 1
[21:31:25.947] [SEVERE ] placing card 15 in slot 2
[21:31:26.048] [SEVERE ] placing card 4 in slot 3
[21:31:26.149] [SEVERE ] placing card 63 in slot 4
[21:31:26.253] [SEVERE ] placing card 46 in slot 5
[21:31:26.354] [SEVERE ] placing card 11 in slot 6
[21:31:26.456] [SEVERE ] placing card 13 in slot 7
[21:31:26.557] [SEVERE ] placing card 1 in slot 8
[21:31:26.658] [SEVERE ] placing card 60 in slot 9
[21:31:26.759] [SEVERE ] placing card 79 in slot 10
[21:31:26.861] [SEVERE ] placing card 6 in slot 11
[21:31:26.889] [SEVERE ] updating countdown to 19974
[21:31:26.917] [SEVERE ] updating countdown to 19946
[21:31:26.943] [SEVERE ] updating countdown to 19920
[21:31:26.970] [SEVERE ] updating countdown to 19893
[21:31:26.998] [SEVERE ] updating countdown to 19865
[21:31:27.026] [SEVERE ] updating countdown to 19837
[21:31:27.056] [SEVERE ] updating countdown to 19807
[21:31:27.085] [SEVERE ] updating countdown to 19778
[21:31:27.112] [SEVERE ] updating countdown to 19751
[21:31:27.139] [SEVERE ] updating countdown to 19724
[21:31:27.166] [SEVERE ] updating countdown to 19697
[21:31:27.193] [SEVERE ] updating countdown to 19670
[21:31:27.222] [SEVERE ] updating countdown to 19641
[21:31:27.249] [SEVERE ] updating countdown to 19614
[21:31:27.276] [SEVERE ] updating countdown to 19587
[21:31:27.303] [SEVERE ] updating countdown to 19560
[21:31:27.330] [SEVERE ] updating countdown to 19533
[21:31:27.358] [SEVERE ] updating countdown to 19505
[21:31:27.387] [SEVERE ] updating countdown to 19476
[21:31:27.414] [SEVERE ] updating countdown to 19449
[21:31:27.442] [SEVERE ] updating countdown to 19421
[21:31:27.469] [SEVERE ] updating countdown to 19394
[21:31:27.495] [SEVERE ] updating countdown to 19368
[21:31:27.522] [SEVERE ] updating countdown to 19342
[21:31:27.548] [SEVERE ] updating countdown to 19315
[21:31:27.575] [SEVERE ] updating countdown to 19288
[21:31:27.601] [SEVERE ] updating countdown to 19262
[21:31:27.627] [SEVERE ] updating countdown to 19236
[21:31:27.653] [SEVERE ] updating countdown to 19210
[21:31:27.680] [SEVERE ] updating countdown to 19183
[21:31:27.706] [SEVERE ] updating countdown to 19157
[21:31:27.732] [SEVERE ] updating countdown to 19131
[21:31:27.758] [SEVERE ] updating countdown to 19105
[21:31:27.785] [SEVERE ] updating countdown to 19078
[21:31:27.813] [SEVERE ] updating countdown to 19050
[21:31:27.839] [SEVERE ] updating countdown to 19024
[21:31:27.865] [SEVERE ] updating countdown to 18998
[21:31:27.892] [SEVERE ] updating countdown to 18972
[21:31:27.920] [SEVERE ] updating countdown to 18943
[21:31:27.946] [SEVERE ] updating countdown to 18917
[21:31:27.972] [SEVERE ] updating countdown to 18891
[21:31:27.999] [SEVERE ] updating countdown to 18864
[21:31:28.028] [SEVERE ] updating countdown to 18835
[21:31:28.050] [SEVERE ] key 65 was pressed by player 1
[21:31:28.058] [SEVERE ] updating countdown to 18805
[21:31:28.084] [SEVERE ] updating countdown to 18779
[21:31:28.110] [SEVERE ] updating countdown to 18753
[21:31:28.136] [SEVERE ] updating countdown to 18727
[21:31:28.162] [SEVERE ] updating countdown to 18701
[21:31:28.188] [SEVERE ] updating countdown to 18675
[21:31:28.215] [SEVERE ] updating countdown to 18648
[21:31:28.241] [SEVERE ] updating countdown to 18622
[21:31:28.267] [SEVERE ] updating countdown to 18596
[21:31:28.294] [SEVERE ] updating countdown to 18569
[21:31:28.322] [SEVERE ] updating countdown to 18542
[21:31:28.350] [SEVERE ] updating countdown to 18513
[21:31:28.376] [SEVERE ] updating countdown to 18487
[21:31:28.404] [SEVERE ] updating countdown to 18459
[21:31:28.431] [SEVERE ] updating countdown to 18432
[21:31:28.458] [SEVERE ] updating countdown to 18405
[21:31:28.488] [SEVERE ] updating countdown to 18375
[21:31:28.516] [SEVERE ] updating countdown to 18347
[21:31:28.542] [SEVERE ] updating countdown to 18321
[21:31:28.568] [SEVERE ] updating countdown to 18295
[21:31:28.594] [SEVERE ] updating countdown to 18269
[21:31:28.621] [SEVERE ] updating countdown to 18242
[21:31:28.648] [SEVERE ] updating countdown to 18215
[21:31:28.675] [SEVERE ] updating countdown to 18188
[21:31:28.702] [SEVERE ] updating countdown to 18161
[21:31:28.728] [SEVERE ] updating countdown to 18135
[21:31:28.742] [SEVERE ] key 65 was pressed by player 1
[21:31:28.754] [SEVERE ] updating countdown to 18109
[21:31:28.779] [SEVERE ] updating countdown to 18084
[21:31:28.805] [SEVERE ] updating countdown to 18058
[21:31:28.831] [SEVERE ] updating countdown to 18032
[21:31:28.857] [SEVERE ] updating countdown to 18006
[21:31:28.884] [SEVERE ] updating countdown to 17979
[21:31:28.912] [SEVERE ] updating countdown to 17951
[21:31:28.940] [SEVERE ] updating countdown to 17923
[21:31:28.968] [SEVERE ] updating countdown to 17895
[21:31:28.995] [SEVERE ] updating countdown to 17868
[21:31:29.022] [SEVERE ] updating countdown to 17841
[21:31:29.049] [SEVERE ] updating countdown to 17814
[21:31:29.077] [SEVERE ] updating countdown to 17786
[21:31:29.103] [SEVERE ] updating countdown to 17760
[21:31:29.132] [SEVERE ] updating countdown to 17731
[21:31:29.160] [SEVERE ] updating countdown to 17703
[21:31:29.188] [SEVERE ] updating countdown to 17675
[21:31:29.215] [SEVERE ] updating countdown to 17648
[21:31:29.244] [SEVERE ] updating countdown to 17619
[21:31:29.273] [SEVERE ] updating countdown to 17590
[21:31:29.299] [SEVERE ] updating countdown to 17564
[21:31:29.326] [SEVERE ] updating countdown to 17537
[21:31:29.353] [SEVERE ] updating countdown to 17510
[21:31:29.379] [SEVERE ] updating countdown to 17484
[21:31:29.405] [SEVERE ] updating countdown to 17458
[21:31:29.432] [SEVERE ] updating countdown to 17431
[21:31:29.459] [SEVERE ] updating countdown to 17404
[21:31:29.487] [SEVERE ] updating countdown to 17376
[21:31:29.513] [SEVERE ] updating countdown to 17350
[21:31:29.539] [SEVERE ] updating countdown to 17324
[21:31:29.565] [SEVERE ] updating countdown to 17298
[21:31:29.592] [SEVERE ] updating countdown to 17271
[21:31:29.618] [SEVERE ] updating countdown to 17245
[21:31:29.647] [SEVERE ] updating countdown to 17216
[21:31:29.673] [SEVERE ] updating countdown to 17190
[21:31:29.700] [SEVERE ] updating countdown to 17163
[21:31:29.726] [SEVERE ] updating countdown to 17137
[21:31:29.752] [SEVERE ] updating countdown to 17111
[21:31:29.779] [SEVERE ] updating countdown to 17084
[21:31:29.805] [SEVERE ] updating countdown to 17058
[21:31:29.831] [SEVERE ] updating countdown to 17032
[21:31:29.856] [SEVERE ] key 65 was pressed by player 1
[21:31:29.857] [SEVERE ] updating countdown to 17006
[21:31:29.883] [SEVERE ] updating countdown to 16980
[21:31:29.912] [SEVERE ] updating countdown to 16951
[21:31:29.939] [SEVERE ] updating countdown to 16924
[21:31:29.967] [SEVERE ] updating countdown to 16896
[21:31:29.993] [SEVERE ] updating countdown to 16870
[21:31:30.019] [SEVERE ] updating countdown to 16844
[21:31:30.046] [SEVERE ] updating countdown to 16817
[21:31:30.074] [SEVERE ] updating countdown to 16789
[21:31:30.100] [SEVERE ] updating countdown to 16763
[21:31:30.126] [SEVERE ] updating countdown to 16737
[21:31:30.152] [SEVERE ] updating countdown to 16711
[21:31:30.165] [SEVERE ] key 83 was pressed by player 1
[21:31:30.180] [SEVERE ] updating countdown to 16683
[21:31:30.206] [SEVERE ] updating countdown to 16657
[21:31:30.233] [SEVERE ] updating countdown to 16630
[21:31:30.260] [SEVERE ] updating countdown to 16603
[21:31:30.288] [SEVERE ] updating countdown to 16575
[21:31:30.315] [SEVERE ] updating countdown to 16548
[21:31:30.344] [SEVERE ] updating countdown to 16519
[21:31:30.370] [SEVERE ] updating countdown to 16493
[21:31:30.396] [SEVERE ] updating countdown to 16467
[21:31:30.425] [SEVERE ] updating countdown to 16439
[21:31:30.452] [SEVERE ] updating countdown to 16411
[21:31:30.470] [SEVERE ] key 68 was pressed by player 1
[21:31:30.479] [SEVERE ] updating countdown to 16384
[21:31:30.507] [SEVERE ] updating countdown to 16356
[21:31:30.533] [SEVERE ] updating countdown to 16330
[21:31:30.561] [SEVERE ] updating countdown to 16302
[21:31:30.587] [SEVERE ] updating countdown to 16276
[21:31:30.614] [SEVERE ] updating countdown to 16249
[21:31:30.640] [SEVERE ] updating countdown to 16223
[21:31:30.669] [SEVERE ] updating countdown to 16194
[21:31:30.695] [SEVERE ] updating countdown to 16168
[21:31:30.722] [SEVERE ] updating countdown to 16141
[21:31:30.748] [SEVERE ] updating countdown to 16115
[21:31:30.774] [SEVERE ] updating countdown to 16089
[21:31:30.800] [SEVERE ] updating countdown to 16063
[21:31:30.828] [SEVERE ] updating countdown to 16035
[21:31:30.855] [SEVERE ] updating countdown to 16008
[21:31:30.881] [SEVERE ] updating countdown to 15982
[21:31:30.907] [SEVERE ] updating countdown to 15956
[21:31:30.932] [SEVERE ] updating countdown to 15931
[21:31:30.958] [SEVERE ] updating countdown to 15905
[21:31:30.984] [SEVERE ] updating countdown to 15879
[21:31:31.010] [SEVERE ] updating countdown to 15853
[21:31:31.035] [SEVERE ] updating countdown to 15828
[21:31:31.061] [SEVERE ] updating countdown to 15802
[21:31:31.087] [SEVERE ] updating countdown to 15776
[21:31:31.115] [SEVERE ] updating countdown to 15748
[21:31:31.142] [SEVERE ] updating countdown to 15721
[21:31:31.168] [SEVERE ] updating countdown to 15695
[21:31:31.194] [SEVERE ] updating countdown to 15669
[21:31:31.220] [SEVERE ] updating countdown to 15643
[21:31:31.246] [SEVERE ] updating countdown to 15617
[21:31:31.272] [SEVERE ] updating countdown to 15591
[21:31:31.299] [SEVERE ] updating countdown to 15565
[21:31:31.326] [SEVERE ] updating countdown to 15537
[21:31:31.352] [SEVERE ] updating countdown to 15511
[21:31:31.378] [SEVERE ] updating countdown to 15485
[21:31:31.404] [SEVERE ] updating countdown to 15459
[21:31:31.432] [SEVERE ] updating countdown to 15431
[21:31:31.460] [SEVERE ] updating countdown to 15403
[21:31:31.486] [SEVERE ] updating countdown to 15377
[21:31:31.512] [SEVERE ] updating countdown to 15351
[21:31:31.538] [SEVERE ] updating countdown to 15325
[21:31:31.566] [SEVERE ] updating countdown to 15297
[21:31:31.592] [SEVERE ] updating countdown to 15271
[21:31:31.619] [SEVERE ] updating countdown to 15244
[21:31:31.645] [SEVERE ] updating countdown to 15218
[21:31:31.671] [SEVERE ] updating countdown to 15192
[21:31:31.697] [SEVERE ] updating countdown to 15166
[21:31:31.723] [SEVERE ] updating countdown to 15140
[21:31:31.750] [SEVERE ] updating countdown to 15113
[21:31:31.777] [SEVERE ] updating countdown to 15086
[21:31:31.804] [SEVERE ] updating countdown to 15059
[21:31:31.830] [SEVERE ] updating countdown to 15033
[21:31:31.855] [SEVERE ] updating countdown to 15008
[21:31:31.883] [SEVERE ] updating countdown to 14980
[21:31:31.908] [SEVERE ] updating countdown to 14955
[21:31:31.935] [SEVERE ] updating countdown to 14928
[21:31:31.960] [SEVERE ] updating countdown to 14903
[21:31:31.986] [SEVERE ] updating countdown to 14877
[21:31:32.016] [SEVERE ] updating countdown to 14847
[21:31:32.042] [SEVERE ] updating countdown to 14821
[21:31:32.068] [SEVERE ] updating countdown to 14795
[21:31:32.094] [SEVERE ] updating countdown to 14769
[21:31:32.121] [SEVERE ] updating countdown to 14743
[21:31:32.147] [SEVERE ] updating countdown to 14716
[21:31:32.174] [SEVERE ] updating countdown to 14689
[21:31:32.200] [SEVERE ] updating countdown to 14663
[21:31:32.227] [SEVERE ] updating countdown to 14637
[21:31:32.254] [SEVERE ] updating countdown to 14609
[21:31:32.281] [SEVERE ] updating countdown to 14583
[21:31:32.307] [SEVERE ] updating countdown to 14556
[21:31:32.333] [SEVERE ] updating countdown to 14530
[21:31:32.359] [SEVERE ] updating countdown to 14504
[21:31:32.387] [SEVERE ] updating countdown to 14476
[21:31:32.415] [SEVERE ] updating countdown to 14448
[21:31:32.441] [SEVERE ] updating countdown to 14422
[21:31:32.467] [SEVERE ] updating countdown to 14396
[21:31:32.493] [SEVERE ] updating countdown to 14370
[21:31:32.520] [SEVERE ] updating countdown to 14343
[21:31:32.546] [SEVERE ] updating countdown to 14317
[21:31:32.572] [SEVERE ] updating countdown to 14291
[21:31:32.598] [SEVERE ] updating countdown to 14265
[21:31:32.624] [SEVERE ] updating countdown to 14239
[21:31:32.649] [SEVERE ] updating countdown to 14214
[21:31:32.676] [SEVERE ] updating countdown to 14187
[21:31:32.701] [SEVERE ] updating countdown to 14162
[21:31:32.728] [SEVERE ] updating countdown to 14135
[21:31:32.754] [SEVERE ] updating countdown to 14109
[21:31:32.780] [SEVERE ] updating countdown to 14083
[21:31:32.806] [SEVERE ] updating countdown to 14057
[21:31:32.832] [SEVERE ] updating countdown to 14031
[21:31:32.852] [SEVERE ] key 80 was pressed by player 2
[21:31:32.853] [SEVERE ] key 59 was pressed by player 2
[21:31:32.858] [SEVERE ] updating countdown to 14005
[21:31:32.885] [SEVERE ] updating countdown to 13978
[21:31:32.912] [SEVERE ] updating countdown to 13952
[21:31:32.939] [SEVERE ] updating countdown to 13924
[21:31:32.966] [SEVERE ] updating countdown to 13897
[21:31:32.992] [SEVERE ] updating countdown to 13871
[21:31:33.019] [SEVERE ] updating countdown to 13844
[21:31:33.044] [SEVERE ] updating countdown to 13819
[21:31:33.071] [SEVERE ] updating countdown to 13793
[21:31:33.097] [SEVERE ] updating countdown to 13766
[21:31:33.123] [SEVERE ] updating countdown to 13740
[21:31:33.150] [SEVERE ] updating countdown to 13713
[21:31:33.177] [SEVERE ] updating countdown to 13686
[21:31:33.205] [SEVERE ] updating countdown to 13658
[21:31:33.233] [SEVERE ] updating countdown to 13630
[21:31:33.260] [SEVERE ] updating countdown to 13603
[21:31:33.272] [SEVERE ] key 59 was pressed by player 2
[21:31:33.286] [SEVERE ] updating countdown to 13577
[21:31:33.312] [SEVERE ] updating countdown to 13551
[21:31:33.341] [SEVERE ] updating countdown to 13522
[21:31:33.368] [SEVERE ] updating countdown to 13495
[21:31:33.395] [SEVERE ] updating countdown to 13468
[21:31:33.422] [SEVERE ] updating countdown to 13441
[21:31:33.448] [SEVERE ] updating countdown to 13415
[21:31:33.474] [SEVERE ] updating countdown to 13389
[21:31:33.502] [SEVERE ] updating countdown to 13361
[21:31:33.504] [SEVERE ] key 59 was pressed by player 2
[21:31:33.528] [SEVERE ] updating countdown to 13335
[21:31:33.554] [SEVERE ] updating countdown to 13309
[21:31:33.581] [SEVERE ] updating countdown to 13282
[21:31:33.607] [SEVERE ] updating countdown to 13256
[21:31:33.635] [SEVERE ] updating countdown to 13228
[21:31:33.661] [SEVERE ] updating countdown to 13202
[21:31:33.689] [SEVERE ] updating countdown to 13174
[21:31:33.715] [SEVERE ] updating countdown to 13148
[21:31:33.741] [SEVERE ] updating countdown to 13122
[21:31:33.769] [SEVERE ] updating countdown to 13094
[21:31:33.795] [SEVERE ] updating countdown to 13068
[21:31:33.823] [SEVERE ] updating countdown to 13040
[21:31:33.850] [SEVERE ] updating countdown to 13013
[21:31:33.877] [SEVERE ] updating countdown to 12986
[21:31:33.899] [SEVERE ] key 80 was pressed by player 2
[21:31:33.903] [SEVERE ] updating countdown to 12960
[21:31:33.930] [SEVERE ] updating countdown to 12933
[21:31:33.957] [SEVERE ] updating countdown to 12906
[21:31:33.984] [SEVERE ] updating countdown to 12879
[21:31:34.011] [SEVERE ] updating countdown to 12852
[21:31:34.037] [SEVERE ] updating countdown to 12826
[21:31:34.063] [SEVERE ] updating countdown to 12800
[21:31:34.082] [SEVERE ] key 76 was pressed by player 2
[21:31:34.088] [SEVERE ] updating countdown to 12775
[21:31:34.116] [SEVERE ] updating countdown to 12747
[21:31:34.144] [SEVERE ] updating countdown to 12719
[21:31:34.172] [SEVERE ] updating countdown to 12691
[21:31:34.198] [SEVERE ] updating countdown to 12665
[21:31:34.224] [SEVERE ] updating countdown to 12639
[21:31:34.250] [SEVERE ] updating countdown to 12613
[21:31:34.276] [SEVERE ] updating countdown to 12587
[21:31:34.303] [SEVERE ] updating countdown to 12560
[21:31:34.315] [SEVERE ] key 59 was pressed by player 2
[21:31:34.330] [SEVERE ] updating countdown to 12533
[21:31:34.357] [SEVERE ] updating countdown to 12506
[21:31:34.384] [SEVERE ] updating countdown to 12479
[21:31:34.412] [SEVERE ] updating countdown to 12451
[21:31:34.440] [SEVERE ] updating countdown to 12423
[21:31:34.466] [SEVERE ] updating countdown to 12397
[21:31:34.493] [SEVERE ] updating countdown to 12370
[21:31:34.519] [SEVERE ] updating countdown to 12344
[21:31:34.545] [SEVERE ] updating countdown to 12318
[21:31:34.572] [SEVERE ] updating countdown to 12291
[21:31:34.599] [SEVERE ] updating countdown to 12264
[21:31:34.628] [SEVERE ] updating countdown to 12235
[21:31:34.654] [SEVERE ] updating countdown to 12209
[21:31:34.681] [SEVERE ] updating countdown to 12182
[21:31:34.708] [SEVERE ] updating countdown to 12155
[21:31:34.734] [SEVERE ] updating countdown to 12129
[21:31:34.762] [SEVERE ] updating countdown to 12101
[21:31:34.790] [SEVERE ] updating countdown to 12073
[21:31:34.816] [SEVERE ] updating countdown to 12047
[21:31:34.844] [SEVERE ] updating countdown to 12019
[21:31:34.872] [SEVERE ] updating countdown to 11991
[21:31:34.899] [SEVERE ] updating countdown to 11964
[21:31:34.925] [SEVERE ] updating countdown to 11938
[21:31:34.952] [SEVERE ] updating countdown to 11911
[21:31:34.978] [SEVERE ] updating countdown to 11885
[21:31:35.004] [SEVERE ] updating countdown to 11859
[21:31:35.032] [SEVERE ] updating countdown to 11831
[21:31:35.060] [SEVERE ] updating countdown to 11803
[21:31:35.086] [SEVERE ] updating countdown to 11777
[21:31:35.111] [SEVERE ] updating countdown to 11752
[21:31:35.137] [SEVERE ] updating countdown to 11726
[21:31:35.163] [SEVERE ] updating countdown to 11700
[21:31:35.189] [SEVERE ] updating countdown to 11674
[21:31:35.215] [SEVERE ] updating countdown to 11648
[21:31:35.241] [SEVERE ] updating countdown to 11622
[21:31:35.267] [SEVERE ] updating countdown to 11596
[21:31:35.293] [SEVERE ] updating countdown to 11570
[21:31:35.319] [SEVERE ] updating countdown to 11544
[21:31:35.345] [SEVERE ] updating countdown to 11518
[21:31:35.371] [SEVERE ] updating countdown to 11492
[21:31:35.397] [SEVERE ] updating countdown to 11466
[21:31:35.422] [SEVERE ] updating countdown to 11441
[21:31:35.448] [SEVERE ] updating countdown to 11415
[21:31:35.475] [SEVERE ] updating countdown to 11388
[21:31:35.501] [SEVERE ] updating countdown to 11362
[21:31:35.526] [SEVERE ] updating countdown to 11337
[21:31:35.553] [SEVERE ] updating countdown to 11310
[21:31:35.579] [SEVERE ] updating countdown to 11284
[21:31:35.605] [SEVERE ] updating countdown to 11258
[21:31:35.630] [SEVERE ] updating countdown to 11233
[21:31:35.656] [SEVERE ] updating countdown to 11207
[21:31:35.682] [SEVERE ] updating countdown to 11181
[21:31:35.708] [SEVERE ] updating countdown to 11155
[21:31:35.734] [SEVERE ] updating countdown to 11129
[21:31:35.760] [SEVERE ] updating countdown to 11103
[21:31:35.786] [SEVERE ] updating countdown to 11077
[21:31:35.812] [SEVERE ] updating countdown to 11051
[21:31:35.838] [SEVERE ] updating countdown to 11025
[21:31:35.864] [SEVERE ] updating countdown to 10999
[21:31:35.890] [SEVERE ] updating countdown to 10973
[21:31:35.917] [SEVERE ] updating countdown to 10946
[21:31:35.944] [SEVERE ] updating countdown to 10919
[21:31:35.972] [SEVERE ] updating countdown to 10891
[21:31:35.999] [SEVERE ] updating countdown to 10864
[21:31:36.025] [SEVERE ] updating countdown to 10838
[21:31:36.052] [SEVERE ] updating countdown to 10811
[21:31:36.080] [SEVERE ] updating countdown to 10783
[21:31:36.108] [SEVERE ] updating countdown to 10755
[21:31:36.134] [SEVERE ] updating countdown to 10729
[21:31:36.160] [SEVERE ] updating countdown to 10703
