[21:06:51.146] [INFO   ] thread bguspl.set.Main.main() starting.
[21:06:51.184] [SEVERE ] cannot read configuration file config.properties trying from resources.
[21:06:51.193] [SEVERE ] configuration file was loaded from resources directory.
[21:06:52.299] [INFO   ] thread dealer starting.
[21:06:52.300] [INFO   ] thread dealer starting.
[21:06:52.406] [SEVERE ] placing card 30 in slot 0
[21:06:52.509] [SEVERE ] placing card 1 in slot 1
[21:06:52.611] [SEVERE ] placing card 71 in slot 2
[21:06:52.712] [SEVERE ] placing card 66 in slot 3
[21:06:52.819] [SEVERE ] placing card 54 in slot 4
[21:06:52.922] [SEVERE ] placing card 45 in slot 5
[21:06:53.024] [SEVERE ] placing card 22 in slot 6
[21:06:53.125] [SEVERE ] placing card 6 in slot 7
[21:06:53.227] [SEVERE ] placing card 68 in slot 8
[21:06:53.329] [SEVERE ] placing card 25 in slot 9
[21:06:53.431] [SEVERE ] placing card 15 in slot 10
[21:06:53.532] [SEVERE ] placing card 73 in slot 11
[21:06:53.535] [SEVERE ] updating countdown to 20000
[21:06:53.548] [SEVERE ] updating countdown to 19986
[21:06:53.560] [SEVERE ] updating countdown to 19974
[21:06:53.571] [SEVERE ] updating countdown to 19963
[21:06:53.582] [SEVERE ] updating countdown to 19952
[21:06:53.593] [SEVERE ] updating countdown to 19941
[21:06:53.604] [SEVERE ] updating countdown to 19930
[21:06:53.615] [SEVERE ] updating countdown to 19919
[21:06:53.626] [SEVERE ] updating countdown to 19908
[21:06:53.636] [SEVERE ] updating countdown to 19898
[21:06:53.651] [SEVERE ] updating countdown to 19883
[21:06:53.662] [SEVERE ] updating countdown to 19872
[21:06:53.673] [SEVERE ] updating countdown to 19861
[21:06:53.684] [SEVERE ] updating countdown to 19850
[21:06:53.726] [SEVERE ] updating countdown to 19808
[21:06:53.747] [SEVERE ] updating countdown to 19787
[21:06:53.759] [SEVERE ] updating countdown to 19775
[21:06:53.769] [SEVERE ] updating countdown to 19765
[21:06:53.781] [SEVERE ] updating countdown to 19753
[21:06:53.808] [SEVERE ] updating countdown to 19726
[21:06:53.820] [SEVERE ] updating countdown to 19714
[21:06:53.833] [SEVERE ] updating countdown to 19701
[21:06:53.845] [SEVERE ] updating countdown to 19689
[21:06:53.856] [SEVERE ] updating countdown to 19678
[21:06:53.867] [SEVERE ] updating countdown to 19667
[21:06:53.878] [SEVERE ] updating countdown to 19656
[21:06:53.914] [SEVERE ] updating countdown to 19620
[21:06:53.926] [SEVERE ] updating countdown to 19608
[21:06:53.938] [SEVERE ] updating countdown to 19596
[21:06:53.949] [SEVERE ] updating countdown to 19585
[21:06:53.960] [SEVERE ] updating countdown to 19574
[21:06:53.971] [SEVERE ] updating countdown to 19563
[21:06:53.995] [SEVERE ] updating countdown to 19539
[21:06:54.007] [SEVERE ] updating countdown to 19527
[21:06:54.019] [SEVERE ] updating countdown to 19515
[21:06:54.034] [SEVERE ] updating countdown to 19500
[21:06:54.045] [SEVERE ] updating countdown to 19489
[21:06:54.056] [SEVERE ] updating countdown to 19478
[21:06:54.068] [SEVERE ] updating countdown to 19466
[21:06:54.079] [SEVERE ] updating countdown to 19455
[21:06:54.089] [SEVERE ] updating countdown to 19445
[21:06:54.101] [SEVERE ] updating countdown to 19433
[21:06:54.113] [SEVERE ] updating countdown to 19421
[21:06:54.126] [SEVERE ] updating countdown to 19408
[21:06:54.136] [SEVERE ] updating countdown to 19398
[21:06:54.147] [SEVERE ] updating countdown to 19387
[21:06:54.159] [SEVERE ] updating countdown to 19375
[21:06:54.221] [SEVERE ] updating countdown to 19313
[21:06:54.235] [SEVERE ] updating countdown to 19299
[21:06:54.247] [SEVERE ] updating countdown to 19287
[21:06:54.260] [SEVERE ] updating countdown to 19274
[21:06:54.271] [SEVERE ] updating countdown to 19263
[21:06:54.297] [SEVERE ] updating countdown to 19237
[21:06:54.308] [SEVERE ] updating countdown to 19226
[21:06:54.320] [SEVERE ] updating countdown to 19214
[21:06:54.360] [SEVERE ] updating countdown to 19174
[21:06:54.371] [SEVERE ] updating countdown to 19163
[21:06:54.382] [SEVERE ] updating countdown to 19152
[21:06:54.393] [SEVERE ] updating countdown to 19141
[21:06:54.404] [SEVERE ] updating countdown to 19130
[21:06:54.415] [SEVERE ] updating countdown to 19119
[21:06:54.426] [SEVERE ] updating countdown to 19108
[21:06:54.437] [SEVERE ] updating countdown to 19097
[21:06:54.451] [SEVERE ] updating countdown to 19083
[21:06:54.468] [SEVERE ] updating countdown to 19066
[21:06:54.479] [SEVERE ] updating countdown to 19055
[21:06:54.491] [SEVERE ] updating countdown to 19043
[21:06:54.502] [SEVERE ] updating countdown to 19032
[21:06:54.560] [SEVERE ] updating countdown to 18974
[21:06:54.590] [SEVERE ] updating countdown to 18944
[21:06:54.602] [SEVERE ] updating countdown to 18932
[21:06:54.613] [SEVERE ] updating countdown to 18921
[21:06:54.625] [SEVERE ] updating countdown to 18909
[21:06:54.636] [SEVERE ] updating countdown to 18898
[21:06:54.647] [SEVERE ] updating countdown to 18887
[21:06:54.657] [SEVERE ] updating countdown to 18877
[21:06:54.669] [SEVERE ] updating countdown to 18865
[21:06:54.681] [SEVERE ] updating countdown to 18853
[21:06:54.692] [SEVERE ] updating countdown to 18842
[21:06:54.703] [SEVERE ] updating countdown to 18831
[21:06:54.715] [SEVERE ] updating countdown to 18820
[21:06:54.731] [SEVERE ] updating countdown to 18803
[21:06:54.742] [SEVERE ] updating countdown to 18792
[21:06:54.753] [SEVERE ] updating countdown to 18781
[21:06:54.765] [SEVERE ] updating countdown to 18769
[21:06:54.811] [SEVERE ] updating countdown to 18723
[21:06:54.823] [SEVERE ] updating countdown to 18711
[21:06:54.835] [SEVERE ] updating countdown to 18699
[21:06:54.847] [SEVERE ] updating countdown to 18687
[21:06:54.874] [SEVERE ] updating countdown to 18660
[21:06:54.890] [SEVERE ] updating countdown to 18644
[21:06:54.909] [SEVERE ] updating countdown to 18625
[21:06:54.920] [SEVERE ] updating countdown to 18614
[21:06:54.931] [SEVERE ] updating countdown to 18603
[21:06:54.943] [SEVERE ] updating countdown to 18591
[21:06:55.002] [SEVERE ] updating countdown to 18532
[21:06:55.020] [SEVERE ] updating countdown to 18514
[21:06:55.031] [SEVERE ] updating countdown to 18503
[21:06:55.042] [SEVERE ] updating countdown to 18492
[21:06:55.053] [SEVERE ] updating countdown to 18481
[21:06:55.066] [SEVERE ] updating countdown to 18468
[21:06:55.092] [SEVERE ] updating countdown to 18442
[21:06:55.105] [SEVERE ] updating countdown to 18429
[21:06:55.116] [SEVERE ] updating countdown to 18418
[21:06:55.127] [SEVERE ] updating countdown to 18407
[21:06:55.139] [SEVERE ] updating countdown to 18395
[21:06:55.156] [SEVERE ] updating countdown to 18378
[21:06:55.168] [SEVERE ] updating countdown to 18366
[21:06:55.179] [SEVERE ] updating countdown to 18355
[21:06:55.199] [SEVERE ] updating countdown to 18335
[21:06:55.211] [SEVERE ] updating countdown to 18323
[21:06:55.222] [SEVERE ] updating countdown to 18312
[21:06:55.233] [SEVERE ] updating countdown to 18301
[21:06:55.244] [SEVERE ] updating countdown to 18290
[21:06:55.257] [SEVERE ] updating countdown to 18277
[21:06:55.275] [SEVERE ] updating countdown to 18259
[21:06:55.286] [SEVERE ] updating countdown to 18248
[21:06:55.300] [SEVERE ] updating countdown to 18234
[21:06:55.352] [SEVERE ] updating countdown to 18182
[21:06:55.363] [SEVERE ] updating countdown to 18171
[21:06:55.374] [SEVERE ] updating countdown to 18160
[21:06:55.385] [SEVERE ] updating countdown to 18149
[21:06:55.398] [SEVERE ] updating countdown to 18136
[21:06:55.411] [SEVERE ] updating countdown to 18123
[21:06:55.431] [SEVERE ] updating countdown to 18103
[21:06:55.442] [SEVERE ] updating countdown to 18092
[21:06:55.454] [SEVERE ] updating countdown to 18080
[21:06:55.468] [SEVERE ] updating countdown to 18066
[21:06:55.481] [SEVERE ] updating countdown to 18053
[21:06:55.493] [SEVERE ] updating countdown to 18041
[21:06:55.525] [SEVERE ] updating countdown to 18009
[21:06:55.541] [SEVERE ] updating countdown to 17993
[21:06:55.554] [SEVERE ] updating countdown to 17980
[21:06:55.565] [SEVERE ] updating countdown to 17969
[21:06:55.576] [SEVERE ] updating countdown to 17958
[21:06:55.586] [SEVERE ] updating countdown to 17948
[21:06:55.597] [SEVERE ] updating countdown to 17937
[21:06:55.623] [SEVERE ] updating countdown to 17911
[21:06:55.634] [SEVERE ] updating countdown to 17900
[21:06:55.662] [SEVERE ] updating countdown to 17872
[21:06:55.698] [SEVERE ] updating countdown to 17836
[21:06:55.708] [SEVERE ] updating countdown to 17826
[21:06:55.719] [SEVERE ] updating countdown to 17815
[21:06:55.730] [SEVERE ] updating countdown to 17804
[21:06:55.751] [SEVERE ] updating countdown to 17783
[21:06:55.770] [SEVERE ] updating countdown to 17764
[21:06:55.781] [SEVERE ] updating countdown to 17753
[21:06:55.795] [SEVERE ] updating countdown to 17739
[21:06:55.805] [SEVERE ] updating countdown to 17729
[21:06:55.816] [SEVERE ] updating countdown to 17718
[21:06:55.827] [SEVERE ] updating countdown to 17707
[21:06:55.838] [SEVERE ] updating countdown to 17696
[21:06:55.850] [SEVERE ] updating countdown to 17684
[21:06:55.864] [SEVERE ] updating countdown to 17670
[21:06:55.875] [SEVERE ] updating countdown to 17659
[21:06:55.887] [SEVERE ] updating countdown to 17647
[21:06:55.910] [SEVERE ] updating countdown to 17624
[21:06:55.930] [SEVERE ] updating countdown to 17604
[21:06:55.945] [SEVERE ] updating countdown to 17589
[21:06:55.956] [SEVERE ] updating countdown to 17578
[21:06:55.966] [SEVERE ] updating countdown to 17568
[21:06:55.978] [SEVERE ] updating countdown to 17556
[21:06:55.990] [SEVERE ] updating countdown to 17544
[21:06:56.017] [SEVERE ] updating countdown to 17518
[21:06:56.030] [SEVERE ] updating countdown to 17504
[21:06:56.061] [SEVERE ] updating countdown to 17473
[21:06:56.072] [SEVERE ] updating countdown to 17462
[21:06:56.084] [SEVERE ] updating countdown to 17450
[21:06:56.124] [SEVERE ] updating countdown to 17410
[21:06:56.135] [SEVERE ] updating countdown to 17399
[21:06:56.146] [SEVERE ] updating countdown to 17388
[21:06:56.158] [SEVERE ] updating countdown to 17376
[21:06:56.169] [SEVERE ] updating countdown to 17365
[21:06:56.182] [SEVERE ] updating countdown to 17352
[21:06:56.221] [SEVERE ] updating countdown to 17313
[21:06:56.232] [SEVERE ] updating countdown to 17302
[21:06:56.243] [SEVERE ] updating countdown to 17291
[21:06:56.254] [SEVERE ] updating countdown to 17280
[21:06:56.265] [SEVERE ] updating countdown to 17269
[21:06:56.276] [SEVERE ] updating countdown to 17258
[21:06:56.304] [SEVERE ] updating countdown to 17230
[21:06:56.315] [SEVERE ] updating countdown to 17219
[21:06:56.325] [SEVERE ] updating countdown to 17209
[21:06:56.336] [SEVERE ] updating countdown to 17198
[21:06:56.348] [SEVERE ] updating countdown to 17186
[21:06:56.360] [SEVERE ] updating countdown to 17174
[21:06:56.383] [SEVERE ] updating countdown to 17151
[21:06:56.399] [SEVERE ] updating countdown to 17135
[21:06:56.410] [SEVERE ] updating countdown to 17124
[21:06:56.421] [SEVERE ] updating countdown to 17113
[21:06:56.432] [SEVERE ] updating countdown to 17102
[21:06:56.444] [SEVERE ] updating countdown to 17090
[21:06:56.512] [SEVERE ] updating countdown to 17022
[21:06:56.533] [SEVERE ] updating countdown to 17001
[21:06:56.545] [SEVERE ] updating countdown to 16989
[21:06:56.557] [SEVERE ] updating countdown to 16977
[21:06:56.568] [SEVERE ] updating countdown to 16966
[21:06:56.579] [SEVERE ] updating countdown to 16955
[21:06:56.595] [SEVERE ] updating countdown to 16939
[21:06:56.606] [SEVERE ] updating countdown to 16928
[21:06:56.618] [SEVERE ] updating countdown to 16917
[21:06:56.655] [SEVERE ] updating countdown to 16879
[21:06:56.682] [SEVERE ] updating countdown to 16852
[21:06:56.693] [SEVERE ] updating countdown to 16842
[21:06:56.703] [SEVERE ] updating countdown to 16831
[21:06:56.714] [SEVERE ] updating countdown to 16820
[21:06:56.746] [SEVERE ] updating countdown to 16788
[21:06:56.757] [SEVERE ] updating countdown to 16777
[21:06:56.767] [SEVERE ] updating countdown to 16767
[21:06:56.779] [SEVERE ] updating countdown to 16755
[21:06:56.793] [SEVERE ] updating countdown to 16741
[21:06:56.810] [SEVERE ] updating countdown to 16724
[21:06:56.820] [SEVERE ] updating countdown to 16714
[21:06:56.832] [SEVERE ] updating countdown to 16703
[21:06:56.895] [SEVERE ] updating countdown to 16639
[21:06:56.907] [SEVERE ] updating countdown to 16627
[21:06:56.918] [SEVERE ] updating countdown to 16616
[21:06:56.929] [SEVERE ] updating countdown to 16605
[21:06:56.944] [SEVERE ] updating countdown to 16590
[21:06:56.987] [SEVERE ] updating countdown to 16547
[21:06:56.998] [SEVERE ] updating countdown to 16536
[21:06:57.010] [SEVERE ] updating countdown to 16524
[21:06:57.021] [SEVERE ] updating countdown to 16513
[21:06:57.032] [SEVERE ] updating countdown to 16502
[21:06:57.053] [SEVERE ] updating countdown to 16481
[21:06:57.064] [SEVERE ] updating countdown to 16470
[21:06:57.075] [SEVERE ] updating countdown to 16459
[21:06:57.086] [SEVERE ] updating countdown to 16448
[21:06:57.098] [SEVERE ] updating countdown to 16436
[21:06:57.123] [SEVERE ] updating countdown to 16411
[21:06:57.135] [SEVERE ] updating countdown to 16399
[21:06:57.147] [SEVERE ] updating countdown to 16387
[21:06:57.171] [SEVERE ] updating countdown to 16363
[21:06:57.182] [SEVERE ] updating countdown to 16352
[21:06:57.194] [SEVERE ] updating countdown to 16340
[21:06:57.248] [SEVERE ] updating countdown to 16286
[21:06:57.260] [SEVERE ] updating countdown to 16274
[21:06:57.271] [SEVERE ] updating countdown to 16263
[21:06:57.282] [SEVERE ] updating countdown to 16252
[21:06:57.293] [SEVERE ] updating countdown to 16241
[21:06:57.307] [SEVERE ] updating countdown to 16227
[21:06:57.328] [SEVERE ] updating countdown to 16206
[21:06:57.339] [SEVERE ] updating countdown to 16195
[21:06:57.350] [SEVERE ] updating countdown to 16184
[21:06:57.361] [SEVERE ] updating countdown to 16173
[21:06:57.374] [SEVERE ] updating countdown to 16160
[21:06:57.385] [SEVERE ] updating countdown to 16149
[21:06:57.440] [SEVERE ] updating countdown to 16094
[21:06:57.451] [SEVERE ] updating countdown to 16083
[21:06:57.462] [SEVERE ] updating countdown to 16072
[21:06:57.473] [SEVERE ] updating countdown to 16061
[21:06:57.484] [SEVERE ] updating countdown to 16050
[21:06:57.495] [SEVERE ] updating countdown to 16039
[21:06:57.506] [SEVERE ] updating countdown to 16028
[21:06:57.520] [SEVERE ] updating countdown to 16014
[21:06:57.531] [SEVERE ] updating countdown to 16003
[21:06:57.542] [SEVERE ] updating countdown to 15992
[21:06:57.569] [SEVERE ] updating countdown to 15965
[21:06:57.580] [SEVERE ] updating countdown to 15954
[21:06:57.591] [SEVERE ] updating countdown to 15943
[21:06:57.619] [SEVERE ] updating countdown to 15915
[21:06:57.630] [SEVERE ] updating countdown to 15904
[21:06:57.642] [SEVERE ] updating countdown to 15892
[21:06:57.653] [SEVERE ] updating countdown to 15881
[21:06:57.664] [SEVERE ] updating countdown to 15870
[21:06:57.676] [SEVERE ] updating countdown to 15858
[21:06:57.702] [SEVERE ] updating countdown to 15832
[21:06:57.713] [SEVERE ] updating countdown to 15821
[21:06:57.725] [SEVERE ] updating countdown to 15809
[21:06:57.782] [SEVERE ] updating countdown to 15752
[21:06:57.798] [SEVERE ] updating countdown to 15736
[21:06:57.809] [SEVERE ] updating countdown to 15725
[21:06:57.820] [SEVERE ] updating countdown to 15714
[21:06:57.831] [SEVERE ] updating countdown to 15703
[21:06:57.846] [SEVERE ] updating countdown to 15688
[21:06:57.856] [SEVERE ] updating countdown to 15678
[21:06:57.867] [SEVERE ] updating countdown to 15667
[21:06:57.877] [SEVERE ] updating countdown to 15657
[21:06:57.888] [SEVERE ] updating countdown to 15646
[21:06:57.899] [SEVERE ] updating countdown to 15635
[21:06:57.910] [SEVERE ] updating countdown to 15624
[21:06:57.921] [SEVERE ] updating countdown to 15613
[21:06:57.941] [SEVERE ] updating countdown to 15593
[21:06:57.992] [SEVERE ] updating countdown to 15542
[21:06:58.003] [SEVERE ] updating countdown to 15531
[21:06:58.014] [SEVERE ] updating countdown to 15520
[21:06:58.025] [SEVERE ] updating countdown to 15509
[21:06:58.036] [SEVERE ] updating countdown to 15498
[21:06:58.046] [SEVERE ] updating countdown to 15488
[21:06:58.058] [SEVERE ] updating countdown to 15476
[21:06:58.069] [SEVERE ] updating countdown to 15465
[21:06:58.081] [SEVERE ] updating countdown to 15453
[21:06:58.098] [SEVERE ] updating countdown to 15436
[21:06:58.115] [SEVERE ] updating countdown to 15419
[21:06:58.126] [SEVERE ] updating countdown to 15408
[21:06:58.144] [SEVERE ] updating countdown to 15390
[21:06:58.178] [SEVERE ] updating countdown to 15356
[21:06:58.190] [SEVERE ] updating countdown to 15344
[21:06:58.201] [SEVERE ] updating countdown to 15333
[21:06:58.213] [SEVERE ] updating countdown to 15321
[21:06:58.226] [SEVERE ] updating countdown to 15308
[21:06:58.252] [SEVERE ] updating countdown to 15282
[21:06:58.270] [SEVERE ] updating countdown to 15264
[21:06:58.290] [SEVERE ] updating countdown to 15244
[21:06:58.300] [SEVERE ] updating countdown to 15234
[21:06:58.311] [SEVERE ] updating countdown to 15223
[21:06:58.322] [SEVERE ] updating countdown to 15212
[21:06:58.334] [SEVERE ] updating countdown to 15200
[21:06:58.345] [SEVERE ] updating countdown to 15189
[21:06:58.357] [SEVERE ] updating countdown to 15177
[21:06:58.368] [SEVERE ] updating countdown to 15166
[21:06:58.383] [SEVERE ] updating countdown to 15151
[21:06:58.400] [SEVERE ] updating countdown to 15134
[21:06:58.413] [SEVERE ] updating countdown to 15121
[21:06:58.424] [SEVERE ] updating countdown to 15110
[21:06:58.448] [SEVERE ] updating countdown to 15086
[21:06:58.459] [SEVERE ] updating countdown to 15075
[21:06:58.470] [SEVERE ] updating countdown to 15064
[21:06:58.482] [SEVERE ] updating countdown to 15052
[21:06:58.494] [SEVERE ] updating countdown to 15040
[21:06:58.509] [SEVERE ] updating countdown to 15025
[21:06:58.524] [SEVERE ] updating countdown to 15010
[21:06:58.536] [SEVERE ] updating countdown to 14998
[21:06:58.550] [SEVERE ] updating countdown to 14984
[21:06:58.571] [SEVERE ] updating countdown to 14963
[21:06:58.582] [SEVERE ] updating countdown to 14952
[21:06:58.593] [SEVERE ] updating countdown to 14941
[21:06:58.604] [SEVERE ] updating countdown to 14930
[21:06:58.616] [SEVERE ] updating countdown to 14918
[21:06:58.627] [SEVERE ] updating countdown to 14907
[21:06:58.652] [SEVERE ] updating countdown to 14882
[21:06:58.664] [SEVERE ] updating countdown to 14870
[21:06:58.677] [SEVERE ] updating countdown to 14857
[21:06:58.694] [SEVERE ] updating countdown to 14840
[21:06:58.705] [SEVERE ] updating countdown to 14829
[21:06:58.716] [SEVERE ] updating countdown to 14818
[21:06:58.728] [SEVERE ] updating countdown to 14806
[21:06:58.739] [SEVERE ] updating countdown to 14795
[21:06:58.751] [SEVERE ] updating countdown to 14783
[21:06:58.762] [SEVERE ] updating countdown to 14772
[21:06:58.783] [SEVERE ] updating countdown to 14751
[21:06:58.808] [SEVERE ] updating countdown to 14726
[21:06:58.821] [SEVERE ] updating countdown to 14713
[21:06:58.831] [SEVERE ] updating countdown to 14703
[21:06:58.842] [SEVERE ] updating countdown to 14692
[21:06:58.853] [SEVERE ] updating countdown to 14681
[21:06:58.863] [SEVERE ] updating countdown to 14671
[21:06:58.874] [SEVERE ] updating countdown to 14660
[21:06:58.885] [SEVERE ] updating countdown to 14649
[21:06:58.895] [SEVERE ] updating countdown to 14639
[21:06:58.909] [SEVERE ] updating countdown to 14625
[21:06:58.919] [SEVERE ] updating countdown to 14615
[21:06:58.930] [SEVERE ] updating countdown to 14604
[21:06:58.941] [SEVERE ] updating countdown to 14593
[21:06:58.983] [SEVERE ] updating countdown to 14551
[21:06:59.003] [SEVERE ] updating countdown to 14531
[21:06:59.017] [SEVERE ] updating countdown to 14517
[21:06:59.028] [SEVERE ] updating countdown to 14506
[21:06:59.038] [SEVERE ] updating countdown to 14496
[21:06:59.049] [SEVERE ] updating countdown to 14485
[21:06:59.063] [SEVERE ] updating countdown to 14471
[21:06:59.077] [SEVERE ] updating countdown to 14457
[21:06:59.088] [SEVERE ] updating countdown to 14446
[21:06:59.103] [SEVERE ] updating countdown to 14431
[21:06:59.114] [SEVERE ] updating countdown to 14420
[21:06:59.125] [SEVERE ] updating countdown to 14409
[21:06:59.135] [SEVERE ] updating countdown to 14399
[21:06:59.149] [SEVERE ] updating countdown to 14385
[21:06:59.160] [SEVERE ] updating countdown to 14374
[21:06:59.171] [SEVERE ] updating countdown to 14363
[21:06:59.210] [SEVERE ] updating countdown to 14324
[21:06:59.235] [SEVERE ] updating countdown to 14299
[21:06:59.247] [SEVERE ] updating countdown to 14287
[21:06:59.257] [SEVERE ] updating countdown to 14277
[21:06:59.268] [SEVERE ] updating countdown to 14266
[21:06:59.279] [SEVERE ] updating countdown to 14255
[21:06:59.290] [SEVERE ] updating countdown to 14244
[21:06:59.302] [SEVERE ] updating countdown to 14232
[21:06:59.313] [SEVERE ] updating countdown to 14221
[21:06:59.324] [SEVERE ] updating countdown to 14210
[21:06:59.353] [SEVERE ] updating countdown to 14181
[21:06:59.369] [SEVERE ] updating countdown to 14165
[21:06:59.388] [SEVERE ] updating countdown to 14146
[21:06:59.408] [SEVERE ] updating countdown to 14126
[21:06:59.419] [SEVERE ] updating countdown to 14115
[21:06:59.431] [SEVERE ] updating countdown to 14103
[21:06:59.441] [SEVERE ] updating countdown to 14093
[21:06:59.452] [SEVERE ] updating countdown to 14082
[21:06:59.472] [SEVERE ] updating countdown to 14062
[21:06:59.483] [SEVERE ] updating countdown to 14051
[21:06:59.495] [SEVERE ] updating countdown to 14039
[21:06:59.506] [SEVERE ] updating countdown to 14028
[21:06:59.564] [SEVERE ] updating countdown to 13970
[21:06:59.593] [SEVERE ] updating countdown to 13941
[21:06:59.604] [SEVERE ] updating countdown to 13930
[21:06:59.615] [SEVERE ] updating countdown to 13919
[21:06:59.627] [SEVERE ] updating countdown to 13907
[21:06:59.679] [SEVERE ] updating countdown to 13855
[21:06:59.692] [SEVERE ] updating countdown to 13842
[21:06:59.702] [SEVERE ] updating countdown to 13832
[21:06:59.713] [SEVERE ] updating countdown to 13821
[21:06:59.724] [SEVERE ] updating countdown to 13810
[21:06:59.735] [SEVERE ] updating countdown to 13799
[21:06:59.745] [SEVERE ] updating countdown to 13789
[21:06:59.756] [SEVERE ] updating countdown to 13778
[21:06:59.768] [SEVERE ] updating countdown to 13766
[21:06:59.779] [SEVERE ] updating countdown to 13755
[21:06:59.806] [SEVERE ] updating countdown to 13728
[21:06:59.818] [SEVERE ] updating countdown to 13716
[21:06:59.844] [SEVERE ] updating countdown to 13690
[21:06:59.856] [SEVERE ] updating countdown to 13678
[21:06:59.867] [SEVERE ] updating countdown to 13667
[21:06:59.879] [SEVERE ] updating countdown to 13655
[21:06:59.892] [SEVERE ] updating countdown to 13642
[21:06:59.910] [SEVERE ] updating countdown to 13624
[21:06:59.921] [SEVERE ] updating countdown to 13613
[21:06:59.932] [SEVERE ] updating countdown to 13602
[21:06:59.943] [SEVERE ] updating countdown to 13591
[21:06:59.968] [SEVERE ] updating countdown to 13566
[21:06:59.979] [SEVERE ] updating countdown to 13555
[21:06:59.989] [SEVERE ] updating countdown to 13545
[21:07:00.000] [SEVERE ] updating countdown to 13534
[21:07:00.010] [SEVERE ] updating countdown to 13524
[21:07:00.056] [SEVERE ] updating countdown to 13478
[21:07:00.079] [SEVERE ] updating countdown to 13455
[21:07:00.090] [SEVERE ] updating countdown to 13444
[21:07:00.100] [SEVERE ] updating countdown to 13434
[21:07:00.110] [SEVERE ] updating countdown to 13424
[21:07:00.121] [SEVERE ] updating countdown to 13413
[21:07:00.132] [SEVERE ] updating countdown to 13402
[21:07:00.143] [SEVERE ] updating countdown to 13391
[21:07:00.154] [SEVERE ] updating countdown to 13380
[21:07:00.169] [SEVERE ] updating countdown to 13365
[21:07:00.180] [SEVERE ] updating countdown to 13354
[21:07:00.192] [SEVERE ] updating countdown to 13342
[21:07:00.203] [SEVERE ] updating countdown to 13331
[21:07:00.245] [SEVERE ] updating countdown to 13289
[21:07:00.255] [SEVERE ] updating countdown to 13279
[21:07:00.266] [SEVERE ] updating countdown to 13268
[21:07:00.278] [SEVERE ] updating countdown to 13256
[21:07:00.290] [SEVERE ] updating countdown to 13244
[21:07:00.301] [SEVERE ] updating countdown to 13233
[21:07:00.323] [SEVERE ] updating countdown to 13211
[21:07:00.337] [SEVERE ] updating countdown to 13197
[21:07:00.351] [SEVERE ] updating countdown to 13183
[21:07:00.368] [SEVERE ] updating countdown to 13166
[21:07:00.406] [SEVERE ] updating countdown to 13128
[21:07:00.416] [SEVERE ] updating countdown to 13118
[21:07:00.427] [SEVERE ] updating countdown to 13107
[21:07:00.438] [SEVERE ] updating countdown to 13096
[21:07:00.449] [SEVERE ] updating countdown to 13085
[21:07:00.463] [SEVERE ] updating countdown to 13071
[21:07:00.498] [SEVERE ] updating countdown to 13036
[21:07:00.511] [SEVERE ] updating countdown to 13023
[21:07:00.522] [SEVERE ] updating countdown to 13012
[21:07:00.534] [SEVERE ] updating countdown to 13000
[21:07:00.545] [SEVERE ] updating countdown to 12989
[21:07:00.588] [SEVERE ] updating countdown to 12946
[21:07:00.599] [SEVERE ] updating countdown to 12935
[21:07:00.609] [SEVERE ] updating countdown to 12925
[21:07:00.620] [SEVERE ] updating countdown to 12914
[21:07:00.630] [SEVERE ] updating countdown to 12904
[21:07:00.670] [SEVERE ] updating countdown to 12864
[21:07:00.680] [SEVERE ] updating countdown to 12854
[21:07:00.691] [SEVERE ] updating countdown to 12843
[21:07:00.702] [SEVERE ] updating countdown to 12832
[21:07:00.712] [SEVERE ] updating countdown to 12822
[21:07:00.723] [SEVERE ] updating countdown to 12811
[21:07:00.733] [SEVERE ] updating countdown to 12801
[21:07:00.744] [SEVERE ] updating countdown to 12790
[21:07:00.755] [SEVERE ] updating countdown to 12779
[21:07:00.767] [SEVERE ] updating countdown to 12767
[21:07:00.779] [SEVERE ] updating countdown to 12755
[21:07:00.802] [SEVERE ] updating countdown to 12732
[21:07:00.812] [SEVERE ] updating countdown to 12722
[21:07:00.823] [SEVERE ] updating countdown to 12711
[21:07:00.834] [SEVERE ] updating countdown to 12700
[21:07:00.845] [SEVERE ] updating countdown to 12689
[21:07:00.857] [SEVERE ] updating countdown to 12677
[21:07:00.868] [SEVERE ] updating countdown to 12666
[21:07:00.892] [SEVERE ] updating countdown to 12642
[21:07:00.902] [SEVERE ] updating countdown to 12632
[21:07:00.913] [SEVERE ] updating countdown to 12621
[21:07:00.973] [SEVERE ] updating countdown to 12561
[21:07:00.985] [SEVERE ] updating countdown to 12549
[21:07:00.995] [SEVERE ] updating countdown to 12539
[21:07:01.006] [SEVERE ] updating countdown to 12528
[21:07:01.017] [SEVERE ] updating countdown to 12517
[21:07:01.029] [SEVERE ] updating countdown to 12505
[21:07:01.043] [SEVERE ] updating countdown to 12491
[21:07:01.053] [SEVERE ] updating countdown to 12481
[21:07:01.064] [SEVERE ] updating countdown to 12470
[21:07:01.075] [SEVERE ] updating countdown to 12459
[21:07:01.110] [SEVERE ] updating countdown to 12424
[21:07:01.120] [SEVERE ] updating countdown to 12414
[21:07:01.131] [SEVERE ] updating countdown to 12403
[21:07:01.142] [SEVERE ] updating countdown to 12392
[21:07:01.152] [SEVERE ] updating countdown to 12382
[21:07:01.164] [SEVERE ] updating countdown to 12370
[21:07:01.176] [SEVERE ] updating countdown to 12358
[21:07:01.196] [SEVERE ] updating countdown to 12338
[21:07:01.207] [SEVERE ] updating countdown to 12327
[21:07:01.218] [SEVERE ] updating countdown to 12316
[21:07:01.267] [SEVERE ] updating countdown to 12267
[21:07:01.286] [SEVERE ] updating countdown to 12248
[21:07:01.297] [SEVERE ] updating countdown to 12237
[21:07:01.308] [SEVERE ] updating countdown to 12226
[21:07:01.320] [SEVERE ] updating countdown to 12214
[21:07:01.332] [SEVERE ] updating countdown to 12202
[21:07:01.345] [SEVERE ] updating countdown to 12189
[21:07:01.358] [SEVERE ] updating countdown to 12176
[21:07:01.369] [SEVERE ] updating countdown to 12165
[21:07:01.381] [SEVERE ] updating countdown to 12154
[21:07:01.393] [SEVERE ] updating countdown to 12141
[21:07:01.404] [SEVERE ] updating countdown to 12130
[21:07:01.415] [SEVERE ] updating countdown to 12119
[21:07:01.427] [SEVERE ] updating countdown to 12107
[21:07:01.463] [SEVERE ] updating countdown to 12071
[21:07:01.482] [SEVERE ] updating countdown to 12052
[21:07:01.493] [SEVERE ] updating countdown to 12041
[21:07:01.504] [SEVERE ] updating countdown to 12030
[21:07:01.515] [SEVERE ] updating countdown to 12019
[21:07:01.527] [SEVERE ] updating countdown to 12007
[21:07:01.545] [SEVERE ] updating countdown to 11989
[21:07:01.563] [SEVERE ] updating countdown to 11971
[21:07:01.576] [SEVERE ] updating countdown to 11958
[21:07:01.587] [SEVERE ] updating countdown to 11947
[21:07:01.598] [SEVERE ] updating countdown to 11936
[21:07:01.610] [SEVERE ] updating countdown to 11924
[21:07:01.671] [SEVERE ] updating countdown to 11863
[21:07:01.683] [SEVERE ] updating countdown to 11851
[21:07:01.694] [SEVERE ] updating countdown to 11840
[21:07:01.705] [SEVERE ] updating countdown to 11829
[21:07:01.717] [SEVERE ] updating countdown to 11817
[21:07:01.729] [SEVERE ] updating countdown to 11805
[21:07:01.741] [SEVERE ] updating countdown to 11793
[21:07:01.755] [SEVERE ] updating countdown to 11779
[21:07:01.768] [SEVERE ] updating countdown to 11766
[21:07:01.779] [SEVERE ] updating countdown to 11755
[21:07:01.790] [SEVERE ] updating countdown to 11744
[21:07:01.801] [SEVERE ] updating countdown to 11733
[21:07:01.844] [SEVERE ] updating countdown to 11690
[21:07:01.856] [SEVERE ] updating countdown to 11678
[21:07:01.868] [SEVERE ] updating countdown to 11666
[21:07:01.879] [SEVERE ] updating countdown to 11655
[21:07:01.890] [SEVERE ] updating countdown to 11644
[21:07:01.909] [SEVERE ] updating countdown to 11625
[21:07:01.920] [SEVERE ] updating countdown to 11614
[21:07:01.932] [SEVERE ] updating countdown to 11602
[21:07:01.949] [SEVERE ] updating countdown to 11585
[21:07:01.977] [SEVERE ] updating countdown to 11557
[21:07:01.990] [SEVERE ] updating countdown to 11544
[21:07:02.002] [SEVERE ] updating countdown to 11532
[21:07:02.013] [SEVERE ] updating countdown to 11521
[21:07:02.023] [SEVERE ] updating countdown to 11511
[21:07:02.034] [SEVERE ] updating countdown to 11500
[21:07:02.052] [SEVERE ] updating countdown to 11482
[21:07:02.065] [SEVERE ] updating countdown to 11469
[21:07:02.077] [SEVERE ] updating countdown to 11457
[21:07:02.131] [SEVERE ] updating countdown to 11403
[21:07:02.143] [SEVERE ] updating countdown to 11391
[21:07:02.155] [SEVERE ] updating countdown to 11379
[21:07:02.165] [SEVERE ] updating countdown to 11369
[21:07:02.176] [SEVERE ] updating countdown to 11358
[21:07:02.186] [SEVERE ] updating countdown to 11348
[21:07:02.199] [SEVERE ] updating countdown to 11335
[21:07:02.210] [SEVERE ] updating countdown to 11324
[21:07:02.221] [SEVERE ] updating countdown to 11313
[21:07:02.232] [SEVERE ] updating countdown to 11302
[21:07:02.246] [SEVERE ] updating countdown to 11288
[21:07:02.257] [SEVERE ] updating countdown to 11277
[21:07:02.369] [SEVERE ] updating countdown to 11165
[21:07:02.380] [SEVERE ] updating countdown to 11154
[21:07:02.391] [SEVERE ] updating countdown to 11143
[21:07:02.402] [SEVERE ] updating countdown to 11132
[21:07:02.413] [SEVERE ] updating countdown to 11121
[21:07:02.425] [SEVERE ] updating countdown to 11109
[21:07:02.437] [SEVERE ] updating countdown to 11097
[21:07:02.450] [SEVERE ] updating countdown to 11084
[21:07:02.468] [SEVERE ] updating countdown to 11066
[21:07:02.480] [SEVERE ] updating countdown to 11054
[21:07:02.492] [SEVERE ] updating countdown to 11042
[21:07:02.505] [SEVERE ] updating countdown to 11029
[21:07:02.516] [SEVERE ] updating countdown to 11018
[21:07:02.534] [SEVERE ] updating countdown to 11000
[21:07:02.547] [SEVERE ] updating countdown to 10987
[21:07:02.558] [SEVERE ] updating countdown to 10976
[21:07:02.570] [SEVERE ] updating countdown to 10964
[21:07:02.582] [SEVERE ] updating countdown to 10952
[21:07:02.594] [SEVERE ] updating countdown to 10940
[21:07:02.610] [SEVERE ] updating countdown to 10924
[21:07:02.622] [SEVERE ] updating countdown to 10912
[21:07:02.635] [SEVERE ] updating countdown to 10899
[21:07:02.646] [SEVERE ] updating countdown to 10888
[21:07:02.711] [SEVERE ] updating countdown to 10823
[21:07:02.722] [SEVERE ] updating countdown to 10812
[21:07:02.733] [SEVERE ] updating countdown to 10801
[21:07:02.744] [SEVERE ] updating countdown to 10790
[21:07:02.756] [SEVERE ] updating countdown to 10778
[21:07:02.769] [SEVERE ] updating countdown to 10765
[21:07:02.788] [SEVERE ] updating countdown to 10746
[21:07:02.812] [SEVERE ] updating countdown to 10722
[21:07:02.823] [SEVERE ] updating countdown to 10711
[21:07:02.834] [SEVERE ] updating countdown to 10700
[21:07:02.845] [SEVERE ] updating countdown to 10689
[21:07:02.863] [SEVERE ] updating countdown to 10671
[21:07:02.874] [SEVERE ] updating countdown to 10660
[21:07:02.885] [SEVERE ] updating countdown to 10649
[21:07:02.897] [SEVERE ] updating countdown to 10637
[21:07:02.909] [SEVERE ] updating countdown to 10625
[21:07:02.928] [SEVERE ] updating countdown to 10606
[21:07:02.943] [SEVERE ] updating countdown to 10591
[21:07:02.954] [SEVERE ] updating countdown to 10580
[21:07:02.965] [SEVERE ] updating countdown to 10569
[21:07:02.976] [SEVERE ] updating countdown to 10558
[21:07:02.986] [SEVERE ] updating countdown to 10548
[21:07:02.997] [SEVERE ] updating countdown to 10537
[21:07:03.008] [SEVERE ] updating countdown to 10526
[21:07:03.030] [SEVERE ] updating countdown to 10504
[21:07:03.041] [SEVERE ] updating countdown to 10493
[21:07:03.052] [SEVERE ] updating countdown to 10482
[21:07:03.066] [SEVERE ] updating countdown to 10468
[21:07:03.080] [SEVERE ] updating countdown to 10455
[21:07:03.091] [SEVERE ] updating countdown to 10443
[21:07:03.102] [SEVERE ] updating countdown to 10432
[21:07:03.113] [SEVERE ] updating countdown to 10421
[21:07:03.124] [SEVERE ] updating countdown to 10410
[21:07:03.135] [SEVERE ] updating countdown to 10399
[21:07:03.146] [SEVERE ] updating countdown to 10388
[21:07:03.159] [SEVERE ] updating countdown to 10376
[21:07:03.179] [SEVERE ] updating countdown to 10355
[21:07:03.189] [SEVERE ] updating countdown to 10345
[21:07:03.200] [SEVERE ] updating countdown to 10334
[21:07:03.238] [SEVERE ] updating countdown to 10296
[21:07:03.241] [SEVERE ] key 65 was pressed by player 1
[21:07:03.241] [SEVERE ] player 1 placing token on slot 4
[21:07:03.249] [SEVERE ] updating countdown to 10285
[21:07:03.259] [SEVERE ] updating countdown to 10275
[21:07:03.270] [SEVERE ] updating countdown to 10264
[21:07:03.280] [SEVERE ] updating countdown to 10254
[21:07:03.293] [SEVERE ] updating countdown to 10241
[21:07:03.304] [SEVERE ] updating countdown to 10230
[21:07:03.315] [SEVERE ] updating countdown to 10219
[21:07:03.326] [SEVERE ] updating countdown to 10208
[21:07:03.347] [SEVERE ] updating countdown to 10187
[21:07:03.375] [SEVERE ] updating countdown to 10159
[21:07:03.386] [SEVERE ] updating countdown to 10148
[21:07:03.397] [SEVERE ] updating countdown to 10137
[21:07:03.408] [SEVERE ] updating countdown to 10126
[21:07:03.419] [SEVERE ] updating countdown to 10115
[21:07:03.430] [SEVERE ] updating countdown to 10104
[21:07:03.447] [SEVERE ] key 83 was pressed by player 1
[21:07:03.448] [SEVERE ] player 1 placing token on slot 5
[21:07:03.453] [SEVERE ] updating countdown to 10081
[21:07:03.464] [SEVERE ] updating countdown to 10070
[21:07:03.481] [SEVERE ] updating countdown to 10053
[21:07:03.494] [SEVERE ] updating countdown to 10040
[21:07:03.505] [SEVERE ] updating countdown to 10029
[21:07:03.516] [SEVERE ] updating countdown to 10018
[21:07:03.526] [SEVERE ] updating countdown to 10008
[21:07:03.537] [SEVERE ] updating countdown to 9997
[21:07:03.548] [SEVERE ] updating countdown to 9986
[21:07:03.558] [SEVERE ] updating countdown to 9976
[21:07:03.569] [SEVERE ] updating countdown to 9965
[21:07:03.580] [SEVERE ] updating countdown to 9954
[21:07:03.591] [SEVERE ] updating countdown to 9943
[21:07:03.602] [SEVERE ] updating countdown to 9932
[21:07:03.614] [SEVERE ] updating countdown to 9920
[21:07:03.680] [SEVERE ] updating countdown to 9854
[21:07:03.702] [SEVERE ] updating countdown to 9833
[21:07:03.713] [SEVERE ] updating countdown to 9821
[21:07:03.714] [SEVERE ] key 68 was pressed by player 1
[21:07:03.715] [SEVERE ] player 1 placing token on slot 6
[21:07:03.724] [SEVERE ] updating countdown to 9810
[21:07:03.735] [SEVERE ] updating countdown to 9799
[21:07:03.746] [SEVERE ] updating countdown to 9788
[21:07:03.761] [SEVERE ] updating countdown to 9773
[21:07:03.772] [SEVERE ] updating countdown to 9762
[21:07:03.783] [SEVERE ] updating countdown to 9751
[21:07:03.800] [SEVERE ] updating countdown to 9734
[21:07:03.813] [SEVERE ] updating countdown to 9721
[21:07:03.824] [SEVERE ] updating countdown to 9710
[21:07:03.836] [SEVERE ] updating countdown to 9698
[21:07:03.848] [SEVERE ] updating countdown to 9686
[21:07:03.860] [SEVERE ] updating countdown to 9674
[21:07:03.871] [SEVERE ] updating countdown to 9663
[21:07:03.881] [SEVERE ] updating countdown to 9653
[21:07:03.892] [SEVERE ] updating countdown to 9642
[21:07:03.904] [SEVERE ] updating countdown to 9630
[21:07:03.917] [SEVERE ] updating countdown to 9617
[21:07:03.934] [SEVERE ] updating countdown to 9600
[21:07:03.952] [SEVERE ] updating countdown to 9582
[21:07:03.963] [SEVERE ] updating countdown to 9571
[21:07:03.974] [SEVERE ] updating countdown to 9560
[21:07:03.985] [SEVERE ] updating countdown to 9549
[21:07:04.003] [SEVERE ] updating countdown to 9531
[21:07:04.014] [SEVERE ] updating countdown to 9520
[21:07:04.025] [SEVERE ] updating countdown to 9509
[21:07:04.035] [SEVERE ] updating countdown to 9499
[21:07:04.046] [SEVERE ] updating countdown to 9488
[21:07:04.057] [SEVERE ] updating countdown to 9477
[21:07:04.069] [SEVERE ] updating countdown to 9465
[21:07:04.080] [SEVERE ] updating countdown to 9454
[21:07:04.092] [SEVERE ] updating countdown to 9442
[21:07:04.104] [SEVERE ] updating countdown to 9430
[21:07:04.120] [SEVERE ] updating countdown to 9414
[21:07:04.131] [SEVERE ] updating countdown to 9403
[21:07:04.171] [SEVERE ] updating countdown to 9363
[21:07:04.183] [SEVERE ] updating countdown to 9351
[21:07:04.194] [SEVERE ] updating countdown to 9340
[21:07:04.205] [SEVERE ] updating countdown to 9329
[21:07:04.216] [SEVERE ] updating countdown to 9318
[21:07:04.229] [SEVERE ] updating countdown to 9305
[21:07:04.243] [SEVERE ] updating countdown to 9291
[21:07:04.254] [SEVERE ] updating countdown to 9280
[21:07:04.266] [SEVERE ] updating countdown to 9268
[21:07:04.297] [SEVERE ] updating countdown to 9237
[21:07:04.308] [SEVERE ] updating countdown to 9226
[21:07:04.319] [SEVERE ] updating countdown to 9215
[21:07:04.330] [SEVERE ] updating countdown to 9204
[21:07:04.340] [SEVERE ] updating countdown to 9194
[21:07:04.351] [SEVERE ] updating countdown to 9183
[21:07:04.361] [SEVERE ] updating countdown to 9173
[21:07:04.372] [SEVERE ] updating countdown to 9162
[21:07:04.382] [SEVERE ] updating countdown to 9152
[21:07:04.393] [SEVERE ] updating countdown to 9141
[21:07:04.404] [SEVERE ] updating countdown to 9130
[21:07:04.415] [SEVERE ] updating countdown to 9119
[21:07:04.427] [SEVERE ] updating countdown to 9107
[21:07:04.438] [SEVERE ] updating countdown to 9096
[21:07:04.449] [SEVERE ] updating countdown to 9085
[21:07:04.460] [SEVERE ] updating countdown to 9074
[21:07:04.471] [SEVERE ] updating countdown to 9063
[21:07:04.482] [SEVERE ] updating countdown to 9052
[21:07:04.493] [SEVERE ] updating countdown to 9041
[21:07:04.508] [SEVERE ] updating countdown to 9026
[21:07:04.523] [SEVERE ] updating countdown to 9011
[21:07:04.534] [SEVERE ] updating countdown to 9000
[21:07:04.545] [SEVERE ] updating countdown to 8989
[21:07:04.560] [SEVERE ] updating countdown to 8974
[21:07:04.628] [SEVERE ] updating countdown to 8906
[21:07:04.639] [SEVERE ] updating countdown to 8895
[21:07:04.650] [SEVERE ] updating countdown to 8884
[21:07:04.661] [SEVERE ] updating countdown to 8873
[21:07:04.673] [SEVERE ] updating countdown to 8861
[21:07:04.695] [SEVERE ] updating countdown to 8839
[21:07:04.707] [SEVERE ] updating countdown to 8827
[21:07:04.718] [SEVERE ] updating countdown to 8816
[21:07:04.736] [SEVERE ] updating countdown to 8798
[21:07:04.748] [SEVERE ] updating countdown to 8786
[21:07:04.775] [SEVERE ] updating countdown to 8759
[21:07:04.786] [SEVERE ] updating countdown to 8748
[21:07:04.797] [SEVERE ] updating countdown to 8737
[21:07:04.808] [SEVERE ] updating countdown to 8726
[21:07:04.819] [SEVERE ] updating countdown to 8715
[21:07:04.830] [SEVERE ] updating countdown to 8704
[21:07:04.840] [SEVERE ] updating countdown to 8694
[21:07:04.853] [SEVERE ] updating countdown to 8681
[21:07:04.877] [SEVERE ] updating countdown to 8657
[21:07:04.890] [SEVERE ] updating countdown to 8644
[21:07:04.902] [SEVERE ] updating countdown to 8632
[21:07:04.913] [SEVERE ] updating countdown to 8621
[21:07:04.925] [SEVERE ] updating countdown to 8609
[21:07:04.936] [SEVERE ] updating countdown to 8598
[21:07:04.947] [SEVERE ] updating countdown to 8587
[21:07:04.957] [SEVERE ] updating countdown to 8577
[21:07:04.968] [SEVERE ] updating countdown to 8566
[21:07:04.980] [SEVERE ] updating countdown to 8554
[21:07:04.999] [SEVERE ] updating countdown to 8535
[21:07:05.011] [SEVERE ] updating countdown to 8523
[21:07:05.019] [SEVERE ] key 87 was pressed by player 1
[21:07:05.022] [SEVERE ] updating countdown to 8512
[21:07:05.054] [SEVERE ] updating countdown to 8480
[21:07:05.065] [SEVERE ] updating countdown to 8469
[21:07:05.075] [SEVERE ] updating countdown to 8459
[21:07:05.086] [SEVERE ] updating countdown to 8448
[21:07:05.097] [SEVERE ] updating countdown to 8437
[21:07:05.108] [SEVERE ] updating countdown to 8426
[21:07:05.127] [SEVERE ] updating countdown to 8407
[21:07:05.139] [SEVERE ] updating countdown to 8395
[21:07:05.153] [SEVERE ] updating countdown to 8381
[21:07:05.164] [SEVERE ] updating countdown to 8370
[21:07:05.175] [SEVERE ] updating countdown to 8359
[21:07:05.186] [SEVERE ] updating countdown to 8348
[21:07:05.197] [SEVERE ] updating countdown to 8337
[21:07:05.208] [SEVERE ] updating countdown to 8326
[21:07:05.219] [SEVERE ] updating countdown to 8315
[21:07:05.230] [SEVERE ] updating countdown to 8304
[21:07:05.242] [SEVERE ] updating countdown to 8292
[21:07:05.257] [SEVERE ] updating countdown to 8277
[21:07:05.272] [SEVERE ] updating countdown to 8262
[21:07:05.283] [SEVERE ] updating countdown to 8251
[21:07:05.296] [SEVERE ] updating countdown to 8238
[21:07:05.329] [SEVERE ] updating countdown to 8205
[21:07:05.340] [SEVERE ] updating countdown to 8194
[21:07:05.350] [SEVERE ] updating countdown to 8184
[21:07:05.361] [SEVERE ] updating countdown to 8173
[21:07:05.372] [SEVERE ] updating countdown to 8162
[21:07:05.388] [SEVERE ] updating countdown to 8146
[21:07:05.399] [SEVERE ] updating countdown to 8135
[21:07:05.410] [SEVERE ] updating countdown to 8124
[21:07:05.421] [SEVERE ] updating countdown to 8113
[21:07:05.458] [SEVERE ] updating countdown to 8076
[21:07:05.468] [SEVERE ] updating countdown to 8066
[21:07:05.479] [SEVERE ] updating countdown to 8055
[21:07:05.490] [SEVERE ] updating countdown to 8044
[21:07:05.501] [SEVERE ] updating countdown to 8033
[21:07:05.514] [SEVERE ] updating countdown to 8020
[21:07:05.525] [SEVERE ] updating countdown to 8009
[21:07:05.537] [SEVERE ] updating countdown to 7997
[21:07:05.550] [SEVERE ] updating countdown to 7984
[21:07:05.564] [SEVERE ] updating countdown to 7970
[21:07:05.575] [SEVERE ] updating countdown to 7959
[21:07:05.585] [SEVERE ] updating countdown to 7949
[21:07:05.596] [SEVERE ] updating countdown to 7938
[21:07:05.606] [SEVERE ] updating countdown to 7928
[21:07:05.617] [SEVERE ] updating countdown to 7917
[21:07:05.630] [SEVERE ] updating countdown to 7904
[21:07:05.641] [SEVERE ] updating countdown to 7893
[21:07:05.652] [SEVERE ] updating countdown to 7882
[21:07:05.662] [SEVERE ] updating countdown to 7872
[21:07:05.673] [SEVERE ] updating countdown to 7861
[21:07:05.684] [SEVERE ] updating countdown to 7850
[21:07:05.694] [SEVERE ] updating countdown to 7840
[21:07:05.705] [SEVERE ] updating countdown to 7829
[21:07:05.716] [SEVERE ] updating countdown to 7818
[21:07:05.728] [SEVERE ] updating countdown to 7806
[21:07:05.739] [SEVERE ] updating countdown to 7795
[21:07:05.750] [SEVERE ] updating countdown to 7784
[21:07:05.761] [SEVERE ] updating countdown to 7773
[21:07:05.772] [SEVERE ] updating countdown to 7762
[21:07:05.783] [SEVERE ] updating countdown to 7751
[21:07:05.800] [SEVERE ] updating countdown to 7734
[21:07:05.814] [SEVERE ] updating countdown to 7720
[21:07:05.825] [SEVERE ] updating countdown to 7709
[21:07:05.837] [SEVERE ] updating countdown to 7697
[21:07:05.858] [SEVERE ] updating countdown to 7676
[21:07:05.869] [SEVERE ] updating countdown to 7665
[21:07:05.880] [SEVERE ] updating countdown to 7654
[21:07:05.891] [SEVERE ] updating countdown to 7643
[21:07:05.902] [SEVERE ] updating countdown to 7632
[21:07:05.914] [SEVERE ] updating countdown to 7620
[21:07:05.931] [SEVERE ] updating countdown to 7603
[21:07:05.943] [SEVERE ] updating countdown to 7591
[21:07:05.957] [SEVERE ] updating countdown to 7577
[21:07:05.972] [SEVERE ] updating countdown to 7562
[21:07:05.983] [SEVERE ] updating countdown to 7551
[21:07:05.994] [SEVERE ] updating countdown to 7540
[21:07:06.005] [SEVERE ] updating countdown to 7529
[21:07:06.032] [SEVERE ] updating countdown to 7502
[21:07:06.043] [SEVERE ] updating countdown to 7491
[21:07:06.054] [SEVERE ] updating countdown to 7480
[21:07:06.064] [SEVERE ] updating countdown to 7470
[21:07:06.081] [SEVERE ] updating countdown to 7453
[21:07:06.094] [SEVERE ] updating countdown to 7440
[21:07:06.106] [SEVERE ] updating countdown to 7428
[21:07:06.117] [SEVERE ] updating countdown to 7417
[21:07:06.132] [SEVERE ] updating countdown to 7402
[21:07:06.149] [SEVERE ] updating countdown to 7385
[21:07:06.192] [SEVERE ] updating countdown to 7342
[21:07:06.203] [SEVERE ] updating countdown to 7331
[21:07:06.213] [SEVERE ] updating countdown to 7321
[21:07:06.225] [SEVERE ] updating countdown to 7309
[21:07:06.238] [SEVERE ] updating countdown to 7296
[21:07:06.257] [SEVERE ] updating countdown to 7277
[21:07:06.268] [SEVERE ] updating countdown to 7266
[21:07:06.279] [SEVERE ] updating countdown to 7255
[21:07:06.311] [SEVERE ] updating countdown to 7223
[21:07:06.322] [SEVERE ] updating countdown to 7212
[21:07:06.333] [SEVERE ] updating countdown to 7201
[21:07:06.344] [SEVERE ] updating countdown to 7190
[21:07:06.356] [SEVERE ] updating countdown to 7178
[21:07:06.367] [SEVERE ] updating countdown to 7167
[21:07:06.378] [SEVERE ] updating countdown to 7156
[21:07:06.394] [SEVERE ] updating countdown to 7140
[21:07:06.404] [SEVERE ] updating countdown to 7130
[21:07:06.415] [SEVERE ] updating countdown to 7119
[21:07:06.486] [SEVERE ] updating countdown to 7048
[21:07:06.497] [SEVERE ] updating countdown to 7037
[21:07:06.508] [SEVERE ] updating countdown to 7026
[21:07:06.518] [SEVERE ] updating countdown to 7016
[21:07:06.530] [SEVERE ] updating countdown to 7004
[21:07:06.561] [SEVERE ] key 68 was pressed by player 1
[21:07:06.561] [SEVERE ] removing player 1 token from slot 6
[21:07:06.568] [SEVERE ] updating countdown to 6966
[21:07:06.579] [SEVERE ] updating countdown to 6955
[21:07:06.590] [SEVERE ] updating countdown to 6944
[21:07:06.600] [SEVERE ] updating countdown to 6934
[21:07:06.611] [SEVERE ] updating countdown to 6923
[21:07:06.622] [SEVERE ] updating countdown to 6912
[21:07:06.632] [SEVERE ] updating countdown to 6902
[21:07:06.643] [SEVERE ] updating countdown to 6891
[21:07:06.654] [SEVERE ] updating countdown to 6880
[21:07:06.664] [SEVERE ] updating countdown to 6870
[21:07:06.678] [SEVERE ] updating countdown to 6856
[21:07:06.688] [SEVERE ] updating countdown to 6846
[21:07:06.699] [SEVERE ] updating countdown to 6835
[21:07:06.711] [SEVERE ] updating countdown to 6823
[21:07:06.723] [SEVERE ] updating countdown to 6811
[21:07:06.734] [SEVERE ] updating countdown to 6800
[21:07:06.760] [SEVERE ] updating countdown to 6774
[21:07:06.771] [SEVERE ] updating countdown to 6763
[21:07:06.783] [SEVERE ] updating countdown to 6751
[21:07:06.795] [SEVERE ] updating countdown to 6739
[21:07:06.809] [SEVERE ] updating countdown to 6725
[21:07:06.828] [SEVERE ] updating countdown to 6706
[21:07:06.840] [SEVERE ] updating countdown to 6694
[21:07:06.866] [SEVERE ] updating countdown to 6668
[21:07:06.877] [SEVERE ] updating countdown to 6657
[21:07:06.888] [SEVERE ] updating countdown to 6646
[21:07:06.920] [SEVERE ] updating countdown to 6614
[21:07:06.931] [SEVERE ] updating countdown to 6603
[21:07:06.942] [SEVERE ] updating countdown to 6592
[21:07:06.953] [SEVERE ] updating countdown to 6581
[21:07:06.965] [SEVERE ] updating countdown to 6569
[21:07:06.981] [SEVERE ] updating countdown to 6553
[21:07:06.992] [SEVERE ] updating countdown to 6542
[21:07:07.003] [SEVERE ] updating countdown to 6531
[21:07:07.076] [SEVERE ] updating countdown to 6458
[21:07:07.088] [SEVERE ] updating countdown to 6446
[21:07:07.100] [SEVERE ] updating countdown to 6434
[21:07:07.112] [SEVERE ] updating countdown to 6422
[21:07:07.123] [SEVERE ] updating countdown to 6411
[21:07:07.134] [SEVERE ] updating countdown to 6400
[21:07:07.169] [SEVERE ] updating countdown to 6365
[21:07:07.195] [SEVERE ] updating countdown to 6339
[21:07:07.200] [SEVERE ] key 83 was pressed by player 1
[21:07:07.200] [SEVERE ] removing player 1 token from slot 5
[21:07:07.207] [SEVERE ] updating countdown to 6327
[21:07:07.218] [SEVERE ] updating countdown to 6316
[21:07:07.229] [SEVERE ] updating countdown to 6305
[21:07:07.239] [SEVERE ] updating countdown to 6295
[21:07:07.251] [SEVERE ] updating countdown to 6283
[21:07:07.261] [SEVERE ] updating countdown to 6273
[21:07:07.272] [SEVERE ] updating countdown to 6262
[21:07:07.285] [SEVERE ] updating countdown to 6249
[21:07:07.307] [SEVERE ] updating countdown to 6227
[21:07:07.318] [SEVERE ] updating countdown to 6216
[21:07:07.332] [SEVERE ] updating countdown to 6202
[21:07:07.342] [SEVERE ] updating countdown to 6192
[21:07:07.353] [SEVERE ] updating countdown to 6181
[21:07:07.365] [SEVERE ] updating countdown to 6169
[21:07:07.376] [SEVERE ] updating countdown to 6158
[21:07:07.393] [SEVERE ] updating countdown to 6141
[21:07:07.404] [SEVERE ] updating countdown to 6130
[21:07:07.416] [SEVERE ] updating countdown to 6118
[21:07:07.478] [SEVERE ] updating countdown to 6056
[21:07:07.502] [SEVERE ] updating countdown to 6032
[21:07:07.513] [SEVERE ] updating countdown to 6021
[21:07:07.524] [SEVERE ] updating countdown to 6010
[21:07:07.535] [SEVERE ] updating countdown to 5999
[21:07:07.545] [SEVERE ] updating countdown to 5989
[21:07:07.556] [SEVERE ] updating countdown to 5978
[21:07:07.568] [SEVERE ] updating countdown to 5966
[21:07:07.581] [SEVERE ] updating countdown to 5953
[21:07:07.592] [SEVERE ] updating countdown to 5942
[21:07:07.603] [SEVERE ] updating countdown to 5931
[21:07:07.615] [SEVERE ] updating countdown to 5919
[21:07:07.626] [SEVERE ] updating countdown to 5908
[21:07:07.647] [SEVERE ] updating countdown to 5887
[21:07:07.657] [SEVERE ] updating countdown to 5877
[21:07:07.668] [SEVERE ] updating countdown to 5866
[21:07:07.679] [SEVERE ] updating countdown to 5855
[21:07:07.691] [SEVERE ] updating countdown to 5843
[21:07:07.703] [SEVERE ] updating countdown to 5831
[21:07:07.718] [SEVERE ] updating countdown to 5816
[21:07:07.730] [SEVERE ] updating countdown to 5804
[21:07:07.741] [SEVERE ] updating countdown to 5793
[21:07:07.752] [SEVERE ] updating countdown to 5782
[21:07:07.809] [SEVERE ] updating countdown to 5725
[21:07:07.820] [SEVERE ] updating countdown to 5714
[21:07:07.831] [SEVERE ] updating countdown to 5703
[21:07:07.842] [SEVERE ] updating countdown to 5692
[21:07:07.853] [SEVERE ] updating countdown to 5681
[21:07:07.865] [SEVERE ] updating countdown to 5669
[21:07:07.893] [SEVERE ] updating countdown to 5641
[21:07:07.904] [SEVERE ] updating countdown to 5630
[21:07:07.924] [SEVERE ] updating countdown to 5610
[21:07:07.936] [SEVERE ] updating countdown to 5598
[21:07:07.947] [SEVERE ] updating countdown to 5587
[21:07:07.959] [SEVERE ] updating countdown to 5575
[21:07:07.970] [SEVERE ] updating countdown to 5564
[21:07:07.981] [SEVERE ] updating countdown to 5553
[21:07:07.993] [SEVERE ] updating countdown to 5541
[21:07:08.010] [SEVERE ] updating countdown to 5524
[21:07:08.021] [SEVERE ] updating countdown to 5513
[21:07:08.031] [SEVERE ] updating countdown to 5503
[21:07:08.096] [SEVERE ] updating countdown to 5438
[21:07:08.107] [SEVERE ] updating countdown to 5427
[21:07:08.118] [SEVERE ] updating countdown to 5416
[21:07:08.130] [SEVERE ] updating countdown to 5404
[21:07:08.151] [SEVERE ] updating countdown to 5383
[21:07:08.162] [SEVERE ] updating countdown to 5372
[21:07:08.173] [SEVERE ] updating countdown to 5361
[21:07:08.199] [SEVERE ] updating countdown to 5335
[21:07:08.211] [SEVERE ] updating countdown to 5323
[21:07:08.222] [SEVERE ] updating countdown to 5312
[21:07:08.242] [SEVERE ] updating countdown to 5292
[21:07:08.253] [SEVERE ] updating countdown to 5281
[21:07:08.263] [SEVERE ] updating countdown to 5271
[21:07:08.275] [SEVERE ] updating countdown to 5259
[21:07:08.286] [SEVERE ] updating countdown to 5248
[21:07:08.299] [SEVERE ] updating countdown to 5235
[21:07:08.313] [SEVERE ] updating countdown to 5221
[21:07:08.326] [SEVERE ] updating countdown to 5208
[21:07:08.337] [SEVERE ] updating countdown to 5197
[21:07:08.349] [SEVERE ] updating countdown to 5185
[21:07:08.360] [SEVERE ] updating countdown to 5174
[21:07:08.370] [SEVERE ] updating countdown to 5164
[21:07:08.381] [SEVERE ] updating countdown to 5153
[21:07:08.392] [SEVERE ] updating countdown to 5142
[21:07:08.402] [SEVERE ] updating countdown to 5132
[21:07:08.413] [SEVERE ] updating countdown to 5121
[21:07:08.424] [SEVERE ] updating countdown to 5110
[21:07:08.435] [SEVERE ] updating countdown to 5099
[21:07:08.446] [SEVERE ] updating countdown to 5088
[21:07:08.460] [SEVERE ] updating countdown to 5074
[21:07:08.471] [SEVERE ] updating countdown to 5063
[21:07:08.481] [SEVERE ] updating countdown to 5053
[21:07:08.492] [SEVERE ] updating countdown to 5042
[21:07:08.502] [SEVERE ] updating countdown to 5032
[21:07:08.515] [SEVERE ] updating countdown to 5019
[21:07:08.530] [SEVERE ] updating countdown to 5004
[21:07:13.645] [SEVERE ] removing card from slot 0
[21:07:13.746] [SEVERE ] removing card from slot 1
[21:07:13.848] [SEVERE ] removing card from slot 2
[21:07:13.949] [SEVERE ] removing card from slot 3
[21:07:14.050] [SEVERE ] removing card from slot 4
[21:07:14.164] [SEVERE ] removing card from slot 5
[21:07:14.265] [SEVERE ] removing card from slot 6
[21:07:14.367] [SEVERE ] removing card from slot 7
[21:07:14.468] [SEVERE ] removing card from slot 8
[21:07:14.569] [SEVERE ] removing card from slot 9
[21:07:14.703] [SEVERE ] removing card from slot 10
[21:07:14.805] [SEVERE ] removing card from slot 11
[21:07:14.911] [SEVERE ] placing card 20 in slot 0
[21:07:15.019] [SEVERE ] placing card 48 in slot 1
[21:07:15.120] [SEVERE ] placing card 79 in slot 2
[21:07:15.221] [SEVERE ] placing card 37 in slot 3
[21:07:15.348] [SEVERE ] placing card 8 in slot 4
[21:07:15.451] [SEVERE ] placing card 75 in slot 5
[21:07:15.554] [SEVERE ] placing card 78 in slot 6
[21:07:15.656] [SEVERE ] placing card 17 in slot 7
[21:07:15.757] [SEVERE ] placing card 65 in slot 8
[21:07:15.859] [SEVERE ] placing card 34 in slot 9
[21:07:15.961] [SEVERE ] placing card 26 in slot 10
[21:07:16.062] [SEVERE ] placing card 42 in slot 11
[21:07:16.066] [SEVERE ] updating countdown to 20000
[21:07:16.081] [SEVERE ] updating countdown to 19985
[21:07:16.092] [SEVERE ] updating countdown to 19974
[21:07:16.102] [SEVERE ] updating countdown to 19964
[21:07:16.113] [SEVERE ] updating countdown to 19953
[21:07:16.128] [SEVERE ] updating countdown to 19938
[21:07:16.139] [SEVERE ] updating countdown to 19927
[21:07:16.150] [SEVERE ] updating countdown to 19916
[21:07:16.168] [SEVERE ] updating countdown to 19898
[21:07:16.178] [SEVERE ] updating countdown to 19888
[21:07:16.189] [SEVERE ] updating countdown to 19877
[21:07:16.201] [SEVERE ] updating countdown to 19865
[21:07:16.213] [SEVERE ] updating countdown to 19853
[21:07:16.225] [SEVERE ] updating countdown to 19841
[21:07:16.236] [SEVERE ] updating countdown to 19830
[21:07:16.246] [SEVERE ] updating countdown to 19820
[21:07:16.257] [SEVERE ] updating countdown to 19809
[21:07:16.268] [SEVERE ] updating countdown to 19798
[21:07:16.279] [SEVERE ] updating countdown to 19787
[21:07:16.290] [SEVERE ] updating countdown to 19776
[21:07:16.302] [SEVERE ] updating countdown to 19764
[21:07:16.313] [SEVERE ] updating countdown to 19753
[21:07:16.331] [SEVERE ] updating countdown to 19735
[21:07:16.346] [SEVERE ] updating countdown to 19720
[21:07:16.356] [SEVERE ] updating countdown to 19710
[21:07:16.367] [SEVERE ] updating countdown to 19699
[21:07:16.379] [SEVERE ] updating countdown to 19687
[21:07:16.391] [SEVERE ] updating countdown to 19675
[21:07:16.404] [SEVERE ] updating countdown to 19662
[21:07:16.417] [SEVERE ] updating countdown to 19649
[21:07:16.429] [SEVERE ] updating countdown to 19637
[21:07:16.440] [SEVERE ] updating countdown to 19626
[21:07:16.453] [SEVERE ] updating countdown to 19613
[21:07:16.465] [SEVERE ] updating countdown to 19601
[21:07:16.476] [SEVERE ] updating countdown to 19590
[21:07:16.487] [SEVERE ] updating countdown to 19579
[21:07:16.498] [SEVERE ] updating countdown to 19568
[21:07:16.509] [SEVERE ] updating countdown to 19557
[21:07:16.521] [SEVERE ] updating countdown to 19545
[21:07:16.533] [SEVERE ] updating countdown to 19533
[21:07:16.546] [SEVERE ] updating countdown to 19520
[21:07:16.557] [SEVERE ] updating countdown to 19509
[21:07:16.568] [SEVERE ] updating countdown to 19498
[21:07:16.579] [SEVERE ] updating countdown to 19487
[21:07:16.590] [SEVERE ] updating countdown to 19476
[21:07:16.618] [SEVERE ] updating countdown to 19448
[21:07:16.630] [SEVERE ] updating countdown to 19436
[21:07:16.642] [SEVERE ] updating countdown to 19424
[21:07:16.654] [SEVERE ] updating countdown to 19412
[21:07:16.666] [SEVERE ] updating countdown to 19400
[21:07:16.678] [SEVERE ] updating countdown to 19388
[21:07:16.693] [SEVERE ] updating countdown to 19373
[21:07:16.705] [SEVERE ] updating countdown to 19361
[21:07:16.717] [SEVERE ] updating countdown to 19349
[21:07:16.730] [SEVERE ] updating countdown to 19336
[21:07:16.741] [SEVERE ] updating countdown to 19325
[21:07:16.752] [SEVERE ] updating countdown to 19314
[21:07:16.764] [SEVERE ] updating countdown to 19302
[21:07:16.776] [SEVERE ] updating countdown to 19290
[21:07:16.788] [SEVERE ] updating countdown to 19278
[21:07:16.799] [SEVERE ] updating countdown to 19267
[21:07:16.817] [SEVERE ] updating countdown to 19249
[21:07:16.828] [SEVERE ] updating countdown to 19238
[21:07:16.840] [SEVERE ] updating countdown to 19226
[21:07:16.852] [SEVERE ] updating countdown to 19214
[21:07:16.911] [SEVERE ] updating countdown to 19155
[21:07:16.922] [SEVERE ] updating countdown to 19144
[21:07:16.933] [SEVERE ] updating countdown to 19133
[21:07:16.943] [SEVERE ] updating countdown to 19123
[21:07:16.955] [SEVERE ] updating countdown to 19111
[21:07:16.969] [SEVERE ] updating countdown to 19097
[21:07:16.980] [SEVERE ] updating countdown to 19086
[21:07:16.992] [SEVERE ] updating countdown to 19074
[21:07:17.003] [SEVERE ] updating countdown to 19063
[21:07:17.041] [SEVERE ] updating countdown to 19025
[21:07:17.052] [SEVERE ] updating countdown to 19014
[21:07:17.063] [SEVERE ] updating countdown to 19003
[21:07:17.074] [SEVERE ] updating countdown to 18992
[21:07:17.086] [SEVERE ] updating countdown to 18980
[21:07:17.097] [SEVERE ] updating countdown to 18969
[21:07:17.126] [SEVERE ] updating countdown to 18940
[21:07:17.138] [SEVERE ] updating countdown to 18928
[21:07:17.148] [SEVERE ] updating countdown to 18918
[21:07:17.159] [SEVERE ] updating countdown to 18907
[21:07:17.169] [SEVERE ] updating countdown to 18897
[21:07:17.180] [SEVERE ] updating countdown to 18886
[21:07:17.206] [SEVERE ] updating countdown to 18860
[21:07:17.216] [SEVERE ] updating countdown to 18850
[21:07:17.227] [SEVERE ] updating countdown to 18839
[21:07:17.238] [SEVERE ] updating countdown to 18828
[21:07:17.248] [SEVERE ] updating countdown to 18818
[21:07:17.259] [SEVERE ] updating countdown to 18807
[21:07:17.270] [SEVERE ] updating countdown to 18796
[21:07:17.283] [SEVERE ] updating countdown to 18783
[21:07:17.294] [SEVERE ] updating countdown to 18772
[21:07:17.305] [SEVERE ] updating countdown to 18761
[21:07:17.315] [SEVERE ] updating countdown to 18751
[21:07:17.334] [SEVERE ] updating countdown to 18732
[21:07:17.346] [SEVERE ] updating countdown to 18720
[21:07:17.360] [SEVERE ] updating countdown to 18706
[21:07:17.371] [SEVERE ] updating countdown to 18695
[21:07:17.419] [SEVERE ] updating countdown to 18647
[21:07:17.431] [SEVERE ] updating countdown to 18635
[21:07:17.443] [SEVERE ] updating countdown to 18623
[21:07:17.454] [SEVERE ] updating countdown to 18612
[21:07:17.466] [SEVERE ] updating countdown to 18600
[21:07:17.488] [SEVERE ] updating countdown to 18578
[21:07:17.500] [SEVERE ] updating countdown to 18566
[21:07:17.511] [SEVERE ] updating countdown to 18555
[21:07:17.577] [SEVERE ] updating countdown to 18489
[21:07:17.589] [SEVERE ] updating countdown to 18477
[21:07:17.600] [SEVERE ] updating countdown to 18466
[21:07:17.611] [SEVERE ] updating countdown to 18455
[21:07:17.623] [SEVERE ] updating countdown to 18443
[21:07:17.634] [SEVERE ] updating countdown to 18432
[21:07:17.646] [SEVERE ] updating countdown to 18420
[21:07:17.698] [SEVERE ] updating countdown to 18368
[21:07:17.709] [SEVERE ] updating countdown to 18357
[21:07:17.720] [SEVERE ] updating countdown to 18346
[21:07:17.731] [SEVERE ] updating countdown to 18335
[21:07:17.743] [SEVERE ] updating countdown to 18323
[21:07:17.753] [SEVERE ] updating countdown to 18313
[21:07:17.764] [SEVERE ] updating countdown to 18302
[21:07:17.775] [SEVERE ] updating countdown to 18291
[21:07:17.786] [SEVERE ] updating countdown to 18280
[21:07:17.796] [SEVERE ] updating countdown to 18270
[21:07:17.807] [SEVERE ] updating countdown to 18259
[21:07:17.827] [SEVERE ] updating countdown to 18239
[21:07:17.838] [SEVERE ] updating countdown to 18228
[21:07:17.849] [SEVERE ] updating countdown to 18217
[21:07:17.860] [SEVERE ] updating countdown to 18206
[21:07:17.872] [SEVERE ] updating countdown to 18194
[21:07:17.884] [SEVERE ] updating countdown to 18182
[21:07:17.897] [SEVERE ] updating countdown to 18169
[21:07:17.908] [SEVERE ] updating countdown to 18158
[21:07:17.920] [SEVERE ] updating countdown to 18146
[21:07:17.932] [SEVERE ] updating countdown to 18134
[21:07:17.964] [SEVERE ] updating countdown to 18102
[21:07:17.984] [SEVERE ] updating countdown to 18082
[21:07:17.995] [SEVERE ] updating countdown to 18071
[21:07:18.005] [SEVERE ] updating countdown to 18061
[21:07:18.016] [SEVERE ] updating countdown to 18050
[21:07:18.026] [SEVERE ] updating countdown to 18040
[21:07:18.042] [SEVERE ] updating countdown to 18024
[21:07:18.058] [SEVERE ] updating countdown to 18008
[21:07:18.069] [SEVERE ] updating countdown to 17997
[21:07:18.080] [SEVERE ] updating countdown to 17986
[21:07:18.091] [SEVERE ] updating countdown to 17975
[21:07:18.101] [SEVERE ] updating countdown to 17965
[21:07:18.148] [SEVERE ] updating countdown to 17918
[21:07:18.159] [SEVERE ] updating countdown to 17907
[21:07:18.170] [SEVERE ] updating countdown to 17896
[21:07:18.180] [SEVERE ] updating countdown to 17886
[21:07:18.191] [SEVERE ] updating countdown to 17875
[21:07:18.201] [SEVERE ] updating countdown to 17865
[21:07:18.212] [SEVERE ] updating countdown to 17854
[21:07:18.222] [SEVERE ] updating countdown to 17844
[21:07:18.233] [SEVERE ] updating countdown to 17833
[21:07:18.263] [SEVERE ] updating countdown to 17803
[21:07:18.284] [SEVERE ] updating countdown to 17782
[21:07:18.295] [SEVERE ] updating countdown to 17771
[21:07:18.305] [SEVERE ] updating countdown to 17761
[21:07:18.316] [SEVERE ] updating countdown to 17750
[21:07:18.326] [SEVERE ] updating countdown to 17740
[21:07:18.337] [SEVERE ] updating countdown to 17729
[21:07:18.348] [SEVERE ] updating countdown to 17718
[21:07:18.359] [SEVERE ] updating countdown to 17707
[21:07:18.384] [SEVERE ] updating countdown to 17682
[21:07:18.395] [SEVERE ] updating countdown to 17671
[21:07:18.406] [SEVERE ] updating countdown to 17660
[21:07:18.418] [SEVERE ] updating countdown to 17648
[21:07:18.428] [SEVERE ] updating countdown to 17638
[21:07:18.439] [SEVERE ] updating countdown to 17627
[21:07:18.450] [SEVERE ] updating countdown to 17616
[21:07:18.461] [SEVERE ] updating countdown to 17605
[21:07:18.472] [SEVERE ] updating countdown to 17594
[21:07:18.491] [SEVERE ] updating countdown to 17575
[21:07:18.502] [SEVERE ] updating countdown to 17564
[21:07:18.514] [SEVERE ] updating countdown to 17552
[21:07:18.560] [SEVERE ] updating countdown to 17506
[21:07:18.579] [SEVERE ] updating countdown to 17487
[21:07:18.590] [SEVERE ] updating countdown to 17476
[21:07:18.600] [SEVERE ] updating countdown to 17466
[21:07:18.611] [SEVERE ] updating countdown to 17455
[21:07:18.622] [SEVERE ] updating countdown to 17444
[21:07:18.635] [SEVERE ] updating countdown to 17431
[21:07:18.665] [SEVERE ] updating countdown to 17401
[21:07:18.681] [SEVERE ] updating countdown to 17385
[21:07:18.692] [SEVERE ] updating countdown to 17374
[21:07:18.702] [SEVERE ] updating countdown to 17364
[21:07:18.714] [SEVERE ] updating countdown to 17352
[21:07:18.737] [SEVERE ] updating countdown to 17329
[21:07:18.751] [SEVERE ] updating countdown to 17315
[21:07:18.768] [SEVERE ] updating countdown to 17298
[21:07:18.779] [SEVERE ] updating countdown to 17287
[21:07:18.790] [SEVERE ] updating countdown to 17276
[21:07:18.801] [SEVERE ] updating countdown to 17265
[21:07:18.818] [SEVERE ] updating countdown to 17248
[21:07:18.829] [SEVERE ] updating countdown to 17237
[21:07:18.841] [SEVERE ] updating countdown to 17225
[21:07:18.853] [SEVERE ] updating countdown to 17213
[21:07:18.867] [SEVERE ] updating countdown to 17199
[21:07:18.878] [SEVERE ] updating countdown to 17188
[21:07:18.889] [SEVERE ] updating countdown to 17177
[21:07:18.915] [SEVERE ] updating countdown to 17151
[21:07:18.934] [SEVERE ] updating countdown to 17132
[21:07:18.950] [SEVERE ] updating countdown to 17116
[21:07:18.965] [SEVERE ] updating countdown to 17101
[21:07:18.976] [SEVERE ] updating countdown to 17090
[21:07:18.987] [SEVERE ] updating countdown to 17079
[21:07:18.998] [SEVERE ] updating countdown to 17068
[21:07:19.009] [SEVERE ] updating countdown to 17057
[21:07:19.019] [SEVERE ] updating countdown to 17047
[21:07:19.030] [SEVERE ] updating countdown to 17036
[21:07:19.040] [SEVERE ] updating countdown to 17026
[21:07:19.051] [SEVERE ] updating countdown to 17015
[21:07:19.062] [SEVERE ] updating countdown to 17004
[21:07:19.072] [SEVERE ] updating countdown to 16994
[21:07:19.084] [SEVERE ] updating countdown to 16982
[21:07:19.094] [SEVERE ] updating countdown to 16972
[21:07:19.105] [SEVERE ] updating countdown to 16961
[21:07:19.115] [SEVERE ] updating countdown to 16951
[21:07:19.126] [SEVERE ] updating countdown to 16940
[21:07:19.136] [SEVERE ] updating countdown to 16930
[21:07:19.149] [SEVERE ] updating countdown to 16917
[21:07:19.160] [SEVERE ] updating countdown to 16906
[21:07:19.170] [SEVERE ] updating countdown to 16896
[21:07:19.181] [SEVERE ] updating countdown to 16885
[21:07:19.217] [SEVERE ] updating countdown to 16849
[21:07:19.227] [SEVERE ] updating countdown to 16839
[21:07:19.238] [SEVERE ] updating countdown to 16828
[21:07:19.249] [SEVERE ] updating countdown to 16817
[21:07:19.260] [SEVERE ] updating countdown to 16806
[21:07:19.291] [SEVERE ] updating countdown to 16775
[21:07:19.303] [SEVERE ] updating countdown to 16763
[21:07:19.316] [SEVERE ] updating countdown to 16750
[21:07:19.327] [SEVERE ] updating countdown to 16739
[21:07:19.338] [SEVERE ] updating countdown to 16728
[21:07:19.349] [SEVERE ] updating countdown to 16717
[21:07:19.359] [SEVERE ] updating countdown to 16707
[21:07:19.370] [SEVERE ] updating countdown to 16696
[21:07:19.380] [SEVERE ] updating countdown to 16686
[21:07:19.391] [SEVERE ] updating countdown to 16675
[21:07:19.402] [SEVERE ] updating countdown to 16664
[21:07:19.412] [SEVERE ] updating countdown to 16654
[21:07:19.423] [SEVERE ] updating countdown to 16643
[21:07:19.448] [SEVERE ] updating countdown to 16618
[21:07:19.459] [SEVERE ] updating countdown to 16607
[21:07:19.470] [SEVERE ] updating countdown to 16596
[21:07:19.481] [SEVERE ] updating countdown to 16585
[21:07:19.492] [SEVERE ] updating countdown to 16574
[21:07:19.524] [SEVERE ] updating countdown to 16542
[21:07:19.535] [SEVERE ] updating countdown to 16531
[21:07:19.547] [SEVERE ] updating countdown to 16519
[21:07:19.579] [SEVERE ] updating countdown to 16487
[21:07:19.590] [SEVERE ] updating countdown to 16476
[21:07:19.600] [SEVERE ] updating countdown to 16466
[21:07:19.611] [SEVERE ] updating countdown to 16455
[21:07:19.635] [SEVERE ] updating countdown to 16431
[21:07:19.646] [SEVERE ] updating countdown to 16420
[21:07:19.657] [SEVERE ] updating countdown to 16409
[21:07:19.668] [SEVERE ] updating countdown to 16398
