[21:09:58.133] [INFO   ] thread bguspl.set.Main.main() starting.
[21:09:58.141] [SEVERE ] cannot read configuration file config.properties trying from resources.
[21:09:58.145] [SEVERE ] configuration file was loaded from resources directory.
[21:09:59.442] [INFO   ] thread dealer starting.
[21:09:59.443] [INFO   ] thread dealer starting.
[21:09:59.548] [SEVERE ] placing card 40 in slot 0
[21:09:59.650] [SEVERE ] placing card 36 in slot 1
[21:09:59.751] [SEVERE ] placing card 57 in slot 2
[21:09:59.853] [SEVERE ] placing card 45 in slot 3
[21:09:59.956] [SEVERE ] placing card 77 in slot 4
[21:10:00.059] [SEVERE ] placing card 39 in slot 5
[21:10:00.160] [SEVERE ] placing card 29 in slot 6
[21:10:00.273] [SEVERE ] placing card 37 in slot 7
[21:10:00.376] [SEVERE ] placing card 28 in slot 8
[21:10:00.501] [SEVERE ] placing card 26 in slot 9
[21:10:00.603] [SEVERE ] placing card 41 in slot 10
[21:10:00.706] [SEVERE ] placing card 13 in slot 11
[21:10:00.707] [SEVERE ] updating countdown to 20000
[21:10:00.734] [SEVERE ] updating countdown to 19973
[21:10:00.761] [SEVERE ] updating countdown to 19946
[21:10:00.787] [SEVERE ] updating countdown to 19920
[21:10:00.815] [SEVERE ] updating countdown to 19892
[21:10:00.842] [SEVERE ] updating countdown to 19865
[21:10:00.868] [SEVERE ] updating countdown to 19839
[21:10:00.894] [SEVERE ] updating countdown to 19813
[21:10:00.920] [SEVERE ] updating countdown to 19787
[21:10:00.946] [SEVERE ] updating countdown to 19761
[21:10:01.000] [SEVERE ] updating countdown to 19707
[21:10:01.026] [SEVERE ] updating countdown to 19681
[21:10:01.053] [SEVERE ] updating countdown to 19654
[21:10:01.080] [SEVERE ] updating countdown to 19627
[21:10:01.128] [SEVERE ] updating countdown to 19579
[21:10:01.176] [SEVERE ] updating countdown to 19531
[21:10:01.202] [SEVERE ] updating countdown to 19506
[21:10:01.227] [SEVERE ] updating countdown to 19480
[21:10:01.253] [SEVERE ] updating countdown to 19454
[21:10:01.281] [SEVERE ] updating countdown to 19426
[21:10:01.307] [SEVERE ] updating countdown to 19401
[21:10:01.333] [SEVERE ] updating countdown to 19374
[21:10:01.359] [SEVERE ] updating countdown to 19348
[21:10:01.386] [SEVERE ] updating countdown to 19321
[21:10:01.413] [SEVERE ] updating countdown to 19294
[21:10:01.439] [SEVERE ] updating countdown to 19268
[21:10:01.465] [SEVERE ] updating countdown to 19242
[21:10:01.491] [SEVERE ] updating countdown to 19216
[21:10:01.518] [SEVERE ] updating countdown to 19189
[21:10:01.544] [SEVERE ] updating countdown to 19163
[21:10:01.571] [SEVERE ] updating countdown to 19136
[21:10:01.598] [SEVERE ] updating countdown to 19109
[21:10:01.624] [SEVERE ] updating countdown to 19083
[21:10:01.652] [SEVERE ] updating countdown to 19055
[21:10:01.688] [SEVERE ] updating countdown to 19019
[21:10:01.716] [SEVERE ] updating countdown to 18991
[21:10:01.742] [SEVERE ] updating countdown to 18965
[21:10:01.769] [SEVERE ] updating countdown to 18938
[21:10:01.796] [SEVERE ] updating countdown to 18911
[21:10:01.824] [SEVERE ] updating countdown to 18883
[21:10:01.855] [SEVERE ] updating countdown to 18852
[21:10:01.882] [SEVERE ] updating countdown to 18826
[21:10:01.939] [SEVERE ] updating countdown to 18768
[21:10:01.966] [SEVERE ] updating countdown to 18741
[21:10:01.992] [SEVERE ] updating countdown to 18715
[21:10:02.019] [SEVERE ] updating countdown to 18688
[21:10:02.072] [SEVERE ] updating countdown to 18635
[21:10:02.098] [SEVERE ] updating countdown to 18609
[21:10:02.124] [SEVERE ] updating countdown to 18583
[21:10:02.151] [SEVERE ] updating countdown to 18556
[21:10:02.179] [SEVERE ] updating countdown to 18528
[21:10:02.205] [SEVERE ] updating countdown to 18502
[21:10:02.257] [SEVERE ] updating countdown to 18451
[21:10:02.283] [SEVERE ] updating countdown to 18424
[21:10:02.309] [SEVERE ] updating countdown to 18398
[21:10:02.335] [SEVERE ] updating countdown to 18372
[21:10:02.373] [SEVERE ] updating countdown to 18334
[21:10:02.400] [SEVERE ] updating countdown to 18307
[21:10:02.428] [SEVERE ] updating countdown to 18279
[21:10:02.456] [SEVERE ] updating countdown to 18251
[21:10:02.482] [SEVERE ] updating countdown to 18225
[21:10:02.512] [SEVERE ] updating countdown to 18195
[21:10:02.538] [SEVERE ] updating countdown to 18169
[21:10:02.565] [SEVERE ] updating countdown to 18142
[21:10:02.592] [SEVERE ] updating countdown to 18115
[21:10:02.619] [SEVERE ] updating countdown to 18088
[21:10:02.645] [SEVERE ] updating countdown to 18062
[21:10:02.681] [SEVERE ] updating countdown to 18026
[21:10:02.707] [SEVERE ] updating countdown to 18000
[21:10:02.734] [SEVERE ] updating countdown to 17973
[21:10:02.760] [SEVERE ] updating countdown to 17947
[21:10:02.786] [SEVERE ] updating countdown to 17921
[21:10:02.837] [SEVERE ] updating countdown to 17870
[21:10:02.864] [SEVERE ] updating countdown to 17843
[21:10:02.890] [SEVERE ] updating countdown to 17817
[21:10:02.917] [SEVERE ] updating countdown to 17790
[21:10:02.943] [SEVERE ] updating countdown to 17764
[21:10:02.970] [SEVERE ] updating countdown to 17737
[21:10:02.996] [SEVERE ] updating countdown to 17711
[21:10:03.023] [SEVERE ] updating countdown to 17684
[21:10:03.049] [SEVERE ] updating countdown to 17658
[21:10:03.076] [SEVERE ] updating countdown to 17631
[21:10:03.102] [SEVERE ] updating countdown to 17605
[21:10:03.128] [SEVERE ] updating countdown to 17579
[21:10:03.155] [SEVERE ] updating countdown to 17552
[21:10:03.204] [SEVERE ] updating countdown to 17503
[21:10:03.230] [SEVERE ] updating countdown to 17477
[21:10:03.256] [SEVERE ] updating countdown to 17451
[21:10:03.282] [SEVERE ] updating countdown to 17425
[21:10:03.309] [SEVERE ] updating countdown to 17399
[21:10:03.410] [SEVERE ] updating countdown to 17297
[21:10:03.436] [SEVERE ] updating countdown to 17271
[21:10:03.462] [SEVERE ] updating countdown to 17246
[21:10:03.488] [SEVERE ] updating countdown to 17219
[21:10:03.515] [SEVERE ] updating countdown to 17192
[21:10:03.542] [SEVERE ] updating countdown to 17165
[21:10:03.570] [SEVERE ] updating countdown to 17137
[21:10:03.596] [SEVERE ] updating countdown to 17111
[21:10:03.622] [SEVERE ] updating countdown to 17085
[21:10:03.650] [SEVERE ] updating countdown to 17057
[21:10:03.676] [SEVERE ] updating countdown to 17031
[21:10:03.702] [SEVERE ] updating countdown to 17005
[21:10:03.728] [SEVERE ] updating countdown to 16979
[21:10:03.755] [SEVERE ] updating countdown to 16952
[21:10:03.782] [SEVERE ] updating countdown to 16925
[21:10:03.813] [SEVERE ] updating countdown to 16894
[21:10:03.893] [SEVERE ] updating countdown to 16814
[21:10:03.920] [SEVERE ] updating countdown to 16787
[21:10:03.948] [SEVERE ] updating countdown to 16759
[21:10:03.974] [SEVERE ] updating countdown to 16733
[21:10:04.010] [SEVERE ] updating countdown to 16697
[21:10:04.106] [SEVERE ] updating countdown to 16602
[21:10:04.133] [SEVERE ] updating countdown to 16574
[21:10:04.160] [SEVERE ] updating countdown to 16547
[21:10:04.187] [SEVERE ] updating countdown to 16520
[21:10:04.227] [SEVERE ] updating countdown to 16480
[21:10:04.268] [SEVERE ] updating countdown to 16439
[21:10:04.294] [SEVERE ] updating countdown to 16413
[21:10:04.324] [SEVERE ] updating countdown to 16384
[21:10:04.351] [SEVERE ] updating countdown to 16356
[21:10:04.382] [SEVERE ] updating countdown to 16325
[21:10:04.408] [SEVERE ] updating countdown to 16299
[21:10:04.434] [SEVERE ] updating countdown to 16273
[21:10:04.460] [SEVERE ] updating countdown to 16247
[21:10:04.486] [SEVERE ] updating countdown to 16221
[21:10:04.512] [SEVERE ] updating countdown to 16195
[21:10:04.540] [SEVERE ] updating countdown to 16167
[21:10:04.574] [SEVERE ] updating countdown to 16133
[21:10:04.600] [SEVERE ] updating countdown to 16107
[21:10:04.630] [SEVERE ] updating countdown to 16077
[21:10:04.656] [SEVERE ] updating countdown to 16051
[21:10:04.683] [SEVERE ] updating countdown to 16024
[21:10:04.710] [SEVERE ] updating countdown to 15997
[21:10:04.758] [SEVERE ] updating countdown to 15949
[21:10:04.786] [SEVERE ] updating countdown to 15921
[21:10:04.812] [SEVERE ] updating countdown to 15895
[21:10:04.849] [SEVERE ] updating countdown to 15858
[21:10:04.876] [SEVERE ] updating countdown to 15832
[21:10:04.902] [SEVERE ] updating countdown to 15805
[21:10:04.964] [SEVERE ] updating countdown to 15743
[21:10:04.990] [SEVERE ] updating countdown to 15717
[21:10:05.018] [SEVERE ] updating countdown to 15689
[21:10:05.076] [SEVERE ] updating countdown to 15631
[21:10:05.102] [SEVERE ] updating countdown to 15605
[21:10:05.128] [SEVERE ] updating countdown to 15579
[21:10:05.155] [SEVERE ] updating countdown to 15552
[21:10:05.184] [SEVERE ] updating countdown to 15523
[21:10:05.210] [SEVERE ] updating countdown to 15497
[21:10:05.268] [SEVERE ] updating countdown to 15440
[21:10:05.296] [SEVERE ] updating countdown to 15411
[21:10:05.324] [SEVERE ] updating countdown to 15383
[21:10:05.358] [SEVERE ] updating countdown to 15349
[21:10:05.387] [SEVERE ] updating countdown to 15320
[21:10:05.415] [SEVERE ] updating countdown to 15292
[21:10:05.443] [SEVERE ] updating countdown to 15264
[21:10:05.469] [SEVERE ] updating countdown to 15238
[21:10:05.495] [SEVERE ] updating countdown to 15212
[21:10:05.521] [SEVERE ] updating countdown to 15186
[21:10:05.546] [SEVERE ] updating countdown to 15161
[21:10:05.573] [SEVERE ] updating countdown to 15134
[21:10:05.632] [SEVERE ] updating countdown to 15075
[21:10:05.658] [SEVERE ] updating countdown to 15049
[21:10:05.685] [SEVERE ] updating countdown to 15022
[21:10:05.711] [SEVERE ] updating countdown to 14996
[21:10:05.751] [SEVERE ] updating countdown to 14956
[21:10:05.778] [SEVERE ] updating countdown to 14929
[21:10:05.804] [SEVERE ] updating countdown to 14903
[21:10:05.830] [SEVERE ] updating countdown to 14877
[21:10:05.857] [SEVERE ] updating countdown to 14850
[21:10:05.938] [SEVERE ] updating countdown to 14769
[21:10:05.964] [SEVERE ] updating countdown to 14743
[21:10:05.989] [SEVERE ] updating countdown to 14718
[21:10:06.015] [SEVERE ] updating countdown to 14692
[21:10:06.042] [SEVERE ] updating countdown to 14665
[21:10:06.093] [SEVERE ] updating countdown to 14614
[21:10:06.119] [SEVERE ] updating countdown to 14588
[21:10:06.159] [SEVERE ] updating countdown to 14548
[21:10:06.186] [SEVERE ] updating countdown to 14521
[21:10:06.233] [SEVERE ] updating countdown to 14474
[21:10:06.260] [SEVERE ] updating countdown to 14447
[21:10:06.286] [SEVERE ] updating countdown to 14421
[21:10:06.312] [SEVERE ] updating countdown to 14395
[21:10:06.338] [SEVERE ] updating countdown to 14369
[21:10:06.364] [SEVERE ] updating countdown to 14343
[21:10:06.390] [SEVERE ] updating countdown to 14317
[21:10:06.416] [SEVERE ] updating countdown to 14291
[21:10:06.442] [SEVERE ] updating countdown to 14265
[21:10:06.469] [SEVERE ] updating countdown to 14238
[21:10:06.495] [SEVERE ] updating countdown to 14212
[21:10:06.522] [SEVERE ] updating countdown to 14185
[21:10:06.548] [SEVERE ] updating countdown to 14160
[21:10:06.582] [SEVERE ] updating countdown to 14126
[21:10:06.608] [SEVERE ] updating countdown to 14099
[21:10:06.637] [SEVERE ] updating countdown to 14070
[21:10:06.663] [SEVERE ] updating countdown to 14044
[21:10:06.691] [SEVERE ] updating countdown to 14016
[21:10:06.718] [SEVERE ] updating countdown to 13989
[21:10:06.752] [SEVERE ] updating countdown to 13955
[21:10:06.778] [SEVERE ] updating countdown to 13929
[21:10:06.839] [SEVERE ] updating countdown to 13868
[21:10:06.865] [SEVERE ] updating countdown to 13842
[21:10:06.892] [SEVERE ] updating countdown to 13815
[21:10:06.919] [SEVERE ] updating countdown to 13788
[21:10:06.945] [SEVERE ] updating countdown to 13762
[21:10:06.973] [SEVERE ] updating countdown to 13734
[21:10:06.999] [SEVERE ] updating countdown to 13708
[21:10:07.025] [SEVERE ] updating countdown to 13682
[21:10:07.051] [SEVERE ] updating countdown to 13656
[21:10:07.080] [SEVERE ] updating countdown to 13627
[21:10:07.123] [SEVERE ] updating countdown to 13584
[21:10:07.150] [SEVERE ] updating countdown to 13558
[21:10:07.176] [SEVERE ] updating countdown to 13531
[21:10:07.203] [SEVERE ] updating countdown to 13504
[21:10:07.229] [SEVERE ] updating countdown to 13478
[21:10:07.255] [SEVERE ] updating countdown to 13452
[21:10:07.288] [SEVERE ] updating countdown to 13419
[21:10:07.314] [SEVERE ] updating countdown to 13393
[21:10:07.357] [SEVERE ] updating countdown to 13350
[21:10:07.383] [SEVERE ] updating countdown to 13324
[21:10:07.411] [SEVERE ] updating countdown to 13296
[21:10:07.439] [SEVERE ] updating countdown to 13268
[21:10:07.466] [SEVERE ] updating countdown to 13241
[21:10:07.492] [SEVERE ] updating countdown to 13215
[21:10:07.518] [SEVERE ] updating countdown to 13189
[21:10:07.544] [SEVERE ] updating countdown to 13163
[21:10:07.570] [SEVERE ] updating countdown to 13137
[21:10:07.596] [SEVERE ] updating countdown to 13111
[21:10:07.622] [SEVERE ] updating countdown to 13085
[21:10:07.660] [SEVERE ] updating countdown to 13047
[21:10:07.686] [SEVERE ] updating countdown to 13021
[21:10:07.712] [SEVERE ] updating countdown to 12995
[21:10:07.738] [SEVERE ] updating countdown to 12969
[21:10:07.764] [SEVERE ] updating countdown to 12943
[21:10:07.790] [SEVERE ] updating countdown to 12917
[21:10:07.817] [SEVERE ] updating countdown to 12891
[21:10:07.849] [SEVERE ] updating countdown to 12858
[21:10:07.875] [SEVERE ] updating countdown to 12832
[21:10:07.900] [SEVERE ] updating countdown to 12807
[21:10:07.926] [SEVERE ] updating countdown to 12781
[21:10:07.952] [SEVERE ] updating countdown to 12755
[21:10:07.978] [SEVERE ] updating countdown to 12729
[21:10:08.006] [SEVERE ] updating countdown to 12701
[21:10:08.032] [SEVERE ] updating countdown to 12675
[21:10:08.058] [SEVERE ] updating countdown to 12649
[21:10:08.085] [SEVERE ] updating countdown to 12622
[21:10:08.111] [SEVERE ] updating countdown to 12596
[21:10:08.138] [SEVERE ] updating countdown to 12569
[21:10:08.164] [SEVERE ] updating countdown to 12544
[21:10:08.191] [SEVERE ] updating countdown to 12516
[21:10:08.225] [SEVERE ] updating countdown to 12482
[21:10:08.251] [SEVERE ] updating countdown to 12456
[21:10:08.277] [SEVERE ] updating countdown to 12430
[21:10:08.304] [SEVERE ] updating countdown to 12404
[21:10:08.331] [SEVERE ] updating countdown to 12376
[21:10:08.358] [SEVERE ] updating countdown to 12349
[21:10:08.434] [SEVERE ] updating countdown to 12273
[21:10:08.460] [SEVERE ] updating countdown to 12247
[21:10:08.486] [SEVERE ] updating countdown to 12221
[21:10:08.512] [SEVERE ] updating countdown to 12195
[21:10:08.538] [SEVERE ] updating countdown to 12169
[21:10:08.563] [SEVERE ] updating countdown to 12144
[21:10:08.589] [SEVERE ] updating countdown to 12118
[21:10:08.616] [SEVERE ] updating countdown to 12091
[21:10:08.645] [SEVERE ] updating countdown to 12062
[21:10:08.754] [SEVERE ] updating countdown to 11953
[21:10:08.780] [SEVERE ] updating countdown to 11927
[21:10:08.807] [SEVERE ] updating countdown to 11901
[21:10:08.834] [SEVERE ] updating countdown to 11873
[21:10:08.875] [SEVERE ] updating countdown to 11832
[21:10:08.901] [SEVERE ] updating countdown to 11806
[21:10:08.927] [SEVERE ] updating countdown to 11780
[21:10:08.955] [SEVERE ] updating countdown to 11752
[21:10:08.991] [SEVERE ] updating countdown to 11716
[21:10:09.018] [SEVERE ] updating countdown to 11689
[21:10:09.045] [SEVERE ] updating countdown to 11662
[21:10:09.071] [SEVERE ] updating countdown to 11636
[21:10:09.096] [SEVERE ] updating countdown to 11611
[21:10:09.122] [SEVERE ] updating countdown to 11585
[21:10:09.151] [SEVERE ] updating countdown to 11556
[21:10:09.177] [SEVERE ] updating countdown to 11530
[21:10:09.203] [SEVERE ] updating countdown to 11504
[21:10:09.229] [SEVERE ] updating countdown to 11478
[21:10:09.256] [SEVERE ] updating countdown to 11451
[21:10:09.283] [SEVERE ] updating countdown to 11424
[21:10:09.309] [SEVERE ] updating countdown to 11398
[21:10:09.336] [SEVERE ] updating countdown to 11371
[21:10:09.362] [SEVERE ] updating countdown to 11345
[21:10:09.389] [SEVERE ] updating countdown to 11318
[21:10:09.452] [SEVERE ] updating countdown to 11255
[21:10:09.478] [SEVERE ] updating countdown to 11229
[21:10:09.504] [SEVERE ] updating countdown to 11203
[21:10:09.532] [SEVERE ] updating countdown to 11175
[21:10:09.559] [SEVERE ] updating countdown to 11148
[21:10:09.585] [SEVERE ] updating countdown to 11122
[21:10:09.611] [SEVERE ] updating countdown to 11096
[21:10:09.637] [SEVERE ] updating countdown to 11070
[21:10:09.663] [SEVERE ] updating countdown to 11044
[21:10:09.689] [SEVERE ] updating countdown to 11018
[21:10:09.715] [SEVERE ] updating countdown to 10992
[21:10:09.741] [SEVERE ] updating countdown to 10966
[21:10:09.766] [SEVERE ] updating countdown to 10941
[21:10:09.792] [SEVERE ] updating countdown to 10915
[21:10:09.818] [SEVERE ] updating countdown to 10889
[21:10:09.844] [SEVERE ] updating countdown to 10863
[21:10:09.900] [SEVERE ] updating countdown to 10807
[21:10:09.926] [SEVERE ] updating countdown to 10781
[21:10:09.969] [SEVERE ] updating countdown to 10738
[21:10:09.994] [SEVERE ] updating countdown to 10713
[21:10:10.020] [SEVERE ] updating countdown to 10687
[21:10:10.046] [SEVERE ] updating countdown to 10661
[21:10:10.072] [SEVERE ] updating countdown to 10635
[21:10:10.101] [SEVERE ] updating countdown to 10606
[21:10:10.201] [SEVERE ] updating countdown to 10506
[21:10:10.228] [SEVERE ] updating countdown to 10479
[21:10:10.258] [SEVERE ] updating countdown to 10449
[21:10:10.285] [SEVERE ] updating countdown to 10422
[21:10:10.311] [SEVERE ] updating countdown to 10396
[21:10:10.337] [SEVERE ] updating countdown to 10370
[21:10:10.363] [SEVERE ] updating countdown to 10344
[21:10:10.389] [SEVERE ] updating countdown to 10318
[21:10:10.419] [SEVERE ] updating countdown to 10288
[21:10:10.445] [SEVERE ] updating countdown to 10262
[21:10:10.471] [SEVERE ] updating countdown to 10236
[21:10:10.502] [SEVERE ] updating countdown to 10205
[21:10:10.528] [SEVERE ] updating countdown to 10179
[21:10:10.555] [SEVERE ] updating countdown to 10152
[21:10:10.581] [SEVERE ] updating countdown to 10126
[21:10:10.608] [SEVERE ] updating countdown to 10099
[21:10:10.634] [SEVERE ] updating countdown to 10073
[21:10:10.661] [SEVERE ] updating countdown to 10046
[21:10:10.703] [SEVERE ] updating countdown to 10004
[21:10:10.730] [SEVERE ] updating countdown to 9977
[21:10:10.767] [SEVERE ] updating countdown to 9940
[21:10:10.807] [SEVERE ] updating countdown to 9900
[21:10:10.847] [SEVERE ] updating countdown to 9860
[21:10:10.873] [SEVERE ] updating countdown to 9834
[21:10:10.898] [SEVERE ] updating countdown to 9809
[21:10:10.927] [SEVERE ] updating countdown to 9780
[21:10:10.953] [SEVERE ] updating countdown to 9754
[21:10:10.979] [SEVERE ] updating countdown to 9728
[21:10:11.004] [SEVERE ] updating countdown to 9703
[21:10:11.030] [SEVERE ] updating countdown to 9677
[21:10:11.055] [SEVERE ] updating countdown to 9652
[21:10:11.081] [SEVERE ] updating countdown to 9626
[21:10:11.107] [SEVERE ] updating countdown to 9600
[21:10:11.133] [SEVERE ] updating countdown to 9574
[21:10:11.159] [SEVERE ] updating countdown to 9548
[21:10:11.194] [SEVERE ] updating countdown to 9513
[21:10:11.237] [SEVERE ] updating countdown to 9470
[21:10:11.263] [SEVERE ] updating countdown to 9444
[21:10:11.290] [SEVERE ] updating countdown to 9417
[21:10:11.317] [SEVERE ] updating countdown to 9391
[21:10:11.345] [SEVERE ] updating countdown to 9362
[21:10:11.371] [SEVERE ] updating countdown to 9336
[21:10:11.438] [SEVERE ] updating countdown to 9269
[21:10:11.469] [SEVERE ] updating countdown to 9238
[21:10:11.496] [SEVERE ] updating countdown to 9211
[21:10:11.525] [SEVERE ] updating countdown to 9182
[21:10:11.568] [SEVERE ] updating countdown to 9139
[21:10:11.594] [SEVERE ] updating countdown to 9113
[21:10:11.620] [SEVERE ] updating countdown to 9087
[21:10:11.646] [SEVERE ] updating countdown to 9061
[21:10:11.673] [SEVERE ] updating countdown to 9034
[21:10:11.701] [SEVERE ] updating countdown to 9006
[21:10:11.741] [SEVERE ] updating countdown to 8966
[21:10:11.768] [SEVERE ] updating countdown to 8939
[21:10:11.799] [SEVERE ] updating countdown to 8908
[21:10:11.825] [SEVERE ] updating countdown to 8882
[21:10:11.854] [SEVERE ] updating countdown to 8853
[21:10:11.881] [SEVERE ] updating countdown to 8826
[21:10:11.963] [SEVERE ] updating countdown to 8744
[21:10:11.988] [SEVERE ] updating countdown to 8719
[21:10:12.018] [SEVERE ] updating countdown to 8689
[21:10:12.044] [SEVERE ] updating countdown to 8663
[21:10:12.070] [SEVERE ] updating countdown to 8637
[21:10:12.095] [SEVERE ] updating countdown to 8612
[21:10:12.140] [SEVERE ] updating countdown to 8567
[21:10:12.166] [SEVERE ] updating countdown to 8541
[21:10:12.193] [SEVERE ] updating countdown to 8514
[21:10:12.222] [SEVERE ] updating countdown to 8485
[21:10:12.249] [SEVERE ] updating countdown to 8458
[21:10:12.282] [SEVERE ] updating countdown to 8425
[21:10:12.329] [SEVERE ] updating countdown to 8378
[21:10:12.355] [SEVERE ] updating countdown to 8352
[21:10:12.381] [SEVERE ] updating countdown to 8326
[21:10:12.408] [SEVERE ] updating countdown to 8299
[21:10:12.434] [SEVERE ] updating countdown to 8273
[21:10:12.460] [SEVERE ] updating countdown to 8247
[21:10:12.491] [SEVERE ] updating countdown to 8216
[21:10:12.518] [SEVERE ] updating countdown to 8189
[21:10:12.565] [SEVERE ] updating countdown to 8142
[21:10:12.600] [SEVERE ] updating countdown to 8107
[21:10:12.635] [SEVERE ] updating countdown to 8072
[21:10:12.662] [SEVERE ] updating countdown to 8045
[21:10:12.688] [SEVERE ] updating countdown to 8019
[21:10:12.715] [SEVERE ] updating countdown to 7992
[21:10:12.745] [SEVERE ] updating countdown to 7962
[21:10:12.787] [SEVERE ] updating countdown to 7920
[21:10:12.812] [SEVERE ] updating countdown to 7895
[21:10:12.839] [SEVERE ] updating countdown to 7868
[21:10:12.877] [SEVERE ] updating countdown to 7830
[21:10:12.903] [SEVERE ] updating countdown to 7804
[21:10:12.929] [SEVERE ] updating countdown to 7778
[21:10:12.955] [SEVERE ] updating countdown to 7752
[21:10:12.982] [SEVERE ] updating countdown to 7725
[21:10:13.014] [SEVERE ] updating countdown to 7693
[21:10:13.040] [SEVERE ] updating countdown to 7667
[21:10:13.066] [SEVERE ] updating countdown to 7641
[21:10:13.092] [SEVERE ] updating countdown to 7615
[21:10:13.122] [SEVERE ] updating countdown to 7585
[21:10:13.152] [SEVERE ] updating countdown to 7555
[21:10:13.201] [SEVERE ] updating countdown to 7506
[21:10:13.227] [SEVERE ] updating countdown to 7480
[21:10:13.255] [SEVERE ] updating countdown to 7452
[21:10:13.302] [SEVERE ] updating countdown to 7405
[21:10:13.330] [SEVERE ] updating countdown to 7377
[21:10:13.369] [SEVERE ] updating countdown to 7338
[21:10:13.394] [SEVERE ] updating countdown to 7313
[21:10:13.421] [SEVERE ] updating countdown to 7286
[21:10:13.448] [SEVERE ] updating countdown to 7259
[21:10:13.475] [SEVERE ] updating countdown to 7232
[21:10:13.538] [SEVERE ] updating countdown to 7169
[21:10:13.565] [SEVERE ] updating countdown to 7142
[21:10:13.593] [SEVERE ] updating countdown to 7114
[21:10:13.622] [SEVERE ] updating countdown to 7085
[21:10:13.657] [SEVERE ] updating countdown to 7050
[21:10:13.683] [SEVERE ] updating countdown to 7024
[21:10:13.718] [SEVERE ] updating countdown to 6989
[21:10:13.746] [SEVERE ] updating countdown to 6961
[21:10:13.775] [SEVERE ] updating countdown to 6932
[21:10:13.805] [SEVERE ] updating countdown to 6902
[21:10:13.835] [SEVERE ] updating countdown to 6872
[21:10:13.891] [SEVERE ] updating countdown to 6816
[21:10:13.917] [SEVERE ] updating countdown to 6790
[21:10:13.945] [SEVERE ] updating countdown to 6762
[21:10:13.971] [SEVERE ] updating countdown to 6736
[21:10:13.999] [SEVERE ] updating countdown to 6708
[21:10:14.043] [SEVERE ] updating countdown to 6664
[21:10:14.069] [SEVERE ] updating countdown to 6638
[21:10:14.095] [SEVERE ] updating countdown to 6612
[21:10:14.121] [SEVERE ] updating countdown to 6586
[21:10:14.146] [SEVERE ] updating countdown to 6561
[21:10:14.172] [SEVERE ] updating countdown to 6535
[21:10:14.213] [SEVERE ] updating countdown to 6494
[21:10:14.239] [SEVERE ] updating countdown to 6468
[21:10:14.265] [SEVERE ] updating countdown to 6442
[21:10:14.313] [SEVERE ] updating countdown to 6394
[21:10:14.344] [SEVERE ] updating countdown to 6363
[21:10:14.401] [SEVERE ] updating countdown to 6306
[21:10:14.427] [SEVERE ] updating countdown to 6280
[21:10:14.455] [SEVERE ] updating countdown to 6252
[21:10:14.484] [SEVERE ] updating countdown to 6223
[21:10:14.511] [SEVERE ] updating countdown to 6196
[21:10:14.537] [SEVERE ] updating countdown to 6170
[21:10:14.578] [SEVERE ] updating countdown to 6129
[21:10:14.604] [SEVERE ] updating countdown to 6103
[21:10:14.641] [SEVERE ] updating countdown to 6066
[21:10:14.667] [SEVERE ] updating countdown to 6040
[21:10:14.693] [SEVERE ] updating countdown to 6014
[21:10:14.765] [SEVERE ] updating countdown to 5942
[21:10:14.792] [SEVERE ] updating countdown to 5915
[21:10:14.822] [SEVERE ] updating countdown to 5885
[21:10:14.849] [SEVERE ] updating countdown to 5858
[21:10:14.875] [SEVERE ] updating countdown to 5832
[21:10:14.946] [SEVERE ] updating countdown to 5761
[21:10:14.972] [SEVERE ] updating countdown to 5735
[21:10:14.998] [SEVERE ] updating countdown to 5709
[21:10:15.025] [SEVERE ] updating countdown to 5682
[21:10:15.057] [SEVERE ] updating countdown to 5650
[21:10:15.083] [SEVERE ] updating countdown to 5624
[21:10:15.138] [SEVERE ] updating countdown to 5569
[21:10:15.176] [SEVERE ] updating countdown to 5531
[21:10:15.202] [SEVERE ] updating countdown to 5505
[21:10:15.230] [SEVERE ] updating countdown to 5477
[21:10:15.256] [SEVERE ] updating countdown to 5451
[21:10:15.282] [SEVERE ] updating countdown to 5425
[21:10:15.311] [SEVERE ] updating countdown to 5396
[21:10:15.337] [SEVERE ] updating countdown to 5370
[21:10:15.364] [SEVERE ] updating countdown to 5343
[21:10:15.390] [SEVERE ] updating countdown to 5317
[21:10:15.416] [SEVERE ] updating countdown to 5291
[21:10:15.443] [SEVERE ] updating countdown to 5264
[21:10:15.469] [SEVERE ] updating countdown to 5238
[21:10:15.495] [SEVERE ] updating countdown to 5212
[21:10:15.522] [SEVERE ] updating countdown to 5185
[21:10:15.552] [SEVERE ] updating countdown to 5155
[21:10:15.580] [SEVERE ] updating countdown to 5127
[21:10:15.607] [SEVERE ] updating countdown to 5100
[21:10:15.633] [SEVERE ] updating countdown to 5074
[21:10:15.662] [SEVERE ] updating countdown to 5045
[21:10:15.688] [SEVERE ] updating countdown to 5019
[21:10:19.707] [SEVERE ] updating countdown to 1000
[21:10:20.808] [SEVERE ] removing card from slot 0
[21:10:20.909] [SEVERE ] removing card from slot 1
[21:10:21.010] [SEVERE ] removing card from slot 2
[21:10:21.111] [SEVERE ] removing card from slot 3
[21:10:21.212] [SEVERE ] removing card from slot 4
[21:10:21.324] [SEVERE ] removing card from slot 5
[21:10:21.432] [SEVERE ] removing card from slot 6
[21:10:21.533] [SEVERE ] removing card from slot 7
[21:10:21.660] [SEVERE ] removing card from slot 8
[21:10:21.762] [SEVERE ] removing card from slot 9
[21:10:21.863] [SEVERE ] removing card from slot 10
[21:10:21.964] [SEVERE ] removing card from slot 11
[21:10:22.067] [SEVERE ] placing card 68 in slot 0
[21:10:22.170] [SEVERE ] placing card 80 in slot 1
[21:10:22.273] [SEVERE ] placing card 14 in slot 2
[21:10:22.374] [SEVERE ] placing card 46 in slot 3
[21:10:22.478] [SEVERE ] placing card 5 in slot 4
[21:10:22.579] [SEVERE ] placing card 12 in slot 5
[21:10:22.680] [SEVERE ] placing card 27 in slot 6
[21:10:22.788] [SEVERE ] placing card 17 in slot 7
[21:10:22.892] [SEVERE ] placing card 3 in slot 8
[21:10:22.993] [SEVERE ] placing card 48 in slot 9
[21:10:23.094] [SEVERE ] placing card 9 in slot 10
[21:10:23.195] [SEVERE ] placing card 6 in slot 11
[21:10:23.229] [SEVERE ] updating countdown to 20000
[21:10:23.255] [SEVERE ] updating countdown to 19974
[21:10:23.287] [SEVERE ] updating countdown to 19942
[21:10:23.312] [SEVERE ] updating countdown to 19917
[21:10:23.339] [SEVERE ] updating countdown to 19890
[21:10:23.372] [SEVERE ] updating countdown to 19857
[21:10:23.399] [SEVERE ] updating countdown to 19830
[21:10:23.451] [SEVERE ] updating countdown to 19778
[21:10:23.480] [SEVERE ] updating countdown to 19749
[21:10:23.506] [SEVERE ] updating countdown to 19723
[21:10:23.538] [SEVERE ] updating countdown to 19691
[21:10:23.567] [SEVERE ] updating countdown to 19662
[21:10:23.595] [SEVERE ] updating countdown to 19634
[21:10:23.636] [SEVERE ] updating countdown to 19593
[21:10:23.662] [SEVERE ] updating countdown to 19567
[21:10:23.689] [SEVERE ] updating countdown to 19540
[21:10:23.715] [SEVERE ] updating countdown to 19514
[21:10:23.746] [SEVERE ] updating countdown to 19483
[21:10:23.772] [SEVERE ] updating countdown to 19457
[21:10:23.798] [SEVERE ] updating countdown to 19431
[21:10:23.834] [SEVERE ] updating countdown to 19395
[21:10:23.861] [SEVERE ] updating countdown to 19368
[21:10:23.889] [SEVERE ] updating countdown to 19340
[21:10:23.915] [SEVERE ] updating countdown to 19314
[21:10:23.941] [SEVERE ] updating countdown to 19288
[21:10:23.968] [SEVERE ] updating countdown to 19261
[21:10:23.995] [SEVERE ] updating countdown to 19234
[21:10:24.042] [SEVERE ] updating countdown to 19187
[21:10:24.069] [SEVERE ] updating countdown to 19160
[21:10:24.095] [SEVERE ] updating countdown to 19134
[21:10:24.123] [SEVERE ] updating countdown to 19106
[21:10:24.149] [SEVERE ] updating countdown to 19080
[21:10:24.174] [SEVERE ] updating countdown to 19055
[21:10:24.200] [SEVERE ] updating countdown to 19029
[21:10:24.226] [SEVERE ] updating countdown to 19003
[21:10:24.252] [SEVERE ] updating countdown to 18977
[21:10:24.283] [SEVERE ] updating countdown to 18946
[21:10:24.309] [SEVERE ] updating countdown to 18920
[21:10:24.335] [SEVERE ] updating countdown to 18894
[21:10:24.360] [SEVERE ] updating countdown to 18869
[21:10:24.392] [SEVERE ] updating countdown to 18837
[21:10:24.418] [SEVERE ] updating countdown to 18811
[21:10:24.445] [SEVERE ] updating countdown to 18784
[21:10:24.471] [SEVERE ] updating countdown to 18758
[21:10:24.505] [SEVERE ] updating countdown to 18724
[21:10:24.531] [SEVERE ] updating countdown to 18698
[21:10:24.557] [SEVERE ] updating countdown to 18672
[21:10:24.582] [SEVERE ] updating countdown to 18647
[21:10:24.608] [SEVERE ] updating countdown to 18621
[21:10:24.634] [SEVERE ] updating countdown to 18595
[21:10:24.660] [SEVERE ] updating countdown to 18569
[21:10:24.687] [SEVERE ] updating countdown to 18542
[21:10:24.714] [SEVERE ] updating countdown to 18515
[21:10:24.740] [SEVERE ] updating countdown to 18489
[21:10:24.766] [SEVERE ] updating countdown to 18463
[21:10:24.810] [SEVERE ] updating countdown to 18419
[21:10:24.836] [SEVERE ] updating countdown to 18393
[21:10:24.875] [SEVERE ] updating countdown to 18354
[21:10:24.900] [SEVERE ] updating countdown to 18329
[21:10:24.966] [SEVERE ] updating countdown to 18263
[21:10:24.992] [SEVERE ] updating countdown to 18237
[21:10:25.018] [SEVERE ] updating countdown to 18211
[21:10:25.046] [SEVERE ] updating countdown to 18183
[21:10:25.074] [SEVERE ] updating countdown to 18155
[21:10:25.100] [SEVERE ] updating countdown to 18129
[21:10:25.126] [SEVERE ] updating countdown to 18103
[21:10:25.152] [SEVERE ] updating countdown to 18077
[21:10:25.178] [SEVERE ] updating countdown to 18051
[21:10:25.205] [SEVERE ] updating countdown to 18024
[21:10:25.268] [SEVERE ] updating countdown to 17961
[21:10:25.294] [SEVERE ] updating countdown to 17935
[21:10:25.321] [SEVERE ] updating countdown to 17908
[21:10:25.348] [SEVERE ] updating countdown to 17881
[21:10:25.378] [SEVERE ] updating countdown to 17851
[21:10:25.455] [SEVERE ] updating countdown to 17774
[21:10:25.482] [SEVERE ] updating countdown to 17747
[21:10:25.515] [SEVERE ] updating countdown to 17714
[21:10:25.542] [SEVERE ] updating countdown to 17687
[21:10:25.606] [SEVERE ] updating countdown to 17623
[21:10:25.632] [SEVERE ] updating countdown to 17597
[21:10:25.696] [SEVERE ] updating countdown to 17533
[21:10:25.722] [SEVERE ] updating countdown to 17507
[21:10:25.748] [SEVERE ] updating countdown to 17481
[21:10:25.812] [SEVERE ] updating countdown to 17417
[21:10:25.839] [SEVERE ] updating countdown to 17390
[21:10:25.916] [SEVERE ] updating countdown to 17313
[21:10:25.942] [SEVERE ] updating countdown to 17287
[21:10:25.968] [SEVERE ] updating countdown to 17261
[21:10:25.993] [SEVERE ] updating countdown to 17236
[21:10:26.019] [SEVERE ] updating countdown to 17210
[21:10:26.045] [SEVERE ] updating countdown to 17184
[21:10:26.100] [SEVERE ] updating countdown to 17129
[21:10:26.126] [SEVERE ] updating countdown to 17103
[21:10:26.154] [SEVERE ] updating countdown to 17075
[21:10:26.180] [SEVERE ] updating countdown to 17049
[21:10:26.223] [SEVERE ] updating countdown to 17006
[21:10:26.248] [SEVERE ] updating countdown to 16981
[21:10:26.275] [SEVERE ] updating countdown to 16954
[21:10:26.303] [SEVERE ] updating countdown to 16926
[21:10:26.329] [SEVERE ] updating countdown to 16900
[21:10:26.355] [SEVERE ] updating countdown to 16874
[21:10:26.381] [SEVERE ] updating countdown to 16848
[21:10:26.407] [SEVERE ] updating countdown to 16822
[21:10:26.436] [SEVERE ] updating countdown to 16793
[21:10:26.462] [SEVERE ] updating countdown to 16767
[21:10:26.488] [SEVERE ] updating countdown to 16741
[21:10:26.514] [SEVERE ] updating countdown to 16715
[21:10:26.541] [SEVERE ] updating countdown to 16688
[21:10:26.567] [SEVERE ] updating countdown to 16662
[21:10:26.604] [SEVERE ] updating countdown to 16625
[21:10:26.630] [SEVERE ] updating countdown to 16599
[21:10:26.657] [SEVERE ] updating countdown to 16572
[21:10:26.693] [SEVERE ] updating countdown to 16536
[21:10:26.720] [SEVERE ] updating countdown to 16509
[21:10:26.746] [SEVERE ] updating countdown to 16483
[21:10:26.780] [SEVERE ] updating countdown to 16449
[21:10:26.807] [SEVERE ] updating countdown to 16422
[21:10:26.835] [SEVERE ] updating countdown to 16395
[21:10:26.867] [SEVERE ] updating countdown to 16362
[21:10:26.894] [SEVERE ] updating countdown to 16335
[21:10:26.934] [SEVERE ] updating countdown to 16295
[21:10:26.960] [SEVERE ] updating countdown to 16269
[21:10:26.997] [SEVERE ] updating countdown to 16232
[21:10:27.031] [SEVERE ] updating countdown to 16198
[21:10:27.056] [SEVERE ] updating countdown to 16173
[21:10:27.082] [SEVERE ] updating countdown to 16147
[21:10:27.127] [SEVERE ] updating countdown to 16102
[21:10:27.153] [SEVERE ] updating countdown to 16076
[21:10:27.179] [SEVERE ] updating countdown to 16050
[21:10:27.205] [SEVERE ] updating countdown to 16024
[21:10:27.231] [SEVERE ] updating countdown to 15998
[21:10:27.311] [SEVERE ] updating countdown to 15918
[21:10:27.337] [SEVERE ] updating countdown to 15892
[21:10:27.364] [SEVERE ] updating countdown to 15865
[21:10:27.398] [SEVERE ] updating countdown to 15831
[21:10:27.426] [SEVERE ] updating countdown to 15803
[21:10:27.453] [SEVERE ] updating countdown to 15776
[21:10:27.485] [SEVERE ] updating countdown to 15744
[21:10:27.512] [SEVERE ] updating countdown to 15717
[21:10:27.550] [SEVERE ] updating countdown to 15679
[21:10:27.583] [SEVERE ] updating countdown to 15646
[21:10:27.611] [SEVERE ] updating countdown to 15618
[21:10:27.639] [SEVERE ] updating countdown to 15590
[21:10:27.665] [SEVERE ] updating countdown to 15564
[21:10:27.709] [SEVERE ] updating countdown to 15520
[21:10:27.739] [SEVERE ] updating countdown to 15490
[21:10:27.765] [SEVERE ] updating countdown to 15464
[21:10:27.813] [SEVERE ] updating countdown to 15416
[21:10:27.838] [SEVERE ] updating countdown to 15391
[21:10:27.864] [SEVERE ] updating countdown to 15365
[21:10:27.891] [SEVERE ] updating countdown to 15338
[21:10:27.921] [SEVERE ] updating countdown to 15308
[21:10:27.947] [SEVERE ] updating countdown to 15282
[21:10:27.974] [SEVERE ] updating countdown to 15255
[21:10:28.001] [SEVERE ] updating countdown to 15228
[21:10:28.046] [SEVERE ] updating countdown to 15183
[21:10:28.083] [SEVERE ] updating countdown to 15146
[21:10:28.111] [SEVERE ] updating countdown to 15118
[21:10:28.137] [SEVERE ] updating countdown to 15092
[21:10:28.164] [SEVERE ] updating countdown to 15065
[21:10:28.190] [SEVERE ] updating countdown to 15039
[21:10:28.218] [SEVERE ] updating countdown to 15011
[21:10:28.244] [SEVERE ] updating countdown to 14985
[21:10:28.271] [SEVERE ] updating countdown to 14958
[21:10:28.297] [SEVERE ] updating countdown to 14932
[21:10:28.382] [SEVERE ] updating countdown to 14847
[21:10:28.409] [SEVERE ] updating countdown to 14820
[21:10:28.438] [SEVERE ] updating countdown to 14791
[21:10:28.466] [SEVERE ] updating countdown to 14763
[21:10:28.509] [SEVERE ] updating countdown to 14720
[21:10:28.540] [SEVERE ] updating countdown to 14689
[21:10:28.566] [SEVERE ] updating countdown to 14663
[21:10:28.593] [SEVERE ] updating countdown to 14636
[21:10:28.619] [SEVERE ] updating countdown to 14610
[21:10:28.645] [SEVERE ] updating countdown to 14584
[21:10:28.673] [SEVERE ] updating countdown to 14556
[21:10:28.699] [SEVERE ] updating countdown to 14530
[21:10:28.725] [SEVERE ] updating countdown to 14504
[21:10:28.752] [SEVERE ] updating countdown to 14477
[21:10:28.778] [SEVERE ] updating countdown to 14451
[21:10:28.805] [SEVERE ] updating countdown to 14424
[21:10:28.831] [SEVERE ] updating countdown to 14398
[21:10:28.858] [SEVERE ] updating countdown to 14371
[21:10:28.889] [SEVERE ] updating countdown to 14340
[21:10:28.915] [SEVERE ] updating countdown to 14314
[21:10:28.949] [SEVERE ] updating countdown to 14280
[21:10:28.976] [SEVERE ] updating countdown to 14253
[21:10:29.002] [SEVERE ] updating countdown to 14227
[21:10:29.028] [SEVERE ] updating countdown to 14201
[21:10:29.069] [SEVERE ] updating countdown to 14160
[21:10:29.095] [SEVERE ] updating countdown to 14134
[21:10:29.121] [SEVERE ] updating countdown to 14108
[21:10:29.146] [SEVERE ] updating countdown to 14083
[21:10:29.175] [SEVERE ] updating countdown to 14054
[21:10:29.201] [SEVERE ] updating countdown to 14028
[21:10:29.232] [SEVERE ] updating countdown to 13997
[21:10:29.257] [SEVERE ] updating countdown to 13972
[21:10:29.283] [SEVERE ] updating countdown to 13946
[21:10:29.309] [SEVERE ] updating countdown to 13920
[21:10:29.337] [SEVERE ] updating countdown to 13892
[21:10:29.409] [SEVERE ] updating countdown to 13820
[21:10:29.434] [SEVERE ] updating countdown to 13795
[21:10:29.460] [SEVERE ] updating countdown to 13769
[21:10:29.487] [SEVERE ] updating countdown to 13742
[21:10:29.515] [SEVERE ] updating countdown to 13714
[21:10:29.542] [SEVERE ] updating countdown to 13687
[21:10:29.579] [SEVERE ] updating countdown to 13650
[21:10:29.609] [SEVERE ] updating countdown to 13620
[21:10:29.636] [SEVERE ] updating countdown to 13593
[21:10:29.703] [SEVERE ] updating countdown to 13526
[21:10:29.729] [SEVERE ] updating countdown to 13500
[21:10:29.755] [SEVERE ] updating countdown to 13474
[21:10:29.781] [SEVERE ] updating countdown to 13448
[21:10:29.808] [SEVERE ] updating countdown to 13421
[21:10:29.851] [SEVERE ] updating countdown to 13378
[21:10:29.878] [SEVERE ] updating countdown to 13351
[21:10:29.903] [SEVERE ] updating countdown to 13326
[21:10:29.929] [SEVERE ] updating countdown to 13300
[21:10:29.956] [SEVERE ] updating countdown to 13273
[21:10:29.989] [SEVERE ] updating countdown to 13240
[21:10:30.015] [SEVERE ] updating countdown to 13214
[21:10:30.065] [SEVERE ] updating countdown to 13164
[21:10:30.098] [SEVERE ] updating countdown to 13131
[21:10:30.125] [SEVERE ] updating countdown to 13104
[21:10:30.156] [SEVERE ] updating countdown to 13073
[21:10:30.182] [SEVERE ] updating countdown to 13047
[21:10:30.219] [SEVERE ] updating countdown to 13010
[21:10:30.245] [SEVERE ] updating countdown to 12984
[21:10:30.271] [SEVERE ] updating countdown to 12958
[21:10:30.297] [SEVERE ] updating countdown to 12932
[21:10:30.323] [SEVERE ] updating countdown to 12906
[21:10:30.350] [SEVERE ] updating countdown to 12879
[21:10:30.379] [SEVERE ] updating countdown to 12850
[21:10:30.405] [SEVERE ] updating countdown to 12824
[21:10:30.447] [SEVERE ] updating countdown to 12782
[21:10:30.474] [SEVERE ] updating countdown to 12755
[21:10:30.507] [SEVERE ] updating countdown to 12722
[21:10:30.535] [SEVERE ] updating countdown to 12694
[21:10:30.562] [SEVERE ] updating countdown to 12667
[21:10:30.589] [SEVERE ] updating countdown to 12641
[21:10:30.615] [SEVERE ] updating countdown to 12614
[21:10:30.642] [SEVERE ] updating countdown to 12588
[21:10:30.667] [SEVERE ] updating countdown to 12562
[21:10:30.715] [SEVERE ] updating countdown to 12514
[21:10:30.751] [SEVERE ] updating countdown to 12478
[21:10:30.777] [SEVERE ] updating countdown to 12452
[21:10:30.803] [SEVERE ] updating countdown to 12426
[21:10:30.831] [SEVERE ] updating countdown to 12398
[21:10:30.858] [SEVERE ] updating countdown to 12371
[21:10:30.887] [SEVERE ] updating countdown to 12342
[21:10:30.944] [SEVERE ] updating countdown to 12285
[21:10:30.970] [SEVERE ] updating countdown to 12259
[21:10:30.995] [SEVERE ] updating countdown to 12234
[21:10:31.021] [SEVERE ] updating countdown to 12208
[21:10:31.053] [SEVERE ] updating countdown to 12176
[21:10:31.079] [SEVERE ] updating countdown to 12150
[21:10:31.105] [SEVERE ] updating countdown to 12124
[21:10:31.131] [SEVERE ] updating countdown to 12098
[21:10:31.164] [SEVERE ] updating countdown to 12065
[21:10:31.190] [SEVERE ] updating countdown to 12039
[21:10:31.264] [SEVERE ] updating countdown to 11965
[21:10:31.291] [SEVERE ] updating countdown to 11938
[21:10:31.319] [SEVERE ] updating countdown to 11910
[21:10:31.345] [SEVERE ] updating countdown to 11884
[21:10:31.371] [SEVERE ] updating countdown to 11858
[21:10:31.404] [SEVERE ] updating countdown to 11825
[21:10:31.430] [SEVERE ] updating countdown to 11799
[21:10:31.456] [SEVERE ] updating countdown to 11773
[21:10:31.481] [SEVERE ] updating countdown to 11748
[21:10:31.553] [SEVERE ] updating countdown to 11676
[21:10:31.580] [SEVERE ] updating countdown to 11649
[21:10:31.608] [SEVERE ] updating countdown to 11621
[21:10:31.636] [SEVERE ] updating countdown to 11593
[21:10:31.669] [SEVERE ] updating countdown to 11560
[21:10:31.695] [SEVERE ] updating countdown to 11534
[21:10:31.758] [SEVERE ] updating countdown to 11471
[21:10:31.785] [SEVERE ] updating countdown to 11444
[21:10:31.811] [SEVERE ] updating countdown to 11418
[21:10:31.866] [SEVERE ] updating countdown to 11363
[21:10:31.892] [SEVERE ] updating countdown to 11337
[21:10:31.918] [SEVERE ] updating countdown to 11311
[21:10:31.944] [SEVERE ] updating countdown to 11285
[21:10:31.970] [SEVERE ] updating countdown to 11259
[21:10:31.997] [SEVERE ] updating countdown to 11232
[21:10:32.062] [SEVERE ] updating countdown to 11167
[21:10:32.089] [SEVERE ] updating countdown to 11140
[21:10:32.116] [SEVERE ] updating countdown to 11113
[21:10:32.150] [SEVERE ] updating countdown to 11079
[21:10:32.194] [SEVERE ] updating countdown to 11035
[21:10:32.224] [SEVERE ] updating countdown to 11005
[21:10:32.250] [SEVERE ] updating countdown to 10979
[21:10:32.276] [SEVERE ] updating countdown to 10953
[21:10:32.303] [SEVERE ] updating countdown to 10926
[21:10:32.331] [SEVERE ] updating countdown to 10898
[21:10:32.357] [SEVERE ] updating countdown to 10872
[21:10:32.402] [SEVERE ] updating countdown to 10827
[21:10:32.443] [SEVERE ] updating countdown to 10786
[21:10:32.469] [SEVERE ] updating countdown to 10760
[21:10:32.499] [SEVERE ] updating countdown to 10730
[21:10:32.525] [SEVERE ] updating countdown to 10704
[21:10:32.551] [SEVERE ] updating countdown to 10678
[21:10:32.578] [SEVERE ] updating countdown to 10651
[21:10:32.635] [SEVERE ] updating countdown to 10594
[21:10:32.669] [SEVERE ] updating countdown to 10560
[21:10:32.695] [SEVERE ] updating countdown to 10534
[21:10:32.723] [SEVERE ] updating countdown to 10506
[21:10:32.749] [SEVERE ] updating countdown to 10480
[21:10:32.783] [SEVERE ] updating countdown to 10446
[21:10:32.809] [SEVERE ] updating countdown to 10420
[21:10:32.836] [SEVERE ] updating countdown to 10393
[21:10:32.862] [SEVERE ] updating countdown to 10367
[21:10:32.888] [SEVERE ] updating countdown to 10341
[21:10:32.914] [SEVERE ] updating countdown to 10315
[21:10:32.941] [SEVERE ] updating countdown to 10288
[21:10:32.968] [SEVERE ] updating countdown to 10261
[21:10:32.994] [SEVERE ] updating countdown to 10235
[21:10:33.020] [SEVERE ] updating countdown to 10209
[21:10:33.046] [SEVERE ] updating countdown to 10183
[21:10:33.073] [SEVERE ] updating countdown to 10156
[21:10:33.118] [SEVERE ] updating countdown to 10111
[21:10:33.144] [SEVERE ] updating countdown to 10085
[21:10:33.171] [SEVERE ] updating countdown to 10058
[21:10:33.202] [SEVERE ] updating countdown to 10027
[21:10:33.238] [SEVERE ] updating countdown to 9991
[21:10:33.264] [SEVERE ] updating countdown to 9965
[21:10:33.290] [SEVERE ] updating countdown to 9939
[21:10:33.316] [SEVERE ] updating countdown to 9913
[21:10:33.342] [SEVERE ] updating countdown to 9887
[21:10:33.390] [SEVERE ] updating countdown to 9839
[21:10:33.416] [SEVERE ] updating countdown to 9813
[21:10:33.443] [SEVERE ] updating countdown to 9786
[21:10:33.477] [SEVERE ] updating countdown to 9752
[21:10:33.503] [SEVERE ] updating countdown to 9726
[21:10:33.529] [SEVERE ] updating countdown to 9700
[21:10:33.555] [SEVERE ] updating countdown to 9674
[21:10:33.599] [SEVERE ] updating countdown to 9630
[21:10:33.625] [SEVERE ] updating countdown to 9604
[21:10:33.651] [SEVERE ] updating countdown to 9578
[21:10:33.686] [SEVERE ] updating countdown to 9543
[21:10:33.712] [SEVERE ] updating countdown to 9517
[21:10:33.738] [SEVERE ] updating countdown to 9491
[21:10:33.780] [SEVERE ] updating countdown to 9449
[21:10:33.806] [SEVERE ] updating countdown to 9423
[21:10:33.836] [SEVERE ] updating countdown to 9393
[21:10:33.870] [SEVERE ] updating countdown to 9359
[21:10:33.896] [SEVERE ] updating countdown to 9333
[21:10:33.922] [SEVERE ] updating countdown to 9307
[21:10:33.948] [SEVERE ] updating countdown to 9281
[21:10:33.974] [SEVERE ] updating countdown to 9255
[21:10:34.012] [SEVERE ] updating countdown to 9217
[21:10:34.038] [SEVERE ] updating countdown to 9191
[21:10:34.064] [SEVERE ] updating countdown to 9165
[21:10:34.090] [SEVERE ] updating countdown to 9139
[21:10:34.132] [SEVERE ] updating countdown to 9097
[21:10:34.158] [SEVERE ] updating countdown to 9071
[21:10:34.184] [SEVERE ] updating countdown to 9045
[21:10:34.210] [SEVERE ] updating countdown to 9019
[21:10:34.240] [SEVERE ] updating countdown to 8989
[21:10:34.274] [SEVERE ] updating countdown to 8955
[21:10:34.299] [SEVERE ] updating countdown to 8930
[21:10:34.329] [SEVERE ] updating countdown to 8900
[21:10:34.355] [SEVERE ] updating countdown to 8874
[21:10:34.380] [SEVERE ] updating countdown to 8849
[21:10:34.418] [SEVERE ] updating countdown to 8811
[21:10:34.443] [SEVERE ] updating countdown to 8786
[21:10:34.469] [SEVERE ] updating countdown to 8760
[21:10:34.494] [SEVERE ] updating countdown to 8735
[21:10:34.520] [SEVERE ] updating countdown to 8709
[21:10:34.546] [SEVERE ] updating countdown to 8683
[21:10:34.572] [SEVERE ] updating countdown to 8657
[21:10:34.598] [SEVERE ] updating countdown to 8631
[21:10:34.641] [SEVERE ] updating countdown to 8588
[21:10:34.667] [SEVERE ] updating countdown to 8562
[21:10:34.692] [SEVERE ] updating countdown to 8537
[21:10:34.718] [SEVERE ] updating countdown to 8511
[21:10:34.743] [SEVERE ] updating countdown to 8486
[21:10:34.769] [SEVERE ] updating countdown to 8460
[21:10:34.795] [SEVERE ] updating countdown to 8434
[21:10:34.821] [SEVERE ] updating countdown to 8408
[21:10:34.847] [SEVERE ] updating countdown to 8382
[21:10:34.874] [SEVERE ] updating countdown to 8355
[21:10:34.900] [SEVERE ] updating countdown to 8329
[21:10:34.953] [SEVERE ] updating countdown to 8276
[21:10:34.979] [SEVERE ] updating countdown to 8250
[21:10:35.007] [SEVERE ] updating countdown to 8222
