[21:32:30.315] [INFO   ] thread bguspl.set.Main.main() starting.
[21:32:30.324] [SEVERE ] cannot read configuration file config.properties trying from resources.
[21:32:30.333] [SEVERE ] configuration file was loaded from resources directory.
[21:32:31.591] [INFO   ] thread dealer starting.
[21:32:31.593] [INFO   ] thread dealer starting.
[21:32:31.700] [SEVERE ] placing card 31 in slot 0
[21:32:31.802] [SEVERE ] placing card 61 in slot 1
[21:32:31.904] [SEVERE ] placing card 48 in slot 2
[21:32:32.008] [SEVERE ] placing card 13 in slot 3
[21:32:32.111] [SEVERE ] placing card 65 in slot 4
[21:32:32.213] [SEVERE ] placing card 62 in slot 5
[21:32:32.316] [SEVERE ] placing card 2 in slot 6
[21:32:32.418] [SEVERE ] placing card 26 in slot 7
[21:32:32.521] [SEVERE ] placing card 5 in slot 8
[21:32:32.623] [SEVERE ] placing card 57 in slot 9
[21:32:32.724] [SEVERE ] placing card 67 in slot 10
[21:32:32.825] [SEVERE ] placing card 78 in slot 11
[21:32:32.852] [SEVERE ] updating countdown to 19975
[21:32:32.880] [SEVERE ] updating countdown to 19947
[21:32:32.907] [SEVERE ] updating countdown to 19921
[21:32:32.934] [SEVERE ] updating countdown to 19893
[21:32:32.961] [SEVERE ] updating countdown to 19866
[21:32:32.988] [SEVERE ] updating countdown to 19839
[21:32:33.015] [SEVERE ] updating countdown to 19812
[21:32:33.044] [SEVERE ] updating countdown to 19784
[21:32:33.072] [SEVERE ] updating countdown to 19755
[21:32:33.098] [SEVERE ] updating countdown to 19729
[21:32:33.125] [SEVERE ] updating countdown to 19702
[21:32:33.153] [SEVERE ] updating countdown to 19674
[21:32:33.182] [SEVERE ] updating countdown to 19645
[21:32:33.209] [SEVERE ] updating countdown to 19618
[21:32:33.237] [SEVERE ] updating countdown to 19590
[21:32:33.265] [SEVERE ] updating countdown to 19562
[21:32:33.292] [SEVERE ] updating countdown to 19535
[21:32:33.318] [SEVERE ] updating countdown to 19509
[21:32:33.326] [SEVERE ] key 65 was pressed by player 1
[21:32:33.327] [SEVERE ] player 1 placing token on slot 4
[21:32:33.346] [SEVERE ] updating countdown to 19481
[21:32:33.372] [SEVERE ] updating countdown to 19455
[21:32:33.399] [SEVERE ] updating countdown to 19429
[21:32:33.425] [SEVERE ] updating countdown to 19402
[21:32:33.451] [SEVERE ] updating countdown to 19376
[21:32:33.479] [SEVERE ] updating countdown to 19348
[21:32:33.506] [SEVERE ] updating countdown to 19322
[21:32:33.532] [SEVERE ] updating countdown to 19295
[21:32:33.558] [SEVERE ] updating countdown to 19269
[21:32:33.586] [SEVERE ] updating countdown to 19241
[21:32:33.614] [SEVERE ] updating countdown to 19213
[21:32:33.640] [SEVERE ] updating countdown to 19187
[21:32:33.667] [SEVERE ] updating countdown to 19160
[21:32:33.693] [SEVERE ] updating countdown to 19134
[21:32:33.721] [SEVERE ] updating countdown to 19106
[21:32:33.748] [SEVERE ] updating countdown to 19079
[21:32:33.776] [SEVERE ] updating countdown to 19052
[21:32:33.777] [SEVERE ] key 83 was pressed by player 1
[21:32:33.777] [SEVERE ] player 1 placing token on slot 5
[21:32:33.801] [SEVERE ] updating countdown to 19026
[21:32:33.828] [SEVERE ] updating countdown to 18999
[21:32:33.855] [SEVERE ] updating countdown to 18972
[21:32:33.883] [SEVERE ] updating countdown to 18944
[21:32:33.909] [SEVERE ] updating countdown to 18918
[21:32:33.935] [SEVERE ] updating countdown to 18892
[21:32:33.964] [SEVERE ] updating countdown to 18864
[21:32:33.992] [SEVERE ] updating countdown to 18835
[21:32:34.020] [SEVERE ] updating countdown to 18807
[21:32:34.049] [SEVERE ] updating countdown to 18778
[21:32:34.076] [SEVERE ] updating countdown to 18751
[21:32:34.104] [SEVERE ] updating countdown to 18723
[21:32:34.131] [SEVERE ] updating countdown to 18696
[21:32:34.160] [SEVERE ] updating countdown to 18667
[21:32:34.188] [SEVERE ] updating countdown to 18639
[21:32:34.216] [SEVERE ] updating countdown to 18611
[21:32:34.242] [SEVERE ] key 68 was pressed by player 1
[21:32:34.243] [SEVERE ] player 1 placing token on slot 6
[21:32:34.243] [SEVERE ] updating countdown to 18584
[21:32:34.270] [SEVERE ] updating countdown to 18557
[21:32:34.299] [SEVERE ] updating countdown to 18528
[21:32:34.326] [SEVERE ] updating countdown to 18501
[21:32:34.353] [SEVERE ] updating countdown to 18474
[21:32:34.381] [SEVERE ] updating countdown to 18446
[21:32:34.408] [SEVERE ] updating countdown to 18419
[21:32:34.436] [SEVERE ] updating countdown to 18391
[21:32:34.465] [SEVERE ] updating countdown to 18362
[21:32:34.493] [SEVERE ] updating countdown to 18334
[21:32:34.520] [SEVERE ] updating countdown to 18307
[21:32:34.549] [SEVERE ] updating countdown to 18278
[21:32:34.578] [SEVERE ] updating countdown to 18249
[21:32:34.606] [SEVERE ] updating countdown to 18221
[21:32:34.632] [SEVERE ] updating countdown to 18195
[21:32:34.661] [SEVERE ] updating countdown to 18166
[21:32:34.688] [SEVERE ] updating countdown to 18139
[21:32:34.714] [SEVERE ] updating countdown to 18113
[21:32:34.741] [SEVERE ] updating countdown to 18087
[21:32:34.768] [SEVERE ] updating countdown to 18059
[21:32:34.795] [SEVERE ] updating countdown to 18032
[21:32:34.821] [SEVERE ] updating countdown to 18006
[21:32:34.847] [SEVERE ] updating countdown to 17980
[21:32:34.874] [SEVERE ] updating countdown to 17953
[21:32:34.899] [SEVERE ] updating countdown to 17928
[21:32:34.925] [SEVERE ] updating countdown to 17902
[21:32:34.951] [SEVERE ] updating countdown to 17876
[21:32:34.977] [SEVERE ] updating countdown to 17850
[21:32:35.003] [SEVERE ] updating countdown to 17824
[21:32:35.030] [SEVERE ] updating countdown to 17798
[21:32:35.056] [SEVERE ] updating countdown to 17771
[21:32:35.083] [SEVERE ] updating countdown to 17744
[21:32:35.110] [SEVERE ] updating countdown to 17718
[21:32:35.136] [SEVERE ] updating countdown to 17691
[21:32:35.162] [SEVERE ] updating countdown to 17665
[21:32:35.185] [SEVERE ] key 83 was pressed by player 1
[21:32:35.186] [SEVERE ] removing player 1 token from slot 5
[21:32:35.189] [SEVERE ] updating countdown to 17638
[21:32:35.215] [SEVERE ] updating countdown to 17612
[21:32:35.244] [SEVERE ] updating countdown to 17583
[21:32:35.274] [SEVERE ] updating countdown to 17553
[21:32:35.302] [SEVERE ] updating countdown to 17525
[21:32:35.329] [SEVERE ] updating countdown to 17498
[21:32:35.355] [SEVERE ] updating countdown to 17472
[21:32:35.381] [SEVERE ] updating countdown to 17446
[21:32:35.407] [SEVERE ] updating countdown to 17420
[21:32:35.434] [SEVERE ] updating countdown to 17393
[21:32:35.461] [SEVERE ] updating countdown to 17366
[21:32:35.490] [SEVERE ] updating countdown to 17337
[21:32:35.517] [SEVERE ] updating countdown to 17310
[21:32:35.543] [SEVERE ] updating countdown to 17284
[21:32:35.572] [SEVERE ] updating countdown to 17256
[21:32:35.598] [SEVERE ] updating countdown to 17229
[21:32:35.625] [SEVERE ] updating countdown to 17202
[21:32:35.653] [SEVERE ] updating countdown to 17174
[21:32:35.680] [SEVERE ] updating countdown to 17147
[21:32:35.707] [SEVERE ] updating countdown to 17120
[21:32:35.733] [SEVERE ] updating countdown to 17094
[21:32:35.759] [SEVERE ] updating countdown to 17068
[21:32:35.785] [SEVERE ] updating countdown to 17042
[21:32:35.812] [SEVERE ] updating countdown to 17016
[21:32:35.840] [SEVERE ] updating countdown to 16987
[21:32:35.868] [SEVERE ] updating countdown to 16959
[21:32:35.896] [SEVERE ] updating countdown to 16931
[21:32:35.922] [SEVERE ] updating countdown to 16905
[21:32:35.949] [SEVERE ] updating countdown to 16878
[21:32:35.976] [SEVERE ] updating countdown to 16851
[21:32:36.004] [SEVERE ] updating countdown to 16823
[21:32:36.031] [SEVERE ] updating countdown to 16796
[21:32:36.032] [SEVERE ] key 87 was pressed by player 1
[21:32:36.032] [SEVERE ] player 1 placing token on slot 1
[21:32:36.057] [SEVERE ] updating countdown to 16770
[21:32:36.086] [SEVERE ] updating countdown to 16741
[21:32:36.113] [SEVERE ] updating countdown to 16714
[21:32:36.140] [SEVERE ] updating countdown to 16687
[21:32:36.166] [SEVERE ] updating countdown to 16661
[21:32:36.193] [SEVERE ] updating countdown to 16634
[21:32:36.220] [SEVERE ] updating countdown to 16607
[21:32:36.249] [SEVERE ] updating countdown to 16578
[21:32:36.277] [SEVERE ] updating countdown to 16550
[21:32:36.303] [SEVERE ] updating countdown to 16524
[21:32:36.330] [SEVERE ] updating countdown to 16497
[21:32:36.363] [SEVERE ] updating countdown to 16464
[21:32:36.389] [SEVERE ] updating countdown to 16438
[21:32:36.417] [SEVERE ] updating countdown to 16410
[21:32:36.444] [SEVERE ] updating countdown to 16383
[21:32:36.472] [SEVERE ] updating countdown to 16355
[21:32:36.498] [SEVERE ] updating countdown to 16329
[21:32:36.526] [SEVERE ] updating countdown to 16301
[21:32:36.554] [SEVERE ] updating countdown to 16273
[21:32:36.582] [SEVERE ] updating countdown to 16245
[21:32:36.611] [SEVERE ] updating countdown to 16217
[21:32:36.638] [SEVERE ] updating countdown to 16189
[21:32:36.666] [SEVERE ] updating countdown to 16161
[21:32:36.693] [SEVERE ] updating countdown to 16134
[21:32:36.700] [SEVERE ] key 87 was pressed by player 1
[21:32:36.700] [SEVERE ] removing player 1 token from slot 1
[21:32:36.720] [SEVERE ] updating countdown to 16107
[21:32:36.746] [SEVERE ] updating countdown to 16081
[21:32:36.773] [SEVERE ] updating countdown to 16054
[21:32:36.800] [SEVERE ] updating countdown to 16027
[21:32:36.828] [SEVERE ] updating countdown to 15999
[21:32:36.857] [SEVERE ] updating countdown to 15970
[21:32:36.884] [SEVERE ] updating countdown to 15944
[21:32:36.910] [SEVERE ] updating countdown to 15917
[21:32:36.936] [SEVERE ] updating countdown to 15891
[21:32:36.962] [SEVERE ] updating countdown to 15865
[21:32:36.988] [SEVERE ] updating countdown to 15839
[21:32:37.014] [SEVERE ] updating countdown to 15813
[21:32:37.040] [SEVERE ] updating countdown to 15787
[21:32:37.066] [SEVERE ] updating countdown to 15761
[21:32:37.092] [SEVERE ] updating countdown to 15735
[21:32:37.120] [SEVERE ] updating countdown to 15707
[21:32:37.148] [SEVERE ] updating countdown to 15679
[21:32:37.176] [SEVERE ] updating countdown to 15651
[21:32:37.202] [SEVERE ] updating countdown to 15625
[21:32:37.229] [SEVERE ] updating countdown to 15598
[21:32:37.257] [SEVERE ] updating countdown to 15570
[21:32:37.284] [SEVERE ] updating countdown to 15543
[21:32:37.311] [SEVERE ] updating countdown to 15517
[21:32:37.337] [SEVERE ] updating countdown to 15490
[21:32:37.361] [SEVERE ] key 87 was pressed by player 1
[21:32:37.363] [SEVERE ] player 1 placing token on slot 1
[21:32:37.365] [SEVERE ] updating countdown to 15462
[21:32:37.393] [SEVERE ] updating countdown to 15434
[21:32:37.419] [SEVERE ] updating countdown to 15408
[21:32:37.445] [SEVERE ] updating countdown to 15382
[21:32:37.472] [SEVERE ] updating countdown to 15356
[21:32:37.499] [SEVERE ] updating countdown to 15328
[21:32:37.527] [SEVERE ] updating countdown to 15300
[21:32:37.553] [SEVERE ] updating countdown to 15274
[21:32:37.581] [SEVERE ] updating countdown to 15246
[21:32:37.607] [SEVERE ] updating countdown to 15220
[21:32:37.635] [SEVERE ] updating countdown to 15192
[21:32:37.661] [SEVERE ] updating countdown to 15166
[21:32:37.671] [SEVERE ] key 81 was pressed by player 1
[21:32:37.687] [SEVERE ] updating countdown to 15140
[21:32:37.713] [SEVERE ] updating countdown to 15115
[21:32:37.739] [SEVERE ] updating countdown to 15088
[21:32:37.765] [SEVERE ] updating countdown to 15062
[21:32:37.791] [SEVERE ] updating countdown to 15036
[21:32:37.817] [SEVERE ] updating countdown to 15010
[21:32:37.844] [SEVERE ] updating countdown to 14983
[21:32:37.872] [SEVERE ] updating countdown to 14955
[21:32:37.900] [SEVERE ] updating countdown to 14927
[21:32:37.926] [SEVERE ] updating countdown to 14901
[21:32:37.953] [SEVERE ] updating countdown to 14874
[21:32:37.996] [SEVERE ] updating countdown to 14831
[21:32:38.024] [SEVERE ] updating countdown to 14803
[21:32:38.050] [SEVERE ] key 81 was pressed by player 1
[21:32:38.051] [SEVERE ] updating countdown to 14776
[21:32:38.077] [SEVERE ] updating countdown to 14750
[21:32:38.104] [SEVERE ] updating countdown to 14723
[21:32:38.131] [SEVERE ] updating countdown to 14696
[21:32:38.159] [SEVERE ] updating countdown to 14668
[21:32:38.187] [SEVERE ] updating countdown to 14640
[21:32:38.213] [SEVERE ] updating countdown to 14614
[21:32:38.240] [SEVERE ] updating countdown to 14587
[21:32:38.269] [SEVERE ] updating countdown to 14558
[21:32:38.296] [SEVERE ] updating countdown to 14531
[21:32:38.325] [SEVERE ] updating countdown to 14502
[21:32:38.351] [SEVERE ] updating countdown to 14476
[21:32:38.377] [SEVERE ] updating countdown to 14450
[21:32:38.405] [SEVERE ] updating countdown to 14422
[21:32:38.433] [SEVERE ] updating countdown to 14394
[21:32:38.460] [SEVERE ] updating countdown to 14367
[21:32:38.493] [SEVERE ] updating countdown to 14334
[21:32:38.521] [SEVERE ] updating countdown to 14306
[21:32:38.548] [SEVERE ] updating countdown to 14279
[21:32:38.576] [SEVERE ] updating countdown to 14251
[21:32:38.604] [SEVERE ] updating countdown to 14223
[21:32:38.633] [SEVERE ] updating countdown to 14194
[21:32:38.659] [SEVERE ] updating countdown to 14168
[21:32:38.686] [SEVERE ] updating countdown to 14141
[21:32:38.712] [SEVERE ] updating countdown to 14115
[21:32:38.738] [SEVERE ] updating countdown to 14089
[21:32:38.765] [SEVERE ] updating countdown to 14062
[21:32:38.791] [SEVERE ] updating countdown to 14036
[21:32:38.817] [SEVERE ] updating countdown to 14010
[21:32:38.844] [SEVERE ] updating countdown to 13983
[21:32:38.871] [SEVERE ] updating countdown to 13956
[21:32:38.897] [SEVERE ] updating countdown to 13930
[21:32:38.923] [SEVERE ] updating countdown to 13904
[21:32:38.950] [SEVERE ] updating countdown to 13877
[21:32:38.979] [SEVERE ] updating countdown to 13848
[21:32:39.007] [SEVERE ] updating countdown to 13820
[21:32:39.035] [SEVERE ] updating countdown to 13792
[21:32:39.063] [SEVERE ] updating countdown to 13764
[21:32:39.072] [SEVERE ] key 59 was pressed by player 2
[21:32:39.072] [SEVERE ] player 2 placing token on slot 7
[21:32:39.089] [SEVERE ] updating countdown to 13738
[21:32:39.115] [SEVERE ] updating countdown to 13712
[21:32:39.142] [SEVERE ] updating countdown to 13685
[21:32:39.167] [SEVERE ] updating countdown to 13660
[21:32:39.193] [SEVERE ] updating countdown to 13634
[21:32:39.219] [SEVERE ] updating countdown to 13608
[21:32:39.245] [SEVERE ] updating countdown to 13582
[21:32:39.272] [SEVERE ] updating countdown to 13555
[21:32:39.300] [SEVERE ] updating countdown to 13527
[21:32:39.327] [SEVERE ] updating countdown to 13500
[21:32:39.353] [SEVERE ] updating countdown to 13474
[21:32:39.379] [SEVERE ] updating countdown to 13448
[21:32:39.407] [SEVERE ] updating countdown to 13420
[21:32:39.434] [SEVERE ] updating countdown to 13393
[21:32:39.462] [SEVERE ] updating countdown to 13365
[21:32:39.489] [SEVERE ] updating countdown to 13338
[21:32:39.516] [SEVERE ] updating countdown to 13311
[21:32:39.544] [SEVERE ] updating countdown to 13283
[21:32:39.572] [SEVERE ] updating countdown to 13255
[21:32:39.599] [SEVERE ] updating countdown to 13228
[21:32:39.625] [SEVERE ] updating countdown to 13202
[21:32:39.652] [SEVERE ] updating countdown to 13175
[21:32:39.678] [SEVERE ] updating countdown to 13149
[21:32:39.704] [SEVERE ] updating countdown to 13123
[21:32:39.730] [SEVERE ] updating countdown to 13097
[21:32:39.757] [SEVERE ] updating countdown to 13070
[21:32:39.782] [SEVERE ] updating countdown to 13045
[21:32:39.808] [SEVERE ] updating countdown to 13019
[21:32:39.834] [SEVERE ] updating countdown to 12993
[21:32:39.863] [SEVERE ] updating countdown to 12964
[21:32:39.889] [SEVERE ] updating countdown to 12938
[21:32:39.898] [SEVERE ] key 46 was pressed by player 2
[21:32:39.898] [SEVERE ] player 2 placing token on slot 10
[21:32:39.915] [SEVERE ] updating countdown to 12912
[21:32:39.941] [SEVERE ] updating countdown to 12886
[21:32:39.968] [SEVERE ] updating countdown to 12859
[21:32:39.994] [SEVERE ] updating countdown to 12833
[21:32:40.019] [SEVERE ] updating countdown to 12808
[21:32:40.045] [SEVERE ] updating countdown to 12782
[21:32:40.071] [SEVERE ] updating countdown to 12756
[21:32:40.096] [SEVERE ] updating countdown to 12731
[21:32:40.122] [SEVERE ] updating countdown to 12705
[21:32:40.148] [SEVERE ] updating countdown to 12679
[21:32:40.174] [SEVERE ] updating countdown to 12653
[21:32:40.200] [SEVERE ] updating countdown to 12627
[21:32:40.227] [SEVERE ] updating countdown to 12600
[21:32:40.254] [SEVERE ] updating countdown to 12573
[21:32:40.280] [SEVERE ] updating countdown to 12547
[21:32:40.305] [SEVERE ] updating countdown to 12522
[21:32:40.331] [SEVERE ] updating countdown to 12496
[21:32:40.358] [SEVERE ] updating countdown to 12469
[21:32:40.386] [SEVERE ] updating countdown to 12441
[21:32:40.412] [SEVERE ] updating countdown to 12415
[21:32:40.438] [SEVERE ] updating countdown to 12389
[21:32:40.465] [SEVERE ] updating countdown to 12362
[21:32:40.491] [SEVERE ] updating countdown to 12336
[21:32:40.518] [SEVERE ] updating countdown to 12309
[21:32:40.546] [SEVERE ] updating countdown to 12281
[21:32:40.574] [SEVERE ] updating countdown to 12253
[21:32:40.600] [SEVERE ] updating countdown to 12227
[21:32:40.627] [SEVERE ] updating countdown to 12200
[21:32:40.655] [SEVERE ] updating countdown to 12172
[21:32:40.684] [SEVERE ] updating countdown to 12143
[21:32:40.710] [SEVERE ] updating countdown to 12117
[21:32:40.736] [SEVERE ] updating countdown to 12091
[21:32:40.763] [SEVERE ] updating countdown to 12064
[21:32:40.790] [SEVERE ] updating countdown to 12037
[21:32:40.817] [SEVERE ] updating countdown to 12010
[21:32:40.843] [SEVERE ] updating countdown to 11984
[21:32:40.869] [SEVERE ] updating countdown to 11958
[21:32:40.895] [SEVERE ] updating countdown to 11932
[21:32:40.922] [SEVERE ] updating countdown to 11905
[21:32:40.948] [SEVERE ] updating countdown to 11879
[21:32:40.976] [SEVERE ] updating countdown to 11851
[21:32:41.002] [SEVERE ] updating countdown to 11825
[21:32:41.028] [SEVERE ] updating countdown to 11799
[21:32:41.056] [SEVERE ] updating countdown to 11771
[21:32:41.084] [SEVERE ] updating countdown to 11743
[21:32:41.111] [SEVERE ] updating countdown to 11716
[21:32:41.137] [SEVERE ] updating countdown to 11690
[21:32:41.163] [SEVERE ] updating countdown to 11664
[21:32:41.190] [SEVERE ] updating countdown to 11637
[21:32:41.218] [SEVERE ] updating countdown to 11610
[21:32:41.244] [SEVERE ] updating countdown to 11583
[21:32:41.269] [SEVERE ] updating countdown to 11558
[21:32:41.295] [SEVERE ] updating countdown to 11532
[21:32:41.322] [SEVERE ] updating countdown to 11505
[21:32:41.352] [SEVERE ] updating countdown to 11475
[21:32:41.378] [SEVERE ] updating countdown to 11449
[21:32:41.405] [SEVERE ] updating countdown to 11422
[21:32:41.431] [SEVERE ] updating countdown to 11396
[21:32:41.459] [SEVERE ] updating countdown to 11368
[21:32:41.485] [SEVERE ] updating countdown to 11342
[21:32:41.513] [SEVERE ] updating countdown to 11314
[21:32:41.539] [SEVERE ] updating countdown to 11288
[21:32:41.565] [SEVERE ] updating countdown to 11262
[21:32:41.593] [SEVERE ] updating countdown to 11234
[21:32:41.619] [SEVERE ] updating countdown to 11208
[21:32:41.645] [SEVERE ] updating countdown to 11182
[21:32:41.672] [SEVERE ] updating countdown to 11155
[21:32:41.699] [SEVERE ] updating countdown to 11128
[21:32:41.726] [SEVERE ] updating countdown to 11101
[21:32:41.753] [SEVERE ] updating countdown to 11074
[21:32:41.782] [SEVERE ] updating countdown to 11045
[21:32:41.809] [SEVERE ] updating countdown to 11018
[21:32:41.835] [SEVERE ] updating countdown to 10992
[21:32:41.861] [SEVERE ] updating countdown to 10966
[21:32:41.889] [SEVERE ] updating countdown to 10938
[21:32:41.915] [SEVERE ] updating countdown to 10912
[21:32:41.943] [SEVERE ] updating countdown to 10884
[21:32:41.969] [SEVERE ] updating countdown to 10858
[21:32:41.995] [SEVERE ] updating countdown to 10832
[21:32:42.023] [SEVERE ] updating countdown to 10804
[21:32:42.049] [SEVERE ] updating countdown to 10778
[21:32:42.075] [SEVERE ] updating countdown to 10752
[21:32:42.102] [SEVERE ] updating countdown to 10725
[21:32:42.128] [SEVERE ] updating countdown to 10699
[21:32:42.155] [SEVERE ] updating countdown to 10672
[21:32:42.183] [SEVERE ] updating countdown to 10644
[21:32:42.211] [SEVERE ] updating countdown to 10616
[21:32:42.237] [SEVERE ] updating countdown to 10590
[21:32:42.263] [SEVERE ] updating countdown to 10564
[21:32:42.289] [SEVERE ] updating countdown to 10538
[21:32:42.315] [SEVERE ] updating countdown to 10512
[21:32:42.343] [SEVERE ] updating countdown to 10484
[21:32:42.371] [SEVERE ] updating countdown to 10456
[21:32:42.399] [SEVERE ] updating countdown to 10429
[21:32:42.425] [SEVERE ] updating countdown to 10402
[21:32:42.451] [SEVERE ] updating countdown to 10376
[21:32:42.455] [SEVERE ] key 88 was pressed by player 1
[21:32:42.478] [SEVERE ] updating countdown to 10349
[21:32:42.504] [SEVERE ] updating countdown to 10323
[21:32:42.531] [SEVERE ] updating countdown to 10296
[21:32:42.558] [SEVERE ] updating countdown to 10269
[21:32:42.586] [SEVERE ] updating countdown to 10241
[21:32:42.613] [SEVERE ] updating countdown to 10214
[21:32:42.639] [SEVERE ] updating countdown to 10188
[21:32:42.665] [SEVERE ] updating countdown to 10162
[21:32:42.690] [SEVERE ] updating countdown to 10137
[21:32:42.711] [SEVERE ] key 88 was pressed by player 1
[21:32:42.717] [SEVERE ] updating countdown to 10110
[21:32:42.742] [SEVERE ] updating countdown to 10085
[21:32:42.769] [SEVERE ] updating countdown to 10058
[21:32:42.795] [SEVERE ] updating countdown to 10032
[21:32:42.820] [SEVERE ] updating countdown to 10007
[21:32:42.846] [SEVERE ] updating countdown to 9981
[21:32:42.875] [SEVERE ] updating countdown to 9952
[21:32:42.902] [SEVERE ] updating countdown to 9925
[21:32:42.929] [SEVERE ] updating countdown to 9898
[21:32:42.956] [SEVERE ] updating countdown to 9871
[21:32:42.968] [SEVERE ] key 90 was pressed by player 1
[21:32:42.983] [SEVERE ] updating countdown to 9844
[21:32:43.009] [SEVERE ] updating countdown to 9818
[21:32:43.036] [SEVERE ] updating countdown to 9791
[21:32:43.063] [SEVERE ] updating countdown to 9764
[21:32:43.090] [SEVERE ] updating countdown to 9737
[21:32:43.116] [SEVERE ] updating countdown to 9711
[21:32:43.142] [SEVERE ] updating countdown to 9685
[21:32:43.168] [SEVERE ] updating countdown to 9659
[21:32:43.196] [SEVERE ] updating countdown to 9631
[21:32:43.222] [SEVERE ] updating countdown to 9605
[21:32:43.249] [SEVERE ] updating countdown to 9578
[21:32:43.276] [SEVERE ] updating countdown to 9552
[21:32:43.303] [SEVERE ] updating countdown to 9524
[21:32:43.330] [SEVERE ] updating countdown to 9497
[21:32:43.334] [SEVERE ] key 90 was pressed by player 1
[21:32:43.357] [SEVERE ] updating countdown to 9470
[21:32:43.386] [SEVERE ] updating countdown to 9441
[21:32:43.412] [SEVERE ] updating countdown to 9415
[21:32:43.437] [SEVERE ] updating countdown to 9390
[21:32:43.463] [SEVERE ] updating countdown to 9364
[21:32:43.488] [SEVERE ] updating countdown to 9339
[21:32:43.514] [SEVERE ] updating countdown to 9313
[21:32:43.541] [SEVERE ] updating countdown to 9286
[21:32:43.568] [SEVERE ] updating countdown to 9259
[21:32:43.596] [SEVERE ] updating countdown to 9231
[21:32:43.622] [SEVERE ] updating countdown to 9205
[21:32:43.648] [SEVERE ] updating countdown to 9179
[21:32:43.677] [SEVERE ] updating countdown to 9150
[21:32:43.704] [SEVERE ] updating countdown to 9123
[21:32:43.731] [SEVERE ] updating countdown to 9096
[21:32:43.758] [SEVERE ] updating countdown to 9069
[21:32:43.786] [SEVERE ] updating countdown to 9041
[21:32:43.813] [SEVERE ] updating countdown to 9014
[21:32:43.839] [SEVERE ] updating countdown to 8988
[21:32:43.866] [SEVERE ] updating countdown to 8961
[21:32:43.893] [SEVERE ] updating countdown to 8934
[21:32:43.919] [SEVERE ] updating countdown to 8908
[21:32:43.946] [SEVERE ] updating countdown to 8881
[21:32:43.973] [SEVERE ] updating countdown to 8854
[21:32:44.000] [SEVERE ] updating countdown to 8827
[21:32:44.027] [SEVERE ] updating countdown to 8800
[21:32:44.054] [SEVERE ] updating countdown to 8773
[21:32:44.081] [SEVERE ] updating countdown to 8746
[21:32:44.107] [SEVERE ] updating countdown to 8720
[21:32:44.135] [SEVERE ] updating countdown to 8692
[21:32:44.162] [SEVERE ] updating countdown to 8665
[21:32:44.190] [SEVERE ] updating countdown to 8637
[21:32:44.217] [SEVERE ] updating countdown to 8610
[21:32:44.243] [SEVERE ] updating countdown to 8584
[21:32:44.272] [SEVERE ] updating countdown to 8555
[21:32:44.300] [SEVERE ] updating countdown to 8527
[21:32:44.328] [SEVERE ] updating countdown to 8499
[21:32:44.354] [SEVERE ] updating countdown to 8473
[21:32:44.382] [SEVERE ] updating countdown to 8445
[21:32:44.409] [SEVERE ] updating countdown to 8418
[21:32:44.435] [SEVERE ] updating countdown to 8392
[21:32:44.462] [SEVERE ] updating countdown to 8365
[21:32:44.487] [SEVERE ] updating countdown to 8340
[21:32:44.513] [SEVERE ] updating countdown to 8314
[21:32:44.540] [SEVERE ] updating countdown to 8287
[21:32:44.567] [SEVERE ] updating countdown to 8260
[21:32:44.595] [SEVERE ] updating countdown to 8232
[21:32:44.622] [SEVERE ] updating countdown to 8205
[21:32:44.650] [SEVERE ] updating countdown to 8177
[21:32:44.677] [SEVERE ] updating countdown to 8150
[21:32:44.703] [SEVERE ] updating countdown to 8124
[21:32:44.731] [SEVERE ] updating countdown to 8096
[21:32:44.757] [SEVERE ] updating countdown to 8070
[21:32:44.785] [SEVERE ] updating countdown to 8042
[21:32:44.813] [SEVERE ] updating countdown to 8014
[21:32:44.840] [SEVERE ] updating countdown to 7987
[21:32:44.866] [SEVERE ] updating countdown to 7961
[21:32:44.894] [SEVERE ] updating countdown to 7933
[21:32:44.921] [SEVERE ] updating countdown to 7906
[21:32:44.948] [SEVERE ] updating countdown to 7879
[21:32:44.975] [SEVERE ] updating countdown to 7852
[21:32:45.003] [SEVERE ] updating countdown to 7824
[21:32:45.031] [SEVERE ] updating countdown to 7796
[21:32:45.059] [SEVERE ] updating countdown to 7768
[21:32:45.085] [SEVERE ] updating countdown to 7742
[21:32:45.112] [SEVERE ] updating countdown to 7715
[21:32:45.139] [SEVERE ] updating countdown to 7688
[21:32:45.167] [SEVERE ] updating countdown to 7660
[21:32:45.193] [SEVERE ] updating countdown to 7634
[21:32:45.220] [SEVERE ] updating countdown to 7607
[21:32:45.246] [SEVERE ] updating countdown to 7581
[21:32:45.272] [SEVERE ] updating countdown to 7555
[21:32:45.298] [SEVERE ] updating countdown to 7529
[21:32:45.324] [SEVERE ] updating countdown to 7503
[21:32:45.351] [SEVERE ] updating countdown to 7476
[21:32:45.378] [SEVERE ] updating countdown to 7449
[21:32:45.405] [SEVERE ] updating countdown to 7422
[21:32:45.433] [SEVERE ] updating countdown to 7394
[21:32:45.459] [SEVERE ] updating countdown to 7368
[21:32:45.486] [SEVERE ] updating countdown to 7341
[21:32:45.516] [SEVERE ] updating countdown to 7311
[21:32:45.542] [SEVERE ] updating countdown to 7285
[21:32:45.567] [SEVERE ] updating countdown to 7260
[21:32:45.593] [SEVERE ] updating countdown to 7234
[21:32:45.619] [SEVERE ] updating countdown to 7208
[21:32:45.644] [SEVERE ] updating countdown to 7183
[21:32:45.671] [SEVERE ] updating countdown to 7156
[21:32:45.698] [SEVERE ] updating countdown to 7129
[21:32:45.724] [SEVERE ] updating countdown to 7103
[21:32:45.751] [SEVERE ] updating countdown to 7076
[21:32:45.777] [SEVERE ] updating countdown to 7050
[21:32:45.804] [SEVERE ] updating countdown to 7023
[21:32:45.830] [SEVERE ] updating countdown to 6997
[21:32:45.858] [SEVERE ] updating countdown to 6969
[21:32:45.884] [SEVERE ] updating countdown to 6943
[21:32:45.911] [SEVERE ] updating countdown to 6916
[21:32:45.939] [SEVERE ] updating countdown to 6888
[21:32:45.965] [SEVERE ] updating countdown to 6862
[21:32:45.993] [SEVERE ] updating countdown to 6834
[21:32:46.021] [SEVERE ] updating countdown to 6806
[21:32:46.047] [SEVERE ] updating countdown to 6780
[21:32:46.074] [SEVERE ] updating countdown to 6753
[21:32:46.100] [SEVERE ] updating countdown to 6727
[21:32:46.127] [SEVERE ] updating countdown to 6700
[21:32:46.155] [SEVERE ] updating countdown to 6672
[21:32:46.182] [SEVERE ] updating countdown to 6645
[21:32:46.210] [SEVERE ] updating countdown to 6617
[21:32:46.237] [SEVERE ] updating countdown to 6590
[21:32:46.264] [SEVERE ] updating countdown to 6563
[21:32:46.291] [SEVERE ] updating countdown to 6536
[21:32:46.318] [SEVERE ] updating countdown to 6509
[21:32:46.345] [SEVERE ] updating countdown to 6482
[21:32:46.371] [SEVERE ] updating countdown to 6456
[21:32:46.398] [SEVERE ] updating countdown to 6429
[21:32:46.425] [SEVERE ] updating countdown to 6402
[21:32:46.451] [SEVERE ] updating countdown to 6376
[21:32:46.479] [SEVERE ] updating countdown to 6348
[21:32:46.506] [SEVERE ] updating countdown to 6321
[21:32:46.532] [SEVERE ] updating countdown to 6295
[21:32:46.560] [SEVERE ] updating countdown to 6267
[21:32:46.588] [SEVERE ] updating countdown to 6239
[21:32:46.615] [SEVERE ] updating countdown to 6212
[21:32:46.642] [SEVERE ] updating countdown to 6185
[21:32:46.668] [SEVERE ] updating countdown to 6159
[21:32:46.695] [SEVERE ] updating countdown to 6132
[21:32:46.721] [SEVERE ] updating countdown to 6106
[21:32:46.748] [SEVERE ] updating countdown to 6079
[21:32:46.775] [SEVERE ] updating countdown to 6052
[21:32:46.803] [SEVERE ] updating countdown to 6024
[21:32:46.829] [SEVERE ] updating countdown to 5998
[21:32:46.856] [SEVERE ] updating countdown to 5971
[21:32:46.884] [SEVERE ] updating countdown to 5943
[21:32:46.910] [SEVERE ] updating countdown to 5917
[21:32:46.938] [SEVERE ] updating countdown to 5889
[21:32:46.964] [SEVERE ] updating countdown to 5863
[21:32:46.991] [SEVERE ] updating countdown to 5836
[21:32:47.018] [SEVERE ] updating countdown to 5809
[21:32:47.044] [SEVERE ] updating countdown to 5783
[21:32:47.072] [SEVERE ] updating countdown to 5755
[21:32:47.098] [SEVERE ] updating countdown to 5729
[21:32:47.125] [SEVERE ] updating countdown to 5702
[21:32:47.152] [SEVERE ] updating countdown to 5675
[21:32:47.180] [SEVERE ] updating countdown to 5647
[21:32:47.207] [SEVERE ] updating countdown to 5620
[21:32:47.235] [SEVERE ] updating countdown to 5592
[21:32:47.260] [SEVERE ] updating countdown to 5567
[21:32:47.287] [SEVERE ] updating countdown to 5540
[21:32:47.314] [SEVERE ] updating countdown to 5513
[21:32:47.341] [SEVERE ] updating countdown to 5486
[21:32:47.368] [SEVERE ] updating countdown to 5459
[21:32:47.394] [SEVERE ] updating countdown to 5433
[21:32:47.421] [SEVERE ] updating countdown to 5406
[21:32:47.448] [SEVERE ] updating countdown to 5379
[21:32:47.476] [SEVERE ] updating countdown to 5351
[21:32:47.504] [SEVERE ] updating countdown to 5323
[21:32:47.530] [SEVERE ] updating countdown to 5297
[21:32:47.556] [SEVERE ] updating countdown to 5271
[21:32:47.582] [SEVERE ] updating countdown to 5245
[21:32:47.608] [SEVERE ] updating countdown to 5219
[21:32:47.636] [SEVERE ] updating countdown to 5191
[21:32:47.661] [SEVERE ] updating countdown to 5166
[21:32:47.687] [SEVERE ] updating countdown to 5140
[21:32:47.713] [SEVERE ] updating countdown to 5115
[21:32:47.740] [SEVERE ] updating countdown to 5087
[21:32:47.765] [SEVERE ] updating countdown to 5062
[21:32:47.791] [SEVERE ] updating countdown to 5036
[21:32:47.816] [SEVERE ] updating countdown to 5011
[21:32:52.934] [SEVERE ] removing card from slot 0
[21:32:53.036] [SEVERE ] removing player 1 token from slot 1
[21:32:53.037] [SEVERE ] removing card from slot 1
[21:32:53.138] [SEVERE ] removing card from slot 2
[21:32:53.239] [SEVERE ] removing card from slot 3
[21:32:53.341] [SEVERE ] removing player 1 token from slot 4
[21:32:53.342] [SEVERE ] removing card from slot 4
[21:32:53.444] [SEVERE ] removing card from slot 5
[21:32:53.545] [SEVERE ] removing player 1 token from slot 6
[21:32:53.547] [SEVERE ] removing card from slot 6
[21:32:53.648] [SEVERE ] removing player 2 token from slot 7
[21:32:53.651] [SEVERE ] removing card from slot 7
[21:32:53.754] [SEVERE ] removing card from slot 8
[21:32:53.856] [SEVERE ] removing card from slot 9
[21:32:53.958] [SEVERE ] removing player 2 token from slot 10
[21:32:53.959] [SEVERE ] removing card from slot 10
[21:32:54.061] [SEVERE ] removing card from slot 11
[21:32:54.169] [SEVERE ] placing card 74 in slot 0
[21:32:54.269] [SEVERE ] placing card 76 in slot 1
[21:32:54.370] [SEVERE ] placing card 16 in slot 2
[21:32:54.473] [SEVERE ] placing card 41 in slot 3
[21:32:54.575] [SEVERE ] placing card 42 in slot 4
[21:32:54.677] [SEVERE ] placing card 63 in slot 5
[21:32:54.779] [SEVERE ] placing card 11 in slot 6
[21:32:54.881] [SEVERE ] placing card 44 in slot 7
[21:32:54.984] [SEVERE ] placing card 1 in slot 8
[21:32:55.088] [SEVERE ] placing card 28 in slot 9
[21:32:55.190] [SEVERE ] placing card 35 in slot 10
[21:32:55.291] [SEVERE ] placing card 27 in slot 11
[21:32:55.317] [SEVERE ] updating countdown to 19975
[21:32:55.344] [SEVERE ] updating countdown to 19948
[21:32:55.370] [SEVERE ] updating countdown to 19922
[21:32:55.397] [SEVERE ] updating countdown to 19895
[21:32:55.424] [SEVERE ] updating countdown to 19868
[21:32:55.450] [SEVERE ] updating countdown to 19842
[21:32:55.476] [SEVERE ] updating countdown to 19816
[21:32:55.502] [SEVERE ] updating countdown to 19790
[21:32:55.529] [SEVERE ] updating countdown to 19763
[21:32:55.556] [SEVERE ] updating countdown to 19736
[21:32:55.583] [SEVERE ] updating countdown to 19709
[21:32:55.609] [SEVERE ] updating countdown to 19683
[21:32:55.635] [SEVERE ] updating countdown to 19657
[21:32:55.662] [SEVERE ] updating countdown to 19630
[21:32:55.689] [SEVERE ] updating countdown to 19603
[21:32:55.715] [SEVERE ] updating countdown to 19577
[21:32:55.741] [SEVERE ] updating countdown to 19551
[21:32:55.767] [SEVERE ] updating countdown to 19525
[21:32:55.793] [SEVERE ] updating countdown to 19499
[21:32:55.819] [SEVERE ] updating countdown to 19473
[21:32:55.846] [SEVERE ] updating countdown to 19446
[21:32:55.873] [SEVERE ] updating countdown to 19419
[21:32:55.900] [SEVERE ] updating countdown to 19393
[21:32:55.927] [SEVERE ] updating countdown to 19365
[21:32:55.955] [SEVERE ] updating countdown to 19338
[21:32:55.981] [SEVERE ] updating countdown to 19311
[21:32:56.009] [SEVERE ] updating countdown to 19283
[21:32:56.035] [SEVERE ] updating countdown to 19257
[21:32:56.061] [SEVERE ] updating countdown to 19231
[21:32:56.088] [SEVERE ] updating countdown to 19204
[21:32:56.115] [SEVERE ] updating countdown to 19177
[21:32:56.141] [SEVERE ] updating countdown to 19151
[21:32:56.167] [SEVERE ] updating countdown to 19125
[21:32:56.193] [SEVERE ] updating countdown to 19099
[21:32:56.221] [SEVERE ] updating countdown to 19071
[21:32:56.247] [SEVERE ] updating countdown to 19045
[21:32:56.274] [SEVERE ] updating countdown to 19018
[21:32:56.301] [SEVERE ] updating countdown to 18991
[21:32:56.327] [SEVERE ] updating countdown to 18965
[21:32:56.352] [SEVERE ] updating countdown to 18940
[21:32:56.378] [SEVERE ] updating countdown to 18914
[21:32:56.404] [SEVERE ] updating countdown to 18888
[21:32:56.415] [SEVERE ] key 88 was pressed by player 1
[21:32:56.416] [SEVERE ] player 1 placing token on slot 9
[21:32:56.429] [SEVERE ] updating countdown to 18863
[21:32:56.455] [SEVERE ] updating countdown to 18837
[21:32:56.481] [SEVERE ] updating countdown to 18811
[21:32:56.509] [SEVERE ] updating countdown to 18783
[21:32:56.535] [SEVERE ] updating countdown to 18757
[21:32:56.561] [SEVERE ] updating countdown to 18731
[21:32:56.588] [SEVERE ] updating countdown to 18704
[21:32:56.615] [SEVERE ] updating countdown to 18677
[21:32:56.641] [SEVERE ] updating countdown to 18651
[21:32:56.668] [SEVERE ] updating countdown to 18624
[21:32:56.695] [SEVERE ] updating countdown to 18597
[21:32:56.721] [SEVERE ] updating countdown to 18571
[21:32:56.748] [SEVERE ] updating countdown to 18544
[21:32:56.774] [SEVERE ] updating countdown to 18518
[21:32:56.801] [SEVERE ] updating countdown to 18491
[21:32:56.828] [SEVERE ] updating countdown to 18464
[21:32:56.855] [SEVERE ] updating countdown to 18437
[21:32:56.882] [SEVERE ] updating countdown to 18410
[21:32:56.909] [SEVERE ] updating countdown to 18383
[21:32:56.937] [SEVERE ] updating countdown to 18355
[21:32:56.964] [SEVERE ] updating countdown to 18328
[21:32:56.990] [SEVERE ] updating countdown to 18302
[21:32:57.017] [SEVERE ] updating countdown to 18275
[21:32:57.043] [SEVERE ] updating countdown to 18249
[21:32:57.069] [SEVERE ] updating countdown to 18223
[21:32:57.080] [SEVERE ] key 90 was pressed by player 1
[21:32:57.082] [SEVERE ] player 1 placing token on slot 8
[21:32:57.098] [SEVERE ] updating countdown to 18194
[21:32:57.125] [SEVERE ] updating countdown to 18167
[21:32:57.152] [SEVERE ] updating countdown to 18140
[21:32:57.179] [SEVERE ] updating countdown to 18113
[21:32:57.205] [SEVERE ] updating countdown to 18087
[21:32:57.231] [SEVERE ] updating countdown to 18061
[21:32:57.258] [SEVERE ] updating countdown to 18034
[21:32:57.285] [SEVERE ] updating countdown to 18007
[21:32:57.312] [SEVERE ] updating countdown to 17980
[21:32:57.340] [SEVERE ] updating countdown to 17952
[21:32:57.366] [SEVERE ] updating countdown to 17926
[21:32:57.393] [SEVERE ] updating countdown to 17899
[21:32:57.418] [SEVERE ] key 65 was pressed by player 1
[21:32:57.418] [SEVERE ] player 1 placing token on slot 4
[21:32:57.419] [SEVERE ] updating countdown to 17873
[21:32:57.446] [SEVERE ] updating countdown to 17846
[21:32:57.472] [SEVERE ] updating countdown to 17820
[21:32:57.498] [SEVERE ] updating countdown to 17794
[21:32:57.524] [SEVERE ] updating countdown to 17768
[21:32:57.550] [SEVERE ] updating countdown to 17742
[21:32:57.577] [SEVERE ] updating countdown to 17715
[21:32:57.604] [SEVERE ] updating countdown to 17688
[21:32:57.630] [SEVERE ] updating countdown to 17662
[21:32:57.658] [SEVERE ] updating countdown to 17634
[21:32:57.685] [SEVERE ] updating countdown to 17607
[21:32:57.711] [SEVERE ] updating countdown to 17581
[21:32:57.736] [SEVERE ] updating countdown to 17556
[21:32:57.762] [SEVERE ] updating countdown to 17530
[21:32:57.790] [SEVERE ] updating countdown to 17502
[21:32:57.816] [SEVERE ] updating countdown to 17476
[21:32:57.831] [SEVERE ] key 83 was pressed by player 1
[21:32:57.842] [SEVERE ] updating countdown to 17450
[21:32:57.867] [SEVERE ] updating countdown to 17425
[21:32:57.894] [SEVERE ] updating countdown to 17399
[21:32:57.921] [SEVERE ] updating countdown to 17371
[21:32:57.948] [SEVERE ] updating countdown to 17344
[21:32:57.975] [SEVERE ] updating countdown to 17317
[21:32:58.004] [SEVERE ] updating countdown to 17288
[21:32:58.032] [SEVERE ] updating countdown to 17261
[21:32:58.057] [SEVERE ] updating countdown to 17235
[21:32:58.084] [SEVERE ] updating countdown to 17208
[21:32:58.113] [SEVERE ] updating countdown to 17179
[21:32:58.140] [SEVERE ] updating countdown to 17152
[21:32:58.167] [SEVERE ] updating countdown to 17125
[21:32:58.194] [SEVERE ] updating countdown to 17098
[21:32:58.220] [SEVERE ] updating countdown to 17072
[21:32:58.247] [SEVERE ] updating countdown to 17045
[21:32:58.276] [SEVERE ] updating countdown to 17016
[21:32:58.302] [SEVERE ] updating countdown to 16990
[21:32:58.330] [SEVERE ] updating countdown to 16962
[21:32:58.357] [SEVERE ] updating countdown to 16935
[21:32:58.384] [SEVERE ] updating countdown to 16908
[21:32:58.412] [SEVERE ] updating countdown to 16880
[21:32:58.440] [SEVERE ] updating countdown to 16852
[21:32:58.468] [SEVERE ] updating countdown to 16824
[21:32:58.494] [SEVERE ] updating countdown to 16798
[21:32:58.519] [SEVERE ] updating countdown to 16773
[21:32:58.545] [SEVERE ] updating countdown to 16747
[21:32:58.571] [SEVERE ] updating countdown to 16721
[21:32:58.597] [SEVERE ] updating countdown to 16695
[21:32:58.624] [SEVERE ] updating countdown to 16668
[21:32:58.650] [SEVERE ] updating countdown to 16642
[21:32:58.677] [SEVERE ] updating countdown to 16615
[21:32:58.704] [SEVERE ] updating countdown to 16588
[21:32:58.731] [SEVERE ] updating countdown to 16561
[21:32:58.758] [SEVERE ] updating countdown to 16534
[21:32:58.787] [SEVERE ] updating countdown to 16505
[21:32:58.813] [SEVERE ] updating countdown to 16479
[21:32:58.840] [SEVERE ] updating countdown to 16452
[21:32:58.869] [SEVERE ] updating countdown to 16423
[21:32:58.895] [SEVERE ] updating countdown to 16397
[21:32:58.922] [SEVERE ] updating countdown to 16370
[21:32:58.948] [SEVERE ] updating countdown to 16344
[21:32:58.974] [SEVERE ] updating countdown to 16318
[21:32:58.999] [SEVERE ] key 59 was pressed by player 2
[21:32:59.000] [SEVERE ] player 2 placing token on slot 7
[21:32:59.001] [SEVERE ] updating countdown to 16291
[21:32:59.028] [SEVERE ] updating countdown to 16264
[21:32:59.054] [SEVERE ] updating countdown to 16238
[21:32:59.080] [SEVERE ] updating countdown to 16212
[21:32:59.107] [SEVERE ] updating countdown to 16185
[21:32:59.133] [SEVERE ] updating countdown to 16159
[21:32:59.160] [SEVERE ] updating countdown to 16132
[21:32:59.187] [SEVERE ] updating countdown to 16105
[21:32:59.213] [SEVERE ] updating countdown to 16079
[21:32:59.239] [SEVERE ] updating countdown to 16053
[21:32:59.267] [SEVERE ] updating countdown to 16026
[21:32:59.294] [SEVERE ] updating countdown to 15998
[21:32:59.320] [SEVERE ] updating countdown to 15972
[21:32:59.347] [SEVERE ] updating countdown to 15945
[21:32:59.374] [SEVERE ] updating countdown to 15918
[21:32:59.402] [SEVERE ] updating countdown to 15890
[21:32:59.429] [SEVERE ] updating countdown to 15863
[21:32:59.455] [SEVERE ] updating countdown to 15837
[21:32:59.482] [SEVERE ] updating countdown to 15810
[21:32:59.510] [SEVERE ] updating countdown to 15782
[21:32:59.536] [SEVERE ] updating countdown to 15756
[21:32:59.563] [SEVERE ] updating countdown to 15729
[21:32:59.590] [SEVERE ] updating countdown to 15702
[21:32:59.616] [SEVERE ] updating countdown to 15676
[21:32:59.642] [SEVERE ] updating countdown to 15651
[21:32:59.667] [SEVERE ] updating countdown to 15625
[21:32:59.694] [SEVERE ] updating countdown to 15598
[21:32:59.720] [SEVERE ] updating countdown to 15572
[21:32:59.747] [SEVERE ] updating countdown to 15545
[21:32:59.774] [SEVERE ] updating countdown to 15518
[21:32:59.801] [SEVERE ] updating countdown to 15491
[21:32:59.828] [SEVERE ] updating countdown to 15464
[21:32:59.855] [SEVERE ] updating countdown to 15437
[21:32:59.881] [SEVERE ] updating countdown to 15411
[21:32:59.907] [SEVERE ] updating countdown to 15385
[21:32:59.937] [SEVERE ] updating countdown to 15355
[21:32:59.965] [SEVERE ] updating countdown to 15328
[21:32:59.991] [SEVERE ] updating countdown to 15301
[21:33:00.005] [SEVERE ] key 75 was pressed by player 2
[21:33:00.008] [SEVERE ] player 2 placing token on slot 5
[21:33:00.017] [SEVERE ] updating countdown to 15275
[21:33:00.045] [SEVERE ] updating countdown to 15247
[21:33:00.073] [SEVERE ] updating countdown to 15219
[21:33:00.100] [SEVERE ] updating countdown to 15192
[21:33:00.126] [SEVERE ] updating countdown to 15166
[21:33:00.152] [SEVERE ] updating countdown to 15140
[21:33:00.178] [SEVERE ] updating countdown to 15114
[21:33:00.204] [SEVERE ] updating countdown to 15088
[21:33:00.231] [SEVERE ] updating countdown to 15061
[21:33:00.259] [SEVERE ] updating countdown to 15033
[21:33:00.286] [SEVERE ] updating countdown to 15006
[21:33:00.312] [SEVERE ] updating countdown to 14980
[21:33:00.339] [SEVERE ] updating countdown to 14953
[21:33:00.366] [SEVERE ] updating countdown to 14927
[21:33:00.395] [SEVERE ] updating countdown to 14897
[21:33:00.421] [SEVERE ] updating countdown to 14871
[21:33:00.448] [SEVERE ] updating countdown to 14844
[21:33:00.476] [SEVERE ] updating countdown to 14816
[21:33:00.503] [SEVERE ] updating countdown to 14789
[21:33:00.518] [SEVERE ] key 79 was pressed by player 2
[21:33:00.518] [SEVERE ] player 2 placing token on slot 2
[21:33:00.530] [SEVERE ] updating countdown to 14762
[21:33:00.556] [SEVERE ] updating countdown to 14736
[21:33:00.582] [SEVERE ] updating countdown to 14710
[21:33:00.608] [SEVERE ] updating countdown to 14684
[21:33:00.633] [SEVERE ] updating countdown to 14659
[21:33:00.659] [SEVERE ] updating countdown to 14633
[21:33:00.684] [SEVERE ] updating countdown to 14608
[21:33:00.711] [SEVERE ] updating countdown to 14581
[21:33:00.737] [SEVERE ] updating countdown to 14555
[21:33:00.762] [SEVERE ] updating countdown to 14530
[21:33:00.790] [SEVERE ] updating countdown to 14502
[21:33:00.817] [SEVERE ] updating countdown to 14475
[21:33:00.842] [SEVERE ] updating countdown to 14450
[21:33:00.868] [SEVERE ] updating countdown to 14424
[21:33:00.895] [SEVERE ] updating countdown to 14397
[21:33:00.922] [SEVERE ] updating countdown to 14370
[21:33:00.948] [SEVERE ] updating countdown to 14344
[21:33:00.974] [SEVERE ] updating countdown to 14318
[21:33:01.001] [SEVERE ] updating countdown to 14291
[21:33:01.027] [SEVERE ] updating countdown to 14265
[21:33:01.054] [SEVERE ] updating countdown to 14238
[21:33:01.081] [SEVERE ] updating countdown to 14211
[21:33:01.107] [SEVERE ] updating countdown to 14185
[21:33:01.135] [SEVERE ] updating countdown to 14157
[21:33:01.161] [SEVERE ] updating countdown to 14131
[21:33:01.187] [SEVERE ] updating countdown to 14105
[21:33:01.213] [SEVERE ] updating countdown to 14079
[21:33:01.240] [SEVERE ] updating countdown to 14052
[21:33:01.266] [SEVERE ] updating countdown to 14026
[21:33:01.293] [SEVERE ] updating countdown to 13999
[21:33:01.321] [SEVERE ] updating countdown to 13971
[21:33:01.347] [SEVERE ] updating countdown to 13945
[21:33:01.374] [SEVERE ] updating countdown to 13918
[21:33:01.400] [SEVERE ] updating countdown to 13892
[21:33:01.427] [SEVERE ] updating countdown to 13865
[21:33:01.454] [SEVERE ] updating countdown to 13838
[21:33:01.481] [SEVERE ] updating countdown to 13811
[21:33:01.509] [SEVERE ] updating countdown to 13783
[21:33:01.536] [SEVERE ] updating countdown to 13756
[21:33:01.564] [SEVERE ] updating countdown to 13728
[21:33:01.592] [SEVERE ] updating countdown to 13700
[21:33:01.618] [SEVERE ] updating countdown to 13674
[21:33:01.643] [SEVERE ] updating countdown to 13649
[21:33:01.669] [SEVERE ] updating countdown to 13623
[21:33:01.697] [SEVERE ] updating countdown to 13595
[21:33:01.723] [SEVERE ] updating countdown to 13569
[21:33:01.751] [SEVERE ] updating countdown to 13541
[21:33:01.778] [SEVERE ] updating countdown to 13514
[21:33:01.804] [SEVERE ] updating countdown to 13488
[21:33:01.831] [SEVERE ] updating countdown to 13461
[21:33:01.859] [SEVERE ] updating countdown to 13433
[21:33:01.886] [SEVERE ] updating countdown to 13406
[21:33:01.913] [SEVERE ] updating countdown to 13379
[21:33:01.940] [SEVERE ] updating countdown to 13352
[21:33:01.966] [SEVERE ] updating countdown to 13326
[21:33:01.993] [SEVERE ] updating countdown to 13299
[21:33:02.021] [SEVERE ] updating countdown to 13271
[21:33:02.049] [SEVERE ] updating countdown to 13243
[21:33:02.077] [SEVERE ] updating countdown to 13215
[21:33:02.103] [SEVERE ] updating countdown to 13189
[21:33:02.129] [SEVERE ] updating countdown to 13163
[21:33:02.155] [SEVERE ] updating countdown to 13137
[21:33:02.184] [SEVERE ] updating countdown to 13109
[21:33:02.211] [SEVERE ] updating countdown to 13081
[21:33:02.238] [SEVERE ] updating countdown to 13054
[21:33:02.265] [SEVERE ] updating countdown to 13027
[21:33:02.292] [SEVERE ] updating countdown to 13000
[21:33:02.321] [SEVERE ] updating countdown to 12971
[21:33:02.349] [SEVERE ] updating countdown to 12943
[21:33:02.376] [SEVERE ] updating countdown to 12916
[21:33:02.402] [SEVERE ] updating countdown to 12890
[21:33:02.428] [SEVERE ] updating countdown to 12864
[21:33:02.455] [SEVERE ] updating countdown to 12837
[21:33:02.481] [SEVERE ] updating countdown to 12811
[21:33:02.508] [SEVERE ] updating countdown to 12784
[21:33:02.535] [SEVERE ] updating countdown to 12757
[21:33:02.561] [SEVERE ] updating countdown to 12731
[21:33:02.589] [SEVERE ] updating countdown to 12703
[21:33:02.617] [SEVERE ] updating countdown to 12675
[21:33:02.644] [SEVERE ] updating countdown to 12648
[21:33:02.671] [SEVERE ] updating countdown to 12621
[21:33:02.696] [SEVERE ] updating countdown to 12596
[21:33:02.723] [SEVERE ] updating countdown to 12569
[21:33:02.748] [SEVERE ] updating countdown to 12544
[21:33:02.774] [SEVERE ] updating countdown to 12518
[21:33:02.799] [SEVERE ] updating countdown to 12493
[21:33:02.825] [SEVERE ] updating countdown to 12467
[21:33:02.851] [SEVERE ] updating countdown to 12441
[21:33:02.877] [SEVERE ] updating countdown to 12415
[21:33:02.904] [SEVERE ] updating countdown to 12388
[21:33:02.929] [SEVERE ] updating countdown to 12363
[21:33:02.955] [SEVERE ] updating countdown to 12337
[21:33:02.984] [SEVERE ] updating countdown to 12308
[21:33:03.011] [SEVERE ] updating countdown to 12281
[21:33:03.039] [SEVERE ] updating countdown to 12253
[21:33:03.067] [SEVERE ] updating countdown to 12225
[21:33:03.094] [SEVERE ] updating countdown to 12198
[21:33:03.122] [SEVERE ] updating countdown to 12170
[21:33:03.148] [SEVERE ] updating countdown to 12145
[21:33:03.173] [SEVERE ] updating countdown to 12119
[21:33:03.199] [SEVERE ] updating countdown to 12093
[21:33:03.225] [SEVERE ] updating countdown to 12067
[21:33:03.251] [SEVERE ] updating countdown to 12041
[21:33:03.278] [SEVERE ] updating countdown to 12014
[21:33:03.306] [SEVERE ] updating countdown to 11986
[21:33:03.335] [SEVERE ] updating countdown to 11957
[21:33:03.361] [SEVERE ] updating countdown to 11931
[21:33:03.388] [SEVERE ] updating countdown to 11904
[21:33:03.414] [SEVERE ] updating countdown to 11878
[21:33:03.440] [SEVERE ] updating countdown to 11852
[21:33:03.467] [SEVERE ] updating countdown to 11825
[21:33:03.495] [SEVERE ] updating countdown to 11797
[21:33:03.522] [SEVERE ] updating countdown to 11770
[21:33:03.549] [SEVERE ] updating countdown to 11743
[21:33:03.576] [SEVERE ] updating countdown to 11716
[21:33:03.604] [SEVERE ] updating countdown to 11688
[21:33:03.630] [SEVERE ] updating countdown to 11662
[21:33:03.656] [SEVERE ] updating countdown to 11636
[21:33:03.683] [SEVERE ] updating countdown to 11609
[21:33:03.711] [SEVERE ] updating countdown to 11581
[21:33:03.737] [SEVERE ] updating countdown to 11555
[21:33:03.763] [SEVERE ] updating countdown to 11529
[21:33:03.789] [SEVERE ] updating countdown to 11503
[21:33:03.816] [SEVERE ] updating countdown to 11476
[21:33:03.842] [SEVERE ] updating countdown to 11450
[21:33:03.871] [SEVERE ] updating countdown to 11421
[21:33:03.898] [SEVERE ] updating countdown to 11394
[21:33:03.925] [SEVERE ] updating countdown to 11367
[21:33:03.951] [SEVERE ] updating countdown to 11341
[21:33:03.980] [SEVERE ] updating countdown to 11312
[21:33:04.008] [SEVERE ] updating countdown to 11284
[21:33:04.034] [SEVERE ] updating countdown to 11258
[21:33:04.061] [SEVERE ] updating countdown to 11231
[21:33:04.090] [SEVERE ] updating countdown to 11202
[21:33:04.116] [SEVERE ] updating countdown to 11176
[21:33:04.143] [SEVERE ] updating countdown to 11149
[21:33:04.171] [SEVERE ] updating countdown to 11121
[21:33:04.197] [SEVERE ] updating countdown to 11095
[21:33:04.225] [SEVERE ] updating countdown to 11067
[21:33:04.251] [SEVERE ] updating countdown to 11041
[21:33:04.277] [SEVERE ] updating countdown to 11015
[21:33:04.304] [SEVERE ] updating countdown to 10988
[21:33:04.330] [SEVERE ] updating countdown to 10962
[21:33:04.357] [SEVERE ] updating countdown to 10935
[21:33:04.384] [SEVERE ] updating countdown to 10908
[21:33:04.412] [SEVERE ] updating countdown to 10880
[21:33:04.440] [SEVERE ] updating countdown to 10852
[21:33:04.466] [SEVERE ] updating countdown to 10826
[21:33:04.493] [SEVERE ] updating countdown to 10799
[21:33:04.519] [SEVERE ] updating countdown to 10773
[21:33:04.545] [SEVERE ] updating countdown to 10747
[21:33:04.571] [SEVERE ] updating countdown to 10721
[21:33:04.598] [SEVERE ] updating countdown to 10694
[21:33:04.625] [SEVERE ] updating countdown to 10667
[21:33:04.652] [SEVERE ] updating countdown to 10640
[21:33:04.678] [SEVERE ] updating countdown to 10614
[21:33:04.705] [SEVERE ] updating countdown to 10587
[21:33:04.732] [SEVERE ] updating countdown to 10560
[21:33:04.759] [SEVERE ] updating countdown to 10533
[21:33:04.786] [SEVERE ] updating countdown to 10506
[21:33:04.813] [SEVERE ] updating countdown to 10479
[21:33:04.840] [SEVERE ] updating countdown to 10452
[21:33:04.867] [SEVERE ] updating countdown to 10425
[21:33:04.892] [SEVERE ] updating countdown to 10400
[21:33:04.918] [SEVERE ] updating countdown to 10374
[21:33:04.943] [SEVERE ] updating countdown to 10349
[21:33:04.969] [SEVERE ] updating countdown to 10323
[21:33:04.995] [SEVERE ] updating countdown to 10297
[21:33:05.021] [SEVERE ] updating countdown to 10271
[21:33:05.048] [SEVERE ] updating countdown to 10244
[21:33:05.074] [SEVERE ] updating countdown to 10218
[21:33:05.101] [SEVERE ] updating countdown to 10191
[21:33:05.128] [SEVERE ] updating countdown to 10164
[21:33:05.155] [SEVERE ] updating countdown to 10137
[21:33:05.181] [SEVERE ] updating countdown to 10111
[21:33:05.209] [SEVERE ] updating countdown to 10083
[21:33:05.235] [SEVERE ] updating countdown to 10057
[21:33:05.262] [SEVERE ] updating countdown to 10030
[21:33:05.288] [SEVERE ] updating countdown to 10004
[21:33:05.314] [SEVERE ] updating countdown to 9978
[21:33:05.341] [SEVERE ] updating countdown to 9951
[21:33:05.367] [SEVERE ] updating countdown to 9925
[21:33:05.395] [SEVERE ] updating countdown to 9897
[21:33:05.422] [SEVERE ] updating countdown to 9870
[21:33:05.449] [SEVERE ] updating countdown to 9843
[21:33:05.475] [SEVERE ] updating countdown to 9817
[21:33:05.501] [SEVERE ] updating countdown to 9791
[21:33:05.528] [SEVERE ] updating countdown to 9764
[21:33:05.554] [SEVERE ] updating countdown to 9738
[21:33:05.581] [SEVERE ] updating countdown to 9711
[21:33:05.607] [SEVERE ] updating countdown to 9685
[21:33:05.635] [SEVERE ] updating countdown to 9657
[21:33:05.663] [SEVERE ] updating countdown to 9629
[21:33:05.689] [SEVERE ] updating countdown to 9603
[21:33:05.715] [SEVERE ] updating countdown to 9577
[21:33:05.741] [SEVERE ] updating countdown to 9551
[21:33:05.768] [SEVERE ] updating countdown to 9524
[21:33:05.796] [SEVERE ] updating countdown to 9496
[21:33:05.823] [SEVERE ] updating countdown to 9469
[21:33:05.850] [SEVERE ] updating countdown to 9442
[21:33:05.876] [SEVERE ] updating countdown to 9416
[21:33:05.903] [SEVERE ] updating countdown to 9389
[21:33:05.930] [SEVERE ] updating countdown to 9362
[21:33:05.956] [SEVERE ] updating countdown to 9336
[21:33:05.984] [SEVERE ] updating countdown to 9308
[21:33:06.011] [SEVERE ] updating countdown to 9281
[21:33:06.038] [SEVERE ] updating countdown to 9254
[21:33:06.064] [SEVERE ] updating countdown to 9228
[21:33:06.091] [SEVERE ] updating countdown to 9201
[21:33:06.117] [SEVERE ] updating countdown to 9175
[21:33:06.143] [SEVERE ] updating countdown to 9149
[21:33:06.169] [SEVERE ] updating countdown to 9123
[21:33:06.195] [SEVERE ] updating countdown to 9097
[21:33:06.222] [SEVERE ] updating countdown to 9070
[21:33:06.249] [SEVERE ] updating countdown to 9043
[21:33:06.275] [SEVERE ] updating countdown to 9017
[21:33:06.302] [SEVERE ] updating countdown to 8990
[21:33:06.328] [SEVERE ] updating countdown to 8964
[21:33:06.354] [SEVERE ] updating countdown to 8938
[21:33:06.380] [SEVERE ] updating countdown to 8912
[21:33:06.406] [SEVERE ] updating countdown to 8886
[21:33:06.432] [SEVERE ] updating countdown to 8860
[21:33:06.458] [SEVERE ] updating countdown to 8834
[21:33:06.484] [SEVERE ] updating countdown to 8808
[21:33:06.510] [SEVERE ] updating countdown to 8782
[21:33:06.536] [SEVERE ] updating countdown to 8756
[21:33:06.563] [SEVERE ] updating countdown to 8729
[21:33:06.589] [SEVERE ] updating countdown to 8703
[21:33:06.616] [SEVERE ] updating countdown to 8676
[21:33:06.642] [SEVERE ] updating countdown to 8650
[21:33:06.669] [SEVERE ] updating countdown to 8623
[21:33:06.695] [SEVERE ] updating countdown to 8597
[21:33:06.722] [SEVERE ] updating countdown to 8570
[21:33:06.747] [SEVERE ] updating countdown to 8545
[21:33:06.773] [SEVERE ] updating countdown to 8519
[21:33:06.800] [SEVERE ] updating countdown to 8492
[21:33:06.826] [SEVERE ] updating countdown to 8466
[21:33:06.853] [SEVERE ] updating countdown to 8439
[21:33:06.880] [SEVERE ] updating countdown to 8412
[21:33:06.907] [SEVERE ] updating countdown to 8385
[21:33:06.935] [SEVERE ] updating countdown to 8357
[21:33:06.963] [SEVERE ] updating countdown to 8329
[21:33:06.989] [SEVERE ] updating countdown to 8303
[21:33:07.016] [SEVERE ] updating countdown to 8276
[21:33:07.042] [SEVERE ] updating countdown to 8250
[21:33:07.067] [SEVERE ] updating countdown to 8225
[21:33:07.093] [SEVERE ] updating countdown to 8199
[21:33:07.118] [SEVERE ] updating countdown to 8174
[21:33:07.144] [SEVERE ] updating countdown to 8148
[21:33:07.170] [SEVERE ] updating countdown to 8122
[21:33:07.197] [SEVERE ] updating countdown to 8095
[21:33:07.223] [SEVERE ] updating countdown to 8069
[21:33:07.249] [SEVERE ] updating countdown to 8043
[21:33:07.276] [SEVERE ] updating countdown to 8016
[21:33:07.303] [SEVERE ] updating countdown to 7989
[21:33:07.330] [SEVERE ] updating countdown to 7962
[21:33:07.358] [SEVERE ] updating countdown to 7934
[21:33:07.385] [SEVERE ] updating countdown to 7907
[21:33:07.411] [SEVERE ] updating countdown to 7881
[21:33:07.438] [SEVERE ] updating countdown to 7854
[21:33:07.465] [SEVERE ] updating countdown to 7827
[21:33:07.491] [SEVERE ] updating countdown to 7801
[21:33:07.518] [SEVERE ] updating countdown to 7774
[21:33:07.544] [SEVERE ] updating countdown to 7748
[21:33:07.571] [SEVERE ] updating countdown to 7721
[21:33:07.597] [SEVERE ] updating countdown to 7695
[21:33:07.622] [SEVERE ] updating countdown to 7670
[21:33:07.648] [SEVERE ] updating countdown to 7644
[21:33:07.675] [SEVERE ] updating countdown to 7617
[21:33:07.701] [SEVERE ] updating countdown to 7591
[21:33:07.727] [SEVERE ] updating countdown to 7565
[21:33:07.753] [SEVERE ] updating countdown to 7539
[21:33:07.779] [SEVERE ] updating countdown to 7513
[21:33:07.805] [SEVERE ] updating countdown to 7487
[21:33:07.831] [SEVERE ] updating countdown to 7461
[21:33:07.857] [SEVERE ] updating countdown to 7435
[21:33:07.884] [SEVERE ] updating countdown to 7408
[21:33:07.914] [SEVERE ] updating countdown to 7378
[21:33:07.942] [SEVERE ] updating countdown to 7350
[21:33:07.969] [SEVERE ] updating countdown to 7323
[21:33:07.996] [SEVERE ] updating countdown to 7296
[21:33:08.022] [SEVERE ] updating countdown to 7270
[21:33:08.049] [SEVERE ] updating countdown to 7243
[21:33:08.076] [SEVERE ] updating countdown to 7216
[21:33:08.101] [SEVERE ] updating countdown to 7191
[21:33:08.127] [SEVERE ] updating countdown to 7165
[21:33:08.154] [SEVERE ] updating countdown to 7138
[21:33:08.180] [SEVERE ] updating countdown to 7112
[21:33:08.206] [SEVERE ] updating countdown to 7086
[21:33:08.232] [SEVERE ] updating countdown to 7060
[21:33:08.260] [SEVERE ] updating countdown to 7032
[21:33:08.287] [SEVERE ] updating countdown to 7005
[21:33:08.314] [SEVERE ] updating countdown to 6978
[21:33:08.340] [SEVERE ] updating countdown to 6952
[21:33:08.366] [SEVERE ] updating countdown to 6926
[21:33:08.393] [SEVERE ] updating countdown to 6899
[21:33:08.421] [SEVERE ] updating countdown to 6871
[21:33:08.449] [SEVERE ] updating countdown to 6843
[21:33:08.477] [SEVERE ] updating countdown to 6815
[21:33:08.504] [SEVERE ] updating countdown to 6788
[21:33:08.530] [SEVERE ] updating countdown to 6762
[21:33:08.556] [SEVERE ] updating countdown to 6736
[21:33:08.582] [SEVERE ] updating countdown to 6710
[21:33:08.608] [SEVERE ] updating countdown to 6684
[21:33:08.634] [SEVERE ] updating countdown to 6658
[21:33:08.660] [SEVERE ] updating countdown to 6632
[21:33:08.686] [SEVERE ] updating countdown to 6606
[21:33:08.712] [SEVERE ] updating countdown to 6580
[21:33:08.738] [SEVERE ] updating countdown to 6554
[21:33:08.764] [SEVERE ] updating countdown to 6528
[21:33:08.791] [SEVERE ] updating countdown to 6501
[21:33:08.817] [SEVERE ] updating countdown to 6475
[21:33:08.844] [SEVERE ] updating countdown to 6448
[21:33:08.870] [SEVERE ] updating countdown to 6422
[21:33:08.896] [SEVERE ] updating countdown to 6396
[21:33:08.922] [SEVERE ] updating countdown to 6370
[21:33:08.950] [SEVERE ] updating countdown to 6342
[21:33:08.978] [SEVERE ] updating countdown to 6314
[21:33:09.005] [SEVERE ] updating countdown to 6287
[21:33:09.031] [SEVERE ] updating countdown to 6261
[21:33:09.059] [SEVERE ] updating countdown to 6233
[21:33:09.087] [SEVERE ] updating countdown to 6205
[21:33:09.114] [SEVERE ] updating countdown to 6178
[21:33:09.140] [SEVERE ] updating countdown to 6152
[21:33:09.166] [SEVERE ] updating countdown to 6126
[21:33:09.192] [SEVERE ] updating countdown to 6100
[21:33:09.218] [SEVERE ] updating countdown to 6074
[21:33:09.243] [SEVERE ] updating countdown to 6049
[21:33:09.269] [SEVERE ] updating countdown to 6023
[21:33:09.294] [SEVERE ] updating countdown to 5998
[21:33:09.322] [SEVERE ] updating countdown to 5970
[21:33:09.348] [SEVERE ] updating countdown to 5944
[21:33:09.375] [SEVERE ] updating countdown to 5917
[21:33:09.401] [SEVERE ] updating countdown to 5891
[21:33:09.427] [SEVERE ] updating countdown to 5865
[21:33:09.453] [SEVERE ] updating countdown to 5839
[21:33:09.479] [SEVERE ] updating countdown to 5813
[21:33:09.505] [SEVERE ] updating countdown to 5787
[21:33:09.530] [SEVERE ] updating countdown to 5762
[21:33:09.556] [SEVERE ] updating countdown to 5736
[21:33:09.582] [SEVERE ] updating countdown to 5710
[21:33:09.608] [SEVERE ] updating countdown to 5684
[21:33:09.635] [SEVERE ] updating countdown to 5657
[21:33:09.662] [SEVERE ] updating countdown to 5630
[21:33:09.690] [SEVERE ] updating countdown to 5602
[21:33:09.716] [SEVERE ] updating countdown to 5576
[21:33:09.742] [SEVERE ] updating countdown to 5550
[21:33:09.768] [SEVERE ] updating countdown to 5524
[21:33:09.795] [SEVERE ] updating countdown to 5497
[21:33:09.821] [SEVERE ] updating countdown to 5471
[21:33:09.847] [SEVERE ] updating countdown to 5445
[21:33:09.873] [SEVERE ] updating countdown to 5419
[21:33:09.899] [SEVERE ] updating countdown to 5393
[21:33:09.925] [SEVERE ] updating countdown to 5367
[21:33:09.951] [SEVERE ] updating countdown to 5341
[21:33:09.977] [SEVERE ] updating countdown to 5315
[21:33:10.003] [SEVERE ] updating countdown to 5289
[21:33:10.029] [SEVERE ] updating countdown to 5263
[21:33:10.057] [SEVERE ] updating countdown to 5235
[21:33:10.084] [SEVERE ] updating countdown to 5208
[21:33:10.110] [SEVERE ] updating countdown to 5182
[21:33:10.137] [SEVERE ] updating countdown to 5155
[21:33:10.164] [SEVERE ] updating countdown to 5128
[21:33:10.191] [SEVERE ] updating countdown to 5101
[21:33:10.218] [SEVERE ] updating countdown to 5074
[21:33:10.245] [SEVERE ] updating countdown to 5047
[21:33:10.272] [SEVERE ] updating countdown to 5020
[21:33:15.414] [SEVERE ] removing card from slot 0
[21:33:15.518] [SEVERE ] removing card from slot 1
[21:33:15.619] [SEVERE ] removing player 2 token from slot 2
[21:33:15.620] [SEVERE ] removing card from slot 2
[21:33:15.721] [SEVERE ] removing card from slot 3
[21:33:15.822] [SEVERE ] removing player 1 token from slot 4
[21:33:15.824] [SEVERE ] removing card from slot 4
[21:33:15.925] [SEVERE ] removing player 2 token from slot 5
[21:33:15.928] [SEVERE ] removing card from slot 5
[21:33:16.031] [SEVERE ] removing card from slot 6
[21:33:16.134] [SEVERE ] removing player 2 token from slot 7
[21:33:16.135] [SEVERE ] removing card from slot 7
[21:33:16.236] [SEVERE ] removing player 1 token from slot 8
[21:33:16.237] [SEVERE ] removing card from slot 8
[21:33:16.339] [SEVERE ] removing player 1 token from slot 9
[21:33:16.339] [SEVERE ] removing card from slot 9
[21:33:16.354] [SEVERE ] key 65 was pressed by player 1
[21:33:16.354] [SEVERE ] player 1 placing token on slot 4
[21:33:16.440] [SEVERE ] removing card from slot 10
[21:33:16.543] [SEVERE ] removing card from slot 11
[21:33:16.646] [SEVERE ] placing card 30 in slot 0
[21:33:16.748] [SEVERE ] placing card 23 in slot 1
[21:33:16.849] [SEVERE ] placing card 6 in slot 2
[21:33:16.951] [SEVERE ] placing card 60 in slot 3
[21:33:17.053] [SEVERE ] placing card 19 in slot 4
[21:33:17.155] [SEVERE ] placing card 53 in slot 5
[21:33:17.258] [SEVERE ] placing card 12 in slot 6
[21:33:17.359] [SEVERE ] placing card 33 in slot 7
[21:33:17.462] [SEVERE ] placing card 49 in slot 8
[21:33:17.565] [SEVERE ] placing card 46 in slot 9
[21:33:17.668] [SEVERE ] placing card 7 in slot 10
[21:33:17.770] [SEVERE ] placing card 24 in slot 11
[21:33:17.796] [SEVERE ] updating countdown to 19975
[21:33:17.822] [SEVERE ] updating countdown to 19949
[21:33:17.848] [SEVERE ] updating countdown to 19923
[21:33:17.874] [SEVERE ] updating countdown to 19897
[21:33:17.900] [SEVERE ] updating countdown to 19871
[21:33:17.927] [SEVERE ] updating countdown to 19844
[21:33:17.955] [SEVERE ] updating countdown to 19816
[21:33:17.982] [SEVERE ] updating countdown to 19789
[21:33:18.009] [SEVERE ] updating countdown to 19762
[21:33:18.037] [SEVERE ] updating countdown to 19734
[21:33:18.064] [SEVERE ] updating countdown to 19707
[21:33:18.090] [SEVERE ] updating countdown to 19681
[21:33:18.116] [SEVERE ] updating countdown to 19655
[21:33:18.143] [SEVERE ] updating countdown to 19628
[21:33:18.170] [SEVERE ] updating countdown to 19601
[21:33:18.196] [SEVERE ] updating countdown to 19575
[21:33:18.225] [SEVERE ] updating countdown to 19546
[21:33:18.252] [SEVERE ] updating countdown to 19519
[21:33:18.278] [SEVERE ] updating countdown to 19493
[21:33:18.307] [SEVERE ] updating countdown to 19464
[21:33:18.333] [SEVERE ] updating countdown to 19438
[21:33:18.361] [SEVERE ] updating countdown to 19410
[21:33:18.388] [SEVERE ] updating countdown to 19383
[21:33:18.414] [SEVERE ] updating countdown to 19357
[21:33:18.440] [SEVERE ] updating countdown to 19331
[21:33:18.467] [SEVERE ] updating countdown to 19304
[21:33:18.494] [SEVERE ] updating countdown to 19277
[21:33:18.521] [SEVERE ] updating countdown to 19250
[21:33:18.548] [SEVERE ] updating countdown to 19223
[21:33:18.576] [SEVERE ] updating countdown to 19195
[21:33:18.603] [SEVERE ] updating countdown to 19168
[21:33:18.629] [SEVERE ] updating countdown to 19142
[21:33:18.656] [SEVERE ] updating countdown to 19115
[21:33:18.684] [SEVERE ] updating countdown to 19087
[21:33:18.712] [SEVERE ] updating countdown to 19059
[21:33:18.739] [SEVERE ] updating countdown to 19032
[21:33:18.766] [SEVERE ] updating countdown to 19005
[21:33:18.792] [SEVERE ] updating countdown to 18979
[21:33:18.818] [SEVERE ] updating countdown to 18953
[21:33:18.846] [SEVERE ] updating countdown to 18925
[21:33:18.872] [SEVERE ] updating countdown to 18899
[21:33:18.898] [SEVERE ] updating countdown to 18873
[21:33:18.924] [SEVERE ] updating countdown to 18847
[21:33:18.951] [SEVERE ] updating countdown to 18820
[21:33:18.979] [SEVERE ] updating countdown to 18792
[21:33:19.006] [SEVERE ] updating countdown to 18765
[21:33:19.032] [SEVERE ] updating countdown to 18739
[21:33:19.058] [SEVERE ] updating countdown to 18713
[21:33:19.086] [SEVERE ] updating countdown to 18685
[21:33:19.112] [SEVERE ] updating countdown to 18659
[21:33:19.139] [SEVERE ] updating countdown to 18632
[21:33:19.166] [SEVERE ] updating countdown to 18605
[21:33:19.192] [SEVERE ] updating countdown to 18579
[21:33:19.220] [SEVERE ] updating countdown to 18551
[21:33:19.250] [SEVERE ] updating countdown to 18521
[21:33:19.277] [SEVERE ] updating countdown to 18494
[21:33:19.302] [SEVERE ] updating countdown to 18469
[21:33:19.330] [SEVERE ] updating countdown to 18441
[21:33:19.357] [SEVERE ] updating countdown to 18414
[21:33:19.384] [SEVERE ] updating countdown to 18387
[21:33:19.411] [SEVERE ] updating countdown to 18360
[21:33:19.437] [SEVERE ] updating countdown to 18334
[21:33:19.463] [SEVERE ] updating countdown to 18308
[21:33:19.492] [SEVERE ] updating countdown to 18279
[21:33:19.520] [SEVERE ] updating countdown to 18251
[21:33:19.547] [SEVERE ] updating countdown to 18224
[21:33:19.573] [SEVERE ] updating countdown to 18198
[21:33:19.599] [SEVERE ] updating countdown to 18172
[21:33:19.625] [SEVERE ] updating countdown to 18146
[21:33:19.651] [SEVERE ] updating countdown to 18120
[21:33:19.679] [SEVERE ] updating countdown to 18092
[21:33:19.707] [SEVERE ] updating countdown to 18064
[21:33:19.734] [SEVERE ] updating countdown to 18037
[21:33:19.760] [SEVERE ] updating countdown to 18011
[21:33:19.788] [SEVERE ] updating countdown to 17983
[21:33:19.816] [SEVERE ] updating countdown to 17955
[21:33:19.841] [SEVERE ] updating countdown to 17930
[21:33:19.867] [SEVERE ] updating countdown to 17904
[21:33:19.893] [SEVERE ] updating countdown to 17878
[21:33:19.918] [SEVERE ] updating countdown to 17853
[21:33:19.944] [SEVERE ] updating countdown to 17827
[21:33:19.969] [SEVERE ] updating countdown to 17802
[21:33:19.995] [SEVERE ] updating countdown to 17776
[21:33:20.021] [SEVERE ] updating countdown to 17750
[21:33:20.047] [SEVERE ] updating countdown to 17724
[21:33:20.073] [SEVERE ] updating countdown to 17698
[21:33:20.099] [SEVERE ] updating countdown to 17672
[21:33:20.124] [SEVERE ] updating countdown to 17647
[21:33:20.150] [SEVERE ] updating countdown to 17621
[21:33:20.176] [SEVERE ] updating countdown to 17595
[21:33:20.202] [SEVERE ] updating countdown to 17569
[21:33:20.228] [SEVERE ] updating countdown to 17543
[21:33:20.254] [SEVERE ] updating countdown to 17517
[21:33:20.279] [SEVERE ] updating countdown to 17492
[21:33:20.305] [SEVERE ] updating countdown to 17466
[21:33:20.330] [SEVERE ] updating countdown to 17441
[21:33:20.357] [SEVERE ] updating countdown to 17414
[21:33:20.383] [SEVERE ] updating countdown to 17388
[21:33:20.409] [SEVERE ] updating countdown to 17362
[21:33:20.435] [SEVERE ] updating countdown to 17336
[21:33:20.461] [SEVERE ] updating countdown to 17310
[21:33:20.489] [SEVERE ] updating countdown to 17282
[21:33:20.515] [SEVERE ] updating countdown to 17256
[21:33:20.541] [SEVERE ] updating countdown to 17230
[21:33:20.572] [SEVERE ] updating countdown to 17199
[21:33:20.597] [SEVERE ] updating countdown to 17174
[21:33:20.624] [SEVERE ] updating countdown to 17147
[21:33:20.656] [SEVERE ] updating countdown to 17115
[21:33:20.684] [SEVERE ] updating countdown to 17087
[21:33:20.710] [SEVERE ] updating countdown to 17061
[21:33:20.736] [SEVERE ] updating countdown to 17035
[21:33:20.763] [SEVERE ] updating countdown to 17008
[21:33:20.789] [SEVERE ] updating countdown to 16982
[21:33:20.818] [SEVERE ] updating countdown to 16953
[21:33:20.844] [SEVERE ] updating countdown to 16927
[21:33:20.870] [SEVERE ] updating countdown to 16901
[21:33:20.896] [SEVERE ] updating countdown to 16875
[21:33:20.921] [SEVERE ] updating countdown to 16850
[21:33:20.948] [SEVERE ] updating countdown to 16823
[21:33:20.974] [SEVERE ] updating countdown to 16797
[21:33:21.001] [SEVERE ] updating countdown to 16770
[21:33:21.027] [SEVERE ] updating countdown to 16744
[21:33:21.052] [SEVERE ] updating countdown to 16719
[21:33:21.079] [SEVERE ] updating countdown to 16692
[21:33:21.105] [SEVERE ] updating countdown to 16666
[21:33:21.132] [SEVERE ] updating countdown to 16640
[21:33:21.158] [SEVERE ] updating countdown to 16613
[21:33:21.185] [SEVERE ] updating countdown to 16587
[21:33:21.210] [SEVERE ] updating countdown to 16561
[21:33:21.236] [SEVERE ] updating countdown to 16535
[21:33:21.262] [SEVERE ] updating countdown to 16509
[21:33:21.288] [SEVERE ] updating countdown to 16483
[21:33:21.315] [SEVERE ] updating countdown to 16456
[21:33:21.342] [SEVERE ] updating countdown to 16429
[21:33:21.370] [SEVERE ] updating countdown to 16401
[21:33:21.397] [SEVERE ] updating countdown to 16374
[21:33:21.423] [SEVERE ] updating countdown to 16348
[21:33:21.451] [SEVERE ] updating countdown to 16320
[21:33:21.478] [SEVERE ] updating countdown to 16293
[21:33:21.505] [SEVERE ] updating countdown to 16266
[21:33:21.531] [SEVERE ] updating countdown to 16240
[21:33:21.558] [SEVERE ] updating countdown to 16213
[21:33:21.585] [SEVERE ] updating countdown to 16186
[21:33:21.612] [SEVERE ] updating countdown to 16159
[21:33:21.639] [SEVERE ] updating countdown to 16132
[21:33:21.667] [SEVERE ] updating countdown to 16104
[21:33:21.695] [SEVERE ] updating countdown to 16076
[21:33:21.721] [SEVERE ] updating countdown to 16050
[21:33:21.748] [SEVERE ] updating countdown to 16023
[21:33:21.775] [SEVERE ] updating countdown to 15996
[21:33:21.802] [SEVERE ] updating countdown to 15969
[21:33:21.829] [SEVERE ] updating countdown to 15942
[21:33:21.855] [SEVERE ] updating countdown to 15916
[21:33:21.882] [SEVERE ] updating countdown to 15889
[21:33:21.909] [SEVERE ] updating countdown to 15862
[21:33:21.935] [SEVERE ] updating countdown to 15836
[21:33:21.961] [SEVERE ] updating countdown to 15810
[21:33:21.987] [SEVERE ] updating countdown to 15784
[21:33:22.012] [SEVERE ] updating countdown to 15759
[21:33:22.038] [SEVERE ] updating countdown to 15733
[21:33:22.064] [SEVERE ] updating countdown to 15707
[21:33:22.089] [SEVERE ] updating countdown to 15682
[21:33:22.115] [SEVERE ] updating countdown to 15656
[21:33:22.142] [SEVERE ] updating countdown to 15629
[21:33:22.169] [SEVERE ] updating countdown to 15602
[21:33:22.195] [SEVERE ] updating countdown to 15576
[21:33:22.223] [SEVERE ] updating countdown to 15548
[21:33:22.250] [SEVERE ] updating countdown to 15521
[21:33:22.276] [SEVERE ] updating countdown to 15495
[21:33:22.304] [SEVERE ] updating countdown to 15467
[21:33:22.331] [SEVERE ] updating countdown to 15440
[21:33:22.359] [SEVERE ] updating countdown to 15412
[21:33:22.385] [SEVERE ] updating countdown to 15386
[21:33:22.413] [SEVERE ] updating countdown to 15358
[21:33:22.440] [SEVERE ] updating countdown to 15331
[21:33:22.467] [SEVERE ] updating countdown to 15305
[21:33:22.494] [SEVERE ] updating countdown to 15277
[21:33:22.522] [SEVERE ] updating countdown to 15249
[21:33:22.549] [SEVERE ] updating countdown to 15222
[21:33:22.575] [SEVERE ] updating countdown to 15196
[21:33:22.603] [SEVERE ] updating countdown to 15168
[21:33:22.630] [SEVERE ] updating countdown to 15141
[21:33:22.657] [SEVERE ] updating countdown to 15114
[21:33:22.684] [SEVERE ] updating countdown to 15087
[21:33:22.710] [SEVERE ] updating countdown to 15061
[21:33:22.735] [SEVERE ] updating countdown to 15036
[21:33:22.762] [SEVERE ] updating countdown to 15009
[21:33:22.787] [SEVERE ] updating countdown to 14984
[21:33:22.813] [SEVERE ] updating countdown to 14958
[21:33:22.839] [SEVERE ] updating countdown to 14932
[21:33:22.865] [SEVERE ] updating countdown to 14906
[21:33:22.891] [SEVERE ] updating countdown to 14880
[21:33:22.919] [SEVERE ] updating countdown to 14852
[21:33:22.947] [SEVERE ] updating countdown to 14824
[21:33:22.973] [SEVERE ] updating countdown to 14798
[21:33:22.999] [SEVERE ] updating countdown to 14772
[21:33:23.025] [SEVERE ] updating countdown to 14746
[21:33:23.051] [SEVERE ] updating countdown to 14720
[21:33:23.078] [SEVERE ] updating countdown to 14693
[21:33:23.104] [SEVERE ] updating countdown to 14667
[21:33:23.131] [SEVERE ] updating countdown to 14640
[21:33:23.157] [SEVERE ] updating countdown to 14614
[21:33:23.184] [SEVERE ] updating countdown to 14587
[21:33:23.210] [SEVERE ] updating countdown to 14561
[21:33:23.237] [SEVERE ] updating countdown to 14534
[21:33:23.264] [SEVERE ] updating countdown to 14507
[21:33:23.293] [SEVERE ] updating countdown to 14478
[21:33:23.319] [SEVERE ] updating countdown to 14452
[21:33:23.346] [SEVERE ] updating countdown to 14425
[21:33:23.373] [SEVERE ] updating countdown to 14398
[21:33:23.399] [SEVERE ] updating countdown to 14372
[21:33:23.426] [SEVERE ] updating countdown to 14345
[21:33:23.452] [SEVERE ] updating countdown to 14319
[21:33:23.479] [SEVERE ] updating countdown to 14292
[21:33:23.505] [SEVERE ] updating countdown to 14266
[21:33:23.531] [SEVERE ] updating countdown to 14240
[21:33:23.557] [SEVERE ] updating countdown to 14214
[21:33:23.584] [SEVERE ] updating countdown to 14187
[21:33:23.610] [SEVERE ] updating countdown to 14161
[21:33:23.637] [SEVERE ] updating countdown to 14134
[21:33:23.665] [SEVERE ] updating countdown to 14106
[21:33:23.691] [SEVERE ] updating countdown to 14080
[21:33:23.718] [SEVERE ] updating countdown to 14053
[21:33:23.747] [SEVERE ] updating countdown to 14024
[21:33:23.773] [SEVERE ] updating countdown to 13998
[21:33:23.800] [SEVERE ] updating countdown to 13971
[21:33:23.826] [SEVERE ] updating countdown to 13945
[21:33:23.854] [SEVERE ] updating countdown to 13917
[21:33:23.880] [SEVERE ] updating countdown to 13891
[21:33:23.906] [SEVERE ] updating countdown to 13865
[21:33:23.934] [SEVERE ] updating countdown to 13837
[21:33:23.961] [SEVERE ] updating countdown to 13810
[21:33:23.988] [SEVERE ] updating countdown to 13783
[21:33:24.014] [SEVERE ] updating countdown to 13757
[21:33:24.040] [SEVERE ] updating countdown to 13731
[21:33:24.066] [SEVERE ] updating countdown to 13705
[21:33:24.092] [SEVERE ] updating countdown to 13679
[21:33:24.118] [SEVERE ] updating countdown to 13653
[21:33:24.144] [SEVERE ] updating countdown to 13627
[21:33:24.169] [SEVERE ] updating countdown to 13602
[21:33:24.197] [SEVERE ] updating countdown to 13574
[21:33:24.222] [SEVERE ] updating countdown to 13549
[21:33:24.248] [SEVERE ] updating countdown to 13523
[21:33:24.274] [SEVERE ] updating countdown to 13497
[21:33:24.300] [SEVERE ] updating countdown to 13471
[21:33:24.327] [SEVERE ] updating countdown to 13444
[21:33:24.354] [SEVERE ] updating countdown to 13417
[21:33:24.381] [SEVERE ] updating countdown to 13390
[21:33:24.409] [SEVERE ] updating countdown to 13362
[21:33:24.436] [SEVERE ] updating countdown to 13335
[21:33:24.462] [SEVERE ] updating countdown to 13309
[21:33:24.489] [SEVERE ] updating countdown to 13282
[21:33:24.517] [SEVERE ] updating countdown to 13254
[21:33:24.545] [SEVERE ] updating countdown to 13226
[21:33:24.573] [SEVERE ] updating countdown to 13198
[21:33:24.601] [SEVERE ] updating countdown to 13170
[21:33:24.627] [SEVERE ] updating countdown to 13144
[21:33:24.653] [SEVERE ] updating countdown to 13118
[21:33:24.679] [SEVERE ] updating countdown to 13092
[21:33:24.707] [SEVERE ] updating countdown to 13064
[21:33:24.735] [SEVERE ] updating countdown to 13036
[21:33:24.761] [SEVERE ] updating countdown to 13010
[21:33:24.787] [SEVERE ] updating countdown to 12984
[21:33:24.813] [SEVERE ] updating countdown to 12958
[21:33:24.841] [SEVERE ] updating countdown to 12930
[21:33:24.869] [SEVERE ] updating countdown to 12902
[21:33:24.896] [SEVERE ] updating countdown to 12875
[21:33:24.922] [SEVERE ] updating countdown to 12849
[21:33:24.948] [SEVERE ] updating countdown to 12823
[21:33:24.975] [SEVERE ] updating countdown to 12796
[21:33:25.001] [SEVERE ] updating countdown to 12770
[21:33:25.029] [SEVERE ] updating countdown to 12743
[21:33:25.056] [SEVERE ] updating countdown to 12715
[21:33:25.083] [SEVERE ] updating countdown to 12688
[21:33:25.111] [SEVERE ] updating countdown to 12660
[21:33:25.139] [SEVERE ] updating countdown to 12632
[21:33:25.165] [SEVERE ] updating countdown to 12606
[21:33:25.191] [SEVERE ] updating countdown to 12580
[21:33:25.217] [SEVERE ] updating countdown to 12554
[21:33:25.243] [SEVERE ] updating countdown to 12528
[21:33:25.270] [SEVERE ] updating countdown to 12501
[21:33:25.299] [SEVERE ] updating countdown to 12472
[21:33:25.325] [SEVERE ] updating countdown to 12446
[21:33:25.352] [SEVERE ] updating countdown to 12419
[21:33:25.380] [SEVERE ] updating countdown to 12391
[21:33:25.406] [SEVERE ] updating countdown to 12365
[21:33:25.433] [SEVERE ] updating countdown to 12338
[21:33:25.459] [SEVERE ] updating countdown to 12312
[21:33:25.487] [SEVERE ] updating countdown to 12284
[21:33:25.514] [SEVERE ] updating countdown to 12257
[21:33:25.541] [SEVERE ] updating countdown to 12230
[21:33:25.568] [SEVERE ] updating countdown to 12203
[21:33:25.596] [SEVERE ] updating countdown to 12175
[21:33:25.623] [SEVERE ] updating countdown to 12148
[21:33:25.649] [SEVERE ] updating countdown to 12122
[21:33:25.675] [SEVERE ] updating countdown to 12096
[21:33:25.704] [SEVERE ] updating countdown to 12067
[21:33:25.731] [SEVERE ] updating countdown to 12040
[21:33:25.758] [SEVERE ] updating countdown to 12013
[21:33:25.785] [SEVERE ] updating countdown to 11986
[21:33:25.813] [SEVERE ] updating countdown to 11958
[21:33:25.839] [SEVERE ] updating countdown to 11932
[21:33:25.865] [SEVERE ] updating countdown to 11906
[21:33:25.891] [SEVERE ] updating countdown to 11880
[21:33:25.919] [SEVERE ] updating countdown to 11852
[21:33:25.945] [SEVERE ] updating countdown to 11826
[21:33:25.972] [SEVERE ] updating countdown to 11799
[21:33:25.999] [SEVERE ] updating countdown to 11773
[21:33:26.027] [SEVERE ] updating countdown to 11744
[21:33:26.056] [SEVERE ] updating countdown to 11715
[21:33:26.083] [SEVERE ] updating countdown to 11688
[21:33:26.109] [SEVERE ] updating countdown to 11662
[21:33:26.136] [SEVERE ] updating countdown to 11635
[21:33:26.162] [SEVERE ] updating countdown to 11609
[21:33:26.190] [SEVERE ] updating countdown to 11581
[21:33:26.216] [SEVERE ] updating countdown to 11555
[21:33:26.242] [SEVERE ] updating countdown to 11529
[21:33:26.269] [SEVERE ] updating countdown to 11502
[21:33:26.297] [SEVERE ] updating countdown to 11474
[21:33:26.323] [SEVERE ] updating countdown to 11448
[21:33:26.349] [SEVERE ] updating countdown to 11422
[21:33:26.376] [SEVERE ] updating countdown to 11395
[21:33:26.402] [SEVERE ] updating countdown to 11369
[21:33:26.428] [SEVERE ] updating countdown to 11343
[21:33:26.453] [SEVERE ] updating countdown to 11318
[21:33:26.479] [SEVERE ] updating countdown to 11292
[21:33:26.505] [SEVERE ] updating countdown to 11266
[21:33:26.531] [SEVERE ] updating countdown to 11240
[21:33:26.557] [SEVERE ] updating countdown to 11214
[21:33:26.585] [SEVERE ] updating countdown to 11186
[21:33:26.611] [SEVERE ] updating countdown to 11160
[21:33:26.637] [SEVERE ] updating countdown to 11134
[21:33:26.663] [SEVERE ] updating countdown to 11108
[21:33:26.690] [SEVERE ] updating countdown to 11081
[21:33:26.717] [SEVERE ] updating countdown to 11054
[21:33:26.744] [SEVERE ] updating countdown to 11027
[21:33:26.771] [SEVERE ] updating countdown to 11000
[21:33:26.798] [SEVERE ] updating countdown to 10973
[21:33:26.825] [SEVERE ] updating countdown to 10946
[21:33:26.852] [SEVERE ] updating countdown to 10919
[21:33:26.878] [SEVERE ] updating countdown to 10893
[21:33:26.905] [SEVERE ] updating countdown to 10866
[21:33:26.934] [SEVERE ] updating countdown to 10837
[21:33:26.960] [SEVERE ] updating countdown to 10811
[21:33:26.987] [SEVERE ] updating countdown to 10784
[21:33:27.015] [SEVERE ] updating countdown to 10756
[21:33:27.042] [SEVERE ] updating countdown to 10729
[21:33:27.068] [SEVERE ] updating countdown to 10703
[21:33:27.095] [SEVERE ] updating countdown to 10676
[21:33:27.123] [SEVERE ] updating countdown to 10648
[21:33:27.150] [SEVERE ] updating countdown to 10621
[21:33:27.177] [SEVERE ] updating countdown to 10594
[21:33:27.204] [SEVERE ] updating countdown to 10567
[21:33:27.230] [SEVERE ] updating countdown to 10541
[21:33:27.257] [SEVERE ] updating countdown to 10514
[21:33:27.284] [SEVERE ] updating countdown to 10487
[21:33:27.311] [SEVERE ] updating countdown to 10460
[21:33:27.336] [SEVERE ] updating countdown to 10435
[21:33:27.363] [SEVERE ] updating countdown to 10408
[21:33:27.389] [SEVERE ] updating countdown to 10382
[21:33:27.417] [SEVERE ] updating countdown to 10354
[21:33:27.443] [SEVERE ] updating countdown to 10328
[21:33:27.471] [SEVERE ] updating countdown to 10300
[21:33:27.497] [SEVERE ] updating countdown to 10274
[21:33:27.523] [SEVERE ] updating countdown to 10248
[21:33:27.549] [SEVERE ] updating countdown to 10222
[21:33:27.576] [SEVERE ] updating countdown to 10195
[21:33:27.603] [SEVERE ] updating countdown to 10168
[21:33:27.629] [SEVERE ] updating countdown to 10142
[21:33:27.657] [SEVERE ] updating countdown to 10114
[21:33:27.684] [SEVERE ] updating countdown to 10087
[21:33:27.711] [SEVERE ] updating countdown to 10060
[21:33:27.737] [SEVERE ] updating countdown to 10034
[21:33:27.762] [SEVERE ] updating countdown to 10009
[21:33:27.788] [SEVERE ] updating countdown to 9983
[21:33:27.814] [SEVERE ] updating countdown to 9957
[21:33:27.840] [SEVERE ] updating countdown to 9931
[21:33:27.866] [SEVERE ] updating countdown to 9905
[21:33:27.891] [SEVERE ] updating countdown to 9880
[21:33:27.917] [SEVERE ] updating countdown to 9854
[21:33:27.942] [SEVERE ] updating countdown to 9829
[21:33:27.968] [SEVERE ] updating countdown to 9803
[21:33:27.993] [SEVERE ] updating countdown to 9778
[21:33:28.019] [SEVERE ] updating countdown to 9752
[21:33:28.045] [SEVERE ] updating countdown to 9726
[21:33:28.070] [SEVERE ] updating countdown to 9701
[21:33:28.096] [SEVERE ] updating countdown to 9675
[21:33:28.121] [SEVERE ] updating countdown to 9650
[21:33:28.147] [SEVERE ] updating countdown to 9624
[21:33:28.173] [SEVERE ] updating countdown to 9598
[21:33:28.199] [SEVERE ] updating countdown to 9572
[21:33:28.225] [SEVERE ] updating countdown to 9546
[21:33:28.250] [SEVERE ] updating countdown to 9521
[21:33:28.278] [SEVERE ] updating countdown to 9494
[21:33:28.303] [SEVERE ] updating countdown to 9468
[21:33:28.330] [SEVERE ] updating countdown to 9441
[21:33:28.356] [SEVERE ] updating countdown to 9415
[21:33:28.384] [SEVERE ] updating countdown to 9387
[21:33:28.410] [SEVERE ] updating countdown to 9361
[21:33:28.437] [SEVERE ] updating countdown to 9334
[21:33:28.463] [SEVERE ] updating countdown to 9308
[21:33:28.489] [SEVERE ] updating countdown to 9282
[21:33:28.515] [SEVERE ] updating countdown to 9256
[21:33:28.540] [SEVERE ] updating countdown to 9231
[21:33:28.566] [SEVERE ] updating countdown to 9205
[21:33:28.592] [SEVERE ] updating countdown to 9179
[21:33:28.618] [SEVERE ] updating countdown to 9153
[21:33:28.643] [SEVERE ] updating countdown to 9128
[21:33:28.670] [SEVERE ] updating countdown to 9101
[21:33:28.698] [SEVERE ] updating countdown to 9073
[21:33:28.725] [SEVERE ] updating countdown to 9046
[21:33:28.753] [SEVERE ] updating countdown to 9018
[21:33:28.780] [SEVERE ] updating countdown to 8991
[21:33:28.807] [SEVERE ] updating countdown to 8964
[21:33:28.835] [SEVERE ] updating countdown to 8936
[21:33:28.862] [SEVERE ] updating countdown to 8909
[21:33:28.890] [SEVERE ] updating countdown to 8881
[21:33:28.916] [SEVERE ] updating countdown to 8855
[21:33:28.942] [SEVERE ] updating countdown to 8829
[21:33:28.970] [SEVERE ] updating countdown to 8801
[21:33:28.997] [SEVERE ] updating countdown to 8774
[21:33:29.025] [SEVERE ] updating countdown to 8746
[21:33:29.052] [SEVERE ] updating countdown to 8719
[21:33:29.078] [SEVERE ] updating countdown to 8693
[21:33:29.104] [SEVERE ] updating countdown to 8667
[21:33:29.132] [SEVERE ] updating countdown to 8639
[21:33:29.159] [SEVERE ] updating countdown to 8612
[21:33:29.186] [SEVERE ] updating countdown to 8585
[21:33:29.212] [SEVERE ] updating countdown to 8559
[21:33:29.239] [SEVERE ] updating countdown to 8532
[21:33:29.265] [SEVERE ] updating countdown to 8506
[21:33:29.292] [SEVERE ] updating countdown to 8479
[21:33:29.320] [SEVERE ] updating countdown to 8451
[21:33:29.348] [SEVERE ] updating countdown to 8423
[21:33:29.374] [SEVERE ] updating countdown to 8397
[21:33:29.400] [SEVERE ] updating countdown to 8371
[21:33:29.426] [SEVERE ] updating countdown to 8345
[21:33:29.453] [SEVERE ] updating countdown to 8318
[21:33:29.480] [SEVERE ] updating countdown to 8291
[21:33:29.508] [SEVERE ] updating countdown to 8263
[21:33:29.536] [SEVERE ] updating countdown to 8236
[21:33:29.563] [SEVERE ] updating countdown to 8208
[21:33:29.590] [SEVERE ] updating countdown to 8181
[21:33:29.616] [SEVERE ] updating countdown to 8155
[21:33:29.642] [SEVERE ] updating countdown to 8129
[21:33:29.669] [SEVERE ] updating countdown to 8102
[21:33:29.696] [SEVERE ] updating countdown to 8075
[21:33:29.722] [SEVERE ] updating countdown to 8049
[21:33:29.748] [SEVERE ] updating countdown to 8023
[21:33:29.774] [SEVERE ] updating countdown to 7997
[21:33:29.806] [SEVERE ] updating countdown to 7965
[21:33:29.833] [SEVERE ] updating countdown to 7938
[21:33:29.859] [SEVERE ] updating countdown to 7912
[21:33:29.885] [SEVERE ] updating countdown to 7886
[21:33:29.912] [SEVERE ] updating countdown to 7859
[21:33:29.940] [SEVERE ] updating countdown to 7831
[21:33:29.967] [SEVERE ] updating countdown to 7804
[21:33:29.995] [SEVERE ] updating countdown to 7776
[21:33:30.023] [SEVERE ] updating countdown to 7748
[21:33:30.050] [SEVERE ] updating countdown to 7721
[21:33:30.076] [SEVERE ] updating countdown to 7695
[21:33:30.106] [SEVERE ] updating countdown to 7665
[21:33:30.133] [SEVERE ] updating countdown to 7638
[21:33:30.159] [SEVERE ] updating countdown to 7612
[21:33:30.186] [SEVERE ] updating countdown to 7585
[21:33:30.213] [SEVERE ] updating countdown to 7558
[21:33:30.241] [SEVERE ] updating countdown to 7531
[21:33:30.268] [SEVERE ] updating countdown to 7503
[21:33:30.295] [SEVERE ] updating countdown to 7476
[21:33:30.322] [SEVERE ] updating countdown to 7449
[21:33:30.349] [SEVERE ] updating countdown to 7422
[21:33:30.376] [SEVERE ] updating countdown to 7395
[21:33:30.402] [SEVERE ] updating countdown to 7369
[21:33:30.428] [SEVERE ] updating countdown to 7343
[21:33:30.454] [SEVERE ] updating countdown to 7317
[21:33:30.482] [SEVERE ] updating countdown to 7289
[21:33:30.508] [SEVERE ] updating countdown to 7263
[21:33:30.537] [SEVERE ] updating countdown to 7234
[21:33:30.565] [SEVERE ] updating countdown to 7206
[21:33:30.591] [SEVERE ] updating countdown to 7180
[21:33:30.618] [SEVERE ] updating countdown to 7153
[21:33:30.644] [SEVERE ] updating countdown to 7127
[21:33:30.669] [SEVERE ] updating countdown to 7102
[21:33:30.696] [SEVERE ] updating countdown to 7075
[21:33:30.727] [SEVERE ] updating countdown to 7044
[21:33:30.753] [SEVERE ] updating countdown to 7018
[21:33:30.779] [SEVERE ] updating countdown to 6992
[21:33:30.807] [SEVERE ] updating countdown to 6964
[21:33:30.834] [SEVERE ] updating countdown to 6937
[21:33:30.860] [SEVERE ] updating countdown to 6911
[21:33:30.886] [SEVERE ] updating countdown to 6885
[21:33:30.913] [SEVERE ] updating countdown to 6858
[21:33:30.940] [SEVERE ] updating countdown to 6831
[21:33:30.968] [SEVERE ] updating countdown to 6803
[21:33:30.996] [SEVERE ] updating countdown to 6775
[21:33:31.022] [SEVERE ] updating countdown to 6749
[21:33:31.048] [SEVERE ] updating countdown to 6723
[21:33:31.075] [SEVERE ] updating countdown to 6696
[21:33:31.101] [SEVERE ] updating countdown to 6670
[21:33:31.128] [SEVERE ] updating countdown to 6643
[21:33:31.154] [SEVERE ] updating countdown to 6617
[21:33:31.182] [SEVERE ] updating countdown to 6589
[21:33:31.209] [SEVERE ] updating countdown to 6562
[21:33:31.235] [SEVERE ] updating countdown to 6536
[21:33:31.261] [SEVERE ] updating countdown to 6510
[21:33:31.287] [SEVERE ] updating countdown to 6484
[21:33:31.314] [SEVERE ] updating countdown to 6457
[21:33:31.341] [SEVERE ] updating countdown to 6430
[21:33:31.369] [SEVERE ] updating countdown to 6402
[21:33:31.396] [SEVERE ] updating countdown to 6375
[21:33:31.422] [SEVERE ] updating countdown to 6349
[21:33:31.449] [SEVERE ] updating countdown to 6322
[21:33:31.477] [SEVERE ] updating countdown to 6294
[21:33:31.504] [SEVERE ] updating countdown to 6267
[21:33:31.531] [SEVERE ] updating countdown to 6240
[21:33:31.557] [SEVERE ] updating countdown to 6214
[21:33:31.583] [SEVERE ] updating countdown to 6188
[21:33:31.610] [SEVERE ] updating countdown to 6161
[21:33:31.638] [SEVERE ] updating countdown to 6133
[21:33:31.665] [SEVERE ] updating countdown to 6106
[21:33:31.693] [SEVERE ] updating countdown to 6078
[21:33:31.720] [SEVERE ] updating countdown to 6051
[21:33:31.746] [SEVERE ] updating countdown to 6025
[21:33:31.773] [SEVERE ] updating countdown to 5998
[21:33:31.799] [SEVERE ] updating countdown to 5972
[21:33:31.825] [SEVERE ] updating countdown to 5946
[21:33:31.851] [SEVERE ] updating countdown to 5920
[21:33:31.877] [SEVERE ] updating countdown to 5894
[21:33:31.903] [SEVERE ] updating countdown to 5868
[21:33:31.929] [SEVERE ] updating countdown to 5842
[21:33:31.956] [SEVERE ] updating countdown to 5815
[21:33:31.981] [SEVERE ] updating countdown to 5790
[21:33:32.007] [SEVERE ] updating countdown to 5764
[21:33:32.033] [SEVERE ] updating countdown to 5738
[21:33:32.060] [SEVERE ] updating countdown to 5711
[21:33:32.087] [SEVERE ] updating countdown to 5684
[21:33:32.113] [SEVERE ] updating countdown to 5658
[21:33:32.140] [SEVERE ] updating countdown to 5631
[21:33:32.166] [SEVERE ] updating countdown to 5605
[21:33:32.191] [SEVERE ] updating countdown to 5580
[21:33:32.218] [SEVERE ] updating countdown to 5553
[21:33:32.245] [SEVERE ] updating countdown to 5526
[21:33:32.272] [SEVERE ] updating countdown to 5499
[21:33:32.299] [SEVERE ] updating countdown to 5472
[21:33:32.324] [SEVERE ] updating countdown to 5447
[21:33:32.351] [SEVERE ] updating countdown to 5420
[21:33:32.379] [SEVERE ] updating countdown to 5392
[21:33:32.407] [SEVERE ] updating countdown to 5364
[21:33:32.433] [SEVERE ] updating countdown to 5338
[21:33:32.459] [SEVERE ] updating countdown to 5312
[21:33:32.485] [SEVERE ] updating countdown to 5286
[21:33:32.511] [SEVERE ] updating countdown to 5260
[21:33:32.536] [SEVERE ] updating countdown to 5235
[21:33:32.562] [SEVERE ] updating countdown to 5209
[21:33:32.588] [SEVERE ] updating countdown to 5183
[21:33:32.613] [SEVERE ] updating countdown to 5158
[21:33:32.639] [SEVERE ] updating countdown to 5132
[21:33:32.665] [SEVERE ] updating countdown to 5106
[21:33:32.691] [SEVERE ] updating countdown to 5080
[21:33:32.717] [SEVERE ] updating countdown to 5054
[21:33:32.742] [SEVERE ] updating countdown to 5029
[21:33:32.768] [SEVERE ] updating countdown to 5003
