[21:18:57.016] [INFO   ] thread bguspl.set.Main.main() starting.
[21:18:57.072] [SEVERE ] cannot read configuration file config.properties trying from resources.
[21:18:57.080] [SEVERE ] configuration file was loaded from resources directory.
[21:18:58.320] [INFO   ] thread dealer starting.
[21:18:58.320] [INFO   ] thread dealer starting.
[21:18:58.426] [SEVERE ] placing card 79 in slot 0
[21:18:58.536] [SEVERE ] placing card 46 in slot 1
[21:18:58.644] [SEVERE ] placing card 7 in slot 2
[21:18:58.745] [SEVERE ] placing card 17 in slot 3
[21:18:58.846] [SEVERE ] placing card 30 in slot 4
[21:18:58.949] [SEVERE ] placing card 4 in slot 5
[21:18:59.056] [SEVERE ] placing card 51 in slot 6
[21:18:59.157] [SEVERE ] placing card 32 in slot 7
[21:18:59.260] [SEVERE ] placing card 71 in slot 8
[21:18:59.363] [SEVERE ] placing card 18 in slot 9
[21:18:59.472] [SEVERE ] placing card 24 in slot 10
[21:18:59.573] [SEVERE ] placing card 19 in slot 11
[21:18:59.600] [SEVERE ] updating countdown to 19974
[21:18:59.627] [SEVERE ] updating countdown to 19947
[21:18:59.653] [SEVERE ] updating countdown to 19921
[21:18:59.679] [SEVERE ] updating countdown to 19895
[21:18:59.705] [SEVERE ] updating countdown to 19869
[21:18:59.744] [SEVERE ] updating countdown to 19830
[21:18:59.770] [SEVERE ] updating countdown to 19804
[21:18:59.796] [SEVERE ] updating countdown to 19778
[21:18:59.822] [SEVERE ] updating countdown to 19752
[21:18:59.861] [SEVERE ] updating countdown to 19713
[21:18:59.888] [SEVERE ] updating countdown to 19686
[21:18:59.915] [SEVERE ] updating countdown to 19660
[21:18:59.943] [SEVERE ] updating countdown to 19631
[21:18:59.995] [SEVERE ] updating countdown to 19579
[21:19:00.022] [SEVERE ] updating countdown to 19552
[21:19:00.048] [SEVERE ] updating countdown to 19526
[21:19:00.078] [SEVERE ] updating countdown to 19496
[21:19:00.104] [SEVERE ] updating countdown to 19470
[21:19:00.139] [SEVERE ] updating countdown to 19436
[21:19:00.165] [SEVERE ] updating countdown to 19409
[21:19:00.193] [SEVERE ] updating countdown to 19381
[21:19:00.220] [SEVERE ] updating countdown to 19354
[21:19:00.247] [SEVERE ] updating countdown to 19327
[21:19:00.274] [SEVERE ] updating countdown to 19300
[21:19:00.300] [SEVERE ] updating countdown to 19274
[21:19:00.366] [SEVERE ] updating countdown to 19208
[21:19:00.392] [SEVERE ] updating countdown to 19182
[21:19:00.418] [SEVERE ] updating countdown to 19156
[21:19:00.445] [SEVERE ] updating countdown to 19129
[21:19:00.484] [SEVERE ] updating countdown to 19090
[21:19:00.517] [SEVERE ] updating countdown to 19057
[21:19:00.544] [SEVERE ] updating countdown to 19030
[21:19:00.571] [SEVERE ] updating countdown to 19003
[21:19:00.603] [SEVERE ] updating countdown to 18971
[21:19:00.630] [SEVERE ] updating countdown to 18944
[21:19:00.664] [SEVERE ] updating countdown to 18910
[21:19:00.690] [SEVERE ] updating countdown to 18884
[21:19:00.716] [SEVERE ] updating countdown to 18858
[21:19:00.742] [SEVERE ] updating countdown to 18832
[21:19:00.768] [SEVERE ] updating countdown to 18806
[21:19:00.806] [SEVERE ] updating countdown to 18768
[21:19:00.833] [SEVERE ] updating countdown to 18741
[21:19:00.893] [SEVERE ] updating countdown to 18681
[21:19:00.920] [SEVERE ] updating countdown to 18654
[21:19:00.946] [SEVERE ] updating countdown to 18628
[21:19:00.974] [SEVERE ] updating countdown to 18600
[21:19:01.000] [SEVERE ] updating countdown to 18574
[21:19:01.028] [SEVERE ] updating countdown to 18546
[21:19:01.059] [SEVERE ] updating countdown to 18515
[21:19:01.086] [SEVERE ] updating countdown to 18488
[21:19:01.125] [SEVERE ] updating countdown to 18449
[21:19:01.151] [SEVERE ] updating countdown to 18423
[21:19:01.194] [SEVERE ] updating countdown to 18380
[21:19:01.224] [SEVERE ] updating countdown to 18350
[21:19:01.250] [SEVERE ] updating countdown to 18324
[21:19:01.299] [SEVERE ] updating countdown to 18275
[21:19:01.325] [SEVERE ] updating countdown to 18249
[21:19:01.355] [SEVERE ] updating countdown to 18219
[21:19:01.406] [SEVERE ] updating countdown to 18168
[21:19:01.432] [SEVERE ] updating countdown to 18142
[21:19:01.458] [SEVERE ] updating countdown to 18116
[21:19:01.484] [SEVERE ] updating countdown to 18090
[21:19:01.517] [SEVERE ] updating countdown to 18057
[21:19:01.543] [SEVERE ] updating countdown to 18031
[21:19:01.569] [SEVERE ] updating countdown to 18005
[21:19:01.595] [SEVERE ] updating countdown to 17980
[21:19:01.621] [SEVERE ] updating countdown to 17953
[21:19:01.648] [SEVERE ] updating countdown to 17926
[21:19:01.675] [SEVERE ] updating countdown to 17899
[21:19:01.701] [SEVERE ] updating countdown to 17873
[21:19:01.727] [SEVERE ] updating countdown to 17847
[21:19:01.753] [SEVERE ] updating countdown to 17821
[21:19:01.782] [SEVERE ] updating countdown to 17792
[21:19:01.809] [SEVERE ] updating countdown to 17765
[21:19:01.835] [SEVERE ] updating countdown to 17739
[21:19:01.861] [SEVERE ] updating countdown to 17713
[21:19:01.895] [SEVERE ] updating countdown to 17679
[21:19:01.920] [SEVERE ] updating countdown to 17654
[21:19:01.946] [SEVERE ] updating countdown to 17628
[21:19:01.972] [SEVERE ] updating countdown to 17602
[21:19:01.998] [SEVERE ] updating countdown to 17576
[21:19:02.024] [SEVERE ] updating countdown to 17550
[21:19:02.051] [SEVERE ] updating countdown to 17523
[21:19:02.077] [SEVERE ] updating countdown to 17497
[21:19:02.103] [SEVERE ] updating countdown to 17472
[21:19:02.128] [SEVERE ] updating countdown to 17446
[21:19:02.157] [SEVERE ] updating countdown to 17417
[21:19:02.183] [SEVERE ] updating countdown to 17391
[21:19:02.209] [SEVERE ] updating countdown to 17365
[21:19:02.235] [SEVERE ] updating countdown to 17339
[21:19:02.261] [SEVERE ] updating countdown to 17313
[21:19:02.288] [SEVERE ] updating countdown to 17286
[21:19:02.314] [SEVERE ] updating countdown to 17261
[21:19:02.340] [SEVERE ] updating countdown to 17234
[21:19:02.367] [SEVERE ] updating countdown to 17207
[21:19:02.395] [SEVERE ] updating countdown to 17179
[21:19:02.421] [SEVERE ] updating countdown to 17153
[21:19:02.494] [SEVERE ] updating countdown to 17080
[21:19:02.520] [SEVERE ] updating countdown to 17055
[21:19:02.545] [SEVERE ] updating countdown to 17029
[21:19:02.571] [SEVERE ] updating countdown to 17003
[21:19:02.596] [SEVERE ] updating countdown to 16978
[21:19:02.622] [SEVERE ] updating countdown to 16952
[21:19:02.648] [SEVERE ] updating countdown to 16926
[21:19:02.674] [SEVERE ] updating countdown to 16900
[21:19:02.738] [SEVERE ] updating countdown to 16836
[21:19:02.767] [SEVERE ] updating countdown to 16807
[21:19:02.793] [SEVERE ] updating countdown to 16781
[21:19:02.819] [SEVERE ] updating countdown to 16755
[21:19:02.846] [SEVERE ] updating countdown to 16729
[21:19:02.873] [SEVERE ] updating countdown to 16702
[21:19:02.900] [SEVERE ] updating countdown to 16674
[21:19:02.926] [SEVERE ] updating countdown to 16648
[21:19:02.953] [SEVERE ] updating countdown to 16621
[21:19:02.980] [SEVERE ] updating countdown to 16594
[21:19:03.038] [SEVERE ] updating countdown to 16536
[21:19:03.064] [SEVERE ] updating countdown to 16510
[21:19:03.091] [SEVERE ] updating countdown to 16483
[21:19:03.120] [SEVERE ] updating countdown to 16454
[21:19:03.146] [SEVERE ] updating countdown to 16428
[21:19:03.172] [SEVERE ] updating countdown to 16402
[21:19:03.198] [SEVERE ] updating countdown to 16376
[21:19:03.225] [SEVERE ] updating countdown to 16349
[21:19:03.251] [SEVERE ] updating countdown to 16323
[21:19:03.286] [SEVERE ] updating countdown to 16288
[21:19:03.313] [SEVERE ] updating countdown to 16261
[21:19:03.349] [SEVERE ] updating countdown to 16225
[21:19:03.404] [SEVERE ] updating countdown to 16170
[21:19:03.431] [SEVERE ] updating countdown to 16143
[21:19:03.473] [SEVERE ] updating countdown to 16101
[21:19:03.500] [SEVERE ] updating countdown to 16074
[21:19:03.526] [SEVERE ] updating countdown to 16048
[21:19:03.552] [SEVERE ] updating countdown to 16022
[21:19:03.578] [SEVERE ] updating countdown to 15996
[21:19:03.605] [SEVERE ] updating countdown to 15969
[21:19:03.631] [SEVERE ] updating countdown to 15943
[21:19:03.665] [SEVERE ] updating countdown to 15909
[21:19:03.691] [SEVERE ] updating countdown to 15883
[21:19:03.727] [SEVERE ] updating countdown to 15847
[21:19:03.763] [SEVERE ] updating countdown to 15811
[21:19:03.841] [SEVERE ] updating countdown to 15733
[21:19:03.867] [SEVERE ] updating countdown to 15707
[21:19:03.893] [SEVERE ] updating countdown to 15681
[21:19:03.920] [SEVERE ] updating countdown to 15654
[21:19:03.949] [SEVERE ] updating countdown to 15625
[21:19:04.000] [SEVERE ] updating countdown to 15574
[21:19:04.026] [SEVERE ] updating countdown to 15548
[21:19:04.052] [SEVERE ] updating countdown to 15522
[21:19:04.077] [SEVERE ] updating countdown to 15497
[21:19:04.104] [SEVERE ] updating countdown to 15470
[21:19:04.136] [SEVERE ] updating countdown to 15438
[21:19:04.162] [SEVERE ] updating countdown to 15412
[21:19:04.195] [SEVERE ] updating countdown to 15379
[21:19:04.221] [SEVERE ] updating countdown to 15353
[21:19:04.246] [SEVERE ] updating countdown to 15328
[21:19:04.273] [SEVERE ] updating countdown to 15301
[21:19:04.306] [SEVERE ] updating countdown to 15268
[21:19:04.332] [SEVERE ] updating countdown to 15242
[21:19:04.378] [SEVERE ] updating countdown to 15196
[21:19:04.404] [SEVERE ] updating countdown to 15170
[21:19:04.431] [SEVERE ] updating countdown to 15144
[21:19:04.458] [SEVERE ] updating countdown to 15116
[21:19:04.485] [SEVERE ] updating countdown to 15089
[21:19:04.511] [SEVERE ] updating countdown to 15063
[21:19:04.536] [SEVERE ] updating countdown to 15038
[21:19:04.563] [SEVERE ] updating countdown to 15011
[21:19:04.589] [SEVERE ] updating countdown to 14985
[21:19:04.621] [SEVERE ] updating countdown to 14953
[21:19:04.647] [SEVERE ] updating countdown to 14927
[21:19:04.672] [SEVERE ] updating countdown to 14902
[21:19:04.698] [SEVERE ] updating countdown to 14876
[21:19:04.724] [SEVERE ] updating countdown to 14850
[21:19:04.752] [SEVERE ] updating countdown to 14822
[21:19:04.777] [SEVERE ] updating countdown to 14797
[21:19:04.803] [SEVERE ] updating countdown to 14771
[21:19:04.832] [SEVERE ] updating countdown to 14742
[21:19:04.866] [SEVERE ] updating countdown to 14708
[21:19:04.892] [SEVERE ] updating countdown to 14682
[21:19:04.918] [SEVERE ] updating countdown to 14656
[21:19:04.944] [SEVERE ] updating countdown to 14630
[21:19:04.972] [SEVERE ] updating countdown to 14602
[21:19:04.999] [SEVERE ] updating countdown to 14575
[21:19:05.049] [SEVERE ] updating countdown to 14525
[21:19:05.074] [SEVERE ] updating countdown to 14500
[21:19:05.100] [SEVERE ] updating countdown to 14474
[21:19:05.126] [SEVERE ] updating countdown to 14448
[21:19:05.186] [SEVERE ] updating countdown to 14388
[21:19:05.212] [SEVERE ] updating countdown to 14362
[21:19:05.238] [SEVERE ] updating countdown to 14336
[21:19:05.264] [SEVERE ] updating countdown to 14310
[21:19:05.296] [SEVERE ] updating countdown to 14278
[21:19:05.321] [SEVERE ] updating countdown to 14253
[21:19:05.373] [SEVERE ] updating countdown to 14201
[21:19:05.399] [SEVERE ] updating countdown to 14175
[21:19:05.429] [SEVERE ] updating countdown to 14145
[21:19:05.456] [SEVERE ] updating countdown to 14118
[21:19:05.497] [SEVERE ] updating countdown to 14077
[21:19:05.523] [SEVERE ] updating countdown to 14051
[21:19:05.549] [SEVERE ] updating countdown to 14025
[21:19:05.576] [SEVERE ] updating countdown to 13998
[21:19:05.606] [SEVERE ] updating countdown to 13968
[21:19:05.632] [SEVERE ] updating countdown to 13942
[21:19:05.657] [SEVERE ] updating countdown to 13917
[21:19:05.683] [SEVERE ] updating countdown to 13891
[21:19:05.709] [SEVERE ] updating countdown to 13865
[21:19:05.773] [SEVERE ] updating countdown to 13801
[21:19:05.799] [SEVERE ] updating countdown to 13775
[21:19:05.826] [SEVERE ] updating countdown to 13748
[21:19:05.866] [SEVERE ] updating countdown to 13708
[21:19:05.892] [SEVERE ] updating countdown to 13682
[21:19:05.918] [SEVERE ] updating countdown to 13656
[21:19:05.944] [SEVERE ] updating countdown to 13630
[21:19:05.971] [SEVERE ] updating countdown to 13603
[21:19:06.005] [SEVERE ] updating countdown to 13569
[21:19:06.054] [SEVERE ] updating countdown to 13520
[21:19:06.080] [SEVERE ] updating countdown to 13494
[21:19:06.106] [SEVERE ] updating countdown to 13468
[21:19:06.157] [SEVERE ] updating countdown to 13417
[21:19:06.183] [SEVERE ] updating countdown to 13391
[21:19:06.217] [SEVERE ] updating countdown to 13357
[21:19:06.242] [SEVERE ] updating countdown to 13332
[21:19:06.268] [SEVERE ] updating countdown to 13306
[21:19:06.294] [SEVERE ] updating countdown to 13280
[21:19:06.321] [SEVERE ] updating countdown to 13253
[21:19:06.355] [SEVERE ] updating countdown to 13219
[21:19:06.381] [SEVERE ] updating countdown to 13193
[21:19:06.408] [SEVERE ] updating countdown to 13166
[21:19:06.435] [SEVERE ] updating countdown to 13139
[21:19:06.463] [SEVERE ] updating countdown to 13112
[21:19:06.511] [SEVERE ] updating countdown to 13063
[21:19:06.537] [SEVERE ] updating countdown to 13037
[21:19:06.569] [SEVERE ] updating countdown to 13005
[21:19:06.595] [SEVERE ] updating countdown to 12979
[21:19:06.621] [SEVERE ] updating countdown to 12953
[21:19:06.647] [SEVERE ] updating countdown to 12927
[21:19:06.673] [SEVERE ] updating countdown to 12901
[21:19:06.698] [SEVERE ] updating countdown to 12876
[21:19:06.767] [SEVERE ] updating countdown to 12807
[21:19:06.794] [SEVERE ] updating countdown to 12780
[21:19:06.822] [SEVERE ] updating countdown to 12752
[21:19:06.849] [SEVERE ] updating countdown to 12726
[21:19:06.884] [SEVERE ] updating countdown to 12690
[21:19:06.910] [SEVERE ] updating countdown to 12664
[21:19:06.937] [SEVERE ] updating countdown to 12637
[21:19:06.962] [SEVERE ] updating countdown to 12612
[21:19:06.990] [SEVERE ] updating countdown to 12584
[21:19:07.018] [SEVERE ] updating countdown to 12556
[21:19:07.088] [SEVERE ] updating countdown to 12486
[21:19:07.115] [SEVERE ] updating countdown to 12459
[21:19:07.142] [SEVERE ] updating countdown to 12432
[21:19:07.180] [SEVERE ] updating countdown to 12394
[21:19:07.206] [SEVERE ] updating countdown to 12368
[21:19:07.231] [SEVERE ] updating countdown to 12343
[21:19:07.257] [SEVERE ] updating countdown to 12317
[21:19:07.282] [SEVERE ] updating countdown to 12292
[21:19:07.309] [SEVERE ] updating countdown to 12265
[21:19:07.339] [SEVERE ] updating countdown to 12235
[21:19:07.365] [SEVERE ] updating countdown to 12209
[21:19:07.391] [SEVERE ] updating countdown to 12183
[21:19:07.418] [SEVERE ] updating countdown to 12156
[21:19:07.444] [SEVERE ] updating countdown to 12130
[21:19:07.470] [SEVERE ] updating countdown to 12104
[21:19:07.500] [SEVERE ] updating countdown to 12074
[21:19:07.526] [SEVERE ] updating countdown to 12048
[21:19:07.556] [SEVERE ] updating countdown to 12018
[21:19:07.582] [SEVERE ] updating countdown to 11992
[21:19:07.608] [SEVERE ] updating countdown to 11966
[21:19:07.634] [SEVERE ] updating countdown to 11940
[21:19:07.682] [SEVERE ] updating countdown to 11892
[21:19:07.708] [SEVERE ] updating countdown to 11866
[21:19:07.734] [SEVERE ] updating countdown to 11840
[21:19:07.765] [SEVERE ] updating countdown to 11809
[21:19:07.791] [SEVERE ] updating countdown to 11783
[21:19:07.817] [SEVERE ] updating countdown to 11757
[21:19:07.843] [SEVERE ] updating countdown to 11731
[21:19:07.869] [SEVERE ] updating countdown to 11705
[21:19:07.895] [SEVERE ] updating countdown to 11679
[21:19:07.921] [SEVERE ] updating countdown to 11653
[21:19:07.947] [SEVERE ] updating countdown to 11627
[21:19:07.973] [SEVERE ] updating countdown to 11601
[21:19:07.999] [SEVERE ] updating countdown to 11575
[21:19:08.027] [SEVERE ] updating countdown to 11547
[21:19:08.053] [SEVERE ] updating countdown to 11521
[21:19:08.081] [SEVERE ] updating countdown to 11493
[21:19:08.142] [SEVERE ] updating countdown to 11432
[21:19:08.168] [SEVERE ] updating countdown to 11406
[21:19:08.195] [SEVERE ] updating countdown to 11379
[21:19:08.224] [SEVERE ] updating countdown to 11350
[21:19:08.251] [SEVERE ] updating countdown to 11323
[21:19:08.276] [SEVERE ] updating countdown to 11298
[21:19:08.302] [SEVERE ] updating countdown to 11272
[21:19:08.328] [SEVERE ] updating countdown to 11246
[21:19:08.354] [SEVERE ] updating countdown to 11220
[21:19:08.381] [SEVERE ] updating countdown to 11193
[21:19:08.407] [SEVERE ] updating countdown to 11167
[21:19:08.433] [SEVERE ] updating countdown to 11141
[21:19:08.460] [SEVERE ] updating countdown to 11114
[21:19:08.494] [SEVERE ] updating countdown to 11080
[21:19:08.546] [SEVERE ] updating countdown to 11028
[21:19:08.572] [SEVERE ] updating countdown to 11002
[21:19:08.599] [SEVERE ] updating countdown to 10975
[21:19:08.625] [SEVERE ] updating countdown to 10949
[21:19:08.671] [SEVERE ] updating countdown to 10903
[21:19:08.697] [SEVERE ] updating countdown to 10877
[21:19:08.724] [SEVERE ] updating countdown to 10850
[21:19:08.772] [SEVERE ] updating countdown to 10802
[21:19:08.797] [SEVERE ] updating countdown to 10777
[21:19:08.830] [SEVERE ] updating countdown to 10744
[21:19:08.856] [SEVERE ] updating countdown to 10718
[21:19:08.884] [SEVERE ] updating countdown to 10690
[21:19:08.910] [SEVERE ] updating countdown to 10664
[21:19:08.936] [SEVERE ] updating countdown to 10638
[21:19:08.962] [SEVERE ] updating countdown to 10612
[21:19:08.989] [SEVERE ] updating countdown to 10585
[21:19:09.015] [SEVERE ] updating countdown to 10559
[21:19:09.043] [SEVERE ] updating countdown to 10531
[21:19:09.069] [SEVERE ] updating countdown to 10505
[21:19:09.095] [SEVERE ] updating countdown to 10479
[21:19:09.121] [SEVERE ] updating countdown to 10453
[21:19:09.148] [SEVERE ] updating countdown to 10426
[21:19:09.199] [SEVERE ] updating countdown to 10375
[21:19:09.228] [SEVERE ] updating countdown to 10346
[21:19:09.254] [SEVERE ] updating countdown to 10320
[21:19:09.281] [SEVERE ] updating countdown to 10293
[21:19:09.307] [SEVERE ] updating countdown to 10267
[21:19:09.335] [SEVERE ] updating countdown to 10239
[21:19:09.361] [SEVERE ] updating countdown to 10213
[21:19:09.387] [SEVERE ] updating countdown to 10187
[21:19:09.413] [SEVERE ] updating countdown to 10161
[21:19:09.446] [SEVERE ] updating countdown to 10128
[21:19:09.473] [SEVERE ] updating countdown to 10101
[21:19:09.526] [SEVERE ] updating countdown to 10048
[21:19:09.552] [SEVERE ] updating countdown to 10022
[21:19:09.578] [SEVERE ] updating countdown to 9996
[21:19:09.604] [SEVERE ] updating countdown to 9970
[21:19:09.629] [SEVERE ] updating countdown to 9945
[21:19:09.656] [SEVERE ] updating countdown to 9918
[21:19:09.682] [SEVERE ] updating countdown to 9892
[21:19:09.708] [SEVERE ] updating countdown to 9866
[21:19:09.733] [SEVERE ] updating countdown to 9841
[21:19:09.759] [SEVERE ] updating countdown to 9815
[21:19:09.789] [SEVERE ] updating countdown to 9785
[21:19:09.814] [SEVERE ] updating countdown to 9760
[21:19:09.840] [SEVERE ] updating countdown to 9734
[21:19:09.865] [SEVERE ] updating countdown to 9709
[21:19:09.917] [SEVERE ] updating countdown to 9657
[21:19:09.944] [SEVERE ] updating countdown to 9630
[21:19:09.977] [SEVERE ] updating countdown to 9597
[21:19:10.015] [SEVERE ] updating countdown to 9559
[21:19:10.074] [SEVERE ] updating countdown to 9500
[21:19:10.100] [SEVERE ] updating countdown to 9474
[21:19:10.132] [SEVERE ] updating countdown to 9442
[21:19:10.164] [SEVERE ] updating countdown to 9410
[21:19:10.194] [SEVERE ] updating countdown to 9380
[21:19:10.219] [SEVERE ] updating countdown to 9355
[21:19:10.245] [SEVERE ] updating countdown to 9329
[21:19:10.272] [SEVERE ] updating countdown to 9302
[21:19:10.331] [SEVERE ] updating countdown to 9243
[21:19:10.396] [SEVERE ] updating countdown to 9178
[21:19:10.422] [SEVERE ] updating countdown to 9152
[21:19:10.449] [SEVERE ] updating countdown to 9125
[21:19:10.477] [SEVERE ] updating countdown to 9097
[21:19:10.504] [SEVERE ] updating countdown to 9070
[21:19:10.530] [SEVERE ] updating countdown to 9044
[21:19:10.557] [SEVERE ] updating countdown to 9017
[21:19:10.589] [SEVERE ] updating countdown to 8985
[21:19:10.616] [SEVERE ] updating countdown to 8958
[21:19:10.648] [SEVERE ] updating countdown to 8926
[21:19:10.674] [SEVERE ] updating countdown to 8900
[21:19:10.704] [SEVERE ] updating countdown to 8870
[21:19:10.730] [SEVERE ] updating countdown to 8844
[21:19:10.756] [SEVERE ] updating countdown to 8818
[21:19:10.781] [SEVERE ] updating countdown to 8793
[21:19:10.807] [SEVERE ] updating countdown to 8767
[21:19:10.833] [SEVERE ] updating countdown to 8741
[21:19:10.858] [SEVERE ] updating countdown to 8716
[21:19:10.884] [SEVERE ] updating countdown to 8690
[21:19:10.910] [SEVERE ] updating countdown to 8664
[21:19:10.937] [SEVERE ] updating countdown to 8638
[21:19:10.963] [SEVERE ] updating countdown to 8611
[21:19:10.989] [SEVERE ] updating countdown to 8585
[21:19:11.015] [SEVERE ] updating countdown to 8559
[21:19:11.049] [SEVERE ] updating countdown to 8526
[21:19:11.075] [SEVERE ] updating countdown to 8499
[21:19:11.136] [SEVERE ] updating countdown to 8438
[21:19:11.162] [SEVERE ] updating countdown to 8412
[21:19:11.188] [SEVERE ] updating countdown to 8386
[21:19:11.223] [SEVERE ] updating countdown to 8351
[21:19:11.250] [SEVERE ] updating countdown to 8324
[21:19:11.276] [SEVERE ] updating countdown to 8298
[21:19:11.302] [SEVERE ] updating countdown to 8272
[21:19:11.329] [SEVERE ] updating countdown to 8246
[21:19:11.355] [SEVERE ] updating countdown to 8219
[21:19:11.381] [SEVERE ] updating countdown to 8193
[21:19:11.407] [SEVERE ] updating countdown to 8167
[21:19:11.433] [SEVERE ] updating countdown to 8141
[21:19:11.459] [SEVERE ] updating countdown to 8115
[21:19:11.485] [SEVERE ] updating countdown to 8089
[21:19:11.567] [SEVERE ] updating countdown to 8007
[21:19:11.598] [SEVERE ] updating countdown to 7976
[21:19:11.624] [SEVERE ] updating countdown to 7950
[21:19:11.650] [SEVERE ] updating countdown to 7924
[21:19:11.676] [SEVERE ] updating countdown to 7898
[21:19:11.702] [SEVERE ] updating countdown to 7872
[21:19:11.800] [SEVERE ] updating countdown to 7774
[21:19:11.827] [SEVERE ] updating countdown to 7747
[21:19:11.864] [SEVERE ] updating countdown to 7710
[21:19:11.891] [SEVERE ] updating countdown to 7683
[21:19:11.917] [SEVERE ] updating countdown to 7657
[21:19:11.955] [SEVERE ] updating countdown to 7619
[21:19:12.014] [SEVERE ] updating countdown to 7560
[21:19:12.040] [SEVERE ] updating countdown to 7534
[21:19:12.067] [SEVERE ] updating countdown to 7507
[21:19:12.093] [SEVERE ] updating countdown to 7481
[21:19:12.121] [SEVERE ] updating countdown to 7453
[21:19:12.162] [SEVERE ] updating countdown to 7412
[21:19:12.191] [SEVERE ] updating countdown to 7383
[21:19:12.217] [SEVERE ] updating countdown to 7357
[21:19:12.259] [SEVERE ] updating countdown to 7315
[21:19:12.321] [SEVERE ] updating countdown to 7253
[21:19:12.347] [SEVERE ] updating countdown to 7227
[21:19:12.375] [SEVERE ] updating countdown to 7199
[21:19:12.408] [SEVERE ] updating countdown to 7166
[21:19:12.439] [SEVERE ] updating countdown to 7135
[21:19:12.465] [SEVERE ] updating countdown to 7109
[21:19:12.491] [SEVERE ] updating countdown to 7083
[21:19:12.518] [SEVERE ] updating countdown to 7056
[21:19:12.549] [SEVERE ] updating countdown to 7025
[21:19:12.575] [SEVERE ] updating countdown to 6999
[21:19:12.618] [SEVERE ] updating countdown to 6956
[21:19:12.643] [SEVERE ] updating countdown to 6931
[21:19:12.669] [SEVERE ] updating countdown to 6905
[21:19:12.696] [SEVERE ] updating countdown to 6878
[21:19:12.726] [SEVERE ] updating countdown to 6848
[21:19:12.752] [SEVERE ] updating countdown to 6822
[21:19:12.781] [SEVERE ] updating countdown to 6793
[21:19:12.808] [SEVERE ] updating countdown to 6766
[21:19:12.837] [SEVERE ] updating countdown to 6737
[21:19:12.864] [SEVERE ] updating countdown to 6710
[21:19:12.928] [SEVERE ] updating countdown to 6646
[21:19:12.955] [SEVERE ] updating countdown to 6619
[21:19:12.991] [SEVERE ] updating countdown to 6583
[21:19:13.026] [SEVERE ] updating countdown to 6548
[21:19:13.052] [SEVERE ] updating countdown to 6522
[21:19:13.124] [SEVERE ] updating countdown to 6450
[21:19:13.150] [SEVERE ] updating countdown to 6424
[21:19:13.177] [SEVERE ] updating countdown to 6397
[21:19:13.203] [SEVERE ] updating countdown to 6371
[21:19:13.230] [SEVERE ] updating countdown to 6344
[21:19:13.256] [SEVERE ] updating countdown to 6318
[21:19:13.305] [SEVERE ] updating countdown to 6269
[21:19:13.332] [SEVERE ] updating countdown to 6242
[21:19:13.358] [SEVERE ] updating countdown to 6216
[21:19:13.398] [SEVERE ] updating countdown to 6176
[21:19:13.427] [SEVERE ] updating countdown to 6147
[21:19:13.453] [SEVERE ] updating countdown to 6121
[21:19:13.480] [SEVERE ] updating countdown to 6094
[21:19:13.520] [SEVERE ] updating countdown to 6054
[21:19:13.548] [SEVERE ] updating countdown to 6026
[21:19:13.627] [SEVERE ] updating countdown to 5947
[21:19:13.662] [SEVERE ] updating countdown to 5912
[21:19:13.688] [SEVERE ] updating countdown to 5886
[21:19:13.714] [SEVERE ] updating countdown to 5860
[21:19:13.746] [SEVERE ] updating countdown to 5828
[21:19:13.778] [SEVERE ] updating countdown to 5796
[21:19:13.814] [SEVERE ] updating countdown to 5760
[21:19:13.840] [SEVERE ] updating countdown to 5734
[21:19:13.868] [SEVERE ] updating countdown to 5706
[21:19:13.896] [SEVERE ] updating countdown to 5678
[21:19:13.923] [SEVERE ] updating countdown to 5651
[21:19:13.949] [SEVERE ] updating countdown to 5625
[21:19:13.976] [SEVERE ] updating countdown to 5598
[21:19:14.002] [SEVERE ] updating countdown to 5572
[21:19:14.028] [SEVERE ] updating countdown to 5546
[21:19:14.062] [SEVERE ] updating countdown to 5512
[21:19:14.088] [SEVERE ] updating countdown to 5486
[21:19:14.120] [SEVERE ] updating countdown to 5454
[21:19:14.146] [SEVERE ] updating countdown to 5428
[21:19:14.172] [SEVERE ] updating countdown to 5402
[21:19:14.205] [SEVERE ] updating countdown to 5369
[21:19:14.232] [SEVERE ] updating countdown to 5342
[21:19:14.258] [SEVERE ] updating countdown to 5316
[21:19:14.338] [SEVERE ] updating countdown to 5236
[21:19:14.364] [SEVERE ] updating countdown to 5210
[21:19:14.395] [SEVERE ] updating countdown to 5179
[21:19:14.422] [SEVERE ] updating countdown to 5152
[21:19:14.459] [SEVERE ] updating countdown to 5115
[21:19:14.490] [SEVERE ] updating countdown to 5084
[21:19:14.516] [SEVERE ] updating countdown to 5058
[21:19:14.543] [SEVERE ] updating countdown to 5031
[21:19:14.569] [SEVERE ] updating countdown to 5005
[21:19:19.692] [SEVERE ] removing card from slot 0
[21:19:19.795] [SEVERE ] removing card from slot 1
[21:19:19.904] [SEVERE ] removing card from slot 2
[21:19:20.006] [SEVERE ] removing card from slot 3
[21:19:20.122] [SEVERE ] removing card from slot 4
[21:19:20.226] [SEVERE ] removing card from slot 5
[21:19:20.328] [SEVERE ] removing card from slot 6
[21:19:20.432] [SEVERE ] removing card from slot 7
[21:19:20.589] [SEVERE ] removing card from slot 8
[21:19:20.690] [SEVERE ] removing card from slot 9
[21:19:20.814] [SEVERE ] removing card from slot 10
[21:19:20.919] [SEVERE ] removing card from slot 11
[21:19:21.023] [SEVERE ] placing card 29 in slot 0
[21:19:21.124] [SEVERE ] placing card 22 in slot 1
[21:19:21.225] [SEVERE ] placing card 16 in slot 2
[21:19:21.332] [SEVERE ] placing card 53 in slot 3
[21:19:21.444] [SEVERE ] placing card 68 in slot 4
[21:19:21.553] [SEVERE ] placing card 41 in slot 5
[21:19:21.654] [SEVERE ] placing card 50 in slot 6
[21:19:21.755] [SEVERE ] placing card 6 in slot 7
[21:19:21.876] [SEVERE ] placing card 2 in slot 8
[21:19:21.978] [SEVERE ] placing card 34 in slot 9
[21:19:22.079] [SEVERE ] placing card 73 in slot 10
[21:19:22.180] [SEVERE ] placing card 77 in slot 11
[21:19:22.206] [SEVERE ] updating countdown to 19975
[21:19:22.234] [SEVERE ] updating countdown to 19947
[21:19:22.267] [SEVERE ] updating countdown to 19914
[21:19:22.339] [SEVERE ] updating countdown to 19842
[21:19:22.366] [SEVERE ] updating countdown to 19815
[21:19:22.395] [SEVERE ] updating countdown to 19786
[21:19:22.422] [SEVERE ] updating countdown to 19759
[21:19:22.454] [SEVERE ] updating countdown to 19727
[21:19:22.480] [SEVERE ] updating countdown to 19701
[21:19:22.506] [SEVERE ] updating countdown to 19675
[21:19:22.533] [SEVERE ] updating countdown to 19648
[21:19:22.575] [SEVERE ] updating countdown to 19606
[21:19:22.602] [SEVERE ] updating countdown to 19579
[21:19:22.628] [SEVERE ] updating countdown to 19553
[21:19:22.654] [SEVERE ] updating countdown to 19527
[21:19:22.685] [SEVERE ] updating countdown to 19496
[21:19:22.728] [SEVERE ] updating countdown to 19453
[21:19:22.754] [SEVERE ] updating countdown to 19427
[21:19:22.780] [SEVERE ] updating countdown to 19401
[21:19:22.810] [SEVERE ] updating countdown to 19371
[21:19:22.836] [SEVERE ] updating countdown to 19345
[21:19:22.862] [SEVERE ] updating countdown to 19319
[21:19:22.898] [SEVERE ] updating countdown to 19283
[21:19:22.925] [SEVERE ] updating countdown to 19256
[21:19:22.953] [SEVERE ] updating countdown to 19228
[21:19:22.980] [SEVERE ] updating countdown to 19201
[21:19:23.007] [SEVERE ] updating countdown to 19174
[21:19:23.032] [SEVERE ] updating countdown to 19149
[21:19:23.059] [SEVERE ] updating countdown to 19122
[21:19:23.085] [SEVERE ] updating countdown to 19096
[21:19:23.112] [SEVERE ] updating countdown to 19069
[21:19:23.143] [SEVERE ] updating countdown to 19038
[21:19:23.170] [SEVERE ] updating countdown to 19011
[21:19:23.210] [SEVERE ] updating countdown to 18971
[21:19:23.242] [SEVERE ] updating countdown to 18939
[21:19:23.268] [SEVERE ] updating countdown to 18913
[21:19:23.294] [SEVERE ] updating countdown to 18887
[21:19:23.320] [SEVERE ] updating countdown to 18861
[21:19:23.346] [SEVERE ] updating countdown to 18835
[21:19:23.424] [SEVERE ] updating countdown to 18757
[21:19:23.450] [SEVERE ] updating countdown to 18731
[21:19:23.477] [SEVERE ] updating countdown to 18704
[21:19:23.504] [SEVERE ] updating countdown to 18677
[21:19:23.532] [SEVERE ] updating countdown to 18649
[21:19:23.564] [SEVERE ] updating countdown to 18617
[21:19:23.598] [SEVERE ] updating countdown to 18583
[21:19:23.688] [SEVERE ] updating countdown to 18493
[21:19:23.715] [SEVERE ] updating countdown to 18466
[21:19:23.746] [SEVERE ] updating countdown to 18435
[21:19:23.773] [SEVERE ] updating countdown to 18408
[21:19:23.806] [SEVERE ] updating countdown to 18375
[21:19:23.834] [SEVERE ] updating countdown to 18347
[21:19:23.875] [SEVERE ] updating countdown to 18306
[21:19:23.901] [SEVERE ] updating countdown to 18280
[21:19:23.927] [SEVERE ] updating countdown to 18254
[21:19:23.955] [SEVERE ] updating countdown to 18226
[21:19:24.003] [SEVERE ] updating countdown to 18178
[21:19:24.029] [SEVERE ] updating countdown to 18152
[21:19:24.059] [SEVERE ] updating countdown to 18122
[21:19:24.084] [SEVERE ] updating countdown to 18097
[21:19:24.112] [SEVERE ] updating countdown to 18069
[21:19:24.169] [SEVERE ] updating countdown to 18012
[21:19:24.196] [SEVERE ] updating countdown to 17985
[21:19:24.231] [SEVERE ] updating countdown to 17950
[21:19:24.259] [SEVERE ] updating countdown to 17922
[21:19:24.309] [SEVERE ] updating countdown to 17872
[21:19:24.350] [SEVERE ] updating countdown to 17831
[21:19:24.376] [SEVERE ] updating countdown to 17805
[21:19:24.402] [SEVERE ] updating countdown to 17779
[21:19:24.447] [SEVERE ] updating countdown to 17734
[21:19:24.485] [SEVERE ] updating countdown to 17696
[21:19:24.539] [SEVERE ] updating countdown to 17642
[21:19:24.565] [SEVERE ] updating countdown to 17616
[21:19:24.600] [SEVERE ] updating countdown to 17581
[21:19:24.635] [SEVERE ] updating countdown to 17546
[21:19:24.661] [SEVERE ] updating countdown to 17520
[21:19:24.687] [SEVERE ] updating countdown to 17494
[21:19:24.722] [SEVERE ] updating countdown to 17459
[21:19:24.748] [SEVERE ] updating countdown to 17433
[21:19:24.798] [SEVERE ] updating countdown to 17383
[21:19:24.830] [SEVERE ] updating countdown to 17351
[21:19:24.857] [SEVERE ] updating countdown to 17324
[21:19:24.892] [SEVERE ] updating countdown to 17289
[21:19:24.918] [SEVERE ] updating countdown to 17263
[21:19:24.944] [SEVERE ] updating countdown to 17237
[21:19:25.018] [SEVERE ] updating countdown to 17163
[21:19:25.044] [SEVERE ] updating countdown to 17137
[21:19:25.070] [SEVERE ] updating countdown to 17111
[21:19:25.100] [SEVERE ] updating countdown to 17081
[21:19:25.137] [SEVERE ] updating countdown to 17044
[21:19:25.165] [SEVERE ] updating countdown to 17016
[21:19:25.213] [SEVERE ] updating countdown to 16968
[21:19:25.241] [SEVERE ] updating countdown to 16940
[21:19:25.267] [SEVERE ] updating countdown to 16914
[21:19:25.313] [SEVERE ] updating countdown to 16868
[21:19:25.339] [SEVERE ] updating countdown to 16842
[21:19:25.365] [SEVERE ] updating countdown to 16816
[21:19:25.391] [SEVERE ] updating countdown to 16790
[21:19:25.416] [SEVERE ] updating countdown to 16765
[21:19:25.455] [SEVERE ] updating countdown to 16726
[21:19:25.484] [SEVERE ] updating countdown to 16697
[21:19:25.509] [SEVERE ] updating countdown to 16672
[21:19:25.535] [SEVERE ] updating countdown to 16646
[21:19:25.561] [SEVERE ] updating countdown to 16620
[21:19:25.587] [SEVERE ] updating countdown to 16594
[21:19:25.626] [SEVERE ] updating countdown to 16555
[21:19:25.652] [SEVERE ] updating countdown to 16529
[21:19:25.679] [SEVERE ] updating countdown to 16502
[21:19:25.705] [SEVERE ] updating countdown to 16476
[21:19:25.731] [SEVERE ] updating countdown to 16450
[21:19:25.758] [SEVERE ] updating countdown to 16423
[21:19:25.785] [SEVERE ] updating countdown to 16396
[21:19:25.818] [SEVERE ] updating countdown to 16363
[21:19:25.844] [SEVERE ] updating countdown to 16337
[21:19:25.898] [SEVERE ] updating countdown to 16283
[21:19:25.924] [SEVERE ] updating countdown to 16257
[21:19:25.951] [SEVERE ] updating countdown to 16230
[21:19:25.990] [SEVERE ] updating countdown to 16191
[21:19:26.017] [SEVERE ] updating countdown to 16164
[21:19:26.043] [SEVERE ] updating countdown to 16138
[21:19:26.070] [SEVERE ] updating countdown to 16111
[21:19:26.096] [SEVERE ] updating countdown to 16085
[21:19:26.123] [SEVERE ] updating countdown to 16058
[21:19:26.151] [SEVERE ] updating countdown to 16030
[21:19:26.184] [SEVERE ] updating countdown to 15997
[21:19:26.211] [SEVERE ] updating countdown to 15970
[21:19:26.238] [SEVERE ] updating countdown to 15943
[21:19:26.269] [SEVERE ] updating countdown to 15912
[21:19:26.298] [SEVERE ] updating countdown to 15883
[21:19:26.324] [SEVERE ] updating countdown to 15857
[21:19:26.350] [SEVERE ] updating countdown to 15831
[21:19:26.377] [SEVERE ] updating countdown to 15804
[21:19:26.404] [SEVERE ] updating countdown to 15777
[21:19:26.438] [SEVERE ] updating countdown to 15743
[21:19:26.464] [SEVERE ] updating countdown to 15717
[21:19:26.490] [SEVERE ] updating countdown to 15691
[21:19:26.517] [SEVERE ] updating countdown to 15664
[21:19:26.550] [SEVERE ] updating countdown to 15631
[21:19:26.577] [SEVERE ] updating countdown to 15604
[21:19:26.629] [SEVERE ] updating countdown to 15552
[21:19:26.671] [SEVERE ] updating countdown to 15510
[21:19:26.696] [SEVERE ] updating countdown to 15485
[21:19:26.722] [SEVERE ] updating countdown to 15459
[21:19:26.758] [SEVERE ] updating countdown to 15423
[21:19:26.789] [SEVERE ] updating countdown to 15392
[21:19:26.815] [SEVERE ] updating countdown to 15366
[21:19:26.841] [SEVERE ] updating countdown to 15340
[21:19:26.867] [SEVERE ] updating countdown to 15314
[21:19:26.893] [SEVERE ] updating countdown to 15288
[21:19:26.943] [SEVERE ] updating countdown to 15238
[21:19:26.969] [SEVERE ] updating countdown to 15212
[21:19:26.996] [SEVERE ] updating countdown to 15185
[21:19:27.042] [SEVERE ] updating countdown to 15139
[21:19:27.068] [SEVERE ] updating countdown to 15113
[21:19:27.109] [SEVERE ] updating countdown to 15072
[21:19:27.136] [SEVERE ] updating countdown to 15045
[21:19:27.171] [SEVERE ] updating countdown to 15010
[21:19:27.198] [SEVERE ] updating countdown to 14983
[21:19:27.224] [SEVERE ] updating countdown to 14957
[21:19:27.262] [SEVERE ] updating countdown to 14919
[21:19:27.289] [SEVERE ] updating countdown to 14892
[21:19:27.316] [SEVERE ] updating countdown to 14865
[21:19:27.342] [SEVERE ] updating countdown to 14839
[21:19:27.369] [SEVERE ] updating countdown to 14812
[21:19:27.396] [SEVERE ] updating countdown to 14785
[21:19:27.422] [SEVERE ] updating countdown to 14759
[21:19:27.449] [SEVERE ] updating countdown to 14733
[21:19:27.479] [SEVERE ] updating countdown to 14702
[21:19:27.504] [SEVERE ] updating countdown to 14677
[21:19:27.530] [SEVERE ] updating countdown to 14651
[21:19:27.556] [SEVERE ] updating countdown to 14625
[21:19:27.583] [SEVERE ] updating countdown to 14598
[21:19:27.660] [SEVERE ] updating countdown to 14521
[21:19:27.687] [SEVERE ] updating countdown to 14494
[21:19:27.714] [SEVERE ] updating countdown to 14467
[21:19:27.750] [SEVERE ] updating countdown to 14431
[21:19:27.846] [SEVERE ] updating countdown to 14335
[21:19:27.873] [SEVERE ] updating countdown to 14308
[21:19:27.899] [SEVERE ] updating countdown to 14282
[21:19:27.929] [SEVERE ] updating countdown to 14252
[21:19:27.963] [SEVERE ] updating countdown to 14218
[21:19:27.990] [SEVERE ] updating countdown to 14191
[21:19:28.031] [SEVERE ] updating countdown to 14150
[21:19:28.058] [SEVERE ] updating countdown to 14123
[21:19:28.085] [SEVERE ] updating countdown to 14096
[21:19:28.116] [SEVERE ] updating countdown to 14065
[21:19:28.157] [SEVERE ] updating countdown to 14024
[21:19:28.237] [SEVERE ] updating countdown to 13944
[21:19:28.263] [SEVERE ] updating countdown to 13918
[21:19:28.290] [SEVERE ] updating countdown to 13891
[21:19:28.316] [SEVERE ] updating countdown to 13865
[21:19:28.360] [SEVERE ] updating countdown to 13821
[21:19:28.386] [SEVERE ] updating countdown to 13795
[21:19:28.412] [SEVERE ] updating countdown to 13769
[21:19:28.440] [SEVERE ] updating countdown to 13741
[21:19:28.471] [SEVERE ] updating countdown to 13710
[21:19:28.512] [SEVERE ] updating countdown to 13669
[21:19:28.548] [SEVERE ] updating countdown to 13633
[21:19:28.575] [SEVERE ] updating countdown to 13606
[21:19:28.602] [SEVERE ] updating countdown to 13579
[21:19:28.628] [SEVERE ] updating countdown to 13553
[21:19:28.668] [SEVERE ] updating countdown to 13513
[21:19:28.695] [SEVERE ] updating countdown to 13486
[21:19:28.744] [SEVERE ] updating countdown to 13437
[21:19:28.770] [SEVERE ] updating countdown to 13411
[21:19:28.796] [SEVERE ] updating countdown to 13385
[21:19:28.823] [SEVERE ] updating countdown to 13358
[21:19:28.849] [SEVERE ] updating countdown to 13332
[21:19:28.875] [SEVERE ] updating countdown to 13306
[21:19:28.901] [SEVERE ] updating countdown to 13280
[21:19:28.927] [SEVERE ] updating countdown to 13254
[21:19:28.953] [SEVERE ] updating countdown to 13228
[21:19:28.985] [SEVERE ] updating countdown to 13196
[21:19:29.012] [SEVERE ] updating countdown to 13169
[21:19:29.039] [SEVERE ] updating countdown to 13142
[21:19:29.078] [SEVERE ] updating countdown to 13103
[21:19:29.104] [SEVERE ] updating countdown to 13077
[21:19:29.131] [SEVERE ] updating countdown to 13050
[21:19:29.158] [SEVERE ] updating countdown to 13023
[21:19:29.185] [SEVERE ] updating countdown to 12996
[21:19:29.212] [SEVERE ] updating countdown to 12969
[21:19:29.238] [SEVERE ] updating countdown to 12943
[21:19:29.265] [SEVERE ] updating countdown to 12916
[21:19:29.291] [SEVERE ] updating countdown to 12890
[21:19:29.318] [SEVERE ] updating countdown to 12863
[21:19:29.382] [SEVERE ] updating countdown to 12799
[21:19:29.408] [SEVERE ] updating countdown to 12773
[21:19:29.435] [SEVERE ] updating countdown to 12746
[21:19:29.463] [SEVERE ] updating countdown to 12718
[21:19:29.492] [SEVERE ] updating countdown to 12689
[21:19:29.518] [SEVERE ] updating countdown to 12663
[21:19:29.603] [SEVERE ] updating countdown to 12578
[21:19:29.629] [SEVERE ] updating countdown to 12552
[21:19:29.654] [SEVERE ] updating countdown to 12527
[21:19:29.688] [SEVERE ] updating countdown to 12493
[21:19:29.714] [SEVERE ] updating countdown to 12467
[21:19:29.740] [SEVERE ] updating countdown to 12441
[21:19:29.802] [SEVERE ] updating countdown to 12379
[21:19:29.829] [SEVERE ] updating countdown to 12352
[21:19:29.871] [SEVERE ] updating countdown to 12310
[21:19:29.901] [SEVERE ] updating countdown to 12280
[21:19:29.928] [SEVERE ] updating countdown to 12253
[21:19:29.980] [SEVERE ] updating countdown to 12201
[21:19:30.006] [SEVERE ] updating countdown to 12175
[21:19:30.061] [SEVERE ] updating countdown to 12120
[21:19:30.087] [SEVERE ] updating countdown to 12094
[21:19:30.114] [SEVERE ] updating countdown to 12067
[21:19:30.141] [SEVERE ] updating countdown to 12040
[21:19:30.168] [SEVERE ] updating countdown to 12013
[21:19:30.199] [SEVERE ] updating countdown to 11982
[21:19:30.226] [SEVERE ] updating countdown to 11955
[21:19:30.288] [SEVERE ] updating countdown to 11893
[21:19:30.314] [SEVERE ] updating countdown to 11867
[21:19:30.341] [SEVERE ] updating countdown to 11840
[21:19:30.392] [SEVERE ] updating countdown to 11789
[21:19:30.418] [SEVERE ] updating countdown to 11763
[21:19:30.474] [SEVERE ] updating countdown to 11707
[21:19:30.501] [SEVERE ] updating countdown to 11680
[21:19:30.541] [SEVERE ] updating countdown to 11640
[21:19:30.575] [SEVERE ] updating countdown to 11606
[21:19:30.602] [SEVERE ] updating countdown to 11580
[21:19:30.664] [SEVERE ] updating countdown to 11517
[21:19:30.702] [SEVERE ] updating countdown to 11479
[21:19:30.732] [SEVERE ] updating countdown to 11449
[21:19:30.759] [SEVERE ] updating countdown to 11422
[21:19:30.797] [SEVERE ] updating countdown to 11384
[21:19:30.824] [SEVERE ] updating countdown to 11357
[21:19:30.850] [SEVERE ] updating countdown to 11331
[21:19:30.877] [SEVERE ] updating countdown to 11304
[21:19:30.903] [SEVERE ] updating countdown to 11278
[21:19:30.931] [SEVERE ] updating countdown to 11250
[21:19:30.959] [SEVERE ] updating countdown to 11222
[21:19:31.002] [SEVERE ] updating countdown to 11179
[21:19:31.035] [SEVERE ] updating countdown to 11146
[21:19:31.062] [SEVERE ] updating countdown to 11119
[21:19:31.102] [SEVERE ] updating countdown to 11079
[21:19:31.130] [SEVERE ] updating countdown to 11051
[21:19:31.156] [SEVERE ] updating countdown to 11025
[21:19:31.183] [SEVERE ] updating countdown to 10998
[21:19:31.226] [SEVERE ] updating countdown to 10955
[21:19:31.253] [SEVERE ] updating countdown to 10928
[21:19:31.295] [SEVERE ] updating countdown to 10886
[21:19:31.322] [SEVERE ] updating countdown to 10859
[21:19:31.348] [SEVERE ] updating countdown to 10833
[21:19:31.376] [SEVERE ] updating countdown to 10805
[21:19:31.404] [SEVERE ] updating countdown to 10777
[21:19:31.434] [SEVERE ] updating countdown to 10747
[21:19:31.482] [SEVERE ] updating countdown to 10699
[21:19:31.509] [SEVERE ] updating countdown to 10672
[21:19:31.535] [SEVERE ] updating countdown to 10646
[21:19:31.569] [SEVERE ] updating countdown to 10612
[21:19:31.667] [SEVERE ] updating countdown to 10514
[21:19:31.693] [SEVERE ] updating countdown to 10488
[21:19:31.723] [SEVERE ] updating countdown to 10458
[21:19:31.749] [SEVERE ] updating countdown to 10432
[21:19:31.775] [SEVERE ] updating countdown to 10406
[21:19:31.801] [SEVERE ] updating countdown to 10380
[21:19:31.827] [SEVERE ] updating countdown to 10354
[21:19:31.853] [SEVERE ] updating countdown to 10328
[21:19:31.884] [SEVERE ] updating countdown to 10297
[21:19:31.912] [SEVERE ] updating countdown to 10269
[21:19:31.938] [SEVERE ] updating countdown to 10243
[21:19:31.964] [SEVERE ] updating countdown to 10217
[21:19:31.990] [SEVERE ] updating countdown to 10191
[21:19:32.019] [SEVERE ] updating countdown to 10162
[21:19:32.045] [SEVERE ] updating countdown to 10136
[21:19:32.072] [SEVERE ] updating countdown to 10109
[21:19:32.098] [SEVERE ] updating countdown to 10083
[21:19:32.132] [SEVERE ] updating countdown to 10049
[21:19:32.196] [SEVERE ] updating countdown to 9985
[21:19:32.223] [SEVERE ] updating countdown to 9958
[21:19:32.249] [SEVERE ] updating countdown to 9932
[21:19:32.277] [SEVERE ] updating countdown to 9904
[21:19:32.303] [SEVERE ] updating countdown to 9878
[21:19:32.330] [SEVERE ] updating countdown to 9851
[21:19:32.357] [SEVERE ] updating countdown to 9824
[21:19:32.383] [SEVERE ] updating countdown to 9798
[21:19:32.415] [SEVERE ] updating countdown to 9766
[21:19:32.442] [SEVERE ] updating countdown to 9739
[21:19:32.505] [SEVERE ] updating countdown to 9676
[21:19:32.531] [SEVERE ] updating countdown to 9650
[21:19:32.558] [SEVERE ] updating countdown to 9623
[21:19:32.587] [SEVERE ] updating countdown to 9594
[21:19:32.614] [SEVERE ] updating countdown to 9567
[21:19:32.699] [SEVERE ] updating countdown to 9482
[21:19:32.726] [SEVERE ] updating countdown to 9455
[21:19:32.754] [SEVERE ] updating countdown to 9427
[21:19:32.781] [SEVERE ] updating countdown to 9400
[21:19:32.810] [SEVERE ] updating countdown to 9371
[21:19:32.836] [SEVERE ] updating countdown to 9345
[21:19:32.877] [SEVERE ] updating countdown to 9304
[21:19:32.902] [SEVERE ] updating countdown to 9279
[21:19:32.930] [SEVERE ] updating countdown to 9252
[21:19:32.962] [SEVERE ] updating countdown to 9219
[21:19:33.047] [SEVERE ] updating countdown to 9134
[21:19:33.073] [SEVERE ] updating countdown to 9108
[21:19:33.100] [SEVERE ] updating countdown to 9081
[21:19:33.133] [SEVERE ] updating countdown to 9048
[21:19:33.161] [SEVERE ] updating countdown to 9020
[21:19:33.188] [SEVERE ] updating countdown to 8993
[21:19:33.216] [SEVERE ] updating countdown to 8965
[21:19:33.242] [SEVERE ] updating countdown to 8939
[21:19:33.276] [SEVERE ] updating countdown to 8905
[21:19:33.307] [SEVERE ] updating countdown to 8874
[21:19:33.333] [SEVERE ] updating countdown to 8848
[21:19:33.360] [SEVERE ] updating countdown to 8821
[21:19:33.393] [SEVERE ] updating countdown to 8788
[21:19:33.431] [SEVERE ] updating countdown to 8750
[21:19:33.457] [SEVERE ] updating countdown to 8724
[21:19:33.484] [SEVERE ] updating countdown to 8697
[21:19:33.510] [SEVERE ] updating countdown to 8671
[21:19:33.536] [SEVERE ] updating countdown to 8645
[21:19:33.563] [SEVERE ] updating countdown to 8618
[21:19:33.589] [SEVERE ] updating countdown to 8592
[21:19:33.616] [SEVERE ] updating countdown to 8565
[21:19:33.646] [SEVERE ] updating countdown to 8535
[21:19:33.674] [SEVERE ] updating countdown to 8507
[21:19:33.700] [SEVERE ] updating countdown to 8481
[21:19:33.727] [SEVERE ] updating countdown to 8454
[21:19:33.755] [SEVERE ] updating countdown to 8426
[21:19:33.781] [SEVERE ] updating countdown to 8400
[21:19:33.807] [SEVERE ] updating countdown to 8374
[21:19:33.833] [SEVERE ] updating countdown to 8348
[21:19:33.860] [SEVERE ] updating countdown to 8321
[21:19:33.885] [SEVERE ] updating countdown to 8296
[21:19:33.913] [SEVERE ] updating countdown to 8268
[21:19:33.939] [SEVERE ] updating countdown to 8242
[21:19:33.965] [SEVERE ] updating countdown to 8216
[21:19:33.991] [SEVERE ] updating countdown to 8190
[21:19:34.057] [SEVERE ] updating countdown to 8124
[21:19:34.083] [SEVERE ] updating countdown to 8098
[21:19:34.110] [SEVERE ] updating countdown to 8071
[21:19:34.136] [SEVERE ] updating countdown to 8045
[21:19:34.163] [SEVERE ] updating countdown to 8018
[21:19:34.203] [SEVERE ] updating countdown to 7978
[21:19:34.271] [SEVERE ] updating countdown to 7911
[21:19:34.297] [SEVERE ] updating countdown to 7884
[21:19:34.325] [SEVERE ] updating countdown to 7856
[21:19:34.353] [SEVERE ] updating countdown to 7828
[21:19:34.382] [SEVERE ] updating countdown to 7799
[21:19:34.408] [SEVERE ] updating countdown to 7773
[21:19:34.482] [SEVERE ] updating countdown to 7699
[21:19:34.508] [SEVERE ] updating countdown to 7673
[21:19:34.535] [SEVERE ] updating countdown to 7646
[21:19:34.561] [SEVERE ] updating countdown to 7620
[21:19:34.589] [SEVERE ] updating countdown to 7592
[21:19:34.616] [SEVERE ] updating countdown to 7565
[21:19:34.661] [SEVERE ] updating countdown to 7520
[21:19:34.687] [SEVERE ] updating countdown to 7494
[21:19:34.714] [SEVERE ] updating countdown to 7467
[21:19:34.767] [SEVERE ] updating countdown to 7414
[21:19:34.792] [SEVERE ] updating countdown to 7389
[21:19:34.818] [SEVERE ] updating countdown to 7363
[21:19:34.844] [SEVERE ] updating countdown to 7337
[21:19:34.874] [SEVERE ] updating countdown to 7307
[21:19:34.912] [SEVERE ] updating countdown to 7269
[21:19:34.938] [SEVERE ] updating countdown to 7243
[21:19:34.964] [SEVERE ] updating countdown to 7217
[21:19:34.990] [SEVERE ] updating countdown to 7191
[21:19:35.063] [SEVERE ] updating countdown to 7118
[21:19:35.090] [SEVERE ] updating countdown to 7091
[21:19:35.116] [SEVERE ] updating countdown to 7065
[21:19:35.147] [SEVERE ] updating countdown to 7034
[21:19:35.175] [SEVERE ] updating countdown to 7006
[21:19:35.202] [SEVERE ] updating countdown to 6979
[21:19:35.261] [SEVERE ] updating countdown to 6920
[21:19:35.287] [SEVERE ] updating countdown to 6894
[21:19:35.323] [SEVERE ] updating countdown to 6858
[21:19:35.350] [SEVERE ] updating countdown to 6831
[21:19:35.376] [SEVERE ] updating countdown to 6805
[21:19:35.402] [SEVERE ] updating countdown to 6779
[21:19:35.430] [SEVERE ] updating countdown to 6751
[21:19:35.459] [SEVERE ] updating countdown to 6722
[21:19:35.484] [SEVERE ] updating countdown to 6697
[21:19:35.510] [SEVERE ] updating countdown to 6671
[21:19:35.537] [SEVERE ] updating countdown to 6644
[21:19:35.579] [SEVERE ] updating countdown to 6602
[21:19:35.605] [SEVERE ] updating countdown to 6576
[21:19:35.636] [SEVERE ] updating countdown to 6545
[21:19:35.662] [SEVERE ] updating countdown to 6519
[21:19:35.688] [SEVERE ] updating countdown to 6493
[21:19:35.719] [SEVERE ] updating countdown to 6462
[21:19:35.789] [SEVERE ] updating countdown to 6392
[21:19:35.815] [SEVERE ] updating countdown to 6366
[21:19:35.849] [SEVERE ] updating countdown to 6332
[21:19:35.903] [SEVERE ] updating countdown to 6278
[21:19:35.928] [SEVERE ] updating countdown to 6253
[21:19:35.955] [SEVERE ] updating countdown to 6226
[21:19:35.981] [SEVERE ] updating countdown to 6201
[21:19:36.013] [SEVERE ] updating countdown to 6168
[21:19:36.039] [SEVERE ] updating countdown to 6142
[21:19:36.064] [SEVERE ] updating countdown to 6117
[21:19:36.095] [SEVERE ] updating countdown to 6086
[21:19:36.120] [SEVERE ] updating countdown to 6061
[21:19:36.146] [SEVERE ] updating countdown to 6035
[21:19:36.172] [SEVERE ] updating countdown to 6009
[21:19:36.201] [SEVERE ] updating countdown to 5980
[21:19:36.228] [SEVERE ] updating countdown to 5953
[21:19:36.296] [SEVERE ] updating countdown to 5885
[21:19:36.322] [SEVERE ] updating countdown to 5859
[21:19:36.349] [SEVERE ] updating countdown to 5832
[21:19:36.376] [SEVERE ] updating countdown to 5805
[21:19:36.418] [SEVERE ] updating countdown to 5763
[21:19:36.444] [SEVERE ] updating countdown to 5737
[21:19:36.483] [SEVERE ] updating countdown to 5698
[21:19:36.518] [SEVERE ] updating countdown to 5663
[21:19:36.544] [SEVERE ] updating countdown to 5637
[21:19:36.571] [SEVERE ] updating countdown to 5610
[21:19:36.597] [SEVERE ] updating countdown to 5584
[21:19:36.627] [SEVERE ] updating countdown to 5554
[21:19:36.679] [SEVERE ] updating countdown to 5502
[21:19:36.704] [SEVERE ] updating countdown to 5477
[21:19:36.730] [SEVERE ] updating countdown to 5451
[21:19:36.765] [SEVERE ] updating countdown to 5416
[21:19:36.791] [SEVERE ] updating countdown to 5390
[21:19:36.847] [SEVERE ] updating countdown to 5334
[21:19:36.873] [SEVERE ] updating countdown to 5308
[21:19:36.899] [SEVERE ] updating countdown to 5282
[21:19:36.925] [SEVERE ] updating countdown to 5256
[21:19:36.951] [SEVERE ] updating countdown to 5230
[21:19:36.977] [SEVERE ] updating countdown to 5204
[21:19:37.060] [SEVERE ] updating countdown to 5121
[21:19:37.093] [SEVERE ] updating countdown to 5088
[21:19:37.124] [SEVERE ] updating countdown to 5057
[21:19:37.150] [SEVERE ] updating countdown to 5031
[21:19:37.178] [SEVERE ] updating countdown to 5003
[21:19:42.282] [SEVERE ] removing card from slot 0
[21:19:42.383] [SEVERE ] removing card from slot 1
[21:19:42.484] [SEVERE ] removing card from slot 2
[21:19:42.585] [SEVERE ] removing card from slot 3
[21:19:42.697] [SEVERE ] removing card from slot 4
[21:19:42.798] [SEVERE ] removing card from slot 5
[21:19:42.900] [SEVERE ] removing card from slot 6
[21:19:43.001] [SEVERE ] removing card from slot 7
[21:19:43.102] [SEVERE ] removing card from slot 8
[21:19:43.204] [SEVERE ] removing card from slot 9
[21:19:43.333] [SEVERE ] removing card from slot 10
[21:19:43.435] [SEVERE ] removing card from slot 11
[21:19:43.536] [SEVERE ] placing card 67 in slot 0
[21:19:43.675] [SEVERE ] placing card 39 in slot 1
[21:19:43.776] [SEVERE ] placing card 63 in slot 2
[21:19:43.885] [SEVERE ] placing card 76 in slot 3
[21:19:43.986] [SEVERE ] placing card 33 in slot 4
[21:19:44.087] [SEVERE ] placing card 43 in slot 5
[21:19:44.190] [SEVERE ] placing card 31 in slot 6
[21:19:44.332] [SEVERE ] placing card 57 in slot 7
[21:19:44.433] [SEVERE ] placing card 8 in slot 8
[21:19:44.533] [SEVERE ] placing card 62 in slot 9
[21:19:44.634] [SEVERE ] placing card 59 in slot 10
[21:19:44.735] [SEVERE ] placing card 13 in slot 11
[21:19:44.761] [SEVERE ] updating countdown to 19975
[21:19:44.787] [SEVERE ] updating countdown to 19949
[21:19:44.814] [SEVERE ] updating countdown to 19922
[21:19:44.841] [SEVERE ] updating countdown to 19895
[21:19:44.868] [SEVERE ] updating countdown to 19868
[21:19:44.894] [SEVERE ] updating countdown to 19842
[21:19:44.920] [SEVERE ] updating countdown to 19816
[21:19:44.947] [SEVERE ] updating countdown to 19789
[21:19:44.979] [SEVERE ] updating countdown to 19757
[21:19:45.004] [SEVERE ] updating countdown to 19732
[21:19:45.030] [SEVERE ] updating countdown to 19706
[21:19:45.056] [SEVERE ] updating countdown to 19680
[21:19:45.084] [SEVERE ] updating countdown to 19652
[21:19:45.111] [SEVERE ] updating countdown to 19625
[21:19:45.136] [SEVERE ] updating countdown to 19600
[21:19:45.162] [SEVERE ] updating countdown to 19574
[21:19:45.188] [SEVERE ] updating countdown to 19548
[21:19:45.215] [SEVERE ] updating countdown to 19521
[21:19:45.241] [SEVERE ] updating countdown to 19495
[21:19:45.267] [SEVERE ] updating countdown to 19469
[21:19:45.293] [SEVERE ] updating countdown to 19443
[21:19:45.333] [SEVERE ] updating countdown to 19403
[21:19:45.360] [SEVERE ] updating countdown to 19376
[21:19:45.386] [SEVERE ] updating countdown to 19350
[21:19:45.412] [SEVERE ] updating countdown to 19324
[21:19:45.438] [SEVERE ] updating countdown to 19298
[21:19:45.463] [SEVERE ] updating countdown to 19273
[21:19:45.489] [SEVERE ] updating countdown to 19247
[21:19:45.516] [SEVERE ] updating countdown to 19220
[21:19:45.542] [SEVERE ] updating countdown to 19194
[21:19:45.568] [SEVERE ] updating countdown to 19168
[21:19:45.594] [SEVERE ] updating countdown to 19142
[21:19:45.620] [SEVERE ] updating countdown to 19116
[21:19:45.653] [SEVERE ] updating countdown to 19083
[21:19:45.679] [SEVERE ] updating countdown to 19057
[21:19:45.705] [SEVERE ] updating countdown to 19031
[21:19:45.742] [SEVERE ] updating countdown to 18994
[21:19:45.781] [SEVERE ] updating countdown to 18955
[21:19:45.807] [SEVERE ] updating countdown to 18929
[21:19:45.833] [SEVERE ] updating countdown to 18903
[21:19:45.987] [SEVERE ] updating countdown to 18749
[21:19:46.013] [SEVERE ] updating countdown to 18723
[21:19:46.038] [SEVERE ] updating countdown to 18698
[21:19:46.064] [SEVERE ] updating countdown to 18672
[21:19:46.098] [SEVERE ] updating countdown to 18638
[21:19:46.125] [SEVERE ] updating countdown to 18611
[21:19:46.151] [SEVERE ] updating countdown to 18585
[21:19:46.177] [SEVERE ] updating countdown to 18559
[21:19:46.221] [SEVERE ] updating countdown to 18515
[21:19:46.246] [SEVERE ] updating countdown to 18490
[21:19:46.272] [SEVERE ] updating countdown to 18464
[21:19:46.299] [SEVERE ] updating countdown to 18437
[21:19:46.328] [SEVERE ] updating countdown to 18408
[21:19:46.355] [SEVERE ] updating countdown to 18381
[21:19:46.381] [SEVERE ] updating countdown to 18355
[21:19:46.407] [SEVERE ] updating countdown to 18329
[21:19:46.434] [SEVERE ] updating countdown to 18302
