[20:41:02.623] [INFO   ] thread bguspl.set.Main.main() starting.
[20:41:02.633] [SEVERE ] cannot read configuration file config.properties trying from resources.
[20:41:02.694] [SEVERE ] configuration file was loaded from resources directory.
[20:41:04.308] [INFO   ] thread dealer starting.
[20:41:04.309] [INFO   ] thread dealer starting.
[20:41:04.417] [SEVERE ] placing card 78 in slot 0
[20:41:04.519] [SEVERE ] placing card 52 in slot 1
[20:41:04.631] [SEVERE ] placing card 35 in slot 2
[20:41:04.732] [SEVERE ] placing card 22 in slot 3
[20:41:04.833] [SEVERE ] placing card 26 in slot 4
[20:41:04.955] [SEVERE ] placing card 32 in slot 5
[20:41:05.057] [SEVERE ] placing card 57 in slot 6
[20:41:05.162] [SEVERE ] placing card 13 in slot 7
[20:41:05.264] [SEVERE ] placing card 30 in slot 8
[20:41:05.367] [SEVERE ] placing card 74 in slot 9
[20:41:05.471] [SEVERE ] placing card 19 in slot 10
[20:41:05.574] [SEVERE ] placing card 70 in slot 11
[20:41:05.590] [SEVERE ] updating countdown to 20000
[20:41:05.602] [SEVERE ] updating countdown to 19988
[20:41:05.603] [SEVERE ] updating countdown to 20000
[20:41:05.614] [SEVERE ] updating countdown to 19989
[20:41:05.615] [SEVERE ] updating countdown to 20000
[20:41:05.625] [SEVERE ] updating countdown to 19990
[20:41:05.627] [SEVERE ] updating countdown to 20000
[20:41:05.638] [SEVERE ] updating countdown to 19989
[20:41:05.640] [SEVERE ] updating countdown to 20000
[20:41:05.651] [SEVERE ] updating countdown to 19989
[20:41:05.652] [SEVERE ] updating countdown to 20000
[20:41:05.663] [SEVERE ] updating countdown to 19989
[20:41:05.664] [SEVERE ] updating countdown to 20000
[20:41:05.675] [SEVERE ] updating countdown to 19989
[20:41:05.676] [SEVERE ] updating countdown to 20000
[20:41:05.688] [SEVERE ] updating countdown to 19988
[20:41:05.689] [SEVERE ] updating countdown to 20000
[20:41:05.700] [SEVERE ] updating countdown to 19989
[20:41:05.719] [SEVERE ] updating countdown to 20000
[20:41:05.730] [SEVERE ] updating countdown to 19989
[20:41:05.731] [SEVERE ] updating countdown to 20000
[20:41:05.742] [SEVERE ] updating countdown to 19989
[20:41:05.743] [SEVERE ] updating countdown to 20000
[20:41:05.755] [SEVERE ] updating countdown to 19988
[20:41:05.757] [SEVERE ] updating countdown to 20000
[20:41:05.770] [SEVERE ] updating countdown to 19987
[20:41:05.786] [SEVERE ] updating countdown to 20000
[20:41:05.799] [SEVERE ] updating countdown to 19987
[20:41:05.801] [SEVERE ] updating countdown to 20000
[20:41:05.812] [SEVERE ] updating countdown to 19989
[20:41:05.816] [SEVERE ] updating countdown to 20000
[20:41:05.830] [SEVERE ] updating countdown to 19986
[20:41:05.831] [SEVERE ] updating countdown to 20000
[20:41:05.842] [SEVERE ] updating countdown to 19989
[20:41:05.842] [SEVERE ] updating countdown to 20000
[20:41:05.853] [SEVERE ] updating countdown to 19989
[20:41:05.854] [SEVERE ] updating countdown to 20000
[20:41:05.865] [SEVERE ] updating countdown to 19989
[20:41:05.865] [SEVERE ] updating countdown to 20000
[20:41:05.877] [SEVERE ] updating countdown to 19988
[20:41:05.879] [SEVERE ] updating countdown to 20000
[20:41:05.890] [SEVERE ] updating countdown to 19989
[20:41:05.891] [SEVERE ] updating countdown to 20000
[20:41:05.902] [SEVERE ] updating countdown to 19989
[20:41:05.903] [SEVERE ] updating countdown to 20000
[20:41:05.914] [SEVERE ] updating countdown to 19989
[20:41:05.915] [SEVERE ] updating countdown to 20000
[20:41:05.926] [SEVERE ] updating countdown to 19989
[20:41:05.928] [SEVERE ] updating countdown to 20000
[20:41:05.939] [SEVERE ] updating countdown to 19990
[20:41:05.940] [SEVERE ] updating countdown to 20000
[20:41:05.952] [SEVERE ] updating countdown to 19988
[20:41:05.953] [SEVERE ] updating countdown to 20000
[20:41:05.963] [SEVERE ] updating countdown to 19990
[20:41:05.964] [SEVERE ] updating countdown to 20000
[20:41:05.975] [SEVERE ] updating countdown to 19989
[20:41:05.976] [SEVERE ] updating countdown to 20000
[20:41:05.986] [SEVERE ] updating countdown to 19990
[20:41:05.987] [SEVERE ] updating countdown to 20000
[20:41:05.998] [SEVERE ] updating countdown to 19989
[20:41:05.998] [SEVERE ] updating countdown to 20000
[20:41:06.009] [SEVERE ] updating countdown to 19989
[20:41:06.016] [SEVERE ] updating countdown to 20000
[20:41:06.027] [SEVERE ] updating countdown to 19989
[20:41:06.028] [SEVERE ] updating countdown to 20000
[20:41:06.039] [SEVERE ] updating countdown to 19989
[20:41:06.040] [SEVERE ] updating countdown to 20000
[20:41:06.051] [SEVERE ] updating countdown to 19989
[20:41:06.052] [SEVERE ] updating countdown to 20000
[20:41:06.063] [SEVERE ] updating countdown to 19989
[20:41:06.072] [SEVERE ] updating countdown to 20000
[20:41:06.083] [SEVERE ] updating countdown to 19989
[20:41:06.084] [SEVERE ] updating countdown to 20000
[20:41:06.095] [SEVERE ] updating countdown to 19989
[20:41:06.096] [SEVERE ] updating countdown to 20000
[20:41:06.106] [SEVERE ] updating countdown to 19990
[20:41:06.107] [SEVERE ] updating countdown to 20000
[20:41:06.117] [SEVERE ] updating countdown to 19990
[20:41:06.118] [SEVERE ] updating countdown to 20000
[20:41:06.129] [SEVERE ] updating countdown to 19989
[20:41:06.129] [SEVERE ] updating countdown to 20000
[20:41:06.140] [SEVERE ] updating countdown to 19989
[20:41:06.141] [SEVERE ] updating countdown to 20000
[20:41:06.152] [SEVERE ] updating countdown to 19989
[20:41:06.153] [SEVERE ] updating countdown to 20000
[20:41:06.164] [SEVERE ] updating countdown to 19989
[20:41:06.165] [SEVERE ] updating countdown to 20000
[20:41:06.175] [SEVERE ] updating countdown to 19990
[20:41:06.176] [SEVERE ] updating countdown to 20000
[20:41:06.186] [SEVERE ] updating countdown to 19990
[20:41:06.187] [SEVERE ] updating countdown to 20000
[20:41:06.197] [SEVERE ] updating countdown to 19990
[20:41:06.198] [SEVERE ] updating countdown to 20000
[20:41:06.209] [SEVERE ] updating countdown to 19989
[20:41:06.209] [SEVERE ] updating countdown to 20000
[20:41:06.220] [SEVERE ] updating countdown to 19989
[20:41:06.221] [SEVERE ] updating countdown to 20000
[20:41:06.232] [SEVERE ] updating countdown to 19989
[20:41:06.232] [SEVERE ] updating countdown to 20000
[20:41:06.243] [SEVERE ] updating countdown to 19989
[20:41:06.244] [SEVERE ] updating countdown to 20000
[20:41:06.254] [SEVERE ] updating countdown to 19990
[20:41:06.256] [SEVERE ] updating countdown to 20000
[20:41:06.266] [SEVERE ] updating countdown to 19990
[20:41:06.272] [SEVERE ] updating countdown to 20000
[20:41:06.283] [SEVERE ] updating countdown to 19989
[20:41:06.284] [SEVERE ] updating countdown to 20000
[20:41:06.294] [SEVERE ] updating countdown to 19990
[20:41:06.296] [SEVERE ] updating countdown to 20000
[20:41:06.307] [SEVERE ] updating countdown to 19989
[20:41:06.308] [SEVERE ] updating countdown to 20000
[20:41:06.319] [SEVERE ] updating countdown to 19989
[20:41:06.326] [SEVERE ] updating countdown to 20000
[20:41:06.337] [SEVERE ] updating countdown to 19989
[20:41:06.338] [SEVERE ] updating countdown to 20000
[20:41:06.348] [SEVERE ] updating countdown to 19990
[20:41:06.349] [SEVERE ] updating countdown to 20000
[20:41:06.360] [SEVERE ] updating countdown to 19989
[20:41:06.371] [SEVERE ] updating countdown to 20000
[20:41:06.382] [SEVERE ] updating countdown to 19989
[20:41:06.383] [SEVERE ] updating countdown to 20000
[20:41:06.394] [SEVERE ] updating countdown to 19989
[20:41:06.395] [SEVERE ] updating countdown to 20000
[20:41:06.406] [SEVERE ] updating countdown to 19989
[20:41:06.407] [SEVERE ] updating countdown to 20000
[20:41:06.418] [SEVERE ] updating countdown to 19989
[20:41:06.419] [SEVERE ] updating countdown to 20000
[20:41:06.430] [SEVERE ] updating countdown to 19989
[20:41:06.435] [SEVERE ] updating countdown to 20000
[20:41:06.448] [SEVERE ] updating countdown to 19987
[20:41:06.449] [SEVERE ] updating countdown to 20000
[20:41:06.460] [SEVERE ] updating countdown to 19989
[20:41:06.461] [SEVERE ] updating countdown to 20000
[20:41:06.472] [SEVERE ] updating countdown to 19989
[20:41:06.508] [SEVERE ] updating countdown to 20000
[20:41:06.519] [SEVERE ] updating countdown to 19989
[20:41:06.520] [SEVERE ] updating countdown to 20000
[20:41:06.531] [SEVERE ] updating countdown to 19989
[20:41:06.533] [SEVERE ] updating countdown to 20000
[20:41:06.543] [SEVERE ] updating countdown to 19989
[20:41:06.545] [SEVERE ] updating countdown to 20000
[20:41:06.556] [SEVERE ] updating countdown to 19989
[20:41:06.564] [SEVERE ] updating countdown to 20000
[20:41:06.575] [SEVERE ] updating countdown to 19989
[20:41:06.577] [SEVERE ] updating countdown to 20000
[20:41:06.589] [SEVERE ] updating countdown to 19988
[20:41:06.590] [SEVERE ] updating countdown to 20000
[20:41:06.601] [SEVERE ] updating countdown to 19989
[20:41:06.602] [SEVERE ] updating countdown to 20000
[20:41:06.615] [SEVERE ] updating countdown to 19987
[20:41:06.681] [SEVERE ] updating countdown to 20000
[20:41:06.692] [SEVERE ] updating countdown to 19989
[20:41:06.695] [SEVERE ] updating countdown to 20000
[20:41:06.706] [SEVERE ] updating countdown to 19990
[20:41:06.707] [SEVERE ] updating countdown to 20000
[20:41:06.718] [SEVERE ] updating countdown to 19989
[20:41:06.719] [SEVERE ] updating countdown to 20000
[20:41:06.730] [SEVERE ] updating countdown to 19989
[20:41:06.735] [SEVERE ] updating countdown to 20000
[20:41:06.749] [SEVERE ] updating countdown to 19986
[20:41:06.757] [SEVERE ] updating countdown to 20000
[20:41:06.769] [SEVERE ] updating countdown to 19988
[20:41:06.769] [SEVERE ] updating countdown to 20000
[20:41:06.780] [SEVERE ] updating countdown to 19989
[20:41:06.781] [SEVERE ] updating countdown to 20000
[20:41:06.792] [SEVERE ] updating countdown to 19989
[20:41:06.793] [SEVERE ] updating countdown to 20000
[20:41:06.803] [SEVERE ] updating countdown to 19990
[20:41:06.804] [SEVERE ] updating countdown to 20000
[20:41:06.815] [SEVERE ] updating countdown to 19989
[20:41:06.815] [SEVERE ] updating countdown to 20000
[20:41:06.826] [SEVERE ] updating countdown to 19989
[20:41:06.838] [SEVERE ] updating countdown to 20000
[20:41:06.849] [SEVERE ] updating countdown to 19989
[20:41:06.850] [SEVERE ] updating countdown to 20000
[20:41:06.860] [SEVERE ] updating countdown to 19990
[20:41:06.861] [SEVERE ] updating countdown to 20000
[20:41:06.872] [SEVERE ] updating countdown to 19989
[20:41:06.873] [SEVERE ] updating countdown to 20000
[20:41:06.884] [SEVERE ] updating countdown to 19989
[20:41:06.886] [SEVERE ] updating countdown to 20000
[20:41:06.897] [SEVERE ] updating countdown to 19989
[20:41:06.908] [SEVERE ] updating countdown to 20000
[20:41:06.920] [SEVERE ] updating countdown to 19988
[20:41:06.931] [SEVERE ] updating countdown to 20000
[20:41:06.942] [SEVERE ] updating countdown to 19989
[20:41:06.943] [SEVERE ] updating countdown to 20000
[20:41:06.954] [SEVERE ] updating countdown to 19989
[20:41:06.954] [SEVERE ] updating countdown to 20000
[20:41:06.965] [SEVERE ] updating countdown to 19989
[20:41:06.966] [SEVERE ] updating countdown to 20000
[20:41:06.976] [SEVERE ] updating countdown to 19990
[20:41:06.977] [SEVERE ] updating countdown to 20000
[20:41:06.988] [SEVERE ] updating countdown to 19989
[20:41:06.988] [SEVERE ] updating countdown to 20000
[20:41:06.999] [SEVERE ] updating countdown to 19989
[20:41:07.000] [SEVERE ] updating countdown to 20000
[20:41:07.010] [SEVERE ] updating countdown to 19990
[20:41:07.012] [SEVERE ] updating countdown to 20000
[20:41:07.025] [SEVERE ] updating countdown to 19987
[20:41:07.033] [SEVERE ] updating countdown to 20000
[20:41:07.046] [SEVERE ] updating countdown to 19987
[20:41:07.047] [SEVERE ] updating countdown to 20000
[20:41:07.058] [SEVERE ] updating countdown to 19989
[20:41:07.059] [SEVERE ] updating countdown to 20000
[20:41:07.070] [SEVERE ] updating countdown to 19989
[20:41:07.105] [SEVERE ] updating countdown to 20000
[20:41:07.138] [SEVERE ] updating countdown to 19967
[20:41:07.140] [SEVERE ] updating countdown to 20000
[20:41:07.152] [SEVERE ] updating countdown to 19988
[20:41:07.152] [SEVERE ] updating countdown to 20000
[20:41:07.163] [SEVERE ] updating countdown to 19989
[20:41:07.164] [SEVERE ] updating countdown to 20000
[20:41:07.176] [SEVERE ] updating countdown to 19988
[20:41:07.184] [SEVERE ] updating countdown to 20000
[20:41:07.205] [SEVERE ] updating countdown to 19979
[20:41:07.207] [SEVERE ] updating countdown to 20000
[20:41:07.218] [SEVERE ] updating countdown to 19989
[20:41:07.220] [SEVERE ] updating countdown to 20000
[20:41:07.239] [SEVERE ] updating countdown to 19981
[20:41:07.275] [SEVERE ] updating countdown to 20000
[20:41:07.286] [SEVERE ] updating countdown to 19989
[20:41:07.286] [SEVERE ] updating countdown to 20000
[20:41:07.297] [SEVERE ] updating countdown to 19989
[20:41:07.298] [SEVERE ] updating countdown to 20000
[20:41:07.308] [SEVERE ] updating countdown to 19990
[20:41:07.309] [SEVERE ] updating countdown to 20000
[20:41:07.319] [SEVERE ] updating countdown to 19990
[20:41:07.320] [SEVERE ] updating countdown to 20000
[20:41:07.331] [SEVERE ] updating countdown to 19989
[20:41:07.331] [SEVERE ] updating countdown to 20000
[20:41:07.342] [SEVERE ] updating countdown to 19989
[20:41:07.343] [SEVERE ] updating countdown to 20000
[20:41:07.354] [SEVERE ] updating countdown to 19989
[20:41:07.355] [SEVERE ] updating countdown to 20000
[20:41:07.366] [SEVERE ] updating countdown to 19989
[20:41:07.367] [SEVERE ] updating countdown to 20000
[20:41:07.378] [SEVERE ] updating countdown to 19989
[20:41:07.379] [SEVERE ] updating countdown to 20000
[20:41:07.390] [SEVERE ] updating countdown to 19989
[20:41:07.391] [SEVERE ] updating countdown to 20000
[20:41:07.402] [SEVERE ] updating countdown to 19989
[20:41:07.403] [SEVERE ] updating countdown to 20000
[20:41:07.413] [SEVERE ] updating countdown to 19990
[20:41:07.419] [SEVERE ] updating countdown to 20000
[20:41:07.430] [SEVERE ] updating countdown to 19989
[20:41:07.430] [SEVERE ] updating countdown to 20000
[20:41:07.441] [SEVERE ] updating countdown to 19989
[20:41:07.442] [SEVERE ] updating countdown to 20000
[20:41:07.452] [SEVERE ] updating countdown to 19990
[20:41:07.453] [SEVERE ] updating countdown to 20000
[20:41:07.464] [SEVERE ] updating countdown to 19989
[20:41:07.468] [SEVERE ] updating countdown to 20000
[20:41:07.493] [SEVERE ] updating countdown to 19975
[20:41:07.494] [SEVERE ] updating countdown to 20000
[20:41:07.505] [SEVERE ] updating countdown to 19989
[20:41:07.506] [SEVERE ] updating countdown to 20000
[20:41:07.517] [SEVERE ] updating countdown to 19989
[20:41:07.533] [SEVERE ] updating countdown to 20000
[20:41:07.544] [SEVERE ] updating countdown to 19989
[20:41:07.545] [SEVERE ] updating countdown to 20000
[20:41:07.555] [SEVERE ] updating countdown to 19990
[20:41:07.556] [SEVERE ] updating countdown to 20000
[20:41:07.566] [SEVERE ] updating countdown to 19990
[20:41:07.568] [SEVERE ] updating countdown to 20000
[20:41:07.579] [SEVERE ] updating countdown to 19989
[20:41:07.580] [SEVERE ] updating countdown to 20000
[20:41:07.591] [SEVERE ] updating countdown to 19989
[20:41:07.593] [SEVERE ] updating countdown to 20000
[20:41:07.609] [SEVERE ] updating countdown to 19984
[20:41:07.610] [SEVERE ] updating countdown to 20000
[20:41:07.621] [SEVERE ] updating countdown to 19989
[20:41:07.622] [SEVERE ] updating countdown to 20000
[20:41:07.633] [SEVERE ] updating countdown to 19989
[20:41:07.641] [SEVERE ] updating countdown to 20000
[20:41:07.652] [SEVERE ] updating countdown to 19989
[20:41:07.671] [SEVERE ] updating countdown to 20000
[20:41:07.690] [SEVERE ] updating countdown to 19981
[20:41:07.692] [SEVERE ] updating countdown to 20000
[20:41:07.706] [SEVERE ] updating countdown to 19986
[20:41:07.708] [SEVERE ] updating countdown to 20000
[20:41:07.718] [SEVERE ] updating countdown to 19990
[20:41:07.719] [SEVERE ] updating countdown to 20000
[20:41:07.729] [SEVERE ] updating countdown to 19990
[20:41:07.730] [SEVERE ] updating countdown to 20000
[20:41:07.741] [SEVERE ] updating countdown to 19989
[20:41:07.742] [SEVERE ] updating countdown to 20000
[20:41:07.753] [SEVERE ] updating countdown to 19989
[20:41:07.754] [SEVERE ] updating countdown to 20000
[20:41:07.764] [SEVERE ] updating countdown to 19990
[20:41:07.765] [SEVERE ] updating countdown to 20000
[20:41:07.776] [SEVERE ] updating countdown to 19989
[20:41:07.777] [SEVERE ] updating countdown to 20000
[20:41:07.788] [SEVERE ] updating countdown to 19989
[20:41:07.791] [SEVERE ] updating countdown to 20000
[20:41:07.817] [SEVERE ] updating countdown to 19974
[20:41:07.822] [SEVERE ] updating countdown to 20000
[20:41:07.833] [SEVERE ] updating countdown to 19989
[20:41:07.839] [SEVERE ] updating countdown to 20000
[20:41:07.851] [SEVERE ] updating countdown to 19988
[20:41:07.855] [SEVERE ] updating countdown to 20000
[20:41:07.866] [SEVERE ] updating countdown to 19989
[20:41:07.866] [SEVERE ] updating countdown to 20000
[20:41:07.877] [SEVERE ] updating countdown to 19989
[20:41:07.878] [SEVERE ] updating countdown to 20000
[20:41:07.889] [SEVERE ] updating countdown to 19989
[20:41:07.890] [SEVERE ] updating countdown to 20000
[20:41:07.900] [SEVERE ] updating countdown to 19990
[20:41:07.901] [SEVERE ] updating countdown to 20000
[20:41:07.912] [SEVERE ] updating countdown to 19989
[20:41:07.928] [SEVERE ] updating countdown to 20000
[20:41:07.943] [SEVERE ] updating countdown to 19985
[20:41:07.944] [SEVERE ] updating countdown to 20000
[20:41:07.955] [SEVERE ] updating countdown to 19989
[20:41:07.956] [SEVERE ] updating countdown to 20000
[20:41:07.966] [SEVERE ] updating countdown to 19990
[20:41:07.967] [SEVERE ] updating countdown to 20000
[20:41:07.978] [SEVERE ] updating countdown to 19989
[20:41:07.979] [SEVERE ] updating countdown to 20000
[20:41:07.990] [SEVERE ] updating countdown to 19989
[20:41:08.017] [SEVERE ] updating countdown to 20000
[20:41:08.029] [SEVERE ] updating countdown to 19988
[20:41:08.031] [SEVERE ] updating countdown to 20000
[20:41:08.041] [SEVERE ] updating countdown to 19990
[20:41:08.042] [SEVERE ] updating countdown to 20000
[20:41:08.052] [SEVERE ] updating countdown to 19990
[20:41:08.053] [SEVERE ] updating countdown to 20000
[20:41:08.063] [SEVERE ] updating countdown to 19990
[20:41:08.064] [SEVERE ] updating countdown to 20000
[20:41:08.075] [SEVERE ] updating countdown to 19989
[20:41:08.079] [SEVERE ] updating countdown to 20000
[20:41:08.091] [SEVERE ] updating countdown to 19988
[20:41:08.091] [SEVERE ] updating countdown to 20000
[20:41:08.102] [SEVERE ] updating countdown to 19989
[20:41:08.102] [SEVERE ] updating countdown to 20000
[20:41:08.113] [SEVERE ] updating countdown to 19989
[20:41:08.115] [SEVERE ] updating countdown to 20000
[20:41:08.130] [SEVERE ] updating countdown to 19985
[20:41:08.131] [SEVERE ] updating countdown to 20000
[20:41:08.141] [SEVERE ] updating countdown to 19990
[20:41:08.142] [SEVERE ] updating countdown to 20000
[20:41:08.153] [SEVERE ] updating countdown to 19989
[20:41:08.188] [SEVERE ] updating countdown to 20000
[20:41:08.214] [SEVERE ] updating countdown to 19974
[20:41:08.214] [SEVERE ] updating countdown to 20000
[20:41:08.225] [SEVERE ] updating countdown to 19989
[20:41:08.225] [SEVERE ] updating countdown to 20000
[20:41:08.236] [SEVERE ] updating countdown to 19989
[20:41:08.237] [SEVERE ] updating countdown to 20000
[20:41:08.249] [SEVERE ] updating countdown to 19988
[20:41:08.250] [SEVERE ] updating countdown to 20000
[20:41:08.261] [SEVERE ] updating countdown to 19989
[20:41:08.294] [SEVERE ] updating countdown to 20000
[20:41:08.308] [SEVERE ] updating countdown to 19986
[20:41:08.309] [SEVERE ] updating countdown to 20000
[20:41:08.320] [SEVERE ] updating countdown to 19989
[20:41:08.320] [SEVERE ] updating countdown to 20000
[20:41:08.331] [SEVERE ] updating countdown to 19989
[20:41:08.331] [SEVERE ] updating countdown to 20000
[20:41:08.342] [SEVERE ] updating countdown to 19989
[20:41:08.342] [SEVERE ] updating countdown to 20000
[20:41:08.353] [SEVERE ] updating countdown to 19989
[20:41:08.353] [SEVERE ] updating countdown to 20000
[20:41:08.364] [SEVERE ] updating countdown to 19989
[20:41:08.365] [SEVERE ] updating countdown to 20000
[20:41:08.376] [SEVERE ] updating countdown to 19989
[20:41:08.377] [SEVERE ] updating countdown to 20000
[20:41:08.388] [SEVERE ] updating countdown to 19989
[20:41:08.389] [SEVERE ] updating countdown to 20000
[20:41:08.401] [SEVERE ] updating countdown to 19988
[20:41:08.402] [SEVERE ] updating countdown to 20000
[20:41:08.413] [SEVERE ] updating countdown to 19989
[20:41:08.414] [SEVERE ] updating countdown to 20000
[20:41:08.433] [SEVERE ] updating countdown to 19981
[20:41:08.445] [SEVERE ] updating countdown to 20000
[20:41:08.456] [SEVERE ] updating countdown to 19989
[20:41:08.457] [SEVERE ] updating countdown to 20000
[20:41:08.467] [SEVERE ] updating countdown to 19990
[20:41:08.468] [SEVERE ] updating countdown to 20000
[20:41:08.478] [SEVERE ] updating countdown to 19990
[20:41:08.480] [SEVERE ] updating countdown to 20000
[20:41:08.491] [SEVERE ] updating countdown to 19989
[20:41:08.492] [SEVERE ] updating countdown to 20000
[20:41:08.504] [SEVERE ] updating countdown to 19989
[20:41:08.518] [SEVERE ] updating countdown to 20000
[20:41:08.530] [SEVERE ] updating countdown to 19988
[20:41:08.544] [SEVERE ] updating countdown to 20000
[20:41:08.558] [SEVERE ] updating countdown to 19986
[20:41:08.564] [SEVERE ] updating countdown to 20000
[20:41:08.575] [SEVERE ] updating countdown to 19989
[20:41:08.576] [SEVERE ] updating countdown to 20000
[20:41:08.587] [SEVERE ] updating countdown to 19989
[20:41:08.587] [SEVERE ] updating countdown to 20000
[20:41:08.598] [SEVERE ] updating countdown to 19989
[20:41:08.599] [SEVERE ] updating countdown to 20000
[20:41:08.610] [SEVERE ] updating countdown to 19989
[20:41:08.612] [SEVERE ] updating countdown to 20000
[20:41:08.624] [SEVERE ] updating countdown to 19988
[20:41:08.625] [SEVERE ] updating countdown to 20000
[20:41:08.638] [SEVERE ] updating countdown to 19987
[20:41:08.652] [SEVERE ] updating countdown to 20000
[20:41:08.675] [SEVERE ] updating countdown to 19977
[20:41:08.678] [SEVERE ] updating countdown to 20000
[20:41:08.689] [SEVERE ] updating countdown to 19989
[20:41:08.690] [SEVERE ] updating countdown to 20000
[20:41:08.701] [SEVERE ] updating countdown to 19989
[20:41:08.701] [SEVERE ] updating countdown to 20000
[20:41:08.712] [SEVERE ] updating countdown to 19989
[20:41:08.712] [SEVERE ] updating countdown to 20000
[20:41:08.723] [SEVERE ] updating countdown to 19989
[20:41:08.723] [SEVERE ] updating countdown to 20000
[20:41:08.734] [SEVERE ] updating countdown to 19989
[20:41:08.735] [SEVERE ] updating countdown to 20000
[20:41:08.745] [SEVERE ] updating countdown to 19990
[20:41:08.747] [SEVERE ] updating countdown to 20000
[20:41:08.758] [SEVERE ] updating countdown to 19989
[20:41:08.766] [SEVERE ] updating countdown to 20000
[20:41:08.779] [SEVERE ] updating countdown to 19987
[20:41:08.783] [SEVERE ] updating countdown to 20000
[20:41:08.794] [SEVERE ] updating countdown to 19989
[20:41:08.802] [SEVERE ] updating countdown to 20000
[20:41:08.813] [SEVERE ] updating countdown to 19989
[20:41:08.814] [SEVERE ] updating countdown to 20000
[20:41:08.824] [SEVERE ] updating countdown to 19990
[20:41:08.825] [SEVERE ] updating countdown to 20000
[20:41:08.836] [SEVERE ] updating countdown to 19989
[20:41:08.837] [SEVERE ] updating countdown to 20000
[20:41:08.848] [SEVERE ] updating countdown to 19989
[20:41:08.849] [SEVERE ] updating countdown to 20000
[20:41:08.860] [SEVERE ] updating countdown to 19989
[20:41:08.861] [SEVERE ] updating countdown to 20000
[20:41:08.873] [SEVERE ] updating countdown to 19988
[20:41:08.874] [SEVERE ] updating countdown to 20000
[20:41:08.885] [SEVERE ] updating countdown to 19989
[20:41:08.898] [SEVERE ] updating countdown to 20000
[20:41:08.909] [SEVERE ] updating countdown to 19989
[20:41:08.910] [SEVERE ] updating countdown to 20000
[20:41:08.921] [SEVERE ] updating countdown to 19989
[20:41:08.954] [SEVERE ] updating countdown to 20000
[20:41:08.980] [SEVERE ] updating countdown to 19974
[20:41:08.981] [SEVERE ] updating countdown to 20000
[20:41:08.991] [SEVERE ] updating countdown to 19990
[20:41:08.992] [SEVERE ] updating countdown to 20000
[20:41:09.002] [SEVERE ] updating countdown to 19990
[20:41:09.003] [SEVERE ] updating countdown to 20000
[20:41:09.014] [SEVERE ] updating countdown to 19989
[20:41:09.015] [SEVERE ] updating countdown to 20000
[20:41:09.027] [SEVERE ] updating countdown to 19988
[20:41:09.040] [SEVERE ] updating countdown to 20000
[20:41:09.086] [SEVERE ] updating countdown to 19954
[20:41:09.104] [SEVERE ] updating countdown to 20000
[20:41:09.115] [SEVERE ] updating countdown to 19989
[20:41:09.116] [SEVERE ] updating countdown to 20000
[20:41:09.127] [SEVERE ] updating countdown to 19989
[20:41:09.127] [SEVERE ] updating countdown to 20000
[20:41:09.138] [SEVERE ] updating countdown to 19989
[20:41:09.139] [SEVERE ] updating countdown to 20000
[20:41:09.149] [SEVERE ] updating countdown to 19990
[20:41:09.150] [SEVERE ] updating countdown to 20000
[20:41:09.160] [SEVERE ] updating countdown to 19990
[20:41:09.161] [SEVERE ] updating countdown to 20000
[20:41:09.171] [SEVERE ] updating countdown to 19990
[20:41:09.171] [SEVERE ] updating countdown to 20000
[20:41:09.182] [SEVERE ] updating countdown to 19989
[20:41:09.183] [SEVERE ] updating countdown to 20000
[20:41:09.199] [SEVERE ] updating countdown to 19985
[20:41:09.209] [SEVERE ] updating countdown to 20000
[20:41:09.220] [SEVERE ] updating countdown to 19989
[20:41:09.221] [SEVERE ] updating countdown to 20000
[20:41:09.232] [SEVERE ] updating countdown to 19989
[20:41:09.294] [SEVERE ] updating countdown to 20000
[20:41:09.315] [SEVERE ] updating countdown to 19979
[20:41:09.316] [SEVERE ] updating countdown to 20000
[20:41:09.327] [SEVERE ] updating countdown to 19989
[20:41:09.327] [SEVERE ] updating countdown to 20000
[20:41:09.338] [SEVERE ] updating countdown to 19989
[20:41:09.339] [SEVERE ] updating countdown to 20000
[20:41:09.349] [SEVERE ] updating countdown to 19989
[20:41:09.367] [SEVERE ] updating countdown to 20000
[20:41:09.382] [SEVERE ] updating countdown to 19985
[20:41:09.383] [SEVERE ] updating countdown to 20000
[20:41:09.394] [SEVERE ] updating countdown to 19989
[20:41:09.398] [SEVERE ] updating countdown to 20000
[20:41:09.420] [SEVERE ] updating countdown to 19978
[20:41:09.423] [SEVERE ] updating countdown to 20000
[20:41:09.435] [SEVERE ] updating countdown to 19988
[20:41:09.436] [SEVERE ] updating countdown to 20000
[20:41:09.447] [SEVERE ] updating countdown to 19989
[20:41:09.462] [SEVERE ] updating countdown to 20000
[20:41:09.473] [SEVERE ] updating countdown to 19989
[20:41:09.474] [SEVERE ] updating countdown to 20000
[20:41:09.484] [SEVERE ] updating countdown to 19990
[20:41:09.490] [SEVERE ] updating countdown to 20000
[20:41:09.501] [SEVERE ] updating countdown to 19989
[20:41:09.506] [SEVERE ] updating countdown to 20000
[20:41:09.518] [SEVERE ] updating countdown to 19988
[20:41:09.518] [SEVERE ] updating countdown to 20000
[20:41:09.529] [SEVERE ] updating countdown to 19989
[20:41:09.529] [SEVERE ] updating countdown to 20000
[20:41:09.540] [SEVERE ] updating countdown to 19989
[20:41:09.541] [SEVERE ] updating countdown to 20000
[20:41:09.551] [SEVERE ] updating countdown to 19990
[20:41:09.578] [SEVERE ] updating countdown to 20000
[20:41:09.590] [SEVERE ] updating countdown to 19988
[20:41:09.591] [SEVERE ] updating countdown to 20000
[20:41:09.601] [SEVERE ] updating countdown to 19990
[20:41:09.664] [SEVERE ] updating countdown to 20000
[20:41:09.676] [SEVERE ] updating countdown to 19988
[20:41:09.677] [SEVERE ] updating countdown to 20000
[20:41:09.688] [SEVERE ] updating countdown to 19989
[20:41:09.688] [SEVERE ] updating countdown to 20000
[20:41:09.699] [SEVERE ] updating countdown to 19989
[20:41:09.700] [SEVERE ] updating countdown to 20000
[20:41:09.712] [SEVERE ] updating countdown to 19988
[20:41:09.724] [SEVERE ] updating countdown to 20000
[20:41:09.739] [SEVERE ] updating countdown to 19985
[20:41:09.740] [SEVERE ] updating countdown to 20000
[20:41:09.750] [SEVERE ] updating countdown to 19990
[20:41:09.751] [SEVERE ] updating countdown to 20000
[20:41:09.762] [SEVERE ] updating countdown to 19989
[20:41:09.769] [SEVERE ] updating countdown to 20000
[20:41:09.800] [SEVERE ] updating countdown to 19969
[20:41:09.800] [SEVERE ] updating countdown to 20000
[20:41:09.811] [SEVERE ] updating countdown to 19989
[20:41:09.812] [SEVERE ] updating countdown to 20000
[20:41:09.822] [SEVERE ] updating countdown to 19990
[20:41:09.823] [SEVERE ] updating countdown to 20000
[20:41:09.833] [SEVERE ] updating countdown to 19990
[20:41:09.834] [SEVERE ] updating countdown to 20000
[20:41:09.844] [SEVERE ] updating countdown to 19990
[20:41:09.845] [SEVERE ] updating countdown to 20000
[20:41:09.856] [SEVERE ] updating countdown to 19989
[20:41:09.857] [SEVERE ] updating countdown to 20000
[20:41:09.868] [SEVERE ] updating countdown to 19989
[20:41:09.876] [SEVERE ] updating countdown to 20000
[20:41:09.894] [SEVERE ] updating countdown to 19982
[20:41:09.898] [SEVERE ] updating countdown to 20000
[20:41:09.909] [SEVERE ] updating countdown to 19989
[20:41:09.917] [SEVERE ] updating countdown to 20000
[20:41:09.928] [SEVERE ] updating countdown to 19989
[20:41:09.929] [SEVERE ] updating countdown to 20000
[20:41:09.940] [SEVERE ] updating countdown to 19989
[20:41:09.940] [SEVERE ] updating countdown to 20000
[20:41:09.951] [SEVERE ] updating countdown to 19989
[20:41:09.951] [SEVERE ] updating countdown to 20000
[20:41:09.962] [SEVERE ] updating countdown to 19989
[20:41:09.962] [SEVERE ] updating countdown to 20000
[20:41:09.973] [SEVERE ] updating countdown to 19989
[20:41:09.973] [SEVERE ] updating countdown to 20000
[20:41:09.984] [SEVERE ] updating countdown to 19989
[20:41:09.985] [SEVERE ] updating countdown to 20000
[20:41:09.996] [SEVERE ] updating countdown to 19989
[20:41:10.002] [SEVERE ] updating countdown to 20000
[20:41:10.013] [SEVERE ] updating countdown to 19989
[20:41:10.014] [SEVERE ] updating countdown to 20000
[20:41:10.024] [SEVERE ] updating countdown to 19990
[20:41:10.025] [SEVERE ] updating countdown to 20000
[20:41:10.036] [SEVERE ] updating countdown to 19989
[20:41:10.043] [SEVERE ] updating countdown to 20000
[20:41:10.054] [SEVERE ] updating countdown to 19989
[20:41:10.055] [SEVERE ] updating countdown to 20000
[20:41:10.065] [SEVERE ] updating countdown to 19990
[20:41:10.065] [SEVERE ] updating countdown to 20000
[20:41:10.076] [SEVERE ] updating countdown to 19989
[20:41:10.077] [SEVERE ] updating countdown to 20000
[20:41:10.087] [SEVERE ] updating countdown to 19990
[20:41:10.088] [SEVERE ] updating countdown to 20000
[20:41:10.101] [SEVERE ] updating countdown to 19987
[20:41:10.106] [SEVERE ] updating countdown to 20000
[20:41:10.116] [SEVERE ] updating countdown to 19990
[20:41:10.120] [SEVERE ] updating countdown to 20000
[20:41:10.131] [SEVERE ] updating countdown to 19989
[20:41:10.132] [SEVERE ] updating countdown to 20000
[20:41:10.143] [SEVERE ] updating countdown to 19989
[20:41:10.143] [SEVERE ] updating countdown to 20000
[20:41:10.154] [SEVERE ] updating countdown to 19989
[20:41:10.154] [SEVERE ] updating countdown to 20000
[20:41:10.165] [SEVERE ] updating countdown to 19989
[20:41:10.165] [SEVERE ] updating countdown to 20000
[20:41:10.176] [SEVERE ] updating countdown to 19989
[20:41:10.176] [SEVERE ] updating countdown to 20000
[20:41:10.187] [SEVERE ] updating countdown to 19989
[20:41:10.187] [SEVERE ] updating countdown to 20000
[20:41:10.197] [SEVERE ] updating countdown to 19990
[20:41:10.204] [SEVERE ] updating countdown to 20000
[20:41:10.215] [SEVERE ] updating countdown to 19989
[20:41:10.216] [SEVERE ] updating countdown to 20000
[20:41:10.226] [SEVERE ] updating countdown to 19990
[20:41:10.227] [SEVERE ] updating countdown to 20000
[20:41:10.238] [SEVERE ] updating countdown to 19989
[20:41:10.288] [SEVERE ] updating countdown to 20000
[20:41:10.300] [SEVERE ] updating countdown to 19988
[20:41:10.301] [SEVERE ] updating countdown to 20000
[20:41:10.311] [SEVERE ] updating countdown to 19990
[20:41:10.312] [SEVERE ] updating countdown to 20000
[20:41:10.323] [SEVERE ] updating countdown to 19989
[20:41:10.324] [SEVERE ] updating countdown to 20000
[20:41:10.334] [SEVERE ] updating countdown to 19990
[20:41:10.337] [SEVERE ] updating countdown to 20000
[20:41:10.352] [SEVERE ] updating countdown to 19985
[20:41:10.358] [SEVERE ] updating countdown to 20000
[20:41:10.372] [SEVERE ] updating countdown to 19986
[20:41:10.383] [SEVERE ] updating countdown to 20000
[20:41:10.394] [SEVERE ] updating countdown to 19989
[20:41:10.395] [SEVERE ] updating countdown to 20000
[20:41:10.406] [SEVERE ] updating countdown to 19989
[20:41:10.407] [SEVERE ] updating countdown to 20000
[20:41:10.418] [SEVERE ] updating countdown to 19989
[20:41:10.427] [SEVERE ] updating countdown to 20000
[20:41:10.440] [SEVERE ] updating countdown to 19987
[20:41:10.441] [SEVERE ] updating countdown to 20000
[20:41:10.451] [SEVERE ] updating countdown to 19990
[20:41:10.452] [SEVERE ] updating countdown to 20000
[20:41:10.464] [SEVERE ] updating countdown to 19988
[20:41:10.465] [SEVERE ] updating countdown to 20000
[20:41:10.477] [SEVERE ] updating countdown to 19988
[20:41:10.480] [SEVERE ] updating countdown to 20000
[20:41:10.492] [SEVERE ] updating countdown to 19988
[20:41:10.495] [SEVERE ] updating countdown to 20000
[20:41:10.506] [SEVERE ] updating countdown to 19989
[20:41:10.507] [SEVERE ] updating countdown to 20000
[20:41:10.518] [SEVERE ] updating countdown to 19989
[20:41:10.519] [SEVERE ] updating countdown to 20000
[20:41:10.530] [SEVERE ] updating countdown to 19989
[20:41:10.573] [SEVERE ] updating countdown to 20000
[20:41:10.585] [SEVERE ] updating countdown to 19988
[20:41:10.586] [SEVERE ] updating countdown to 20000
[20:41:10.597] [SEVERE ] updating countdown to 19989
[20:41:10.598] [SEVERE ] updating countdown to 20000
[20:41:10.609] [SEVERE ] updating countdown to 19989
[20:41:10.611] [SEVERE ] updating countdown to 20000
[20:41:10.624] [SEVERE ] updating countdown to 19987
[20:41:10.624] [SEVERE ] updating countdown to 20000
[20:41:10.635] [SEVERE ] updating countdown to 19989
[20:41:10.637] [SEVERE ] updating countdown to 20000
[20:41:10.668] [SEVERE ] updating countdown to 19969
[20:41:10.674] [SEVERE ] updating countdown to 20000
[20:41:10.686] [SEVERE ] updating countdown to 19988
[20:41:10.687] [SEVERE ] updating countdown to 20000
[20:41:10.698] [SEVERE ] updating countdown to 19989
[20:41:10.698] [SEVERE ] updating countdown to 20000
[20:41:10.709] [SEVERE ] updating countdown to 19989
[20:41:10.721] [SEVERE ] updating countdown to 20000
[20:41:10.740] [SEVERE ] updating countdown to 19981
[20:41:10.741] [SEVERE ] updating countdown to 20000
[20:41:10.751] [SEVERE ] updating countdown to 19990
[20:41:10.751] [SEVERE ] updating countdown to 20000
[20:41:10.762] [SEVERE ] updating countdown to 19989
[20:41:10.763] [SEVERE ] updating countdown to 20000
[20:41:10.774] [SEVERE ] updating countdown to 19989
[20:41:10.774] [SEVERE ] updating countdown to 20000
[20:41:10.785] [SEVERE ] updating countdown to 19989
[20:41:10.786] [SEVERE ] updating countdown to 20000
[20:41:10.797] [SEVERE ] updating countdown to 19989
[20:41:10.797] [SEVERE ] updating countdown to 20000
[20:41:10.808] [SEVERE ] updating countdown to 19989
[20:41:10.810] [SEVERE ] updating countdown to 20000
[20:41:10.821] [SEVERE ] updating countdown to 19989
[20:41:10.832] [SEVERE ] updating countdown to 20000
[20:41:10.863] [SEVERE ] updating countdown to 19969
[20:41:10.864] [SEVERE ] updating countdown to 20000
[20:41:10.878] [SEVERE ] updating countdown to 19986
[20:41:10.878] [SEVERE ] updating countdown to 20000
[20:41:10.889] [SEVERE ] updating countdown to 19989
[20:41:10.889] [SEVERE ] updating countdown to 20000
[20:41:10.900] [SEVERE ] updating countdown to 19989
[20:41:10.901] [SEVERE ] updating countdown to 20000
[20:41:10.911] [SEVERE ] updating countdown to 19990
[20:41:10.912] [SEVERE ] updating countdown to 20000
[20:41:10.923] [SEVERE ] updating countdown to 19989
[20:41:10.924] [SEVERE ] updating countdown to 20000
[20:41:10.935] [SEVERE ] updating countdown to 19989
[20:41:10.935] [SEVERE ] updating countdown to 20000
[20:41:10.946] [SEVERE ] updating countdown to 19989
[20:41:10.947] [SEVERE ] updating countdown to 20000
[20:41:10.957] [SEVERE ] updating countdown to 19990
[20:41:10.957] [SEVERE ] updating countdown to 20000
[20:41:10.968] [SEVERE ] updating countdown to 19989
[20:41:10.970] [SEVERE ] updating countdown to 20000
[20:41:10.984] [SEVERE ] updating countdown to 19986
[20:41:10.985] [SEVERE ] updating countdown to 20000
[20:41:10.997] [SEVERE ] updating countdown to 19988
[20:41:10.998] [SEVERE ] updating countdown to 20000
[20:41:11.009] [SEVERE ] updating countdown to 19989
[20:41:11.062] [SEVERE ] updating countdown to 20000
[20:41:11.074] [SEVERE ] updating countdown to 19988
[20:41:11.076] [SEVERE ] updating countdown to 20000
[20:41:11.087] [SEVERE ] updating countdown to 19989
[20:41:11.087] [SEVERE ] updating countdown to 20000
[20:41:11.097] [SEVERE ] updating countdown to 19990
[20:41:11.098] [SEVERE ] updating countdown to 20000
[20:41:11.108] [SEVERE ] updating countdown to 19990
[20:41:11.109] [SEVERE ] updating countdown to 20000
[20:41:11.119] [SEVERE ] updating countdown to 19990
[20:41:11.120] [SEVERE ] updating countdown to 20000
[20:41:11.130] [SEVERE ] updating countdown to 19990
[20:41:11.131] [SEVERE ] updating countdown to 20000
[20:41:11.141] [SEVERE ] updating countdown to 19990
[20:41:11.142] [SEVERE ] updating countdown to 20000
[20:41:11.153] [SEVERE ] updating countdown to 19989
[20:41:11.153] [SEVERE ] updating countdown to 20000
[20:41:11.164] [SEVERE ] updating countdown to 19989
[20:41:11.174] [SEVERE ] updating countdown to 20000
[20:41:11.191] [SEVERE ] updating countdown to 19983
[20:41:11.204] [SEVERE ] updating countdown to 20000
[20:41:11.214] [SEVERE ] updating countdown to 19990
[20:41:11.215] [SEVERE ] updating countdown to 20000
[20:41:11.226] [SEVERE ] updating countdown to 19989
[20:41:11.227] [SEVERE ] updating countdown to 20000
[20:41:11.237] [SEVERE ] updating countdown to 19990
[20:41:11.238] [SEVERE ] updating countdown to 20000
[20:41:11.249] [SEVERE ] updating countdown to 19989
[20:41:11.249] [SEVERE ] updating countdown to 20000
[20:41:11.260] [SEVERE ] updating countdown to 19989
[20:41:11.260] [SEVERE ] updating countdown to 20000
[20:41:11.271] [SEVERE ] updating countdown to 19989
[20:41:11.271] [SEVERE ] updating countdown to 20000
[20:41:11.282] [SEVERE ] updating countdown to 19989
[20:41:11.282] [SEVERE ] updating countdown to 20000
[20:41:11.294] [SEVERE ] updating countdown to 19988
[20:41:11.295] [SEVERE ] updating countdown to 20000
[20:41:11.305] [SEVERE ] updating countdown to 19990
[20:41:11.306] [SEVERE ] updating countdown to 20000
[20:41:11.317] [SEVERE ] updating countdown to 19989
[20:41:11.318] [SEVERE ] updating countdown to 20000
[20:41:11.328] [SEVERE ] updating countdown to 19990
[20:41:11.351] [SEVERE ] updating countdown to 20000
[20:41:11.362] [SEVERE ] updating countdown to 19989
[20:41:11.384] [SEVERE ] updating countdown to 20000
[20:41:11.395] [SEVERE ] updating countdown to 19989
[20:41:11.396] [SEVERE ] updating countdown to 20000
[20:41:11.406] [SEVERE ] updating countdown to 19990
[20:41:11.407] [SEVERE ] updating countdown to 20000
[20:41:11.417] [SEVERE ] updating countdown to 19990
[20:41:11.418] [SEVERE ] updating countdown to 20000
[20:41:11.428] [SEVERE ] updating countdown to 19990
[20:41:11.430] [SEVERE ] updating countdown to 20000
[20:41:11.441] [SEVERE ] updating countdown to 19989
[20:41:11.441] [SEVERE ] updating countdown to 20000
[20:41:11.452] [SEVERE ] updating countdown to 19989
[20:41:11.452] [SEVERE ] updating countdown to 20000
[20:41:11.463] [SEVERE ] updating countdown to 19989
[20:41:11.464] [SEVERE ] updating countdown to 20000
[20:41:11.474] [SEVERE ] updating countdown to 19990
[20:41:11.475] [SEVERE ] updating countdown to 20000
[20:41:11.486] [SEVERE ] updating countdown to 19989
[20:41:11.498] [SEVERE ] updating countdown to 20000
[20:41:11.510] [SEVERE ] updating countdown to 19988
[20:41:11.531] [SEVERE ] updating countdown to 20000
[20:41:11.542] [SEVERE ] updating countdown to 19989
[20:41:11.542] [SEVERE ] updating countdown to 20000
[20:41:11.553] [SEVERE ] updating countdown to 19989
[20:41:11.554] [SEVERE ] updating countdown to 20000
[20:41:11.565] [SEVERE ] updating countdown to 19989
[20:41:11.566] [SEVERE ] updating countdown to 20000
[20:41:11.577] [SEVERE ] updating countdown to 19989
[20:41:11.579] [SEVERE ] updating countdown to 20000
[20:41:11.590] [SEVERE ] updating countdown to 19989
[20:41:11.591] [SEVERE ] updating countdown to 20000
[20:41:11.601] [SEVERE ] updating countdown to 19990
[20:41:11.602] [SEVERE ] updating countdown to 20000
[20:41:11.614] [SEVERE ] updating countdown to 19988
[20:41:11.615] [SEVERE ] updating countdown to 20000
[20:41:11.627] [SEVERE ] updating countdown to 19988
[20:41:11.656] [SEVERE ] updating countdown to 20000
[20:41:11.689] [SEVERE ] updating countdown to 19967
[20:41:11.692] [SEVERE ] updating countdown to 20000
[20:41:11.703] [SEVERE ] updating countdown to 19989
[20:41:11.703] [SEVERE ] updating countdown to 20000
[20:41:11.714] [SEVERE ] updating countdown to 19989
[20:41:11.714] [SEVERE ] updating countdown to 20000
[20:41:11.725] [SEVERE ] updating countdown to 19989
[20:41:11.725] [SEVERE ] updating countdown to 20000
[20:41:11.736] [SEVERE ] updating countdown to 19989
[20:41:11.739] [SEVERE ] updating countdown to 20000
[20:41:11.751] [SEVERE ] updating countdown to 19988
[20:41:11.752] [SEVERE ] updating countdown to 20000
[20:41:11.763] [SEVERE ] updating countdown to 19989
