[21:23:26.597] [INFO   ] thread bguspl.set.Main.main() starting.
[21:23:26.609] [SEVERE ] cannot read configuration file config.properties trying from resources.
[21:23:26.640] [SEVERE ] configuration file was loaded from resources directory.
[21:23:27.781] [INFO   ] thread dealer starting.
[21:23:27.781] [INFO   ] thread dealer starting.
[21:23:27.888] [SEVERE ] placing card 17 in slot 0
[21:23:27.990] [SEVERE ] placing card 35 in slot 1
[21:23:28.091] [SEVERE ] placing card 41 in slot 2
[21:23:28.193] [SEVERE ] placing card 77 in slot 3
[21:23:28.294] [SEVERE ] placing card 70 in slot 4
[21:23:28.396] [SEVERE ] placing card 4 in slot 5
[21:23:28.498] [SEVERE ] placing card 11 in slot 6
[21:23:28.600] [SEVERE ] placing card 58 in slot 7
[21:23:28.701] [SEVERE ] placing card 25 in slot 8
[21:23:28.803] [SEVERE ] placing card 2 in slot 9
[21:23:28.904] [SEVERE ] placing card 34 in slot 10
[21:23:29.006] [SEVERE ] placing card 72 in slot 11
[21:23:29.032] [SEVERE ] updating countdown to 19975
[21:23:29.060] [SEVERE ] updating countdown to 19947
[21:23:29.087] [SEVERE ] updating countdown to 19920
[21:23:29.113] [SEVERE ] updating countdown to 19894
[21:23:29.139] [SEVERE ] updating countdown to 19868
[21:23:29.166] [SEVERE ] updating countdown to 19841
[21:23:29.196] [SEVERE ] updating countdown to 19811
[21:23:29.224] [SEVERE ] updating countdown to 19783
[21:23:29.251] [SEVERE ] updating countdown to 19756
[21:23:29.279] [SEVERE ] updating countdown to 19728
[21:23:29.308] [SEVERE ] updating countdown to 19699
[21:23:29.336] [SEVERE ] updating countdown to 19671
[21:23:29.364] [SEVERE ] updating countdown to 19643
[21:23:29.392] [SEVERE ] updating countdown to 19615
[21:23:29.418] [SEVERE ] updating countdown to 19589
[21:23:29.446] [SEVERE ] updating countdown to 19561
[21:23:29.475] [SEVERE ] updating countdown to 19532
[21:23:29.502] [SEVERE ] updating countdown to 19505
[21:23:29.528] [SEVERE ] updating countdown to 19479
[21:23:29.555] [SEVERE ] updating countdown to 19452
[21:23:29.582] [SEVERE ] updating countdown to 19425
[21:23:29.610] [SEVERE ] updating countdown to 19397
[21:23:29.636] [SEVERE ] updating countdown to 19371
[21:23:29.665] [SEVERE ] updating countdown to 19342
[21:23:29.693] [SEVERE ] updating countdown to 19314
[21:23:29.720] [SEVERE ] updating countdown to 19287
[21:23:29.746] [SEVERE ] updating countdown to 19261
[21:23:29.774] [SEVERE ] updating countdown to 19233
[21:23:29.803] [SEVERE ] updating countdown to 19204
[21:23:29.830] [SEVERE ] updating countdown to 19177
[21:23:29.860] [SEVERE ] updating countdown to 19147
[21:23:29.886] [SEVERE ] updating countdown to 19121
[21:23:29.914] [SEVERE ] updating countdown to 19094
[21:23:29.942] [SEVERE ] updating countdown to 19065
[21:23:29.969] [SEVERE ] updating countdown to 19038
[21:23:29.995] [SEVERE ] updating countdown to 19012
[21:23:30.021] [SEVERE ] updating countdown to 18986
[21:23:30.048] [SEVERE ] updating countdown to 18959
[21:23:30.074] [SEVERE ] updating countdown to 18933
[21:23:30.103] [SEVERE ] updating countdown to 18904
[21:23:30.130] [SEVERE ] updating countdown to 18877
[21:23:30.153] [SEVERE ] key 65 was pressed by player 1
[21:23:30.156] [SEVERE ] player 1 placing token on slot 4
[21:23:30.158] [SEVERE ] updating countdown to 18849
[21:23:30.188] [SEVERE ] updating countdown to 18819
[21:23:30.216] [SEVERE ] updating countdown to 18791
[21:23:30.244] [SEVERE ] updating countdown to 18763
[21:23:30.268] [SEVERE ] key 83 was pressed by player 1
[21:23:30.270] [SEVERE ] player 1 placing token on slot 5
[21:23:30.271] [SEVERE ] updating countdown to 18736
[21:23:30.305] [SEVERE ] updating countdown to 18702
[21:23:30.332] [SEVERE ] updating countdown to 18675
[21:23:30.361] [SEVERE ] updating countdown to 18646
[21:23:30.384] [SEVERE ] key 65 was pressed by player 1
[21:23:30.385] [SEVERE ] removing player 1 token from slot 4
[21:23:30.388] [SEVERE ] updating countdown to 18619
[21:23:30.414] [SEVERE ] updating countdown to 18593
[21:23:30.440] [SEVERE ] updating countdown to 18567
[21:23:30.468] [SEVERE ] updating countdown to 18539
[21:23:30.472] [SEVERE ] key 70 was pressed by player 1
[21:23:30.473] [SEVERE ] player 1 placing token on slot 7
[21:23:30.497] [SEVERE ] updating countdown to 18510
[21:23:30.525] [SEVERE ] updating countdown to 18482
[21:23:30.551] [SEVERE ] updating countdown to 18456
[21:23:30.577] [SEVERE ] updating countdown to 18430
[21:23:30.597] [SEVERE ] key 83 was pressed by player 1
[21:23:30.599] [SEVERE ] removing player 1 token from slot 5
[21:23:30.604] [SEVERE ] updating countdown to 18403
[21:23:30.630] [SEVERE ] updating countdown to 18377
[21:23:30.655] [SEVERE ] updating countdown to 18352
[21:23:30.682] [SEVERE ] updating countdown to 18325
[21:23:30.707] [SEVERE ] updating countdown to 18300
[21:23:30.727] [SEVERE ] key 82 was pressed by player 1
[21:23:30.728] [SEVERE ] player 1 placing token on slot 3
[21:23:30.733] [SEVERE ] updating countdown to 18274
[21:23:30.760] [SEVERE ] updating countdown to 18248
[21:23:30.786] [SEVERE ] updating countdown to 18221
[21:23:30.813] [SEVERE ] updating countdown to 18194
[21:23:30.842] [SEVERE ] updating countdown to 18165
[21:23:30.868] [SEVERE ] updating countdown to 18139
[21:23:30.896] [SEVERE ] updating countdown to 18111
[21:23:30.905] [SEVERE ] key 69 was pressed by player 1
[21:23:30.906] [SEVERE ] player 1 placing token on slot 2
[21:23:30.922] [SEVERE ] updating countdown to 18085
[21:23:30.948] [SEVERE ] updating countdown to 18059
[21:23:30.976] [SEVERE ] updating countdown to 18031
[21:23:31.006] [SEVERE ] updating countdown to 18001
[21:23:31.032] [SEVERE ] updating countdown to 17975
[21:23:31.059] [SEVERE ] updating countdown to 17949
[21:23:31.086] [SEVERE ] updating countdown to 17922
[21:23:31.114] [SEVERE ] updating countdown to 17893
[21:23:31.140] [SEVERE ] updating countdown to 17867
[21:23:31.169] [SEVERE ] updating countdown to 17838
[21:23:31.197] [SEVERE ] updating countdown to 17810
[21:23:31.225] [SEVERE ] updating countdown to 17782
[21:23:31.253] [SEVERE ] updating countdown to 17754
[21:23:31.280] [SEVERE ] updating countdown to 17727
[21:23:31.308] [SEVERE ] updating countdown to 17699
[21:23:31.334] [SEVERE ] updating countdown to 17673
[21:23:31.340] [SEVERE ] key 65 was pressed by player 1
[21:23:31.362] [SEVERE ] updating countdown to 17645
[21:23:31.387] [SEVERE ] updating countdown to 17620
[21:23:31.414] [SEVERE ] updating countdown to 17594
[21:23:31.442] [SEVERE ] updating countdown to 17565
[21:23:31.468] [SEVERE ] updating countdown to 17539
[21:23:31.494] [SEVERE ] updating countdown to 17513
[21:23:31.521] [SEVERE ] updating countdown to 17486
[21:23:31.548] [SEVERE ] updating countdown to 17459
[21:23:31.575] [SEVERE ] updating countdown to 17432
[21:23:31.603] [SEVERE ] updating countdown to 17404
[21:23:31.632] [SEVERE ] updating countdown to 17376
[21:23:31.659] [SEVERE ] updating countdown to 17348
[21:23:31.686] [SEVERE ] updating countdown to 17321
[21:23:31.713] [SEVERE ] updating countdown to 17294
[21:23:31.740] [SEVERE ] updating countdown to 17267
[21:23:31.767] [SEVERE ] updating countdown to 17241
[21:23:31.793] [SEVERE ] updating countdown to 17214
[21:23:31.820] [SEVERE ] updating countdown to 17187
[21:23:31.847] [SEVERE ] updating countdown to 17160
[21:23:31.876] [SEVERE ] updating countdown to 17131
[21:23:31.903] [SEVERE ] updating countdown to 17104
[21:23:31.931] [SEVERE ] updating countdown to 17076
[21:23:31.959] [SEVERE ] updating countdown to 17048
[21:23:31.985] [SEVERE ] updating countdown to 17022
[21:23:32.010] [SEVERE ] updating countdown to 16997
[21:23:32.036] [SEVERE ] updating countdown to 16971
[21:23:32.063] [SEVERE ] updating countdown to 16944
[21:23:32.089] [SEVERE ] updating countdown to 16918
[21:23:32.115] [SEVERE ] updating countdown to 16892
[21:23:32.141] [SEVERE ] updating countdown to 16866
[21:23:32.167] [SEVERE ] updating countdown to 16841
[21:23:32.193] [SEVERE ] updating countdown to 16814
[21:23:32.221] [SEVERE ] updating countdown to 16786
[21:23:32.248] [SEVERE ] updating countdown to 16759
[21:23:32.275] [SEVERE ] updating countdown to 16732
[21:23:32.301] [SEVERE ] updating countdown to 16706
[21:23:32.330] [SEVERE ] updating countdown to 16677
[21:23:32.359] [SEVERE ] updating countdown to 16648
[21:23:32.385] [SEVERE ] updating countdown to 16622
[21:23:32.411] [SEVERE ] updating countdown to 16596
[21:23:32.438] [SEVERE ] updating countdown to 16569
[21:23:32.466] [SEVERE ] updating countdown to 16542
[21:23:32.494] [SEVERE ] updating countdown to 16513
[21:23:32.522] [SEVERE ] updating countdown to 16485
[21:23:32.549] [SEVERE ] updating countdown to 16458
[21:23:32.577] [SEVERE ] updating countdown to 16430
[21:23:32.604] [SEVERE ] updating countdown to 16403
[21:23:32.632] [SEVERE ] updating countdown to 16375
[21:23:32.658] [SEVERE ] updating countdown to 16349
[21:23:32.686] [SEVERE ] updating countdown to 16321
[21:23:32.712] [SEVERE ] updating countdown to 16295
[21:23:32.738] [SEVERE ] updating countdown to 16269
[21:23:32.766] [SEVERE ] updating countdown to 16241
[21:23:32.792] [SEVERE ] updating countdown to 16215
[21:23:32.807] [SEVERE ] key 65 was pressed by player 1
[21:23:32.818] [SEVERE ] updating countdown to 16189
[21:23:32.844] [SEVERE ] updating countdown to 16163
[21:23:32.870] [SEVERE ] updating countdown to 16137
[21:23:32.896] [SEVERE ] updating countdown to 16111
[21:23:32.924] [SEVERE ] updating countdown to 16083
[21:23:32.952] [SEVERE ] updating countdown to 16055
[21:23:32.979] [SEVERE ] updating countdown to 16028
[21:23:33.007] [SEVERE ] updating countdown to 16000
[21:23:33.036] [SEVERE ] updating countdown to 15972
[21:23:33.063] [SEVERE ] updating countdown to 15944
[21:23:33.089] [SEVERE ] updating countdown to 15918
[21:23:33.115] [SEVERE ] updating countdown to 15892
[21:23:33.142] [SEVERE ] updating countdown to 15865
[21:23:33.168] [SEVERE ] updating countdown to 15839
[21:23:33.197] [SEVERE ] updating countdown to 15810
[21:23:33.217] [SEVERE ] key 65 was pressed by player 1
[21:23:33.226] [SEVERE ] updating countdown to 15781
[21:23:33.253] [SEVERE ] updating countdown to 15754
[21:23:33.280] [SEVERE ] updating countdown to 15728
[21:23:33.308] [SEVERE ] updating countdown to 15699
[21:23:33.334] [SEVERE ] updating countdown to 15673
[21:23:33.361] [SEVERE ] updating countdown to 15646
[21:23:33.389] [SEVERE ] updating countdown to 15618
[21:23:33.415] [SEVERE ] updating countdown to 15592
[21:23:33.441] [SEVERE ] updating countdown to 15566
[21:23:33.468] [SEVERE ] updating countdown to 15539
[21:23:33.497] [SEVERE ] updating countdown to 15510
[21:23:33.525] [SEVERE ] updating countdown to 15482
[21:23:33.552] [SEVERE ] updating countdown to 15455
[21:23:33.578] [SEVERE ] updating countdown to 15429
[21:23:33.606] [SEVERE ] updating countdown to 15401
[21:23:33.634] [SEVERE ] updating countdown to 15373
[21:23:33.661] [SEVERE ] updating countdown to 15346
[21:23:33.672] [SEVERE ] key 65 was pressed by player 1
[21:23:33.688] [SEVERE ] updating countdown to 15319
[21:23:33.714] [SEVERE ] updating countdown to 15293
[21:23:33.740] [SEVERE ] updating countdown to 15267
[21:23:33.767] [SEVERE ] updating countdown to 15241
[21:23:33.793] [SEVERE ] updating countdown to 15214
[21:23:33.822] [SEVERE ] updating countdown to 15185
[21:23:33.850] [SEVERE ] updating countdown to 15157
[21:23:33.876] [SEVERE ] updating countdown to 15131
[21:23:33.902] [SEVERE ] updating countdown to 15105
[21:23:33.927] [SEVERE ] updating countdown to 15080
[21:23:33.954] [SEVERE ] updating countdown to 15053
[21:23:33.980] [SEVERE ] updating countdown to 15027
[21:23:34.006] [SEVERE ] updating countdown to 15001
[21:23:34.032] [SEVERE ] updating countdown to 14975
[21:23:34.060] [SEVERE ] updating countdown to 14947
[21:23:34.086] [SEVERE ] updating countdown to 14921
[21:23:34.114] [SEVERE ] updating countdown to 14893
[21:23:34.140] [SEVERE ] updating countdown to 14867
[21:23:34.167] [SEVERE ] updating countdown to 14840
[21:23:34.197] [SEVERE ] updating countdown to 14810
[21:23:34.223] [SEVERE ] updating countdown to 14784
[21:23:34.251] [SEVERE ] updating countdown to 14756
[21:23:34.277] [SEVERE ] updating countdown to 14730
[21:23:34.303] [SEVERE ] updating countdown to 14704
[21:23:34.330] [SEVERE ] updating countdown to 14677
[21:23:34.356] [SEVERE ] updating countdown to 14651
[21:23:34.384] [SEVERE ] updating countdown to 14623
[21:23:34.410] [SEVERE ] updating countdown to 14597
[21:23:34.436] [SEVERE ] updating countdown to 14571
[21:23:34.463] [SEVERE ] updating countdown to 14544
[21:23:34.490] [SEVERE ] updating countdown to 14517
[21:23:34.518] [SEVERE ] updating countdown to 14489
[21:23:34.544] [SEVERE ] updating countdown to 14463
[21:23:34.571] [SEVERE ] updating countdown to 14436
[21:23:34.599] [SEVERE ] updating countdown to 14408
[21:23:34.626] [SEVERE ] updating countdown to 14381
[21:23:34.652] [SEVERE ] updating countdown to 14355
[21:23:34.672] [SEVERE ] key 65 was pressed by player 1
[21:23:34.679] [SEVERE ] updating countdown to 14328
[21:23:34.705] [SEVERE ] updating countdown to 14302
[21:23:34.732] [SEVERE ] updating countdown to 14275
[21:23:34.759] [SEVERE ] updating countdown to 14248
[21:23:34.786] [SEVERE ] updating countdown to 14221
[21:23:34.814] [SEVERE ] updating countdown to 14193
[21:23:34.842] [SEVERE ] updating countdown to 14165
[21:23:34.867] [SEVERE ] updating countdown to 14140
[21:23:34.893] [SEVERE ] updating countdown to 14114
[21:23:34.920] [SEVERE ] updating countdown to 14087
[21:23:34.935] [SEVERE ] key 65 was pressed by player 1
[21:23:34.946] [SEVERE ] updating countdown to 14061
[21:23:34.971] [SEVERE ] updating countdown to 14036
[21:23:34.997] [SEVERE ] updating countdown to 14010
[21:23:35.023] [SEVERE ] updating countdown to 13984
[21:23:35.050] [SEVERE ] updating countdown to 13957
[21:23:35.077] [SEVERE ] updating countdown to 13930
[21:23:35.103] [SEVERE ] updating countdown to 13904
[21:23:35.131] [SEVERE ] updating countdown to 13876
[21:23:35.158] [SEVERE ] updating countdown to 13849
[21:23:35.185] [SEVERE ] updating countdown to 13822
[21:23:35.211] [SEVERE ] updating countdown to 13796
[21:23:35.238] [SEVERE ] updating countdown to 13769
[21:23:35.249] [SEVERE ] key 65 was pressed by player 1
[21:23:35.264] [SEVERE ] updating countdown to 13743
[21:23:35.290] [SEVERE ] updating countdown to 13717
[21:23:35.317] [SEVERE ] updating countdown to 13690
[21:23:35.343] [SEVERE ] updating countdown to 13664
[21:23:35.370] [SEVERE ] updating countdown to 13637
[21:23:35.396] [SEVERE ] updating countdown to 13611
[21:23:35.423] [SEVERE ] updating countdown to 13584
[21:23:35.451] [SEVERE ] updating countdown to 13556
[21:23:35.477] [SEVERE ] updating countdown to 13530
[21:23:35.503] [SEVERE ] updating countdown to 13504
[21:23:35.511] [SEVERE ] key 65 was pressed by player 1
[21:23:35.530] [SEVERE ] updating countdown to 13477
[21:23:35.557] [SEVERE ] updating countdown to 13450
[21:23:35.584] [SEVERE ] updating countdown to 13423
[21:23:35.610] [SEVERE ] updating countdown to 13397
[21:23:35.636] [SEVERE ] updating countdown to 13371
[21:23:35.664] [SEVERE ] updating countdown to 13343
[21:23:35.691] [SEVERE ] updating countdown to 13316
[21:23:35.728] [SEVERE ] updating countdown to 13279
[21:23:35.732] [SEVERE ] key 65 was pressed by player 1
[21:23:35.755] [SEVERE ] updating countdown to 13252
[21:23:35.781] [SEVERE ] updating countdown to 13226
[21:23:35.807] [SEVERE ] updating countdown to 13200
[21:23:35.834] [SEVERE ] updating countdown to 13173
[21:23:35.860] [SEVERE ] updating countdown to 13147
[21:23:35.886] [SEVERE ] updating countdown to 13121
[21:23:35.913] [SEVERE ] updating countdown to 13094
[21:23:35.939] [SEVERE ] updating countdown to 13068
[21:23:35.966] [SEVERE ] updating countdown to 13041
[21:23:35.995] [SEVERE ] updating countdown to 13012
[21:23:36.021] [SEVERE ] updating countdown to 12986
[21:23:36.047] [SEVERE ] updating countdown to 12960
[21:23:36.073] [SEVERE ] updating countdown to 12934
[21:23:36.099] [SEVERE ] updating countdown to 12908
[21:23:36.127] [SEVERE ] updating countdown to 12880
[21:23:36.153] [SEVERE ] updating countdown to 12854
[21:23:36.181] [SEVERE ] updating countdown to 12826
[21:23:36.209] [SEVERE ] updating countdown to 12798
[21:23:36.236] [SEVERE ] key 75 was pressed by player 2
[21:23:36.238] [SEVERE ] player 2 placing token on slot 5
[21:23:36.236] [SEVERE ] updating countdown to 12771
[21:23:36.267] [SEVERE ] updating countdown to 12740
[21:23:36.293] [SEVERE ] updating countdown to 12714
[21:23:36.319] [SEVERE ] updating countdown to 12688
[21:23:36.346] [SEVERE ] updating countdown to 12661
[21:23:36.374] [SEVERE ] updating countdown to 12633
[21:23:36.401] [SEVERE ] updating countdown to 12606
[21:23:36.429] [SEVERE ] updating countdown to 12578
[21:23:36.456] [SEVERE ] updating countdown to 12551
[21:23:36.485] [SEVERE ] updating countdown to 12522
[21:23:36.513] [SEVERE ] updating countdown to 12494
[21:23:36.530] [SEVERE ] key 76 was pressed by player 2
[21:23:36.530] [SEVERE ] player 2 placing token on slot 6
[21:23:36.539] [SEVERE ] updating countdown to 12468
[21:23:36.566] [SEVERE ] updating countdown to 12441
[21:23:36.592] [SEVERE ] updating countdown to 12415
[21:23:36.618] [SEVERE ] updating countdown to 12389
[21:23:36.646] [SEVERE ] updating countdown to 12361
[21:23:36.673] [SEVERE ] updating countdown to 12334
[21:23:36.700] [SEVERE ] updating countdown to 12307
[21:23:36.727] [SEVERE ] updating countdown to 12280
[21:23:36.754] [SEVERE ] updating countdown to 12253
[21:23:36.784] [SEVERE ] updating countdown to 12223
[21:23:36.812] [SEVERE ] updating countdown to 12195
[21:23:36.838] [SEVERE ] updating countdown to 12169
[21:23:36.864] [SEVERE ] updating countdown to 12143
[21:23:36.891] [SEVERE ] updating countdown to 12116
[21:23:36.918] [SEVERE ] updating countdown to 12089
[21:23:36.944] [SEVERE ] updating countdown to 12063
[21:23:36.970] [SEVERE ] updating countdown to 12037
[21:23:36.995] [SEVERE ] updating countdown to 12012
[21:23:37.021] [SEVERE ] updating countdown to 11986
[21:23:37.047] [SEVERE ] updating countdown to 11960
[21:23:37.073] [SEVERE ] updating countdown to 11934
[21:23:37.099] [SEVERE ] updating countdown to 11908
[21:23:37.125] [SEVERE ] updating countdown to 11882
[21:23:37.150] [SEVERE ] updating countdown to 11857
[21:23:37.176] [SEVERE ] updating countdown to 11831
[21:23:37.179] [SEVERE ] key 59 was pressed by player 2
[21:23:37.181] [SEVERE ] player 2 placing token on slot 7
[21:23:37.203] [SEVERE ] updating countdown to 11804
[21:23:37.230] [SEVERE ] updating countdown to 11777
[21:23:37.257] [SEVERE ] updating countdown to 11750
[21:23:37.283] [SEVERE ] updating countdown to 11724
[21:23:37.310] [SEVERE ] updating countdown to 11697
[21:23:37.337] [SEVERE ] updating countdown to 11670
[21:23:37.363] [SEVERE ] updating countdown to 11644
[21:23:37.390] [SEVERE ] updating countdown to 11617
[21:23:37.418] [SEVERE ] updating countdown to 11589
[21:23:37.445] [SEVERE ] updating countdown to 11563
[21:23:37.472] [SEVERE ] updating countdown to 11535
[21:23:37.498] [SEVERE ] updating countdown to 11509
[21:23:37.527] [SEVERE ] updating countdown to 11480
[21:23:37.554] [SEVERE ] updating countdown to 11453
[21:23:37.582] [SEVERE ] updating countdown to 11425
[21:23:37.608] [SEVERE ] updating countdown to 11399
[21:23:37.634] [SEVERE ] updating countdown to 11373
[21:23:37.662] [SEVERE ] updating countdown to 11345
[21:23:37.689] [SEVERE ] updating countdown to 11318
[21:23:37.717] [SEVERE ] updating countdown to 11290
[21:23:37.743] [SEVERE ] updating countdown to 11264
[21:23:37.769] [SEVERE ] updating countdown to 11238
[21:23:37.796] [SEVERE ] updating countdown to 11211
[21:23:37.822] [SEVERE ] updating countdown to 11185
[21:23:37.850] [SEVERE ] updating countdown to 11157
[21:23:37.878] [SEVERE ] updating countdown to 11129
[21:23:37.906] [SEVERE ] updating countdown to 11101
[21:23:37.931] [SEVERE ] updating countdown to 11076
[21:23:37.957] [SEVERE ] updating countdown to 11050
[21:23:37.985] [SEVERE ] updating countdown to 11022
[21:23:38.011] [SEVERE ] updating countdown to 10996
[21:23:38.037] [SEVERE ] updating countdown to 10970
[21:23:38.064] [SEVERE ] updating countdown to 10943
[21:23:38.090] [SEVERE ] updating countdown to 10917
[21:23:38.118] [SEVERE ] updating countdown to 10889
[21:23:38.147] [SEVERE ] updating countdown to 10860
[21:23:38.176] [SEVERE ] updating countdown to 10831
[21:23:38.203] [SEVERE ] updating countdown to 10804
[21:23:38.230] [SEVERE ] updating countdown to 10777
[21:23:38.256] [SEVERE ] updating countdown to 10751
[21:23:38.284] [SEVERE ] updating countdown to 10723
[21:23:38.312] [SEVERE ] updating countdown to 10695
[21:23:38.340] [SEVERE ] updating countdown to 10667
[21:23:38.366] [SEVERE ] updating countdown to 10641
[21:23:38.393] [SEVERE ] updating countdown to 10614
[21:23:38.419] [SEVERE ] updating countdown to 10588
[21:23:38.445] [SEVERE ] updating countdown to 10562
[21:23:38.472] [SEVERE ] updating countdown to 10535
[21:23:38.500] [SEVERE ] updating countdown to 10507
[21:23:38.526] [SEVERE ] updating countdown to 10481
[21:23:38.552] [SEVERE ] updating countdown to 10455
[21:23:38.579] [SEVERE ] updating countdown to 10428
[21:23:38.606] [SEVERE ] updating countdown to 10401
[21:23:38.632] [SEVERE ] updating countdown to 10375
[21:23:38.659] [SEVERE ] updating countdown to 10348
[21:23:38.688] [SEVERE ] updating countdown to 10319
[21:23:38.715] [SEVERE ] updating countdown to 10292
[21:23:38.741] [SEVERE ] updating countdown to 10266
[21:23:38.769] [SEVERE ] updating countdown to 10238
[21:23:38.796] [SEVERE ] updating countdown to 10211
[21:23:38.822] [SEVERE ] updating countdown to 10185
[21:23:38.850] [SEVERE ] updating countdown to 10157
[21:23:38.878] [SEVERE ] updating countdown to 10129
[21:23:38.904] [SEVERE ] updating countdown to 10103
[21:23:38.931] [SEVERE ] updating countdown to 10076
[21:23:38.958] [SEVERE ] updating countdown to 10049
[21:23:38.984] [SEVERE ] updating countdown to 10023
[21:23:39.011] [SEVERE ] updating countdown to 9996
[21:23:39.037] [SEVERE ] updating countdown to 9970
[21:23:39.065] [SEVERE ] updating countdown to 9942
[21:23:39.092] [SEVERE ] updating countdown to 9915
[21:23:39.119] [SEVERE ] updating countdown to 9888
[21:23:39.147] [SEVERE ] updating countdown to 9860
[21:23:39.173] [SEVERE ] updating countdown to 9834
[21:23:39.200] [SEVERE ] updating countdown to 9807
[21:23:39.226] [SEVERE ] updating countdown to 9781
[21:23:39.251] [SEVERE ] updating countdown to 9756
[21:23:39.277] [SEVERE ] updating countdown to 9730
[21:23:39.303] [SEVERE ] updating countdown to 9704
[21:23:39.329] [SEVERE ] updating countdown to 9678
[21:23:39.356] [SEVERE ] updating countdown to 9651
[21:23:39.383] [SEVERE ] updating countdown to 9624
[21:23:39.410] [SEVERE ] updating countdown to 9597
[21:23:39.439] [SEVERE ] updating countdown to 9568
[21:23:39.468] [SEVERE ] updating countdown to 9539
[21:23:39.495] [SEVERE ] updating countdown to 9512
[21:23:39.521] [SEVERE ] updating countdown to 9486
[21:23:39.548] [SEVERE ] updating countdown to 9459
[21:23:39.575] [SEVERE ] updating countdown to 9432
[21:23:39.592] [SEVERE ] key 75 was pressed by player 2
[21:23:39.594] [SEVERE ] removing player 2 token from slot 5
[21:23:39.602] [SEVERE ] updating countdown to 9405
[21:23:39.629] [SEVERE ] updating countdown to 9378
[21:23:39.656] [SEVERE ] updating countdown to 9351
[21:23:39.682] [SEVERE ] updating countdown to 9325
[21:23:39.710] [SEVERE ] updating countdown to 9297
[21:23:39.736] [SEVERE ] updating countdown to 9271
[21:23:39.763] [SEVERE ] updating countdown to 9244
[21:23:39.791] [SEVERE ] updating countdown to 9216
[21:23:39.818] [SEVERE ] updating countdown to 9189
[21:23:39.844] [SEVERE ] updating countdown to 9163
[21:23:39.870] [SEVERE ] updating countdown to 9137
[21:23:39.896] [SEVERE ] updating countdown to 9111
[21:23:39.923] [SEVERE ] updating countdown to 9085
[21:23:39.951] [SEVERE ] updating countdown to 9057
[21:23:39.978] [SEVERE ] updating countdown to 9029
[21:23:40.004] [SEVERE ] updating countdown to 9003
[21:23:40.032] [SEVERE ] updating countdown to 8975
[21:23:40.060] [SEVERE ] updating countdown to 8947
[21:23:40.086] [SEVERE ] updating countdown to 8921
[21:23:40.114] [SEVERE ] updating countdown to 8893
[21:23:40.141] [SEVERE ] updating countdown to 8866
[21:23:40.169] [SEVERE ] updating countdown to 8838
[21:23:40.195] [SEVERE ] updating countdown to 8812
[21:23:40.222] [SEVERE ] updating countdown to 8785
[21:23:40.248] [SEVERE ] updating countdown to 8759
[21:23:40.274] [SEVERE ] updating countdown to 8733
[21:23:40.301] [SEVERE ] updating countdown to 8707
[21:23:40.330] [SEVERE ] updating countdown to 8677
[21:23:40.356] [SEVERE ] updating countdown to 8651
[21:23:40.382] [SEVERE ] updating countdown to 8625
[21:23:40.408] [SEVERE ] updating countdown to 8599
[21:23:40.434] [SEVERE ] updating countdown to 8573
[21:23:40.460] [SEVERE ] updating countdown to 8547
[21:23:40.487] [SEVERE ] updating countdown to 8520
[21:23:40.515] [SEVERE ] updating countdown to 8492
[21:23:40.542] [SEVERE ] updating countdown to 8465
[21:23:40.568] [SEVERE ] updating countdown to 8439
[21:23:40.596] [SEVERE ] updating countdown to 8411
[21:23:40.623] [SEVERE ] updating countdown to 8384
[21:23:40.651] [SEVERE ] updating countdown to 8356
[21:23:40.679] [SEVERE ] updating countdown to 8328
[21:23:40.706] [SEVERE ] updating countdown to 8301
[21:23:40.731] [SEVERE ] updating countdown to 8276
[21:23:40.757] [SEVERE ] updating countdown to 8250
[21:23:40.784] [SEVERE ] updating countdown to 8223
[21:23:40.810] [SEVERE ] updating countdown to 8197
[21:23:40.836] [SEVERE ] updating countdown to 8171
[21:23:40.862] [SEVERE ] updating countdown to 8145
[21:23:40.888] [SEVERE ] updating countdown to 8119
[21:23:40.913] [SEVERE ] updating countdown to 8094
[21:23:40.939] [SEVERE ] updating countdown to 8068
[21:23:40.964] [SEVERE ] updating countdown to 8043
[21:23:40.990] [SEVERE ] updating countdown to 8017
[21:23:41.016] [SEVERE ] updating countdown to 7991
[21:23:41.039] [SEVERE ] key 81 was pressed by player 1
[21:23:41.042] [SEVERE ] updating countdown to 7965
[21:23:41.067] [SEVERE ] updating countdown to 7940
[21:23:41.094] [SEVERE ] updating countdown to 7913
[21:23:41.120] [SEVERE ] updating countdown to 7887
[21:23:41.145] [SEVERE ] updating countdown to 7862
[21:23:41.171] [SEVERE ] updating countdown to 7836
[21:23:41.197] [SEVERE ] updating countdown to 7810
[21:23:41.223] [SEVERE ] updating countdown to 7784
[21:23:41.249] [SEVERE ] updating countdown to 7758
[21:23:41.274] [SEVERE ] updating countdown to 7733
[21:23:41.300] [SEVERE ] updating countdown to 7707
[21:23:41.326] [SEVERE ] updating countdown to 7681
[21:23:41.352] [SEVERE ] updating countdown to 7655
[21:23:41.377] [SEVERE ] updating countdown to 7630
[21:23:41.403] [SEVERE ] updating countdown to 7604
[21:23:41.415] [SEVERE ] key 87 was pressed by player 1
[21:23:41.428] [SEVERE ] updating countdown to 7579
[21:23:41.454] [SEVERE ] updating countdown to 7553
[21:23:41.480] [SEVERE ] updating countdown to 7527
[21:23:41.506] [SEVERE ] updating countdown to 7501
[21:23:41.532] [SEVERE ] updating countdown to 7475
[21:23:41.558] [SEVERE ] updating countdown to 7449
[21:23:41.585] [SEVERE ] updating countdown to 7422
[21:23:41.611] [SEVERE ] updating countdown to 7396
[21:23:41.638] [SEVERE ] updating countdown to 7369
[21:23:41.665] [SEVERE ] updating countdown to 7342
[21:23:41.693] [SEVERE ] updating countdown to 7314
[21:23:41.720] [SEVERE ] updating countdown to 7287
[21:23:41.747] [SEVERE ] updating countdown to 7260
[21:23:41.774] [SEVERE ] updating countdown to 7233
[21:23:41.802] [SEVERE ] updating countdown to 7205
[21:23:41.830] [SEVERE ] updating countdown to 7177
[21:23:41.857] [SEVERE ] updating countdown to 7150
[21:23:41.884] [SEVERE ] updating countdown to 7123
[21:23:41.911] [SEVERE ] updating countdown to 7096
[21:23:41.933] [SEVERE ] key 83 was pressed by player 1
[21:23:41.938] [SEVERE ] updating countdown to 7069
[21:23:41.966] [SEVERE ] updating countdown to 7041
[21:23:41.993] [SEVERE ] updating countdown to 7014
[21:23:42.020] [SEVERE ] updating countdown to 6987
[21:23:42.046] [SEVERE ] updating countdown to 6961
[21:23:42.071] [SEVERE ] updating countdown to 6936
[21:23:42.097] [SEVERE ] updating countdown to 6910
[21:23:42.123] [SEVERE ] updating countdown to 6884
[21:23:42.149] [SEVERE ] updating countdown to 6858
[21:23:42.176] [SEVERE ] updating countdown to 6831
[21:23:42.203] [SEVERE ] updating countdown to 6804
[21:23:42.229] [SEVERE ] updating countdown to 6778
[21:23:42.255] [SEVERE ] updating countdown to 6752
[21:23:42.281] [SEVERE ] updating countdown to 6726
[21:23:42.308] [SEVERE ] updating countdown to 6699
[21:23:42.315] [SEVERE ] key 65 was pressed by player 1
[21:23:42.335] [SEVERE ] updating countdown to 6672
[21:23:42.363] [SEVERE ] updating countdown to 6644
[21:23:42.390] [SEVERE ] updating countdown to 6617
[21:23:42.416] [SEVERE ] updating countdown to 6591
[21:23:42.442] [SEVERE ] updating countdown to 6565
[21:23:42.469] [SEVERE ] updating countdown to 6538
[21:23:42.496] [SEVERE ] updating countdown to 6511
[21:23:42.524] [SEVERE ] updating countdown to 6483
[21:23:42.552] [SEVERE ] updating countdown to 6455
[21:23:42.579] [SEVERE ] updating countdown to 6428
[21:23:42.605] [SEVERE ] updating countdown to 6402
[21:23:42.632] [SEVERE ] updating countdown to 6375
[21:23:42.660] [SEVERE ] updating countdown to 6347
[21:23:42.686] [SEVERE ] updating countdown to 6321
[21:23:42.704] [SEVERE ] key 83 was pressed by player 1
[21:23:42.712] [SEVERE ] updating countdown to 6295
[21:23:42.738] [SEVERE ] updating countdown to 6269
[21:23:42.764] [SEVERE ] updating countdown to 6243
[21:23:42.793] [SEVERE ] updating countdown to 6214
[21:23:42.819] [SEVERE ] updating countdown to 6188
[21:23:42.845] [SEVERE ] updating countdown to 6162
[21:23:42.871] [SEVERE ] updating countdown to 6136
[21:23:42.900] [SEVERE ] updating countdown to 6107
[21:23:42.926] [SEVERE ] updating countdown to 6081
[21:23:42.953] [SEVERE ] updating countdown to 6054
[21:23:42.981] [SEVERE ] updating countdown to 6026
[21:23:43.008] [SEVERE ] updating countdown to 5999
[21:23:43.035] [SEVERE ] updating countdown to 5972
[21:23:43.062] [SEVERE ] updating countdown to 5945
[21:23:43.089] [SEVERE ] updating countdown to 5918
[21:23:43.117] [SEVERE ] updating countdown to 5890
[21:23:43.143] [SEVERE ] key 68 was pressed by player 1
[21:23:43.144] [SEVERE ] updating countdown to 5863
[21:23:43.171] [SEVERE ] updating countdown to 5836
[21:23:43.197] [SEVERE ] updating countdown to 5810
[21:23:43.225] [SEVERE ] updating countdown to 5782
[21:23:43.252] [SEVERE ] updating countdown to 5755
[21:23:43.280] [SEVERE ] updating countdown to 5727
[21:23:43.306] [SEVERE ] updating countdown to 5701
[21:23:43.333] [SEVERE ] updating countdown to 5674
[21:23:43.361] [SEVERE ] updating countdown to 5646
[21:23:43.387] [SEVERE ] updating countdown to 5620
[21:23:43.414] [SEVERE ] updating countdown to 5593
[21:23:43.440] [SEVERE ] updating countdown to 5567
[21:23:43.466] [SEVERE ] updating countdown to 5541
[21:23:43.491] [SEVERE ] updating countdown to 5516
[21:23:43.517] [SEVERE ] updating countdown to 5490
[21:23:43.542] [SEVERE ] updating countdown to 5465
[21:23:43.568] [SEVERE ] updating countdown to 5439
[21:23:43.594] [SEVERE ] updating countdown to 5413
[21:23:43.621] [SEVERE ] updating countdown to 5386
[21:23:43.648] [SEVERE ] updating countdown to 5359
[21:23:43.674] [SEVERE ] updating countdown to 5333
[21:23:43.688] [SEVERE ] key 65 was pressed by player 1
[21:23:43.701] [SEVERE ] updating countdown to 5306
[21:23:43.727] [SEVERE ] updating countdown to 5280
[21:23:43.753] [SEVERE ] updating countdown to 5254
[21:23:43.779] [SEVERE ] updating countdown to 5228
[21:23:43.806] [SEVERE ] updating countdown to 5201
[21:23:43.832] [SEVERE ] updating countdown to 5175
[21:23:43.858] [SEVERE ] updating countdown to 5149
[21:23:43.884] [SEVERE ] updating countdown to 5123
[21:23:43.911] [SEVERE ] updating countdown to 5096
[21:23:43.938] [SEVERE ] updating countdown to 5069
[21:23:43.966] [SEVERE ] updating countdown to 5041
[21:23:43.994] [SEVERE ] updating countdown to 5013
[21:23:44.087] [SEVERE ] key 65 was pressed by player 1
[21:23:46.007] [SEVERE ] updating countdown to 3000
[21:23:49.122] [SEVERE ] removing card from slot 0
[21:23:49.223] [SEVERE ] removing card from slot 1
[21:23:49.324] [SEVERE ] removing player 1 token from slot 2
[21:23:49.325] [SEVERE ] removing card from slot 2
[21:23:49.426] [SEVERE ] removing player 1 token from slot 3
[21:23:49.428] [SEVERE ] removing card from slot 3
[21:23:49.529] [SEVERE ] removing card from slot 4
[21:23:49.630] [SEVERE ] removing card from slot 5
[21:23:49.732] [SEVERE ] removing player 2 token from slot 6
[21:23:49.733] [SEVERE ] removing card from slot 6
[21:23:49.835] [SEVERE ] removing player 1 token from slot 7
[21:23:49.835] [SEVERE ] removing player 2 token from slot 7
[21:23:49.835] [SEVERE ] removing card from slot 7
[21:23:49.936] [SEVERE ] removing card from slot 8
[21:23:50.037] [SEVERE ] removing card from slot 9
[21:23:50.138] [SEVERE ] removing card from slot 10
[21:23:50.240] [SEVERE ] removing card from slot 11
[21:23:50.348] [SEVERE ] placing card 53 in slot 0
[21:23:50.449] [SEVERE ] placing card 1 in slot 1
[21:23:50.551] [SEVERE ] placing card 21 in slot 2
[21:23:50.653] [SEVERE ] placing card 38 in slot 3
[21:23:50.754] [SEVERE ] placing card 48 in slot 4
[21:23:50.855] [SEVERE ] placing card 27 in slot 5
[21:23:50.956] [SEVERE ] placing card 46 in slot 6
[21:23:51.058] [SEVERE ] placing card 40 in slot 7
[21:23:51.160] [SEVERE ] placing card 61 in slot 8
[21:23:51.261] [SEVERE ] placing card 49 in slot 9
[21:23:51.364] [SEVERE ] placing card 64 in slot 10
[21:23:51.467] [SEVERE ] placing card 33 in slot 11
[21:23:51.495] [SEVERE ] updating countdown to 19974
[21:23:51.523] [SEVERE ] updating countdown to 19946
[21:23:51.551] [SEVERE ] updating countdown to 19918
[21:23:51.577] [SEVERE ] updating countdown to 19892
[21:23:51.603] [SEVERE ] updating countdown to 19866
[21:23:51.629] [SEVERE ] updating countdown to 19840
[21:23:51.656] [SEVERE ] updating countdown to 19813
[21:23:51.683] [SEVERE ] updating countdown to 19786
[21:23:51.710] [SEVERE ] updating countdown to 19759
[21:23:51.737] [SEVERE ] updating countdown to 19732
[21:23:51.764] [SEVERE ] updating countdown to 19705
[21:23:51.791] [SEVERE ] updating countdown to 19678
[21:23:51.818] [SEVERE ] updating countdown to 19651
[21:23:51.845] [SEVERE ] updating countdown to 19624
[21:23:51.872] [SEVERE ] updating countdown to 19597
[21:23:51.899] [SEVERE ] updating countdown to 19570
[21:23:51.927] [SEVERE ] updating countdown to 19542
[21:23:51.952] [SEVERE ] updating countdown to 19517
[21:23:51.979] [SEVERE ] updating countdown to 19490
[21:23:52.004] [SEVERE ] updating countdown to 19465
[21:23:52.030] [SEVERE ] updating countdown to 19439
[21:23:52.056] [SEVERE ] updating countdown to 19413
[21:23:52.082] [SEVERE ] updating countdown to 19387
[21:23:52.107] [SEVERE ] updating countdown to 19362
[21:23:52.133] [SEVERE ] updating countdown to 19336
[21:23:52.158] [SEVERE ] updating countdown to 19311
[21:23:52.184] [SEVERE ] updating countdown to 19285
[21:23:52.210] [SEVERE ] updating countdown to 19259
[21:23:52.235] [SEVERE ] updating countdown to 19234
[21:23:52.261] [SEVERE ] updating countdown to 19208
[21:23:52.286] [SEVERE ] updating countdown to 19183
[21:23:52.313] [SEVERE ] updating countdown to 19156
[21:23:52.339] [SEVERE ] updating countdown to 19130
[21:23:52.364] [SEVERE ] updating countdown to 19105
[21:23:52.390] [SEVERE ] updating countdown to 19079
[21:23:52.416] [SEVERE ] updating countdown to 19053
[21:23:52.442] [SEVERE ] updating countdown to 19027
[21:23:52.468] [SEVERE ] updating countdown to 19001
[21:23:52.493] [SEVERE ] updating countdown to 18976
[21:23:52.519] [SEVERE ] updating countdown to 18950
[21:23:52.545] [SEVERE ] updating countdown to 18924
[21:23:52.570] [SEVERE ] updating countdown to 18899
[21:23:52.596] [SEVERE ] updating countdown to 18873
[21:23:52.622] [SEVERE ] updating countdown to 18847
[21:23:52.649] [SEVERE ] updating countdown to 18820
[21:23:52.663] [SEVERE ] key 65 was pressed by player 1
[21:23:52.674] [SEVERE ] updating countdown to 18795
[21:23:52.700] [SEVERE ] updating countdown to 18769
[21:23:52.726] [SEVERE ] updating countdown to 18743
[21:23:52.751] [SEVERE ] updating countdown to 18718
[21:23:52.777] [SEVERE ] updating countdown to 18692
[21:23:52.803] [SEVERE ] updating countdown to 18666
[21:23:52.828] [SEVERE ] updating countdown to 18641
[21:23:52.854] [SEVERE ] updating countdown to 18615
[21:23:52.879] [SEVERE ] updating countdown to 18590
[21:23:52.905] [SEVERE ] updating countdown to 18564
[21:23:52.933] [SEVERE ] updating countdown to 18536
[21:23:52.959] [SEVERE ] updating countdown to 18510
[21:23:52.986] [SEVERE ] updating countdown to 18483
[21:23:53.012] [SEVERE ] updating countdown to 18457
[21:23:53.038] [SEVERE ] updating countdown to 18431
[21:23:53.064] [SEVERE ] updating countdown to 18405
[21:23:53.090] [SEVERE ] updating countdown to 18379
[21:23:53.118] [SEVERE ] updating countdown to 18351
[21:23:53.146] [SEVERE ] updating countdown to 18323
[21:23:53.172] [SEVERE ] updating countdown to 18297
[21:23:53.197] [SEVERE ] updating countdown to 18272
[21:23:53.224] [SEVERE ] updating countdown to 18245
[21:23:53.250] [SEVERE ] updating countdown to 18219
[21:23:53.276] [SEVERE ] updating countdown to 18193
[21:23:53.301] [SEVERE ] updating countdown to 18168
[21:23:53.328] [SEVERE ] updating countdown to 18141
[21:23:53.355] [SEVERE ] updating countdown to 18114
[21:23:53.381] [SEVERE ] updating countdown to 18088
[21:23:53.406] [SEVERE ] updating countdown to 18063
[21:23:53.431] [SEVERE ] updating countdown to 18038
[21:23:53.457] [SEVERE ] updating countdown to 18012
[21:23:53.482] [SEVERE ] updating countdown to 17987
[21:23:53.509] [SEVERE ] updating countdown to 17960
[21:23:53.534] [SEVERE ] updating countdown to 17935
[21:23:53.560] [SEVERE ] updating countdown to 17909
[21:23:53.586] [SEVERE ] updating countdown to 17883
[21:23:53.612] [SEVERE ] updating countdown to 17857
[21:23:53.637] [SEVERE ] updating countdown to 17832
[21:23:53.663] [SEVERE ] updating countdown to 17806
[21:23:53.689] [SEVERE ] updating countdown to 17780
[21:23:53.715] [SEVERE ] updating countdown to 17754
[21:23:53.741] [SEVERE ] updating countdown to 17728
[21:23:53.766] [SEVERE ] updating countdown to 17703
[21:23:53.792] [SEVERE ] updating countdown to 17677
[21:23:53.817] [SEVERE ] updating countdown to 17652
[21:23:53.831] [SEVERE ] key 65 was pressed by player 1
[21:23:53.843] [SEVERE ] updating countdown to 17626
[21:23:53.868] [SEVERE ] updating countdown to 17601
[21:23:53.894] [SEVERE ] updating countdown to 17575
[21:23:53.921] [SEVERE ] updating countdown to 17548
[21:23:53.946] [SEVERE ] updating countdown to 17523
[21:23:53.972] [SEVERE ] updating countdown to 17497
[21:23:53.997] [SEVERE ] updating countdown to 17472
[21:23:54.023] [SEVERE ] updating countdown to 17446
[21:23:54.048] [SEVERE ] updating countdown to 17421
[21:23:54.074] [SEVERE ] updating countdown to 17395
[21:23:54.099] [SEVERE ] updating countdown to 17370
[21:23:54.119] [SEVERE ] key 65 was pressed by player 1
[21:23:54.125] [SEVERE ] updating countdown to 17344
[21:23:54.151] [SEVERE ] updating countdown to 17318
[21:23:54.176] [SEVERE ] updating countdown to 17293
[21:23:54.202] [SEVERE ] updating countdown to 17267
[21:23:54.228] [SEVERE ] updating countdown to 17241
[21:23:54.254] [SEVERE ] updating countdown to 17215
[21:23:54.282] [SEVERE ] updating countdown to 17187
[21:23:54.308] [SEVERE ] updating countdown to 17161
[21:23:54.334] [SEVERE ] updating countdown to 17135
[21:23:54.343] [SEVERE ] key 65 was pressed by player 1
[21:23:54.361] [SEVERE ] updating countdown to 17108
[21:23:54.388] [SEVERE ] updating countdown to 17081
[21:23:54.414] [SEVERE ] updating countdown to 17055
[21:23:54.440] [SEVERE ] updating countdown to 17029
[21:23:54.467] [SEVERE ] updating countdown to 17002
[21:23:54.494] [SEVERE ] updating countdown to 16975
[21:23:54.521] [SEVERE ] updating countdown to 16948
[21:23:54.548] [SEVERE ] updating countdown to 16921
[21:23:54.569] [SEVERE ] key 83 was pressed by player 1
[21:23:54.574] [SEVERE ] updating countdown to 16895
[21:23:54.600] [SEVERE ] updating countdown to 16869
[21:23:54.627] [SEVERE ] updating countdown to 16842
[21:23:54.654] [SEVERE ] updating countdown to 16815
[21:23:54.681] [SEVERE ] updating countdown to 16788
[21:23:54.708] [SEVERE ] updating countdown to 16761
[21:23:54.734] [SEVERE ] updating countdown to 16735
[21:23:54.760] [SEVERE ] updating countdown to 16709
[21:23:54.788] [SEVERE ] updating countdown to 16681
[21:23:54.815] [SEVERE ] updating countdown to 16654
[21:23:54.819] [SEVERE ] key 83 was pressed by player 1
[21:23:54.843] [SEVERE ] updating countdown to 16626
[21:23:54.869] [SEVERE ] updating countdown to 16600
[21:23:54.895] [SEVERE ] updating countdown to 16574
[21:23:54.923] [SEVERE ] updating countdown to 16546
[21:23:54.950] [SEVERE ] updating countdown to 16519
[21:23:54.978] [SEVERE ] updating countdown to 16491
[21:23:55.005] [SEVERE ] updating countdown to 16464
[21:23:55.031] [SEVERE ] updating countdown to 16438
[21:23:55.058] [SEVERE ] updating countdown to 16411
[21:23:55.086] [SEVERE ] updating countdown to 16383
[21:23:55.113] [SEVERE ] updating countdown to 16356
[21:23:55.140] [SEVERE ] updating countdown to 16329
[21:23:55.166] [SEVERE ] updating countdown to 16303
[21:23:55.192] [SEVERE ] updating countdown to 16277
[21:23:55.217] [SEVERE ] updating countdown to 16252
[21:23:55.244] [SEVERE ] updating countdown to 16225
[21:23:55.270] [SEVERE ] updating countdown to 16199
[21:23:55.295] [SEVERE ] updating countdown to 16174
[21:23:55.323] [SEVERE ] updating countdown to 16146
[21:23:55.350] [SEVERE ] updating countdown to 16119
[21:23:55.378] [SEVERE ] updating countdown to 16091
[21:23:55.404] [SEVERE ] updating countdown to 16065
[21:23:55.430] [SEVERE ] updating countdown to 16039
[21:23:55.456] [SEVERE ] updating countdown to 16013
[21:23:55.482] [SEVERE ] updating countdown to 15987
[21:23:55.507] [SEVERE ] updating countdown to 15962
[21:23:55.533] [SEVERE ] updating countdown to 15936
[21:23:55.559] [SEVERE ] updating countdown to 15910
[21:23:55.586] [SEVERE ] updating countdown to 15883
[21:23:55.614] [SEVERE ] updating countdown to 15856
[21:23:55.640] [SEVERE ] updating countdown to 15829
[21:23:55.667] [SEVERE ] updating countdown to 15802
[21:23:55.693] [SEVERE ] updating countdown to 15776
[21:23:55.719] [SEVERE ] updating countdown to 15750
[21:23:55.745] [SEVERE ] updating countdown to 15724
[21:23:55.774] [SEVERE ] updating countdown to 15695
[21:23:55.799] [SEVERE ] updating countdown to 15670
[21:23:55.825] [SEVERE ] updating countdown to 15644
[21:23:55.851] [SEVERE ] updating countdown to 15618
[21:23:55.878] [SEVERE ] updating countdown to 15591
[21:23:55.905] [SEVERE ] updating countdown to 15564
[21:23:55.932] [SEVERE ] updating countdown to 15537
[21:23:55.958] [SEVERE ] updating countdown to 15511
[21:23:55.984] [SEVERE ] updating countdown to 15485
[21:23:56.010] [SEVERE ] updating countdown to 15459
[21:23:56.023] [SEVERE ] key 65 was pressed by player 1
[21:23:56.036] [SEVERE ] updating countdown to 15433
[21:23:56.062] [SEVERE ] updating countdown to 15407
[21:23:56.089] [SEVERE ] updating countdown to 15380
[21:23:56.116] [SEVERE ] updating countdown to 15353
[21:23:56.142] [SEVERE ] updating countdown to 15327
[21:23:56.168] [SEVERE ] updating countdown to 15301
[21:23:56.196] [SEVERE ] updating countdown to 15273
[21:23:56.223] [SEVERE ] updating countdown to 15246
[21:23:56.224] [SEVERE ] key 65 was pressed by player 1
[21:23:56.249] [SEVERE ] updating countdown to 15220
[21:23:56.276] [SEVERE ] updating countdown to 15193
[21:23:56.301] [SEVERE ] updating countdown to 15168
[21:23:56.327] [SEVERE ] updating countdown to 15142
[21:23:56.352] [SEVERE ] updating countdown to 15117
[21:23:56.378] [SEVERE ] updating countdown to 15091
[21:23:56.404] [SEVERE ] updating countdown to 15065
[21:23:56.430] [SEVERE ] updating countdown to 15039
[21:23:56.457] [SEVERE ] updating countdown to 15012
[21:23:56.461] [SEVERE ] key 83 was pressed by player 1
[21:23:56.484] [SEVERE ] updating countdown to 14985
[21:23:56.510] [SEVERE ] updating countdown to 14959
[21:23:56.538] [SEVERE ] updating countdown to 14931
[21:23:56.564] [SEVERE ] updating countdown to 14905
[21:23:56.591] [SEVERE ] updating countdown to 14878
[21:23:56.617] [SEVERE ] updating countdown to 14852
[21:23:56.643] [SEVERE ] updating countdown to 14826
[21:23:56.670] [SEVERE ] updating countdown to 14799
[21:23:56.696] [SEVERE ] updating countdown to 14773
[21:23:56.722] [SEVERE ] updating countdown to 14747
[21:23:56.728] [SEVERE ] key 68 was pressed by player 1
[21:23:56.748] [SEVERE ] updating countdown to 14721
[21:23:56.773] [SEVERE ] updating countdown to 14696
[21:23:56.800] [SEVERE ] updating countdown to 14669
[21:23:56.826] [SEVERE ] updating countdown to 14643
[21:23:56.853] [SEVERE ] updating countdown to 14616
[21:23:56.879] [SEVERE ] updating countdown to 14590
[21:23:56.906] [SEVERE ] updating countdown to 14563
[21:23:56.934] [SEVERE ] updating countdown to 14535
[21:23:56.960] [SEVERE ] updating countdown to 14509
[21:23:56.987] [SEVERE ] updating countdown to 14482
[21:23:57.014] [SEVERE ] updating countdown to 14455
[21:23:57.022] [SEVERE ] key 69 was pressed by player 1
[21:23:57.041] [SEVERE ] updating countdown to 14428
[21:23:57.066] [SEVERE ] updating countdown to 14403
[21:23:57.092] [SEVERE ] updating countdown to 14377
[21:23:57.118] [SEVERE ] updating countdown to 14351
[21:23:57.143] [SEVERE ] updating countdown to 14326
[21:23:57.169] [SEVERE ] updating countdown to 14300
[21:23:57.196] [SEVERE ] updating countdown to 14273
[21:23:57.223] [SEVERE ] updating countdown to 14246
[21:23:57.250] [SEVERE ] updating countdown to 14219
[21:23:57.276] [SEVERE ] updating countdown to 14193
[21:23:57.303] [SEVERE ] updating countdown to 14166
[21:23:57.330] [SEVERE ] updating countdown to 14139
[21:23:57.344] [SEVERE ] key 83 was pressed by player 1
[21:23:57.356] [SEVERE ] updating countdown to 14113
[21:23:57.382] [SEVERE ] updating countdown to 14087
[21:23:57.408] [SEVERE ] updating countdown to 14061
[21:23:57.435] [SEVERE ] updating countdown to 14034
[21:23:57.461] [SEVERE ] updating countdown to 14008
[21:23:57.487] [SEVERE ] updating countdown to 13982
[21:23:57.514] [SEVERE ] updating countdown to 13955
[21:23:57.540] [SEVERE ] updating countdown to 13929
[21:23:57.567] [SEVERE ] updating countdown to 13902
[21:23:57.594] [SEVERE ] updating countdown to 13875
[21:23:57.621] [SEVERE ] updating countdown to 13848
[21:23:57.648] [SEVERE ] updating countdown to 13821
[21:23:57.674] [SEVERE ] updating countdown to 13795
[21:23:57.700] [SEVERE ] updating countdown to 13769
[21:23:57.708] [SEVERE ] key 65 was pressed by player 1
[21:23:57.727] [SEVERE ] updating countdown to 13742
[21:23:57.755] [SEVERE ] updating countdown to 13714
[21:23:57.781] [SEVERE ] updating countdown to 13688
[21:23:57.807] [SEVERE ] updating countdown to 13662
[21:23:57.833] [SEVERE ] updating countdown to 13636
[21:23:57.860] [SEVERE ] updating countdown to 13609
[21:23:57.886] [SEVERE ] updating countdown to 13583
[21:23:57.914] [SEVERE ] updating countdown to 13555
[21:23:57.940] [SEVERE ] updating countdown to 13529
[21:23:57.966] [SEVERE ] updating countdown to 13503
[21:23:57.993] [SEVERE ] updating countdown to 13476
[21:23:58.020] [SEVERE ] updating countdown to 13449
[21:23:58.047] [SEVERE ] updating countdown to 13422
[21:23:58.074] [SEVERE ] updating countdown to 13395
[21:23:58.101] [SEVERE ] updating countdown to 13368
[21:23:58.127] [SEVERE ] updating countdown to 13342
[21:23:58.155] [SEVERE ] updating countdown to 13314
[21:23:58.182] [SEVERE ] updating countdown to 13288
[21:23:58.208] [SEVERE ] updating countdown to 13261
[21:23:58.235] [SEVERE ] updating countdown to 13234
[21:23:58.263] [SEVERE ] updating countdown to 13206
[21:23:58.290] [SEVERE ] updating countdown to 13179
[21:23:58.317] [SEVERE ] updating countdown to 13152
[21:23:58.343] [SEVERE ] updating countdown to 13126
[21:23:58.371] [SEVERE ] updating countdown to 13098
[21:23:58.399] [SEVERE ] updating countdown to 13070
[21:23:58.424] [SEVERE ] updating countdown to 13045
[21:23:58.450] [SEVERE ] updating countdown to 13019
[21:23:58.475] [SEVERE ] updating countdown to 12994
[21:23:58.501] [SEVERE ] updating countdown to 12968
[21:23:58.526] [SEVERE ] updating countdown to 12943
[21:23:58.552] [SEVERE ] updating countdown to 12917
[21:23:58.579] [SEVERE ] updating countdown to 12890
[21:23:58.593] [SEVERE ] key 88 was pressed by player 1
[21:23:58.605] [SEVERE ] updating countdown to 12864
[21:23:58.631] [SEVERE ] updating countdown to 12838
[21:23:58.657] [SEVERE ] updating countdown to 12812
[21:23:58.684] [SEVERE ] updating countdown to 12785
[21:23:58.710] [SEVERE ] updating countdown to 12759
[21:23:58.735] [SEVERE ] updating countdown to 12734
[21:23:58.763] [SEVERE ] updating countdown to 12706
[21:23:58.768] [SEVERE ] key 88 was pressed by player 1
[21:23:58.791] [SEVERE ] updating countdown to 12678
[21:23:58.817] [SEVERE ] updating countdown to 12652
[21:23:58.843] [SEVERE ] updating countdown to 12626
[21:23:58.870] [SEVERE ] updating countdown to 12599
[21:23:58.898] [SEVERE ] updating countdown to 12571
[21:23:58.924] [SEVERE ] updating countdown to 12545
[21:23:58.950] [SEVERE ] updating countdown to 12519
[21:23:58.961] [SEVERE ] key 83 was pressed by player 1
[21:23:58.978] [SEVERE ] updating countdown to 12491
[21:23:59.005] [SEVERE ] updating countdown to 12464
[21:23:59.032] [SEVERE ] updating countdown to 12437
[21:23:59.059] [SEVERE ] updating countdown to 12410
[21:23:59.086] [SEVERE ] updating countdown to 12383
[21:23:59.112] [SEVERE ] updating countdown to 12357
[21:23:59.138] [SEVERE ] updating countdown to 12331
[21:23:59.166] [SEVERE ] updating countdown to 12303
[21:23:59.194] [SEVERE ] updating countdown to 12275
[21:23:59.209] [SEVERE ] key 83 was pressed by player 1
[21:23:59.210] [SEVERE ] key 65 was pressed by player 1
[21:23:59.220] [SEVERE ] updating countdown to 12249
[21:23:59.246] [SEVERE ] updating countdown to 12223
[21:23:59.272] [SEVERE ] updating countdown to 12197
[21:23:59.299] [SEVERE ] updating countdown to 12170
[21:23:59.326] [SEVERE ] updating countdown to 12143
[21:23:59.353] [SEVERE ] updating countdown to 12116
[21:23:59.379] [SEVERE ] updating countdown to 12090
[21:23:59.406] [SEVERE ] updating countdown to 12063
[21:23:59.432] [SEVERE ] updating countdown to 12037
[21:23:59.459] [SEVERE ] updating countdown to 12010
[21:23:59.477] [SEVERE ] key 65 was pressed by player 1
[21:23:59.486] [SEVERE ] updating countdown to 11983
[21:23:59.513] [SEVERE ] updating countdown to 11956
[21:23:59.539] [SEVERE ] updating countdown to 11930
[21:23:59.565] [SEVERE ] updating countdown to 11904
[21:23:59.591] [SEVERE ] updating countdown to 11878
[21:23:59.619] [SEVERE ] updating countdown to 11850
[21:23:59.645] [SEVERE ] updating countdown to 11824
[21:23:59.671] [SEVERE ] updating countdown to 11798
[21:23:59.698] [SEVERE ] updating countdown to 11771
[21:23:59.702] [SEVERE ] key 65 was pressed by player 1
[21:23:59.725] [SEVERE ] updating countdown to 11744
[21:23:59.751] [SEVERE ] updating countdown to 11718
[21:23:59.778] [SEVERE ] updating countdown to 11691
[21:23:59.805] [SEVERE ] updating countdown to 11664
[21:23:59.832] [SEVERE ] updating countdown to 11637
[21:23:59.859] [SEVERE ] updating countdown to 11610
[21:23:59.887] [SEVERE ] updating countdown to 11582
[21:23:59.914] [SEVERE ] updating countdown to 11555
[21:23:59.941] [SEVERE ] updating countdown to 11528
[21:23:59.968] [SEVERE ] updating countdown to 11501
[21:23:59.994] [SEVERE ] key 83 was pressed by player 1
[21:23:59.995] [SEVERE ] updating countdown to 11474
[21:24:00.011] [SEVERE ] key 68 was pressed by player 1
[21:24:00.025] [SEVERE ] updating countdown to 11444
[21:24:00.051] [SEVERE ] updating countdown to 11418
[21:24:00.077] [SEVERE ] updating countdown to 11392
[21:24:00.103] [SEVERE ] updating countdown to 11366
[21:24:00.131] [SEVERE ] updating countdown to 11338
[21:24:00.157] [SEVERE ] updating countdown to 11312
[21:24:00.183] [SEVERE ] updating countdown to 11286
[21:24:00.210] [SEVERE ] updating countdown to 11259
[21:24:00.219] [SEVERE ] key 68 was pressed by player 1
[21:24:00.237] [SEVERE ] updating countdown to 11232
[21:24:00.263] [SEVERE ] updating countdown to 11206
[21:24:00.290] [SEVERE ] updating countdown to 11179
[21:24:00.318] [SEVERE ] updating countdown to 11151
[21:24:00.345] [SEVERE ] updating countdown to 11124
[21:24:00.370] [SEVERE ] updating countdown to 11099
[21:24:00.396] [SEVERE ] updating countdown to 11073
[21:24:00.423] [SEVERE ] updating countdown to 11046
[21:24:00.450] [SEVERE ] updating countdown to 11019
[21:24:00.477] [SEVERE ] updating countdown to 10992
[21:24:00.506] [SEVERE ] updating countdown to 10963
[21:24:00.533] [SEVERE ] updating countdown to 10936
[21:24:00.559] [SEVERE ] updating countdown to 10910
[21:24:00.585] [SEVERE ] updating countdown to 10884
[21:24:00.610] [SEVERE ] updating countdown to 10859
[21:24:00.636] [SEVERE ] updating countdown to 10833
[21:24:00.662] [SEVERE ] updating countdown to 10807
[21:24:00.687] [SEVERE ] updating countdown to 10782
[21:24:00.714] [SEVERE ] updating countdown to 10755
[21:24:00.739] [SEVERE ] updating countdown to 10730
[21:24:00.759] [SEVERE ] key 80 was pressed by player 2
[21:24:00.759] [SEVERE ] player 2 placing token on slot 3
[21:24:00.765] [SEVERE ] updating countdown to 10704
[21:24:00.791] [SEVERE ] updating countdown to 10678
[21:24:00.807] [SEVERE ] key 76 was pressed by player 2
[21:24:00.816] [SEVERE ] updating countdown to 10653
[21:24:00.842] [SEVERE ] updating countdown to 10627
[21:24:00.868] [SEVERE ] updating countdown to 10601
[21:24:00.893] [SEVERE ] updating countdown to 10576
[21:24:00.919] [SEVERE ] updating countdown to 10550
[21:24:00.944] [SEVERE ] updating countdown to 10525
[21:24:00.970] [SEVERE ] updating countdown to 10499
[21:24:00.996] [SEVERE ] updating countdown to 10473
[21:24:01.021] [SEVERE ] updating countdown to 10448
[21:24:01.047] [SEVERE ] updating countdown to 10422
[21:24:01.073] [SEVERE ] updating countdown to 10396
[21:24:01.099] [SEVERE ] updating countdown to 10370
[21:24:01.125] [SEVERE ] updating countdown to 10344
[21:24:01.150] [SEVERE ] updating countdown to 10319
[21:24:01.176] [SEVERE ] updating countdown to 10293
[21:24:01.202] [SEVERE ] updating countdown to 10267
[21:24:01.228] [SEVERE ] updating countdown to 10241
[21:24:01.254] [SEVERE ] updating countdown to 10215
[21:24:01.280] [SEVERE ] updating countdown to 10189
[21:24:01.306] [SEVERE ] updating countdown to 10163
[21:24:01.331] [SEVERE ] updating countdown to 10138
[21:24:01.357] [SEVERE ] updating countdown to 10112
[21:24:01.384] [SEVERE ] updating countdown to 10085
[21:24:01.410] [SEVERE ] updating countdown to 10059
[21:24:01.439] [SEVERE ] updating countdown to 10030
[21:24:01.465] [SEVERE ] updating countdown to 10004
[21:24:01.491] [SEVERE ] updating countdown to 9978
[21:24:01.518] [SEVERE ] updating countdown to 9951
[21:24:01.545] [SEVERE ] updating countdown to 9924
[21:24:01.572] [SEVERE ] updating countdown to 9897
[21:24:01.600] [SEVERE ] updating countdown to 9869
[21:24:01.625] [SEVERE ] updating countdown to 9844
[21:24:01.651] [SEVERE ] updating countdown to 9818
[21:24:01.677] [SEVERE ] updating countdown to 9792
[21:24:01.704] [SEVERE ] updating countdown to 9765
[21:24:01.731] [SEVERE ] updating countdown to 9738
[21:24:01.757] [SEVERE ] updating countdown to 9712
[21:24:01.783] [SEVERE ] updating countdown to 9686
[21:24:01.809] [SEVERE ] updating countdown to 9660
[21:24:01.836] [SEVERE ] updating countdown to 9633
[21:24:01.862] [SEVERE ] updating countdown to 9607
[21:24:01.887] [SEVERE ] updating countdown to 9582
[21:24:01.915] [SEVERE ] updating countdown to 9554
[21:24:01.941] [SEVERE ] updating countdown to 9528
[21:24:01.968] [SEVERE ] updating countdown to 9501
[21:24:01.995] [SEVERE ] updating countdown to 9474
[21:24:02.022] [SEVERE ] updating countdown to 9447
[21:24:02.048] [SEVERE ] updating countdown to 9421
[21:24:02.063] [SEVERE ] key 59 was pressed by player 2
[21:24:02.074] [SEVERE ] updating countdown to 9395
[21:24:02.100] [SEVERE ] updating countdown to 9369
[21:24:02.125] [SEVERE ] updating countdown to 9344
[21:24:02.153] [SEVERE ] updating countdown to 9316
[21:24:02.179] [SEVERE ] updating countdown to 9290
[21:24:02.205] [SEVERE ] updating countdown to 9264
[21:24:02.230] [SEVERE ] updating countdown to 9239
[21:24:02.254] [SEVERE ] key 59 was pressed by player 2
[21:24:02.256] [SEVERE ] updating countdown to 9213
[21:24:02.281] [SEVERE ] updating countdown to 9188
[21:24:02.307] [SEVERE ] updating countdown to 9162
[21:24:02.332] [SEVERE ] updating countdown to 9137
[21:24:02.358] [SEVERE ] updating countdown to 9111
[21:24:02.383] [SEVERE ] updating countdown to 9086
[21:24:02.409] [SEVERE ] updating countdown to 9060
[21:24:02.435] [SEVERE ] updating countdown to 9034
[21:24:02.461] [SEVERE ] updating countdown to 9008
[21:24:02.486] [SEVERE ] updating countdown to 8983
[21:24:02.512] [SEVERE ] updating countdown to 8957
[21:24:02.538] [SEVERE ] updating countdown to 8931
[21:24:02.563] [SEVERE ] updating countdown to 8906
[21:24:02.589] [SEVERE ] updating countdown to 8880
[21:24:02.615] [SEVERE ] updating countdown to 8854
[21:24:02.640] [SEVERE ] updating countdown to 8829
[21:24:02.666] [SEVERE ] updating countdown to 8803
[21:24:02.692] [SEVERE ] updating countdown to 8777
[21:24:02.717] [SEVERE ] updating countdown to 8752
[21:24:02.743] [SEVERE ] updating countdown to 8726
[21:24:02.769] [SEVERE ] updating countdown to 8700
[21:24:02.791] [SEVERE ] key 79 was pressed by player 2
[21:24:02.794] [SEVERE ] updating countdown to 8675
[21:24:02.814] [SEVERE ] key 76 was pressed by player 2
[21:24:02.820] [SEVERE ] updating countdown to 8649
[21:24:02.845] [SEVERE ] updating countdown to 8624
[21:24:02.871] [SEVERE ] updating countdown to 8598
[21:24:02.896] [SEVERE ] updating countdown to 8573
[21:24:02.922] [SEVERE ] updating countdown to 8547
[21:24:02.947] [SEVERE ] updating countdown to 8522
[21:24:02.974] [SEVERE ] updating countdown to 8495
[21:24:03.001] [SEVERE ] updating countdown to 8468
[21:24:03.028] [SEVERE ] updating countdown to 8441
[21:24:03.055] [SEVERE ] updating countdown to 8414
[21:24:03.081] [SEVERE ] updating countdown to 8388
[21:24:03.107] [SEVERE ] updating countdown to 8362
[21:24:03.135] [SEVERE ] updating countdown to 8334
[21:24:03.163] [SEVERE ] updating countdown to 8306
[21:24:03.172] [SEVERE ] key 80 was pressed by player 2
[21:24:03.173] [SEVERE ] removing player 2 token from slot 3
[21:24:03.190] [SEVERE ] updating countdown to 8279
[21:24:03.216] [SEVERE ] updating countdown to 8253
[21:24:03.243] [SEVERE ] updating countdown to 8226
[21:24:03.269] [SEVERE ] updating countdown to 8200
[21:24:03.296] [SEVERE ] updating countdown to 8173
[21:24:03.322] [SEVERE ] updating countdown to 8147
[21:24:03.349] [SEVERE ] updating countdown to 8120
[21:24:03.376] [SEVERE ] updating countdown to 8093
[21:24:03.402] [SEVERE ] updating countdown to 8067
[21:24:03.430] [SEVERE ] updating countdown to 8039
[21:24:03.457] [SEVERE ] updating countdown to 8012
[21:24:03.484] [SEVERE ] updating countdown to 7985
[21:24:03.512] [SEVERE ] updating countdown to 7957
[21:24:03.539] [SEVERE ] updating countdown to 7930
[21:24:03.567] [SEVERE ] updating countdown to 7902
[21:24:03.594] [SEVERE ] updating countdown to 7875
[21:24:03.621] [SEVERE ] updating countdown to 7848
[21:24:03.649] [SEVERE ] updating countdown to 7820
[21:24:03.676] [SEVERE ] updating countdown to 7793
[21:24:03.702] [SEVERE ] updating countdown to 7767
[21:24:03.729] [SEVERE ] updating countdown to 7740
[21:24:03.755] [SEVERE ] updating countdown to 7714
[21:24:03.783] [SEVERE ] updating countdown to 7686
[21:24:03.809] [SEVERE ] updating countdown to 7660
[21:24:03.837] [SEVERE ] updating countdown to 7632
[21:24:03.864] [SEVERE ] updating countdown to 7605
[21:24:03.875] [SEVERE ] key 80 was pressed by player 2
[21:24:03.876] [SEVERE ] player 2 placing token on slot 3
[21:24:03.891] [SEVERE ] updating countdown to 7578
[21:24:03.917] [SEVERE ] updating countdown to 7552
[21:24:03.943] [SEVERE ] updating countdown to 7526
[21:24:03.970] [SEVERE ] updating countdown to 7499
[21:24:03.997] [SEVERE ] updating countdown to 7472
[21:24:04.023] [SEVERE ] updating countdown to 7446
[21:24:04.050] [SEVERE ] updating countdown to 7419
[21:24:04.076] [SEVERE ] updating countdown to 7394
[21:24:04.103] [SEVERE ] updating countdown to 7366
[21:24:04.130] [SEVERE ] updating countdown to 7339
[21:24:04.156] [SEVERE ] updating countdown to 7313
[21:24:04.183] [SEVERE ] updating countdown to 7286
[21:24:04.210] [SEVERE ] updating countdown to 7259
[21:24:04.237] [SEVERE ] updating countdown to 7232
[21:24:04.264] [SEVERE ] updating countdown to 7205
[21:24:04.291] [SEVERE ] updating countdown to 7178
[21:24:04.319] [SEVERE ] updating countdown to 7150
[21:24:04.345] [SEVERE ] updating countdown to 7124
[21:24:04.371] [SEVERE ] updating countdown to 7098
[21:24:04.398] [SEVERE ] updating countdown to 7071
[21:24:04.424] [SEVERE ] updating countdown to 7045
[21:24:04.447] [SEVERE ] key 75 was pressed by player 2
[21:24:04.450] [SEVERE ] updating countdown to 7019
[21:24:04.476] [SEVERE ] updating countdown to 6993
[21:24:04.501] [SEVERE ] updating countdown to 6968
[21:24:04.527] [SEVERE ] updating countdown to 6942
[21:24:04.552] [SEVERE ] updating countdown to 6917
[21:24:04.578] [SEVERE ] updating countdown to 6891
[21:24:04.604] [SEVERE ] updating countdown to 6865
[21:24:04.629] [SEVERE ] updating countdown to 6840
[21:24:04.655] [SEVERE ] updating countdown to 6814
[21:24:04.680] [SEVERE ] updating countdown to 6789
[21:24:04.706] [SEVERE ] updating countdown to 6763
[21:24:04.732] [SEVERE ] updating countdown to 6737
[21:24:04.759] [SEVERE ] updating countdown to 6710
[21:24:04.784] [SEVERE ] updating countdown to 6685
[21:24:04.810] [SEVERE ] updating countdown to 6659
[21:24:04.823] [SEVERE ] key 44 was pressed by player 2
[21:24:04.835] [SEVERE ] updating countdown to 6634
[21:24:04.861] [SEVERE ] updating countdown to 6608
[21:24:04.886] [SEVERE ] updating countdown to 6583
[21:24:04.912] [SEVERE ] updating countdown to 6557
[21:24:04.938] [SEVERE ] updating countdown to 6531
[21:24:04.963] [SEVERE ] updating countdown to 6506
[21:24:04.989] [SEVERE ] updating countdown to 6480
[21:24:05.014] [SEVERE ] updating countdown to 6455
[21:24:05.040] [SEVERE ] updating countdown to 6429
[21:24:05.065] [SEVERE ] updating countdown to 6404
[21:24:05.091] [SEVERE ] updating countdown to 6378
[21:24:05.116] [SEVERE ] updating countdown to 6353
[21:24:05.135] [SEVERE ] key 76 was pressed by player 2
[21:24:05.143] [SEVERE ] updating countdown to 6326
[21:24:05.169] [SEVERE ] updating countdown to 6300
[21:24:05.194] [SEVERE ] updating countdown to 6275
[21:24:05.220] [SEVERE ] updating countdown to 6249
[21:24:05.246] [SEVERE ] updating countdown to 6223
[21:24:05.272] [SEVERE ] updating countdown to 6197
[21:24:05.297] [SEVERE ] updating countdown to 6172
[21:24:05.323] [SEVERE ] updating countdown to 6146
[21:24:05.349] [SEVERE ] updating countdown to 6120
[21:24:05.376] [SEVERE ] updating countdown to 6093
[21:24:05.402] [SEVERE ] updating countdown to 6067
[21:24:05.427] [SEVERE ] updating countdown to 6042
[21:24:05.449] [SEVERE ] key 46 was pressed by player 2
[21:24:05.453] [SEVERE ] updating countdown to 6016
[21:24:05.480] [SEVERE ] updating countdown to 5989
[21:24:05.506] [SEVERE ] updating countdown to 5963
[21:24:05.532] [SEVERE ] updating countdown to 5937
[21:24:05.558] [SEVERE ] updating countdown to 5911
[21:24:05.584] [SEVERE ] updating countdown to 5885
[21:24:05.610] [SEVERE ] updating countdown to 5859
[21:24:05.636] [SEVERE ] updating countdown to 5833
[21:24:05.663] [SEVERE ] updating countdown to 5806
[21:24:05.689] [SEVERE ] updating countdown to 5780
[21:24:05.716] [SEVERE ] updating countdown to 5753
[21:24:05.742] [SEVERE ] updating countdown to 5727
[21:24:05.768] [SEVERE ] updating countdown to 5701
[21:24:05.796] [SEVERE ] updating countdown to 5673
[21:24:05.822] [SEVERE ] updating countdown to 5647
[21:24:05.850] [SEVERE ] updating countdown to 5619
[21:24:05.877] [SEVERE ] updating countdown to 5592
[21:24:05.904] [SEVERE ] updating countdown to 5565
[21:24:05.931] [SEVERE ] updating countdown to 5538
[21:24:05.958] [SEVERE ] updating countdown to 5511
[21:24:05.986] [SEVERE ] updating countdown to 5483
[21:24:06.012] [SEVERE ] updating countdown to 5457
[21:24:06.038] [SEVERE ] updating countdown to 5431
[21:24:06.065] [SEVERE ] updating countdown to 5404
[21:24:06.091] [SEVERE ] updating countdown to 5378
[21:24:06.116] [SEVERE ] updating countdown to 5353
[21:24:06.142] [SEVERE ] updating countdown to 5327
[21:24:06.168] [SEVERE ] updating countdown to 5301
[21:24:06.194] [SEVERE ] updating countdown to 5275
[21:24:06.220] [SEVERE ] updating countdown to 5249
[21:24:06.246] [SEVERE ] updating countdown to 5223
[21:24:06.273] [SEVERE ] updating countdown to 5196
[21:24:06.299] [SEVERE ] updating countdown to 5170
[21:24:06.325] [SEVERE ] updating countdown to 5144
[21:24:06.352] [SEVERE ] updating countdown to 5117
[21:24:06.378] [SEVERE ] updating countdown to 5091
[21:24:06.406] [SEVERE ] updating countdown to 5063
[21:24:06.433] [SEVERE ] updating countdown to 5036
[21:24:06.459] [SEVERE ] updating countdown to 5010
