[20:44:46.309] [INFO   ] thread bguspl.set.Main.main() starting.
[20:44:46.319] [SEVERE ] cannot read configuration file config.properties trying from resources.
[20:44:46.334] [SEVERE ] configuration file was loaded from resources directory.
[20:44:47.483] [INFO   ] thread dealer starting.
[20:44:47.484] [INFO   ] thread dealer starting.
[20:44:47.592] [SEVERE ] placing card 35 in slot 0
[20:44:47.695] [SEVERE ] placing card 66 in slot 1
[20:44:47.797] [SEVERE ] placing card 30 in slot 2
[20:44:47.898] [SEVERE ] placing card 36 in slot 3
[20:44:48.001] [SEVERE ] placing card 2 in slot 4
[20:44:48.103] [SEVERE ] placing card 76 in slot 5
[20:44:48.204] [SEVERE ] placing card 79 in slot 6
[20:44:48.306] [SEVERE ] placing card 21 in slot 7
[20:44:48.407] [SEVERE ] placing card 71 in slot 8
[20:44:48.511] [SEVERE ] placing card 45 in slot 9
[20:44:48.615] [SEVERE ] placing card 11 in slot 10
[20:44:48.719] [SEVERE ] placing card 37 in slot 11
[20:44:48.723] [SEVERE ] updating countdown to 20000
[20:44:48.740] [SEVERE ] updating countdown to 19983
[20:44:48.754] [SEVERE ] updating countdown to 19968
[20:44:48.765] [SEVERE ] updating countdown to 19957
[20:44:48.777] [SEVERE ] updating countdown to 19945
[20:44:48.788] [SEVERE ] updating countdown to 19934
[20:44:48.799] [SEVERE ] updating countdown to 19923
[20:44:48.809] [SEVERE ] updating countdown to 19913
[20:44:48.820] [SEVERE ] updating countdown to 19902
[20:44:48.831] [SEVERE ] updating countdown to 19891
[20:44:48.842] [SEVERE ] updating countdown to 19880
[20:44:48.854] [SEVERE ] updating countdown to 19869
[20:44:48.866] [SEVERE ] updating countdown to 19856
[20:44:48.879] [SEVERE ] updating countdown to 19843
[20:44:48.890] [SEVERE ] updating countdown to 19832
[20:44:48.902] [SEVERE ] updating countdown to 19820
[20:44:48.913] [SEVERE ] updating countdown to 19809
[20:44:48.926] [SEVERE ] updating countdown to 19796
[20:44:48.941] [SEVERE ] updating countdown to 19781
[20:44:48.954] [SEVERE ] updating countdown to 19768
[20:44:48.967] [SEVERE ] updating countdown to 19756
[20:44:48.979] [SEVERE ] updating countdown to 19743
[20:44:48.991] [SEVERE ] updating countdown to 19731
[20:44:49.002] [SEVERE ] updating countdown to 19720
[20:44:49.014] [SEVERE ] updating countdown to 19708
[20:44:49.027] [SEVERE ] updating countdown to 19695
[20:44:49.038] [SEVERE ] updating countdown to 19684
[20:44:49.050] [SEVERE ] updating countdown to 19672
[20:44:49.062] [SEVERE ] updating countdown to 19660
[20:44:49.075] [SEVERE ] updating countdown to 19647
[20:44:49.086] [SEVERE ] updating countdown to 19636
[20:44:49.098] [SEVERE ] updating countdown to 19624
[20:44:49.110] [SEVERE ] updating countdown to 19612
[20:44:49.123] [SEVERE ] updating countdown to 19599
[20:44:49.135] [SEVERE ] updating countdown to 19587
[20:44:49.148] [SEVERE ] updating countdown to 19574
[20:44:49.161] [SEVERE ] updating countdown to 19561
[20:44:49.172] [SEVERE ] updating countdown to 19550
[20:44:49.183] [SEVERE ] updating countdown to 19539
[20:44:49.194] [SEVERE ] updating countdown to 19528
[20:44:49.205] [SEVERE ] updating countdown to 19517
[20:44:49.217] [SEVERE ] updating countdown to 19505
[20:44:49.230] [SEVERE ] updating countdown to 19492
[20:44:49.241] [SEVERE ] updating countdown to 19481
[20:44:49.253] [SEVERE ] updating countdown to 19469
[20:44:49.266] [SEVERE ] updating countdown to 19456
[20:44:49.278] [SEVERE ] updating countdown to 19444
[20:44:49.290] [SEVERE ] updating countdown to 19433
[20:44:49.302] [SEVERE ] updating countdown to 19420
[20:44:49.314] [SEVERE ] updating countdown to 19408
[20:44:49.328] [SEVERE ] updating countdown to 19394
[20:44:49.341] [SEVERE ] updating countdown to 19381
[20:44:49.355] [SEVERE ] updating countdown to 19368
[20:44:49.367] [SEVERE ] updating countdown to 19355
[20:44:49.378] [SEVERE ] updating countdown to 19344
[20:44:49.389] [SEVERE ] updating countdown to 19333
[20:44:49.400] [SEVERE ] updating countdown to 19322
[20:44:49.411] [SEVERE ] updating countdown to 19311
[20:44:49.424] [SEVERE ] updating countdown to 19298
[20:44:49.436] [SEVERE ] updating countdown to 19286
[20:44:49.447] [SEVERE ] updating countdown to 19275
[20:44:49.459] [SEVERE ] updating countdown to 19263
[20:44:49.471] [SEVERE ] updating countdown to 19251
[20:44:49.482] [SEVERE ] updating countdown to 19240
[20:44:49.494] [SEVERE ] updating countdown to 19228
[20:44:49.506] [SEVERE ] updating countdown to 19216
[20:44:49.519] [SEVERE ] updating countdown to 19204
[20:44:49.531] [SEVERE ] updating countdown to 19191
[20:44:49.544] [SEVERE ] updating countdown to 19178
[20:44:49.555] [SEVERE ] updating countdown to 19167
[20:44:49.568] [SEVERE ] updating countdown to 19154
[20:44:49.579] [SEVERE ] updating countdown to 19143
[20:44:49.590] [SEVERE ] updating countdown to 19132
[20:44:49.602] [SEVERE ] updating countdown to 19120
[20:44:49.615] [SEVERE ] updating countdown to 19107
[20:44:49.629] [SEVERE ] updating countdown to 19093
[20:44:49.643] [SEVERE ] updating countdown to 19079
[20:44:49.656] [SEVERE ] updating countdown to 19066
[20:44:49.670] [SEVERE ] updating countdown to 19053
[20:44:49.682] [SEVERE ] updating countdown to 19040
[20:44:49.693] [SEVERE ] updating countdown to 19029
[20:44:49.705] [SEVERE ] updating countdown to 19017
[20:44:49.716] [SEVERE ] updating countdown to 19006
[20:44:49.727] [SEVERE ] updating countdown to 18995
[20:44:49.739] [SEVERE ] updating countdown to 18983
[20:44:49.750] [SEVERE ] updating countdown to 18972
[20:44:49.760] [SEVERE ] updating countdown to 18962
[20:44:49.771] [SEVERE ] updating countdown to 18951
[20:44:49.782] [SEVERE ] updating countdown to 18940
[20:44:49.792] [SEVERE ] updating countdown to 18930
[20:44:49.803] [SEVERE ] updating countdown to 18919
[20:44:49.814] [SEVERE ] updating countdown to 18908
[20:44:49.826] [SEVERE ] updating countdown to 18896
[20:44:49.839] [SEVERE ] updating countdown to 18883
[20:44:49.851] [SEVERE ] updating countdown to 18871
[20:44:49.861] [SEVERE ] updating countdown to 18861
[20:44:49.872] [SEVERE ] updating countdown to 18850
[20:44:49.883] [SEVERE ] updating countdown to 18839
[20:44:49.894] [SEVERE ] updating countdown to 18828
[20:44:49.905] [SEVERE ] updating countdown to 18817
[20:44:49.916] [SEVERE ] updating countdown to 18806
[20:44:49.927] [SEVERE ] updating countdown to 18795
[20:44:49.938] [SEVERE ] updating countdown to 18784
[20:44:49.949] [SEVERE ] updating countdown to 18773
[20:44:49.960] [SEVERE ] updating countdown to 18762
[20:44:49.971] [SEVERE ] updating countdown to 18751
[20:44:49.982] [SEVERE ] updating countdown to 18740
[20:44:49.993] [SEVERE ] updating countdown to 18729
[20:44:50.004] [SEVERE ] updating countdown to 18718
[20:44:50.016] [SEVERE ] updating countdown to 18706
[20:44:50.027] [SEVERE ] updating countdown to 18695
[20:44:50.038] [SEVERE ] updating countdown to 18684
[20:44:50.058] [SEVERE ] updating countdown to 18664
[20:44:50.069] [SEVERE ] updating countdown to 18653
[20:44:50.080] [SEVERE ] updating countdown to 18642
[20:44:50.092] [SEVERE ] updating countdown to 18630
[20:44:50.104] [SEVERE ] updating countdown to 18618
[20:44:50.116] [SEVERE ] updating countdown to 18606
[20:44:50.127] [SEVERE ] updating countdown to 18595
[20:44:50.138] [SEVERE ] updating countdown to 18584
[20:44:50.150] [SEVERE ] updating countdown to 18572
[20:44:50.161] [SEVERE ] updating countdown to 18561
[20:44:50.173] [SEVERE ] updating countdown to 18549
[20:44:50.186] [SEVERE ] updating countdown to 18536
[20:44:50.198] [SEVERE ] updating countdown to 18524
[20:44:50.209] [SEVERE ] updating countdown to 18513
[20:44:50.222] [SEVERE ] updating countdown to 18500
[20:44:50.235] [SEVERE ] updating countdown to 18487
[20:44:50.246] [SEVERE ] updating countdown to 18476
[20:44:50.258] [SEVERE ] updating countdown to 18464
[20:44:50.271] [SEVERE ] updating countdown to 18451
[20:44:50.284] [SEVERE ] updating countdown to 18438
[20:44:50.297] [SEVERE ] updating countdown to 18425
[20:44:50.309] [SEVERE ] updating countdown to 18413
[20:44:50.320] [SEVERE ] updating countdown to 18402
[20:44:50.332] [SEVERE ] updating countdown to 18390
[20:44:50.344] [SEVERE ] updating countdown to 18378
[20:44:50.357] [SEVERE ] updating countdown to 18365
[20:44:50.370] [SEVERE ] updating countdown to 18352
[20:44:50.382] [SEVERE ] updating countdown to 18340
[20:44:50.394] [SEVERE ] updating countdown to 18328
[20:44:50.405] [SEVERE ] updating countdown to 18317
[20:44:50.416] [SEVERE ] updating countdown to 18306
[20:44:50.428] [SEVERE ] updating countdown to 18294
[20:44:50.441] [SEVERE ] updating countdown to 18281
[20:44:50.454] [SEVERE ] updating countdown to 18268
[20:44:50.466] [SEVERE ] updating countdown to 18256
[20:44:50.478] [SEVERE ] updating countdown to 18244
[20:44:50.490] [SEVERE ] updating countdown to 18232
[20:44:50.503] [SEVERE ] updating countdown to 18219
[20:44:50.514] [SEVERE ] updating countdown to 18208
[20:44:50.527] [SEVERE ] updating countdown to 18195
[20:44:50.538] [SEVERE ] updating countdown to 18184
[20:44:50.550] [SEVERE ] updating countdown to 18172
[20:44:50.563] [SEVERE ] updating countdown to 18159
[20:44:50.574] [SEVERE ] updating countdown to 18148
[20:44:50.586] [SEVERE ] updating countdown to 18136
[20:44:50.598] [SEVERE ] updating countdown to 18124
[20:44:50.609] [SEVERE ] updating countdown to 18113
[20:44:50.620] [SEVERE ] updating countdown to 18102
[20:44:50.631] [SEVERE ] updating countdown to 18091
[20:44:50.644] [SEVERE ] updating countdown to 18078
[20:44:50.655] [SEVERE ] updating countdown to 18067
[20:44:50.667] [SEVERE ] updating countdown to 18055
[20:44:50.678] [SEVERE ] updating countdown to 18044
[20:44:50.690] [SEVERE ] updating countdown to 18032
[20:44:50.703] [SEVERE ] updating countdown to 18019
[20:44:50.715] [SEVERE ] updating countdown to 18007
[20:44:50.727] [SEVERE ] updating countdown to 17995
[20:44:50.739] [SEVERE ] updating countdown to 17983
[20:44:50.751] [SEVERE ] updating countdown to 17971
[20:44:50.763] [SEVERE ] updating countdown to 17959
[20:44:50.776] [SEVERE ] updating countdown to 17946
[20:44:50.789] [SEVERE ] updating countdown to 17933
[20:44:50.800] [SEVERE ] updating countdown to 17922
[20:44:50.811] [SEVERE ] updating countdown to 17911
[20:44:50.822] [SEVERE ] updating countdown to 17900
[20:44:50.833] [SEVERE ] updating countdown to 17889
[20:44:50.845] [SEVERE ] updating countdown to 17877
[20:44:50.857] [SEVERE ] updating countdown to 17865
[20:44:50.869] [SEVERE ] updating countdown to 17853
[20:44:50.881] [SEVERE ] updating countdown to 17841
[20:44:50.892] [SEVERE ] updating countdown to 17830
[20:44:50.905] [SEVERE ] updating countdown to 17817
[20:44:50.917] [SEVERE ] updating countdown to 17805
[20:44:50.928] [SEVERE ] updating countdown to 17794
[20:44:50.939] [SEVERE ] updating countdown to 17783
[20:44:50.949] [SEVERE ] updating countdown to 17773
[20:44:50.960] [SEVERE ] updating countdown to 17762
[20:44:50.971] [SEVERE ] updating countdown to 17751
[20:44:50.981] [SEVERE ] updating countdown to 17741
[20:44:50.992] [SEVERE ] updating countdown to 17730
[20:44:51.003] [SEVERE ] updating countdown to 17719
[20:44:51.014] [SEVERE ] updating countdown to 17708
[20:44:51.025] [SEVERE ] updating countdown to 17697
[20:44:51.037] [SEVERE ] updating countdown to 17685
[20:44:51.048] [SEVERE ] updating countdown to 17674
[20:44:51.059] [SEVERE ] updating countdown to 17663
[20:44:51.070] [SEVERE ] updating countdown to 17652
[20:44:51.082] [SEVERE ] updating countdown to 17640
[20:44:51.095] [SEVERE ] updating countdown to 17627
[20:44:51.107] [SEVERE ] updating countdown to 17615
[20:44:51.120] [SEVERE ] updating countdown to 17602
[20:44:51.132] [SEVERE ] updating countdown to 17590
[20:44:51.143] [SEVERE ] updating countdown to 17579
[20:44:51.154] [SEVERE ] updating countdown to 17568
[20:44:51.167] [SEVERE ] updating countdown to 17555
[20:44:51.180] [SEVERE ] updating countdown to 17542
[20:44:51.191] [SEVERE ] updating countdown to 17531
[20:44:51.202] [SEVERE ] updating countdown to 17520
[20:44:51.213] [SEVERE ] updating countdown to 17509
[20:44:51.225] [SEVERE ] updating countdown to 17497
[20:44:51.237] [SEVERE ] updating countdown to 17485
[20:44:51.250] [SEVERE ] updating countdown to 17472
[20:44:51.263] [SEVERE ] updating countdown to 17459
[20:44:51.275] [SEVERE ] updating countdown to 17447
[20:44:51.287] [SEVERE ] updating countdown to 17435
[20:44:51.298] [SEVERE ] updating countdown to 17424
[20:44:51.309] [SEVERE ] updating countdown to 17413
[20:44:51.320] [SEVERE ] updating countdown to 17402
[20:44:51.330] [SEVERE ] updating countdown to 17392
[20:44:51.341] [SEVERE ] updating countdown to 17381
[20:44:51.352] [SEVERE ] updating countdown to 17370
[20:44:51.364] [SEVERE ] updating countdown to 17358
[20:44:51.377] [SEVERE ] updating countdown to 17345
[20:44:51.390] [SEVERE ] updating countdown to 17332
[20:44:51.402] [SEVERE ] updating countdown to 17320
[20:44:51.414] [SEVERE ] updating countdown to 17308
[20:44:51.425] [SEVERE ] updating countdown to 17297
[20:44:51.436] [SEVERE ] updating countdown to 17286
[20:44:51.447] [SEVERE ] updating countdown to 17275
[20:44:51.458] [SEVERE ] updating countdown to 17264
[20:44:51.468] [SEVERE ] updating countdown to 17254
[20:44:51.479] [SEVERE ] updating countdown to 17243
[20:44:51.490] [SEVERE ] updating countdown to 17232
[20:44:51.500] [SEVERE ] updating countdown to 17222
[20:44:51.511] [SEVERE ] updating countdown to 17211
[20:44:51.522] [SEVERE ] updating countdown to 17200
[20:44:51.534] [SEVERE ] updating countdown to 17189
[20:44:51.546] [SEVERE ] updating countdown to 17176
[20:44:51.556] [SEVERE ] updating countdown to 17166
[20:44:51.567] [SEVERE ] updating countdown to 17155
[20:44:51.578] [SEVERE ] updating countdown to 17144
[20:44:51.589] [SEVERE ] updating countdown to 17133
[20:44:51.600] [SEVERE ] updating countdown to 17122
[20:44:51.612] [SEVERE ] updating countdown to 17110
[20:44:51.623] [SEVERE ] updating countdown to 17099
[20:44:51.635] [SEVERE ] updating countdown to 17087
[20:44:51.645] [SEVERE ] updating countdown to 17077
[20:44:51.656] [SEVERE ] updating countdown to 17066
[20:44:51.667] [SEVERE ] updating countdown to 17055
[20:44:51.679] [SEVERE ] updating countdown to 17044
[20:44:51.690] [SEVERE ] updating countdown to 17032
[20:44:51.701] [SEVERE ] updating countdown to 17021
[20:44:51.715] [SEVERE ] updating countdown to 17007
[20:44:51.728] [SEVERE ] updating countdown to 16994
[20:44:51.739] [SEVERE ] updating countdown to 16983
[20:44:51.753] [SEVERE ] updating countdown to 16969
[20:44:51.765] [SEVERE ] updating countdown to 16957
[20:44:51.776] [SEVERE ] updating countdown to 16946
[20:44:51.786] [SEVERE ] updating countdown to 16936
[20:44:51.797] [SEVERE ] updating countdown to 16925
[20:44:51.808] [SEVERE ] updating countdown to 16914
[20:44:51.819] [SEVERE ] updating countdown to 16903
[20:44:51.830] [SEVERE ] updating countdown to 16892
[20:44:51.841] [SEVERE ] updating countdown to 16881
[20:44:51.853] [SEVERE ] updating countdown to 16869
[20:44:51.865] [SEVERE ] updating countdown to 16857
[20:44:51.878] [SEVERE ] updating countdown to 16844
[20:44:51.889] [SEVERE ] updating countdown to 16833
[20:44:51.899] [SEVERE ] updating countdown to 16823
[20:44:51.910] [SEVERE ] updating countdown to 16812
[20:44:51.920] [SEVERE ] updating countdown to 16802
[20:44:51.931] [SEVERE ] updating countdown to 16791
[20:44:51.942] [SEVERE ] updating countdown to 16780
[20:44:51.953] [SEVERE ] updating countdown to 16769
[20:44:51.964] [SEVERE ] updating countdown to 16758
[20:44:51.975] [SEVERE ] updating countdown to 16747
[20:44:51.986] [SEVERE ] updating countdown to 16736
[20:44:51.997] [SEVERE ] updating countdown to 16725
[20:44:52.008] [SEVERE ] updating countdown to 16714
[20:44:52.019] [SEVERE ] updating countdown to 16703
[20:44:52.030] [SEVERE ] updating countdown to 16693
[20:44:52.040] [SEVERE ] updating countdown to 16682
[20:44:52.051] [SEVERE ] updating countdown to 16671
[20:44:52.062] [SEVERE ] updating countdown to 16660
[20:44:52.073] [SEVERE ] updating countdown to 16649
[20:44:52.083] [SEVERE ] updating countdown to 16639
[20:44:52.095] [SEVERE ] updating countdown to 16627
[20:44:52.105] [SEVERE ] updating countdown to 16617
[20:44:52.117] [SEVERE ] updating countdown to 16605
[20:44:52.128] [SEVERE ] updating countdown to 16594
[20:44:52.140] [SEVERE ] updating countdown to 16582
[20:44:52.152] [SEVERE ] updating countdown to 16570
[20:44:52.164] [SEVERE ] updating countdown to 16558
[20:44:52.177] [SEVERE ] updating countdown to 16545
[20:44:52.190] [SEVERE ] updating countdown to 16532
[20:44:52.201] [SEVERE ] updating countdown to 16521
[20:44:52.213] [SEVERE ] updating countdown to 16509
[20:44:52.224] [SEVERE ] updating countdown to 16498
[20:44:52.236] [SEVERE ] updating countdown to 16486
[20:44:52.249] [SEVERE ] updating countdown to 16473
[20:44:52.263] [SEVERE ] updating countdown to 16459
[20:44:52.276] [SEVERE ] updating countdown to 16446
[20:44:52.289] [SEVERE ] updating countdown to 16433
[20:44:52.301] [SEVERE ] updating countdown to 16421
[20:44:52.313] [SEVERE ] updating countdown to 16409
[20:44:52.324] [SEVERE ] updating countdown to 16398
[20:44:52.335] [SEVERE ] updating countdown to 16387
[20:44:52.346] [SEVERE ] updating countdown to 16376
[20:44:52.358] [SEVERE ] updating countdown to 16364
[20:44:52.371] [SEVERE ] updating countdown to 16351
[20:44:52.383] [SEVERE ] updating countdown to 16339
[20:44:52.393] [SEVERE ] updating countdown to 16329
[20:44:52.404] [SEVERE ] updating countdown to 16318
[20:44:52.415] [SEVERE ] updating countdown to 16307
[20:44:52.428] [SEVERE ] updating countdown to 16294
[20:44:52.441] [SEVERE ] updating countdown to 16281
[20:44:52.454] [SEVERE ] updating countdown to 16268
[20:44:52.466] [SEVERE ] updating countdown to 16256
[20:44:52.479] [SEVERE ] updating countdown to 16243
[20:44:52.491] [SEVERE ] updating countdown to 16231
[20:44:52.502] [SEVERE ] updating countdown to 16220
[20:44:52.512] [SEVERE ] updating countdown to 16210
[20:44:52.524] [SEVERE ] updating countdown to 16198
[20:44:52.536] [SEVERE ] updating countdown to 16186
[20:44:52.546] [SEVERE ] updating countdown to 16176
[20:44:52.557] [SEVERE ] updating countdown to 16165
[20:44:52.568] [SEVERE ] updating countdown to 16154
[20:44:52.581] [SEVERE ] updating countdown to 16141
[20:44:52.593] [SEVERE ] updating countdown to 16129
[20:44:52.606] [SEVERE ] updating countdown to 16116
[20:44:52.617] [SEVERE ] updating countdown to 16105
[20:44:52.628] [SEVERE ] updating countdown to 16094
[20:44:52.641] [SEVERE ] updating countdown to 16081
[20:44:52.652] [SEVERE ] updating countdown to 16070
[20:44:52.664] [SEVERE ] updating countdown to 16058
[20:44:52.675] [SEVERE ] updating countdown to 16047
[20:44:52.687] [SEVERE ] updating countdown to 16035
[20:44:52.698] [SEVERE ] updating countdown to 16024
[20:44:52.710] [SEVERE ] updating countdown to 16012
[20:44:52.721] [SEVERE ] updating countdown to 16001
[20:44:52.734] [SEVERE ] updating countdown to 15988
[20:44:52.745] [SEVERE ] updating countdown to 15977
[20:44:52.758] [SEVERE ] updating countdown to 15964
[20:44:52.769] [SEVERE ] updating countdown to 15953
[20:44:52.780] [SEVERE ] updating countdown to 15942
[20:44:52.791] [SEVERE ] updating countdown to 15931
[20:44:52.802] [SEVERE ] updating countdown to 15920
[20:44:52.813] [SEVERE ] updating countdown to 15909
[20:44:52.825] [SEVERE ] updating countdown to 15897
[20:44:52.838] [SEVERE ] updating countdown to 15884
[20:44:52.849] [SEVERE ] updating countdown to 15873
[20:44:52.861] [SEVERE ] updating countdown to 15861
[20:44:52.873] [SEVERE ] updating countdown to 15849
[20:44:52.885] [SEVERE ] updating countdown to 15837
[20:44:52.898] [SEVERE ] updating countdown to 15824
[20:44:52.910] [SEVERE ] updating countdown to 15812
[20:44:52.922] [SEVERE ] updating countdown to 15800
[20:44:52.935] [SEVERE ] updating countdown to 15787
[20:44:52.948] [SEVERE ] updating countdown to 15774
[20:44:52.960] [SEVERE ] updating countdown to 15762
[20:44:52.972] [SEVERE ] updating countdown to 15750
[20:44:52.984] [SEVERE ] updating countdown to 15738
[20:44:52.996] [SEVERE ] updating countdown to 15726
[20:44:53.007] [SEVERE ] updating countdown to 15715
[20:44:53.020] [SEVERE ] updating countdown to 15702
[20:44:53.033] [SEVERE ] updating countdown to 15689
[20:44:53.044] [SEVERE ] updating countdown to 15678
[20:44:53.056] [SEVERE ] updating countdown to 15666
[20:44:53.068] [SEVERE ] updating countdown to 15654
[20:44:53.080] [SEVERE ] updating countdown to 15642
[20:44:53.092] [SEVERE ] updating countdown to 15630
[20:44:53.104] [SEVERE ] updating countdown to 15618
[20:44:53.116] [SEVERE ] updating countdown to 15606
[20:44:53.130] [SEVERE ] updating countdown to 15592
[20:44:53.143] [SEVERE ] updating countdown to 15579
[20:44:53.156] [SEVERE ] updating countdown to 15566
[20:44:53.168] [SEVERE ] updating countdown to 15554
[20:44:53.180] [SEVERE ] updating countdown to 15542
[20:44:53.191] [SEVERE ] updating countdown to 15531
[20:44:53.204] [SEVERE ] updating countdown to 15518
[20:44:53.217] [SEVERE ] updating countdown to 15505
[20:44:53.229] [SEVERE ] updating countdown to 15493
[20:44:53.240] [SEVERE ] updating countdown to 15482
[20:44:53.252] [SEVERE ] updating countdown to 15470
[20:44:53.264] [SEVERE ] updating countdown to 15458
[20:44:53.275] [SEVERE ] updating countdown to 15447
[20:44:53.286] [SEVERE ] updating countdown to 15436
[20:44:53.296] [SEVERE ] updating countdown to 15426
[20:44:53.307] [SEVERE ] updating countdown to 15415
[20:44:53.319] [SEVERE ] updating countdown to 15403
[20:44:53.331] [SEVERE ] updating countdown to 15391
[20:44:53.342] [SEVERE ] updating countdown to 15380
[20:44:53.354] [SEVERE ] updating countdown to 15368
[20:44:53.365] [SEVERE ] updating countdown to 15357
[20:44:53.376] [SEVERE ] updating countdown to 15346
[20:44:53.387] [SEVERE ] updating countdown to 15335
[20:44:53.398] [SEVERE ] updating countdown to 15324
[20:44:53.409] [SEVERE ] updating countdown to 15313
[20:44:53.420] [SEVERE ] updating countdown to 15302
[20:44:53.431] [SEVERE ] updating countdown to 15291
[20:44:53.444] [SEVERE ] updating countdown to 15278
[20:44:53.456] [SEVERE ] updating countdown to 15266
[20:44:53.468] [SEVERE ] updating countdown to 15254
[20:44:53.480] [SEVERE ] updating countdown to 15242
[20:44:53.492] [SEVERE ] updating countdown to 15230
[20:44:53.502] [SEVERE ] updating countdown to 15220
[20:44:53.513] [SEVERE ] updating countdown to 15209
[20:44:53.524] [SEVERE ] updating countdown to 15198
[20:44:53.535] [SEVERE ] updating countdown to 15187
[20:44:53.546] [SEVERE ] updating countdown to 15176
[20:44:53.557] [SEVERE ] updating countdown to 15165
[20:44:53.569] [SEVERE ] updating countdown to 15154
[20:44:53.581] [SEVERE ] updating countdown to 15141
[20:44:53.592] [SEVERE ] updating countdown to 15131
[20:44:53.604] [SEVERE ] updating countdown to 15118
[20:44:53.615] [SEVERE ] updating countdown to 15107
[20:44:53.626] [SEVERE ] updating countdown to 15096
[20:44:53.637] [SEVERE ] updating countdown to 15085
[20:44:53.649] [SEVERE ] updating countdown to 15073
[20:44:53.660] [SEVERE ] updating countdown to 15062
[20:44:53.671] [SEVERE ] updating countdown to 15051
[20:44:53.682] [SEVERE ] updating countdown to 15040
[20:44:53.693] [SEVERE ] updating countdown to 15029
[20:44:53.704] [SEVERE ] updating countdown to 15018
[20:44:53.716] [SEVERE ] updating countdown to 15006
[20:44:53.728] [SEVERE ] updating countdown to 14994
[20:44:53.740] [SEVERE ] updating countdown to 14982
[20:44:53.752] [SEVERE ] updating countdown to 14970
[20:44:53.763] [SEVERE ] updating countdown to 14959
[20:44:53.776] [SEVERE ] updating countdown to 14946
[20:44:53.789] [SEVERE ] updating countdown to 14933
[20:44:53.801] [SEVERE ] updating countdown to 14921
[20:44:53.812] [SEVERE ] updating countdown to 14910
[20:44:53.824] [SEVERE ] updating countdown to 14898
[20:44:53.836] [SEVERE ] updating countdown to 14886
[20:44:53.848] [SEVERE ] updating countdown to 14874
[20:44:53.863] [SEVERE ] updating countdown to 14859
[20:44:53.876] [SEVERE ] updating countdown to 14846
[20:44:53.888] [SEVERE ] updating countdown to 14834
[20:44:53.899] [SEVERE ] updating countdown to 14823
[20:44:53.912] [SEVERE ] updating countdown to 14810
[20:44:53.924] [SEVERE ] updating countdown to 14798
[20:44:53.936] [SEVERE ] updating countdown to 14786
[20:44:53.948] [SEVERE ] updating countdown to 14774
[20:44:53.959] [SEVERE ] updating countdown to 14763
[20:44:53.970] [SEVERE ] updating countdown to 14752
[20:44:53.981] [SEVERE ] updating countdown to 14741
[20:44:53.992] [SEVERE ] updating countdown to 14730
[20:44:54.004] [SEVERE ] updating countdown to 14718
[20:44:54.015] [SEVERE ] updating countdown to 14707
[20:44:54.027] [SEVERE ] updating countdown to 14695
[20:44:54.038] [SEVERE ] updating countdown to 14684
[20:44:54.049] [SEVERE ] updating countdown to 14673
[20:44:54.061] [SEVERE ] updating countdown to 14661
[20:44:54.074] [SEVERE ] updating countdown to 14648
[20:44:54.086] [SEVERE ] updating countdown to 14637
[20:44:54.096] [SEVERE ] updating countdown to 14626
[20:44:54.106] [SEVERE ] updating countdown to 14616
[20:44:54.117] [SEVERE ] updating countdown to 14605
[20:44:54.128] [SEVERE ] updating countdown to 14594
[20:44:54.139] [SEVERE ] updating countdown to 14583
[20:44:54.149] [SEVERE ] updating countdown to 14573
[20:44:54.160] [SEVERE ] updating countdown to 14562
[20:44:54.171] [SEVERE ] updating countdown to 14551
[20:44:54.181] [SEVERE ] updating countdown to 14541
[20:44:54.192] [SEVERE ] updating countdown to 14530
[20:44:54.202] [SEVERE ] updating countdown to 14520
[20:44:54.213] [SEVERE ] updating countdown to 14509
[20:44:54.224] [SEVERE ] updating countdown to 14498
[20:44:54.235] [SEVERE ] updating countdown to 14487
[20:44:54.247] [SEVERE ] updating countdown to 14475
[20:44:54.258] [SEVERE ] updating countdown to 14464
[20:44:54.269] [SEVERE ] updating countdown to 14453
[20:44:54.281] [SEVERE ] updating countdown to 14441
[20:44:54.293] [SEVERE ] updating countdown to 14429
[20:44:54.305] [SEVERE ] updating countdown to 14417
[20:44:54.316] [SEVERE ] updating countdown to 14406
[20:44:54.328] [SEVERE ] updating countdown to 14394
[20:44:54.339] [SEVERE ] updating countdown to 14383
[20:44:54.350] [SEVERE ] updating countdown to 14372
[20:44:54.362] [SEVERE ] updating countdown to 14360
[20:44:54.374] [SEVERE ] updating countdown to 14348
[20:44:54.386] [SEVERE ] updating countdown to 14336
[20:44:54.397] [SEVERE ] updating countdown to 14325
[20:44:54.409] [SEVERE ] updating countdown to 14313
[20:44:54.421] [SEVERE ] updating countdown to 14301
[20:44:54.434] [SEVERE ] updating countdown to 14288
[20:44:54.445] [SEVERE ] updating countdown to 14277
[20:44:54.457] [SEVERE ] updating countdown to 14265
[20:44:54.469] [SEVERE ] updating countdown to 14253
[20:44:54.481] [SEVERE ] updating countdown to 14241
[20:44:54.493] [SEVERE ] updating countdown to 14229
[20:44:54.504] [SEVERE ] updating countdown to 14218
[20:44:54.514] [SEVERE ] updating countdown to 14208
[20:44:54.525] [SEVERE ] updating countdown to 14197
[20:44:54.536] [SEVERE ] updating countdown to 14186
[20:44:54.548] [SEVERE ] updating countdown to 14174
[20:44:54.561] [SEVERE ] updating countdown to 14161
[20:44:54.572] [SEVERE ] updating countdown to 14150
[20:44:54.585] [SEVERE ] updating countdown to 14137
[20:44:54.597] [SEVERE ] updating countdown to 14125
[20:44:54.609] [SEVERE ] updating countdown to 14113
[20:44:54.620] [SEVERE ] updating countdown to 14102
[20:44:54.631] [SEVERE ] updating countdown to 14091
[20:44:54.642] [SEVERE ] updating countdown to 14080
[20:44:54.654] [SEVERE ] updating countdown to 14068
[20:44:54.665] [SEVERE ] updating countdown to 14057
[20:44:54.677] [SEVERE ] updating countdown to 14045
[20:44:54.688] [SEVERE ] updating countdown to 14034
[20:44:54.698] [SEVERE ] updating countdown to 14024
[20:44:54.709] [SEVERE ] updating countdown to 14013
[20:44:54.720] [SEVERE ] updating countdown to 14002
[20:44:54.732] [SEVERE ] updating countdown to 13990
[20:44:54.744] [SEVERE ] updating countdown to 13978
[20:44:54.756] [SEVERE ] updating countdown to 13966
[20:44:54.769] [SEVERE ] updating countdown to 13953
[20:44:54.781] [SEVERE ] updating countdown to 13941
[20:44:54.792] [SEVERE ] updating countdown to 13930
[20:44:54.804] [SEVERE ] updating countdown to 13918
[20:44:54.816] [SEVERE ] updating countdown to 13906
[20:44:54.827] [SEVERE ] updating countdown to 13895
[20:44:54.838] [SEVERE ] updating countdown to 13884
[20:44:54.849] [SEVERE ] updating countdown to 13873
[20:44:54.860] [SEVERE ] updating countdown to 13862
[20:44:54.870] [SEVERE ] updating countdown to 13852
[20:44:54.881] [SEVERE ] updating countdown to 13841
[20:44:54.892] [SEVERE ] updating countdown to 13830
[20:44:54.902] [SEVERE ] updating countdown to 13820
[20:44:54.913] [SEVERE ] updating countdown to 13809
[20:44:54.925] [SEVERE ] updating countdown to 13797
[20:44:54.935] [SEVERE ] updating countdown to 13787
[20:44:54.946] [SEVERE ] updating countdown to 13776
[20:44:54.956] [SEVERE ] updating countdown to 13766
[20:44:54.967] [SEVERE ] updating countdown to 13755
[20:44:54.978] [SEVERE ] updating countdown to 13744
[20:44:54.989] [SEVERE ] updating countdown to 13733
[20:44:55.000] [SEVERE ] updating countdown to 13722
[20:44:55.010] [SEVERE ] updating countdown to 13712
[20:44:55.021] [SEVERE ] updating countdown to 13701
[20:44:55.032] [SEVERE ] updating countdown to 13690
[20:44:55.042] [SEVERE ] updating countdown to 13680
[20:44:55.053] [SEVERE ] updating countdown to 13669
[20:44:55.063] [SEVERE ] updating countdown to 13659
[20:44:55.074] [SEVERE ] updating countdown to 13648
[20:44:55.086] [SEVERE ] updating countdown to 13636
[20:44:55.097] [SEVERE ] updating countdown to 13625
[20:44:55.108] [SEVERE ] updating countdown to 13614
[20:44:55.119] [SEVERE ] updating countdown to 13603
[20:44:55.130] [SEVERE ] updating countdown to 13592
[20:44:55.142] [SEVERE ] updating countdown to 13580
[20:44:55.154] [SEVERE ] updating countdown to 13568
[20:44:55.164] [SEVERE ] updating countdown to 13558
[20:44:55.175] [SEVERE ] updating countdown to 13547
[20:44:55.186] [SEVERE ] updating countdown to 13536
[20:44:55.196] [SEVERE ] updating countdown to 13526
[20:44:55.207] [SEVERE ] updating countdown to 13515
[20:44:55.218] [SEVERE ] updating countdown to 13504
[20:44:55.228] [SEVERE ] updating countdown to 13494
[20:44:55.238] [SEVERE ] updating countdown to 13484
[20:44:55.250] [SEVERE ] updating countdown to 13472
[20:44:55.261] [SEVERE ] updating countdown to 13461
[20:44:55.272] [SEVERE ] updating countdown to 13450
[20:44:55.283] [SEVERE ] updating countdown to 13439
[20:44:55.294] [SEVERE ] updating countdown to 13428
[20:44:55.306] [SEVERE ] updating countdown to 13416
[20:44:55.317] [SEVERE ] updating countdown to 13405
[20:44:55.328] [SEVERE ] updating countdown to 13394
[20:44:55.339] [SEVERE ] updating countdown to 13383
[20:44:55.350] [SEVERE ] updating countdown to 13372
[20:44:55.362] [SEVERE ] updating countdown to 13360
[20:44:55.374] [SEVERE ] updating countdown to 13348
[20:44:55.386] [SEVERE ] updating countdown to 13336
[20:44:55.399] [SEVERE ] updating countdown to 13323
[20:44:55.410] [SEVERE ] updating countdown to 13312
[20:44:55.421] [SEVERE ] updating countdown to 13301
[20:44:55.433] [SEVERE ] updating countdown to 13289
[20:44:55.443] [SEVERE ] updating countdown to 13279
[20:44:55.455] [SEVERE ] updating countdown to 13267
[20:44:55.466] [SEVERE ] updating countdown to 13256
[20:44:55.478] [SEVERE ] updating countdown to 13244
[20:44:55.490] [SEVERE ] updating countdown to 13232
[20:44:55.502] [SEVERE ] updating countdown to 13220
[20:44:55.512] [SEVERE ] updating countdown to 13210
[20:44:55.524] [SEVERE ] updating countdown to 13198
[20:44:55.535] [SEVERE ] updating countdown to 13187
[20:44:55.546] [SEVERE ] updating countdown to 13176
[20:44:55.558] [SEVERE ] updating countdown to 13164
[20:44:55.570] [SEVERE ] updating countdown to 13152
[20:44:55.581] [SEVERE ] updating countdown to 13141
[20:44:55.592] [SEVERE ] updating countdown to 13130
[20:44:55.602] [SEVERE ] updating countdown to 13120
[20:44:55.613] [SEVERE ] updating countdown to 13109
[20:44:55.624] [SEVERE ] updating countdown to 13098
[20:44:55.636] [SEVERE ] updating countdown to 13086
[20:44:55.649] [SEVERE ] updating countdown to 13073
[20:44:55.659] [SEVERE ] updating countdown to 13063
[20:44:55.670] [SEVERE ] updating countdown to 13052
[20:44:55.682] [SEVERE ] updating countdown to 13040
[20:44:55.693] [SEVERE ] updating countdown to 13029
[20:44:55.704] [SEVERE ] updating countdown to 13018
[20:44:55.715] [SEVERE ] updating countdown to 13007
[20:44:55.725] [SEVERE ] updating countdown to 12997
[20:44:55.736] [SEVERE ] updating countdown to 12986
[20:44:55.747] [SEVERE ] updating countdown to 12975
[20:44:55.759] [SEVERE ] updating countdown to 12963
[20:44:55.771] [SEVERE ] updating countdown to 12951
[20:44:55.783] [SEVERE ] updating countdown to 12939
[20:44:55.796] [SEVERE ] updating countdown to 12926
[20:44:55.808] [SEVERE ] updating countdown to 12914
[20:44:55.819] [SEVERE ] updating countdown to 12903
[20:44:55.830] [SEVERE ] updating countdown to 12892
[20:44:55.841] [SEVERE ] updating countdown to 12881
[20:44:55.852] [SEVERE ] updating countdown to 12870
[20:44:55.862] [SEVERE ] updating countdown to 12860
[20:44:55.873] [SEVERE ] updating countdown to 12849
[20:44:55.885] [SEVERE ] updating countdown to 12837
[20:44:55.898] [SEVERE ] updating countdown to 12824
[20:44:55.910] [SEVERE ] updating countdown to 12812
[20:44:55.922] [SEVERE ] updating countdown to 12800
[20:44:55.933] [SEVERE ] updating countdown to 12789
[20:44:55.944] [SEVERE ] updating countdown to 12778
[20:44:55.956] [SEVERE ] updating countdown to 12766
[20:44:55.968] [SEVERE ] updating countdown to 12754
[20:44:55.981] [SEVERE ] updating countdown to 12741
[20:44:55.993] [SEVERE ] updating countdown to 12729
[20:44:56.005] [SEVERE ] updating countdown to 12717
[20:44:56.016] [SEVERE ] updating countdown to 12706
[20:44:56.028] [SEVERE ] updating countdown to 12694
[20:44:56.039] [SEVERE ] updating countdown to 12683
[20:44:56.049] [SEVERE ] updating countdown to 12673
[20:44:56.060] [SEVERE ] updating countdown to 12662
[20:44:56.073] [SEVERE ] updating countdown to 12649
[20:44:56.086] [SEVERE ] updating countdown to 12636
[20:44:56.098] [SEVERE ] updating countdown to 12624
[20:44:56.110] [SEVERE ] updating countdown to 12612
[20:44:56.121] [SEVERE ] updating countdown to 12601
[20:44:56.131] [SEVERE ] updating countdown to 12591
[20:44:56.142] [SEVERE ] updating countdown to 12580
[20:44:56.153] [SEVERE ] updating countdown to 12569
[20:44:56.164] [SEVERE ] updating countdown to 12558
[20:44:56.175] [SEVERE ] updating countdown to 12547
[20:44:56.185] [SEVERE ] updating countdown to 12537
[20:44:56.196] [SEVERE ] updating countdown to 12526
[20:44:56.208] [SEVERE ] updating countdown to 12514
[20:44:56.218] [SEVERE ] updating countdown to 12504
[20:44:56.229] [SEVERE ] updating countdown to 12493
[20:44:56.239] [SEVERE ] updating countdown to 12483
[20:44:56.250] [SEVERE ] updating countdown to 12472
[20:44:56.260] [SEVERE ] updating countdown to 12462
[20:44:56.271] [SEVERE ] updating countdown to 12451
[20:44:56.281] [SEVERE ] updating countdown to 12441
[20:44:56.292] [SEVERE ] updating countdown to 12430
[20:44:56.303] [SEVERE ] updating countdown to 12419
[20:44:56.314] [SEVERE ] updating countdown to 12408
[20:44:56.324] [SEVERE ] updating countdown to 12398
[20:44:56.335] [SEVERE ] updating countdown to 12387
[20:44:56.345] [SEVERE ] updating countdown to 12377
[20:44:56.356] [SEVERE ] updating countdown to 12366
[20:44:56.366] [SEVERE ] updating countdown to 12356
[20:44:56.377] [SEVERE ] updating countdown to 12345
[20:44:56.387] [SEVERE ] updating countdown to 12335
[20:44:56.398] [SEVERE ] updating countdown to 12324
[20:44:56.408] [SEVERE ] updating countdown to 12314
[20:44:56.419] [SEVERE ] updating countdown to 12303
[20:44:56.430] [SEVERE ] updating countdown to 12292
[20:44:56.440] [SEVERE ] updating countdown to 12282
[20:44:56.450] [SEVERE ] updating countdown to 12272
[20:44:56.461] [SEVERE ] updating countdown to 12261
[20:44:56.471] [SEVERE ] updating countdown to 12251
[20:44:56.482] [SEVERE ] updating countdown to 12240
[20:44:56.492] [SEVERE ] updating countdown to 12230
[20:44:56.503] [SEVERE ] updating countdown to 12219
[20:44:56.514] [SEVERE ] updating countdown to 12209
[20:44:56.524] [SEVERE ] updating countdown to 12198
[20:44:56.535] [SEVERE ] updating countdown to 12187
[20:44:56.545] [SEVERE ] updating countdown to 12177
[20:44:56.556] [SEVERE ] updating countdown to 12166
[20:44:56.567] [SEVERE ] updating countdown to 12155
[20:44:56.579] [SEVERE ] updating countdown to 12143
[20:44:56.592] [SEVERE ] updating countdown to 12130
[20:44:56.603] [SEVERE ] updating countdown to 12119
[20:44:56.614] [SEVERE ] updating countdown to 12108
[20:44:56.625] [SEVERE ] updating countdown to 12097
[20:44:56.637] [SEVERE ] updating countdown to 12085
[20:44:56.650] [SEVERE ] updating countdown to 12072
[20:44:56.663] [SEVERE ] updating countdown to 12059
[20:44:56.676] [SEVERE ] updating countdown to 12046
[20:44:56.689] [SEVERE ] updating countdown to 12033
[20:44:56.701] [SEVERE ] updating countdown to 12022
[20:44:56.711] [SEVERE ] updating countdown to 12011
[20:44:56.723] [SEVERE ] updating countdown to 11999
[20:44:56.735] [SEVERE ] updating countdown to 11987
[20:44:56.746] [SEVERE ] updating countdown to 11976
[20:44:56.756] [SEVERE ] updating countdown to 11966
[20:44:56.767] [SEVERE ] updating countdown to 11955
[20:44:56.778] [SEVERE ] updating countdown to 11944
[20:44:56.790] [SEVERE ] updating countdown to 11932
[20:44:56.801] [SEVERE ] updating countdown to 11921
[20:44:56.811] [SEVERE ] updating countdown to 11911
[20:44:56.822] [SEVERE ] updating countdown to 11900
[20:44:56.833] [SEVERE ] updating countdown to 11889
[20:44:56.844] [SEVERE ] updating countdown to 11878
[20:44:56.854] [SEVERE ] updating countdown to 11868
[20:44:56.865] [SEVERE ] updating countdown to 11857
[20:44:56.876] [SEVERE ] updating countdown to 11846
[20:44:56.886] [SEVERE ] updating countdown to 11836
[20:44:56.897] [SEVERE ] updating countdown to 11825
[20:44:56.908] [SEVERE ] updating countdown to 11814
[20:44:56.921] [SEVERE ] updating countdown to 11801
[20:44:56.933] [SEVERE ] updating countdown to 11789
[20:44:56.945] [SEVERE ] updating countdown to 11777
[20:44:56.956] [SEVERE ] updating countdown to 11766
[20:44:56.969] [SEVERE ] updating countdown to 11753
[20:44:56.981] [SEVERE ] updating countdown to 11741
[20:44:56.993] [SEVERE ] updating countdown to 11729
[20:44:57.004] [SEVERE ] updating countdown to 11718
[20:44:57.015] [SEVERE ] updating countdown to 11707
[20:44:57.026] [SEVERE ] updating countdown to 11696
[20:44:57.037] [SEVERE ] updating countdown to 11685
[20:44:57.050] [SEVERE ] updating countdown to 11672
[20:44:57.062] [SEVERE ] updating countdown to 11660
[20:44:57.073] [SEVERE ] updating countdown to 11649
[20:44:57.085] [SEVERE ] updating countdown to 11637
[20:44:57.098] [SEVERE ] updating countdown to 11624
[20:44:57.110] [SEVERE ] updating countdown to 11612
[20:44:57.124] [SEVERE ] updating countdown to 11598
[20:44:57.136] [SEVERE ] updating countdown to 11586
[20:44:57.148] [SEVERE ] updating countdown to 11574
[20:44:57.160] [SEVERE ] updating countdown to 11562
[20:44:57.171] [SEVERE ] updating countdown to 11551
[20:44:57.183] [SEVERE ] updating countdown to 11539
[20:44:57.194] [SEVERE ] updating countdown to 11528
[20:44:57.205] [SEVERE ] updating countdown to 11517
[20:44:57.216] [SEVERE ] updating countdown to 11506
[20:44:57.227] [SEVERE ] updating countdown to 11495
[20:44:57.239] [SEVERE ] updating countdown to 11483
[20:44:57.250] [SEVERE ] updating countdown to 11472
[20:44:57.261] [SEVERE ] updating countdown to 11461
[20:44:57.271] [SEVERE ] updating countdown to 11451
[20:44:57.282] [SEVERE ] updating countdown to 11440
[20:44:57.293] [SEVERE ] updating countdown to 11429
[20:44:57.303] [SEVERE ] updating countdown to 11419
[20:44:57.314] [SEVERE ] updating countdown to 11408
[20:44:57.325] [SEVERE ] updating countdown to 11397
[20:44:57.336] [SEVERE ] updating countdown to 11386
[20:44:57.346] [SEVERE ] updating countdown to 11376
[20:44:57.358] [SEVERE ] updating countdown to 11364
[20:44:57.370] [SEVERE ] updating countdown to 11352
[20:44:57.380] [SEVERE ] updating countdown to 11342
[20:44:57.391] [SEVERE ] updating countdown to 11331
[20:44:57.402] [SEVERE ] updating countdown to 11320
[20:44:57.413] [SEVERE ] updating countdown to 11309
[20:44:57.423] [SEVERE ] updating countdown to 11299
[20:44:57.434] [SEVERE ] updating countdown to 11288
[20:44:57.446] [SEVERE ] updating countdown to 11276
[20:44:57.456] [SEVERE ] updating countdown to 11266
[20:44:57.467] [SEVERE ] updating countdown to 11255
[20:44:57.478] [SEVERE ] updating countdown to 11244
[20:44:57.488] [SEVERE ] updating countdown to 11234
[20:44:57.499] [SEVERE ] updating countdown to 11223
[20:44:57.510] [SEVERE ] updating countdown to 11212
[20:44:57.520] [SEVERE ] updating countdown to 11202
[20:44:57.531] [SEVERE ] updating countdown to 11191
[20:44:57.542] [SEVERE ] updating countdown to 11180
[20:44:57.553] [SEVERE ] updating countdown to 11169
[20:44:57.565] [SEVERE ] updating countdown to 11157
[20:44:57.576] [SEVERE ] updating countdown to 11146
[20:44:57.586] [SEVERE ] updating countdown to 11136
[20:44:57.597] [SEVERE ] updating countdown to 11125
[20:44:57.608] [SEVERE ] updating countdown to 11114
[20:44:57.619] [SEVERE ] updating countdown to 11103
[20:44:57.630] [SEVERE ] updating countdown to 11092
[20:44:57.640] [SEVERE ] updating countdown to 11082
[20:44:57.651] [SEVERE ] updating countdown to 11071
[20:44:57.661] [SEVERE ] updating countdown to 11061
[20:44:57.672] [SEVERE ] updating countdown to 11050
[20:44:57.683] [SEVERE ] updating countdown to 11039
[20:44:57.694] [SEVERE ] updating countdown to 11028
[20:44:57.705] [SEVERE ] updating countdown to 11017
[20:44:57.716] [SEVERE ] updating countdown to 11006
[20:44:57.727] [SEVERE ] updating countdown to 10995
[20:44:57.738] [SEVERE ] updating countdown to 10984
[20:44:57.750] [SEVERE ] updating countdown to 10972
[20:44:57.761] [SEVERE ] updating countdown to 10961
[20:44:57.772] [SEVERE ] updating countdown to 10950
[20:44:57.783] [SEVERE ] updating countdown to 10939
[20:44:57.795] [SEVERE ] updating countdown to 10927
[20:44:57.807] [SEVERE ] updating countdown to 10915
[20:44:57.818] [SEVERE ] updating countdown to 10904
[20:44:57.829] [SEVERE ] updating countdown to 10893
[20:44:57.840] [SEVERE ] updating countdown to 10882
[20:44:57.852] [SEVERE ] updating countdown to 10870
[20:44:57.863] [SEVERE ] updating countdown to 10859
[20:44:57.874] [SEVERE ] updating countdown to 10848
[20:44:57.885] [SEVERE ] updating countdown to 10837
[20:44:57.897] [SEVERE ] updating countdown to 10825
[20:44:57.908] [SEVERE ] updating countdown to 10814
[20:44:57.919] [SEVERE ] updating countdown to 10803
[20:44:57.930] [SEVERE ] updating countdown to 10792
[20:44:57.941] [SEVERE ] updating countdown to 10781
[20:44:57.952] [SEVERE ] updating countdown to 10770
[20:44:57.964] [SEVERE ] updating countdown to 10758
[20:44:57.974] [SEVERE ] updating countdown to 10748
[20:44:57.985] [SEVERE ] updating countdown to 10737
[20:44:57.995] [SEVERE ] updating countdown to 10727
[20:44:58.007] [SEVERE ] updating countdown to 10715
[20:44:58.018] [SEVERE ] updating countdown to 10704
[20:44:58.029] [SEVERE ] updating countdown to 10693
[20:44:58.039] [SEVERE ] updating countdown to 10683
[20:44:58.050] [SEVERE ] updating countdown to 10672
[20:44:58.061] [SEVERE ] updating countdown to 10661
[20:44:58.071] [SEVERE ] updating countdown to 10651
[20:44:58.082] [SEVERE ] updating countdown to 10640
[20:44:58.092] [SEVERE ] updating countdown to 10630
[20:44:58.103] [SEVERE ] updating countdown to 10619
[20:44:58.115] [SEVERE ] updating countdown to 10607
[20:44:58.136] [SEVERE ] updating countdown to 10586
[20:44:58.148] [SEVERE ] updating countdown to 10574
[20:44:58.160] [SEVERE ] updating countdown to 10562
[20:44:58.171] [SEVERE ] updating countdown to 10551
[20:44:58.183] [SEVERE ] updating countdown to 10539
[20:44:58.194] [SEVERE ] updating countdown to 10528
[20:44:58.205] [SEVERE ] updating countdown to 10517
[20:44:58.215] [SEVERE ] updating countdown to 10507
[20:44:58.227] [SEVERE ] updating countdown to 10495
[20:44:58.237] [SEVERE ] updating countdown to 10485
[20:44:58.248] [SEVERE ] updating countdown to 10474
[20:44:58.259] [SEVERE ] updating countdown to 10463
[20:44:58.271] [SEVERE ] updating countdown to 10451
[20:44:58.281] [SEVERE ] updating countdown to 10441
[20:44:58.292] [SEVERE ] updating countdown to 10430
[20:44:58.303] [SEVERE ] updating countdown to 10419
[20:44:58.314] [SEVERE ] updating countdown to 10408
[20:44:58.325] [SEVERE ] updating countdown to 10397
[20:44:58.336] [SEVERE ] updating countdown to 10386
[20:44:58.348] [SEVERE ] updating countdown to 10374
[20:44:58.359] [SEVERE ] updating countdown to 10363
[20:44:58.377] [SEVERE ] updating countdown to 10345
[20:44:58.388] [SEVERE ] updating countdown to 10334
[20:44:58.399] [SEVERE ] updating countdown to 10323
[20:44:58.409] [SEVERE ] updating countdown to 10313
[20:44:58.419] [SEVERE ] updating countdown to 10303
[20:44:58.431] [SEVERE ] updating countdown to 10291
[20:44:58.442] [SEVERE ] updating countdown to 10280
[20:44:58.453] [SEVERE ] updating countdown to 10269
[20:44:58.464] [SEVERE ] updating countdown to 10258
[20:44:58.475] [SEVERE ] updating countdown to 10247
[20:44:58.486] [SEVERE ] updating countdown to 10237
[20:44:58.496] [SEVERE ] updating countdown to 10226
[20:44:58.507] [SEVERE ] updating countdown to 10215
[20:44:58.517] [SEVERE ] updating countdown to 10205
[20:44:58.528] [SEVERE ] updating countdown to 10194
[20:44:58.538] [SEVERE ] updating countdown to 10184
[20:44:58.549] [SEVERE ] updating countdown to 10173
[20:44:58.560] [SEVERE ] updating countdown to 10162
[20:44:58.570] [SEVERE ] updating countdown to 10152
[20:44:58.581] [SEVERE ] updating countdown to 10141
[20:44:58.591] [SEVERE ] updating countdown to 10131
[20:44:58.602] [SEVERE ] updating countdown to 10120
[20:44:58.612] [SEVERE ] updating countdown to 10110
[20:44:58.623] [SEVERE ] updating countdown to 10099
[20:44:58.633] [SEVERE ] updating countdown to 10089
[20:44:58.644] [SEVERE ] updating countdown to 10078
[20:44:58.656] [SEVERE ] updating countdown to 10066
[20:44:58.667] [SEVERE ] updating countdown to 10055
[20:44:58.679] [SEVERE ] updating countdown to 10043
[20:44:58.690] [SEVERE ] updating countdown to 10032
[20:44:58.701] [SEVERE ] updating countdown to 10021
[20:44:58.713] [SEVERE ] updating countdown to 10009
[20:44:58.726] [SEVERE ] updating countdown to 9996
[20:44:58.740] [SEVERE ] updating countdown to 9982
[20:44:58.751] [SEVERE ] updating countdown to 9971
[20:44:58.762] [SEVERE ] updating countdown to 9960
[20:44:58.774] [SEVERE ] updating countdown to 9948
[20:44:58.785] [SEVERE ] updating countdown to 9937
[20:44:58.795] [SEVERE ] updating countdown to 9927
[20:44:58.806] [SEVERE ] updating countdown to 9916
[20:44:58.818] [SEVERE ] updating countdown to 9904
[20:44:58.831] [SEVERE ] updating countdown to 9891
[20:44:58.842] [SEVERE ] updating countdown to 9880
[20:44:58.853] [SEVERE ] updating countdown to 9869
[20:44:58.865] [SEVERE ] updating countdown to 9857
[20:44:58.876] [SEVERE ] updating countdown to 9846
[20:44:58.887] [SEVERE ] updating countdown to 9835
[20:44:58.898] [SEVERE ] updating countdown to 9824
[20:44:58.909] [SEVERE ] updating countdown to 9813
[20:44:58.920] [SEVERE ] updating countdown to 9802
[20:44:58.930] [SEVERE ] updating countdown to 9792
[20:44:58.941] [SEVERE ] updating countdown to 9781
[20:44:58.952] [SEVERE ] updating countdown to 9770
[20:44:58.963] [SEVERE ] updating countdown to 9759
[20:44:58.974] [SEVERE ] updating countdown to 9748
[20:44:58.984] [SEVERE ] updating countdown to 9738
[20:44:58.995] [SEVERE ] updating countdown to 9727
[20:44:59.006] [SEVERE ] updating countdown to 9716
[20:44:59.017] [SEVERE ] updating countdown to 9705
[20:44:59.028] [SEVERE ] updating countdown to 9694
[20:44:59.039] [SEVERE ] updating countdown to 9683
[20:44:59.049] [SEVERE ] updating countdown to 9673
[20:44:59.060] [SEVERE ] updating countdown to 9662
[20:44:59.070] [SEVERE ] updating countdown to 9652
[20:44:59.081] [SEVERE ] updating countdown to 9641
[20:44:59.092] [SEVERE ] updating countdown to 9630
[20:44:59.103] [SEVERE ] updating countdown to 9619
[20:44:59.113] [SEVERE ] updating countdown to 9609
[20:44:59.124] [SEVERE ] updating countdown to 9598
[20:44:59.134] [SEVERE ] updating countdown to 9588
[20:44:59.145] [SEVERE ] updating countdown to 9577
[20:44:59.156] [SEVERE ] updating countdown to 9566
[20:44:59.166] [SEVERE ] updating countdown to 9556
[20:44:59.177] [SEVERE ] updating countdown to 9545
[20:44:59.187] [SEVERE ] updating countdown to 9535
[20:44:59.198] [SEVERE ] updating countdown to 9524
[20:44:59.209] [SEVERE ] updating countdown to 9513
[20:44:59.219] [SEVERE ] updating countdown to 9503
[20:44:59.230] [SEVERE ] updating countdown to 9492
[20:44:59.241] [SEVERE ] updating countdown to 9481
[20:44:59.252] [SEVERE ] updating countdown to 9470
[20:44:59.263] [SEVERE ] updating countdown to 9459
[20:44:59.274] [SEVERE ] updating countdown to 9448
[20:44:59.285] [SEVERE ] updating countdown to 9437
[20:44:59.296] [SEVERE ] updating countdown to 9426
[20:44:59.306] [SEVERE ] updating countdown to 9416
[20:44:59.317] [SEVERE ] updating countdown to 9405
[20:44:59.328] [SEVERE ] updating countdown to 9394
[20:44:59.338] [SEVERE ] updating countdown to 9384
[20:44:59.349] [SEVERE ] updating countdown to 9373
[20:44:59.360] [SEVERE ] updating countdown to 9362
[20:44:59.372] [SEVERE ] updating countdown to 9350
[20:44:59.383] [SEVERE ] updating countdown to 9339
[20:44:59.393] [SEVERE ] updating countdown to 9329
[20:44:59.405] [SEVERE ] updating countdown to 9317
[20:44:59.416] [SEVERE ] updating countdown to 9306
[20:44:59.427] [SEVERE ] updating countdown to 9295
[20:44:59.438] [SEVERE ] updating countdown to 9284
[20:44:59.449] [SEVERE ] updating countdown to 9273
[20:44:59.459] [SEVERE ] updating countdown to 9263
[20:44:59.470] [SEVERE ] updating countdown to 9252
[20:44:59.481] [SEVERE ] updating countdown to 9241
[20:44:59.492] [SEVERE ] updating countdown to 9230
[20:44:59.502] [SEVERE ] updating countdown to 9220
[20:44:59.513] [SEVERE ] updating countdown to 9209
[20:44:59.524] [SEVERE ] updating countdown to 9198
[20:44:59.535] [SEVERE ] updating countdown to 9187
[20:44:59.546] [SEVERE ] updating countdown to 9176
[20:44:59.557] [SEVERE ] updating countdown to 9165
[20:44:59.568] [SEVERE ] updating countdown to 9154
[20:44:59.578] [SEVERE ] updating countdown to 9144
[20:44:59.589] [SEVERE ] updating countdown to 9133
[20:44:59.600] [SEVERE ] updating countdown to 9122
[20:44:59.611] [SEVERE ] updating countdown to 9111
[20:44:59.622] [SEVERE ] updating countdown to 9100
[20:44:59.633] [SEVERE ] updating countdown to 9089
[20:44:59.645] [SEVERE ] updating countdown to 9077
[20:44:59.655] [SEVERE ] updating countdown to 9067
[20:44:59.666] [SEVERE ] updating countdown to 9056
[20:44:59.677] [SEVERE ] updating countdown to 9045
[20:44:59.689] [SEVERE ] updating countdown to 9033
[20:44:59.700] [SEVERE ] updating countdown to 9022
[20:44:59.711] [SEVERE ] updating countdown to 9011
[20:44:59.722] [SEVERE ] updating countdown to 9000
[20:44:59.732] [SEVERE ] updating countdown to 8990
[20:44:59.743] [SEVERE ] updating countdown to 8979
[20:44:59.755] [SEVERE ] updating countdown to 8967
[20:44:59.765] [SEVERE ] updating countdown to 8957
[20:44:59.776] [SEVERE ] updating countdown to 8946
[20:44:59.787] [SEVERE ] updating countdown to 8935
[20:44:59.799] [SEVERE ] updating countdown to 8923
[20:44:59.810] [SEVERE ] updating countdown to 8912
[20:44:59.820] [SEVERE ] updating countdown to 8902
[20:44:59.831] [SEVERE ] updating countdown to 8891
[20:44:59.842] [SEVERE ] updating countdown to 8880
[20:44:59.853] [SEVERE ] updating countdown to 8869
[20:44:59.864] [SEVERE ] updating countdown to 8858
[20:44:59.875] [SEVERE ] updating countdown to 8847
[20:44:59.886] [SEVERE ] updating countdown to 8836
[20:44:59.897] [SEVERE ] updating countdown to 8825
[20:44:59.908] [SEVERE ] updating countdown to 8814
[20:44:59.919] [SEVERE ] updating countdown to 8803
[20:44:59.930] [SEVERE ] updating countdown to 8792
[20:44:59.943] [SEVERE ] updating countdown to 8779
[20:44:59.954] [SEVERE ] updating countdown to 8768
[20:44:59.965] [SEVERE ] updating countdown to 8757
[20:44:59.976] [SEVERE ] updating countdown to 8746
[20:44:59.987] [SEVERE ] updating countdown to 8735
[20:44:59.999] [SEVERE ] updating countdown to 8723
[20:45:00.009] [SEVERE ] updating countdown to 8713
[20:45:00.020] [SEVERE ] updating countdown to 8702
[20:45:00.031] [SEVERE ] updating countdown to 8691
[20:45:00.041] [SEVERE ] updating countdown to 8681
[20:45:00.052] [SEVERE ] updating countdown to 8670
[20:45:00.063] [SEVERE ] updating countdown to 8659
[20:45:00.074] [SEVERE ] updating countdown to 8648
[20:45:00.084] [SEVERE ] updating countdown to 8638
[20:45:00.095] [SEVERE ] updating countdown to 8627
[20:45:00.106] [SEVERE ] updating countdown to 8616
[20:45:00.117] [SEVERE ] updating countdown to 8605
[20:45:00.129] [SEVERE ] updating countdown to 8593
[20:45:00.140] [SEVERE ] updating countdown to 8582
[20:45:00.151] [SEVERE ] updating countdown to 8571
[20:45:00.163] [SEVERE ] updating countdown to 8559
[20:45:00.174] [SEVERE ] updating countdown to 8548
[20:45:00.185] [SEVERE ] updating countdown to 8537
[20:45:00.197] [SEVERE ] updating countdown to 8525
[20:45:00.209] [SEVERE ] updating countdown to 8513
[20:45:00.220] [SEVERE ] updating countdown to 8502
[20:45:00.230] [SEVERE ] updating countdown to 8492
[20:45:00.241] [SEVERE ] updating countdown to 8481
[20:45:00.251] [SEVERE ] updating countdown to 8471
[20:45:00.262] [SEVERE ] updating countdown to 8460
[20:45:00.273] [SEVERE ] updating countdown to 8449
[20:45:00.283] [SEVERE ] updating countdown to 8439
[20:45:00.294] [SEVERE ] updating countdown to 8428
[20:45:00.304] [SEVERE ] updating countdown to 8418
[20:45:00.316] [SEVERE ] updating countdown to 8406
[20:45:00.327] [SEVERE ] updating countdown to 8395
[20:45:00.338] [SEVERE ] updating countdown to 8384
[20:45:00.349] [SEVERE ] updating countdown to 8373
[20:45:00.360] [SEVERE ] updating countdown to 8362
[20:45:00.370] [SEVERE ] updating countdown to 8352
[20:45:00.381] [SEVERE ] updating countdown to 8341
[20:45:00.391] [SEVERE ] updating countdown to 8331
[20:45:00.402] [SEVERE ] updating countdown to 8320
[20:45:00.412] [SEVERE ] updating countdown to 8310
[20:45:00.423] [SEVERE ] updating countdown to 8299
[20:45:00.434] [SEVERE ] updating countdown to 8288
[20:45:00.444] [SEVERE ] updating countdown to 8278
[20:45:00.456] [SEVERE ] updating countdown to 8266
[20:45:00.467] [SEVERE ] updating countdown to 8255
[20:45:00.477] [SEVERE ] updating countdown to 8245
[20:45:00.488] [SEVERE ] updating countdown to 8234
[20:45:00.500] [SEVERE ] updating countdown to 8222
[20:45:00.512] [SEVERE ] updating countdown to 8210
[20:45:00.523] [SEVERE ] updating countdown to 8199
[20:45:00.533] [SEVERE ] updating countdown to 8189
[20:45:00.544] [SEVERE ] updating countdown to 8178
[20:45:00.554] [SEVERE ] updating countdown to 8168
[20:45:00.565] [SEVERE ] updating countdown to 8157
[20:45:00.576] [SEVERE ] updating countdown to 8146
[20:45:00.587] [SEVERE ] updating countdown to 8135
[20:45:00.598] [SEVERE ] updating countdown to 8124
[20:45:00.608] [SEVERE ] updating countdown to 8114
[20:45:00.619] [SEVERE ] updating countdown to 8103
[20:45:00.629] [SEVERE ] updating countdown to 8093
[20:45:00.640] [SEVERE ] updating countdown to 8082
[20:45:00.651] [SEVERE ] updating countdown to 8071
[20:45:00.661] [SEVERE ] updating countdown to 8061
[20:45:00.672] [SEVERE ] updating countdown to 8050
[20:45:00.683] [SEVERE ] updating countdown to 8039
[20:45:00.694] [SEVERE ] updating countdown to 8028
[20:45:00.705] [SEVERE ] updating countdown to 8017
[20:45:00.715] [SEVERE ] updating countdown to 8007
[20:45:00.726] [SEVERE ] updating countdown to 7996
[20:45:00.737] [SEVERE ] updating countdown to 7985
[20:45:00.748] [SEVERE ] updating countdown to 7974
[20:45:00.759] [SEVERE ] updating countdown to 7963
[20:45:00.769] [SEVERE ] updating countdown to 7953
[20:45:00.780] [SEVERE ] updating countdown to 7942
[20:45:00.790] [SEVERE ] updating countdown to 7932
[20:45:00.801] [SEVERE ] updating countdown to 7921
[20:45:00.811] [SEVERE ] updating countdown to 7911
[20:45:00.822] [SEVERE ] updating countdown to 7900
[20:45:00.832] [SEVERE ] updating countdown to 7890
[20:45:00.843] [SEVERE ] updating countdown to 7879
[20:45:00.853] [SEVERE ] updating countdown to 7869
[20:45:00.864] [SEVERE ] updating countdown to 7858
[20:45:00.875] [SEVERE ] updating countdown to 7847
[20:45:00.886] [SEVERE ] updating countdown to 7836
[20:45:00.897] [SEVERE ] updating countdown to 7825
[20:45:00.908] [SEVERE ] updating countdown to 7814
[20:45:00.918] [SEVERE ] updating countdown to 7804
[20:45:00.930] [SEVERE ] updating countdown to 7792
[20:45:00.941] [SEVERE ] updating countdown to 7781
[20:45:00.952] [SEVERE ] updating countdown to 7770
[20:45:00.964] [SEVERE ] updating countdown to 7758
[20:45:00.974] [SEVERE ] updating countdown to 7748
[20:45:00.985] [SEVERE ] updating countdown to 7737
[20:45:00.996] [SEVERE ] updating countdown to 7726
[20:45:01.006] [SEVERE ] updating countdown to 7716
[20:45:01.018] [SEVERE ] updating countdown to 7704
[20:45:01.029] [SEVERE ] updating countdown to 7693
[20:45:01.039] [SEVERE ] updating countdown to 7683
[20:45:01.050] [SEVERE ] updating countdown to 7672
[20:45:01.060] [SEVERE ] updating countdown to 7662
[20:45:01.071] [SEVERE ] updating countdown to 7651
[20:45:01.082] [SEVERE ] updating countdown to 7640
[20:45:01.093] [SEVERE ] updating countdown to 7629
[20:45:01.104] [SEVERE ] updating countdown to 7618
[20:45:01.114] [SEVERE ] updating countdown to 7608
[20:45:01.126] [SEVERE ] updating countdown to 7596
[20:45:01.139] [SEVERE ] updating countdown to 7584
[20:45:01.150] [SEVERE ] updating countdown to 7572
[20:45:01.162] [SEVERE ] updating countdown to 7560
[20:45:01.173] [SEVERE ] updating countdown to 7549
[20:45:01.185] [SEVERE ] updating countdown to 7537
[20:45:01.197] [SEVERE ] updating countdown to 7525
[20:45:01.209] [SEVERE ] updating countdown to 7513
[20:45:01.221] [SEVERE ] updating countdown to 7501
[20:45:01.233] [SEVERE ] updating countdown to 7489
[20:45:01.244] [SEVERE ] updating countdown to 7478
[20:45:01.255] [SEVERE ] updating countdown to 7467
[20:45:01.266] [SEVERE ] updating countdown to 7456
[20:45:01.278] [SEVERE ] updating countdown to 7444
[20:45:01.291] [SEVERE ] updating countdown to 7431
[20:45:01.302] [SEVERE ] updating countdown to 7420
[20:45:01.314] [SEVERE ] updating countdown to 7408
[20:45:01.326] [SEVERE ] updating countdown to 7396
[20:45:01.339] [SEVERE ] updating countdown to 7383
[20:45:01.351] [SEVERE ] updating countdown to 7371
[20:45:01.362] [SEVERE ] updating countdown to 7360
[20:45:01.372] [SEVERE ] updating countdown to 7350
[20:45:01.383] [SEVERE ] updating countdown to 7339
[20:45:01.394] [SEVERE ] updating countdown to 7328
[20:45:01.404] [SEVERE ] updating countdown to 7318
[20:45:01.415] [SEVERE ] updating countdown to 7307
[20:45:01.425] [SEVERE ] updating countdown to 7297
[20:45:01.436] [SEVERE ] updating countdown to 7286
[20:45:01.447] [SEVERE ] updating countdown to 7275
[20:45:01.458] [SEVERE ] updating countdown to 7264
[20:45:01.468] [SEVERE ] updating countdown to 7254
[20:45:01.479] [SEVERE ] updating countdown to 7243
[20:45:01.490] [SEVERE ] updating countdown to 7232
[20:45:01.502] [SEVERE ] updating countdown to 7220
[20:45:01.513] [SEVERE ] updating countdown to 7209
[20:45:01.524] [SEVERE ] updating countdown to 7198
[20:45:01.534] [SEVERE ] updating countdown to 7188
[20:45:01.545] [SEVERE ] updating countdown to 7177
[20:45:01.555] [SEVERE ] updating countdown to 7167
[20:45:01.566] [SEVERE ] updating countdown to 7156
[20:45:01.576] [SEVERE ] updating countdown to 7146
[20:45:01.588] [SEVERE ] updating countdown to 7134
[20:45:01.599] [SEVERE ] updating countdown to 7123
[20:45:01.609] [SEVERE ] updating countdown to 7113
[20:45:01.620] [SEVERE ] updating countdown to 7102
[20:45:01.631] [SEVERE ] updating countdown to 7091
[20:45:01.642] [SEVERE ] updating countdown to 7080
[20:45:01.654] [SEVERE ] updating countdown to 7068
[20:45:01.666] [SEVERE ] updating countdown to 7056
[20:45:01.678] [SEVERE ] updating countdown to 7044
[20:45:01.690] [SEVERE ] updating countdown to 7032
[20:45:01.701] [SEVERE ] updating countdown to 7021
[20:45:01.712] [SEVERE ] updating countdown to 7010
[20:45:01.724] [SEVERE ] updating countdown to 6998
[20:45:01.735] [SEVERE ] updating countdown to 6987
[20:45:01.748] [SEVERE ] updating countdown to 6974
[20:45:01.760] [SEVERE ] updating countdown to 6962
[20:45:01.772] [SEVERE ] updating countdown to 6950
[20:45:01.783] [SEVERE ] updating countdown to 6939
[20:45:01.794] [SEVERE ] updating countdown to 6928
[20:45:01.805] [SEVERE ] updating countdown to 6917
[20:45:01.816] [SEVERE ] updating countdown to 6906
[20:45:01.827] [SEVERE ] updating countdown to 6895
[20:45:01.839] [SEVERE ] updating countdown to 6883
[20:45:01.850] [SEVERE ] updating countdown to 6872
[20:45:01.862] [SEVERE ] updating countdown to 6860
[20:45:01.872] [SEVERE ] updating countdown to 6850
[20:45:01.883] [SEVERE ] updating countdown to 6839
[20:45:01.894] [SEVERE ] updating countdown to 6828
[20:45:01.906] [SEVERE ] updating countdown to 6816
[20:45:01.918] [SEVERE ] updating countdown to 6804
[20:45:01.929] [SEVERE ] updating countdown to 6793
[20:45:01.940] [SEVERE ] updating countdown to 6782
[20:45:01.952] [SEVERE ] updating countdown to 6770
[20:45:01.964] [SEVERE ] updating countdown to 6758
[20:45:01.977] [SEVERE ] updating countdown to 6745
[20:45:01.990] [SEVERE ] updating countdown to 6732
[20:45:02.001] [SEVERE ] updating countdown to 6721
[20:45:02.013] [SEVERE ] updating countdown to 6710
[20:45:02.024] [SEVERE ] updating countdown to 6698
[20:45:02.035] [SEVERE ] updating countdown to 6687
[20:45:02.046] [SEVERE ] updating countdown to 6676
[20:45:02.058] [SEVERE ] updating countdown to 6664
[20:45:02.070] [SEVERE ] updating countdown to 6652
[20:45:02.083] [SEVERE ] updating countdown to 6639
[20:45:02.095] [SEVERE ] updating countdown to 6627
[20:45:02.107] [SEVERE ] updating countdown to 6615
[20:45:02.118] [SEVERE ] updating countdown to 6604
[20:45:02.128] [SEVERE ] updating countdown to 6594
[20:45:02.139] [SEVERE ] updating countdown to 6583
[20:45:02.150] [SEVERE ] updating countdown to 6572
[20:45:02.162] [SEVERE ] updating countdown to 6560
[20:45:02.173] [SEVERE ] updating countdown to 6549
[20:45:02.185] [SEVERE ] updating countdown to 6537
[20:45:02.197] [SEVERE ] updating countdown to 6525
[20:45:02.208] [SEVERE ] updating countdown to 6514
[20:45:02.219] [SEVERE ] updating countdown to 6503
[20:45:02.230] [SEVERE ] updating countdown to 6492
[20:45:02.242] [SEVERE ] updating countdown to 6480
[20:45:02.252] [SEVERE ] updating countdown to 6470
[20:45:02.265] [SEVERE ] updating countdown to 6457
[20:45:02.276] [SEVERE ] updating countdown to 6446
[20:45:02.287] [SEVERE ] updating countdown to 6435
[20:45:02.299] [SEVERE ] updating countdown to 6423
[20:45:02.311] [SEVERE ] updating countdown to 6411
[20:45:02.323] [SEVERE ] updating countdown to 6399
[20:45:02.335] [SEVERE ] updating countdown to 6387
[20:45:02.346] [SEVERE ] updating countdown to 6376
[20:45:02.358] [SEVERE ] updating countdown to 6364
[20:45:02.369] [SEVERE ] updating countdown to 6353
[20:45:02.379] [SEVERE ] updating countdown to 6343
[20:45:02.390] [SEVERE ] updating countdown to 6332
[20:45:02.402] [SEVERE ] updating countdown to 6320
[20:45:02.414] [SEVERE ] updating countdown to 6308
[20:45:02.426] [SEVERE ] updating countdown to 6296
[20:45:02.436] [SEVERE ] updating countdown to 6286
[20:45:02.447] [SEVERE ] updating countdown to 6275
[20:45:02.459] [SEVERE ] updating countdown to 6263
[20:45:02.474] [SEVERE ] updating countdown to 6248
[20:45:02.486] [SEVERE ] updating countdown to 6236
[20:45:02.504] [SEVERE ] updating countdown to 6218
[20:45:02.515] [SEVERE ] updating countdown to 6207
[20:45:02.527] [SEVERE ] updating countdown to 6195
[20:45:02.540] [SEVERE ] updating countdown to 6182
[20:45:02.553] [SEVERE ] updating countdown to 6169
[20:45:02.566] [SEVERE ] updating countdown to 6157
[20:45:02.578] [SEVERE ] updating countdown to 6144
[20:45:02.590] [SEVERE ] updating countdown to 6132
[20:45:02.602] [SEVERE ] updating countdown to 6120
[20:45:02.613] [SEVERE ] updating countdown to 6109
[20:45:02.623] [SEVERE ] updating countdown to 6099
[20:45:02.634] [SEVERE ] updating countdown to 6088
[20:45:02.645] [SEVERE ] updating countdown to 6077
[20:45:02.657] [SEVERE ] updating countdown to 6065
[20:45:02.669] [SEVERE ] updating countdown to 6053
[20:45:02.679] [SEVERE ] updating countdown to 6043
[20:45:02.690] [SEVERE ] updating countdown to 6032
[20:45:02.700] [SEVERE ] updating countdown to 6022
[20:45:02.711] [SEVERE ] updating countdown to 6011
[20:45:02.721] [SEVERE ] updating countdown to 6001
[20:45:02.732] [SEVERE ] updating countdown to 5990
[20:45:02.744] [SEVERE ] updating countdown to 5978
[20:45:02.755] [SEVERE ] updating countdown to 5967
[20:45:02.766] [SEVERE ] updating countdown to 5956
[20:45:02.776] [SEVERE ] updating countdown to 5946
[20:45:02.787] [SEVERE ] updating countdown to 5935
[20:45:02.798] [SEVERE ] updating countdown to 5924
[20:45:02.809] [SEVERE ] updating countdown to 5913
[20:45:02.819] [SEVERE ] updating countdown to 5903
[20:45:02.830] [SEVERE ] updating countdown to 5892
[20:45:02.841] [SEVERE ] updating countdown to 5881
[20:45:02.855] [SEVERE ] updating countdown to 5867
[20:45:02.866] [SEVERE ] updating countdown to 5856
[20:45:02.877] [SEVERE ] updating countdown to 5845
[20:45:02.888] [SEVERE ] updating countdown to 5834
[20:45:02.900] [SEVERE ] updating countdown to 5822
[20:45:02.912] [SEVERE ] updating countdown to 5810
[20:45:02.924] [SEVERE ] updating countdown to 5798
[20:45:02.934] [SEVERE ] updating countdown to 5788
[20:45:02.946] [SEVERE ] updating countdown to 5776
[20:45:02.956] [SEVERE ] updating countdown to 5766
[20:45:02.967] [SEVERE ] updating countdown to 5755
[20:45:02.978] [SEVERE ] updating countdown to 5744
[20:45:02.990] [SEVERE ] updating countdown to 5732
[20:45:03.004] [SEVERE ] updating countdown to 5718
[20:45:03.016] [SEVERE ] updating countdown to 5706
[20:45:03.027] [SEVERE ] updating countdown to 5695
[20:45:03.039] [SEVERE ] updating countdown to 5683
[20:45:03.052] [SEVERE ] updating countdown to 5670
[20:45:03.063] [SEVERE ] updating countdown to 5659
[20:45:03.073] [SEVERE ] updating countdown to 5649
[20:45:03.085] [SEVERE ] updating countdown to 5637
[20:45:03.097] [SEVERE ] updating countdown to 5625
[20:45:03.107] [SEVERE ] updating countdown to 5615
[20:45:03.118] [SEVERE ] updating countdown to 5604
[20:45:03.129] [SEVERE ] updating countdown to 5593
[20:45:03.140] [SEVERE ] updating countdown to 5582
[20:45:03.150] [SEVERE ] updating countdown to 5572
[20:45:03.163] [SEVERE ] updating countdown to 5559
[20:45:03.174] [SEVERE ] updating countdown to 5548
[20:45:03.205] [SEVERE ] updating countdown to 5517
[20:45:03.216] [SEVERE ] updating countdown to 5506
[20:45:03.226] [SEVERE ] updating countdown to 5496
[20:45:03.237] [SEVERE ] updating countdown to 5485
[20:45:03.248] [SEVERE ] updating countdown to 5474
[20:45:03.259] [SEVERE ] updating countdown to 5463
[20:45:03.270] [SEVERE ] updating countdown to 5452
[20:45:03.281] [SEVERE ] updating countdown to 5441
[20:45:03.293] [SEVERE ] updating countdown to 5429
[20:45:03.306] [SEVERE ] updating countdown to 5416
[20:45:03.317] [SEVERE ] updating countdown to 5405
[20:45:03.329] [SEVERE ] updating countdown to 5393
[20:45:03.341] [SEVERE ] updating countdown to 5381
[20:45:03.353] [SEVERE ] updating countdown to 5369
[20:45:03.365] [SEVERE ] updating countdown to 5357
[20:45:03.377] [SEVERE ] updating countdown to 5345
[20:45:03.388] [SEVERE ] updating countdown to 5334
[20:45:03.398] [SEVERE ] updating countdown to 5324
[20:45:03.409] [SEVERE ] updating countdown to 5313
[20:45:03.420] [SEVERE ] updating countdown to 5302
[20:45:03.431] [SEVERE ] updating countdown to 5291
[20:45:03.444] [SEVERE ] updating countdown to 5278
[20:45:03.456] [SEVERE ] updating countdown to 5266
[20:45:03.468] [SEVERE ] updating countdown to 5254
[20:45:03.479] [SEVERE ] updating countdown to 5243
[20:45:03.491] [SEVERE ] updating countdown to 5231
[20:45:03.503] [SEVERE ] updating countdown to 5219
[20:45:03.514] [SEVERE ] updating countdown to 5208
[20:45:03.526] [SEVERE ] updating countdown to 5196
[20:45:03.538] [SEVERE ] updating countdown to 5184
[20:45:03.550] [SEVERE ] updating countdown to 5172
[20:45:03.562] [SEVERE ] updating countdown to 5160
[20:45:03.574] [SEVERE ] updating countdown to 5148
[20:45:03.586] [SEVERE ] updating countdown to 5136
[20:45:03.598] [SEVERE ] updating countdown to 5124
[20:45:03.610] [SEVERE ] updating countdown to 5112
[20:45:03.621] [SEVERE ] updating countdown to 5101
[20:45:03.632] [SEVERE ] updating countdown to 5090
[20:45:03.644] [SEVERE ] updating countdown to 5078
[20:45:03.656] [SEVERE ] updating countdown to 5066
[20:45:03.666] [SEVERE ] updating countdown to 5056
[20:45:03.678] [SEVERE ] updating countdown to 5044
[20:45:03.689] [SEVERE ] updating countdown to 5033
[20:45:03.701] [SEVERE ] updating countdown to 5021
[20:45:03.713] [SEVERE ] updating countdown to 5009
[20:45:08.723] [SEVERE ] updating countdown to 20000
[20:45:08.735] [SEVERE ] updating countdown to 19988
[20:45:08.746] [SEVERE ] updating countdown to 19977
[20:45:08.759] [SEVERE ] updating countdown to 19964
[20:45:08.770] [SEVERE ] updating countdown to 19953
[20:45:08.782] [SEVERE ] updating countdown to 19941
[20:45:08.793] [SEVERE ] updating countdown to 19930
[20:45:08.804] [SEVERE ] updating countdown to 19919
[20:45:08.815] [SEVERE ] updating countdown to 19908
[20:45:08.826] [SEVERE ] updating countdown to 19897
[20:45:08.837] [SEVERE ] updating countdown to 19886
[20:45:08.848] [SEVERE ] updating countdown to 19875
[20:45:08.858] [SEVERE ] updating countdown to 19865
[20:45:08.870] [SEVERE ] updating countdown to 19853
[20:45:08.882] [SEVERE ] updating countdown to 19841
[20:45:08.893] [SEVERE ] updating countdown to 19830
[20:45:08.905] [SEVERE ] updating countdown to 19818
[20:45:08.916] [SEVERE ] updating countdown to 19807
[20:45:08.927] [SEVERE ] updating countdown to 19796
[20:45:08.938] [SEVERE ] updating countdown to 19785
[20:45:08.951] [SEVERE ] updating countdown to 19772
[20:45:08.963] [SEVERE ] updating countdown to 19760
[20:45:08.974] [SEVERE ] updating countdown to 19749
[20:45:08.985] [SEVERE ] updating countdown to 19738
[20:45:08.996] [SEVERE ] updating countdown to 19727
[20:45:09.008] [SEVERE ] updating countdown to 19715
[20:45:09.019] [SEVERE ] updating countdown to 19704
[20:45:09.031] [SEVERE ] updating countdown to 19692
[20:45:09.043] [SEVERE ] updating countdown to 19680
[20:45:09.053] [SEVERE ] updating countdown to 19670
[20:45:09.064] [SEVERE ] updating countdown to 19659
[20:45:09.074] [SEVERE ] updating countdown to 19649
[20:45:09.085] [SEVERE ] updating countdown to 19638
[20:45:09.095] [SEVERE ] updating countdown to 19628
[20:45:09.106] [SEVERE ] updating countdown to 19617
[20:45:09.116] [SEVERE ] updating countdown to 19607
[20:45:09.127] [SEVERE ] updating countdown to 19596
[20:45:09.138] [SEVERE ] updating countdown to 19585
[20:45:09.149] [SEVERE ] updating countdown to 19574
[20:45:09.159] [SEVERE ] updating countdown to 19564
[20:45:09.170] [SEVERE ] updating countdown to 19553
[20:45:09.181] [SEVERE ] updating countdown to 19542
[20:45:09.193] [SEVERE ] updating countdown to 19530
[20:45:09.206] [SEVERE ] updating countdown to 19517
[20:45:09.218] [SEVERE ] updating countdown to 19505
[20:45:09.231] [SEVERE ] updating countdown to 19492
[20:45:09.243] [SEVERE ] updating countdown to 19480
[20:45:09.255] [SEVERE ] updating countdown to 19468
[20:45:09.266] [SEVERE ] updating countdown to 19457
[20:45:09.278] [SEVERE ] updating countdown to 19445
[20:45:09.289] [SEVERE ] updating countdown to 19434
[20:45:09.299] [SEVERE ] updating countdown to 19424
[20:45:09.310] [SEVERE ] updating countdown to 19413
[20:45:09.322] [SEVERE ] updating countdown to 19401
[20:45:09.334] [SEVERE ] updating countdown to 19389
[20:45:09.346] [SEVERE ] updating countdown to 19377
[20:45:09.357] [SEVERE ] updating countdown to 19366
[20:45:09.370] [SEVERE ] updating countdown to 19353
[20:45:09.381] [SEVERE ] updating countdown to 19342
[20:45:09.392] [SEVERE ] updating countdown to 19331
[20:45:09.403] [SEVERE ] updating countdown to 19320
[20:45:09.414] [SEVERE ] updating countdown to 19309
[20:45:09.426] [SEVERE ] updating countdown to 19297
[20:45:09.439] [SEVERE ] updating countdown to 19284
[20:45:09.451] [SEVERE ] updating countdown to 19272
[20:45:09.463] [SEVERE ] updating countdown to 19260
[20:45:09.474] [SEVERE ] updating countdown to 19249
[20:45:09.485] [SEVERE ] updating countdown to 19238
[20:45:09.496] [SEVERE ] updating countdown to 19227
[20:45:09.507] [SEVERE ] updating countdown to 19216
[20:45:09.519] [SEVERE ] updating countdown to 19204
[20:45:09.530] [SEVERE ] updating countdown to 19193
[20:45:09.543] [SEVERE ] updating countdown to 19180
[20:45:09.555] [SEVERE ] updating countdown to 19168
[20:45:09.567] [SEVERE ] updating countdown to 19156
[20:45:09.580] [SEVERE ] updating countdown to 19143
[20:45:09.592] [SEVERE ] updating countdown to 19131
[20:45:09.603] [SEVERE ] updating countdown to 19120
[20:45:09.614] [SEVERE ] updating countdown to 19109
[20:45:09.625] [SEVERE ] updating countdown to 19098
[20:45:09.638] [SEVERE ] updating countdown to 19085
[20:45:09.651] [SEVERE ] updating countdown to 19072
[20:45:09.664] [SEVERE ] updating countdown to 19059
[20:45:09.676] [SEVERE ] updating countdown to 19047
[20:45:09.687] [SEVERE ] updating countdown to 19036
[20:45:09.697] [SEVERE ] updating countdown to 19026
[20:45:09.708] [SEVERE ] updating countdown to 19015
[20:45:09.720] [SEVERE ] updating countdown to 19003
[20:45:09.732] [SEVERE ] updating countdown to 18991
[20:45:09.743] [SEVERE ] updating countdown to 18980
[20:45:09.754] [SEVERE ] updating countdown to 18969
[20:45:09.768] [SEVERE ] updating countdown to 18955
[20:45:09.780] [SEVERE ] updating countdown to 18943
[20:45:09.791] [SEVERE ] updating countdown to 18932
[20:45:09.803] [SEVERE ] updating countdown to 18920
[20:45:09.814] [SEVERE ] updating countdown to 18909
[20:45:09.825] [SEVERE ] updating countdown to 18898
[20:45:09.835] [SEVERE ] updating countdown to 18888
[20:45:09.846] [SEVERE ] updating countdown to 18877
[20:45:09.857] [SEVERE ] updating countdown to 18866
[20:45:09.867] [SEVERE ] updating countdown to 18856
[20:45:09.878] [SEVERE ] updating countdown to 18845
[20:45:09.888] [SEVERE ] updating countdown to 18835
[20:45:09.901] [SEVERE ] updating countdown to 18822
[20:45:09.912] [SEVERE ] updating countdown to 18811
[20:45:09.923] [SEVERE ] updating countdown to 18800
[20:45:09.934] [SEVERE ] updating countdown to 18789
[20:45:09.946] [SEVERE ] updating countdown to 18777
[20:45:09.959] [SEVERE ] updating countdown to 18764
[20:45:09.971] [SEVERE ] updating countdown to 18752
[20:45:09.983] [SEVERE ] updating countdown to 18740
[20:45:09.995] [SEVERE ] updating countdown to 18728
[20:45:10.006] [SEVERE ] updating countdown to 18717
[20:45:10.017] [SEVERE ] updating countdown to 18706
[20:45:10.027] [SEVERE ] updating countdown to 18696
[20:45:10.039] [SEVERE ] updating countdown to 18684
[20:45:10.051] [SEVERE ] updating countdown to 18672
[20:45:10.064] [SEVERE ] updating countdown to 18659
[20:45:10.077] [SEVERE ] updating countdown to 18646
[20:45:10.089] [SEVERE ] updating countdown to 18634
[20:45:10.101] [SEVERE ] updating countdown to 18622
[20:45:10.112] [SEVERE ] updating countdown to 18611
[20:45:10.125] [SEVERE ] updating countdown to 18598
[20:45:10.136] [SEVERE ] updating countdown to 18587
[20:45:10.146] [SEVERE ] updating countdown to 18577
[20:45:10.157] [SEVERE ] updating countdown to 18566
[20:45:10.168] [SEVERE ] updating countdown to 18555
[20:45:10.179] [SEVERE ] updating countdown to 18544
[20:45:10.189] [SEVERE ] updating countdown to 18534
[20:45:10.200] [SEVERE ] updating countdown to 18523
[20:45:10.212] [SEVERE ] updating countdown to 18511
[20:45:10.224] [SEVERE ] updating countdown to 18499
[20:45:10.234] [SEVERE ] updating countdown to 18489
[20:45:10.245] [SEVERE ] updating countdown to 18478
[20:45:10.257] [SEVERE ] updating countdown to 18466
[20:45:10.269] [SEVERE ] updating countdown to 18454
[20:45:10.280] [SEVERE ] updating countdown to 18443
[20:45:10.291] [SEVERE ] updating countdown to 18432
[20:45:10.302] [SEVERE ] updating countdown to 18421
[20:45:10.313] [SEVERE ] updating countdown to 18410
[20:45:10.323] [SEVERE ] updating countdown to 18400
[20:45:10.335] [SEVERE ] updating countdown to 18389
[20:45:10.348] [SEVERE ] updating countdown to 18375
[20:45:10.360] [SEVERE ] updating countdown to 18363
[20:45:10.373] [SEVERE ] updating countdown to 18350
[20:45:10.384] [SEVERE ] updating countdown to 18339
[20:45:10.396] [SEVERE ] updating countdown to 18327
[20:45:10.407] [SEVERE ] updating countdown to 18316
[20:45:10.418] [SEVERE ] updating countdown to 18305
[20:45:10.430] [SEVERE ] updating countdown to 18293
[20:45:10.441] [SEVERE ] updating countdown to 18282
[20:45:10.452] [SEVERE ] updating countdown to 18271
[20:45:10.464] [SEVERE ] updating countdown to 18259
[20:45:10.475] [SEVERE ] updating countdown to 18248
[20:45:10.488] [SEVERE ] updating countdown to 18235
[20:45:10.500] [SEVERE ] updating countdown to 18223
[20:45:10.512] [SEVERE ] updating countdown to 18211
[20:45:10.523] [SEVERE ] updating countdown to 18200
[20:45:10.534] [SEVERE ] updating countdown to 18189
[20:45:10.546] [SEVERE ] updating countdown to 18177
[20:45:10.557] [SEVERE ] updating countdown to 18166
[20:45:10.569] [SEVERE ] updating countdown to 18154
[20:45:10.581] [SEVERE ] updating countdown to 18142
[20:45:10.593] [SEVERE ] updating countdown to 18130
[20:45:10.604] [SEVERE ] updating countdown to 18119
[20:45:10.615] [SEVERE ] updating countdown to 18108
[20:45:10.627] [SEVERE ] updating countdown to 18096
[20:45:10.639] [SEVERE ] updating countdown to 18084
[20:45:10.652] [SEVERE ] updating countdown to 18071
[20:45:10.665] [SEVERE ] updating countdown to 18058
[20:45:10.677] [SEVERE ] updating countdown to 18046
[20:45:10.688] [SEVERE ] updating countdown to 18035
[20:45:10.699] [SEVERE ] updating countdown to 18024
[20:45:10.710] [SEVERE ] updating countdown to 18013
[20:45:10.721] [SEVERE ] updating countdown to 18002
[20:45:10.732] [SEVERE ] updating countdown to 17991
[20:45:10.743] [SEVERE ] updating countdown to 17980
[20:45:10.754] [SEVERE ] updating countdown to 17969
[20:45:10.765] [SEVERE ] updating countdown to 17958
[20:45:10.775] [SEVERE ] updating countdown to 17948
[20:45:10.786] [SEVERE ] updating countdown to 17937
[20:45:10.797] [SEVERE ] updating countdown to 17926
[20:45:10.807] [SEVERE ] updating countdown to 17916
[20:45:10.818] [SEVERE ] updating countdown to 17905
[20:45:10.828] [SEVERE ] updating countdown to 17895
[20:45:10.839] [SEVERE ] updating countdown to 17884
[20:45:10.850] [SEVERE ] updating countdown to 17873
[20:45:10.862] [SEVERE ] updating countdown to 17861
[20:45:10.874] [SEVERE ] updating countdown to 17849
[20:45:10.885] [SEVERE ] updating countdown to 17838
[20:45:10.896] [SEVERE ] updating countdown to 17827
[20:45:10.907] [SEVERE ] updating countdown to 17816
[20:45:10.918] [SEVERE ] updating countdown to 17805
[20:45:10.929] [SEVERE ] updating countdown to 17794
[20:45:10.939] [SEVERE ] updating countdown to 17784
[20:45:10.950] [SEVERE ] updating countdown to 17773
[20:45:10.961] [SEVERE ] updating countdown to 17762
[20:45:10.972] [SEVERE ] updating countdown to 17752
[20:45:10.983] [SEVERE ] updating countdown to 17740
[20:45:10.995] [SEVERE ] updating countdown to 17728
[20:45:11.006] [SEVERE ] updating countdown to 17717
[20:45:11.017] [SEVERE ] updating countdown to 17706
[20:45:11.029] [SEVERE ] updating countdown to 17694
[20:45:11.040] [SEVERE ] updating countdown to 17683
[20:45:11.050] [SEVERE ] updating countdown to 17673
[20:45:11.061] [SEVERE ] updating countdown to 17662
[20:45:11.072] [SEVERE ] updating countdown to 17651
[20:45:11.084] [SEVERE ] updating countdown to 17639
[20:45:11.095] [SEVERE ] updating countdown to 17628
[20:45:11.107] [SEVERE ] updating countdown to 17616
[20:45:11.120] [SEVERE ] updating countdown to 17603
[20:45:11.132] [SEVERE ] updating countdown to 17591
[20:45:11.143] [SEVERE ] updating countdown to 17580
[20:45:11.154] [SEVERE ] updating countdown to 17569
[20:45:11.165] [SEVERE ] updating countdown to 17558
[20:45:11.176] [SEVERE ] updating countdown to 17547
[20:45:11.186] [SEVERE ] updating countdown to 17537
[20:45:11.197] [SEVERE ] updating countdown to 17526
[20:45:11.208] [SEVERE ] updating countdown to 17515
[20:45:11.218] [SEVERE ] updating countdown to 17505
[20:45:11.230] [SEVERE ] updating countdown to 17493
[20:45:11.241] [SEVERE ] updating countdown to 17482
[20:45:11.252] [SEVERE ] updating countdown to 17471
[20:45:11.262] [SEVERE ] updating countdown to 17461
[20:45:11.273] [SEVERE ] updating countdown to 17450
[20:45:11.284] [SEVERE ] updating countdown to 17439
[20:45:11.296] [SEVERE ] updating countdown to 17427
[20:45:11.307] [SEVERE ] updating countdown to 17416
[20:45:11.317] [SEVERE ] updating countdown to 17406
[20:45:11.328] [SEVERE ] updating countdown to 17395
[20:45:11.339] [SEVERE ] updating countdown to 17384
[20:45:11.351] [SEVERE ] updating countdown to 17372
[20:45:11.363] [SEVERE ] updating countdown to 17360
[20:45:11.374] [SEVERE ] updating countdown to 17349
[20:45:11.385] [SEVERE ] updating countdown to 17338
[20:45:11.397] [SEVERE ] updating countdown to 17326
[20:45:11.408] [SEVERE ] updating countdown to 17315
[20:45:11.420] [SEVERE ] updating countdown to 17303
[20:45:11.431] [SEVERE ] updating countdown to 17292
[20:45:11.442] [SEVERE ] updating countdown to 17281
[20:45:11.453] [SEVERE ] updating countdown to 17270
[20:45:11.463] [SEVERE ] updating countdown to 17260
[20:45:11.474] [SEVERE ] updating countdown to 17249
[20:45:11.484] [SEVERE ] updating countdown to 17239
[20:45:11.495] [SEVERE ] updating countdown to 17228
[20:45:11.505] [SEVERE ] updating countdown to 17218
[20:45:11.516] [SEVERE ] updating countdown to 17207
[20:45:11.526] [SEVERE ] updating countdown to 17197
[20:45:11.537] [SEVERE ] updating countdown to 17186
[20:45:11.548] [SEVERE ] updating countdown to 17175
[20:45:11.558] [SEVERE ] updating countdown to 17165
[20:45:11.569] [SEVERE ] updating countdown to 17154
[20:45:11.579] [SEVERE ] updating countdown to 17144
[20:45:11.590] [SEVERE ] updating countdown to 17133
[20:45:11.600] [SEVERE ] updating countdown to 17123
[20:45:11.611] [SEVERE ] updating countdown to 17112
[20:45:11.621] [SEVERE ] updating countdown to 17102
[20:45:11.632] [SEVERE ] updating countdown to 17091
[20:45:11.643] [SEVERE ] updating countdown to 17080
[20:45:11.654] [SEVERE ] updating countdown to 17069
[20:45:11.664] [SEVERE ] updating countdown to 17059
[20:45:11.675] [SEVERE ] updating countdown to 17048
[20:45:11.685] [SEVERE ] updating countdown to 17038
[20:45:11.696] [SEVERE ] updating countdown to 17027
[20:45:11.707] [SEVERE ] updating countdown to 17016
[20:45:11.717] [SEVERE ] updating countdown to 17006
[20:45:11.728] [SEVERE ] updating countdown to 16995
[20:45:11.739] [SEVERE ] updating countdown to 16984
[20:45:11.750] [SEVERE ] updating countdown to 16973
[20:45:11.760] [SEVERE ] updating countdown to 16963
[20:45:11.771] [SEVERE ] updating countdown to 16952
[20:45:11.782] [SEVERE ] updating countdown to 16941
[20:45:11.793] [SEVERE ] updating countdown to 16930
[20:45:11.803] [SEVERE ] updating countdown to 16920
[20:45:11.815] [SEVERE ] updating countdown to 16908
[20:45:11.826] [SEVERE ] updating countdown to 16897
[20:45:11.836] [SEVERE ] updating countdown to 16887
[20:45:11.847] [SEVERE ] updating countdown to 16876
[20:45:11.858] [SEVERE ] updating countdown to 16865
[20:45:11.869] [SEVERE ] updating countdown to 16854
[20:45:11.879] [SEVERE ] updating countdown to 16844
[20:45:11.890] [SEVERE ] updating countdown to 16833
[20:45:11.900] [SEVERE ] updating countdown to 16823
[20:45:11.911] [SEVERE ] updating countdown to 16812
[20:45:11.922] [SEVERE ] updating countdown to 16801
[20:45:11.933] [SEVERE ] updating countdown to 16790
[20:45:11.944] [SEVERE ] updating countdown to 16779
[20:45:11.955] [SEVERE ] updating countdown to 16768
[20:45:11.966] [SEVERE ] updating countdown to 16757
[20:45:11.978] [SEVERE ] updating countdown to 16745
[20:45:11.988] [SEVERE ] updating countdown to 16735
[20:45:11.999] [SEVERE ] updating countdown to 16724
[20:45:12.010] [SEVERE ] updating countdown to 16713
[20:45:12.021] [SEVERE ] updating countdown to 16702
[20:45:12.032] [SEVERE ] updating countdown to 16691
[20:45:12.043] [SEVERE ] updating countdown to 16680
[20:45:12.055] [SEVERE ] updating countdown to 16668
[20:45:12.068] [SEVERE ] updating countdown to 16655
[20:45:12.079] [SEVERE ] updating countdown to 16644
[20:45:12.091] [SEVERE ] updating countdown to 16632
[20:45:12.102] [SEVERE ] updating countdown to 16621
[20:45:12.113] [SEVERE ] updating countdown to 16610
[20:45:12.124] [SEVERE ] updating countdown to 16599
[20:45:12.134] [SEVERE ] updating countdown to 16589
[20:45:12.145] [SEVERE ] updating countdown to 16578
[20:45:12.156] [SEVERE ] updating countdown to 16567
[20:45:12.167] [SEVERE ] updating countdown to 16556
[20:45:12.178] [SEVERE ] updating countdown to 16545
[20:45:12.188] [SEVERE ] updating countdown to 16535
[20:45:12.199] [SEVERE ] updating countdown to 16524
[20:45:12.210] [SEVERE ] updating countdown to 16513
[20:45:12.221] [SEVERE ] updating countdown to 16502
[20:45:12.231] [SEVERE ] updating countdown to 16492
[20:45:12.242] [SEVERE ] updating countdown to 16481
[20:45:12.252] [SEVERE ] updating countdown to 16471
[20:45:12.263] [SEVERE ] updating countdown to 16460
[20:45:12.273] [SEVERE ] updating countdown to 16450
[20:45:12.284] [SEVERE ] updating countdown to 16439
[20:45:12.294] [SEVERE ] updating countdown to 16429
[20:45:12.305] [SEVERE ] updating countdown to 16418
[20:45:12.316] [SEVERE ] updating countdown to 16407
[20:45:12.326] [SEVERE ] updating countdown to 16397
[20:45:12.337] [SEVERE ] updating countdown to 16386
[20:45:12.348] [SEVERE ] updating countdown to 16375
[20:45:12.358] [SEVERE ] updating countdown to 16365
[20:45:12.369] [SEVERE ] updating countdown to 16354
[20:45:12.379] [SEVERE ] updating countdown to 16344
[20:45:12.390] [SEVERE ] updating countdown to 16333
[20:45:12.401] [SEVERE ] updating countdown to 16322
[20:45:12.411] [SEVERE ] updating countdown to 16312
[20:45:12.422] [SEVERE ] updating countdown to 16301
[20:45:12.433] [SEVERE ] updating countdown to 16290
[20:45:12.444] [SEVERE ] updating countdown to 16279
[20:45:12.455] [SEVERE ] updating countdown to 16268
[20:45:12.465] [SEVERE ] updating countdown to 16258
[20:45:12.476] [SEVERE ] updating countdown to 16247
[20:45:12.486] [SEVERE ] updating countdown to 16237
[20:45:12.497] [SEVERE ] updating countdown to 16226
[20:45:12.508] [SEVERE ] updating countdown to 16215
[20:45:12.519] [SEVERE ] updating countdown to 16205
[20:45:12.529] [SEVERE ] updating countdown to 16194
[20:45:12.540] [SEVERE ] updating countdown to 16183
[20:45:12.551] [SEVERE ] updating countdown to 16172
[20:45:12.561] [SEVERE ] updating countdown to 16162
[20:45:12.572] [SEVERE ] updating countdown to 16151
[20:45:12.583] [SEVERE ] updating countdown to 16140
[20:45:12.594] [SEVERE ] updating countdown to 16129
[20:45:12.604] [SEVERE ] updating countdown to 16119
[20:45:12.615] [SEVERE ] updating countdown to 16108
[20:45:12.626] [SEVERE ] updating countdown to 16097
[20:45:12.636] [SEVERE ] updating countdown to 16087
[20:45:12.647] [SEVERE ] updating countdown to 16076
[20:45:12.659] [SEVERE ] updating countdown to 16065
[20:45:12.669] [SEVERE ] updating countdown to 16054
[20:45:12.680] [SEVERE ] updating countdown to 16043
[20:45:12.691] [SEVERE ] updating countdown to 16032
[20:45:12.702] [SEVERE ] updating countdown to 16021
[20:45:12.713] [SEVERE ] updating countdown to 16010
[20:45:12.726] [SEVERE ] updating countdown to 15997
[20:45:12.739] [SEVERE ] updating countdown to 15984
[20:45:12.751] [SEVERE ] updating countdown to 15972
[20:45:12.762] [SEVERE ] updating countdown to 15961
[20:45:12.773] [SEVERE ] updating countdown to 15950
[20:45:12.784] [SEVERE ] updating countdown to 15939
[20:45:12.794] [SEVERE ] updating countdown to 15929
[20:45:12.805] [SEVERE ] updating countdown to 15918
[20:45:12.815] [SEVERE ] updating countdown to 15908
[20:45:12.826] [SEVERE ] updating countdown to 15897
[20:45:12.837] [SEVERE ] updating countdown to 15886
[20:45:12.848] [SEVERE ] updating countdown to 15875
[20:45:12.858] [SEVERE ] updating countdown to 15865
[20:45:12.870] [SEVERE ] updating countdown to 15853
[20:45:12.882] [SEVERE ] updating countdown to 15841
[20:45:12.894] [SEVERE ] updating countdown to 15829
[20:45:12.906] [SEVERE ] updating countdown to 15817
[20:45:12.918] [SEVERE ] updating countdown to 15805
[20:45:12.929] [SEVERE ] updating countdown to 15794
[20:45:12.939] [SEVERE ] updating countdown to 15784
[20:45:12.950] [SEVERE ] updating countdown to 15773
[20:45:12.960] [SEVERE ] updating countdown to 15763
[20:45:12.971] [SEVERE ] updating countdown to 15752
[20:45:12.982] [SEVERE ] updating countdown to 15741
[20:45:12.993] [SEVERE ] updating countdown to 15730
[20:45:13.004] [SEVERE ] updating countdown to 15719
[20:45:13.017] [SEVERE ] updating countdown to 15706
[20:45:13.029] [SEVERE ] updating countdown to 15694
[20:45:13.041] [SEVERE ] updating countdown to 15682
[20:45:13.053] [SEVERE ] updating countdown to 15670
[20:45:13.064] [SEVERE ] updating countdown to 15659
[20:45:13.075] [SEVERE ] updating countdown to 15648
[20:45:13.086] [SEVERE ] updating countdown to 15637
[20:45:13.097] [SEVERE ] updating countdown to 15626
[20:45:13.108] [SEVERE ] updating countdown to 15615
[20:45:13.121] [SEVERE ] updating countdown to 15602
[20:45:13.133] [SEVERE ] updating countdown to 15590
[20:45:13.145] [SEVERE ] updating countdown to 15578
[20:45:13.157] [SEVERE ] updating countdown to 15566
[20:45:13.169] [SEVERE ] updating countdown to 15554
[20:45:13.181] [SEVERE ] updating countdown to 15542
[20:45:13.193] [SEVERE ] updating countdown to 15530
[20:45:13.204] [SEVERE ] updating countdown to 15519
[20:45:13.215] [SEVERE ] updating countdown to 15508
[20:45:13.226] [SEVERE ] updating countdown to 15497
