[21:03:08.517] [INFO   ] thread bguspl.set.Main.main() starting.
[21:03:08.528] [SEVERE ] cannot read configuration file config.properties trying from resources.
[21:03:08.548] [SEVERE ] configuration file was loaded from resources directory.
[21:03:09.943] [INFO   ] thread dealer starting.
[21:03:09.944] [INFO   ] thread dealer starting.
[21:03:10.054] [SEVERE ] placing card 58 in slot 0
[21:03:10.156] [SEVERE ] placing card 28 in slot 1
[21:03:10.257] [SEVERE ] placing card 37 in slot 2
[21:03:10.358] [SEVERE ] placing card 3 in slot 3
[21:03:10.459] [SEVERE ] placing card 48 in slot 4
[21:03:10.570] [SEVERE ] placing card 14 in slot 5
[21:03:10.673] [SEVERE ] placing card 72 in slot 6
[21:03:10.774] [SEVERE ] placing card 21 in slot 7
[21:03:10.916] [SEVERE ] placing card 1 in slot 8
[21:03:11.018] [SEVERE ] placing card 39 in slot 9
[21:03:11.145] [SEVERE ] placing card 26 in slot 10
[21:03:11.248] [SEVERE ] placing card 2 in slot 11
[21:03:11.255] [SEVERE ] updating countdown to 19999
[21:03:11.267] [SEVERE ] updating countdown to 19987
[21:03:11.278] [SEVERE ] updating countdown to 19976
[21:03:11.341] [SEVERE ] updating countdown to 19913
[21:03:11.351] [SEVERE ] updating countdown to 19903
[21:03:11.362] [SEVERE ] updating countdown to 19892
[21:03:11.374] [SEVERE ] updating countdown to 19880
[21:03:11.385] [SEVERE ] updating countdown to 19869
[21:03:11.406] [SEVERE ] updating countdown to 19848
[21:03:11.418] [SEVERE ] updating countdown to 19836
[21:03:11.429] [SEVERE ] updating countdown to 19825
[21:03:11.453] [SEVERE ] updating countdown to 19801
[21:03:11.464] [SEVERE ] updating countdown to 19790
[21:03:11.476] [SEVERE ] updating countdown to 19778
[21:03:11.551] [SEVERE ] updating countdown to 19703
[21:03:11.562] [SEVERE ] updating countdown to 19692
[21:03:11.573] [SEVERE ] updating countdown to 19681
[21:03:11.585] [SEVERE ] updating countdown to 19669
[21:03:11.605] [SEVERE ] updating countdown to 19649
[21:03:11.618] [SEVERE ] updating countdown to 19636
[21:03:11.630] [SEVERE ] updating countdown to 19624
[21:03:11.674] [SEVERE ] updating countdown to 19580
[21:03:11.691] [SEVERE ] updating countdown to 19563
[21:03:11.702] [SEVERE ] updating countdown to 19552
[21:03:11.713] [SEVERE ] updating countdown to 19541
[21:03:11.725] [SEVERE ] updating countdown to 19529
[21:03:11.736] [SEVERE ] updating countdown to 19518
[21:03:11.747] [SEVERE ] updating countdown to 19507
[21:03:11.759] [SEVERE ] updating countdown to 19495
[21:03:11.771] [SEVERE ] updating countdown to 19483
[21:03:11.783] [SEVERE ] updating countdown to 19471
[21:03:11.796] [SEVERE ] updating countdown to 19458
[21:03:11.808] [SEVERE ] updating countdown to 19446
[21:03:11.879] [SEVERE ] updating countdown to 19375
[21:03:11.891] [SEVERE ] updating countdown to 19363
[21:03:11.903] [SEVERE ] updating countdown to 19351
[21:03:11.914] [SEVERE ] updating countdown to 19340
[21:03:11.926] [SEVERE ] updating countdown to 19328
[21:03:11.942] [SEVERE ] updating countdown to 19312
[21:03:11.954] [SEVERE ] updating countdown to 19300
[21:03:11.967] [SEVERE ] updating countdown to 19287
[21:03:11.993] [SEVERE ] updating countdown to 19261
[21:03:12.004] [SEVERE ] updating countdown to 19250
[21:03:12.015] [SEVERE ] updating countdown to 19239
[21:03:12.063] [SEVERE ] updating countdown to 19191
[21:03:12.081] [SEVERE ] updating countdown to 19173
[21:03:12.092] [SEVERE ] updating countdown to 19162
[21:03:12.104] [SEVERE ] updating countdown to 19150
[21:03:12.116] [SEVERE ] updating countdown to 19138
[21:03:12.127] [SEVERE ] updating countdown to 19127
[21:03:12.141] [SEVERE ] updating countdown to 19113
[21:03:12.153] [SEVERE ] updating countdown to 19101
[21:03:12.164] [SEVERE ] updating countdown to 19090
[21:03:12.176] [SEVERE ] updating countdown to 19078
[21:03:12.187] [SEVERE ] updating countdown to 19067
[21:03:12.198] [SEVERE ] updating countdown to 19056
[21:03:12.211] [SEVERE ] updating countdown to 19043
[21:03:12.222] [SEVERE ] updating countdown to 19032
[21:03:12.234] [SEVERE ] updating countdown to 19020
[21:03:12.245] [SEVERE ] updating countdown to 19009
[21:03:12.257] [SEVERE ] updating countdown to 18997
[21:03:12.269] [SEVERE ] updating countdown to 18985
[21:03:12.280] [SEVERE ] updating countdown to 18974
[21:03:12.292] [SEVERE ] updating countdown to 18962
[21:03:12.303] [SEVERE ] updating countdown to 18951
[21:03:12.317] [SEVERE ] updating countdown to 18937
[21:03:12.328] [SEVERE ] updating countdown to 18926
[21:03:12.340] [SEVERE ] updating countdown to 18914
[21:03:12.352] [SEVERE ] updating countdown to 18902
[21:03:12.384] [SEVERE ] updating countdown to 18870
[21:03:12.398] [SEVERE ] updating countdown to 18856
[21:03:12.411] [SEVERE ] updating countdown to 18843
[21:03:12.422] [SEVERE ] updating countdown to 18832
[21:03:12.433] [SEVERE ] updating countdown to 18821
[21:03:12.444] [SEVERE ] updating countdown to 18810
[21:03:12.455] [SEVERE ] updating countdown to 18799
[21:03:12.466] [SEVERE ] updating countdown to 18788
[21:03:12.477] [SEVERE ] updating countdown to 18777
[21:03:12.489] [SEVERE ] updating countdown to 18765
[21:03:12.515] [SEVERE ] updating countdown to 18739
[21:03:12.526] [SEVERE ] updating countdown to 18728
[21:03:12.538] [SEVERE ] updating countdown to 18716
[21:03:12.614] [SEVERE ] updating countdown to 18640
[21:03:12.629] [SEVERE ] updating countdown to 18625
[21:03:12.640] [SEVERE ] updating countdown to 18614
[21:03:12.651] [SEVERE ] updating countdown to 18603
[21:03:12.663] [SEVERE ] updating countdown to 18591
[21:03:12.678] [SEVERE ] updating countdown to 18576
[21:03:12.699] [SEVERE ] updating countdown to 18555
[21:03:12.711] [SEVERE ] updating countdown to 18543
[21:03:12.726] [SEVERE ] updating countdown to 18528
[21:03:12.739] [SEVERE ] updating countdown to 18515
[21:03:12.751] [SEVERE ] updating countdown to 18503
[21:03:12.763] [SEVERE ] updating countdown to 18491
[21:03:12.788] [SEVERE ] updating countdown to 18466
[21:03:12.800] [SEVERE ] updating countdown to 18454
[21:03:12.812] [SEVERE ] updating countdown to 18442
[21:03:12.822] [SEVERE ] updating countdown to 18432
[21:03:12.833] [SEVERE ] updating countdown to 18421
[21:03:12.845] [SEVERE ] updating countdown to 18409
[21:03:12.858] [SEVERE ] updating countdown to 18396
[21:03:12.870] [SEVERE ] updating countdown to 18384
[21:03:12.882] [SEVERE ] updating countdown to 18372
[21:03:12.895] [SEVERE ] updating countdown to 18359
[21:03:12.972] [SEVERE ] updating countdown to 18282
[21:03:12.985] [SEVERE ] updating countdown to 18269
[21:03:12.996] [SEVERE ] updating countdown to 18258
[21:03:13.008] [SEVERE ] updating countdown to 18247
[21:03:13.022] [SEVERE ] updating countdown to 18232
[21:03:13.055] [SEVERE ] updating countdown to 18200
[21:03:13.077] [SEVERE ] updating countdown to 18177
[21:03:13.088] [SEVERE ] updating countdown to 18166
[21:03:13.148] [SEVERE ] updating countdown to 18106
[21:03:13.167] [SEVERE ] updating countdown to 18087
[21:03:13.178] [SEVERE ] updating countdown to 18076
[21:03:13.190] [SEVERE ] updating countdown to 18064
[21:03:13.200] [SEVERE ] updating countdown to 18054
[21:03:13.212] [SEVERE ] updating countdown to 18042
[21:03:13.230] [SEVERE ] updating countdown to 18024
[21:03:13.241] [SEVERE ] updating countdown to 18013
[21:03:13.252] [SEVERE ] updating countdown to 18002
[21:03:13.322] [SEVERE ] updating countdown to 17932
[21:03:13.336] [SEVERE ] updating countdown to 17918
[21:03:13.346] [SEVERE ] updating countdown to 17908
[21:03:13.357] [SEVERE ] updating countdown to 17897
[21:03:13.378] [SEVERE ] updating countdown to 17876
[21:03:13.388] [SEVERE ] updating countdown to 17866
[21:03:13.399] [SEVERE ] updating countdown to 17855
[21:03:13.410] [SEVERE ] updating countdown to 17845
[21:03:13.420] [SEVERE ] updating countdown to 17834
[21:03:13.431] [SEVERE ] updating countdown to 17823
[21:03:13.442] [SEVERE ] updating countdown to 17812
[21:03:13.452] [SEVERE ] updating countdown to 17802
[21:03:13.464] [SEVERE ] updating countdown to 17790
[21:03:13.475] [SEVERE ] updating countdown to 17779
[21:03:13.486] [SEVERE ] updating countdown to 17768
[21:03:13.499] [SEVERE ] updating countdown to 17755
[21:03:13.510] [SEVERE ] updating countdown to 17744
[21:03:13.521] [SEVERE ] updating countdown to 17733
[21:03:13.560] [SEVERE ] updating countdown to 17695
[21:03:13.581] [SEVERE ] updating countdown to 17673
[21:03:13.593] [SEVERE ] updating countdown to 17661
[21:03:13.604] [SEVERE ] updating countdown to 17650
[21:03:13.616] [SEVERE ] updating countdown to 17639
[21:03:13.633] [SEVERE ] updating countdown to 17621
[21:03:13.687] [SEVERE ] updating countdown to 17567
[21:03:13.698] [SEVERE ] updating countdown to 17556
[21:03:13.709] [SEVERE ] updating countdown to 17545
[21:03:13.720] [SEVERE ] updating countdown to 17534
[21:03:13.731] [SEVERE ] updating countdown to 17524
[21:03:13.742] [SEVERE ] updating countdown to 17512
[21:03:13.753] [SEVERE ] updating countdown to 17501
[21:03:13.765] [SEVERE ] updating countdown to 17489
[21:03:13.779] [SEVERE ] updating countdown to 17475
[21:03:13.790] [SEVERE ] updating countdown to 17464
[21:03:13.801] [SEVERE ] updating countdown to 17453
[21:03:13.817] [SEVERE ] updating countdown to 17437
[21:03:13.828] [SEVERE ] updating countdown to 17426
[21:03:13.840] [SEVERE ] updating countdown to 17414
[21:03:13.852] [SEVERE ] updating countdown to 17402
[21:03:13.864] [SEVERE ] updating countdown to 17390
[21:03:13.895] [SEVERE ] updating countdown to 17359
[21:03:13.906] [SEVERE ] updating countdown to 17348
[21:03:13.918] [SEVERE ] updating countdown to 17336
[21:03:13.937] [SEVERE ] updating countdown to 17317
[21:03:13.949] [SEVERE ] updating countdown to 17305
[21:03:13.961] [SEVERE ] updating countdown to 17293
[21:03:13.974] [SEVERE ] updating countdown to 17280
[21:03:13.986] [SEVERE ] updating countdown to 17268
[21:03:14.004] [SEVERE ] updating countdown to 17251
[21:03:14.020] [SEVERE ] updating countdown to 17234
[21:03:14.036] [SEVERE ] updating countdown to 17218
[21:03:14.047] [SEVERE ] updating countdown to 17207
[21:03:14.058] [SEVERE ] updating countdown to 17196
[21:03:14.070] [SEVERE ] updating countdown to 17184
[21:03:14.082] [SEVERE ] updating countdown to 17172
[21:03:14.095] [SEVERE ] updating countdown to 17159
[21:03:14.121] [SEVERE ] updating countdown to 17133
[21:03:14.132] [SEVERE ] updating countdown to 17122
[21:03:14.145] [SEVERE ] updating countdown to 17109
[21:03:14.156] [SEVERE ] updating countdown to 17098
[21:03:14.167] [SEVERE ] updating countdown to 17087
[21:03:14.178] [SEVERE ] updating countdown to 17076
[21:03:14.189] [SEVERE ] updating countdown to 17065
[21:03:14.199] [SEVERE ] updating countdown to 17055
[21:03:14.211] [SEVERE ] updating countdown to 17043
[21:03:14.224] [SEVERE ] updating countdown to 17030
[21:03:14.235] [SEVERE ] updating countdown to 17019
[21:03:14.247] [SEVERE ] updating countdown to 17007
[21:03:14.259] [SEVERE ] updating countdown to 16995
[21:03:14.315] [SEVERE ] updating countdown to 16939
[21:03:14.329] [SEVERE ] updating countdown to 16925
[21:03:14.363] [SEVERE ] updating countdown to 16891
[21:03:14.380] [SEVERE ] updating countdown to 16874
[21:03:14.392] [SEVERE ] updating countdown to 16862
[21:03:14.403] [SEVERE ] updating countdown to 16851
[21:03:14.416] [SEVERE ] updating countdown to 16838
[21:03:14.440] [SEVERE ] updating countdown to 16814
[21:03:14.452] [SEVERE ] updating countdown to 16802
[21:03:14.463] [SEVERE ] updating countdown to 16791
[21:03:14.534] [SEVERE ] updating countdown to 16720
[21:03:14.547] [SEVERE ] updating countdown to 16707
[21:03:14.558] [SEVERE ] updating countdown to 16696
[21:03:14.569] [SEVERE ] updating countdown to 16685
[21:03:14.580] [SEVERE ] updating countdown to 16674
[21:03:14.594] [SEVERE ] updating countdown to 16660
[21:03:14.609] [SEVERE ] updating countdown to 16645
[21:03:14.622] [SEVERE ] updating countdown to 16632
[21:03:14.635] [SEVERE ] updating countdown to 16619
[21:03:14.673] [SEVERE ] updating countdown to 16581
[21:03:14.685] [SEVERE ] updating countdown to 16569
[21:03:14.696] [SEVERE ] updating countdown to 16558
[21:03:14.707] [SEVERE ] updating countdown to 16547
[21:03:14.719] [SEVERE ] updating countdown to 16535
[21:03:14.731] [SEVERE ] updating countdown to 16523
[21:03:14.742] [SEVERE ] updating countdown to 16512
[21:03:14.768] [SEVERE ] updating countdown to 16486
[21:03:14.801] [SEVERE ] updating countdown to 16453
[21:03:14.834] [SEVERE ] updating countdown to 16420
[21:03:14.846] [SEVERE ] updating countdown to 16408
[21:03:14.858] [SEVERE ] updating countdown to 16396
[21:03:14.869] [SEVERE ] updating countdown to 16385
[21:03:14.881] [SEVERE ] updating countdown to 16373
[21:03:14.904] [SEVERE ] updating countdown to 16350
[21:03:14.916] [SEVERE ] updating countdown to 16338
[21:03:14.930] [SEVERE ] updating countdown to 16324
[21:03:14.941] [SEVERE ] updating countdown to 16313
[21:03:14.952] [SEVERE ] updating countdown to 16302
[21:03:14.963] [SEVERE ] updating countdown to 16291
[21:03:14.975] [SEVERE ] updating countdown to 16279
[21:03:14.987] [SEVERE ] updating countdown to 16268
[21:03:14.999] [SEVERE ] updating countdown to 16255
[21:03:15.010] [SEVERE ] updating countdown to 16244
[21:03:15.022] [SEVERE ] updating countdown to 16232
[21:03:15.034] [SEVERE ] updating countdown to 16221
[21:03:15.045] [SEVERE ] updating countdown to 16209
[21:03:15.056] [SEVERE ] updating countdown to 16198
[21:03:15.102] [SEVERE ] updating countdown to 16152
[21:03:15.113] [SEVERE ] updating countdown to 16141
[21:03:15.124] [SEVERE ] updating countdown to 16130
[21:03:15.135] [SEVERE ] updating countdown to 16119
[21:03:15.146] [SEVERE ] updating countdown to 16108
[21:03:15.167] [SEVERE ] updating countdown to 16087
[21:03:15.178] [SEVERE ] updating countdown to 16076
[21:03:15.198] [SEVERE ] updating countdown to 16056
[21:03:15.214] [SEVERE ] updating countdown to 16040
[21:03:15.225] [SEVERE ] updating countdown to 16029
[21:03:15.236] [SEVERE ] updating countdown to 16018
[21:03:15.248] [SEVERE ] updating countdown to 16007
[21:03:15.259] [SEVERE ] updating countdown to 15995
[21:03:15.270] [SEVERE ] updating countdown to 15984
[21:03:15.311] [SEVERE ] updating countdown to 15943
[21:03:15.327] [SEVERE ] updating countdown to 15927
[21:03:15.347] [SEVERE ] updating countdown to 15907
[21:03:15.358] [SEVERE ] updating countdown to 15896
[21:03:15.369] [SEVERE ] updating countdown to 15885
[21:03:15.380] [SEVERE ] updating countdown to 15874
[21:03:15.390] [SEVERE ] updating countdown to 15864
[21:03:15.401] [SEVERE ] updating countdown to 15853
[21:03:15.411] [SEVERE ] updating countdown to 15843
[21:03:15.422] [SEVERE ] updating countdown to 15832
[21:03:15.433] [SEVERE ] updating countdown to 15821
[21:03:15.443] [SEVERE ] updating countdown to 15811
[21:03:15.454] [SEVERE ] updating countdown to 15800
[21:03:15.465] [SEVERE ] updating countdown to 15789
[21:03:15.476] [SEVERE ] updating countdown to 15778
[21:03:15.486] [SEVERE ] updating countdown to 15768
[21:03:15.497] [SEVERE ] updating countdown to 15757
[21:03:15.508] [SEVERE ] updating countdown to 15746
[21:03:15.519] [SEVERE ] updating countdown to 15735
[21:03:15.532] [SEVERE ] updating countdown to 15722
[21:03:15.594] [SEVERE ] updating countdown to 15660
[21:03:15.605] [SEVERE ] updating countdown to 15649
[21:03:15.617] [SEVERE ] updating countdown to 15637
[21:03:15.629] [SEVERE ] updating countdown to 15625
[21:03:15.675] [SEVERE ] updating countdown to 15579
[21:03:15.687] [SEVERE ] updating countdown to 15567
[21:03:15.698] [SEVERE ] updating countdown to 15556
[21:03:15.709] [SEVERE ] updating countdown to 15545
[21:03:15.720] [SEVERE ] updating countdown to 15534
[21:03:15.731] [SEVERE ] updating countdown to 15523
[21:03:15.743] [SEVERE ] updating countdown to 15511
[21:03:15.755] [SEVERE ] updating countdown to 15499
[21:03:15.767] [SEVERE ] updating countdown to 15487
[21:03:15.778] [SEVERE ] updating countdown to 15476
[21:03:15.789] [SEVERE ] updating countdown to 15465
[21:03:15.800] [SEVERE ] updating countdown to 15454
[21:03:15.812] [SEVERE ] updating countdown to 15442
[21:03:15.823] [SEVERE ] updating countdown to 15431
[21:03:15.834] [SEVERE ] updating countdown to 15420
[21:03:15.845] [SEVERE ] updating countdown to 15409
[21:03:15.856] [SEVERE ] updating countdown to 15398
[21:03:15.868] [SEVERE ] updating countdown to 15386
[21:03:15.879] [SEVERE ] updating countdown to 15375
[21:03:15.891] [SEVERE ] updating countdown to 15363
[21:03:15.902] [SEVERE ] updating countdown to 15352
[21:03:15.940] [SEVERE ] updating countdown to 15315
[21:03:15.955] [SEVERE ] updating countdown to 15299
[21:03:15.966] [SEVERE ] updating countdown to 15288
[21:03:15.977] [SEVERE ] updating countdown to 15277
[21:03:15.988] [SEVERE ] updating countdown to 15266
[21:03:16.000] [SEVERE ] updating countdown to 15254
[21:03:16.013] [SEVERE ] updating countdown to 15241
[21:03:16.047] [SEVERE ] updating countdown to 15207
[21:03:16.059] [SEVERE ] updating countdown to 15195
[21:03:16.070] [SEVERE ] updating countdown to 15184
[21:03:16.081] [SEVERE ] updating countdown to 15173
[21:03:16.092] [SEVERE ] updating countdown to 15162
[21:03:16.107] [SEVERE ] updating countdown to 15147
[21:03:16.122] [SEVERE ] updating countdown to 15132
[21:03:16.134] [SEVERE ] updating countdown to 15120
[21:03:16.146] [SEVERE ] updating countdown to 15108
[21:03:16.158] [SEVERE ] updating countdown to 15096
[21:03:16.169] [SEVERE ] updating countdown to 15085
[21:03:16.181] [SEVERE ] updating countdown to 15073
[21:03:16.230] [SEVERE ] updating countdown to 15024
[21:03:16.242] [SEVERE ] updating countdown to 15012
[21:03:16.253] [SEVERE ] updating countdown to 15001
[21:03:16.264] [SEVERE ] updating countdown to 14990
[21:03:16.298] [SEVERE ] updating countdown to 14956
[21:03:16.308] [SEVERE ] updating countdown to 14946
[21:03:16.320] [SEVERE ] updating countdown to 14934
[21:03:16.332] [SEVERE ] updating countdown to 14922
[21:03:16.344] [SEVERE ] updating countdown to 14910
[21:03:16.376] [SEVERE ] updating countdown to 14878
[21:03:16.392] [SEVERE ] updating countdown to 14862
[21:03:16.425] [SEVERE ] updating countdown to 14829
[21:03:16.436] [SEVERE ] updating countdown to 14818
[21:03:16.472] [SEVERE ] updating countdown to 14782
[21:03:16.484] [SEVERE ] updating countdown to 14770
[21:03:16.496] [SEVERE ] updating countdown to 14758
[21:03:16.507] [SEVERE ] updating countdown to 14747
[21:03:16.520] [SEVERE ] updating countdown to 14734
[21:03:16.531] [SEVERE ] updating countdown to 14723
[21:03:16.542] [SEVERE ] updating countdown to 14712
[21:03:16.565] [SEVERE ] updating countdown to 14689
[21:03:16.576] [SEVERE ] updating countdown to 14678
[21:03:16.587] [SEVERE ] updating countdown to 14667
[21:03:16.655] [SEVERE ] updating countdown to 14599
[21:03:16.666] [SEVERE ] updating countdown to 14588
[21:03:16.677] [SEVERE ] updating countdown to 14577
[21:03:16.688] [SEVERE ] updating countdown to 14566
[21:03:16.700] [SEVERE ] updating countdown to 14554
[21:03:16.724] [SEVERE ] updating countdown to 14530
[21:03:16.745] [SEVERE ] updating countdown to 14509
[21:03:16.758] [SEVERE ] updating countdown to 14496
[21:03:16.770] [SEVERE ] updating countdown to 14484
[21:03:16.781] [SEVERE ] updating countdown to 14473
[21:03:16.793] [SEVERE ] updating countdown to 14461
[21:03:16.819] [SEVERE ] updating countdown to 14435
[21:03:16.830] [SEVERE ] updating countdown to 14424
[21:03:16.841] [SEVERE ] updating countdown to 14413
[21:03:16.851] [SEVERE ] updating countdown to 14403
[21:03:16.862] [SEVERE ] updating countdown to 14392
[21:03:16.873] [SEVERE ] updating countdown to 14381
[21:03:16.888] [SEVERE ] updating countdown to 14366
[21:03:16.902] [SEVERE ] updating countdown to 14352
[21:03:16.913] [SEVERE ] updating countdown to 14341
[21:03:16.924] [SEVERE ] updating countdown to 14330
[21:03:16.964] [SEVERE ] updating countdown to 14290
[21:03:16.976] [SEVERE ] updating countdown to 14278
[21:03:16.987] [SEVERE ] updating countdown to 14267
[21:03:16.998] [SEVERE ] updating countdown to 14256
[21:03:17.009] [SEVERE ] updating countdown to 14245
[21:03:17.028] [SEVERE ] updating countdown to 14226
[21:03:17.044] [SEVERE ] updating countdown to 14210
[21:03:17.055] [SEVERE ] updating countdown to 14199
[21:03:17.066] [SEVERE ] updating countdown to 14188
[21:03:17.093] [SEVERE ] updating countdown to 14161
[21:03:17.104] [SEVERE ] updating countdown to 14150
[21:03:17.115] [SEVERE ] updating countdown to 14139
[21:03:17.126] [SEVERE ] updating countdown to 14128
[21:03:17.137] [SEVERE ] updating countdown to 14117
[21:03:17.148] [SEVERE ] updating countdown to 14106
[21:03:17.161] [SEVERE ] updating countdown to 14093
[21:03:17.180] [SEVERE ] updating countdown to 14074
[21:03:17.191] [SEVERE ] updating countdown to 14063
[21:03:17.202] [SEVERE ] updating countdown to 14052
[21:03:17.236] [SEVERE ] updating countdown to 14018
[21:03:17.246] [SEVERE ] updating countdown to 14008
[21:03:17.258] [SEVERE ] updating countdown to 13996
[21:03:17.269] [SEVERE ] updating countdown to 13985
[21:03:17.282] [SEVERE ] updating countdown to 13972
[21:03:17.295] [SEVERE ] updating countdown to 13959
[21:03:17.306] [SEVERE ] updating countdown to 13948
[21:03:17.317] [SEVERE ] updating countdown to 13937
[21:03:17.345] [SEVERE ] updating countdown to 13909
[21:03:17.383] [SEVERE ] updating countdown to 13871
[21:03:17.397] [SEVERE ] updating countdown to 13857
[21:03:17.408] [SEVERE ] updating countdown to 13846
[21:03:17.420] [SEVERE ] updating countdown to 13834
[21:03:17.434] [SEVERE ] updating countdown to 13820
[21:03:17.454] [SEVERE ] updating countdown to 13800
[21:03:17.466] [SEVERE ] updating countdown to 13788
[21:03:17.477] [SEVERE ] updating countdown to 13777
[21:03:17.495] [SEVERE ] updating countdown to 13759
[21:03:17.507] [SEVERE ] updating countdown to 13747
[21:03:17.518] [SEVERE ] updating countdown to 13736
[21:03:17.572] [SEVERE ] updating countdown to 13682
[21:03:17.583] [SEVERE ] updating countdown to 13671
[21:03:17.593] [SEVERE ] updating countdown to 13661
[21:03:17.603] [SEVERE ] updating countdown to 13651
[21:03:17.614] [SEVERE ] updating countdown to 13640
[21:03:17.633] [SEVERE ] updating countdown to 13621
[21:03:17.673] [SEVERE ] updating countdown to 13581
[21:03:17.684] [SEVERE ] updating countdown to 13570
[21:03:17.694] [SEVERE ] updating countdown to 13560
[21:03:17.705] [SEVERE ] updating countdown to 13549
[21:03:17.749] [SEVERE ] updating countdown to 13505
[21:03:17.760] [SEVERE ] updating countdown to 13495
[21:03:17.770] [SEVERE ] updating countdown to 13484
[21:03:17.781] [SEVERE ] updating countdown to 13473
[21:03:17.793] [SEVERE ] updating countdown to 13461
[21:03:17.820] [SEVERE ] updating countdown to 13434
[21:03:17.833] [SEVERE ] updating countdown to 13421
[21:03:17.844] [SEVERE ] updating countdown to 13410
[21:03:17.915] [SEVERE ] updating countdown to 13339
[21:03:17.927] [SEVERE ] updating countdown to 13327
[21:03:17.938] [SEVERE ] updating countdown to 13316
[21:03:17.948] [SEVERE ] updating countdown to 13306
[21:03:17.959] [SEVERE ] updating countdown to 13295
[21:03:17.971] [SEVERE ] updating countdown to 13283
[21:03:17.990] [SEVERE ] updating countdown to 13264
[21:03:18.002] [SEVERE ] updating countdown to 13252
[21:03:18.014] [SEVERE ] updating countdown to 13240
[21:03:18.044] [SEVERE ] updating countdown to 13210
[21:03:18.056] [SEVERE ] updating countdown to 13198
[21:03:18.069] [SEVERE ] updating countdown to 13185
[21:03:18.093] [SEVERE ] updating countdown to 13161
[21:03:18.104] [SEVERE ] updating countdown to 13150
[21:03:18.116] [SEVERE ] updating countdown to 13138
[21:03:18.128] [SEVERE ] updating countdown to 13126
[21:03:18.139] [SEVERE ] updating countdown to 13115
[21:03:18.164] [SEVERE ] updating countdown to 13090
[21:03:18.175] [SEVERE ] updating countdown to 13079
[21:03:18.187] [SEVERE ] updating countdown to 13067
[21:03:18.205] [SEVERE ] updating countdown to 13049
[21:03:18.216] [SEVERE ] updating countdown to 13038
[21:03:18.227] [SEVERE ] updating countdown to 13027
[21:03:18.238] [SEVERE ] updating countdown to 13016
[21:03:18.250] [SEVERE ] updating countdown to 13004
[21:03:18.261] [SEVERE ] updating countdown to 12993
[21:03:18.277] [SEVERE ] updating countdown to 12977
[21:03:18.288] [SEVERE ] updating countdown to 12966
[21:03:18.299] [SEVERE ] updating countdown to 12955
[21:03:18.311] [SEVERE ] updating countdown to 12943
[21:03:18.336] [SEVERE ] updating countdown to 12918
[21:03:18.347] [SEVERE ] updating countdown to 12907
[21:03:18.358] [SEVERE ] updating countdown to 12896
[21:03:18.370] [SEVERE ] updating countdown to 12884
[21:03:18.383] [SEVERE ] updating countdown to 12871
[21:03:18.407] [SEVERE ] updating countdown to 12847
[21:03:18.418] [SEVERE ] updating countdown to 12836
[21:03:18.430] [SEVERE ] updating countdown to 12824
[21:03:18.478] [SEVERE ] updating countdown to 12776
[21:03:18.497] [SEVERE ] updating countdown to 12757
[21:03:18.509] [SEVERE ] updating countdown to 12745
[21:03:18.520] [SEVERE ] updating countdown to 12734
[21:03:18.531] [SEVERE ] updating countdown to 12723
[21:03:18.543] [SEVERE ] updating countdown to 12711
[21:03:18.564] [SEVERE ] updating countdown to 12690
[21:03:18.580] [SEVERE ] updating countdown to 12674
[21:03:18.605] [SEVERE ] updating countdown to 12649
[21:03:18.616] [SEVERE ] updating countdown to 12638
[21:03:18.628] [SEVERE ] updating countdown to 12627
[21:03:18.664] [SEVERE ] updating countdown to 12590
[21:03:18.675] [SEVERE ] updating countdown to 12579
[21:03:18.687] [SEVERE ] updating countdown to 12567
[21:03:18.700] [SEVERE ] updating countdown to 12554
[21:03:18.711] [SEVERE ] updating countdown to 12543
[21:03:18.725] [SEVERE ] updating countdown to 12529
[21:03:18.742] [SEVERE ] updating countdown to 12512
[21:03:18.753] [SEVERE ] updating countdown to 12501
[21:03:18.774] [SEVERE ] updating countdown to 12480
[21:03:18.786] [SEVERE ] updating countdown to 12468
[21:03:18.797] [SEVERE ] updating countdown to 12457
[21:03:18.808] [SEVERE ] updating countdown to 12446
[21:03:18.820] [SEVERE ] updating countdown to 12434
[21:03:18.831] [SEVERE ] updating countdown to 12423
[21:03:18.842] [SEVERE ] updating countdown to 12412
[21:03:18.857] [SEVERE ] updating countdown to 12397
[21:03:18.868] [SEVERE ] updating countdown to 12386
[21:03:18.880] [SEVERE ] updating countdown to 12374
[21:03:18.892] [SEVERE ] updating countdown to 12362
[21:03:18.904] [SEVERE ] updating countdown to 12350
[21:03:18.917] [SEVERE ] updating countdown to 12337
[21:03:18.928] [SEVERE ] updating countdown to 12326
[21:03:18.939] [SEVERE ] updating countdown to 12315
[21:03:18.950] [SEVERE ] updating countdown to 12304
[21:03:18.962] [SEVERE ] updating countdown to 12293
[21:03:18.975] [SEVERE ] updating countdown to 12279
[21:03:19.003] [SEVERE ] updating countdown to 12251
[21:03:19.015] [SEVERE ] updating countdown to 12239
[21:03:19.052] [SEVERE ] updating countdown to 12202
[21:03:19.064] [SEVERE ] updating countdown to 12190
[21:03:19.075] [SEVERE ] updating countdown to 12179
[21:03:19.088] [SEVERE ] updating countdown to 12166
[21:03:19.100] [SEVERE ] updating countdown to 12154
[21:03:19.111] [SEVERE ] updating countdown to 12143
[21:03:19.138] [SEVERE ] updating countdown to 12117
[21:03:19.149] [SEVERE ] updating countdown to 12105
[21:03:19.179] [SEVERE ] updating countdown to 12075
[21:03:19.204] [SEVERE ] updating countdown to 12050
[21:03:19.215] [SEVERE ] updating countdown to 12039
[21:03:19.227] [SEVERE ] updating countdown to 12027
[21:03:19.238] [SEVERE ] updating countdown to 12016
[21:03:19.249] [SEVERE ] updating countdown to 12005
[21:03:19.261] [SEVERE ] updating countdown to 11993
[21:03:19.273] [SEVERE ] updating countdown to 11981
[21:03:19.286] [SEVERE ] updating countdown to 11968
[21:03:19.297] [SEVERE ] updating countdown to 11957
[21:03:19.309] [SEVERE ] updating countdown to 11945
[21:03:19.355] [SEVERE ] updating countdown to 11899
[21:03:19.382] [SEVERE ] updating countdown to 11872
[21:03:19.396] [SEVERE ] updating countdown to 11858
[21:03:19.408] [SEVERE ] updating countdown to 11846
[21:03:19.419] [SEVERE ] updating countdown to 11835
[21:03:19.431] [SEVERE ] updating countdown to 11823
[21:03:19.449] [SEVERE ] updating countdown to 11805
[21:03:19.461] [SEVERE ] updating countdown to 11793
[21:03:19.473] [SEVERE ] updating countdown to 11781
[21:03:19.499] [SEVERE ] updating countdown to 11755
[21:03:19.510] [SEVERE ] updating countdown to 11744
[21:03:19.521] [SEVERE ] updating countdown to 11733
[21:03:19.540] [SEVERE ] updating countdown to 11714
[21:03:19.551] [SEVERE ] updating countdown to 11703
[21:03:19.578] [SEVERE ] updating countdown to 11676
[21:03:19.591] [SEVERE ] updating countdown to 11663
[21:03:19.602] [SEVERE ] updating countdown to 11652
[21:03:19.613] [SEVERE ] updating countdown to 11641
[21:03:19.624] [SEVERE ] updating countdown to 11630
[21:03:19.690] [SEVERE ] updating countdown to 11564
[21:03:19.700] [SEVERE ] updating countdown to 11554
[21:03:19.711] [SEVERE ] updating countdown to 11543
[21:03:19.722] [SEVERE ] updating countdown to 11532
[21:03:19.734] [SEVERE ] updating countdown to 11520
[21:03:19.745] [SEVERE ] updating countdown to 11509
[21:03:19.755] [SEVERE ] updating countdown to 11499
[21:03:19.766] [SEVERE ] updating countdown to 11488
[21:03:19.777] [SEVERE ] updating countdown to 11477
[21:03:19.788] [SEVERE ] updating countdown to 11466
[21:03:19.798] [SEVERE ] updating countdown to 11456
[21:03:19.809] [SEVERE ] updating countdown to 11445
[21:03:19.820] [SEVERE ] updating countdown to 11434
[21:03:19.862] [SEVERE ] updating countdown to 11392
[21:03:19.873] [SEVERE ] updating countdown to 11381
[21:03:19.884] [SEVERE ] updating countdown to 11370
[21:03:19.895] [SEVERE ] updating countdown to 11359
[21:03:19.908] [SEVERE ] updating countdown to 11346
[21:03:19.924] [SEVERE ] updating countdown to 11330
[21:03:19.937] [SEVERE ] updating countdown to 11317
[21:03:19.963] [SEVERE ] updating countdown to 11291
[21:03:19.976] [SEVERE ] updating countdown to 11278
[21:03:19.987] [SEVERE ] updating countdown to 11267
[21:03:19.998] [SEVERE ] updating countdown to 11256
[21:03:20.009] [SEVERE ] updating countdown to 11245
[21:03:20.020] [SEVERE ] updating countdown to 11234
[21:03:20.033] [SEVERE ] updating countdown to 11221
[21:03:20.045] [SEVERE ] updating countdown to 11209
[21:03:20.059] [SEVERE ] updating countdown to 11195
[21:03:20.071] [SEVERE ] updating countdown to 11183
[21:03:20.082] [SEVERE ] updating countdown to 11172
[21:03:20.094] [SEVERE ] updating countdown to 11160
[21:03:20.120] [SEVERE ] updating countdown to 11134
[21:03:20.131] [SEVERE ] updating countdown to 11123
[21:03:20.143] [SEVERE ] updating countdown to 11111
[21:03:20.155] [SEVERE ] updating countdown to 11099
[21:03:20.180] [SEVERE ] updating countdown to 11074
[21:03:20.192] [SEVERE ] updating countdown to 11062
[21:03:20.203] [SEVERE ] updating countdown to 11051
[21:03:20.246] [SEVERE ] updating countdown to 11008
[21:03:20.275] [SEVERE ] updating countdown to 10979
[21:03:20.286] [SEVERE ] updating countdown to 10968
[21:03:20.296] [SEVERE ] updating countdown to 10958
[21:03:20.307] [SEVERE ] updating countdown to 10947
[21:03:20.317] [SEVERE ] updating countdown to 10937
[21:03:20.332] [SEVERE ] updating countdown to 10922
[21:03:20.343] [SEVERE ] updating countdown to 10911
[21:03:20.355] [SEVERE ] updating countdown to 10899
[21:03:20.373] [SEVERE ] updating countdown to 10881
[21:03:20.384] [SEVERE ] updating countdown to 10870
[21:03:20.394] [SEVERE ] updating countdown to 10860
[21:03:20.405] [SEVERE ] updating countdown to 10849
[21:03:20.415] [SEVERE ] updating countdown to 10839
[21:03:20.427] [SEVERE ] updating countdown to 10827
[21:03:20.440] [SEVERE ] updating countdown to 10814
[21:03:20.463] [SEVERE ] updating countdown to 10791
[21:03:20.474] [SEVERE ] updating countdown to 10780
[21:03:20.490] [SEVERE ] updating countdown to 10764
[21:03:20.501] [SEVERE ] updating countdown to 10753
[21:03:20.511] [SEVERE ] updating countdown to 10743
[21:03:20.523] [SEVERE ] updating countdown to 10731
[21:03:20.534] [SEVERE ] updating countdown to 10720
[21:03:20.547] [SEVERE ] updating countdown to 10707
[21:03:20.559] [SEVERE ] updating countdown to 10695
[21:03:20.577] [SEVERE ] updating countdown to 10677
[21:03:20.589] [SEVERE ] updating countdown to 10665
[21:03:20.601] [SEVERE ] updating countdown to 10653
[21:03:20.618] [SEVERE ] updating countdown to 10636
[21:03:20.629] [SEVERE ] updating countdown to 10625
[21:03:20.639] [SEVERE ] updating countdown to 10615
[21:03:20.650] [SEVERE ] updating countdown to 10604
[21:03:20.662] [SEVERE ] updating countdown to 10592
[21:03:20.673] [SEVERE ] updating countdown to 10581
[21:03:20.687] [SEVERE ] updating countdown to 10567
[21:03:20.698] [SEVERE ] updating countdown to 10556
[21:03:20.710] [SEVERE ] updating countdown to 10544
[21:03:20.720] [SEVERE ] updating countdown to 10534
[21:03:20.762] [SEVERE ] updating countdown to 10492
[21:03:20.773] [SEVERE ] updating countdown to 10481
[21:03:20.785] [SEVERE ] updating countdown to 10469
[21:03:20.802] [SEVERE ] updating countdown to 10452
[21:03:20.813] [SEVERE ] updating countdown to 10441
[21:03:20.825] [SEVERE ] updating countdown to 10429
[21:03:20.836] [SEVERE ] updating countdown to 10418
[21:03:20.909] [SEVERE ] updating countdown to 10345
[21:03:20.920] [SEVERE ] updating countdown to 10334
[21:03:20.931] [SEVERE ] updating countdown to 10323
[21:03:20.943] [SEVERE ] updating countdown to 10311
[21:03:20.955] [SEVERE ] updating countdown to 10299
[21:03:20.984] [SEVERE ] updating countdown to 10270
[21:03:20.995] [SEVERE ] updating countdown to 10259
[21:03:21.007] [SEVERE ] updating countdown to 10247
[21:03:21.018] [SEVERE ] updating countdown to 10236
[21:03:21.029] [SEVERE ] updating countdown to 10225
[21:03:21.040] [SEVERE ] updating countdown to 10214
[21:03:21.107] [SEVERE ] updating countdown to 10147
[21:03:21.122] [SEVERE ] updating countdown to 10132
[21:03:21.135] [SEVERE ] updating countdown to 10119
[21:03:21.146] [SEVERE ] updating countdown to 10108
[21:03:21.158] [SEVERE ] updating countdown to 10097
[21:03:21.170] [SEVERE ] updating countdown to 10084
[21:03:21.181] [SEVERE ] updating countdown to 10073
[21:03:21.192] [SEVERE ] updating countdown to 10062
[21:03:21.203] [SEVERE ] updating countdown to 10051
[21:03:21.219] [SEVERE ] updating countdown to 10035
[21:03:21.231] [SEVERE ] updating countdown to 10023
[21:03:21.243] [SEVERE ] updating countdown to 10011
[21:03:21.254] [SEVERE ] updating countdown to 10000
[21:03:21.266] [SEVERE ] updating countdown to 9988
[21:03:21.284] [SEVERE ] updating countdown to 9970
[21:03:21.295] [SEVERE ] updating countdown to 9959
[21:03:21.306] [SEVERE ] updating countdown to 9948
[21:03:21.318] [SEVERE ] updating countdown to 9936
[21:03:21.329] [SEVERE ] updating countdown to 9925
[21:03:21.340] [SEVERE ] updating countdown to 9914
[21:03:21.352] [SEVERE ] updating countdown to 9902
[21:03:21.422] [SEVERE ] updating countdown to 9832
[21:03:21.433] [SEVERE ] updating countdown to 9821
[21:03:21.444] [SEVERE ] updating countdown to 9810
[21:03:21.455] [SEVERE ] updating countdown to 9799
[21:03:21.466] [SEVERE ] updating countdown to 9788
[21:03:21.477] [SEVERE ] updating countdown to 9777
[21:03:21.488] [SEVERE ] updating countdown to 9766
[21:03:21.500] [SEVERE ] updating countdown to 9754
[21:03:21.512] [SEVERE ] updating countdown to 9742
[21:03:21.528] [SEVERE ] updating countdown to 9726
[21:03:21.539] [SEVERE ] updating countdown to 9715
[21:03:21.550] [SEVERE ] updating countdown to 9704
[21:03:21.595] [SEVERE ] updating countdown to 9659
[21:03:21.606] [SEVERE ] updating countdown to 9648
[21:03:21.617] [SEVERE ] updating countdown to 9637
[21:03:21.629] [SEVERE ] updating countdown to 9625
[21:03:21.641] [SEVERE ] updating countdown to 9613
[21:03:21.675] [SEVERE ] updating countdown to 9579
[21:03:21.687] [SEVERE ] updating countdown to 9567
[21:03:21.706] [SEVERE ] updating countdown to 9548
[21:03:21.747] [SEVERE ] updating countdown to 9508
[21:03:21.758] [SEVERE ] updating countdown to 9496
[21:03:21.769] [SEVERE ] updating countdown to 9485
[21:03:21.780] [SEVERE ] updating countdown to 9474
[21:03:21.792] [SEVERE ] updating countdown to 9462
[21:03:21.810] [SEVERE ] updating countdown to 9444
[21:03:21.823] [SEVERE ] updating countdown to 9431
[21:03:21.834] [SEVERE ] updating countdown to 9420
[21:03:21.862] [SEVERE ] updating countdown to 9392
[21:03:21.873] [SEVERE ] updating countdown to 9381
[21:03:21.883] [SEVERE ] updating countdown to 9371
[21:03:21.894] [SEVERE ] updating countdown to 9360
[21:03:21.904] [SEVERE ] updating countdown to 9350
[21:03:21.915] [SEVERE ] updating countdown to 9339
[21:03:21.927] [SEVERE ] updating countdown to 9327
[21:03:21.938] [SEVERE ] updating countdown to 9316
[21:03:21.950] [SEVERE ] updating countdown to 9304
[21:03:21.961] [SEVERE ] updating countdown to 9293
[21:03:22.008] [SEVERE ] updating countdown to 9246
[21:03:22.039] [SEVERE ] updating countdown to 9215
[21:03:22.050] [SEVERE ] updating countdown to 9204
[21:03:22.061] [SEVERE ] updating countdown to 9193
[21:03:22.072] [SEVERE ] updating countdown to 9182
[21:03:22.085] [SEVERE ] updating countdown to 9169
[21:03:22.103] [SEVERE ] updating countdown to 9151
[21:03:22.114] [SEVERE ] updating countdown to 9140
[21:03:22.126] [SEVERE ] updating countdown to 9128
[21:03:22.150] [SEVERE ] updating countdown to 9104
[21:03:22.171] [SEVERE ] updating countdown to 9083
[21:03:22.182] [SEVERE ] updating countdown to 9072
[21:03:22.193] [SEVERE ] updating countdown to 9061
[21:03:22.204] [SEVERE ] updating countdown to 9050
[21:03:22.215] [SEVERE ] updating countdown to 9039
[21:03:22.226] [SEVERE ] updating countdown to 9028
[21:03:22.237] [SEVERE ] updating countdown to 9017
[21:03:22.248] [SEVERE ] updating countdown to 9006
[21:03:22.277] [SEVERE ] updating countdown to 8977
[21:03:22.289] [SEVERE ] updating countdown to 8965
[21:03:22.301] [SEVERE ] updating countdown to 8953
[21:03:22.346] [SEVERE ] updating countdown to 8908
[21:03:22.357] [SEVERE ] updating countdown to 8897
[21:03:22.369] [SEVERE ] updating countdown to 8885
[21:03:22.380] [SEVERE ] updating countdown to 8874
[21:03:22.391] [SEVERE ] updating countdown to 8863
[21:03:22.404] [SEVERE ] updating countdown to 8850
[21:03:22.417] [SEVERE ] updating countdown to 8837
[21:03:22.440] [SEVERE ] updating countdown to 8814
[21:03:22.452] [SEVERE ] updating countdown to 8802
[21:03:22.464] [SEVERE ] updating countdown to 8790
[21:03:22.501] [SEVERE ] updating countdown to 8753
[21:03:22.516] [SEVERE ] updating countdown to 8738
[21:03:22.553] [SEVERE ] updating countdown to 8701
[21:03:22.564] [SEVERE ] updating countdown to 8690
[21:03:22.576] [SEVERE ] updating countdown to 8678
[21:03:22.589] [SEVERE ] updating countdown to 8665
[21:03:22.604] [SEVERE ] updating countdown to 8650
[21:03:22.620] [SEVERE ] updating countdown to 8634
[21:03:22.631] [SEVERE ] updating countdown to 8623
[21:03:22.659] [SEVERE ] updating countdown to 8595
[21:03:22.671] [SEVERE ] updating countdown to 8583
[21:03:22.682] [SEVERE ] updating countdown to 8572
[21:03:22.713] [SEVERE ] updating countdown to 8541
[21:03:22.729] [SEVERE ] updating countdown to 8525
[21:03:22.740] [SEVERE ] updating countdown to 8514
[21:03:22.751] [SEVERE ] updating countdown to 8503
[21:03:22.762] [SEVERE ] updating countdown to 8492
[21:03:22.773] [SEVERE ] updating countdown to 8481
[21:03:22.815] [SEVERE ] updating countdown to 8439
[21:03:22.834] [SEVERE ] updating countdown to 8420
[21:03:22.847] [SEVERE ] updating countdown to 8407
[21:03:22.858] [SEVERE ] updating countdown to 8396
[21:03:22.868] [SEVERE ] updating countdown to 8386
[21:03:22.879] [SEVERE ] updating countdown to 8375
[21:03:22.890] [SEVERE ] updating countdown to 8364
[21:03:22.900] [SEVERE ] updating countdown to 8354
[21:03:22.911] [SEVERE ] updating countdown to 8343
[21:03:22.927] [SEVERE ] updating countdown to 8327
[21:03:22.938] [SEVERE ] updating countdown to 8316
[21:03:22.957] [SEVERE ] updating countdown to 8297
[21:03:22.974] [SEVERE ] updating countdown to 8280
[21:03:23.003] [SEVERE ] updating countdown to 8251
[21:03:23.014] [SEVERE ] updating countdown to 8240
[21:03:23.024] [SEVERE ] updating countdown to 8230
[21:03:23.036] [SEVERE ] updating countdown to 8218
[21:03:23.048] [SEVERE ] updating countdown to 8206
[21:03:23.071] [SEVERE ] updating countdown to 8183
[21:03:23.082] [SEVERE ] updating countdown to 8172
[21:03:23.098] [SEVERE ] updating countdown to 8156
[21:03:23.119] [SEVERE ] updating countdown to 8135
[21:03:23.140] [SEVERE ] updating countdown to 8114
[21:03:23.151] [SEVERE ] updating countdown to 8103
[21:03:23.162] [SEVERE ] updating countdown to 8092
[21:03:23.174] [SEVERE ] updating countdown to 8080
[21:03:23.187] [SEVERE ] updating countdown to 8067
[21:03:23.199] [SEVERE ] updating countdown to 8055
[21:03:23.210] [SEVERE ] updating countdown to 8044
[21:03:23.222] [SEVERE ] updating countdown to 8032
[21:03:23.249] [SEVERE ] updating countdown to 8005
[21:03:23.260] [SEVERE ] updating countdown to 7994
[21:03:23.271] [SEVERE ] updating countdown to 7983
[21:03:23.282] [SEVERE ] updating countdown to 7972
[21:03:23.293] [SEVERE ] updating countdown to 7961
[21:03:23.305] [SEVERE ] updating countdown to 7949
[21:03:23.318] [SEVERE ] updating countdown to 7936
[21:03:23.333] [SEVERE ] updating countdown to 7921
[21:03:23.355] [SEVERE ] updating countdown to 7899
[21:03:23.374] [SEVERE ] updating countdown to 7880
[21:03:23.396] [SEVERE ] updating countdown to 7858
[21:03:23.407] [SEVERE ] updating countdown to 7847
[21:03:23.418] [SEVERE ] updating countdown to 7836
[21:03:23.430] [SEVERE ] updating countdown to 7824
[21:03:23.443] [SEVERE ] updating countdown to 7811
[21:03:23.467] [SEVERE ] updating countdown to 7787
[21:03:23.479] [SEVERE ] updating countdown to 7775
[21:03:23.491] [SEVERE ] updating countdown to 7763
[21:03:23.504] [SEVERE ] updating countdown to 7750
[21:03:23.516] [SEVERE ] updating countdown to 7738
[21:03:23.539] [SEVERE ] updating countdown to 7715
[21:03:23.565] [SEVERE ] updating countdown to 7689
[21:03:23.576] [SEVERE ] updating countdown to 7678
[21:03:23.587] [SEVERE ] updating countdown to 7667
[21:03:23.599] [SEVERE ] updating countdown to 7655
[21:03:23.630] [SEVERE ] updating countdown to 7624
[21:03:23.641] [SEVERE ] updating countdown to 7613
[21:03:23.654] [SEVERE ] updating countdown to 7600
[21:03:23.664] [SEVERE ] updating countdown to 7590
[21:03:23.675] [SEVERE ] updating countdown to 7579
[21:03:23.686] [SEVERE ] updating countdown to 7568
[21:03:23.697] [SEVERE ] updating countdown to 7557
[21:03:23.708] [SEVERE ] updating countdown to 7546
[21:03:23.719] [SEVERE ] updating countdown to 7535
[21:03:23.730] [SEVERE ] updating countdown to 7524
[21:03:23.744] [SEVERE ] updating countdown to 7510
[21:03:23.772] [SEVERE ] updating countdown to 7482
[21:03:23.786] [SEVERE ] updating countdown to 7468
[21:03:23.797] [SEVERE ] updating countdown to 7457
[21:03:23.808] [SEVERE ] updating countdown to 7446
[21:03:23.819] [SEVERE ] updating countdown to 7435
[21:03:23.831] [SEVERE ] updating countdown to 7423
[21:03:23.842] [SEVERE ] updating countdown to 7412
[21:03:23.865] [SEVERE ] updating countdown to 7389
[21:03:23.877] [SEVERE ] updating countdown to 7377
[21:03:23.890] [SEVERE ] updating countdown to 7364
[21:03:23.901] [SEVERE ] updating countdown to 7353
[21:03:23.945] [SEVERE ] updating countdown to 7309
[21:03:23.956] [SEVERE ] updating countdown to 7298
[21:03:23.966] [SEVERE ] updating countdown to 7288
[21:03:23.977] [SEVERE ] updating countdown to 7277
[21:03:23.988] [SEVERE ] updating countdown to 7266
[21:03:23.999] [SEVERE ] updating countdown to 7255
[21:03:24.009] [SEVERE ] updating countdown to 7245
[21:03:24.020] [SEVERE ] updating countdown to 7234
[21:03:24.030] [SEVERE ] updating countdown to 7224
[21:03:24.041] [SEVERE ] updating countdown to 7213
[21:03:24.055] [SEVERE ] updating countdown to 7199
[21:03:24.066] [SEVERE ] updating countdown to 7188
[21:03:24.077] [SEVERE ] updating countdown to 7177
[21:03:24.088] [SEVERE ] updating countdown to 7166
[21:03:24.099] [SEVERE ] updating countdown to 7155
[21:03:24.109] [SEVERE ] updating countdown to 7145
[21:03:24.120] [SEVERE ] updating countdown to 7134
[21:03:24.132] [SEVERE ] updating countdown to 7122
[21:03:24.144] [SEVERE ] updating countdown to 7110
[21:03:24.181] [SEVERE ] updating countdown to 7073
[21:03:24.202] [SEVERE ] updating countdown to 7052
[21:03:24.213] [SEVERE ] updating countdown to 7041
[21:03:24.224] [SEVERE ] updating countdown to 7030
[21:03:24.240] [SEVERE ] updating countdown to 7014
[21:03:24.251] [SEVERE ] updating countdown to 7003
[21:03:24.262] [SEVERE ] updating countdown to 6992
[21:03:24.275] [SEVERE ] updating countdown to 6979
[21:03:24.286] [SEVERE ] updating countdown to 6968
[21:03:24.300] [SEVERE ] updating countdown to 6954
[21:03:24.310] [SEVERE ] updating countdown to 6944
[21:03:24.322] [SEVERE ] updating countdown to 6932
[21:03:24.350] [SEVERE ] updating countdown to 6904
[21:03:24.372] [SEVERE ] updating countdown to 6882
[21:03:24.388] [SEVERE ] updating countdown to 6866
[21:03:24.399] [SEVERE ] updating countdown to 6855
[21:03:24.410] [SEVERE ] updating countdown to 6844
[21:03:24.421] [SEVERE ] updating countdown to 6833
[21:03:24.432] [SEVERE ] updating countdown to 6822
[21:03:24.444] [SEVERE ] updating countdown to 6810
[21:03:24.457] [SEVERE ] updating countdown to 6797
[21:03:24.472] [SEVERE ] updating countdown to 6782
[21:03:24.483] [SEVERE ] updating countdown to 6771
[21:03:24.494] [SEVERE ] updating countdown to 6760
[21:03:24.541] [SEVERE ] updating countdown to 6713
[21:03:24.556] [SEVERE ] updating countdown to 6698
[21:03:24.567] [SEVERE ] updating countdown to 6687
[21:03:24.579] [SEVERE ] updating countdown to 6675
[21:03:24.591] [SEVERE ] updating countdown to 6663
[21:03:24.603] [SEVERE ] updating countdown to 6651
[21:03:24.626] [SEVERE ] updating countdown to 6628
[21:03:24.637] [SEVERE ] updating countdown to 6617
[21:03:24.690] [SEVERE ] updating countdown to 6564
[21:03:24.701] [SEVERE ] updating countdown to 6553
[21:03:24.712] [SEVERE ] updating countdown to 6542
[21:03:24.723] [SEVERE ] updating countdown to 6531
[21:03:24.734] [SEVERE ] updating countdown to 6520
[21:03:24.745] [SEVERE ] updating countdown to 6509
[21:03:24.756] [SEVERE ] updating countdown to 6498
[21:03:24.768] [SEVERE ] updating countdown to 6486
[21:03:24.787] [SEVERE ] updating countdown to 6467
[21:03:24.798] [SEVERE ] updating countdown to 6456
[21:03:24.809] [SEVERE ] updating countdown to 6445
[21:03:24.883] [SEVERE ] updating countdown to 6371
[21:03:24.894] [SEVERE ] updating countdown to 6360
[21:03:24.906] [SEVERE ] updating countdown to 6348
[21:03:24.918] [SEVERE ] updating countdown to 6336
[21:03:24.929] [SEVERE ] updating countdown to 6325
[21:03:24.943] [SEVERE ] updating countdown to 6311
[21:03:24.955] [SEVERE ] updating countdown to 6299
[21:03:24.966] [SEVERE ] updating countdown to 6288
[21:03:24.979] [SEVERE ] updating countdown to 6275
[21:03:24.990] [SEVERE ] updating countdown to 6264
[21:03:25.001] [SEVERE ] updating countdown to 6253
[21:03:25.011] [SEVERE ] updating countdown to 6243
[21:03:25.022] [SEVERE ] updating countdown to 6232
[21:03:25.077] [SEVERE ] updating countdown to 6177
[21:03:25.088] [SEVERE ] updating countdown to 6166
[21:03:25.100] [SEVERE ] updating countdown to 6154
[21:03:25.110] [SEVERE ] updating countdown to 6144
[21:03:25.121] [SEVERE ] updating countdown to 6133
[21:03:25.132] [SEVERE ] updating countdown to 6122
[21:03:25.169] [SEVERE ] updating countdown to 6085
[21:03:25.179] [SEVERE ] updating countdown to 6075
[21:03:25.190] [SEVERE ] updating countdown to 6064
[21:03:25.201] [SEVERE ] updating countdown to 6053
[21:03:25.212] [SEVERE ] updating countdown to 6042
[21:03:25.224] [SEVERE ] updating countdown to 6030
[21:03:25.236] [SEVERE ] updating countdown to 6018
[21:03:25.246] [SEVERE ] updating countdown to 6008
[21:03:25.299] [SEVERE ] updating countdown to 5955
[21:03:25.340] [SEVERE ] updating countdown to 5914
[21:03:25.351] [SEVERE ] updating countdown to 5903
[21:03:25.361] [SEVERE ] updating countdown to 5893
[21:03:25.372] [SEVERE ] updating countdown to 5882
[21:03:25.383] [SEVERE ] updating countdown to 5871
[21:03:25.394] [SEVERE ] updating countdown to 5860
[21:03:25.405] [SEVERE ] updating countdown to 5849
[21:03:25.415] [SEVERE ] updating countdown to 5839
[21:03:25.427] [SEVERE ] updating countdown to 5827
[21:03:25.438] [SEVERE ] updating countdown to 5816
[21:03:25.449] [SEVERE ] updating countdown to 5805
[21:03:25.460] [SEVERE ] updating countdown to 5794
[21:03:25.472] [SEVERE ] updating countdown to 5782
[21:03:25.482] [SEVERE ] updating countdown to 5772
[21:03:25.493] [SEVERE ] updating countdown to 5761
[21:03:25.504] [SEVERE ] updating countdown to 5750
[21:03:25.514] [SEVERE ] updating countdown to 5740
[21:03:25.525] [SEVERE ] updating countdown to 5729
[21:03:25.536] [SEVERE ] updating countdown to 5718
[21:03:25.548] [SEVERE ] updating countdown to 5706
[21:03:25.560] [SEVERE ] updating countdown to 5694
[21:03:25.587] [SEVERE ] updating countdown to 5667
[21:03:25.616] [SEVERE ] updating countdown to 5638
[21:03:25.626] [SEVERE ] updating countdown to 5628
[21:03:25.637] [SEVERE ] updating countdown to 5617
[21:03:25.648] [SEVERE ] updating countdown to 5606
[21:03:25.660] [SEVERE ] updating countdown to 5594
[21:03:25.684] [SEVERE ] updating countdown to 5570
[21:03:25.695] [SEVERE ] updating countdown to 5559
[21:03:25.707] [SEVERE ] updating countdown to 5547
[21:03:25.722] [SEVERE ] updating countdown to 5532
[21:03:25.733] [SEVERE ] updating countdown to 5521
[21:03:25.768] [SEVERE ] updating countdown to 5486
[21:03:25.779] [SEVERE ] updating countdown to 5475
[21:03:25.790] [SEVERE ] updating countdown to 5464
[21:03:25.801] [SEVERE ] updating countdown to 5453
[21:03:25.812] [SEVERE ] updating countdown to 5442
[21:03:25.834] [SEVERE ] updating countdown to 5420
[21:03:25.845] [SEVERE ] updating countdown to 5409
[21:03:25.856] [SEVERE ] updating countdown to 5398
[21:03:25.870] [SEVERE ] updating countdown to 5384
[21:03:25.886] [SEVERE ] updating countdown to 5368
[21:03:25.897] [SEVERE ] updating countdown to 5357
[21:03:25.909] [SEVERE ] updating countdown to 5345
[21:03:25.923] [SEVERE ] updating countdown to 5331
[21:03:25.945] [SEVERE ] updating countdown to 5309
[21:03:25.962] [SEVERE ] updating countdown to 5292
[21:03:25.979] [SEVERE ] updating countdown to 5275
[21:03:25.991] [SEVERE ] updating countdown to 5263
[21:03:26.002] [SEVERE ] updating countdown to 5252
[21:03:26.013] [SEVERE ] updating countdown to 5241
[21:03:26.025] [SEVERE ] updating countdown to 5229
[21:03:26.039] [SEVERE ] updating countdown to 5215
[21:03:26.050] [SEVERE ] updating countdown to 5204
[21:03:26.062] [SEVERE ] updating countdown to 5192
[21:03:26.073] [SEVERE ] updating countdown to 5181
[21:03:26.085] [SEVERE ] updating countdown to 5169
[21:03:26.101] [SEVERE ] updating countdown to 5153
[21:03:26.111] [SEVERE ] updating countdown to 5143
[21:03:26.122] [SEVERE ] updating countdown to 5132
[21:03:26.133] [SEVERE ] updating countdown to 5121
[21:03:26.143] [SEVERE ] updating countdown to 5111
[21:03:26.154] [SEVERE ] updating countdown to 5100
[21:03:26.164] [SEVERE ] updating countdown to 5090
[21:03:26.175] [SEVERE ] updating countdown to 5079
[21:03:26.185] [SEVERE ] updating countdown to 5069
[21:03:26.195] [SEVERE ] updating countdown to 5059
[21:03:26.206] [SEVERE ] updating countdown to 5048
[21:03:26.219] [SEVERE ] updating countdown to 5035
[21:03:26.229] [SEVERE ] updating countdown to 5025
[21:03:26.240] [SEVERE ] updating countdown to 5014
[21:03:31.257] [SEVERE ] updating countdown to 20000
[21:03:31.273] [SEVERE ] updating countdown to 19984
[21:03:31.285] [SEVERE ] updating countdown to 19972
[21:03:31.297] [SEVERE ] updating countdown to 19960
[21:03:31.317] [SEVERE ] updating countdown to 19940
[21:03:31.328] [SEVERE ] updating countdown to 19929
[21:03:31.339] [SEVERE ] updating countdown to 19918
[21:03:31.349] [SEVERE ] updating countdown to 19908
[21:03:31.360] [SEVERE ] updating countdown to 19897
[21:03:31.371] [SEVERE ] updating countdown to 19886
[21:03:31.382] [SEVERE ] updating countdown to 19875
[21:03:31.392] [SEVERE ] updating countdown to 19865
[21:03:31.403] [SEVERE ] updating countdown to 19854
[21:03:31.414] [SEVERE ] updating countdown to 19843
[21:03:31.425] [SEVERE ] updating countdown to 19832
[21:03:31.436] [SEVERE ] updating countdown to 19821
[21:03:31.447] [SEVERE ] updating countdown to 19810
[21:03:31.457] [SEVERE ] updating countdown to 19800
[21:03:31.468] [SEVERE ] updating countdown to 19789
[21:03:31.479] [SEVERE ] updating countdown to 19778
[21:03:31.492] [SEVERE ] updating countdown to 19765
[21:03:31.506] [SEVERE ] updating countdown to 19751
[21:03:31.517] [SEVERE ] updating countdown to 19740
[21:03:31.529] [SEVERE ] updating countdown to 19728
[21:03:31.540] [SEVERE ] updating countdown to 19718
[21:03:31.550] [SEVERE ] updating countdown to 19707
[21:03:31.561] [SEVERE ] updating countdown to 19696
[21:03:31.572] [SEVERE ] updating countdown to 19685
[21:03:31.586] [SEVERE ] updating countdown to 19671
[21:03:31.597] [SEVERE ] updating countdown to 19660
[21:03:31.608] [SEVERE ] updating countdown to 19649
[21:03:31.619] [SEVERE ] updating countdown to 19638
[21:03:31.630] [SEVERE ] updating countdown to 19627
[21:03:31.641] [SEVERE ] updating countdown to 19616
[21:03:31.652] [SEVERE ] updating countdown to 19605
[21:03:31.663] [SEVERE ] updating countdown to 19594
[21:03:31.674] [SEVERE ] updating countdown to 19583
[21:03:31.685] [SEVERE ] updating countdown to 19572
[21:03:31.696] [SEVERE ] updating countdown to 19561
[21:03:31.707] [SEVERE ] updating countdown to 19550
[21:03:31.717] [SEVERE ] updating countdown to 19540
[21:03:31.733] [SEVERE ] updating countdown to 19524
[21:03:31.744] [SEVERE ] updating countdown to 19513
[21:03:31.756] [SEVERE ] updating countdown to 19501
[21:03:31.768] [SEVERE ] updating countdown to 19489
[21:03:31.788] [SEVERE ] updating countdown to 19469
[21:03:31.799] [SEVERE ] updating countdown to 19458
[21:03:31.810] [SEVERE ] updating countdown to 19447
[21:03:31.821] [SEVERE ] updating countdown to 19436
[21:03:31.831] [SEVERE ] updating countdown to 19426
[21:03:31.842] [SEVERE ] updating countdown to 19415
[21:03:31.853] [SEVERE ] updating countdown to 19404
[21:03:31.864] [SEVERE ] updating countdown to 19393
[21:03:31.875] [SEVERE ] updating countdown to 19382
[21:03:31.886] [SEVERE ] updating countdown to 19371
[21:03:31.898] [SEVERE ] updating countdown to 19359
[21:03:31.909] [SEVERE ] updating countdown to 19348
[21:03:31.919] [SEVERE ] updating countdown to 19338
[21:03:31.930] [SEVERE ] updating countdown to 19327
[21:03:31.942] [SEVERE ] updating countdown to 19315
[21:03:31.953] [SEVERE ] updating countdown to 19304
[21:03:31.964] [SEVERE ] updating countdown to 19293
[21:03:31.975] [SEVERE ] updating countdown to 19282
[21:03:31.985] [SEVERE ] updating countdown to 19272
[21:03:31.996] [SEVERE ] updating countdown to 19261
[21:03:32.007] [SEVERE ] updating countdown to 19250
[21:03:32.018] [SEVERE ] updating countdown to 19239
[21:03:32.029] [SEVERE ] updating countdown to 19228
[21:03:32.040] [SEVERE ] updating countdown to 19217
[21:03:32.050] [SEVERE ] updating countdown to 19207
[21:03:32.061] [SEVERE ] updating countdown to 19196
[21:03:32.075] [SEVERE ] updating countdown to 19182
[21:03:32.086] [SEVERE ] updating countdown to 19171
[21:03:32.097] [SEVERE ] updating countdown to 19160
[21:03:32.107] [SEVERE ] updating countdown to 19150
[21:03:32.118] [SEVERE ] updating countdown to 19139
[21:03:32.129] [SEVERE ] updating countdown to 19128
[21:03:32.140] [SEVERE ] updating countdown to 19117
[21:03:32.151] [SEVERE ] updating countdown to 19106
[21:03:32.161] [SEVERE ] updating countdown to 19096
[21:03:32.172] [SEVERE ] updating countdown to 19085
[21:03:32.182] [SEVERE ] updating countdown to 19075
[21:03:32.194] [SEVERE ] updating countdown to 19063
[21:03:32.205] [SEVERE ] updating countdown to 19052
[21:03:32.216] [SEVERE ] updating countdown to 19041
[21:03:32.226] [SEVERE ] updating countdown to 19031
[21:03:32.237] [SEVERE ] updating countdown to 19020
[21:03:32.248] [SEVERE ] updating countdown to 19009
[21:03:32.258] [SEVERE ] updating countdown to 18999
[21:03:32.269] [SEVERE ] updating countdown to 18988
[21:03:32.279] [SEVERE ] updating countdown to 18978
[21:03:32.291] [SEVERE ] updating countdown to 18966
[21:03:32.302] [SEVERE ] updating countdown to 18955
[21:03:32.313] [SEVERE ] updating countdown to 18944
[21:03:32.324] [SEVERE ] updating countdown to 18933
[21:03:32.335] [SEVERE ] updating countdown to 18922
[21:03:32.346] [SEVERE ] updating countdown to 18912
[21:03:32.356] [SEVERE ] updating countdown to 18901
[21:03:32.367] [SEVERE ] updating countdown to 18890
[21:03:32.378] [SEVERE ] updating countdown to 18879
[21:03:32.389] [SEVERE ] updating countdown to 18868
[21:03:32.400] [SEVERE ] updating countdown to 18857
[21:03:32.411] [SEVERE ] updating countdown to 18846
[21:03:32.424] [SEVERE ] updating countdown to 18833
[21:03:32.435] [SEVERE ] updating countdown to 18822
[21:03:32.446] [SEVERE ] updating countdown to 18811
[21:03:32.458] [SEVERE ] updating countdown to 18799
[21:03:32.470] [SEVERE ] updating countdown to 18787
[21:03:32.480] [SEVERE ] updating countdown to 18777
[21:03:32.491] [SEVERE ] updating countdown to 18766
[21:03:32.501] [SEVERE ] updating countdown to 18756
[21:03:32.512] [SEVERE ] updating countdown to 18745
[21:03:32.522] [SEVERE ] updating countdown to 18735
[21:03:32.533] [SEVERE ] updating countdown to 18724
[21:03:32.543] [SEVERE ] updating countdown to 18714
[21:03:32.554] [SEVERE ] updating countdown to 18703
[21:03:32.567] [SEVERE ] updating countdown to 18690
[21:03:32.577] [SEVERE ] updating countdown to 18680
[21:03:32.588] [SEVERE ] updating countdown to 18669
[21:03:32.599] [SEVERE ] updating countdown to 18658
[21:03:32.609] [SEVERE ] updating countdown to 18648
[21:03:32.620] [SEVERE ] updating countdown to 18637
[21:03:32.630] [SEVERE ] updating countdown to 18627
[21:03:32.641] [SEVERE ] updating countdown to 18616
[21:03:32.652] [SEVERE ] updating countdown to 18605
[21:03:32.663] [SEVERE ] updating countdown to 18594
[21:03:32.674] [SEVERE ] updating countdown to 18583
[21:03:32.685] [SEVERE ] updating countdown to 18572
[21:03:32.696] [SEVERE ] updating countdown to 18561
[21:03:32.707] [SEVERE ] updating countdown to 18550
[21:03:32.718] [SEVERE ] updating countdown to 18539
[21:03:32.728] [SEVERE ] updating countdown to 18529
[21:03:32.740] [SEVERE ] updating countdown to 18517
[21:03:32.751] [SEVERE ] updating countdown to 18506
[21:03:32.762] [SEVERE ] updating countdown to 18495
[21:03:32.773] [SEVERE ] updating countdown to 18484
[21:03:32.786] [SEVERE ] updating countdown to 18471
[21:03:32.808] [SEVERE ] updating countdown to 18449
[21:03:32.819] [SEVERE ] updating countdown to 18438
[21:03:32.831] [SEVERE ] updating countdown to 18426
[21:03:32.844] [SEVERE ] updating countdown to 18413
[21:03:32.863] [SEVERE ] updating countdown to 18394
[21:03:32.892] [SEVERE ] updating countdown to 18365
[21:03:32.907] [SEVERE ] updating countdown to 18350
[21:03:32.917] [SEVERE ] updating countdown to 18340
[21:03:32.928] [SEVERE ] updating countdown to 18329
[21:03:32.939] [SEVERE ] updating countdown to 18318
[21:03:32.950] [SEVERE ] updating countdown to 18307
[21:03:32.960] [SEVERE ] updating countdown to 18297
[21:03:32.972] [SEVERE ] updating countdown to 18285
[21:03:32.983] [SEVERE ] updating countdown to 18274
[21:03:32.993] [SEVERE ] updating countdown to 18264
[21:03:33.004] [SEVERE ] updating countdown to 18253
[21:03:33.015] [SEVERE ] updating countdown to 18242
[21:03:33.026] [SEVERE ] updating countdown to 18231
[21:03:33.037] [SEVERE ] updating countdown to 18220
[21:03:33.048] [SEVERE ] updating countdown to 18209
[21:03:33.058] [SEVERE ] updating countdown to 18199
[21:03:33.069] [SEVERE ] updating countdown to 18188
[21:03:33.080] [SEVERE ] updating countdown to 18177
[21:03:33.091] [SEVERE ] updating countdown to 18166
[21:03:33.103] [SEVERE ] updating countdown to 18154
[21:03:33.117] [SEVERE ] updating countdown to 18140
[21:03:33.128] [SEVERE ] updating countdown to 18129
[21:03:33.139] [SEVERE ] updating countdown to 18118
[21:03:33.160] [SEVERE ] updating countdown to 18097
[21:03:33.178] [SEVERE ] updating countdown to 18079
[21:03:33.189] [SEVERE ] updating countdown to 18068
[21:03:33.200] [SEVERE ] updating countdown to 18057
[21:03:33.211] [SEVERE ] updating countdown to 18046
[21:03:33.222] [SEVERE ] updating countdown to 18035
[21:03:33.238] [SEVERE ] updating countdown to 18019
[21:03:33.249] [SEVERE ] updating countdown to 18008
[21:03:33.262] [SEVERE ] updating countdown to 17995
[21:03:33.284] [SEVERE ] updating countdown to 17973
[21:03:33.297] [SEVERE ] updating countdown to 17960
[21:03:33.308] [SEVERE ] updating countdown to 17949
[21:03:33.336] [SEVERE ] updating countdown to 17921
[21:03:33.346] [SEVERE ] updating countdown to 17911
[21:03:33.357] [SEVERE ] updating countdown to 17900
[21:03:33.367] [SEVERE ] updating countdown to 17890
[21:03:33.378] [SEVERE ] updating countdown to 17879
[21:03:33.388] [SEVERE ] updating countdown to 17869
[21:03:33.399] [SEVERE ] updating countdown to 17858
[21:03:33.410] [SEVERE ] updating countdown to 17847
[21:03:33.421] [SEVERE ] updating countdown to 17836
[21:03:33.431] [SEVERE ] updating countdown to 17826
[21:03:33.442] [SEVERE ] updating countdown to 17815
[21:03:33.452] [SEVERE ] updating countdown to 17805
[21:03:33.463] [SEVERE ] updating countdown to 17794
[21:03:33.474] [SEVERE ] updating countdown to 17783
[21:03:33.485] [SEVERE ] updating countdown to 17772
[21:03:33.495] [SEVERE ] updating countdown to 17762
[21:03:33.506] [SEVERE ] updating countdown to 17751
[21:03:33.516] [SEVERE ] updating countdown to 17741
[21:03:33.527] [SEVERE ] updating countdown to 17730
[21:03:33.538] [SEVERE ] updating countdown to 17719
[21:03:33.548] [SEVERE ] updating countdown to 17709
[21:03:33.559] [SEVERE ] updating countdown to 17698
[21:03:33.570] [SEVERE ] updating countdown to 17687
[21:03:33.581] [SEVERE ] updating countdown to 17676
[21:03:33.592] [SEVERE ] updating countdown to 17665
[21:03:33.604] [SEVERE ] updating countdown to 17653
[21:03:33.619] [SEVERE ] updating countdown to 17638
[21:03:33.630] [SEVERE ] updating countdown to 17627
[21:03:33.641] [SEVERE ] updating countdown to 17616
[21:03:33.721] [SEVERE ] updating countdown to 17536
[21:03:33.733] [SEVERE ] updating countdown to 17524
[21:03:33.745] [SEVERE ] updating countdown to 17512
[21:03:33.756] [SEVERE ] updating countdown to 17501
[21:03:33.767] [SEVERE ] updating countdown to 17490
[21:03:33.780] [SEVERE ] updating countdown to 17477
[21:03:33.798] [SEVERE ] updating countdown to 17459
[21:03:33.810] [SEVERE ] updating countdown to 17447
[21:03:33.843] [SEVERE ] updating countdown to 17414
[21:03:33.854] [SEVERE ] updating countdown to 17403
[21:03:33.882] [SEVERE ] updating countdown to 17375
[21:03:33.893] [SEVERE ] updating countdown to 17364
[21:03:33.904] [SEVERE ] updating countdown to 17353
[21:03:33.915] [SEVERE ] updating countdown to 17342
[21:03:33.927] [SEVERE ] updating countdown to 17330
[21:03:33.939] [SEVERE ] updating countdown to 17318
[21:03:33.950] [SEVERE ] updating countdown to 17307
[21:03:33.960] [SEVERE ] updating countdown to 17297
[21:03:33.971] [SEVERE ] updating countdown to 17286
[21:03:33.982] [SEVERE ] updating countdown to 17275
[21:03:33.993] [SEVERE ] updating countdown to 17264
[21:03:34.004] [SEVERE ] updating countdown to 17253
[21:03:34.015] [SEVERE ] updating countdown to 17243
[21:03:34.025] [SEVERE ] updating countdown to 17232
[21:03:34.036] [SEVERE ] updating countdown to 17221
[21:03:34.047] [SEVERE ] updating countdown to 17210
[21:03:34.060] [SEVERE ] updating countdown to 17197
[21:03:34.072] [SEVERE ] updating countdown to 17185
[21:03:34.083] [SEVERE ] updating countdown to 17174
[21:03:34.094] [SEVERE ] updating countdown to 17163
[21:03:34.110] [SEVERE ] updating countdown to 17147
[21:03:34.122] [SEVERE ] updating countdown to 17135
[21:03:34.134] [SEVERE ] updating countdown to 17123
[21:03:34.144] [SEVERE ] updating countdown to 17113
[21:03:34.155] [SEVERE ] updating countdown to 17102
[21:03:34.167] [SEVERE ] updating countdown to 17090
[21:03:34.179] [SEVERE ] updating countdown to 17078
[21:03:34.191] [SEVERE ] updating countdown to 17066
[21:03:34.201] [SEVERE ] updating countdown to 17056
[21:03:34.213] [SEVERE ] updating countdown to 17044
[21:03:34.240] [SEVERE ] updating countdown to 17017
[21:03:34.282] [SEVERE ] updating countdown to 16975
[21:03:34.295] [SEVERE ] updating countdown to 16962
[21:03:34.306] [SEVERE ] updating countdown to 16951
[21:03:34.317] [SEVERE ] updating countdown to 16940
[21:03:34.333] [SEVERE ] updating countdown to 16924
[21:03:34.347] [SEVERE ] updating countdown to 16910
[21:03:34.358] [SEVERE ] updating countdown to 16899
[21:03:34.369] [SEVERE ] updating countdown to 16888
[21:03:34.387] [SEVERE ] updating countdown to 16870
[21:03:34.398] [SEVERE ] updating countdown to 16859
[21:03:34.409] [SEVERE ] updating countdown to 16848
[21:03:34.430] [SEVERE ] updating countdown to 16827
[21:03:34.441] [SEVERE ] updating countdown to 16816
[21:03:34.452] [SEVERE ] updating countdown to 16805
[21:03:34.463] [SEVERE ] updating countdown to 16794
[21:03:34.473] [SEVERE ] updating countdown to 16784
[21:03:34.484] [SEVERE ] updating countdown to 16773
[21:03:34.494] [SEVERE ] updating countdown to 16763
[21:03:34.505] [SEVERE ] updating countdown to 16752
[21:03:34.522] [SEVERE ] updating countdown to 16735
[21:03:34.532] [SEVERE ] updating countdown to 16725
[21:03:34.543] [SEVERE ] updating countdown to 16714
[21:03:34.554] [SEVERE ] updating countdown to 16703
[21:03:34.564] [SEVERE ] updating countdown to 16693
[21:03:34.575] [SEVERE ] updating countdown to 16682
[21:03:34.585] [SEVERE ] updating countdown to 16672
[21:03:34.596] [SEVERE ] updating countdown to 16661
[21:03:34.606] [SEVERE ] updating countdown to 16651
[21:03:34.617] [SEVERE ] updating countdown to 16640
[21:03:34.627] [SEVERE ] updating countdown to 16630
[21:03:34.638] [SEVERE ] updating countdown to 16619
[21:03:34.648] [SEVERE ] updating countdown to 16609
[21:03:34.659] [SEVERE ] updating countdown to 16598
[21:03:34.669] [SEVERE ] updating countdown to 16588
[21:03:34.680] [SEVERE ] updating countdown to 16577
[21:03:34.690] [SEVERE ] updating countdown to 16567
[21:03:34.701] [SEVERE ] updating countdown to 16556
[21:03:34.712] [SEVERE ] updating countdown to 16545
[21:03:34.722] [SEVERE ] updating countdown to 16535
[21:03:34.732] [SEVERE ] updating countdown to 16525
[21:03:34.743] [SEVERE ] updating countdown to 16514
[21:03:34.753] [SEVERE ] updating countdown to 16504
[21:03:34.764] [SEVERE ] updating countdown to 16493
[21:03:34.774] [SEVERE ] updating countdown to 16483
[21:03:34.785] [SEVERE ] updating countdown to 16472
[21:03:34.795] [SEVERE ] updating countdown to 16462
[21:03:34.806] [SEVERE ] updating countdown to 16451
[21:03:34.816] [SEVERE ] updating countdown to 16441
[21:03:34.827] [SEVERE ] updating countdown to 16430
[21:03:34.837] [SEVERE ] updating countdown to 16420
[21:03:34.848] [SEVERE ] updating countdown to 16409
[21:03:34.858] [SEVERE ] updating countdown to 16399
[21:03:34.869] [SEVERE ] updating countdown to 16388
[21:03:34.880] [SEVERE ] updating countdown to 16377
[21:03:34.893] [SEVERE ] updating countdown to 16364
[21:03:34.904] [SEVERE ] updating countdown to 16353
[21:03:34.914] [SEVERE ] updating countdown to 16343
[21:03:34.925] [SEVERE ] updating countdown to 16332
[21:03:34.935] [SEVERE ] updating countdown to 16322
[21:03:34.973] [SEVERE ] updating countdown to 16284
[21:03:34.987] [SEVERE ] updating countdown to 16270
[21:03:35.013] [SEVERE ] updating countdown to 16244
[21:03:35.024] [SEVERE ] updating countdown to 16233
[21:03:35.034] [SEVERE ] updating countdown to 16223
[21:03:35.045] [SEVERE ] updating countdown to 16212
[21:03:35.055] [SEVERE ] updating countdown to 16202
[21:03:35.066] [SEVERE ] updating countdown to 16191
[21:03:35.076] [SEVERE ] updating countdown to 16181
[21:03:35.087] [SEVERE ] updating countdown to 16170
[21:03:35.097] [SEVERE ] updating countdown to 16160
[21:03:35.108] [SEVERE ] updating countdown to 16149
[21:03:35.118] [SEVERE ] updating countdown to 16139
[21:03:35.128] [SEVERE ] updating countdown to 16129
[21:03:35.139] [SEVERE ] updating countdown to 16118
[21:03:35.149] [SEVERE ] updating countdown to 16108
[21:03:35.160] [SEVERE ] updating countdown to 16097
[21:03:35.170] [SEVERE ] updating countdown to 16087
[21:03:35.181] [SEVERE ] updating countdown to 16076
[21:03:35.193] [SEVERE ] updating countdown to 16064
[21:03:35.207] [SEVERE ] updating countdown to 16050
[21:03:35.221] [SEVERE ] updating countdown to 16036
[21:03:35.232] [SEVERE ] updating countdown to 16025
[21:03:35.242] [SEVERE ] updating countdown to 16015
[21:03:35.253] [SEVERE ] updating countdown to 16004
[21:03:35.264] [SEVERE ] updating countdown to 15993
[21:03:35.275] [SEVERE ] updating countdown to 15982
[21:03:35.288] [SEVERE ] updating countdown to 15969
[21:03:35.298] [SEVERE ] updating countdown to 15959
[21:03:35.309] [SEVERE ] updating countdown to 15948
[21:03:35.320] [SEVERE ] updating countdown to 15937
[21:03:35.330] [SEVERE ] updating countdown to 15927
[21:03:35.343] [SEVERE ] updating countdown to 15914
[21:03:35.353] [SEVERE ] updating countdown to 15904
[21:03:35.364] [SEVERE ] updating countdown to 15893
[21:03:35.374] [SEVERE ] updating countdown to 15883
[21:03:35.385] [SEVERE ] updating countdown to 15872
[21:03:35.396] [SEVERE ] updating countdown to 15861
[21:03:35.407] [SEVERE ] updating countdown to 15850
[21:03:35.426] [SEVERE ] updating countdown to 15831
[21:03:35.449] [SEVERE ] updating countdown to 15808
[21:03:35.461] [SEVERE ] updating countdown to 15796
[21:03:35.472] [SEVERE ] updating countdown to 15785
[21:03:35.483] [SEVERE ] updating countdown to 15774
[21:03:35.494] [SEVERE ] updating countdown to 15764
[21:03:35.504] [SEVERE ] updating countdown to 15753
[21:03:35.515] [SEVERE ] updating countdown to 15742
[21:03:35.526] [SEVERE ] updating countdown to 15731
[21:03:35.536] [SEVERE ] updating countdown to 15721
[21:03:35.547] [SEVERE ] updating countdown to 15710
[21:03:35.557] [SEVERE ] updating countdown to 15700
[21:03:35.568] [SEVERE ] updating countdown to 15689
[21:03:35.578] [SEVERE ] updating countdown to 15679
[21:03:35.590] [SEVERE ] updating countdown to 15667
[21:03:35.600] [SEVERE ] updating countdown to 15657
[21:03:35.611] [SEVERE ] updating countdown to 15646
[21:03:35.622] [SEVERE ] updating countdown to 15635
[21:03:35.633] [SEVERE ] updating countdown to 15624
[21:03:35.643] [SEVERE ] updating countdown to 15614
[21:03:35.654] [SEVERE ] updating countdown to 15603
[21:03:35.665] [SEVERE ] updating countdown to 15592
[21:03:35.675] [SEVERE ] updating countdown to 15582
[21:03:35.686] [SEVERE ] updating countdown to 15571
[21:03:35.697] [SEVERE ] updating countdown to 15560
[21:03:35.708] [SEVERE ] updating countdown to 15549
[21:03:35.718] [SEVERE ] updating countdown to 15539
[21:03:35.729] [SEVERE ] updating countdown to 15528
[21:03:35.740] [SEVERE ] updating countdown to 15517
[21:03:35.750] [SEVERE ] updating countdown to 15507
[21:03:35.761] [SEVERE ] updating countdown to 15496
[21:03:35.772] [SEVERE ] updating countdown to 15485
[21:03:35.784] [SEVERE ] updating countdown to 15473
[21:03:35.795] [SEVERE ] updating countdown to 15462
[21:03:35.806] [SEVERE ] updating countdown to 15451
[21:03:35.817] [SEVERE ] updating countdown to 15440
[21:03:35.827] [SEVERE ] updating countdown to 15430
[21:03:35.838] [SEVERE ] updating countdown to 15419
[21:03:35.848] [SEVERE ] updating countdown to 15409
[21:03:35.859] [SEVERE ] updating countdown to 15398
[21:03:35.869] [SEVERE ] updating countdown to 15388
[21:03:35.880] [SEVERE ] updating countdown to 15377
[21:03:35.890] [SEVERE ] updating countdown to 15367
[21:03:35.901] [SEVERE ] updating countdown to 15356
[21:03:35.912] [SEVERE ] updating countdown to 15345
[21:03:35.924] [SEVERE ] updating countdown to 15333
[21:03:35.934] [SEVERE ] updating countdown to 15323
[21:03:35.945] [SEVERE ] updating countdown to 15312
[21:03:35.956] [SEVERE ] updating countdown to 15301
[21:03:35.972] [SEVERE ] updating countdown to 15285
[21:03:35.983] [SEVERE ] updating countdown to 15274
[21:03:35.994] [SEVERE ] updating countdown to 15263
[21:03:36.010] [SEVERE ] updating countdown to 15247
[21:03:36.021] [SEVERE ] updating countdown to 15236
[21:03:36.031] [SEVERE ] updating countdown to 15226
[21:03:36.042] [SEVERE ] updating countdown to 15215
[21:03:36.052] [SEVERE ] updating countdown to 15205
[21:03:36.062] [SEVERE ] updating countdown to 15195
[21:03:36.073] [SEVERE ] updating countdown to 15184
[21:03:36.083] [SEVERE ] updating countdown to 15174
[21:03:36.095] [SEVERE ] updating countdown to 15162
[21:03:36.106] [SEVERE ] updating countdown to 15151
[21:03:36.116] [SEVERE ] updating countdown to 15141
[21:03:36.128] [SEVERE ] updating countdown to 15129
[21:03:36.140] [SEVERE ] updating countdown to 15117
[21:03:36.153] [SEVERE ] updating countdown to 15104
