[20:53:37.599] [INFO   ] thread bguspl.set.Main.main() starting.
[20:53:37.606] [SEVERE ] cannot read configuration file config.properties trying from resources.
[20:53:37.615] [SEVERE ] configuration file was loaded from resources directory.
[20:53:38.706] [INFO   ] thread dealer starting.
[20:53:38.708] [INFO   ] thread dealer starting.
[20:53:38.816] [SEVERE ] placing card 24 in slot 0
[20:53:38.917] [SEVERE ] placing card 26 in slot 1
[20:53:39.018] [SEVERE ] placing card 13 in slot 2
[20:53:39.120] [SEVERE ] placing card 67 in slot 3
[20:53:39.222] [SEVERE ] placing card 57 in slot 4
[20:53:39.324] [SEVERE ] placing card 15 in slot 5
[20:53:39.426] [SEVERE ] placing card 77 in slot 6
[20:53:39.528] [SEVERE ] placing card 70 in slot 7
[20:53:39.630] [SEVERE ] placing card 65 in slot 8
[20:53:39.733] [SEVERE ] placing card 64 in slot 9
[20:53:39.833] [SEVERE ] placing card 66 in slot 10
[20:53:39.934] [SEVERE ] placing card 43 in slot 11
[20:53:39.960] [SEVERE ] updating countdown to 19975
[20:53:39.987] [SEVERE ] updating countdown to 19948
[20:53:40.013] [SEVERE ] updating countdown to 19922
[20:53:40.039] [SEVERE ] updating countdown to 19896
[20:53:40.065] [SEVERE ] updating countdown to 19870
[20:53:40.092] [SEVERE ] updating countdown to 19843
[20:53:40.119] [SEVERE ] updating countdown to 19816
[20:53:40.144] [SEVERE ] updating countdown to 19791
[20:53:40.170] [SEVERE ] updating countdown to 19765
[20:53:40.196] [SEVERE ] updating countdown to 19739
[20:53:40.222] [SEVERE ] updating countdown to 19713
[20:53:40.248] [SEVERE ] updating countdown to 19687
[20:53:40.274] [SEVERE ] updating countdown to 19661
[20:53:40.300] [SEVERE ] updating countdown to 19635
[20:53:40.326] [SEVERE ] updating countdown to 19609
[20:53:40.355] [SEVERE ] updating countdown to 19580
[20:53:40.381] [SEVERE ] updating countdown to 19554
[20:53:40.408] [SEVERE ] updating countdown to 19527
[20:53:40.434] [SEVERE ] updating countdown to 19501
[20:53:40.460] [SEVERE ] updating countdown to 19475
[20:53:40.478] [SEVERE ] key 65 was pressed by player 1
[20:53:40.478] [SEVERE ] player 1 placing token on slot 4
[20:53:40.486] [SEVERE ] updating countdown to 19449
[20:53:40.512] [SEVERE ] updating countdown to 19423
[20:53:40.538] [SEVERE ] updating countdown to 19397
[20:53:40.564] [SEVERE ] updating countdown to 19371
[20:53:40.590] [SEVERE ] updating countdown to 19345
[20:53:40.616] [SEVERE ] updating countdown to 19319
[20:53:40.642] [SEVERE ] updating countdown to 19293
[20:53:40.668] [SEVERE ] updating countdown to 19267
[20:53:40.694] [SEVERE ] updating countdown to 19241
[20:53:40.720] [SEVERE ] updating countdown to 19215
[20:53:40.746] [SEVERE ] updating countdown to 19189
[20:53:40.773] [SEVERE ] updating countdown to 19162
[20:53:40.799] [SEVERE ] updating countdown to 19136
[20:53:40.826] [SEVERE ] updating countdown to 19109
[20:53:40.853] [SEVERE ] updating countdown to 19082
[20:53:40.880] [SEVERE ] updating countdown to 19055
[20:53:40.906] [SEVERE ] updating countdown to 19029
[20:53:40.932] [SEVERE ] updating countdown to 19003
[20:53:40.963] [SEVERE ] updating countdown to 18972
[20:53:40.964] [SEVERE ] key 83 was pressed by player 1
[20:53:40.969] [SEVERE ] player 1 placing token on slot 5
[20:53:40.989] [SEVERE ] updating countdown to 18946
[20:53:41.015] [SEVERE ] updating countdown to 18920
[20:53:41.040] [SEVERE ] updating countdown to 18895
[20:53:41.066] [SEVERE ] updating countdown to 18869
[20:53:41.093] [SEVERE ] updating countdown to 18842
[20:53:41.119] [SEVERE ] updating countdown to 18816
[20:53:41.145] [SEVERE ] updating countdown to 18790
[20:53:41.171] [SEVERE ] updating countdown to 18764
[20:53:41.197] [SEVERE ] updating countdown to 18738
[20:53:41.224] [SEVERE ] updating countdown to 18711
[20:53:41.251] [SEVERE ] updating countdown to 18684
[20:53:41.277] [SEVERE ] updating countdown to 18658
[20:53:41.303] [SEVERE ] updating countdown to 18633
[20:53:41.328] [SEVERE ] updating countdown to 18607
[20:53:41.354] [SEVERE ] updating countdown to 18581
[20:53:41.380] [SEVERE ] updating countdown to 18555
[20:53:41.406] [SEVERE ] updating countdown to 18529
[20:53:41.432] [SEVERE ] updating countdown to 18503
[20:53:41.458] [SEVERE ] updating countdown to 18477
[20:53:41.484] [SEVERE ] updating countdown to 18451
[20:53:41.511] [SEVERE ] updating countdown to 18424
[20:53:41.538] [SEVERE ] updating countdown to 18397
[20:53:41.565] [SEVERE ] updating countdown to 18370
[20:53:41.591] [SEVERE ] updating countdown to 18344
[20:53:41.617] [SEVERE ] updating countdown to 18318
[20:53:41.644] [SEVERE ] updating countdown to 18291
[20:53:41.660] [SEVERE ] key 68 was pressed by player 1
[20:53:41.661] [SEVERE ] player 1 placing token on slot 6
[20:53:41.669] [SEVERE ] updating countdown to 18266
[20:53:41.695] [SEVERE ] updating countdown to 18240
[20:53:41.722] [SEVERE ] updating countdown to 18213
[20:53:41.748] [SEVERE ] updating countdown to 18187
[20:53:41.774] [SEVERE ] updating countdown to 18161
[20:53:41.801] [SEVERE ] updating countdown to 18134
[20:53:41.827] [SEVERE ] updating countdown to 18108
[20:53:41.854] [SEVERE ] updating countdown to 18081
[20:53:41.880] [SEVERE ] updating countdown to 18055
[20:53:41.907] [SEVERE ] updating countdown to 18028
[20:53:41.932] [SEVERE ] updating countdown to 18003
[20:53:41.959] [SEVERE ] updating countdown to 17976
[20:53:41.986] [SEVERE ] updating countdown to 17949
[20:53:42.012] [SEVERE ] updating countdown to 17923
[20:53:42.039] [SEVERE ] updating countdown to 17896
[20:53:42.065] [SEVERE ] updating countdown to 17870
[20:53:42.091] [SEVERE ] updating countdown to 17844
[20:53:42.117] [SEVERE ] updating countdown to 17818
[20:53:42.144] [SEVERE ] updating countdown to 17791
[20:53:42.170] [SEVERE ] updating countdown to 17765
[20:53:42.196] [SEVERE ] updating countdown to 17739
[20:53:42.223] [SEVERE ] updating countdown to 17712
[20:53:42.249] [SEVERE ] updating countdown to 17686
[20:53:42.275] [SEVERE ] updating countdown to 17660
[20:53:42.301] [SEVERE ] updating countdown to 17634
[20:53:42.327] [SEVERE ] updating countdown to 17608
[20:53:42.353] [SEVERE ] updating countdown to 17582
[20:53:42.379] [SEVERE ] updating countdown to 17556
[20:53:42.397] [SEVERE ] key 69 was pressed by player 1
[20:53:42.406] [SEVERE ] updating countdown to 17530
[20:53:42.431] [SEVERE ] updating countdown to 17504
[20:53:42.457] [SEVERE ] updating countdown to 17478
[20:53:42.483] [SEVERE ] updating countdown to 17452
[20:53:42.508] [SEVERE ] updating countdown to 17427
[20:53:42.535] [SEVERE ] updating countdown to 17400
[20:53:42.562] [SEVERE ] updating countdown to 17373
[20:53:42.588] [SEVERE ] updating countdown to 17347
[20:53:42.614] [SEVERE ] updating countdown to 17321
[20:53:42.640] [SEVERE ] updating countdown to 17295
[20:53:42.666] [SEVERE ] updating countdown to 17269
[20:53:42.693] [SEVERE ] updating countdown to 17242
[20:53:42.719] [SEVERE ] updating countdown to 17216
[20:53:42.746] [SEVERE ] updating countdown to 17189
[20:53:42.772] [SEVERE ] updating countdown to 17163
[20:53:42.798] [SEVERE ] updating countdown to 17137
[20:53:42.824] [SEVERE ] updating countdown to 17111
[20:53:42.850] [SEVERE ] updating countdown to 17085
[20:53:42.876] [SEVERE ] updating countdown to 17059
[20:53:42.901] [SEVERE ] updating countdown to 17034
[20:53:42.927] [SEVERE ] updating countdown to 17008
[20:53:42.953] [SEVERE ] updating countdown to 16982
[20:53:42.979] [SEVERE ] updating countdown to 16956
[20:53:43.005] [SEVERE ] updating countdown to 16930
[20:53:43.031] [SEVERE ] updating countdown to 16904
[20:53:43.056] [SEVERE ] updating countdown to 16879
[20:53:43.086] [SEVERE ] updating countdown to 16849
[20:53:43.113] [SEVERE ] updating countdown to 16822
[20:53:43.139] [SEVERE ] updating countdown to 16796
[20:53:43.165] [SEVERE ] updating countdown to 16770
[20:53:43.191] [SEVERE ] updating countdown to 16744
[20:53:43.217] [SEVERE ] updating countdown to 16719
[20:53:43.243] [SEVERE ] updating countdown to 16692
[20:53:43.269] [SEVERE ] updating countdown to 16666
[20:53:43.294] [SEVERE ] updating countdown to 16641
[20:53:43.320] [SEVERE ] updating countdown to 16615
[20:53:43.346] [SEVERE ] updating countdown to 16589
[20:53:43.372] [SEVERE ] updating countdown to 16563
[20:53:43.397] [SEVERE ] updating countdown to 16538
[20:53:43.423] [SEVERE ] updating countdown to 16512
[20:53:43.449] [SEVERE ] updating countdown to 16486
[20:53:43.474] [SEVERE ] updating countdown to 16461
[20:53:43.500] [SEVERE ] updating countdown to 16435
[20:53:43.527] [SEVERE ] updating countdown to 16408
[20:53:43.553] [SEVERE ] updating countdown to 16382
[20:53:43.579] [SEVERE ] updating countdown to 16356
[20:53:43.605] [SEVERE ] updating countdown to 16330
[20:53:43.631] [SEVERE ] updating countdown to 16304
[20:53:43.656] [SEVERE ] updating countdown to 16279
[20:53:43.682] [SEVERE ] updating countdown to 16253
[20:53:43.708] [SEVERE ] updating countdown to 16227
[20:53:43.734] [SEVERE ] updating countdown to 16201
[20:53:43.761] [SEVERE ] updating countdown to 16174
[20:53:43.791] [SEVERE ] updating countdown to 16144
[20:53:43.816] [SEVERE ] updating countdown to 16119
[20:53:43.842] [SEVERE ] updating countdown to 16093
[20:53:43.868] [SEVERE ] updating countdown to 16067
[20:53:43.894] [SEVERE ] updating countdown to 16041
[20:53:43.920] [SEVERE ] updating countdown to 16015
[20:53:43.945] [SEVERE ] updating countdown to 15990
[20:53:43.972] [SEVERE ] updating countdown to 15963
[20:53:43.998] [SEVERE ] updating countdown to 15937
[20:53:44.025] [SEVERE ] updating countdown to 15910
[20:53:44.052] [SEVERE ] updating countdown to 15883
[20:53:44.078] [SEVERE ] updating countdown to 15857
[20:53:44.105] [SEVERE ] updating countdown to 15830
[20:53:44.131] [SEVERE ] updating countdown to 15804
[20:53:44.157] [SEVERE ] updating countdown to 15778
[20:53:44.182] [SEVERE ] updating countdown to 15753
[20:53:44.208] [SEVERE ] updating countdown to 15727
[20:53:44.234] [SEVERE ] updating countdown to 15701
[20:53:44.260] [SEVERE ] updating countdown to 15675
[20:53:44.286] [SEVERE ] updating countdown to 15650
[20:53:44.312] [SEVERE ] updating countdown to 15623
[20:53:44.338] [SEVERE ] updating countdown to 15597
[20:53:44.364] [SEVERE ] updating countdown to 15571
[20:53:44.390] [SEVERE ] updating countdown to 15545
[20:53:44.416] [SEVERE ] updating countdown to 15519
[20:53:44.428] [SEVERE ] key 59 was pressed by player 2
[20:53:44.428] [SEVERE ] player 2 placing token on slot 7
[20:53:44.441] [SEVERE ] updating countdown to 15494
[20:53:44.469] [SEVERE ] updating countdown to 15466
[20:53:44.496] [SEVERE ] updating countdown to 15440
[20:53:44.521] [SEVERE ] updating countdown to 15414
[20:53:44.547] [SEVERE ] updating countdown to 15388
[20:53:44.573] [SEVERE ] updating countdown to 15362
[20:53:44.599] [SEVERE ] updating countdown to 15336
[20:53:44.625] [SEVERE ] updating countdown to 15310
[20:53:44.650] [SEVERE ] updating countdown to 15285
[20:53:44.676] [SEVERE ] updating countdown to 15259
[20:53:44.702] [SEVERE ] updating countdown to 15233
[20:53:44.728] [SEVERE ] updating countdown to 15207
[20:53:44.754] [SEVERE ] updating countdown to 15181
[20:53:44.780] [SEVERE ] updating countdown to 15155
[20:53:44.805] [SEVERE ] updating countdown to 15130
[20:53:44.831] [SEVERE ] updating countdown to 15104
[20:53:44.857] [SEVERE ] updating countdown to 15078
[20:53:44.883] [SEVERE ] updating countdown to 15052
[20:53:44.909] [SEVERE ] updating countdown to 15026
[20:53:44.935] [SEVERE ] updating countdown to 15000
[20:53:44.961] [SEVERE ] updating countdown to 14974
[20:53:44.987] [SEVERE ] updating countdown to 14948
[20:53:45.012] [SEVERE ] updating countdown to 14923
[20:53:45.038] [SEVERE ] updating countdown to 14897
[20:53:45.064] [SEVERE ] updating countdown to 14871
[20:53:45.090] [SEVERE ] updating countdown to 14845
[20:53:45.116] [SEVERE ] updating countdown to 14819
[20:53:45.119] [SEVERE ] key 76 was pressed by player 2
[20:53:45.120] [SEVERE ] player 2 placing token on slot 6
[20:53:45.144] [SEVERE ] updating countdown to 14791
[20:53:45.170] [SEVERE ] updating countdown to 14765
[20:53:45.196] [SEVERE ] updating countdown to 14739
[20:53:45.222] [SEVERE ] updating countdown to 14713
[20:53:45.248] [SEVERE ] updating countdown to 14687
[20:53:45.274] [SEVERE ] updating countdown to 14661
[20:53:45.301] [SEVERE ] updating countdown to 14634
[20:53:45.327] [SEVERE ] updating countdown to 14608
[20:53:45.353] [SEVERE ] updating countdown to 14582
[20:53:45.379] [SEVERE ] updating countdown to 14556
[20:53:45.405] [SEVERE ] updating countdown to 14530
[20:53:45.431] [SEVERE ] updating countdown to 14504
[20:53:45.456] [SEVERE ] updating countdown to 14479
[20:53:45.482] [SEVERE ] updating countdown to 14453
[20:53:45.508] [SEVERE ] updating countdown to 14427
[20:53:45.534] [SEVERE ] updating countdown to 14401
[20:53:45.560] [SEVERE ] updating countdown to 14375
[20:53:45.586] [SEVERE ] updating countdown to 14349
[20:53:45.612] [SEVERE ] updating countdown to 14323
[20:53:45.637] [SEVERE ] updating countdown to 14298
[20:53:45.663] [SEVERE ] updating countdown to 14272
[20:53:45.689] [SEVERE ] updating countdown to 14246
[20:53:45.719] [SEVERE ] updating countdown to 14216
[20:53:45.745] [SEVERE ] updating countdown to 14190
[20:53:45.772] [SEVERE ] updating countdown to 14163
[20:53:45.798] [SEVERE ] updating countdown to 14137
[20:53:45.824] [SEVERE ] updating countdown to 14111
[20:53:45.850] [SEVERE ] updating countdown to 14085
[20:53:45.878] [SEVERE ] updating countdown to 14057
[20:53:45.904] [SEVERE ] updating countdown to 14031
[20:53:45.930] [SEVERE ] updating countdown to 14005
[20:53:45.957] [SEVERE ] updating countdown to 13978
[20:53:45.983] [SEVERE ] updating countdown to 13952
[20:53:46.009] [SEVERE ] updating countdown to 13926
[20:53:46.035] [SEVERE ] updating countdown to 13900
[20:53:46.061] [SEVERE ] updating countdown to 13874
[20:53:46.087] [SEVERE ] updating countdown to 13848
[20:53:46.113] [SEVERE ] updating countdown to 13822
[20:53:46.139] [SEVERE ] updating countdown to 13796
[20:53:46.164] [SEVERE ] updating countdown to 13771
[20:53:46.190] [SEVERE ] updating countdown to 13745
[20:53:46.216] [SEVERE ] updating countdown to 13719
[20:53:46.241] [SEVERE ] updating countdown to 13694
[20:53:46.268] [SEVERE ] updating countdown to 13668
[20:53:46.294] [SEVERE ] updating countdown to 13641
[20:53:46.320] [SEVERE ] updating countdown to 13615
[20:53:46.346] [SEVERE ] updating countdown to 13589
[20:53:46.372] [SEVERE ] updating countdown to 13563
[20:53:46.398] [SEVERE ] updating countdown to 13537
[20:53:46.423] [SEVERE ] updating countdown to 13512
[20:53:46.449] [SEVERE ] updating countdown to 13486
[20:53:46.475] [SEVERE ] updating countdown to 13460
[20:53:46.500] [SEVERE ] updating countdown to 13435
[20:53:46.527] [SEVERE ] updating countdown to 13408
[20:53:46.552] [SEVERE ] updating countdown to 13383
[20:53:46.578] [SEVERE ] updating countdown to 13357
[20:53:46.604] [SEVERE ] updating countdown to 13331
[20:53:46.630] [SEVERE ] updating countdown to 13305
[20:53:46.656] [SEVERE ] updating countdown to 13279
[20:53:46.682] [SEVERE ] updating countdown to 13253
[20:53:46.708] [SEVERE ] updating countdown to 13227
[20:53:46.734] [SEVERE ] updating countdown to 13201
[20:53:46.759] [SEVERE ] updating countdown to 13176
[20:53:46.787] [SEVERE ] updating countdown to 13148
[20:53:46.813] [SEVERE ] updating countdown to 13122
[20:53:46.839] [SEVERE ] updating countdown to 13096
[20:53:46.865] [SEVERE ] updating countdown to 13070
[20:53:46.891] [SEVERE ] updating countdown to 13044
[20:53:46.917] [SEVERE ] updating countdown to 13018
[20:53:46.943] [SEVERE ] updating countdown to 12992
[20:53:46.969] [SEVERE ] updating countdown to 12966
[20:53:46.994] [SEVERE ] updating countdown to 12941
[20:53:47.020] [SEVERE ] updating countdown to 12915
[20:53:47.046] [SEVERE ] updating countdown to 12889
[20:53:47.072] [SEVERE ] updating countdown to 12863
[20:53:47.098] [SEVERE ] updating countdown to 12837
[20:53:47.124] [SEVERE ] updating countdown to 12811
[20:53:47.150] [SEVERE ] updating countdown to 12785
[20:53:47.176] [SEVERE ] updating countdown to 12759
[20:53:47.203] [SEVERE ] updating countdown to 12732
[20:53:47.229] [SEVERE ] updating countdown to 12706
[20:53:47.255] [SEVERE ] updating countdown to 12680
[20:53:47.281] [SEVERE ] updating countdown to 12654
[20:53:47.307] [SEVERE ] updating countdown to 12628
[20:53:47.332] [SEVERE ] updating countdown to 12603
[20:53:47.358] [SEVERE ] updating countdown to 12577
[20:53:47.384] [SEVERE ] updating countdown to 12551
[20:53:47.409] [SEVERE ] updating countdown to 12526
[20:53:47.435] [SEVERE ] updating countdown to 12500
[20:53:47.462] [SEVERE ] updating countdown to 12473
[20:53:47.487] [SEVERE ] updating countdown to 12448
[20:53:47.513] [SEVERE ] updating countdown to 12422
[20:53:47.539] [SEVERE ] updating countdown to 12396
[20:53:47.564] [SEVERE ] updating countdown to 12371
[20:53:47.590] [SEVERE ] updating countdown to 12345
[20:53:47.616] [SEVERE ] updating countdown to 12319
[20:53:47.642] [SEVERE ] updating countdown to 12293
[20:53:47.668] [SEVERE ] updating countdown to 12267
[20:53:47.694] [SEVERE ] updating countdown to 12241
[20:53:47.720] [SEVERE ] updating countdown to 12215
[20:53:47.746] [SEVERE ] updating countdown to 12189
[20:53:47.771] [SEVERE ] updating countdown to 12164
[20:53:47.797] [SEVERE ] updating countdown to 12138
[20:53:47.823] [SEVERE ] updating countdown to 12112
[20:53:47.850] [SEVERE ] updating countdown to 12085
[20:53:47.877] [SEVERE ] updating countdown to 12058
[20:53:47.903] [SEVERE ] updating countdown to 12032
[20:53:47.928] [SEVERE ] updating countdown to 12007
[20:53:47.954] [SEVERE ] updating countdown to 11981
[20:53:47.980] [SEVERE ] updating countdown to 11955
[20:53:48.006] [SEVERE ] updating countdown to 11929
[20:53:48.032] [SEVERE ] updating countdown to 11903
[20:53:48.058] [SEVERE ] updating countdown to 11877
[20:53:48.084] [SEVERE ] updating countdown to 11851
[20:53:48.110] [SEVERE ] updating countdown to 11825
[20:53:48.135] [SEVERE ] updating countdown to 11800
[20:53:48.161] [SEVERE ] updating countdown to 11774
[20:53:48.187] [SEVERE ] updating countdown to 11748
[20:53:48.213] [SEVERE ] updating countdown to 11723
[20:53:48.238] [SEVERE ] updating countdown to 11697
[20:53:48.265] [SEVERE ] updating countdown to 11670
[20:53:48.291] [SEVERE ] updating countdown to 11644
[20:53:48.317] [SEVERE ] updating countdown to 11618
[20:53:48.343] [SEVERE ] updating countdown to 11592
[20:53:48.369] [SEVERE ] updating countdown to 11566
[20:53:48.394] [SEVERE ] updating countdown to 11541
[20:53:48.420] [SEVERE ] updating countdown to 11515
[20:53:48.445] [SEVERE ] updating countdown to 11490
[20:53:48.471] [SEVERE ] updating countdown to 11464
[20:53:48.497] [SEVERE ] updating countdown to 11438
[20:53:48.523] [SEVERE ] updating countdown to 11412
[20:53:48.549] [SEVERE ] updating countdown to 11386
[20:53:48.576] [SEVERE ] updating countdown to 11359
[20:53:48.602] [SEVERE ] updating countdown to 11333
[20:53:48.628] [SEVERE ] updating countdown to 11307
[20:53:48.655] [SEVERE ] updating countdown to 11280
[20:53:48.682] [SEVERE ] updating countdown to 11253
[20:53:48.708] [SEVERE ] updating countdown to 11227
[20:53:48.734] [SEVERE ] updating countdown to 11201
[20:53:48.760] [SEVERE ] updating countdown to 11175
[20:53:48.785] [SEVERE ] updating countdown to 11150
[20:53:48.811] [SEVERE ] updating countdown to 11124
[20:53:48.837] [SEVERE ] updating countdown to 11098
[20:53:48.863] [SEVERE ] updating countdown to 11072
[20:53:48.889] [SEVERE ] updating countdown to 11046
[20:53:48.914] [SEVERE ] updating countdown to 11021
[20:53:48.940] [SEVERE ] updating countdown to 10995
[20:53:48.967] [SEVERE ] updating countdown to 10968
[20:53:48.994] [SEVERE ] updating countdown to 10941
[20:53:49.021] [SEVERE ] updating countdown to 10914
[20:53:49.047] [SEVERE ] updating countdown to 10888
[20:53:49.073] [SEVERE ] updating countdown to 10862
[20:53:49.099] [SEVERE ] updating countdown to 10836
[20:53:49.125] [SEVERE ] updating countdown to 10810
[20:53:49.151] [SEVERE ] updating countdown to 10784
[20:53:49.178] [SEVERE ] updating countdown to 10757
[20:53:49.205] [SEVERE ] updating countdown to 10730
[20:53:49.231] [SEVERE ] updating countdown to 10704
[20:53:49.257] [SEVERE ] updating countdown to 10678
[20:53:49.283] [SEVERE ] updating countdown to 10652
[20:53:49.309] [SEVERE ] updating countdown to 10626
[20:53:49.336] [SEVERE ] updating countdown to 10599
[20:53:49.361] [SEVERE ] updating countdown to 10574
[20:53:49.387] [SEVERE ] updating countdown to 10548
[20:53:49.413] [SEVERE ] updating countdown to 10522
[20:53:49.439] [SEVERE ] updating countdown to 10496
[20:53:49.470] [SEVERE ] updating countdown to 10465
[20:53:49.496] [SEVERE ] updating countdown to 10439
[20:53:49.521] [SEVERE ] updating countdown to 10414
[20:53:49.547] [SEVERE ] updating countdown to 10388
[20:53:49.572] [SEVERE ] updating countdown to 10363
[20:53:49.599] [SEVERE ] updating countdown to 10336
[20:53:49.625] [SEVERE ] updating countdown to 10310
[20:53:49.650] [SEVERE ] updating countdown to 10285
[20:53:49.676] [SEVERE ] updating countdown to 10259
[20:53:49.702] [SEVERE ] updating countdown to 10233
[20:53:49.728] [SEVERE ] updating countdown to 10207
[20:53:49.754] [SEVERE ] updating countdown to 10181
[20:53:49.780] [SEVERE ] updating countdown to 10155
[20:53:49.805] [SEVERE ] updating countdown to 10130
[20:53:49.831] [SEVERE ] updating countdown to 10104
[20:53:49.857] [SEVERE ] updating countdown to 10078
[20:53:49.883] [SEVERE ] updating countdown to 10052
[20:53:49.909] [SEVERE ] updating countdown to 10026
[20:53:49.935] [SEVERE ] updating countdown to 10000
[20:53:49.961] [SEVERE ] updating countdown to 9974
[20:53:49.988] [SEVERE ] updating countdown to 9947
[20:53:50.014] [SEVERE ] updating countdown to 9921
[20:53:50.040] [SEVERE ] updating countdown to 9895
[20:53:50.066] [SEVERE ] updating countdown to 9869
[20:53:50.092] [SEVERE ] updating countdown to 9843
[20:53:50.119] [SEVERE ] updating countdown to 9816
[20:53:50.145] [SEVERE ] updating countdown to 9790
[20:53:50.171] [SEVERE ] updating countdown to 9764
[20:53:50.197] [SEVERE ] updating countdown to 9738
[20:53:50.223] [SEVERE ] updating countdown to 9712
[20:53:50.249] [SEVERE ] updating countdown to 9686
[20:53:50.275] [SEVERE ] updating countdown to 9660
[20:53:50.302] [SEVERE ] updating countdown to 9633
[20:53:50.328] [SEVERE ] updating countdown to 9607
[20:53:50.354] [SEVERE ] updating countdown to 9581
[20:53:50.380] [SEVERE ] updating countdown to 9555
[20:53:50.406] [SEVERE ] updating countdown to 9529
[20:53:50.432] [SEVERE ] updating countdown to 9503
[20:53:50.458] [SEVERE ] updating countdown to 9477
[20:53:50.484] [SEVERE ] updating countdown to 9451
[20:53:50.510] [SEVERE ] updating countdown to 9425
[20:53:50.536] [SEVERE ] updating countdown to 9399
[20:53:50.562] [SEVERE ] updating countdown to 9373
[20:53:50.588] [SEVERE ] updating countdown to 9347
[20:53:50.614] [SEVERE ] updating countdown to 9321
[20:53:50.640] [SEVERE ] updating countdown to 9295
[20:53:50.666] [SEVERE ] updating countdown to 9269
[20:53:50.693] [SEVERE ] updating countdown to 9242
[20:53:50.720] [SEVERE ] updating countdown to 9215
[20:53:50.745] [SEVERE ] updating countdown to 9190
[20:53:50.771] [SEVERE ] updating countdown to 9164
[20:53:50.797] [SEVERE ] updating countdown to 9138
[20:53:50.823] [SEVERE ] updating countdown to 9112
[20:53:50.848] [SEVERE ] updating countdown to 9087
[20:53:50.874] [SEVERE ] updating countdown to 9061
[20:53:50.899] [SEVERE ] updating countdown to 9036
[20:53:50.927] [SEVERE ] updating countdown to 9008
[20:53:50.952] [SEVERE ] updating countdown to 8983
[20:53:50.978] [SEVERE ] updating countdown to 8957
[20:53:51.005] [SEVERE ] updating countdown to 8930
[20:53:51.030] [SEVERE ] updating countdown to 8905
[20:53:51.056] [SEVERE ] updating countdown to 8879
[20:53:51.083] [SEVERE ] updating countdown to 8852
[20:53:51.109] [SEVERE ] updating countdown to 8826
[20:53:51.135] [SEVERE ] updating countdown to 8800
[20:53:51.160] [SEVERE ] updating countdown to 8775
[20:53:51.186] [SEVERE ] updating countdown to 8749
[20:53:51.211] [SEVERE ] updating countdown to 8724
[20:53:51.237] [SEVERE ] updating countdown to 8698
[20:53:51.263] [SEVERE ] updating countdown to 8672
[20:53:51.289] [SEVERE ] updating countdown to 8646
[20:53:51.315] [SEVERE ] updating countdown to 8620
[20:53:51.342] [SEVERE ] updating countdown to 8593
[20:53:51.368] [SEVERE ] updating countdown to 8567
[20:53:51.395] [SEVERE ] updating countdown to 8540
[20:53:51.421] [SEVERE ] updating countdown to 8514
[20:53:51.447] [SEVERE ] updating countdown to 8488
[20:53:51.473] [SEVERE ] updating countdown to 8462
[20:53:51.499] [SEVERE ] updating countdown to 8436
[20:53:51.525] [SEVERE ] updating countdown to 8410
[20:53:51.557] [SEVERE ] updating countdown to 8378
[20:53:51.583] [SEVERE ] updating countdown to 8352
[20:53:51.609] [SEVERE ] updating countdown to 8326
[20:53:51.634] [SEVERE ] updating countdown to 8301
[20:53:51.660] [SEVERE ] updating countdown to 8275
[20:53:51.686] [SEVERE ] updating countdown to 8249
[20:53:51.713] [SEVERE ] updating countdown to 8222
[20:53:51.739] [SEVERE ] updating countdown to 8196
[20:53:51.765] [SEVERE ] updating countdown to 8170
[20:53:51.791] [SEVERE ] updating countdown to 8144
[20:53:51.816] [SEVERE ] updating countdown to 8119
[20:53:51.842] [SEVERE ] updating countdown to 8093
[20:53:51.868] [SEVERE ] updating countdown to 8067
[20:53:51.894] [SEVERE ] updating countdown to 8041
[20:53:51.920] [SEVERE ] updating countdown to 8015
[20:53:51.945] [SEVERE ] updating countdown to 7990
[20:53:51.971] [SEVERE ] updating countdown to 7964
[20:53:51.997] [SEVERE ] updating countdown to 7938
[20:53:52.022] [SEVERE ] updating countdown to 7913
[20:53:52.048] [SEVERE ] updating countdown to 7887
[20:53:52.074] [SEVERE ] updating countdown to 7861
[20:53:52.099] [SEVERE ] updating countdown to 7836
[20:53:52.126] [SEVERE ] updating countdown to 7809
[20:53:52.152] [SEVERE ] updating countdown to 7783
[20:53:52.178] [SEVERE ] updating countdown to 7757
[20:53:52.205] [SEVERE ] updating countdown to 7730
[20:53:52.230] [SEVERE ] updating countdown to 7705
[20:53:52.256] [SEVERE ] updating countdown to 7679
[20:53:52.282] [SEVERE ] updating countdown to 7653
[20:53:52.308] [SEVERE ] updating countdown to 7627
[20:53:52.333] [SEVERE ] updating countdown to 7602
[20:53:52.359] [SEVERE ] updating countdown to 7576
[20:53:52.385] [SEVERE ] updating countdown to 7550
[20:53:52.410] [SEVERE ] updating countdown to 7525
[20:53:52.436] [SEVERE ] updating countdown to 7499
[20:53:52.461] [SEVERE ] updating countdown to 7474
[20:53:52.488] [SEVERE ] updating countdown to 7447
[20:53:52.514] [SEVERE ] updating countdown to 7421
[20:53:52.541] [SEVERE ] updating countdown to 7394
[20:53:52.568] [SEVERE ] updating countdown to 7367
[20:53:52.594] [SEVERE ] updating countdown to 7341
[20:53:52.619] [SEVERE ] updating countdown to 7316
[20:53:52.645] [SEVERE ] updating countdown to 7290
[20:53:52.673] [SEVERE ] updating countdown to 7262
[20:53:52.698] [SEVERE ] updating countdown to 7237
[20:53:52.725] [SEVERE ] updating countdown to 7210
[20:53:52.751] [SEVERE ] updating countdown to 7184
[20:53:52.776] [SEVERE ] updating countdown to 7159
[20:53:52.803] [SEVERE ] updating countdown to 7132
[20:53:52.830] [SEVERE ] updating countdown to 7105
[20:53:52.856] [SEVERE ] updating countdown to 7079
[20:53:52.882] [SEVERE ] updating countdown to 7053
[20:53:52.908] [SEVERE ] updating countdown to 7027
[20:53:52.934] [SEVERE ] updating countdown to 7001
[20:53:52.959] [SEVERE ] updating countdown to 6976
[20:53:52.985] [SEVERE ] updating countdown to 6950
[20:53:53.011] [SEVERE ] updating countdown to 6924
[20:53:53.037] [SEVERE ] updating countdown to 6898
[20:53:53.062] [SEVERE ] updating countdown to 6873
[20:53:53.088] [SEVERE ] updating countdown to 6847
[20:53:53.114] [SEVERE ] updating countdown to 6821
[20:53:53.139] [SEVERE ] updating countdown to 6796
[20:53:53.165] [SEVERE ] updating countdown to 6770
[20:53:53.191] [SEVERE ] updating countdown to 6744
[20:53:53.217] [SEVERE ] updating countdown to 6718
[20:53:53.243] [SEVERE ] updating countdown to 6692
[20:53:53.270] [SEVERE ] updating countdown to 6665
[20:53:53.296] [SEVERE ] updating countdown to 6639
[20:53:53.322] [SEVERE ] updating countdown to 6613
[20:53:53.349] [SEVERE ] updating countdown to 6586
[20:53:53.375] [SEVERE ] updating countdown to 6560
[20:53:53.400] [SEVERE ] updating countdown to 6535
[20:53:53.426] [SEVERE ] updating countdown to 6509
[20:53:53.452] [SEVERE ] updating countdown to 6483
[20:53:53.478] [SEVERE ] updating countdown to 6457
[20:53:53.505] [SEVERE ] updating countdown to 6430
[20:53:53.531] [SEVERE ] updating countdown to 6404
[20:53:53.557] [SEVERE ] updating countdown to 6378
[20:53:53.583] [SEVERE ] updating countdown to 6352
[20:53:53.609] [SEVERE ] updating countdown to 6326
[20:53:53.634] [SEVERE ] updating countdown to 6301
[20:53:53.672] [SEVERE ] updating countdown to 6263
[20:53:53.702] [SEVERE ] updating countdown to 6233
[20:53:53.728] [SEVERE ] updating countdown to 6208
[20:53:53.753] [SEVERE ] updating countdown to 6182
[20:53:53.779] [SEVERE ] updating countdown to 6156
[20:53:53.805] [SEVERE ] updating countdown to 6130
[20:53:53.832] [SEVERE ] updating countdown to 6103
[20:53:53.858] [SEVERE ] updating countdown to 6077
[20:53:53.885] [SEVERE ] updating countdown to 6050
[20:53:53.910] [SEVERE ] updating countdown to 6025
[20:53:53.936] [SEVERE ] updating countdown to 5999
[20:53:53.962] [SEVERE ] updating countdown to 5973
[20:53:53.987] [SEVERE ] updating countdown to 5948
[20:53:54.013] [SEVERE ] updating countdown to 5922
[20:53:54.039] [SEVERE ] updating countdown to 5896
[20:53:54.065] [SEVERE ] updating countdown to 5870
[20:53:54.091] [SEVERE ] updating countdown to 5844
[20:53:54.116] [SEVERE ] updating countdown to 5819
[20:53:54.143] [SEVERE ] updating countdown to 5792
[20:53:54.169] [SEVERE ] updating countdown to 5766
[20:53:54.195] [SEVERE ] updating countdown to 5740
[20:53:54.221] [SEVERE ] updating countdown to 5714
[20:53:54.247] [SEVERE ] updating countdown to 5688
[20:53:54.274] [SEVERE ] updating countdown to 5661
[20:53:54.300] [SEVERE ] updating countdown to 5635
[20:53:54.325] [SEVERE ] updating countdown to 5610
[20:53:54.351] [SEVERE ] updating countdown to 5584
[20:53:54.377] [SEVERE ] updating countdown to 5558
[20:53:54.403] [SEVERE ] updating countdown to 5532
[20:53:54.429] [SEVERE ] updating countdown to 5506
[20:53:54.455] [SEVERE ] updating countdown to 5480
[20:53:54.481] [SEVERE ] updating countdown to 5454
[20:53:54.508] [SEVERE ] updating countdown to 5427
[20:53:54.534] [SEVERE ] updating countdown to 5401
[20:53:54.560] [SEVERE ] updating countdown to 5375
[20:53:54.586] [SEVERE ] updating countdown to 5349
[20:53:54.612] [SEVERE ] updating countdown to 5323
[20:53:54.638] [SEVERE ] updating countdown to 5297
[20:53:54.664] [SEVERE ] updating countdown to 5271
[20:53:54.691] [SEVERE ] updating countdown to 5244
[20:53:54.717] [SEVERE ] updating countdown to 5218
[20:53:54.743] [SEVERE ] updating countdown to 5192
[20:53:54.769] [SEVERE ] updating countdown to 5166
[20:53:54.794] [SEVERE ] updating countdown to 5141
[20:53:54.820] [SEVERE ] updating countdown to 5115
[20:53:54.846] [SEVERE ] updating countdown to 5089
[20:53:54.872] [SEVERE ] updating countdown to 5063
[20:53:54.897] [SEVERE ] updating countdown to 5038
[20:53:54.924] [SEVERE ] updating countdown to 5011
[20:53:59.939] [SEVERE ] updating countdown to 0
[20:54:00.040] [SEVERE ] removing card from slot 0
[20:54:00.142] [SEVERE ] removing card from slot 1
[20:54:00.243] [SEVERE ] removing card from slot 2
[20:54:00.344] [SEVERE ] removing card from slot 3
[20:54:00.445] [SEVERE ] removing player 1 token from slot 4
[20:54:00.446] [SEVERE ] removing card from slot 4
[20:54:00.547] [SEVERE ] removing player 1 token from slot 5
[20:54:00.547] [SEVERE ] removing card from slot 5
[20:54:00.648] [SEVERE ] removing player 1 token from slot 6
[20:54:00.650] [SEVERE ] removing player 2 token from slot 6
[20:54:00.650] [SEVERE ] removing card from slot 6
[20:54:00.751] [SEVERE ] removing player 2 token from slot 7
[20:54:00.752] [SEVERE ] removing card from slot 7
[20:54:00.853] [SEVERE ] removing card from slot 8
[20:54:00.953] [SEVERE ] removing card from slot 9
[20:54:01.055] [SEVERE ] removing card from slot 10
[20:54:01.156] [SEVERE ] removing card from slot 11
[20:54:01.257] [SEVERE ] placing card 4 in slot 0
[20:54:01.358] [SEVERE ] placing card 7 in slot 1
[20:54:01.458] [SEVERE ] placing card 73 in slot 2
[20:54:01.561] [SEVERE ] placing card 23 in slot 3
[20:54:01.662] [SEVERE ] placing card 63 in slot 4
[20:54:01.763] [SEVERE ] placing card 78 in slot 5
[20:54:01.864] [SEVERE ] placing card 16 in slot 6
[20:54:01.966] [SEVERE ] placing card 27 in slot 7
[20:54:02.067] [SEVERE ] placing card 6 in slot 8
[20:54:02.169] [SEVERE ] placing card 1 in slot 9
[20:54:02.271] [SEVERE ] placing card 11 in slot 10
[20:54:02.372] [SEVERE ] placing card 30 in slot 11
[20:54:02.397] [SEVERE ] updating countdown to 19975
[20:54:02.424] [SEVERE ] updating countdown to 19948
[20:54:02.450] [SEVERE ] updating countdown to 19922
[20:54:02.476] [SEVERE ] updating countdown to 19896
[20:54:02.502] [SEVERE ] updating countdown to 19870
[20:54:02.527] [SEVERE ] updating countdown to 19845
[20:54:02.553] [SEVERE ] updating countdown to 19819
[20:54:02.579] [SEVERE ] updating countdown to 19793
[20:54:02.604] [SEVERE ] updating countdown to 19768
[20:54:02.630] [SEVERE ] updating countdown to 19742
[20:54:02.657] [SEVERE ] updating countdown to 19715
[20:54:02.682] [SEVERE ] updating countdown to 19690
[20:54:02.708] [SEVERE ] updating countdown to 19664
[20:54:02.734] [SEVERE ] updating countdown to 19638
[20:54:02.760] [SEVERE ] updating countdown to 19612
[20:54:02.786] [SEVERE ] updating countdown to 19586
[20:54:02.811] [SEVERE ] updating countdown to 19561
[20:54:02.837] [SEVERE ] updating countdown to 19535
[20:54:02.863] [SEVERE ] updating countdown to 19509
[20:54:02.870] [SEVERE ] key 65 was pressed by player 1
[20:54:02.870] [SEVERE ] player 1 placing token on slot 4
[20:54:02.889] [SEVERE ] updating countdown to 19483
[20:54:02.915] [SEVERE ] updating countdown to 19457
[20:54:02.941] [SEVERE ] updating countdown to 19431
[20:54:02.966] [SEVERE ] updating countdown to 19406
[20:54:02.992] [SEVERE ] updating countdown to 19380
[20:54:03.018] [SEVERE ] updating countdown to 19354
[20:54:03.043] [SEVERE ] updating countdown to 19329
[20:54:03.069] [SEVERE ] updating countdown to 19303
[20:54:03.095] [SEVERE ] updating countdown to 19277
[20:54:03.120] [SEVERE ] updating countdown to 19252
[20:54:03.146] [SEVERE ] updating countdown to 19226
[20:54:03.171] [SEVERE ] updating countdown to 19201
[20:54:03.197] [SEVERE ] updating countdown to 19175
[20:54:03.220] [SEVERE ] key 83 was pressed by player 1
[20:54:03.221] [SEVERE ] player 1 placing token on slot 5
[20:54:03.223] [SEVERE ] updating countdown to 19149
[20:54:03.248] [SEVERE ] updating countdown to 19124
[20:54:03.274] [SEVERE ] updating countdown to 19098
[20:54:03.300] [SEVERE ] updating countdown to 19072
[20:54:03.326] [SEVERE ] updating countdown to 19046
[20:54:03.351] [SEVERE ] updating countdown to 19021
[20:54:03.377] [SEVERE ] updating countdown to 18995
[20:54:03.404] [SEVERE ] updating countdown to 18968
[20:54:03.430] [SEVERE ] updating countdown to 18942
[20:54:03.457] [SEVERE ] updating countdown to 18915
[20:54:03.483] [SEVERE ] updating countdown to 18889
[20:54:03.509] [SEVERE ] updating countdown to 18863
[20:54:03.536] [SEVERE ] updating countdown to 18836
[20:54:03.562] [SEVERE ] updating countdown to 18810
[20:54:03.589] [SEVERE ] updating countdown to 18783
[20:54:03.615] [SEVERE ] updating countdown to 18757
[20:54:03.629] [SEVERE ] key 68 was pressed by player 1
[20:54:03.630] [SEVERE ] player 1 placing token on slot 6
[20:54:03.641] [SEVERE ] updating countdown to 18731
[20:54:03.667] [SEVERE ] updating countdown to 18705
[20:54:03.693] [SEVERE ] updating countdown to 18679
[20:54:03.719] [SEVERE ] updating countdown to 18653
[20:54:03.744] [SEVERE ] updating countdown to 18628
[20:54:03.770] [SEVERE ] updating countdown to 18602
[20:54:03.797] [SEVERE ] updating countdown to 18575
[20:54:03.824] [SEVERE ] updating countdown to 18548
[20:54:03.849] [SEVERE ] updating countdown to 18523
[20:54:03.875] [SEVERE ] updating countdown to 18497
[20:54:03.901] [SEVERE ] updating countdown to 18471
[20:54:03.924] [SEVERE ] key 69 was pressed by player 1
[20:54:03.927] [SEVERE ] updating countdown to 18445
[20:54:03.953] [SEVERE ] updating countdown to 18419
[20:54:03.979] [SEVERE ] updating countdown to 18393
[20:54:04.005] [SEVERE ] updating countdown to 18367
[20:54:04.031] [SEVERE ] updating countdown to 18341
[20:54:04.057] [SEVERE ] updating countdown to 18315
[20:54:04.083] [SEVERE ] updating countdown to 18289
[20:54:04.108] [SEVERE ] updating countdown to 18264
[20:54:04.138] [SEVERE ] updating countdown to 18234
[20:54:04.165] [SEVERE ] updating countdown to 18207
[20:54:04.191] [SEVERE ] updating countdown to 18181
[20:54:04.216] [SEVERE ] updating countdown to 18156
[20:54:04.242] [SEVERE ] updating countdown to 18130
[20:54:04.267] [SEVERE ] updating countdown to 18105
[20:54:04.302] [SEVERE ] updating countdown to 18070
[20:54:04.328] [SEVERE ] updating countdown to 18044
[20:54:04.354] [SEVERE ] updating countdown to 18018
[20:54:04.380] [SEVERE ] updating countdown to 17992
[20:54:04.405] [SEVERE ] updating countdown to 17967
[20:54:04.432] [SEVERE ] updating countdown to 17940
[20:54:04.458] [SEVERE ] updating countdown to 17914
[20:54:04.485] [SEVERE ] updating countdown to 17887
[20:54:04.511] [SEVERE ] updating countdown to 17861
[20:54:04.538] [SEVERE ] updating countdown to 17834
[20:54:04.563] [SEVERE ] updating countdown to 17809
[20:54:04.589] [SEVERE ] updating countdown to 17783
[20:54:04.615] [SEVERE ] updating countdown to 17757
[20:54:04.640] [SEVERE ] updating countdown to 17732
[20:54:04.666] [SEVERE ] updating countdown to 17706
[20:54:04.692] [SEVERE ] updating countdown to 17680
[20:54:04.717] [SEVERE ] updating countdown to 17655
[20:54:04.743] [SEVERE ] updating countdown to 17629
[20:54:04.769] [SEVERE ] updating countdown to 17603
[20:54:04.795] [SEVERE ] updating countdown to 17577
[20:54:04.823] [SEVERE ] updating countdown to 17549
[20:54:04.848] [SEVERE ] updating countdown to 17524
[20:54:04.874] [SEVERE ] updating countdown to 17498
[20:54:04.900] [SEVERE ] updating countdown to 17472
[20:54:04.925] [SEVERE ] updating countdown to 17447
[20:54:04.951] [SEVERE ] updating countdown to 17421
[20:54:04.976] [SEVERE ] updating countdown to 17396
[20:54:05.002] [SEVERE ] updating countdown to 17370
[20:54:05.027] [SEVERE ] updating countdown to 17345
[20:54:05.054] [SEVERE ] updating countdown to 17318
[20:54:05.079] [SEVERE ] updating countdown to 17293
[20:54:05.105] [SEVERE ] updating countdown to 17267
[20:54:05.131] [SEVERE ] updating countdown to 17242
[20:54:05.157] [SEVERE ] updating countdown to 17215
[20:54:05.183] [SEVERE ] updating countdown to 17189
[20:54:05.209] [SEVERE ] updating countdown to 17163
[20:54:05.235] [SEVERE ] updating countdown to 17137
[20:54:05.261] [SEVERE ] updating countdown to 17111
[20:54:05.286] [SEVERE ] updating countdown to 17086
[20:54:05.313] [SEVERE ] updating countdown to 17059
[20:54:05.341] [SEVERE ] updating countdown to 17031
[20:54:05.367] [SEVERE ] updating countdown to 17005
[20:54:05.394] [SEVERE ] updating countdown to 16978
[20:54:05.419] [SEVERE ] updating countdown to 16953
[20:54:05.444] [SEVERE ] key 75 was pressed by player 2
[20:54:05.444] [SEVERE ] player 2 placing token on slot 5
[20:54:05.446] [SEVERE ] updating countdown to 16926
[20:54:05.471] [SEVERE ] updating countdown to 16901
[20:54:05.497] [SEVERE ] updating countdown to 16875
[20:54:05.522] [SEVERE ] updating countdown to 16850
[20:54:05.548] [SEVERE ] updating countdown to 16824
[20:54:05.574] [SEVERE ] updating countdown to 16798
[20:54:05.600] [SEVERE ] updating countdown to 16772
[20:54:05.626] [SEVERE ] updating countdown to 16746
[20:54:05.653] [SEVERE ] updating countdown to 16719
[20:54:05.679] [SEVERE ] updating countdown to 16693
[20:54:05.705] [SEVERE ] updating countdown to 16667
[20:54:05.730] [SEVERE ] updating countdown to 16642
[20:54:05.756] [SEVERE ] updating countdown to 16616
[20:54:05.782] [SEVERE ] updating countdown to 16590
[20:54:05.809] [SEVERE ] updating countdown to 16563
[20:54:05.836] [SEVERE ] updating countdown to 16536
[20:54:05.862] [SEVERE ] updating countdown to 16511
[20:54:05.887] [SEVERE ] updating countdown to 16485
[20:54:05.918] [SEVERE ] updating countdown to 16454
[20:54:05.944] [SEVERE ] updating countdown to 16428
[20:54:05.970] [SEVERE ] updating countdown to 16402
[20:54:05.996] [SEVERE ] updating countdown to 16376
[20:54:06.022] [SEVERE ] updating countdown to 16350
[20:54:06.048] [SEVERE ] updating countdown to 16324
[20:54:06.074] [SEVERE ] updating countdown to 16298
[20:54:06.100] [SEVERE ] updating countdown to 16272
[20:54:06.126] [SEVERE ] updating countdown to 16246
[20:54:06.153] [SEVERE ] updating countdown to 16219
[20:54:06.179] [SEVERE ] updating countdown to 16193
[20:54:06.205] [SEVERE ] updating countdown to 16167
[20:54:06.230] [SEVERE ] updating countdown to 16142
[20:54:06.256] [SEVERE ] updating countdown to 16116
[20:54:06.281] [SEVERE ] updating countdown to 16091
[20:54:06.300] [SEVERE ] key 59 was pressed by player 2
[20:54:06.300] [SEVERE ] player 2 placing token on slot 7
[20:54:06.307] [SEVERE ] updating countdown to 16065
[20:54:06.332] [SEVERE ] updating countdown to 16040
[20:54:06.358] [SEVERE ] updating countdown to 16014
[20:54:06.384] [SEVERE ] updating countdown to 15988
[20:54:06.409] [SEVERE ] updating countdown to 15963
[20:54:06.443] [SEVERE ] updating countdown to 15929
[20:54:06.469] [SEVERE ] updating countdown to 15903
[20:54:06.495] [SEVERE ] updating countdown to 15877
[20:54:06.521] [SEVERE ] updating countdown to 15851
[20:54:06.547] [SEVERE ] updating countdown to 15825
[20:54:06.572] [SEVERE ] updating countdown to 15800
[20:54:06.598] [SEVERE ] updating countdown to 15774
[20:54:06.624] [SEVERE ] updating countdown to 15748
[20:54:06.649] [SEVERE ] updating countdown to 15723
[20:54:06.675] [SEVERE ] updating countdown to 15697
[20:54:06.701] [SEVERE ] updating countdown to 15671
[20:54:06.727] [SEVERE ] updating countdown to 15645
[20:54:06.752] [SEVERE ] updating countdown to 15620
[20:54:06.778] [SEVERE ] updating countdown to 15594
[20:54:06.806] [SEVERE ] updating countdown to 15566
[20:54:06.831] [SEVERE ] updating countdown to 15541
[20:54:06.857] [SEVERE ] updating countdown to 15515
[20:54:06.883] [SEVERE ] updating countdown to 15489
[20:54:06.910] [SEVERE ] updating countdown to 15462
[20:54:06.936] [SEVERE ] updating countdown to 15436
[20:54:06.962] [SEVERE ] updating countdown to 15410
[20:54:06.988] [SEVERE ] updating countdown to 15384
[20:54:07.014] [SEVERE ] updating countdown to 15358
[20:54:07.040] [SEVERE ] updating countdown to 15332
[20:54:07.066] [SEVERE ] updating countdown to 15306
[20:54:07.092] [SEVERE ] updating countdown to 15280
[20:54:07.118] [SEVERE ] updating countdown to 15254
[20:54:07.144] [SEVERE ] updating countdown to 15228
[20:54:07.170] [SEVERE ] updating countdown to 15202
[20:54:07.196] [SEVERE ] updating countdown to 15176
[20:54:07.222] [SEVERE ] updating countdown to 15150
[20:54:07.247] [SEVERE ] updating countdown to 15125
[20:54:07.274] [SEVERE ] updating countdown to 15098
[20:54:07.300] [SEVERE ] updating countdown to 15072
[20:54:07.326] [SEVERE ] updating countdown to 15046
[20:54:07.352] [SEVERE ] updating countdown to 15020
[20:54:07.377] [SEVERE ] updating countdown to 14995
[20:54:07.403] [SEVERE ] updating countdown to 14969
[20:54:07.428] [SEVERE ] updating countdown to 14944
[20:54:07.454] [SEVERE ] updating countdown to 14918
[20:54:07.480] [SEVERE ] updating countdown to 14892
[20:54:07.506] [SEVERE ] updating countdown to 14866
[20:54:07.532] [SEVERE ] updating countdown to 14840
[20:54:07.557] [SEVERE ] updating countdown to 14815
[20:54:07.583] [SEVERE ] updating countdown to 14789
[20:54:07.609] [SEVERE ] updating countdown to 14763
[20:54:07.635] [SEVERE ] updating countdown to 14737
[20:54:07.662] [SEVERE ] updating countdown to 14710
[20:54:07.688] [SEVERE ] updating countdown to 14684
[20:54:07.714] [SEVERE ] updating countdown to 14658
[20:54:07.740] [SEVERE ] updating countdown to 14632
[20:54:07.766] [SEVERE ] updating countdown to 14606
[20:54:07.791] [SEVERE ] updating countdown to 14581
[20:54:07.822] [SEVERE ] updating countdown to 14551
[20:54:07.848] [SEVERE ] updating countdown to 14524
[20:54:07.873] [SEVERE ] updating countdown to 14499
[20:54:07.899] [SEVERE ] updating countdown to 14473
[20:54:07.925] [SEVERE ] updating countdown to 14447
[20:54:07.952] [SEVERE ] updating countdown to 14420
[20:54:07.978] [SEVERE ] updating countdown to 14394
[20:54:08.004] [SEVERE ] updating countdown to 14368
[20:54:08.030] [SEVERE ] updating countdown to 14342
[20:54:08.056] [SEVERE ] updating countdown to 14316
[20:54:08.081] [SEVERE ] updating countdown to 14291
[20:54:08.107] [SEVERE ] updating countdown to 14265
[20:54:08.133] [SEVERE ] updating countdown to 14239
[20:54:08.159] [SEVERE ] updating countdown to 14213
[20:54:08.185] [SEVERE ] updating countdown to 14187
[20:54:08.211] [SEVERE ] updating countdown to 14161
[20:54:08.237] [SEVERE ] updating countdown to 14135
[20:54:08.263] [SEVERE ] updating countdown to 14109
[20:54:08.289] [SEVERE ] updating countdown to 14083
[20:54:08.317] [SEVERE ] updating countdown to 14055
[20:54:08.343] [SEVERE ] updating countdown to 14029
[20:54:08.369] [SEVERE ] updating countdown to 14003
[20:54:08.395] [SEVERE ] updating countdown to 13977
[20:54:08.421] [SEVERE ] updating countdown to 13951
[20:54:08.446] [SEVERE ] updating countdown to 13926
[20:54:08.485] [SEVERE ] updating countdown to 13887
[20:54:08.515] [SEVERE ] updating countdown to 13857
[20:54:08.544] [SEVERE ] updating countdown to 13828
[20:54:08.570] [SEVERE ] updating countdown to 13802
[20:54:08.597] [SEVERE ] updating countdown to 13775
[20:54:08.623] [SEVERE ] updating countdown to 13749
[20:54:08.649] [SEVERE ] updating countdown to 13723
[20:54:08.675] [SEVERE ] updating countdown to 13697
[20:54:08.701] [SEVERE ] updating countdown to 13671
[20:54:08.726] [SEVERE ] updating countdown to 13646
[20:54:08.752] [SEVERE ] updating countdown to 13620
[20:54:08.778] [SEVERE ] updating countdown to 13594
[20:54:08.803] [SEVERE ] updating countdown to 13569
[20:54:08.829] [SEVERE ] updating countdown to 13543
[20:54:08.855] [SEVERE ] updating countdown to 13517
[20:54:08.881] [SEVERE ] updating countdown to 13491
[20:54:08.906] [SEVERE ] updating countdown to 13466
[20:54:08.932] [SEVERE ] updating countdown to 13440
[20:54:08.957] [SEVERE ] updating countdown to 13415
[20:54:08.984] [SEVERE ] updating countdown to 13389
[20:54:09.009] [SEVERE ] updating countdown to 13363
[20:54:09.035] [SEVERE ] updating countdown to 13337
[20:54:09.062] [SEVERE ] updating countdown to 13310
[20:54:09.087] [SEVERE ] updating countdown to 13285
[20:54:09.113] [SEVERE ] updating countdown to 13259
[20:54:09.139] [SEVERE ] updating countdown to 13233
[20:54:09.164] [SEVERE ] updating countdown to 13208
[20:54:09.190] [SEVERE ] updating countdown to 13182
[20:54:09.216] [SEVERE ] updating countdown to 13156
[20:54:09.242] [SEVERE ] updating countdown to 13130
[20:54:09.267] [SEVERE ] updating countdown to 13105
[20:54:09.293] [SEVERE ] updating countdown to 13079
[20:54:09.319] [SEVERE ] updating countdown to 13053
[20:54:09.346] [SEVERE ] updating countdown to 13026
[20:54:09.372] [SEVERE ] updating countdown to 13000
[20:54:09.397] [SEVERE ] updating countdown to 12975
[20:54:09.424] [SEVERE ] updating countdown to 12948
[20:54:09.450] [SEVERE ] updating countdown to 12922
[20:54:09.476] [SEVERE ] updating countdown to 12896
[20:54:09.502] [SEVERE ] updating countdown to 12870
[20:54:09.528] [SEVERE ] updating countdown to 12844
[20:54:09.554] [SEVERE ] updating countdown to 12818
[20:54:09.581] [SEVERE ] updating countdown to 12791
[20:54:09.607] [SEVERE ] updating countdown to 12765
[20:54:09.634] [SEVERE ] updating countdown to 12738
[20:54:09.660] [SEVERE ] updating countdown to 12712
[20:54:09.686] [SEVERE ] updating countdown to 12686
[20:54:09.712] [SEVERE ] updating countdown to 12660
[20:54:09.738] [SEVERE ] updating countdown to 12634
[20:54:09.764] [SEVERE ] updating countdown to 12608
[20:54:09.790] [SEVERE ] updating countdown to 12582
[20:54:09.816] [SEVERE ] updating countdown to 12556
[20:54:09.841] [SEVERE ] updating countdown to 12531
[20:54:09.867] [SEVERE ] updating countdown to 12505
[20:54:09.892] [SEVERE ] updating countdown to 12480
[20:54:09.918] [SEVERE ] updating countdown to 12454
[20:54:09.944] [SEVERE ] updating countdown to 12428
[20:54:09.969] [SEVERE ] updating countdown to 12403
[20:54:09.995] [SEVERE ] updating countdown to 12377
[20:54:10.021] [SEVERE ] updating countdown to 12351
[20:54:10.046] [SEVERE ] updating countdown to 12326
[20:54:10.072] [SEVERE ] updating countdown to 12300
[20:54:10.098] [SEVERE ] updating countdown to 12274
[20:54:10.124] [SEVERE ] updating countdown to 12248
[20:54:10.149] [SEVERE ] updating countdown to 12223
[20:54:10.175] [SEVERE ] updating countdown to 12197
[20:54:10.201] [SEVERE ] updating countdown to 12171
[20:54:10.227] [SEVERE ] updating countdown to 12145
[20:54:10.252] [SEVERE ] updating countdown to 12120
[20:54:10.277] [SEVERE ] updating countdown to 12095
[20:54:10.303] [SEVERE ] updating countdown to 12069
[20:54:10.329] [SEVERE ] updating countdown to 12043
[20:54:10.355] [SEVERE ] updating countdown to 12017
[20:54:10.380] [SEVERE ] updating countdown to 11992
[20:54:10.406] [SEVERE ] updating countdown to 11966
[20:54:10.432] [SEVERE ] updating countdown to 11940
[20:54:10.458] [SEVERE ] updating countdown to 11914
[20:54:10.484] [SEVERE ] updating countdown to 11888
[20:54:10.509] [SEVERE ] updating countdown to 11863
[20:54:10.535] [SEVERE ] updating countdown to 11837
[20:54:10.561] [SEVERE ] updating countdown to 11811
[20:54:10.587] [SEVERE ] updating countdown to 11785
[20:54:10.612] [SEVERE ] updating countdown to 11760
[20:54:10.638] [SEVERE ] updating countdown to 11734
[20:54:10.664] [SEVERE ] updating countdown to 11708
[20:54:10.690] [SEVERE ] updating countdown to 11682
[20:54:10.715] [SEVERE ] updating countdown to 11657
[20:54:10.741] [SEVERE ] updating countdown to 11631
[20:54:10.767] [SEVERE ] updating countdown to 11605
[20:54:10.793] [SEVERE ] updating countdown to 11579
[20:54:10.819] [SEVERE ] updating countdown to 11553
[20:54:10.845] [SEVERE ] updating countdown to 11527
[20:54:10.871] [SEVERE ] updating countdown to 11501
[20:54:10.896] [SEVERE ] updating countdown to 11476
[20:54:10.922] [SEVERE ] updating countdown to 11450
[20:54:10.948] [SEVERE ] updating countdown to 11424
[20:54:10.974] [SEVERE ] updating countdown to 11398
[20:54:11.000] [SEVERE ] updating countdown to 11373
[20:54:11.025] [SEVERE ] updating countdown to 11347
[20:54:11.051] [SEVERE ] updating countdown to 11321
[20:54:11.076] [SEVERE ] updating countdown to 11296
[20:54:11.102] [SEVERE ] updating countdown to 11270
[20:54:11.128] [SEVERE ] updating countdown to 11244
[20:54:11.154] [SEVERE ] updating countdown to 11218
[20:54:11.180] [SEVERE ] updating countdown to 11192
[20:54:11.206] [SEVERE ] updating countdown to 11166
[20:54:11.232] [SEVERE ] updating countdown to 11140
[20:54:11.258] [SEVERE ] updating countdown to 11114
[20:54:11.284] [SEVERE ] updating countdown to 11088
[20:54:11.310] [SEVERE ] updating countdown to 11062
[20:54:11.336] [SEVERE ] updating countdown to 11036
[20:54:11.363] [SEVERE ] updating countdown to 11009
[20:54:11.389] [SEVERE ] updating countdown to 10983
[20:54:11.415] [SEVERE ] updating countdown to 10957
[20:54:11.442] [SEVERE ] updating countdown to 10930
[20:54:11.468] [SEVERE ] updating countdown to 10904
[20:54:11.493] [SEVERE ] updating countdown to 10879
[20:54:11.519] [SEVERE ] updating countdown to 10853
[20:54:11.545] [SEVERE ] updating countdown to 10827
[20:54:11.570] [SEVERE ] updating countdown to 10802
[20:54:11.595] [SEVERE ] updating countdown to 10777
[20:54:11.624] [SEVERE ] updating countdown to 10748
[20:54:11.649] [SEVERE ] updating countdown to 10723
[20:54:11.675] [SEVERE ] updating countdown to 10697
[20:54:11.700] [SEVERE ] updating countdown to 10672
[20:54:11.726] [SEVERE ] updating countdown to 10646
[20:54:11.752] [SEVERE ] updating countdown to 10620
[20:54:11.779] [SEVERE ] updating countdown to 10593
[20:54:11.804] [SEVERE ] updating countdown to 10568
[20:54:11.830] [SEVERE ] updating countdown to 10542
[20:54:11.856] [SEVERE ] updating countdown to 10516
[20:54:11.882] [SEVERE ] updating countdown to 10490
[20:54:11.907] [SEVERE ] updating countdown to 10465
[20:54:11.934] [SEVERE ] updating countdown to 10438
[20:54:11.960] [SEVERE ] updating countdown to 10412
[20:54:11.986] [SEVERE ] updating countdown to 10386
[20:54:12.012] [SEVERE ] updating countdown to 10360
[20:54:12.037] [SEVERE ] updating countdown to 10335
[20:54:12.063] [SEVERE ] updating countdown to 10309
[20:54:12.089] [SEVERE ] updating countdown to 10283
[20:54:12.114] [SEVERE ] updating countdown to 10258
[20:54:12.140] [SEVERE ] updating countdown to 10232
[20:54:12.166] [SEVERE ] updating countdown to 10206
[20:54:12.193] [SEVERE ] updating countdown to 10179
[20:54:12.218] [SEVERE ] updating countdown to 10154
[20:54:12.244] [SEVERE ] updating countdown to 10128
[20:54:12.270] [SEVERE ] updating countdown to 10102
[20:54:12.296] [SEVERE ] updating countdown to 10076
[20:54:12.322] [SEVERE ] updating countdown to 10050
[20:54:12.348] [SEVERE ] updating countdown to 10024
[20:54:12.374] [SEVERE ] updating countdown to 9998
[20:54:12.399] [SEVERE ] updating countdown to 9973
[20:54:12.425] [SEVERE ] updating countdown to 9947
[20:54:12.450] [SEVERE ] updating countdown to 9922
[20:54:12.476] [SEVERE ] updating countdown to 9896
[20:54:12.501] [SEVERE ] updating countdown to 9871
[20:54:12.527] [SEVERE ] updating countdown to 9845
[20:54:12.552] [SEVERE ] updating countdown to 9820
[20:54:12.578] [SEVERE ] updating countdown to 9794
[20:54:12.604] [SEVERE ] updating countdown to 9768
[20:54:12.629] [SEVERE ] updating countdown to 9743
[20:54:12.655] [SEVERE ] updating countdown to 9717
[20:54:12.680] [SEVERE ] updating countdown to 9692
[20:54:12.706] [SEVERE ] updating countdown to 9666
[20:54:12.732] [SEVERE ] updating countdown to 9640
[20:54:12.757] [SEVERE ] updating countdown to 9615
[20:54:12.783] [SEVERE ] updating countdown to 9589
[20:54:12.808] [SEVERE ] updating countdown to 9564
[20:54:12.834] [SEVERE ] updating countdown to 9538
[20:54:12.860] [SEVERE ] updating countdown to 9512
[20:54:12.886] [SEVERE ] updating countdown to 9486
[20:54:12.912] [SEVERE ] updating countdown to 9460
[20:54:12.937] [SEVERE ] updating countdown to 9435
[20:54:12.963] [SEVERE ] updating countdown to 9409
[20:54:12.989] [SEVERE ] updating countdown to 9383
[20:54:13.014] [SEVERE ] updating countdown to 9358
[20:54:13.040] [SEVERE ] updating countdown to 9332
[20:54:13.066] [SEVERE ] updating countdown to 9306
[20:54:13.091] [SEVERE ] updating countdown to 9281
[20:54:13.117] [SEVERE ] updating countdown to 9255
[20:54:13.143] [SEVERE ] updating countdown to 9229
[20:54:13.157] [SEVERE ] key 65 was pressed by player 1
[20:54:13.158] [SEVERE ] removing player 1 token from slot 4
[20:54:13.168] [SEVERE ] updating countdown to 9204
[20:54:13.194] [SEVERE ] updating countdown to 9178
[20:54:13.219] [SEVERE ] updating countdown to 9153
[20:54:13.245] [SEVERE ] updating countdown to 9127
[20:54:13.272] [SEVERE ] updating countdown to 9100
[20:54:13.298] [SEVERE ] updating countdown to 9074
[20:54:13.323] [SEVERE ] updating countdown to 9049
[20:54:13.349] [SEVERE ] updating countdown to 9023
[20:54:13.375] [SEVERE ] updating countdown to 8997
[20:54:13.400] [SEVERE ] updating countdown to 8972
[20:54:13.426] [SEVERE ] updating countdown to 8946
[20:54:13.451] [SEVERE ] updating countdown to 8921
[20:54:13.477] [SEVERE ] updating countdown to 8895
[20:54:13.503] [SEVERE ] updating countdown to 8869
[20:54:13.529] [SEVERE ] updating countdown to 8843
[20:54:13.554] [SEVERE ] updating countdown to 8818
[20:54:13.580] [SEVERE ] updating countdown to 8792
[20:54:13.607] [SEVERE ] updating countdown to 8765
[20:54:13.632] [SEVERE ] updating countdown to 8740
[20:54:13.658] [SEVERE ] updating countdown to 8714
[20:54:13.685] [SEVERE ] updating countdown to 8687
[20:54:13.711] [SEVERE ] updating countdown to 8661
[20:54:13.737] [SEVERE ] updating countdown to 8635
[20:54:13.762] [SEVERE ] updating countdown to 8610
[20:54:13.787] [SEVERE ] updating countdown to 8585
[20:54:13.813] [SEVERE ] updating countdown to 8559
[20:54:13.839] [SEVERE ] updating countdown to 8533
[20:54:13.864] [SEVERE ] updating countdown to 8508
[20:54:13.890] [SEVERE ] updating countdown to 8482
[20:54:13.915] [SEVERE ] updating countdown to 8457
[20:54:13.941] [SEVERE ] updating countdown to 8431
[20:54:13.967] [SEVERE ] updating countdown to 8405
[20:54:13.992] [SEVERE ] updating countdown to 8380
[20:54:14.019] [SEVERE ] updating countdown to 8353
[20:54:14.044] [SEVERE ] updating countdown to 8328
[20:54:14.071] [SEVERE ] updating countdown to 8301
[20:54:14.097] [SEVERE ] updating countdown to 8275
[20:54:14.122] [SEVERE ] updating countdown to 8250
[20:54:14.148] [SEVERE ] updating countdown to 8224
[20:54:14.174] [SEVERE ] updating countdown to 8198
[20:54:14.199] [SEVERE ] updating countdown to 8173
[20:54:14.225] [SEVERE ] updating countdown to 8147
[20:54:14.251] [SEVERE ] updating countdown to 8121
[20:54:14.276] [SEVERE ] updating countdown to 8096
[20:54:14.302] [SEVERE ] updating countdown to 8070
[20:54:14.328] [SEVERE ] updating countdown to 8044
[20:54:14.354] [SEVERE ] updating countdown to 8018
[20:54:14.380] [SEVERE ] updating countdown to 7992
[20:54:14.406] [SEVERE ] updating countdown to 7966
[20:54:14.432] [SEVERE ] updating countdown to 7940
[20:54:14.459] [SEVERE ] updating countdown to 7913
[20:54:14.485] [SEVERE ] updating countdown to 7887
[20:54:14.510] [SEVERE ] updating countdown to 7862
[20:54:14.536] [SEVERE ] updating countdown to 7836
[20:54:14.561] [SEVERE ] updating countdown to 7811
[20:54:14.587] [SEVERE ] updating countdown to 7785
[20:54:14.613] [SEVERE ] updating countdown to 7759
[20:54:14.639] [SEVERE ] updating countdown to 7733
[20:54:14.665] [SEVERE ] updating countdown to 7707
[20:54:14.690] [SEVERE ] updating countdown to 7682
[20:54:14.716] [SEVERE ] updating countdown to 7656
[20:54:14.741] [SEVERE ] updating countdown to 7631
[20:54:14.767] [SEVERE ] updating countdown to 7605
[20:54:14.793] [SEVERE ] updating countdown to 7579
[20:54:14.819] [SEVERE ] updating countdown to 7553
[20:54:14.844] [SEVERE ] updating countdown to 7528
[20:54:14.870] [SEVERE ] updating countdown to 7502
[20:54:14.895] [SEVERE ] updating countdown to 7477
[20:54:14.921] [SEVERE ] updating countdown to 7451
[20:54:14.946] [SEVERE ] updating countdown to 7426
[20:54:14.972] [SEVERE ] updating countdown to 7400
[20:54:14.997] [SEVERE ] updating countdown to 7375
[20:54:15.024] [SEVERE ] updating countdown to 7348
[20:54:15.049] [SEVERE ] updating countdown to 7323
[20:54:15.075] [SEVERE ] updating countdown to 7297
[20:54:15.101] [SEVERE ] updating countdown to 7271
[20:54:15.127] [SEVERE ] updating countdown to 7245
[20:54:15.152] [SEVERE ] updating countdown to 7220
[20:54:15.179] [SEVERE ] updating countdown to 7193
[20:54:15.205] [SEVERE ] updating countdown to 7167
[20:54:15.230] [SEVERE ] updating countdown to 7142
[20:54:15.255] [SEVERE ] updating countdown to 7117
[20:54:15.281] [SEVERE ] updating countdown to 7091
[20:54:15.307] [SEVERE ] updating countdown to 7065
[20:54:15.332] [SEVERE ] updating countdown to 7040
[20:54:15.358] [SEVERE ] updating countdown to 7014
[20:54:15.383] [SEVERE ] updating countdown to 6989
[20:54:15.409] [SEVERE ] updating countdown to 6963
[20:54:15.435] [SEVERE ] updating countdown to 6937
[20:54:15.461] [SEVERE ] updating countdown to 6911
[20:54:15.487] [SEVERE ] updating countdown to 6885
[20:54:15.513] [SEVERE ] updating countdown to 6859
[20:54:15.538] [SEVERE ] updating countdown to 6834
[20:54:15.564] [SEVERE ] updating countdown to 6808
[20:54:15.590] [SEVERE ] updating countdown to 6783
[20:54:15.615] [SEVERE ] updating countdown to 6757
[20:54:15.641] [SEVERE ] updating countdown to 6731
[20:54:15.667] [SEVERE ] updating countdown to 6705
[20:54:15.692] [SEVERE ] updating countdown to 6680
[20:54:15.718] [SEVERE ] updating countdown to 6654
[20:54:15.743] [SEVERE ] updating countdown to 6629
[20:54:15.769] [SEVERE ] updating countdown to 6603
[20:54:15.795] [SEVERE ] updating countdown to 6577
[20:54:15.820] [SEVERE ] updating countdown to 6552
[20:54:15.846] [SEVERE ] updating countdown to 6526
[20:54:15.872] [SEVERE ] updating countdown to 6500
[20:54:15.898] [SEVERE ] updating countdown to 6474
[20:54:15.923] [SEVERE ] updating countdown to 6449
[20:54:15.949] [SEVERE ] updating countdown to 6423
[20:54:15.974] [SEVERE ] updating countdown to 6398
[20:54:16.000] [SEVERE ] updating countdown to 6372
[20:54:16.026] [SEVERE ] updating countdown to 6346
[20:54:16.051] [SEVERE ] updating countdown to 6321
[20:54:16.077] [SEVERE ] updating countdown to 6295
[20:54:16.102] [SEVERE ] updating countdown to 6270
[20:54:16.128] [SEVERE ] updating countdown to 6244
[20:54:16.154] [SEVERE ] updating countdown to 6218
[20:54:16.180] [SEVERE ] updating countdown to 6192
[20:54:16.206] [SEVERE ] updating countdown to 6166
[20:54:16.232] [SEVERE ] updating countdown to 6140
[20:54:16.258] [SEVERE ] updating countdown to 6114
[20:54:16.283] [SEVERE ] updating countdown to 6089
[20:54:16.309] [SEVERE ] updating countdown to 6063
[20:54:16.335] [SEVERE ] updating countdown to 6037
[20:54:16.360] [SEVERE ] updating countdown to 6012
[20:54:16.386] [SEVERE ] updating countdown to 5986
[20:54:16.411] [SEVERE ] updating countdown to 5961
[20:54:16.437] [SEVERE ] updating countdown to 5935
[20:54:16.462] [SEVERE ] updating countdown to 5910
[20:54:16.488] [SEVERE ] updating countdown to 5884
[20:54:16.514] [SEVERE ] updating countdown to 5858
[20:54:16.539] [SEVERE ] updating countdown to 5833
[20:54:16.565] [SEVERE ] updating countdown to 5807
[20:54:16.591] [SEVERE ] updating countdown to 5781
[20:54:16.618] [SEVERE ] updating countdown to 5754
[20:54:16.643] [SEVERE ] updating countdown to 5729
[20:54:16.669] [SEVERE ] updating countdown to 5703
[20:54:16.695] [SEVERE ] updating countdown to 5677
[20:54:16.720] [SEVERE ] updating countdown to 5652
[20:54:16.746] [SEVERE ] updating countdown to 5626
[20:54:16.771] [SEVERE ] updating countdown to 5601
[20:54:16.797] [SEVERE ] updating countdown to 5575
[20:54:16.823] [SEVERE ] updating countdown to 5549
[20:54:16.849] [SEVERE ] updating countdown to 5523
[20:54:16.874] [SEVERE ] updating countdown to 5498
[20:54:16.900] [SEVERE ] updating countdown to 5472
[20:54:16.926] [SEVERE ] updating countdown to 5446
[20:54:16.951] [SEVERE ] updating countdown to 5421
[20:54:16.977] [SEVERE ] updating countdown to 5395
[20:54:17.003] [SEVERE ] updating countdown to 5369
[20:54:17.004] [SEVERE ] key 65 was pressed by player 1
[20:54:17.005] [SEVERE ] player 1 placing token on slot 4
[20:54:17.029] [SEVERE ] updating countdown to 5343
[20:54:17.055] [SEVERE ] updating countdown to 5317
[20:54:17.080] [SEVERE ] updating countdown to 5292
[20:54:17.107] [SEVERE ] updating countdown to 5265
[20:54:17.132] [SEVERE ] updating countdown to 5240
[20:54:17.158] [SEVERE ] updating countdown to 5214
[20:54:17.184] [SEVERE ] updating countdown to 5188
[20:54:17.205] [SEVERE ] key 65 was pressed by player 1
[20:54:17.205] [SEVERE ] removing player 1 token from slot 4
[20:54:17.209] [SEVERE ] updating countdown to 5163
[20:54:17.235] [SEVERE ] updating countdown to 5137
[20:54:17.260] [SEVERE ] updating countdown to 5112
[20:54:17.285] [SEVERE ] updating countdown to 5087
[20:54:17.311] [SEVERE ] updating countdown to 5061
[20:54:17.337] [SEVERE ] updating countdown to 5035
[20:54:17.362] [SEVERE ] updating countdown to 5010
[20:54:17.404] [SEVERE ] key 65 was pressed by player 1
[20:54:17.404] [SEVERE ] player 1 placing token on slot 4
[20:54:17.588] [SEVERE ] key 65 was pressed by player 1
[20:54:17.590] [SEVERE ] removing player 1 token from slot 4
[20:54:17.780] [SEVERE ] key 65 was pressed by player 1
[20:54:17.780] [SEVERE ] player 1 placing token on slot 4
[20:54:17.972] [SEVERE ] key 65 was pressed by player 1
[20:54:17.973] [SEVERE ] removing player 1 token from slot 4
[20:54:22.382] [SEVERE ] updating countdown to 0
[20:54:22.483] [SEVERE ] removing card from slot 0
[20:54:22.584] [SEVERE ] removing card from slot 1
[20:54:22.689] [SEVERE ] removing card from slot 2
[20:54:22.790] [SEVERE ] removing card from slot 3
[20:54:22.891] [SEVERE ] removing card from slot 4
[20:54:22.992] [SEVERE ] removing player 1 token from slot 5
[20:54:22.992] [SEVERE ] removing player 2 token from slot 5
[20:54:22.993] [SEVERE ] removing card from slot 5
[20:54:23.094] [SEVERE ] removing player 1 token from slot 6
[20:54:23.095] [SEVERE ] removing card from slot 6
[20:54:23.195] [SEVERE ] removing player 2 token from slot 7
[20:54:23.196] [SEVERE ] removing card from slot 7
[20:54:23.297] [SEVERE ] removing card from slot 8
[20:54:23.398] [SEVERE ] removing card from slot 9
[20:54:23.498] [SEVERE ] removing card from slot 10
[20:54:23.600] [SEVERE ] removing card from slot 11
[20:54:23.701] [SEVERE ] placing card 14 in slot 0
[20:54:23.802] [SEVERE ] placing card 40 in slot 1
[20:54:23.903] [SEVERE ] placing card 52 in slot 2
[20:54:24.003] [SEVERE ] placing card 37 in slot 3
[20:54:24.104] [SEVERE ] placing card 58 in slot 4
[20:54:24.205] [SEVERE ] placing card 2 in slot 5
[20:54:24.306] [SEVERE ] placing card 54 in slot 6
[20:54:24.407] [SEVERE ] placing card 45 in slot 7
[20:54:24.507] [SEVERE ] placing card 34 in slot 8
[20:54:24.608] [SEVERE ] placing card 21 in slot 9
[20:54:24.708] [SEVERE ] placing card 38 in slot 10
[20:54:24.811] [SEVERE ] placing card 71 in slot 11
[20:54:24.837] [SEVERE ] updating countdown to 19975
[20:54:24.864] [SEVERE ] updating countdown to 19948
[20:54:24.890] [SEVERE ] updating countdown to 19922
[20:54:24.916] [SEVERE ] updating countdown to 19896
[20:54:24.942] [SEVERE ] updating countdown to 19870
[20:54:24.968] [SEVERE ] updating countdown to 19844
[20:54:24.993] [SEVERE ] updating countdown to 19819
[20:54:25.019] [SEVERE ] updating countdown to 19793
[20:54:25.045] [SEVERE ] updating countdown to 19767
[20:54:25.071] [SEVERE ] updating countdown to 19741
[20:54:25.097] [SEVERE ] updating countdown to 19715
[20:54:25.123] [SEVERE ] updating countdown to 19689
[20:54:25.149] [SEVERE ] updating countdown to 19663
[20:54:25.174] [SEVERE ] updating countdown to 19638
[20:54:25.200] [SEVERE ] updating countdown to 19612
[20:54:25.227] [SEVERE ] updating countdown to 19585
[20:54:25.254] [SEVERE ] updating countdown to 19558
[20:54:25.280] [SEVERE ] updating countdown to 19532
[20:54:25.306] [SEVERE ] updating countdown to 19507
[20:54:25.331] [SEVERE ] updating countdown to 19481
[20:54:25.358] [SEVERE ] updating countdown to 19454
[20:54:25.385] [SEVERE ] updating countdown to 19427
[20:54:25.411] [SEVERE ] updating countdown to 19401
[20:54:25.438] [SEVERE ] updating countdown to 19374
[20:54:25.463] [SEVERE ] updating countdown to 19349
[20:54:25.489] [SEVERE ] updating countdown to 19323
[20:54:25.514] [SEVERE ] updating countdown to 19298
[20:54:25.544] [SEVERE ] updating countdown to 19268
[20:54:25.575] [SEVERE ] updating countdown to 19237
[20:54:25.600] [SEVERE ] updating countdown to 19212
[20:54:25.626] [SEVERE ] updating countdown to 19186
[20:54:25.652] [SEVERE ] updating countdown to 19160
[20:54:25.678] [SEVERE ] updating countdown to 19134
[20:54:25.705] [SEVERE ] updating countdown to 19107
[20:54:25.732] [SEVERE ] updating countdown to 19080
[20:54:25.758] [SEVERE ] updating countdown to 19054
[20:54:25.783] [SEVERE ] updating countdown to 19029
[20:54:25.810] [SEVERE ] updating countdown to 19002
[20:54:25.835] [SEVERE ] updating countdown to 18977
[20:54:25.861] [SEVERE ] updating countdown to 18951
[20:54:25.888] [SEVERE ] updating countdown to 18924
[20:54:25.914] [SEVERE ] updating countdown to 18898
[20:54:25.939] [SEVERE ] updating countdown to 18873
[20:54:25.965] [SEVERE ] updating countdown to 18847
[20:54:25.991] [SEVERE ] updating countdown to 18821
[20:54:26.017] [SEVERE ] updating countdown to 18795
[20:54:26.043] [SEVERE ] updating countdown to 18769
[20:54:26.069] [SEVERE ] updating countdown to 18743
[20:54:26.095] [SEVERE ] updating countdown to 18717
[20:54:26.120] [SEVERE ] updating countdown to 18692
[20:54:26.146] [SEVERE ] updating countdown to 18666
[20:54:26.173] [SEVERE ] updating countdown to 18639
[20:54:26.198] [SEVERE ] updating countdown to 18614
[20:54:26.224] [SEVERE ] updating countdown to 18588
[20:54:26.250] [SEVERE ] updating countdown to 18562
[20:54:26.276] [SEVERE ] updating countdown to 18536
[20:54:26.302] [SEVERE ] updating countdown to 18510
[20:54:26.327] [SEVERE ] updating countdown to 18485
[20:54:26.353] [SEVERE ] updating countdown to 18459
[20:54:26.378] [SEVERE ] updating countdown to 18434
[20:54:26.404] [SEVERE ] updating countdown to 18408
[20:54:26.430] [SEVERE ] updating countdown to 18382
[20:54:26.456] [SEVERE ] updating countdown to 18356
[20:54:26.482] [SEVERE ] updating countdown to 18330
[20:54:26.508] [SEVERE ] updating countdown to 18304
[20:54:26.534] [SEVERE ] updating countdown to 18278
[20:54:26.560] [SEVERE ] updating countdown to 18252
[20:54:26.586] [SEVERE ] updating countdown to 18226
[20:54:26.611] [SEVERE ] updating countdown to 18201
[20:54:26.637] [SEVERE ] updating countdown to 18175
[20:54:26.662] [SEVERE ] updating countdown to 18150
[20:54:26.689] [SEVERE ] updating countdown to 18123
[20:54:26.714] [SEVERE ] updating countdown to 18098
[20:54:26.740] [SEVERE ] updating countdown to 18072
[20:54:26.765] [SEVERE ] updating countdown to 18047
[20:54:26.791] [SEVERE ] updating countdown to 18021
[20:54:26.816] [SEVERE ] updating countdown to 17996
[20:54:26.842] [SEVERE ] updating countdown to 17970
[20:54:26.868] [SEVERE ] updating countdown to 17944
[20:54:26.895] [SEVERE ] updating countdown to 17917
[20:54:26.920] [SEVERE ] updating countdown to 17892
[20:54:26.946] [SEVERE ] updating countdown to 17866
[20:54:26.974] [SEVERE ] updating countdown to 17838
[20:54:27.000] [SEVERE ] updating countdown to 17812
[20:54:27.026] [SEVERE ] updating countdown to 17786
[20:54:27.051] [SEVERE ] updating countdown to 17761
[20:54:27.077] [SEVERE ] updating countdown to 17735
[20:54:27.103] [SEVERE ] updating countdown to 17709
[20:54:27.128] [SEVERE ] updating countdown to 17684
[20:54:27.154] [SEVERE ] updating countdown to 17658
[20:54:27.179] [SEVERE ] updating countdown to 17633
[20:54:27.205] [SEVERE ] updating countdown to 17607
[20:54:27.232] [SEVERE ] updating countdown to 17580
[20:54:27.259] [SEVERE ] updating countdown to 17553
[20:54:27.285] [SEVERE ] updating countdown to 17527
[20:54:27.311] [SEVERE ] updating countdown to 17501
[20:54:27.337] [SEVERE ] updating countdown to 17475
[20:54:27.362] [SEVERE ] updating countdown to 17450
[20:54:27.388] [SEVERE ] updating countdown to 17424
[20:54:27.413] [SEVERE ] updating countdown to 17399
[20:54:27.439] [SEVERE ] updating countdown to 17373
[20:54:27.465] [SEVERE ] updating countdown to 17347
[20:54:27.491] [SEVERE ] updating countdown to 17321
[20:54:27.517] [SEVERE ] updating countdown to 17295
[20:54:27.543] [SEVERE ] updating countdown to 17269
[20:54:27.568] [SEVERE ] updating countdown to 17244
[20:54:27.594] [SEVERE ] updating countdown to 17218
[20:54:27.620] [SEVERE ] updating countdown to 17192
[20:54:27.646] [SEVERE ] updating countdown to 17166
[20:54:27.681] [SEVERE ] updating countdown to 17131
[20:54:27.706] [SEVERE ] updating countdown to 17106
[20:54:27.732] [SEVERE ] updating countdown to 17080
[20:54:27.758] [SEVERE ] updating countdown to 17054
[20:54:27.783] [SEVERE ] updating countdown to 17029
[20:54:27.809] [SEVERE ] updating countdown to 17003
[20:54:27.835] [SEVERE ] updating countdown to 16977
[20:54:27.861] [SEVERE ] updating countdown to 16951
[20:54:27.886] [SEVERE ] updating countdown to 16926
[20:54:27.912] [SEVERE ] updating countdown to 16900
[20:54:27.938] [SEVERE ] updating countdown to 16874
[20:54:27.964] [SEVERE ] updating countdown to 16848
[20:54:27.990] [SEVERE ] updating countdown to 16822
[20:54:28.015] [SEVERE ] updating countdown to 16797
[20:54:28.041] [SEVERE ] updating countdown to 16771
[20:54:28.066] [SEVERE ] updating countdown to 16746
[20:54:28.092] [SEVERE ] updating countdown to 16720
[20:54:28.118] [SEVERE ] updating countdown to 16694
[20:54:28.143] [SEVERE ] updating countdown to 16669
[20:54:28.169] [SEVERE ] updating countdown to 16643
[20:54:28.194] [SEVERE ] updating countdown to 16618
[20:54:28.220] [SEVERE ] updating countdown to 16592
[20:54:28.246] [SEVERE ] updating countdown to 16566
[20:54:28.271] [SEVERE ] updating countdown to 16541
[20:54:28.297] [SEVERE ] updating countdown to 16515
[20:54:28.323] [SEVERE ] updating countdown to 16489
[20:54:28.348] [SEVERE ] updating countdown to 16464
[20:54:28.374] [SEVERE ] updating countdown to 16438
[20:54:28.400] [SEVERE ] updating countdown to 16412
[20:54:28.426] [SEVERE ] updating countdown to 16386
[20:54:28.452] [SEVERE ] updating countdown to 16360
[20:54:28.477] [SEVERE ] updating countdown to 16335
[20:54:28.503] [SEVERE ] updating countdown to 16309
[20:54:28.528] [SEVERE ] updating countdown to 16284
[20:54:28.554] [SEVERE ] updating countdown to 16258
[20:54:28.579] [SEVERE ] updating countdown to 16233
[20:54:28.605] [SEVERE ] updating countdown to 16207
[20:54:28.631] [SEVERE ] updating countdown to 16181
[20:54:28.657] [SEVERE ] updating countdown to 16155
[20:54:28.684] [SEVERE ] updating countdown to 16128
[20:54:28.711] [SEVERE ] updating countdown to 16101
[20:54:28.737] [SEVERE ] updating countdown to 16075
[20:54:28.763] [SEVERE ] updating countdown to 16049
[20:54:28.790] [SEVERE ] updating countdown to 16022
[20:54:28.815] [SEVERE ] updating countdown to 15997
[20:54:28.842] [SEVERE ] updating countdown to 15970
[20:54:28.868] [SEVERE ] updating countdown to 15944
[20:54:28.894] [SEVERE ] updating countdown to 15918
[20:54:28.919] [SEVERE ] updating countdown to 15893
[20:54:28.946] [SEVERE ] updating countdown to 15866
[20:54:28.972] [SEVERE ] updating countdown to 15841
[20:54:28.997] [SEVERE ] updating countdown to 15815
[20:54:29.023] [SEVERE ] updating countdown to 15789
[20:54:29.049] [SEVERE ] updating countdown to 15763
[20:54:29.074] [SEVERE ] updating countdown to 15738
[20:54:29.100] [SEVERE ] updating countdown to 15712
[20:54:29.125] [SEVERE ] updating countdown to 15687
[20:54:29.151] [SEVERE ] updating countdown to 15661
[20:54:29.177] [SEVERE ] updating countdown to 15635
[20:54:29.203] [SEVERE ] updating countdown to 15609
[20:54:29.228] [SEVERE ] updating countdown to 15584
[20:54:29.254] [SEVERE ] updating countdown to 15558
[20:54:29.280] [SEVERE ] updating countdown to 15532
[20:54:29.305] [SEVERE ] updating countdown to 15507
[20:54:29.331] [SEVERE ] updating countdown to 15481
[20:54:29.357] [SEVERE ] updating countdown to 15455
[20:54:29.384] [SEVERE ] updating countdown to 15428
[20:54:29.410] [SEVERE ] updating countdown to 15402
[20:54:29.436] [SEVERE ] updating countdown to 15376
[20:54:29.463] [SEVERE ] updating countdown to 15349
[20:54:29.488] [SEVERE ] updating countdown to 15324
[20:54:29.514] [SEVERE ] updating countdown to 15298
[20:54:29.540] [SEVERE ] updating countdown to 15272
[20:54:29.565] [SEVERE ] updating countdown to 15247
[20:54:29.591] [SEVERE ] updating countdown to 15221
[20:54:29.618] [SEVERE ] updating countdown to 15194
[20:54:29.643] [SEVERE ] updating countdown to 15169
[20:54:29.670] [SEVERE ] updating countdown to 15142
[20:54:29.695] [SEVERE ] updating countdown to 15117
[20:54:29.721] [SEVERE ] updating countdown to 15091
[20:54:29.747] [SEVERE ] updating countdown to 15065
[20:54:29.774] [SEVERE ] updating countdown to 15038
[20:54:29.800] [SEVERE ] updating countdown to 15012
[20:54:29.825] [SEVERE ] updating countdown to 14987
[20:54:29.851] [SEVERE ] updating countdown to 14961
[20:54:29.877] [SEVERE ] updating countdown to 14935
[20:54:29.902] [SEVERE ] updating countdown to 14910
[20:54:29.928] [SEVERE ] updating countdown to 14884
[20:54:29.954] [SEVERE ] updating countdown to 14858
[20:54:29.979] [SEVERE ] updating countdown to 14833
[20:54:30.006] [SEVERE ] updating countdown to 14806
[20:54:30.031] [SEVERE ] updating countdown to 14781
[20:54:30.058] [SEVERE ] updating countdown to 14754
[20:54:30.083] [SEVERE ] updating countdown to 14729
[20:54:30.109] [SEVERE ] updating countdown to 14703
[20:54:30.135] [SEVERE ] updating countdown to 14677
[20:54:30.161] [SEVERE ] updating countdown to 14651
[20:54:30.188] [SEVERE ] updating countdown to 14624
[20:54:30.215] [SEVERE ] updating countdown to 14597
[20:54:30.241] [SEVERE ] updating countdown to 14571
[20:54:30.266] [SEVERE ] updating countdown to 14546
[20:54:30.293] [SEVERE ] updating countdown to 14519
[20:54:30.318] [SEVERE ] updating countdown to 14494
[20:54:30.344] [SEVERE ] updating countdown to 14468
[20:54:30.369] [SEVERE ] updating countdown to 14443
[20:54:30.395] [SEVERE ] updating countdown to 14417
