[21:06:21.474] [INFO   ] thread bguspl.set.Main.main() starting.
[21:06:21.485] [SEVERE ] cannot read configuration file config.properties trying from resources.
[21:06:21.490] [SEVERE ] configuration file was loaded from resources directory.
[21:06:22.501] [INFO   ] thread dealer starting.
[21:06:22.503] [INFO   ] thread dealer starting.
[21:06:22.615] [SEVERE ] placing card 73 in slot 0
[21:06:22.717] [SEVERE ] placing card 54 in slot 1
[21:06:22.819] [SEVERE ] placing card 15 in slot 2
[21:06:22.919] [SEVERE ] placing card 30 in slot 3
[21:06:23.022] [SEVERE ] placing card 28 in slot 4
[21:06:23.125] [SEVERE ] placing card 20 in slot 5
[21:06:23.226] [SEVERE ] placing card 59 in slot 6
[21:06:23.328] [SEVERE ] placing card 21 in slot 7
[21:06:23.430] [SEVERE ] placing card 10 in slot 8
[21:06:23.532] [SEVERE ] placing card 34 in slot 9
[21:06:23.633] [SEVERE ] placing card 75 in slot 10
[21:06:23.734] [SEVERE ] placing card 40 in slot 11
[21:06:23.761] [SEVERE ] updating countdown to 19975
[21:06:23.788] [SEVERE ] updating countdown to 19948
[21:06:23.814] [SEVERE ] updating countdown to 19922
[21:06:23.842] [SEVERE ] updating countdown to 19894
[21:06:23.868] [SEVERE ] updating countdown to 19868
[21:06:23.894] [SEVERE ] updating countdown to 19842
[21:06:23.920] [SEVERE ] updating countdown to 19816
[21:06:23.946] [SEVERE ] updating countdown to 19790
[21:06:23.972] [SEVERE ] updating countdown to 19765
[21:06:23.997] [SEVERE ] updating countdown to 19739
[21:06:24.023] [SEVERE ] updating countdown to 19713
[21:06:24.049] [SEVERE ] updating countdown to 19687
[21:06:24.075] [SEVERE ] updating countdown to 19661
[21:06:24.102] [SEVERE ] updating countdown to 19634
[21:06:24.129] [SEVERE ] updating countdown to 19608
[21:06:24.155] [SEVERE ] updating countdown to 19581
[21:06:24.181] [SEVERE ] updating countdown to 19555
[21:06:24.209] [SEVERE ] updating countdown to 19527
[21:06:24.234] [SEVERE ] updating countdown to 19502
[21:06:24.260] [SEVERE ] updating countdown to 19476
[21:06:24.287] [SEVERE ] updating countdown to 19450
[21:06:24.313] [SEVERE ] updating countdown to 19424
[21:06:24.339] [SEVERE ] updating countdown to 19398
[21:06:24.364] [SEVERE ] updating countdown to 19372
[21:06:24.390] [SEVERE ] updating countdown to 19346
[21:06:24.417] [SEVERE ] updating countdown to 19319
[21:06:24.443] [SEVERE ] updating countdown to 19293
[21:06:24.470] [SEVERE ] updating countdown to 19266
[21:06:24.496] [SEVERE ] updating countdown to 19240
[21:06:24.522] [SEVERE ] updating countdown to 19214
[21:06:24.548] [SEVERE ] updating countdown to 19188
[21:06:24.574] [SEVERE ] updating countdown to 19162
[21:06:24.601] [SEVERE ] updating countdown to 19135
[21:06:24.627] [SEVERE ] updating countdown to 19109
[21:06:24.653] [SEVERE ] updating countdown to 19083
[21:06:24.681] [SEVERE ] updating countdown to 19055
[21:06:24.708] [SEVERE ] updating countdown to 19028
[21:06:24.735] [SEVERE ] updating countdown to 19001
[21:06:24.761] [SEVERE ] updating countdown to 18975
[21:06:24.787] [SEVERE ] updating countdown to 18949
[21:06:24.813] [SEVERE ] updating countdown to 18923
[21:06:24.839] [SEVERE ] updating countdown to 18897
[21:06:24.865] [SEVERE ] updating countdown to 18871
[21:06:24.891] [SEVERE ] updating countdown to 18845
[21:06:24.920] [SEVERE ] updating countdown to 18816
[21:06:24.946] [SEVERE ] updating countdown to 18790
[21:06:24.973] [SEVERE ] updating countdown to 18763
[21:06:24.999] [SEVERE ] updating countdown to 18737
[21:06:25.025] [SEVERE ] updating countdown to 18711
[21:06:25.051] [SEVERE ] updating countdown to 18685
[21:06:25.077] [SEVERE ] updating countdown to 18659
[21:06:25.104] [SEVERE ] updating countdown to 18632
[21:06:25.130] [SEVERE ] updating countdown to 18606
[21:06:25.156] [SEVERE ] updating countdown to 18580
[21:06:25.183] [SEVERE ] updating countdown to 18553
[21:06:25.209] [SEVERE ] updating countdown to 18527
[21:06:25.235] [SEVERE ] updating countdown to 18501
[21:06:25.260] [SEVERE ] updating countdown to 18476
[21:06:25.286] [SEVERE ] updating countdown to 18450
[21:06:25.314] [SEVERE ] updating countdown to 18422
[21:06:25.340] [SEVERE ] updating countdown to 18396
[21:06:25.366] [SEVERE ] updating countdown to 18370
[21:06:25.392] [SEVERE ] updating countdown to 18344
[21:06:25.418] [SEVERE ] updating countdown to 18318
[21:06:25.444] [SEVERE ] updating countdown to 18292
[21:06:25.470] [SEVERE ] updating countdown to 18266
[21:06:25.496] [SEVERE ] updating countdown to 18240
[21:06:25.522] [SEVERE ] updating countdown to 18214
[21:06:25.548] [SEVERE ] updating countdown to 18188
[21:06:25.574] [SEVERE ] updating countdown to 18162
[21:06:25.600] [SEVERE ] updating countdown to 18136
[21:06:25.627] [SEVERE ] updating countdown to 18109
[21:06:25.653] [SEVERE ] updating countdown to 18083
[21:06:25.679] [SEVERE ] updating countdown to 18057
[21:06:25.706] [SEVERE ] updating countdown to 18030
[21:06:25.733] [SEVERE ] updating countdown to 18003
[21:06:25.759] [SEVERE ] updating countdown to 17977
[21:06:25.786] [SEVERE ] updating countdown to 17950
[21:06:25.813] [SEVERE ] updating countdown to 17923
[21:06:25.838] [SEVERE ] updating countdown to 17898
[21:06:25.864] [SEVERE ] updating countdown to 17872
[21:06:25.890] [SEVERE ] updating countdown to 17846
[21:06:25.918] [SEVERE ] updating countdown to 17819
[21:06:25.944] [SEVERE ] updating countdown to 17792
[21:06:25.970] [SEVERE ] updating countdown to 17766
[21:06:25.996] [SEVERE ] updating countdown to 17740
[21:06:26.021] [SEVERE ] updating countdown to 17715
[21:06:26.047] [SEVERE ] updating countdown to 17689
[21:06:26.073] [SEVERE ] updating countdown to 17663
[21:06:26.099] [SEVERE ] updating countdown to 17637
[21:06:26.125] [SEVERE ] updating countdown to 17611
[21:06:26.150] [SEVERE ] updating countdown to 17586
[21:06:26.176] [SEVERE ] updating countdown to 17560
[21:06:26.202] [SEVERE ] updating countdown to 17534
[21:06:26.228] [SEVERE ] updating countdown to 17508
[21:06:26.255] [SEVERE ] updating countdown to 17481
[21:06:26.282] [SEVERE ] updating countdown to 17454
[21:06:26.309] [SEVERE ] updating countdown to 17427
[21:06:26.343] [SEVERE ] updating countdown to 17393
[21:06:26.369] [SEVERE ] updating countdown to 17367
[21:06:26.395] [SEVERE ] updating countdown to 17341
[21:06:26.421] [SEVERE ] updating countdown to 17315
[21:06:26.448] [SEVERE ] updating countdown to 17289
[21:06:26.474] [SEVERE ] updating countdown to 17262
[21:06:26.500] [SEVERE ] updating countdown to 17236
[21:06:26.527] [SEVERE ] updating countdown to 17210
[21:06:26.553] [SEVERE ] updating countdown to 17183
[21:06:26.579] [SEVERE ] updating countdown to 17157
[21:06:26.606] [SEVERE ] updating countdown to 17130
[21:06:26.632] [SEVERE ] updating countdown to 17104
[21:06:26.659] [SEVERE ] updating countdown to 17077
[21:06:26.685] [SEVERE ] updating countdown to 17051
[21:06:26.711] [SEVERE ] updating countdown to 17025
[21:06:26.738] [SEVERE ] updating countdown to 16998
[21:06:26.764] [SEVERE ] updating countdown to 16972
[21:06:26.790] [SEVERE ] updating countdown to 16946
[21:06:26.815] [SEVERE ] updating countdown to 16921
[21:06:26.841] [SEVERE ] updating countdown to 16895
[21:06:26.867] [SEVERE ] updating countdown to 16869
[21:06:26.892] [SEVERE ] updating countdown to 16844
[21:06:26.918] [SEVERE ] updating countdown to 16818
[21:06:26.944] [SEVERE ] updating countdown to 16793
[21:06:26.969] [SEVERE ] updating countdown to 16767
[21:06:26.995] [SEVERE ] updating countdown to 16741
[21:06:27.022] [SEVERE ] updating countdown to 16714
[21:06:27.048] [SEVERE ] updating countdown to 16688
[21:06:27.074] [SEVERE ] updating countdown to 16662
[21:06:27.100] [SEVERE ] updating countdown to 16637
[21:06:27.125] [SEVERE ] updating countdown to 16611
[21:06:27.151] [SEVERE ] updating countdown to 16585
[21:06:27.177] [SEVERE ] updating countdown to 16559
[21:06:27.203] [SEVERE ] updating countdown to 16533
[21:06:27.229] [SEVERE ] updating countdown to 16507
[21:06:27.255] [SEVERE ] updating countdown to 16481
[21:06:27.281] [SEVERE ] updating countdown to 16455
[21:06:27.306] [SEVERE ] updating countdown to 16430
[21:06:27.332] [SEVERE ] updating countdown to 16404
[21:06:27.358] [SEVERE ] updating countdown to 16378
[21:06:27.383] [SEVERE ] updating countdown to 16353
[21:06:27.409] [SEVERE ] updating countdown to 16327
[21:06:27.435] [SEVERE ] updating countdown to 16301
[21:06:27.461] [SEVERE ] updating countdown to 16275
[21:06:27.488] [SEVERE ] updating countdown to 16248
[21:06:27.514] [SEVERE ] updating countdown to 16223
[21:06:27.539] [SEVERE ] updating countdown to 16197
[21:06:27.565] [SEVERE ] updating countdown to 16171
[21:06:27.591] [SEVERE ] updating countdown to 16145
[21:06:27.618] [SEVERE ] updating countdown to 16118
[21:06:27.644] [SEVERE ] updating countdown to 16092
[21:06:27.670] [SEVERE ] updating countdown to 16066
[21:06:27.698] [SEVERE ] updating countdown to 16038
[21:06:27.724] [SEVERE ] updating countdown to 16012
[21:06:27.750] [SEVERE ] updating countdown to 15986
[21:06:27.777] [SEVERE ] updating countdown to 15959
[21:06:27.804] [SEVERE ] updating countdown to 15932
[21:06:27.831] [SEVERE ] updating countdown to 15905
[21:06:27.857] [SEVERE ] updating countdown to 15879
[21:06:27.884] [SEVERE ] updating countdown to 15852
[21:06:27.910] [SEVERE ] updating countdown to 15826
[21:06:27.937] [SEVERE ] updating countdown to 15799
[21:06:27.965] [SEVERE ] updating countdown to 15771
[21:06:27.992] [SEVERE ] updating countdown to 15744
[21:06:28.018] [SEVERE ] updating countdown to 15718
[21:06:28.044] [SEVERE ] updating countdown to 15692
[21:06:28.070] [SEVERE ] updating countdown to 15666
[21:06:28.096] [SEVERE ] updating countdown to 15640
[21:06:28.122] [SEVERE ] updating countdown to 15614
[21:06:28.148] [SEVERE ] updating countdown to 15588
[21:06:28.174] [SEVERE ] updating countdown to 15562
[21:06:28.200] [SEVERE ] updating countdown to 15536
[21:06:28.226] [SEVERE ] updating countdown to 15510
[21:06:28.252] [SEVERE ] updating countdown to 15484
[21:06:28.279] [SEVERE ] updating countdown to 15457
[21:06:28.305] [SEVERE ] updating countdown to 15431
[21:06:28.330] [SEVERE ] updating countdown to 15406
[21:06:28.356] [SEVERE ] updating countdown to 15380
[21:06:28.382] [SEVERE ] updating countdown to 15354
[21:06:28.408] [SEVERE ] updating countdown to 15328
[21:06:28.434] [SEVERE ] updating countdown to 15302
[21:06:28.459] [SEVERE ] updating countdown to 15277
[21:06:28.485] [SEVERE ] updating countdown to 15251
[21:06:28.511] [SEVERE ] updating countdown to 15225
[21:06:28.537] [SEVERE ] updating countdown to 15199
[21:06:28.564] [SEVERE ] updating countdown to 15173
[21:06:28.590] [SEVERE ] updating countdown to 15146
[21:06:28.616] [SEVERE ] updating countdown to 15120
[21:06:28.642] [SEVERE ] updating countdown to 15094
[21:06:28.668] [SEVERE ] updating countdown to 15068
[21:06:28.693] [SEVERE ] updating countdown to 15043
[21:06:28.720] [SEVERE ] updating countdown to 15016
[21:06:28.747] [SEVERE ] updating countdown to 14989
[21:06:28.773] [SEVERE ] updating countdown to 14963
[21:06:28.799] [SEVERE ] updating countdown to 14937
[21:06:28.826] [SEVERE ] updating countdown to 14910
[21:06:28.852] [SEVERE ] updating countdown to 14884
[21:06:28.878] [SEVERE ] updating countdown to 14858
[21:06:28.904] [SEVERE ] updating countdown to 14832
[21:06:28.930] [SEVERE ] updating countdown to 14806
[21:06:28.956] [SEVERE ] updating countdown to 14780
[21:06:28.982] [SEVERE ] updating countdown to 14754
[21:06:29.007] [SEVERE ] updating countdown to 14729
[21:06:29.033] [SEVERE ] updating countdown to 14703
[21:06:29.059] [SEVERE ] updating countdown to 14677
[21:06:29.085] [SEVERE ] updating countdown to 14651
[21:06:29.110] [SEVERE ] updating countdown to 14626
[21:06:29.136] [SEVERE ] updating countdown to 14600
[21:06:29.162] [SEVERE ] updating countdown to 14574
[21:06:29.188] [SEVERE ] updating countdown to 14548
[21:06:29.217] [SEVERE ] updating countdown to 14519
[21:06:29.243] [SEVERE ] updating countdown to 14493
[21:06:29.269] [SEVERE ] updating countdown to 14467
[21:06:29.295] [SEVERE ] updating countdown to 14441
[21:06:29.321] [SEVERE ] updating countdown to 14415
[21:06:29.348] [SEVERE ] updating countdown to 14388
[21:06:29.374] [SEVERE ] updating countdown to 14362
[21:06:29.400] [SEVERE ] updating countdown to 14336
[21:06:29.426] [SEVERE ] updating countdown to 14311
[21:06:29.452] [SEVERE ] updating countdown to 14284
[21:06:29.477] [SEVERE ] updating countdown to 14259
[21:06:29.504] [SEVERE ] updating countdown to 14232
[21:06:29.530] [SEVERE ] updating countdown to 14206
[21:06:29.556] [SEVERE ] updating countdown to 14180
[21:06:29.582] [SEVERE ] updating countdown to 14154
[21:06:29.608] [SEVERE ] updating countdown to 14128
[21:06:29.634] [SEVERE ] updating countdown to 14102
[21:06:29.661] [SEVERE ] updating countdown to 14076
[21:06:29.686] [SEVERE ] updating countdown to 14050
[21:06:29.712] [SEVERE ] updating countdown to 14024
[21:06:29.738] [SEVERE ] updating countdown to 13998
[21:06:29.764] [SEVERE ] updating countdown to 13972
[21:06:29.790] [SEVERE ] updating countdown to 13946
[21:06:29.816] [SEVERE ] updating countdown to 13920
[21:06:29.841] [SEVERE ] updating countdown to 13895
[21:06:29.867] [SEVERE ] updating countdown to 13869
[21:06:29.893] [SEVERE ] updating countdown to 13843
[21:06:29.919] [SEVERE ] updating countdown to 13817
[21:06:29.945] [SEVERE ] updating countdown to 13791
[21:06:29.972] [SEVERE ] updating countdown to 13764
[21:06:29.998] [SEVERE ] updating countdown to 13738
[21:06:30.025] [SEVERE ] updating countdown to 13711
[21:06:30.050] [SEVERE ] updating countdown to 13686
[21:06:30.076] [SEVERE ] updating countdown to 13660
[21:06:30.102] [SEVERE ] updating countdown to 13634
[21:06:30.127] [SEVERE ] updating countdown to 13609
[21:06:30.153] [SEVERE ] updating countdown to 13583
[21:06:30.179] [SEVERE ] updating countdown to 13557
[21:06:30.204] [SEVERE ] updating countdown to 13532
[21:06:30.231] [SEVERE ] updating countdown to 13505
[21:06:30.257] [SEVERE ] updating countdown to 13479
[21:06:30.282] [SEVERE ] updating countdown to 13454
[21:06:30.308] [SEVERE ] updating countdown to 13428
[21:06:30.334] [SEVERE ] updating countdown to 13402
[21:06:30.360] [SEVERE ] updating countdown to 13376
[21:06:30.385] [SEVERE ] updating countdown to 13351
[21:06:30.412] [SEVERE ] updating countdown to 13324
[21:06:30.439] [SEVERE ] updating countdown to 13297
[21:06:30.465] [SEVERE ] updating countdown to 13272
[21:06:30.491] [SEVERE ] updating countdown to 13245
[21:06:30.518] [SEVERE ] updating countdown to 13218
[21:06:30.545] [SEVERE ] updating countdown to 13191
[21:06:30.571] [SEVERE ] updating countdown to 13165
[21:06:30.597] [SEVERE ] updating countdown to 13139
[21:06:30.624] [SEVERE ] updating countdown to 13112
[21:06:30.650] [SEVERE ] updating countdown to 13086
[21:06:30.676] [SEVERE ] updating countdown to 13060
[21:06:30.702] [SEVERE ] updating countdown to 13034
[21:06:30.729] [SEVERE ] updating countdown to 13007
[21:06:30.756] [SEVERE ] updating countdown to 12980
[21:06:30.782] [SEVERE ] updating countdown to 12954
[21:06:30.808] [SEVERE ] updating countdown to 12928
[21:06:30.835] [SEVERE ] updating countdown to 12901
[21:06:30.861] [SEVERE ] updating countdown to 12875
[21:06:30.887] [SEVERE ] updating countdown to 12849
[21:06:30.913] [SEVERE ] updating countdown to 12823
[21:06:30.941] [SEVERE ] updating countdown to 12795
[21:06:30.967] [SEVERE ] updating countdown to 12769
[21:06:30.992] [SEVERE ] updating countdown to 12744
[21:06:31.018] [SEVERE ] updating countdown to 12718
[21:06:31.044] [SEVERE ] updating countdown to 12692
[21:06:31.070] [SEVERE ] updating countdown to 12666
[21:06:31.097] [SEVERE ] updating countdown to 12639
[21:06:31.122] [SEVERE ] updating countdown to 12614
[21:06:31.148] [SEVERE ] updating countdown to 12588
[21:06:31.174] [SEVERE ] updating countdown to 12562
[21:06:31.199] [SEVERE ] updating countdown to 12537
[21:06:31.225] [SEVERE ] updating countdown to 12511
[21:06:31.251] [SEVERE ] updating countdown to 12485
[21:06:31.278] [SEVERE ] updating countdown to 12458
[21:06:31.303] [SEVERE ] updating countdown to 12433
[21:06:31.329] [SEVERE ] updating countdown to 12407
[21:06:31.355] [SEVERE ] updating countdown to 12381
[21:06:31.380] [SEVERE ] updating countdown to 12356
[21:06:31.406] [SEVERE ] updating countdown to 12330
[21:06:31.431] [SEVERE ] updating countdown to 12305
[21:06:31.457] [SEVERE ] updating countdown to 12279
[21:06:31.483] [SEVERE ] updating countdown to 12253
[21:06:31.508] [SEVERE ] updating countdown to 12228
[21:06:31.534] [SEVERE ] updating countdown to 12202
[21:06:31.560] [SEVERE ] updating countdown to 12176
[21:06:31.586] [SEVERE ] updating countdown to 12150
[21:06:31.612] [SEVERE ] updating countdown to 12124
[21:06:31.637] [SEVERE ] updating countdown to 12099
[21:06:31.663] [SEVERE ] updating countdown to 12073
[21:06:31.689] [SEVERE ] updating countdown to 12047
[21:06:31.715] [SEVERE ] updating countdown to 12021
[21:06:31.740] [SEVERE ] updating countdown to 11996
[21:06:31.767] [SEVERE ] updating countdown to 11969
[21:06:31.793] [SEVERE ] updating countdown to 11943
[21:06:31.818] [SEVERE ] updating countdown to 11918
[21:06:31.845] [SEVERE ] updating countdown to 11891
[21:06:31.871] [SEVERE ] updating countdown to 11865
[21:06:31.897] [SEVERE ] updating countdown to 11839
[21:06:31.922] [SEVERE ] updating countdown to 11814
[21:06:31.948] [SEVERE ] updating countdown to 11788
[21:06:31.974] [SEVERE ] updating countdown to 11762
[21:06:32.000] [SEVERE ] updating countdown to 11736
[21:06:32.025] [SEVERE ] updating countdown to 11711
[21:06:32.051] [SEVERE ] updating countdown to 11685
[21:06:32.078] [SEVERE ] updating countdown to 11658
[21:06:32.104] [SEVERE ] updating countdown to 11632
[21:06:32.130] [SEVERE ] updating countdown to 11606
[21:06:32.156] [SEVERE ] updating countdown to 11580
[21:06:32.182] [SEVERE ] updating countdown to 11554
[21:06:32.208] [SEVERE ] updating countdown to 11528
[21:06:32.233] [SEVERE ] updating countdown to 11503
[21:06:32.259] [SEVERE ] updating countdown to 11477
[21:06:32.284] [SEVERE ] updating countdown to 11452
[21:06:32.311] [SEVERE ] updating countdown to 11425
[21:06:32.337] [SEVERE ] updating countdown to 11399
[21:06:32.364] [SEVERE ] updating countdown to 11372
[21:06:32.390] [SEVERE ] updating countdown to 11346
[21:06:32.416] [SEVERE ] updating countdown to 11320
[21:06:32.441] [SEVERE ] updating countdown to 11295
[21:06:32.467] [SEVERE ] updating countdown to 11269
[21:06:32.492] [SEVERE ] updating countdown to 11244
[21:06:32.518] [SEVERE ] updating countdown to 11218
[21:06:32.544] [SEVERE ] updating countdown to 11192
[21:06:32.570] [SEVERE ] updating countdown to 11166
[21:06:32.597] [SEVERE ] updating countdown to 11139
[21:06:32.623] [SEVERE ] updating countdown to 11113
[21:06:32.649] [SEVERE ] updating countdown to 11087
[21:06:32.676] [SEVERE ] updating countdown to 11060
[21:06:32.701] [SEVERE ] updating countdown to 11035
[21:06:32.727] [SEVERE ] updating countdown to 11009
[21:06:32.752] [SEVERE ] updating countdown to 10984
[21:06:32.779] [SEVERE ] updating countdown to 10957
[21:06:32.805] [SEVERE ] updating countdown to 10931
[21:06:32.830] [SEVERE ] updating countdown to 10906
[21:06:32.856] [SEVERE ] updating countdown to 10880
[21:06:32.882] [SEVERE ] updating countdown to 10854
[21:06:32.908] [SEVERE ] updating countdown to 10828
[21:06:32.934] [SEVERE ] updating countdown to 10802
[21:06:32.960] [SEVERE ] updating countdown to 10776
[21:06:32.986] [SEVERE ] updating countdown to 10750
[21:06:33.012] [SEVERE ] updating countdown to 10724
[21:06:33.039] [SEVERE ] updating countdown to 10697
[21:06:33.065] [SEVERE ] updating countdown to 10671
[21:06:33.091] [SEVERE ] updating countdown to 10645
[21:06:33.118] [SEVERE ] updating countdown to 10618
[21:06:33.145] [SEVERE ] updating countdown to 10591
[21:06:33.171] [SEVERE ] updating countdown to 10565
[21:06:33.198] [SEVERE ] updating countdown to 10538
[21:06:33.225] [SEVERE ] updating countdown to 10511
[21:06:33.251] [SEVERE ] updating countdown to 10485
[21:06:33.277] [SEVERE ] updating countdown to 10459
[21:06:33.303] [SEVERE ] updating countdown to 10433
[21:06:33.329] [SEVERE ] updating countdown to 10407
[21:06:33.355] [SEVERE ] updating countdown to 10381
[21:06:33.380] [SEVERE ] updating countdown to 10356
[21:06:33.406] [SEVERE ] updating countdown to 10330
[21:06:33.441] [SEVERE ] updating countdown to 10295
[21:06:33.466] [SEVERE ] updating countdown to 10270
[21:06:33.492] [SEVERE ] updating countdown to 10244
[21:06:33.518] [SEVERE ] updating countdown to 10218
[21:06:33.544] [SEVERE ] updating countdown to 10192
[21:06:33.570] [SEVERE ] updating countdown to 10166
[21:06:33.596] [SEVERE ] updating countdown to 10140
[21:06:33.622] [SEVERE ] updating countdown to 10114
[21:06:33.648] [SEVERE ] updating countdown to 10088
[21:06:33.673] [SEVERE ] updating countdown to 10063
[21:06:33.699] [SEVERE ] updating countdown to 10037
[21:06:33.725] [SEVERE ] updating countdown to 10011
[21:06:33.751] [SEVERE ] updating countdown to 9985
[21:06:33.776] [SEVERE ] updating countdown to 9960
[21:06:33.802] [SEVERE ] updating countdown to 9934
[21:06:33.827] [SEVERE ] updating countdown to 9909
[21:06:33.854] [SEVERE ] updating countdown to 9882
[21:06:33.880] [SEVERE ] updating countdown to 9856
[21:06:33.906] [SEVERE ] updating countdown to 9830
[21:06:33.932] [SEVERE ] updating countdown to 9804
[21:06:33.958] [SEVERE ] updating countdown to 9778
[21:06:33.983] [SEVERE ] updating countdown to 9753
[21:06:34.010] [SEVERE ] updating countdown to 9726
[21:06:34.036] [SEVERE ] updating countdown to 9700
[21:06:34.061] [SEVERE ] updating countdown to 9675
[21:06:34.087] [SEVERE ] updating countdown to 9649
[21:06:34.113] [SEVERE ] updating countdown to 9623
[21:06:34.139] [SEVERE ] updating countdown to 9597
[21:06:34.166] [SEVERE ] updating countdown to 9570
[21:06:34.191] [SEVERE ] updating countdown to 9545
[21:06:34.217] [SEVERE ] updating countdown to 9519
[21:06:34.243] [SEVERE ] updating countdown to 9493
[21:06:34.270] [SEVERE ] updating countdown to 9466
[21:06:34.296] [SEVERE ] updating countdown to 9440
[21:06:34.322] [SEVERE ] updating countdown to 9414
[21:06:34.347] [SEVERE ] updating countdown to 9389
[21:06:34.373] [SEVERE ] updating countdown to 9363
[21:06:34.399] [SEVERE ] updating countdown to 9337
[21:06:34.425] [SEVERE ] updating countdown to 9311
[21:06:34.450] [SEVERE ] updating countdown to 9286
[21:06:34.476] [SEVERE ] updating countdown to 9260
[21:06:34.502] [SEVERE ] updating countdown to 9234
[21:06:34.528] [SEVERE ] updating countdown to 9208
[21:06:34.554] [SEVERE ] updating countdown to 9182
[21:06:34.580] [SEVERE ] updating countdown to 9156
[21:06:34.605] [SEVERE ] updating countdown to 9131
[21:06:34.631] [SEVERE ] updating countdown to 9105
[21:06:34.656] [SEVERE ] updating countdown to 9080
[21:06:34.682] [SEVERE ] updating countdown to 9054
[21:06:34.708] [SEVERE ] updating countdown to 9028
[21:06:34.734] [SEVERE ] updating countdown to 9002
[21:06:34.759] [SEVERE ] updating countdown to 8977
[21:06:34.785] [SEVERE ] updating countdown to 8951
[21:06:34.811] [SEVERE ] updating countdown to 8925
[21:06:34.837] [SEVERE ] updating countdown to 8899
[21:06:34.862] [SEVERE ] updating countdown to 8874
[21:06:34.888] [SEVERE ] updating countdown to 8848
[21:06:34.914] [SEVERE ] updating countdown to 8822
[21:06:34.941] [SEVERE ] updating countdown to 8795
[21:06:34.967] [SEVERE ] updating countdown to 8769
[21:06:34.993] [SEVERE ] updating countdown to 8743
[21:06:35.019] [SEVERE ] updating countdown to 8717
[21:06:35.044] [SEVERE ] updating countdown to 8692
[21:06:35.070] [SEVERE ] updating countdown to 8666
[21:06:35.097] [SEVERE ] updating countdown to 8639
[21:06:35.122] [SEVERE ] updating countdown to 8614
[21:06:35.148] [SEVERE ] updating countdown to 8588
[21:06:35.175] [SEVERE ] updating countdown to 8561
[21:06:35.201] [SEVERE ] updating countdown to 8535
[21:06:35.227] [SEVERE ] updating countdown to 8509
[21:06:35.252] [SEVERE ] updating countdown to 8484
[21:06:35.278] [SEVERE ] updating countdown to 8458
[21:06:35.304] [SEVERE ] updating countdown to 8432
[21:06:35.330] [SEVERE ] updating countdown to 8406
[21:06:35.355] [SEVERE ] updating countdown to 8381
[21:06:35.381] [SEVERE ] updating countdown to 8355
[21:06:35.407] [SEVERE ] updating countdown to 8329
[21:06:35.432] [SEVERE ] updating countdown to 8304
[21:06:35.458] [SEVERE ] updating countdown to 8278
[21:06:35.484] [SEVERE ] updating countdown to 8252
[21:06:35.515] [SEVERE ] updating countdown to 8221
[21:06:35.550] [SEVERE ] updating countdown to 8186
[21:06:35.575] [SEVERE ] updating countdown to 8161
[21:06:35.601] [SEVERE ] updating countdown to 8135
[21:06:35.627] [SEVERE ] updating countdown to 8109
[21:06:35.653] [SEVERE ] updating countdown to 8083
[21:06:35.679] [SEVERE ] updating countdown to 8057
[21:06:35.705] [SEVERE ] updating countdown to 8031
[21:06:35.731] [SEVERE ] updating countdown to 8005
[21:06:35.757] [SEVERE ] updating countdown to 7979
[21:06:35.784] [SEVERE ] updating countdown to 7952
[21:06:35.810] [SEVERE ] updating countdown to 7926
[21:06:35.836] [SEVERE ] updating countdown to 7900
[21:06:35.862] [SEVERE ] updating countdown to 7874
[21:06:35.889] [SEVERE ] updating countdown to 7847
[21:06:35.916] [SEVERE ] updating countdown to 7820
[21:06:35.942] [SEVERE ] updating countdown to 7794
[21:06:35.968] [SEVERE ] updating countdown to 7768
[21:06:35.995] [SEVERE ] updating countdown to 7741
[21:06:36.021] [SEVERE ] updating countdown to 7715
[21:06:36.048] [SEVERE ] updating countdown to 7688
[21:06:36.073] [SEVERE ] updating countdown to 7663
[21:06:36.099] [SEVERE ] updating countdown to 7637
[21:06:36.125] [SEVERE ] updating countdown to 7611
[21:06:36.151] [SEVERE ] updating countdown to 7585
[21:06:36.176] [SEVERE ] updating countdown to 7560
[21:06:36.202] [SEVERE ] updating countdown to 7534
[21:06:36.228] [SEVERE ] updating countdown to 7508
[21:06:36.254] [SEVERE ] updating countdown to 7482
[21:06:36.280] [SEVERE ] updating countdown to 7456
[21:06:36.306] [SEVERE ] updating countdown to 7430
[21:06:36.333] [SEVERE ] updating countdown to 7403
[21:06:36.360] [SEVERE ] updating countdown to 7376
[21:06:36.386] [SEVERE ] updating countdown to 7350
[21:06:36.412] [SEVERE ] updating countdown to 7324
[21:06:36.439] [SEVERE ] updating countdown to 7297
[21:06:36.465] [SEVERE ] updating countdown to 7271
[21:06:36.491] [SEVERE ] updating countdown to 7245
[21:06:36.516] [SEVERE ] updating countdown to 7220
[21:06:36.544] [SEVERE ] updating countdown to 7192
[21:06:36.571] [SEVERE ] updating countdown to 7165
[21:06:36.597] [SEVERE ] updating countdown to 7139
[21:06:36.623] [SEVERE ] updating countdown to 7113
[21:06:36.649] [SEVERE ] updating countdown to 7087
[21:06:36.674] [SEVERE ] updating countdown to 7062
[21:06:36.700] [SEVERE ] updating countdown to 7036
[21:06:36.726] [SEVERE ] updating countdown to 7010
[21:06:36.753] [SEVERE ] updating countdown to 6983
[21:06:36.778] [SEVERE ] updating countdown to 6958
[21:06:36.805] [SEVERE ] updating countdown to 6931
[21:06:36.830] [SEVERE ] updating countdown to 6906
[21:06:36.856] [SEVERE ] updating countdown to 6880
[21:06:36.882] [SEVERE ] updating countdown to 6854
[21:06:36.907] [SEVERE ] updating countdown to 6829
[21:06:36.933] [SEVERE ] updating countdown to 6803
[21:06:36.961] [SEVERE ] updating countdown to 6775
[21:06:36.987] [SEVERE ] updating countdown to 6749
[21:06:37.012] [SEVERE ] updating countdown to 6724
[21:06:37.038] [SEVERE ] updating countdown to 6698
[21:06:37.064] [SEVERE ] updating countdown to 6672
[21:06:37.090] [SEVERE ] updating countdown to 6646
[21:06:37.115] [SEVERE ] updating countdown to 6621
[21:06:37.142] [SEVERE ] updating countdown to 6594
[21:06:37.167] [SEVERE ] updating countdown to 6569
[21:06:37.193] [SEVERE ] updating countdown to 6543
[21:06:37.219] [SEVERE ] updating countdown to 6517
[21:06:37.246] [SEVERE ] updating countdown to 6490
[21:06:37.271] [SEVERE ] updating countdown to 6465
[21:06:37.297] [SEVERE ] updating countdown to 6439
[21:06:37.323] [SEVERE ] updating countdown to 6413
[21:06:37.349] [SEVERE ] updating countdown to 6387
[21:06:37.374] [SEVERE ] updating countdown to 6362
[21:06:37.400] [SEVERE ] updating countdown to 6336
[21:06:37.425] [SEVERE ] updating countdown to 6311
[21:06:37.451] [SEVERE ] updating countdown to 6285
[21:06:37.476] [SEVERE ] updating countdown to 6260
[21:06:37.502] [SEVERE ] updating countdown to 6234
[21:06:37.528] [SEVERE ] updating countdown to 6208
[21:06:37.554] [SEVERE ] updating countdown to 6182
[21:06:37.580] [SEVERE ] updating countdown to 6156
[21:06:37.606] [SEVERE ] updating countdown to 6130
[21:06:37.631] [SEVERE ] updating countdown to 6105
[21:06:37.661] [SEVERE ] updating countdown to 6075
[21:06:37.686] [SEVERE ] updating countdown to 6050
[21:06:37.712] [SEVERE ] updating countdown to 6024
[21:06:37.738] [SEVERE ] updating countdown to 5998
[21:06:37.765] [SEVERE ] updating countdown to 5971
[21:06:37.791] [SEVERE ] updating countdown to 5945
[21:06:37.817] [SEVERE ] updating countdown to 5919
[21:06:37.842] [SEVERE ] updating countdown to 5894
[21:06:37.868] [SEVERE ] updating countdown to 5868
[21:06:37.894] [SEVERE ] updating countdown to 5842
[21:06:37.920] [SEVERE ] updating countdown to 5816
[21:06:37.946] [SEVERE ] updating countdown to 5790
[21:06:37.972] [SEVERE ] updating countdown to 5764
[21:06:37.997] [SEVERE ] updating countdown to 5739
[21:06:38.023] [SEVERE ] updating countdown to 5713
[21:06:38.049] [SEVERE ] updating countdown to 5687
[21:06:38.075] [SEVERE ] updating countdown to 5661
[21:06:38.101] [SEVERE ] updating countdown to 5635
[21:06:38.127] [SEVERE ] updating countdown to 5609
[21:06:38.152] [SEVERE ] updating countdown to 5584
[21:06:38.178] [SEVERE ] updating countdown to 5558
[21:06:38.203] [SEVERE ] updating countdown to 5533
[21:06:38.229] [SEVERE ] updating countdown to 5507
[21:06:38.255] [SEVERE ] updating countdown to 5481
[21:06:38.281] [SEVERE ] updating countdown to 5455
[21:06:38.306] [SEVERE ] updating countdown to 5430
[21:06:38.332] [SEVERE ] updating countdown to 5404
[21:06:38.358] [SEVERE ] updating countdown to 5378
[21:06:38.383] [SEVERE ] updating countdown to 5353
[21:06:38.409] [SEVERE ] updating countdown to 5327
[21:06:38.436] [SEVERE ] updating countdown to 5300
[21:06:38.462] [SEVERE ] updating countdown to 5274
[21:06:38.489] [SEVERE ] updating countdown to 5247
[21:06:38.516] [SEVERE ] updating countdown to 5220
[21:06:38.542] [SEVERE ] updating countdown to 5194
[21:06:38.568] [SEVERE ] updating countdown to 5168
[21:06:38.594] [SEVERE ] updating countdown to 5142
[21:06:38.620] [SEVERE ] updating countdown to 5116
[21:06:38.646] [SEVERE ] updating countdown to 5090
[21:06:38.672] [SEVERE ] updating countdown to 5064
[21:06:38.698] [SEVERE ] updating countdown to 5038
[21:06:38.724] [SEVERE ] updating countdown to 5012
[21:06:42.736] [SEVERE ] updating countdown to 1000
