[20:49:39.008] [INFO   ] thread bguspl.set.Main.main() starting.
[20:49:39.023] [SEVERE ] cannot read configuration file config.properties trying from resources.
[20:49:39.033] [SEVERE ] configuration file was loaded from resources directory.
[20:49:40.180] [INFO   ] thread dealer starting.
[20:49:40.181] [INFO   ] thread dealer starting.
[20:49:40.293] [SEVERE ] placing card 56 in slot 0
[20:49:40.394] [SEVERE ] placing card 9 in slot 1
[20:49:40.496] [SEVERE ] placing card 63 in slot 2
[20:49:40.597] [SEVERE ] placing card 33 in slot 3
[20:49:40.698] [SEVERE ] placing card 1 in slot 4
[20:49:40.800] [SEVERE ] placing card 52 in slot 5
[20:49:40.900] [SEVERE ] placing card 18 in slot 6
[20:49:41.003] [SEVERE ] placing card 40 in slot 7
[20:49:41.104] [SEVERE ] placing card 13 in slot 8
[20:49:41.206] [SEVERE ] placing card 43 in slot 9
[20:49:41.307] [SEVERE ] placing card 11 in slot 10
[20:49:41.408] [SEVERE ] placing card 31 in slot 11
[20:49:41.435] [SEVERE ] updating countdown to 19975
[20:49:41.462] [SEVERE ] updating countdown to 19948
[20:49:41.488] [SEVERE ] updating countdown to 19922
[20:49:41.514] [SEVERE ] updating countdown to 19896
[20:49:41.541] [SEVERE ] updating countdown to 19869
[20:49:41.567] [SEVERE ] updating countdown to 19843
[20:49:41.594] [SEVERE ] updating countdown to 19816
[20:49:41.620] [SEVERE ] updating countdown to 19790
[20:49:41.646] [SEVERE ] updating countdown to 19764
[20:49:41.672] [SEVERE ] updating countdown to 19738
[20:49:41.698] [SEVERE ] updating countdown to 19712
[20:49:41.725] [SEVERE ] updating countdown to 19685
[20:49:41.752] [SEVERE ] updating countdown to 19658
[20:49:41.778] [SEVERE ] updating countdown to 19632
[20:49:41.804] [SEVERE ] updating countdown to 19606
[20:49:41.830] [SEVERE ] updating countdown to 19580
[20:49:41.856] [SEVERE ] updating countdown to 19554
[20:49:41.882] [SEVERE ] updating countdown to 19528
[20:49:41.909] [SEVERE ] updating countdown to 19501
[20:49:41.935] [SEVERE ] updating countdown to 19475
[20:49:41.961] [SEVERE ] updating countdown to 19449
[20:49:41.987] [SEVERE ] updating countdown to 19423
[20:49:42.015] [SEVERE ] updating countdown to 19395
[20:49:42.041] [SEVERE ] updating countdown to 19369
[20:49:42.067] [SEVERE ] updating countdown to 19343
[20:49:42.093] [SEVERE ] updating countdown to 19317
[20:49:42.119] [SEVERE ] updating countdown to 19291
[20:49:42.145] [SEVERE ] updating countdown to 19265
[20:49:42.172] [SEVERE ] updating countdown to 19238
[20:49:42.198] [SEVERE ] updating countdown to 19212
[20:49:42.225] [SEVERE ] updating countdown to 19185
[20:49:42.251] [SEVERE ] updating countdown to 19159
[20:49:42.277] [SEVERE ] updating countdown to 19133
[20:49:42.303] [SEVERE ] updating countdown to 19107
[20:49:42.328] [SEVERE ] updating countdown to 19082
[20:49:42.355] [SEVERE ] updating countdown to 19055
[20:49:42.381] [SEVERE ] updating countdown to 19029
[20:49:42.407] [SEVERE ] updating countdown to 19003
[20:49:42.434] [SEVERE ] updating countdown to 18976
[20:49:42.462] [SEVERE ] updating countdown to 18948
[20:49:42.487] [SEVERE ] updating countdown to 18923
[20:49:42.513] [SEVERE ] updating countdown to 18897
[20:49:42.541] [SEVERE ] updating countdown to 18869
[20:49:42.568] [SEVERE ] updating countdown to 18842
[20:49:42.594] [SEVERE ] updating countdown to 18816
[20:49:42.620] [SEVERE ] updating countdown to 18790
[20:49:42.646] [SEVERE ] updating countdown to 18764
[20:49:42.672] [SEVERE ] updating countdown to 18738
[20:49:42.698] [SEVERE ] updating countdown to 18712
[20:49:42.724] [SEVERE ] updating countdown to 18687
[20:49:42.750] [SEVERE ] updating countdown to 18660
[20:49:42.776] [SEVERE ] updating countdown to 18634
[20:49:42.802] [SEVERE ] updating countdown to 18608
[20:49:42.828] [SEVERE ] updating countdown to 18582
[20:49:42.854] [SEVERE ] updating countdown to 18556
[20:49:42.893] [SEVERE ] updating countdown to 18517
[20:49:42.921] [SEVERE ] updating countdown to 18489
[20:49:42.948] [SEVERE ] updating countdown to 18462
[20:49:42.974] [SEVERE ] updating countdown to 18436
[20:49:43.001] [SEVERE ] updating countdown to 18409
[20:49:43.027] [SEVERE ] updating countdown to 18383
[20:49:43.053] [SEVERE ] updating countdown to 18357
[20:49:43.079] [SEVERE ] updating countdown to 18331
[20:49:43.105] [SEVERE ] updating countdown to 18305
[20:49:43.133] [SEVERE ] updating countdown to 18277
[20:49:43.159] [SEVERE ] updating countdown to 18251
[20:49:43.186] [SEVERE ] updating countdown to 18224
[20:49:43.212] [SEVERE ] updating countdown to 18198
[20:49:43.239] [SEVERE ] updating countdown to 18171
[20:49:43.265] [SEVERE ] updating countdown to 18145
[20:49:43.291] [SEVERE ] updating countdown to 18119
[20:49:43.316] [SEVERE ] updating countdown to 18094
[20:49:43.342] [SEVERE ] updating countdown to 18068
[20:49:43.368] [SEVERE ] updating countdown to 18042
[20:49:43.394] [SEVERE ] updating countdown to 18016
[20:49:43.421] [SEVERE ] updating countdown to 17990
[20:49:43.447] [SEVERE ] updating countdown to 17963
[20:49:43.474] [SEVERE ] updating countdown to 17936
[20:49:43.500] [SEVERE ] updating countdown to 17910
[20:49:43.525] [SEVERE ] updating countdown to 17885
[20:49:43.551] [SEVERE ] updating countdown to 17859
[20:49:43.577] [SEVERE ] updating countdown to 17833
[20:49:43.603] [SEVERE ] updating countdown to 17807
[20:49:43.629] [SEVERE ] updating countdown to 17781
[20:49:43.655] [SEVERE ] updating countdown to 17755
[20:49:43.681] [SEVERE ] updating countdown to 17729
[20:49:43.707] [SEVERE ] updating countdown to 17703
[20:49:43.733] [SEVERE ] updating countdown to 17677
[20:49:43.758] [SEVERE ] updating countdown to 17652
[20:49:43.784] [SEVERE ] updating countdown to 17626
[20:49:43.810] [SEVERE ] updating countdown to 17600
[20:49:43.835] [SEVERE ] updating countdown to 17575
[20:49:43.861] [SEVERE ] updating countdown to 17549
[20:49:43.887] [SEVERE ] updating countdown to 17523
[20:49:43.914] [SEVERE ] updating countdown to 17496
[20:49:43.940] [SEVERE ] updating countdown to 17470
[20:49:43.965] [SEVERE ] updating countdown to 17445
[20:49:43.991] [SEVERE ] updating countdown to 17419
[20:49:44.017] [SEVERE ] updating countdown to 17393
[20:49:44.042] [SEVERE ] updating countdown to 17368
[20:49:44.068] [SEVERE ] updating countdown to 17342
[20:49:44.094] [SEVERE ] updating countdown to 17316
[20:49:44.120] [SEVERE ] updating countdown to 17290
[20:49:44.145] [SEVERE ] updating countdown to 17265
[20:49:44.171] [SEVERE ] updating countdown to 17239
[20:49:44.196] [SEVERE ] updating countdown to 17214
[20:49:44.222] [SEVERE ] updating countdown to 17188
[20:49:44.247] [SEVERE ] updating countdown to 17163
[20:49:44.273] [SEVERE ] updating countdown to 17137
[20:49:44.299] [SEVERE ] updating countdown to 17111
[20:49:44.325] [SEVERE ] updating countdown to 17085
[20:49:44.350] [SEVERE ] updating countdown to 17060
[20:49:44.376] [SEVERE ] updating countdown to 17034
[20:49:44.401] [SEVERE ] updating countdown to 17009
[20:49:44.427] [SEVERE ] updating countdown to 16983
[20:49:44.453] [SEVERE ] updating countdown to 16957
[20:49:44.479] [SEVERE ] updating countdown to 16931
[20:49:44.504] [SEVERE ] updating countdown to 16906
[20:49:44.530] [SEVERE ] updating countdown to 16880
[20:49:44.555] [SEVERE ] updating countdown to 16855
[20:49:44.581] [SEVERE ] updating countdown to 16829
[20:49:44.607] [SEVERE ] updating countdown to 16803
[20:49:44.633] [SEVERE ] updating countdown to 16777
[20:49:44.658] [SEVERE ] updating countdown to 16752
[20:49:44.684] [SEVERE ] updating countdown to 16726
[20:49:44.710] [SEVERE ] updating countdown to 16700
[20:49:44.736] [SEVERE ] updating countdown to 16674
[20:49:44.761] [SEVERE ] updating countdown to 16649
[20:49:44.787] [SEVERE ] updating countdown to 16623
[20:49:44.813] [SEVERE ] updating countdown to 16597
[20:49:44.839] [SEVERE ] updating countdown to 16571
[20:49:44.865] [SEVERE ] updating countdown to 16545
[20:49:44.891] [SEVERE ] updating countdown to 16519
[20:49:44.917] [SEVERE ] updating countdown to 16493
[20:49:44.943] [SEVERE ] updating countdown to 16467
[20:49:44.968] [SEVERE ] updating countdown to 16442
[20:49:44.994] [SEVERE ] updating countdown to 16416
[20:49:45.020] [SEVERE ] updating countdown to 16390
[20:49:45.046] [SEVERE ] updating countdown to 16364
[20:49:45.072] [SEVERE ] updating countdown to 16338
[20:49:45.098] [SEVERE ] updating countdown to 16312
[20:49:45.124] [SEVERE ] updating countdown to 16286
[20:49:45.150] [SEVERE ] updating countdown to 16260
[20:49:45.176] [SEVERE ] updating countdown to 16234
[20:49:45.202] [SEVERE ] updating countdown to 16208
[20:49:45.229] [SEVERE ] updating countdown to 16181
[20:49:45.255] [SEVERE ] updating countdown to 16155
[20:49:45.282] [SEVERE ] updating countdown to 16128
[20:49:45.308] [SEVERE ] updating countdown to 16102
[20:49:45.335] [SEVERE ] updating countdown to 16075
[20:49:45.361] [SEVERE ] updating countdown to 16049
[20:49:45.386] [SEVERE ] updating countdown to 16024
[20:49:45.412] [SEVERE ] updating countdown to 15998
[20:49:45.437] [SEVERE ] updating countdown to 15973
[20:49:45.463] [SEVERE ] updating countdown to 15947
[20:49:45.489] [SEVERE ] updating countdown to 15921
[20:49:45.514] [SEVERE ] updating countdown to 15896
[20:49:45.540] [SEVERE ] updating countdown to 15870
[20:49:45.566] [SEVERE ] updating countdown to 15844
[20:49:45.592] [SEVERE ] updating countdown to 15818
[20:49:45.617] [SEVERE ] updating countdown to 15793
[20:49:45.643] [SEVERE ] updating countdown to 15767
[20:49:45.670] [SEVERE ] updating countdown to 15740
[20:49:45.695] [SEVERE ] updating countdown to 15715
[20:49:45.722] [SEVERE ] updating countdown to 15688
[20:49:45.747] [SEVERE ] updating countdown to 15663
[20:49:45.773] [SEVERE ] updating countdown to 15637
[20:49:45.799] [SEVERE ] updating countdown to 15611
[20:49:45.825] [SEVERE ] updating countdown to 15585
[20:49:45.851] [SEVERE ] updating countdown to 15559
[20:49:45.878] [SEVERE ] updating countdown to 15532
[20:49:45.905] [SEVERE ] updating countdown to 15505
[20:49:45.931] [SEVERE ] updating countdown to 15479
[20:49:45.958] [SEVERE ] updating countdown to 15452
[20:49:45.984] [SEVERE ] updating countdown to 15426
[20:49:46.011] [SEVERE ] updating countdown to 15399
[20:49:46.037] [SEVERE ] updating countdown to 15373
[20:49:46.063] [SEVERE ] updating countdown to 15347
[20:49:46.089] [SEVERE ] updating countdown to 15321
[20:49:46.115] [SEVERE ] updating countdown to 15295
[20:49:46.141] [SEVERE ] updating countdown to 15269
[20:49:46.167] [SEVERE ] updating countdown to 15243
[20:49:46.192] [SEVERE ] updating countdown to 15218
[20:49:46.218] [SEVERE ] updating countdown to 15192
[20:49:46.244] [SEVERE ] updating countdown to 15166
[20:49:46.270] [SEVERE ] updating countdown to 15140
[20:49:46.296] [SEVERE ] updating countdown to 15114
[20:49:46.322] [SEVERE ] updating countdown to 15088
[20:49:46.348] [SEVERE ] updating countdown to 15062
[20:49:46.373] [SEVERE ] updating countdown to 15037
[20:49:46.399] [SEVERE ] updating countdown to 15011
[20:49:46.426] [SEVERE ] updating countdown to 14985
[20:49:46.452] [SEVERE ] updating countdown to 14958
[20:49:46.478] [SEVERE ] updating countdown to 14932
[20:49:46.504] [SEVERE ] updating countdown to 14906
[20:49:46.531] [SEVERE ] updating countdown to 14879
[20:49:46.558] [SEVERE ] updating countdown to 14852
[20:49:46.585] [SEVERE ] updating countdown to 14825
[20:49:46.613] [SEVERE ] updating countdown to 14797
[20:49:46.639] [SEVERE ] updating countdown to 14771
[20:49:46.664] [SEVERE ] updating countdown to 14746
[20:49:46.690] [SEVERE ] updating countdown to 14720
[20:49:46.716] [SEVERE ] updating countdown to 14694
[20:49:46.741] [SEVERE ] updating countdown to 14669
[20:49:46.766] [SEVERE ] updating countdown to 14644
[20:49:46.792] [SEVERE ] updating countdown to 14618
[20:49:46.817] [SEVERE ] updating countdown to 14593
[20:49:46.843] [SEVERE ] updating countdown to 14567
[20:49:46.869] [SEVERE ] updating countdown to 14541
[20:49:46.895] [SEVERE ] updating countdown to 14516
[20:49:46.920] [SEVERE ] updating countdown to 14490
[20:49:46.947] [SEVERE ] updating countdown to 14464
[20:49:46.973] [SEVERE ] updating countdown to 14437
[20:49:46.999] [SEVERE ] updating countdown to 14411
[20:49:47.025] [SEVERE ] updating countdown to 14385
[20:49:47.051] [SEVERE ] updating countdown to 14359
[20:49:47.076] [SEVERE ] updating countdown to 14334
[20:49:47.102] [SEVERE ] updating countdown to 14308
[20:49:47.128] [SEVERE ] updating countdown to 14282
[20:49:47.154] [SEVERE ] updating countdown to 14256
[20:49:47.180] [SEVERE ] updating countdown to 14230
[20:49:47.206] [SEVERE ] updating countdown to 14204
[20:49:47.232] [SEVERE ] updating countdown to 14178
[20:49:47.258] [SEVERE ] updating countdown to 14152
[20:49:47.283] [SEVERE ] updating countdown to 14127
[20:49:47.309] [SEVERE ] updating countdown to 14101
[20:49:47.334] [SEVERE ] updating countdown to 14076
[20:49:47.360] [SEVERE ] updating countdown to 14050
[20:49:47.386] [SEVERE ] updating countdown to 14024
[20:49:47.411] [SEVERE ] updating countdown to 13999
[20:49:47.437] [SEVERE ] updating countdown to 13973
[20:49:47.462] [SEVERE ] updating countdown to 13948
[20:49:47.489] [SEVERE ] updating countdown to 13921
[20:49:47.516] [SEVERE ] updating countdown to 13895
[20:49:47.542] [SEVERE ] updating countdown to 13868
[20:49:47.568] [SEVERE ] updating countdown to 13842
[20:49:47.593] [SEVERE ] updating countdown to 13817
[20:49:47.620] [SEVERE ] updating countdown to 13790
[20:49:47.646] [SEVERE ] updating countdown to 13764
[20:49:47.673] [SEVERE ] updating countdown to 13737
[20:49:47.699] [SEVERE ] updating countdown to 13711
[20:49:47.725] [SEVERE ] updating countdown to 13685
[20:49:47.751] [SEVERE ] updating countdown to 13659
[20:49:47.777] [SEVERE ] updating countdown to 13633
[20:49:47.804] [SEVERE ] updating countdown to 13606
[20:49:47.829] [SEVERE ] updating countdown to 13581
[20:49:47.855] [SEVERE ] updating countdown to 13555
[20:49:47.881] [SEVERE ] updating countdown to 13529
[20:49:47.907] [SEVERE ] updating countdown to 13503
[20:49:47.932] [SEVERE ] updating countdown to 13478
[20:49:47.958] [SEVERE ] updating countdown to 13452
[20:49:47.984] [SEVERE ] updating countdown to 13426
[20:49:48.009] [SEVERE ] updating countdown to 13401
[20:49:48.035] [SEVERE ] updating countdown to 13375
[20:49:48.061] [SEVERE ] updating countdown to 13349
[20:49:48.086] [SEVERE ] updating countdown to 13324
[20:49:48.112] [SEVERE ] updating countdown to 13298
[20:49:48.138] [SEVERE ] updating countdown to 13272
[20:49:48.165] [SEVERE ] updating countdown to 13245
[20:49:48.191] [SEVERE ] updating countdown to 13219
[20:49:48.217] [SEVERE ] updating countdown to 13193
[20:49:48.242] [SEVERE ] updating countdown to 13168
[20:49:48.268] [SEVERE ] updating countdown to 13142
[20:49:48.294] [SEVERE ] updating countdown to 13116
[20:49:48.319] [SEVERE ] updating countdown to 13091
[20:49:48.345] [SEVERE ] updating countdown to 13065
[20:49:48.371] [SEVERE ] updating countdown to 13039
[20:49:48.396] [SEVERE ] updating countdown to 13014
[20:49:48.423] [SEVERE ] updating countdown to 12987
[20:49:48.450] [SEVERE ] updating countdown to 12960
[20:49:48.475] [SEVERE ] updating countdown to 12935
[20:49:48.501] [SEVERE ] updating countdown to 12909
[20:49:48.526] [SEVERE ] updating countdown to 12884
[20:49:48.552] [SEVERE ] updating countdown to 12858
[20:49:48.577] [SEVERE ] updating countdown to 12833
[20:49:48.603] [SEVERE ] updating countdown to 12807
[20:49:48.628] [SEVERE ] updating countdown to 12782
[20:49:48.654] [SEVERE ] updating countdown to 12756
[20:49:48.679] [SEVERE ] updating countdown to 12731
[20:49:48.705] [SEVERE ] updating countdown to 12705
[20:49:48.731] [SEVERE ] updating countdown to 12679
[20:49:48.757] [SEVERE ] updating countdown to 12653
[20:49:48.782] [SEVERE ] updating countdown to 12628
[20:49:48.808] [SEVERE ] updating countdown to 12602
[20:49:48.833] [SEVERE ] updating countdown to 12577
[20:49:48.859] [SEVERE ] updating countdown to 12551
[20:49:48.885] [SEVERE ] updating countdown to 12525
[20:49:48.910] [SEVERE ] updating countdown to 12500
[20:49:48.936] [SEVERE ] updating countdown to 12474
[20:49:48.962] [SEVERE ] updating countdown to 12448
[20:49:48.987] [SEVERE ] updating countdown to 12423
[20:49:49.013] [SEVERE ] updating countdown to 12397
[20:49:49.038] [SEVERE ] updating countdown to 12372
[20:49:49.064] [SEVERE ] updating countdown to 12346
[20:49:49.089] [SEVERE ] updating countdown to 12321
[20:49:49.115] [SEVERE ] updating countdown to 12295
[20:49:49.140] [SEVERE ] updating countdown to 12270
[20:49:49.166] [SEVERE ] updating countdown to 12244
[20:49:49.191] [SEVERE ] updating countdown to 12219
[20:49:49.218] [SEVERE ] updating countdown to 12192
[20:49:49.243] [SEVERE ] updating countdown to 12167
[20:49:49.269] [SEVERE ] updating countdown to 12141
[20:49:49.295] [SEVERE ] updating countdown to 12115
[20:49:49.321] [SEVERE ] updating countdown to 12090
[20:49:49.346] [SEVERE ] updating countdown to 12064
[20:49:49.371] [SEVERE ] updating countdown to 12039
[20:49:49.397] [SEVERE ] updating countdown to 12013
[20:49:49.422] [SEVERE ] updating countdown to 11988
[20:49:49.448] [SEVERE ] updating countdown to 11962
[20:49:49.474] [SEVERE ] updating countdown to 11936
[20:49:49.500] [SEVERE ] updating countdown to 11910
[20:49:49.525] [SEVERE ] updating countdown to 11885
[20:49:49.551] [SEVERE ] updating countdown to 11859
[20:49:49.576] [SEVERE ] updating countdown to 11834
[20:49:49.602] [SEVERE ] updating countdown to 11808
[20:49:49.629] [SEVERE ] updating countdown to 11781
[20:49:49.655] [SEVERE ] updating countdown to 11755
[20:49:49.681] [SEVERE ] updating countdown to 11729
[20:49:49.707] [SEVERE ] updating countdown to 11703
[20:49:49.733] [SEVERE ] updating countdown to 11677
[20:49:49.759] [SEVERE ] updating countdown to 11651
[20:49:49.784] [SEVERE ] updating countdown to 11626
[20:49:49.810] [SEVERE ] updating countdown to 11600
[20:49:49.836] [SEVERE ] updating countdown to 11574
[20:49:49.863] [SEVERE ] updating countdown to 11547
[20:49:49.889] [SEVERE ] updating countdown to 11521
[20:49:49.914] [SEVERE ] updating countdown to 11496
[20:49:49.940] [SEVERE ] updating countdown to 11470
[20:49:49.966] [SEVERE ] updating countdown to 11444
[20:49:49.991] [SEVERE ] updating countdown to 11419
[20:49:50.017] [SEVERE ] updating countdown to 11393
[20:49:50.042] [SEVERE ] updating countdown to 11368
[20:49:50.068] [SEVERE ] updating countdown to 11342
[20:49:50.094] [SEVERE ] updating countdown to 11316
[20:49:50.119] [SEVERE ] updating countdown to 11291
[20:49:50.146] [SEVERE ] updating countdown to 11264
[20:49:50.172] [SEVERE ] updating countdown to 11238
[20:49:50.197] [SEVERE ] updating countdown to 11213
[20:49:50.223] [SEVERE ] updating countdown to 11187
[20:49:50.248] [SEVERE ] updating countdown to 11162
[20:49:50.274] [SEVERE ] updating countdown to 11136
[20:49:50.299] [SEVERE ] updating countdown to 11111
[20:49:50.325] [SEVERE ] updating countdown to 11085
[20:49:50.350] [SEVERE ] updating countdown to 11060
[20:49:50.376] [SEVERE ] updating countdown to 11034
[20:49:50.401] [SEVERE ] updating countdown to 11009
[20:49:50.427] [SEVERE ] updating countdown to 10983
[20:49:50.453] [SEVERE ] updating countdown to 10957
[20:49:50.478] [SEVERE ] updating countdown to 10932
[20:49:50.504] [SEVERE ] updating countdown to 10906
[20:49:50.530] [SEVERE ] updating countdown to 10880
[20:49:50.556] [SEVERE ] updating countdown to 10854
[20:49:50.581] [SEVERE ] updating countdown to 10829
[20:49:50.607] [SEVERE ] updating countdown to 10803
[20:49:50.633] [SEVERE ] updating countdown to 10778
[20:49:50.658] [SEVERE ] updating countdown to 10752
[20:49:50.684] [SEVERE ] updating countdown to 10726
[20:49:50.709] [SEVERE ] updating countdown to 10701
[20:49:50.735] [SEVERE ] updating countdown to 10675
[20:49:50.761] [SEVERE ] updating countdown to 10649
[20:49:50.786] [SEVERE ] updating countdown to 10624
[20:49:50.812] [SEVERE ] updating countdown to 10598
[20:49:50.837] [SEVERE ] updating countdown to 10573
[20:49:50.863] [SEVERE ] updating countdown to 10547
[20:49:50.889] [SEVERE ] updating countdown to 10521
[20:49:50.914] [SEVERE ] updating countdown to 10496
[20:49:50.940] [SEVERE ] updating countdown to 10470
[20:49:50.966] [SEVERE ] updating countdown to 10444
[20:49:50.991] [SEVERE ] updating countdown to 10419
[20:49:51.017] [SEVERE ] updating countdown to 10393
[20:49:51.043] [SEVERE ] updating countdown to 10367
[20:49:51.068] [SEVERE ] updating countdown to 10342
[20:49:51.094] [SEVERE ] updating countdown to 10316
[20:49:51.119] [SEVERE ] updating countdown to 10291
[20:49:51.145] [SEVERE ] updating countdown to 10265
[20:49:51.170] [SEVERE ] updating countdown to 10240
[20:49:51.195] [SEVERE ] updating countdown to 10215
[20:49:51.221] [SEVERE ] updating countdown to 10189
[20:49:51.247] [SEVERE ] updating countdown to 10163
[20:49:51.273] [SEVERE ] updating countdown to 10137
[20:49:51.299] [SEVERE ] updating countdown to 10111
[20:49:51.325] [SEVERE ] updating countdown to 10085
[20:49:51.350] [SEVERE ] updating countdown to 10060
[20:49:51.376] [SEVERE ] updating countdown to 10034
[20:49:51.402] [SEVERE ] updating countdown to 10008
[20:49:51.428] [SEVERE ] updating countdown to 9982
[20:49:51.453] [SEVERE ] updating countdown to 9957
[20:49:51.479] [SEVERE ] updating countdown to 9931
[20:49:51.504] [SEVERE ] updating countdown to 9906
[20:49:51.530] [SEVERE ] updating countdown to 9880
[20:49:51.555] [SEVERE ] updating countdown to 9855
[20:49:51.581] [SEVERE ] updating countdown to 9829
[20:49:51.607] [SEVERE ] updating countdown to 9803
[20:49:51.633] [SEVERE ] updating countdown to 9777
[20:49:51.658] [SEVERE ] updating countdown to 9752
[20:49:51.684] [SEVERE ] updating countdown to 9726
[20:49:51.709] [SEVERE ] updating countdown to 9701
[20:49:51.735] [SEVERE ] updating countdown to 9675
[20:49:51.761] [SEVERE ] updating countdown to 9649
[20:49:51.786] [SEVERE ] updating countdown to 9624
[20:49:51.812] [SEVERE ] updating countdown to 9598
[20:49:51.838] [SEVERE ] updating countdown to 9572
[20:49:51.863] [SEVERE ] updating countdown to 9547
[20:49:51.889] [SEVERE ] updating countdown to 9521
[20:49:51.914] [SEVERE ] updating countdown to 9496
[20:49:51.940] [SEVERE ] updating countdown to 9470
[20:49:51.966] [SEVERE ] updating countdown to 9444
[20:49:51.991] [SEVERE ] updating countdown to 9419
[20:49:52.017] [SEVERE ] updating countdown to 9393
[20:49:52.042] [SEVERE ] updating countdown to 9368
[20:49:52.068] [SEVERE ] updating countdown to 9342
[20:49:52.093] [SEVERE ] updating countdown to 9317
[20:49:52.119] [SEVERE ] updating countdown to 9291
[20:49:52.145] [SEVERE ] updating countdown to 9265
[20:49:52.172] [SEVERE ] updating countdown to 9238
[20:49:52.198] [SEVERE ] updating countdown to 9212
[20:49:52.223] [SEVERE ] updating countdown to 9187
[20:49:52.249] [SEVERE ] updating countdown to 9161
[20:49:52.275] [SEVERE ] updating countdown to 9135
[20:49:52.300] [SEVERE ] updating countdown to 9110
[20:49:52.326] [SEVERE ] updating countdown to 9084
[20:49:52.351] [SEVERE ] updating countdown to 9059
[20:49:52.377] [SEVERE ] updating countdown to 9033
[20:49:52.402] [SEVERE ] updating countdown to 9008
[20:49:52.428] [SEVERE ] updating countdown to 8982
[20:49:52.454] [SEVERE ] updating countdown to 8956
[20:49:52.479] [SEVERE ] updating countdown to 8931
[20:49:52.505] [SEVERE ] updating countdown to 8905
[20:49:52.530] [SEVERE ] updating countdown to 8880
[20:49:52.556] [SEVERE ] updating countdown to 8854
[20:49:52.581] [SEVERE ] updating countdown to 8829
[20:49:52.607] [SEVERE ] updating countdown to 8803
[20:49:52.633] [SEVERE ] updating countdown to 8777
[20:49:52.659] [SEVERE ] updating countdown to 8751
[20:49:52.686] [SEVERE ] updating countdown to 8724
[20:49:52.712] [SEVERE ] updating countdown to 8698
[20:49:52.737] [SEVERE ] updating countdown to 8673
[20:49:52.763] [SEVERE ] updating countdown to 8647
[20:49:52.789] [SEVERE ] updating countdown to 8621
[20:49:52.815] [SEVERE ] updating countdown to 8595
[20:49:52.841] [SEVERE ] updating countdown to 8569
[20:49:52.866] [SEVERE ] updating countdown to 8544
[20:49:52.892] [SEVERE ] updating countdown to 8518
[20:49:52.917] [SEVERE ] updating countdown to 8493
[20:49:52.943] [SEVERE ] updating countdown to 8467
[20:49:52.968] [SEVERE ] updating countdown to 8442
[20:49:52.994] [SEVERE ] updating countdown to 8416
[20:49:53.019] [SEVERE ] updating countdown to 8391
[20:49:53.045] [SEVERE ] updating countdown to 8365
[20:49:53.070] [SEVERE ] updating countdown to 8340
[20:49:53.096] [SEVERE ] updating countdown to 8314
[20:49:53.122] [SEVERE ] updating countdown to 8288
[20:49:53.147] [SEVERE ] updating countdown to 8263
[20:49:53.173] [SEVERE ] updating countdown to 8237
[20:49:53.199] [SEVERE ] updating countdown to 8211
[20:49:53.224] [SEVERE ] updating countdown to 8186
[20:49:53.250] [SEVERE ] updating countdown to 8160
[20:49:53.276] [SEVERE ] updating countdown to 8134
[20:49:53.301] [SEVERE ] updating countdown to 8109
[20:49:53.327] [SEVERE ] updating countdown to 8083
[20:49:53.352] [SEVERE ] updating countdown to 8058
[20:49:53.378] [SEVERE ] updating countdown to 8032
[20:49:53.403] [SEVERE ] updating countdown to 8007
[20:49:53.429] [SEVERE ] updating countdown to 7981
[20:49:53.462] [SEVERE ] updating countdown to 7948
[20:49:53.487] [SEVERE ] updating countdown to 7923
[20:49:53.513] [SEVERE ] updating countdown to 7897
[20:49:53.538] [SEVERE ] updating countdown to 7872
[20:49:53.564] [SEVERE ] updating countdown to 7846
[20:49:53.590] [SEVERE ] updating countdown to 7820
[20:49:53.615] [SEVERE ] updating countdown to 7795
[20:49:53.641] [SEVERE ] updating countdown to 7769
[20:49:53.666] [SEVERE ] updating countdown to 7744
[20:49:53.692] [SEVERE ] updating countdown to 7718
[20:49:53.717] [SEVERE ] updating countdown to 7693
[20:49:53.743] [SEVERE ] updating countdown to 7667
[20:49:53.768] [SEVERE ] updating countdown to 7642
[20:49:53.794] [SEVERE ] updating countdown to 7616
[20:49:53.820] [SEVERE ] updating countdown to 7590
[20:49:53.845] [SEVERE ] updating countdown to 7565
[20:49:53.871] [SEVERE ] updating countdown to 7539
[20:49:53.896] [SEVERE ] updating countdown to 7514
[20:49:53.922] [SEVERE ] updating countdown to 7488
[20:49:53.947] [SEVERE ] updating countdown to 7463
[20:49:53.973] [SEVERE ] updating countdown to 7437
[20:49:53.998] [SEVERE ] updating countdown to 7412
[20:49:54.024] [SEVERE ] updating countdown to 7386
[20:49:54.049] [SEVERE ] updating countdown to 7361
[20:49:54.075] [SEVERE ] updating countdown to 7335
[20:49:54.100] [SEVERE ] updating countdown to 7310
[20:49:54.126] [SEVERE ] updating countdown to 7284
[20:49:54.152] [SEVERE ] updating countdown to 7258
[20:49:54.177] [SEVERE ] updating countdown to 7233
[20:49:54.203] [SEVERE ] updating countdown to 7207
[20:49:54.230] [SEVERE ] updating countdown to 7181
[20:49:54.255] [SEVERE ] updating countdown to 7155
[20:49:54.280] [SEVERE ] updating countdown to 7130
[20:49:54.306] [SEVERE ] updating countdown to 7104
[20:49:54.331] [SEVERE ] updating countdown to 7079
[20:49:54.357] [SEVERE ] updating countdown to 7053
[20:49:54.383] [SEVERE ] updating countdown to 7027
[20:49:54.408] [SEVERE ] updating countdown to 7002
[20:49:54.434] [SEVERE ] updating countdown to 6976
[20:49:54.460] [SEVERE ] updating countdown to 6950
[20:49:54.486] [SEVERE ] updating countdown to 6924
[20:49:54.512] [SEVERE ] updating countdown to 6898
[20:49:54.537] [SEVERE ] updating countdown to 6873
[20:49:54.563] [SEVERE ] updating countdown to 6847
[20:49:54.588] [SEVERE ] updating countdown to 6822
[20:49:54.614] [SEVERE ] updating countdown to 6796
[20:49:54.639] [SEVERE ] updating countdown to 6771
[20:49:54.665] [SEVERE ] updating countdown to 6745
[20:49:54.691] [SEVERE ] updating countdown to 6719
[20:49:54.716] [SEVERE ] updating countdown to 6694
[20:49:54.742] [SEVERE ] updating countdown to 6668
[20:49:54.767] [SEVERE ] updating countdown to 6643
[20:49:54.793] [SEVERE ] updating countdown to 6617
[20:49:54.819] [SEVERE ] updating countdown to 6592
[20:49:54.847] [SEVERE ] updating countdown to 6563
[20:49:54.873] [SEVERE ] updating countdown to 6537
[20:49:54.898] [SEVERE ] updating countdown to 6512
[20:49:54.924] [SEVERE ] updating countdown to 6486
[20:49:54.949] [SEVERE ] updating countdown to 6461
[20:49:54.975] [SEVERE ] updating countdown to 6435
[20:49:55.001] [SEVERE ] updating countdown to 6409
[20:49:55.027] [SEVERE ] updating countdown to 6383
[20:49:55.053] [SEVERE ] updating countdown to 6358
[20:49:55.078] [SEVERE ] updating countdown to 6332
[20:49:55.104] [SEVERE ] updating countdown to 6306
[20:49:55.129] [SEVERE ] updating countdown to 6281
[20:49:55.155] [SEVERE ] updating countdown to 6255
[20:49:55.182] [SEVERE ] updating countdown to 6228
[20:49:55.209] [SEVERE ] updating countdown to 6201
[20:49:55.235] [SEVERE ] updating countdown to 6175
[20:49:55.261] [SEVERE ] updating countdown to 6149
[20:49:55.286] [SEVERE ] updating countdown to 6124
[20:49:55.312] [SEVERE ] updating countdown to 6098
[20:49:55.338] [SEVERE ] updating countdown to 6072
[20:49:55.364] [SEVERE ] updating countdown to 6046
[20:49:55.390] [SEVERE ] updating countdown to 6020
[20:49:55.415] [SEVERE ] updating countdown to 5995
[20:49:55.441] [SEVERE ] updating countdown to 5969
[20:49:55.466] [SEVERE ] updating countdown to 5944
[20:49:55.492] [SEVERE ] updating countdown to 5918
[20:49:55.518] [SEVERE ] updating countdown to 5892
[20:49:55.544] [SEVERE ] updating countdown to 5866
[20:49:55.573] [SEVERE ] updating countdown to 5837
[20:49:55.613] [SEVERE ] updating countdown to 5797
[20:49:55.639] [SEVERE ] updating countdown to 5771
[20:49:55.664] [SEVERE ] updating countdown to 5746
[20:49:55.690] [SEVERE ] updating countdown to 5720
[20:49:55.715] [SEVERE ] updating countdown to 5695
[20:49:55.741] [SEVERE ] updating countdown to 5669
[20:49:55.766] [SEVERE ] updating countdown to 5644
[20:49:55.792] [SEVERE ] updating countdown to 5618
[20:49:55.818] [SEVERE ] updating countdown to 5592
[20:49:55.844] [SEVERE ] updating countdown to 5566
[20:49:55.871] [SEVERE ] updating countdown to 5539
[20:49:55.898] [SEVERE ] updating countdown to 5512
[20:49:55.924] [SEVERE ] updating countdown to 5486
[20:49:55.950] [SEVERE ] updating countdown to 5460
[20:49:55.976] [SEVERE ] updating countdown to 5434
[20:49:56.001] [SEVERE ] updating countdown to 5409
[20:49:56.027] [SEVERE ] updating countdown to 5383
[20:49:56.052] [SEVERE ] updating countdown to 5358
[20:49:56.078] [SEVERE ] updating countdown to 5332
[20:49:56.104] [SEVERE ] updating countdown to 5306
[20:49:56.129] [SEVERE ] updating countdown to 5281
[20:49:56.156] [SEVERE ] updating countdown to 5254
[20:49:56.182] [SEVERE ] updating countdown to 5228
[20:49:56.209] [SEVERE ] updating countdown to 5201
[20:49:56.235] [SEVERE ] updating countdown to 5175
[20:49:56.261] [SEVERE ] updating countdown to 5150
[20:49:56.287] [SEVERE ] updating countdown to 5123
[20:49:56.313] [SEVERE ] updating countdown to 5097
[20:49:56.339] [SEVERE ] updating countdown to 5071
[20:49:56.365] [SEVERE ] updating countdown to 5045
[20:49:56.391] [SEVERE ] updating countdown to 5019
[20:50:01.528] [SEVERE ] removing card from slot 0
[20:50:01.629] [SEVERE ] removing card from slot 1
[20:50:01.731] [SEVERE ] removing card from slot 2
[20:50:01.832] [SEVERE ] removing card from slot 3
[20:50:01.935] [SEVERE ] removing card from slot 4
[20:50:02.036] [SEVERE ] removing card from slot 5
[20:50:02.138] [SEVERE ] removing card from slot 6
[20:50:02.239] [SEVERE ] removing card from slot 7
[20:50:02.341] [SEVERE ] removing card from slot 8
[20:50:02.442] [SEVERE ] removing card from slot 9
[20:50:02.543] [SEVERE ] removing card from slot 10
[20:50:02.645] [SEVERE ] removing card from slot 11
[20:50:02.747] [SEVERE ] placing card 0 in slot 0
[20:50:02.848] [SEVERE ] placing card 58 in slot 1
[20:50:02.949] [SEVERE ] placing card 12 in slot 2
[20:50:03.051] [SEVERE ] placing card 54 in slot 3
[20:50:03.152] [SEVERE ] placing card 77 in slot 4
[20:50:03.253] [SEVERE ] placing card 64 in slot 5
[20:50:03.354] [SEVERE ] placing card 14 in slot 6
[20:50:03.456] [SEVERE ] placing card 28 in slot 7
[20:50:03.557] [SEVERE ] placing card 60 in slot 8
[20:50:03.659] [SEVERE ] placing card 78 in slot 9
[20:50:03.760] [SEVERE ] placing card 8 in slot 10
[20:50:03.861] [SEVERE ] placing card 2 in slot 11
[20:50:03.887] [SEVERE ] updating countdown to 19974
[20:50:03.913] [SEVERE ] updating countdown to 19948
[20:50:03.940] [SEVERE ] updating countdown to 19921
[20:50:03.967] [SEVERE ] updating countdown to 19894
[20:50:03.995] [SEVERE ] updating countdown to 19866
[20:50:04.021] [SEVERE ] updating countdown to 19840
[20:50:04.047] [SEVERE ] updating countdown to 19814
[20:50:04.073] [SEVERE ] updating countdown to 19788
[20:50:04.100] [SEVERE ] updating countdown to 19761
[20:50:04.126] [SEVERE ] updating countdown to 19735
[20:50:04.152] [SEVERE ] updating countdown to 19709
[20:50:04.177] [SEVERE ] updating countdown to 19684
[20:50:04.204] [SEVERE ] updating countdown to 19657
[20:50:04.231] [SEVERE ] updating countdown to 19630
[20:50:04.258] [SEVERE ] updating countdown to 19603
[20:50:04.285] [SEVERE ] updating countdown to 19576
[20:50:04.311] [SEVERE ] updating countdown to 19550
[20:50:04.337] [SEVERE ] updating countdown to 19524
[20:50:04.364] [SEVERE ] updating countdown to 19497
[20:50:04.391] [SEVERE ] updating countdown to 19470
[20:50:04.417] [SEVERE ] updating countdown to 19444
[20:50:04.443] [SEVERE ] updating countdown to 19418
[20:50:04.470] [SEVERE ] updating countdown to 19391
[20:50:04.496] [SEVERE ] updating countdown to 19365
[20:50:04.523] [SEVERE ] updating countdown to 19338
[20:50:04.548] [SEVERE ] updating countdown to 19313
[20:50:04.574] [SEVERE ] updating countdown to 19287
[20:50:04.600] [SEVERE ] updating countdown to 19261
[20:50:04.626] [SEVERE ] updating countdown to 19235
[20:50:04.652] [SEVERE ] updating countdown to 19209
[20:50:04.677] [SEVERE ] updating countdown to 19184
[20:50:04.703] [SEVERE ] updating countdown to 19158
[20:50:04.730] [SEVERE ] updating countdown to 19131
[20:50:04.755] [SEVERE ] updating countdown to 19106
[20:50:04.781] [SEVERE ] updating countdown to 19080
[20:50:04.807] [SEVERE ] updating countdown to 19054
[20:50:04.835] [SEVERE ] updating countdown to 19026
[20:50:04.862] [SEVERE ] updating countdown to 18999
[20:50:04.889] [SEVERE ] updating countdown to 18972
[20:50:04.916] [SEVERE ] updating countdown to 18945
[20:50:04.943] [SEVERE ] updating countdown to 18918
[20:50:04.969] [SEVERE ] updating countdown to 18892
[20:50:04.995] [SEVERE ] updating countdown to 18866
[20:50:05.022] [SEVERE ] updating countdown to 18839
[20:50:05.049] [SEVERE ] updating countdown to 18812
[20:50:05.075] [SEVERE ] updating countdown to 18786
[20:50:05.102] [SEVERE ] updating countdown to 18759
[20:50:05.128] [SEVERE ] updating countdown to 18733
[20:50:05.154] [SEVERE ] updating countdown to 18707
[20:50:05.179] [SEVERE ] updating countdown to 18682
[20:50:05.206] [SEVERE ] updating countdown to 18655
[20:50:05.232] [SEVERE ] updating countdown to 18629
[20:50:05.258] [SEVERE ] updating countdown to 18603
[20:50:05.285] [SEVERE ] updating countdown to 18576
[20:50:05.311] [SEVERE ] updating countdown to 18550
[20:50:05.337] [SEVERE ] updating countdown to 18524
[20:50:05.364] [SEVERE ] updating countdown to 18497
[20:50:05.392] [SEVERE ] updating countdown to 18469
[20:50:05.418] [SEVERE ] updating countdown to 18443
[20:50:05.445] [SEVERE ] updating countdown to 18416
[20:50:05.471] [SEVERE ] updating countdown to 18390
[20:50:05.497] [SEVERE ] updating countdown to 18364
[20:50:05.524] [SEVERE ] updating countdown to 18337
[20:50:05.551] [SEVERE ] updating countdown to 18310
[20:50:05.577] [SEVERE ] updating countdown to 18284
[20:50:05.605] [SEVERE ] updating countdown to 18256
[20:50:05.632] [SEVERE ] updating countdown to 18229
[20:50:05.659] [SEVERE ] updating countdown to 18202
[20:50:05.685] [SEVERE ] updating countdown to 18176
[20:50:05.711] [SEVERE ] updating countdown to 18150
[20:50:05.737] [SEVERE ] updating countdown to 18124
[20:50:05.763] [SEVERE ] updating countdown to 18098
[20:50:05.789] [SEVERE ] updating countdown to 18072
[20:50:05.816] [SEVERE ] updating countdown to 18045
[20:50:05.844] [SEVERE ] updating countdown to 18017
[20:50:05.869] [SEVERE ] updating countdown to 17992
[20:50:05.895] [SEVERE ] updating countdown to 17966
[20:50:05.921] [SEVERE ] updating countdown to 17940
[20:50:05.947] [SEVERE ] updating countdown to 17914
[20:50:05.974] [SEVERE ] updating countdown to 17887
[20:50:06.000] [SEVERE ] updating countdown to 17861
[20:50:06.026] [SEVERE ] updating countdown to 17835
[20:50:06.051] [SEVERE ] updating countdown to 17810
[20:50:06.078] [SEVERE ] updating countdown to 17783
[20:50:06.104] [SEVERE ] updating countdown to 17757
[20:50:06.130] [SEVERE ] updating countdown to 17731
[20:50:06.156] [SEVERE ] updating countdown to 17705
[20:50:06.182] [SEVERE ] updating countdown to 17679
[20:50:06.209] [SEVERE ] updating countdown to 17652
[20:50:06.235] [SEVERE ] updating countdown to 17626
[20:50:06.261] [SEVERE ] updating countdown to 17600
[20:50:06.287] [SEVERE ] updating countdown to 17574
[20:50:06.312] [SEVERE ] updating countdown to 17549
[20:50:06.339] [SEVERE ] updating countdown to 17522
[20:50:06.365] [SEVERE ] updating countdown to 17496
[20:50:06.392] [SEVERE ] updating countdown to 17469
[20:50:06.418] [SEVERE ] updating countdown to 17443
[20:50:06.444] [SEVERE ] updating countdown to 17417
[20:50:06.470] [SEVERE ] updating countdown to 17391
[20:50:06.496] [SEVERE ] updating countdown to 17365
[20:50:06.522] [SEVERE ] updating countdown to 17339
[20:50:06.548] [SEVERE ] updating countdown to 17313
[20:50:06.573] [SEVERE ] updating countdown to 17288
[20:50:06.599] [SEVERE ] updating countdown to 17262
[20:50:06.625] [SEVERE ] updating countdown to 17236
[20:50:06.652] [SEVERE ] updating countdown to 17209
[20:50:06.677] [SEVERE ] updating countdown to 17184
[20:50:06.703] [SEVERE ] updating countdown to 17158
[20:50:06.729] [SEVERE ] updating countdown to 17132
[20:50:06.755] [SEVERE ] updating countdown to 17106
[20:50:06.781] [SEVERE ] updating countdown to 17080
[20:50:06.806] [SEVERE ] updating countdown to 17055
[20:50:06.833] [SEVERE ] updating countdown to 17028
[20:50:06.859] [SEVERE ] updating countdown to 17002
[20:50:06.886] [SEVERE ] updating countdown to 16975
[20:50:06.912] [SEVERE ] updating countdown to 16949
[20:50:06.938] [SEVERE ] updating countdown to 16923
[20:50:06.965] [SEVERE ] updating countdown to 16896
[20:50:06.991] [SEVERE ] updating countdown to 16870
[20:50:07.016] [SEVERE ] updating countdown to 16845
[20:50:07.044] [SEVERE ] updating countdown to 16817
[20:50:07.070] [SEVERE ] updating countdown to 16791
[20:50:07.096] [SEVERE ] updating countdown to 16765
[20:50:07.123] [SEVERE ] updating countdown to 16738
[20:50:07.148] [SEVERE ] updating countdown to 16713
[20:50:07.174] [SEVERE ] updating countdown to 16687
[20:50:07.199] [SEVERE ] updating countdown to 16662
[20:50:07.225] [SEVERE ] updating countdown to 16636
[20:50:07.251] [SEVERE ] updating countdown to 16610
[20:50:07.277] [SEVERE ] updating countdown to 16584
[20:50:07.303] [SEVERE ] updating countdown to 16558
[20:50:07.329] [SEVERE ] updating countdown to 16532
[20:50:07.355] [SEVERE ] updating countdown to 16506
[20:50:07.381] [SEVERE ] updating countdown to 16480
[20:50:07.406] [SEVERE ] updating countdown to 16455
[20:50:07.432] [SEVERE ] updating countdown to 16429
[20:50:07.458] [SEVERE ] updating countdown to 16403
[20:50:07.483] [SEVERE ] updating countdown to 16378
[20:50:07.509] [SEVERE ] updating countdown to 16352
[20:50:07.535] [SEVERE ] updating countdown to 16326
[20:50:07.560] [SEVERE ] updating countdown to 16301
[20:50:07.586] [SEVERE ] updating countdown to 16275
[20:50:07.612] [SEVERE ] updating countdown to 16249
[20:50:07.637] [SEVERE ] updating countdown to 16224
[20:50:07.664] [SEVERE ] updating countdown to 16197
[20:50:07.690] [SEVERE ] updating countdown to 16171
[20:50:07.716] [SEVERE ] updating countdown to 16145
[20:50:07.741] [SEVERE ] updating countdown to 16120
[20:50:07.767] [SEVERE ] updating countdown to 16094
[20:50:07.793] [SEVERE ] updating countdown to 16068
[20:50:07.819] [SEVERE ] updating countdown to 16042
[20:50:07.845] [SEVERE ] updating countdown to 16016
[20:50:07.872] [SEVERE ] updating countdown to 15989
[20:50:07.897] [SEVERE ] updating countdown to 15964
[20:50:07.923] [SEVERE ] updating countdown to 15938
[20:50:07.950] [SEVERE ] updating countdown to 15911
[20:50:07.976] [SEVERE ] updating countdown to 15885
[20:50:08.002] [SEVERE ] updating countdown to 15859
[20:50:08.029] [SEVERE ] updating countdown to 15832
[20:50:08.055] [SEVERE ] updating countdown to 15806
[20:50:08.080] [SEVERE ] updating countdown to 15781
[20:50:08.106] [SEVERE ] updating countdown to 15755
[20:50:08.132] [SEVERE ] updating countdown to 15729
[20:50:08.159] [SEVERE ] updating countdown to 15702
[20:50:08.185] [SEVERE ] updating countdown to 15676
[20:50:08.212] [SEVERE ] updating countdown to 15649
[20:50:08.238] [SEVERE ] updating countdown to 15623
[20:50:08.264] [SEVERE ] updating countdown to 15597
[20:50:08.291] [SEVERE ] updating countdown to 15570
[20:50:08.316] [SEVERE ] updating countdown to 15545
[20:50:08.342] [SEVERE ] updating countdown to 15519
[20:50:08.369] [SEVERE ] updating countdown to 15492
[20:50:08.396] [SEVERE ] updating countdown to 15465
[20:50:08.422] [SEVERE ] updating countdown to 15439
[20:50:08.448] [SEVERE ] updating countdown to 15413
[20:50:08.474] [SEVERE ] updating countdown to 15387
[20:50:08.500] [SEVERE ] updating countdown to 15361
[20:50:08.526] [SEVERE ] updating countdown to 15335
[20:50:08.552] [SEVERE ] updating countdown to 15309
[20:50:08.579] [SEVERE ] updating countdown to 15282
[20:50:08.606] [SEVERE ] updating countdown to 15255
[20:50:08.632] [SEVERE ] updating countdown to 15229
[20:50:08.659] [SEVERE ] updating countdown to 15202
[20:50:08.686] [SEVERE ] updating countdown to 15175
[20:50:08.712] [SEVERE ] updating countdown to 15149
[20:50:08.737] [SEVERE ] updating countdown to 15124
[20:50:08.764] [SEVERE ] updating countdown to 15097
[20:50:08.789] [SEVERE ] updating countdown to 15072
[20:50:08.815] [SEVERE ] updating countdown to 15046
[20:50:08.840] [SEVERE ] updating countdown to 15021
[20:50:08.866] [SEVERE ] updating countdown to 14995
[20:50:08.892] [SEVERE ] updating countdown to 14969
[20:50:08.919] [SEVERE ] updating countdown to 14942
[20:50:08.946] [SEVERE ] updating countdown to 14915
[20:50:08.973] [SEVERE ] updating countdown to 14888
[20:50:08.999] [SEVERE ] updating countdown to 14862
[20:50:09.026] [SEVERE ] updating countdown to 14835
[20:50:09.052] [SEVERE ] updating countdown to 14809
[20:50:09.078] [SEVERE ] updating countdown to 14783
[20:50:09.104] [SEVERE ] updating countdown to 14757
[20:50:09.130] [SEVERE ] updating countdown to 14731
[20:50:09.156] [SEVERE ] updating countdown to 14705
[20:50:09.182] [SEVERE ] updating countdown to 14679
[20:50:09.208] [SEVERE ] updating countdown to 14653
[20:50:09.234] [SEVERE ] updating countdown to 14627
[20:50:09.261] [SEVERE ] updating countdown to 14600
[20:50:09.287] [SEVERE ] updating countdown to 14574
[20:50:09.314] [SEVERE ] updating countdown to 14547
[20:50:09.340] [SEVERE ] updating countdown to 14521
[20:50:09.367] [SEVERE ] updating countdown to 14495
[20:50:09.393] [SEVERE ] updating countdown to 14468
[20:50:09.419] [SEVERE ] updating countdown to 14442
[20:50:09.446] [SEVERE ] updating countdown to 14415
[20:50:09.472] [SEVERE ] updating countdown to 14389
[20:50:09.498] [SEVERE ] updating countdown to 14363
[20:50:09.523] [SEVERE ] updating countdown to 14338
[20:50:09.550] [SEVERE ] updating countdown to 14312
[20:50:09.576] [SEVERE ] updating countdown to 14285
[20:50:09.601] [SEVERE ] updating countdown to 14260
[20:50:09.628] [SEVERE ] updating countdown to 14233
[20:50:09.655] [SEVERE ] updating countdown to 14206
[20:50:09.681] [SEVERE ] updating countdown to 14180
[20:50:09.709] [SEVERE ] updating countdown to 14152
[20:50:09.734] [SEVERE ] updating countdown to 14127
[20:50:09.760] [SEVERE ] updating countdown to 14101
[20:50:09.786] [SEVERE ] updating countdown to 14075
[20:50:09.812] [SEVERE ] updating countdown to 14049
[20:50:09.838] [SEVERE ] updating countdown to 14023
[20:50:09.865] [SEVERE ] updating countdown to 13996
[20:50:09.891] [SEVERE ] updating countdown to 13970
[20:50:09.916] [SEVERE ] updating countdown to 13945
[20:50:09.942] [SEVERE ] updating countdown to 13919
[20:50:09.968] [SEVERE ] updating countdown to 13893
[20:50:09.993] [SEVERE ] updating countdown to 13868
[20:50:10.020] [SEVERE ] updating countdown to 13841
[20:50:10.047] [SEVERE ] updating countdown to 13814
[20:50:10.074] [SEVERE ] updating countdown to 13787
[20:50:10.101] [SEVERE ] updating countdown to 13760
[20:50:10.127] [SEVERE ] updating countdown to 13734
[20:50:10.152] [SEVERE ] updating countdown to 13709
[20:50:10.180] [SEVERE ] updating countdown to 13681
[20:50:10.206] [SEVERE ] updating countdown to 13655
[20:50:10.232] [SEVERE ] updating countdown to 13629
[20:50:10.257] [SEVERE ] updating countdown to 13604
[20:50:10.283] [SEVERE ] updating countdown to 13578
[20:50:10.309] [SEVERE ] updating countdown to 13552
[20:50:10.335] [SEVERE ] updating countdown to 13526
[20:50:10.361] [SEVERE ] updating countdown to 13500
[20:50:10.387] [SEVERE ] updating countdown to 13474
[20:50:10.413] [SEVERE ] updating countdown to 13448
[20:50:10.440] [SEVERE ] updating countdown to 13421
[20:50:10.466] [SEVERE ] updating countdown to 13395
[20:50:10.492] [SEVERE ] updating countdown to 13369
[20:50:10.518] [SEVERE ] updating countdown to 13343
[20:50:10.543] [SEVERE ] updating countdown to 13318
[20:50:10.569] [SEVERE ] updating countdown to 13292
[20:50:10.595] [SEVERE ] updating countdown to 13266
[20:50:10.621] [SEVERE ] updating countdown to 13240
[20:50:10.648] [SEVERE ] updating countdown to 13213
[20:50:10.673] [SEVERE ] updating countdown to 13188
[20:50:10.699] [SEVERE ] updating countdown to 13162
[20:50:10.725] [SEVERE ] updating countdown to 13136
[20:50:10.751] [SEVERE ] updating countdown to 13110
[20:50:10.778] [SEVERE ] updating countdown to 13083
[20:50:10.804] [SEVERE ] updating countdown to 13057
[20:50:10.831] [SEVERE ] updating countdown to 13030
[20:50:10.857] [SEVERE ] updating countdown to 13004
[20:50:10.883] [SEVERE ] updating countdown to 12978
[20:50:10.910] [SEVERE ] updating countdown to 12951
[20:50:10.937] [SEVERE ] updating countdown to 12924
[20:50:10.963] [SEVERE ] updating countdown to 12898
[20:50:10.990] [SEVERE ] updating countdown to 12871
[20:50:11.017] [SEVERE ] updating countdown to 12844
[20:50:11.043] [SEVERE ] updating countdown to 12818
[20:50:11.069] [SEVERE ] updating countdown to 12792
[20:50:11.095] [SEVERE ] updating countdown to 12766
[20:50:11.120] [SEVERE ] updating countdown to 12741
[20:50:11.146] [SEVERE ] updating countdown to 12715
[20:50:11.172] [SEVERE ] updating countdown to 12689
[20:50:11.198] [SEVERE ] updating countdown to 12663
[20:50:11.224] [SEVERE ] updating countdown to 12637
[20:50:11.249] [SEVERE ] updating countdown to 12612
[20:50:11.275] [SEVERE ] updating countdown to 12586
[20:50:11.300] [SEVERE ] updating countdown to 12561
[20:50:11.327] [SEVERE ] updating countdown to 12535
[20:50:11.353] [SEVERE ] updating countdown to 12508
[20:50:11.378] [SEVERE ] updating countdown to 12483
[20:50:11.404] [SEVERE ] updating countdown to 12457
[20:50:11.429] [SEVERE ] updating countdown to 12432
[20:50:11.455] [SEVERE ] updating countdown to 12406
[20:50:11.481] [SEVERE ] updating countdown to 12380
[20:50:11.508] [SEVERE ] updating countdown to 12353
[20:50:11.535] [SEVERE ] updating countdown to 12326
[20:50:11.561] [SEVERE ] updating countdown to 12300
[20:50:11.587] [SEVERE ] updating countdown to 12274
[20:50:11.613] [SEVERE ] updating countdown to 12248
[20:50:11.638] [SEVERE ] updating countdown to 12223
[20:50:11.664] [SEVERE ] updating countdown to 12197
[20:50:11.690] [SEVERE ] updating countdown to 12171
[20:50:11.716] [SEVERE ] updating countdown to 12145
[20:50:11.741] [SEVERE ] updating countdown to 12120
[20:50:11.767] [SEVERE ] updating countdown to 12094
[20:50:11.793] [SEVERE ] updating countdown to 12068
[20:50:11.819] [SEVERE ] updating countdown to 12042
[20:50:11.844] [SEVERE ] updating countdown to 12017
[20:50:11.871] [SEVERE ] updating countdown to 11990
[20:50:11.896] [SEVERE ] updating countdown to 11965
[20:50:11.922] [SEVERE ] updating countdown to 11939
[20:50:11.948] [SEVERE ] updating countdown to 11913
[20:50:11.974] [SEVERE ] updating countdown to 11887
[20:50:11.999] [SEVERE ] updating countdown to 11862
[20:50:12.025] [SEVERE ] updating countdown to 11836
[20:50:12.051] [SEVERE ] updating countdown to 11810
[20:50:12.076] [SEVERE ] updating countdown to 11785
[20:50:12.104] [SEVERE ] updating countdown to 11757
[20:50:12.129] [SEVERE ] updating countdown to 11732
[20:50:12.155] [SEVERE ] updating countdown to 11706
[20:50:12.180] [SEVERE ] updating countdown to 11681
[20:50:12.206] [SEVERE ] updating countdown to 11655
[20:50:12.232] [SEVERE ] updating countdown to 11629
[20:50:12.257] [SEVERE ] updating countdown to 11604
[20:50:12.283] [SEVERE ] updating countdown to 11578
[20:50:12.309] [SEVERE ] updating countdown to 11552
[20:50:12.335] [SEVERE ] updating countdown to 11526
[20:50:12.361] [SEVERE ] updating countdown to 11500
[20:50:12.388] [SEVERE ] updating countdown to 11473
[20:50:12.413] [SEVERE ] updating countdown to 11448
[20:50:12.439] [SEVERE ] updating countdown to 11422
[20:50:12.465] [SEVERE ] updating countdown to 11396
[20:50:12.491] [SEVERE ] updating countdown to 11370
[20:50:12.517] [SEVERE ] updating countdown to 11344
[20:50:12.542] [SEVERE ] updating countdown to 11319
[20:50:12.568] [SEVERE ] updating countdown to 11293
[20:50:12.594] [SEVERE ] updating countdown to 11267
[20:50:12.619] [SEVERE ] updating countdown to 11242
[20:50:12.645] [SEVERE ] updating countdown to 11216
[20:50:12.670] [SEVERE ] updating countdown to 11191
[20:50:12.696] [SEVERE ] updating countdown to 11165
[20:50:12.721] [SEVERE ] updating countdown to 11140
[20:50:12.747] [SEVERE ] updating countdown to 11114
[20:50:12.773] [SEVERE ] updating countdown to 11088
[20:50:12.800] [SEVERE ] updating countdown to 11061
[20:50:12.826] [SEVERE ] updating countdown to 11035
[20:50:12.852] [SEVERE ] updating countdown to 11009
[20:50:12.878] [SEVERE ] updating countdown to 10983
[20:50:12.905] [SEVERE ] updating countdown to 10956
[20:50:12.931] [SEVERE ] updating countdown to 10931
[20:50:12.956] [SEVERE ] updating countdown to 10905
[20:50:12.983] [SEVERE ] updating countdown to 10878
[20:50:13.009] [SEVERE ] updating countdown to 10852
[20:50:13.035] [SEVERE ] updating countdown to 10826
[20:50:13.061] [SEVERE ] updating countdown to 10800
[20:50:13.087] [SEVERE ] updating countdown to 10774
[20:50:13.113] [SEVERE ] updating countdown to 10748
[20:50:13.139] [SEVERE ] updating countdown to 10722
[20:50:13.164] [SEVERE ] updating countdown to 10697
[20:50:13.191] [SEVERE ] updating countdown to 10670
[20:50:13.217] [SEVERE ] updating countdown to 10644
[20:50:13.243] [SEVERE ] updating countdown to 10618
[20:50:13.269] [SEVERE ] updating countdown to 10592
[20:50:13.295] [SEVERE ] updating countdown to 10566
[20:50:13.321] [SEVERE ] updating countdown to 10540
[20:50:13.347] [SEVERE ] updating countdown to 10514
[20:50:13.373] [SEVERE ] updating countdown to 10488
[20:50:13.398] [SEVERE ] updating countdown to 10463
[20:50:13.423] [SEVERE ] updating countdown to 10438
[20:50:13.449] [SEVERE ] updating countdown to 10412
[20:50:13.476] [SEVERE ] updating countdown to 10385
[20:50:13.503] [SEVERE ] updating countdown to 10358
[20:50:13.529] [SEVERE ] updating countdown to 10332
[20:50:13.555] [SEVERE ] updating countdown to 10306
[20:50:13.581] [SEVERE ] updating countdown to 10280
[20:50:13.606] [SEVERE ] updating countdown to 10255
[20:50:13.632] [SEVERE ] updating countdown to 10229
[20:50:13.658] [SEVERE ] updating countdown to 10203
[20:50:13.683] [SEVERE ] updating countdown to 10178
[20:50:13.709] [SEVERE ] updating countdown to 10152
[20:50:13.735] [SEVERE ] updating countdown to 10126
[20:50:13.760] [SEVERE ] updating countdown to 10101
[20:50:13.786] [SEVERE ] updating countdown to 10075
[20:50:13.812] [SEVERE ] updating countdown to 10049
[20:50:13.838] [SEVERE ] updating countdown to 10023
[20:50:13.864] [SEVERE ] updating countdown to 9997
[20:50:13.890] [SEVERE ] updating countdown to 9971
[20:50:13.918] [SEVERE ] updating countdown to 9943
[20:50:13.945] [SEVERE ] updating countdown to 9916
[20:50:13.971] [SEVERE ] updating countdown to 9890
[20:50:13.997] [SEVERE ] updating countdown to 9864
[20:50:14.024] [SEVERE ] updating countdown to 9837
[20:50:14.050] [SEVERE ] updating countdown to 9811
[20:50:14.075] [SEVERE ] updating countdown to 9786
[20:50:14.101] [SEVERE ] updating countdown to 9760
[20:50:14.127] [SEVERE ] updating countdown to 9734
[20:50:14.153] [SEVERE ] updating countdown to 9708
[20:50:14.179] [SEVERE ] updating countdown to 9682
[20:50:14.205] [SEVERE ] updating countdown to 9656
[20:50:14.232] [SEVERE ] updating countdown to 9629
[20:50:14.257] [SEVERE ] updating countdown to 9604
[20:50:14.283] [SEVERE ] updating countdown to 9578
[20:50:14.309] [SEVERE ] updating countdown to 9552
[20:50:14.337] [SEVERE ] updating countdown to 9524
[20:50:14.364] [SEVERE ] updating countdown to 9497
[20:50:14.390] [SEVERE ] updating countdown to 9471
[20:50:14.416] [SEVERE ] updating countdown to 9446
[20:50:14.442] [SEVERE ] updating countdown to 9419
[20:50:14.469] [SEVERE ] updating countdown to 9392
[20:50:14.495] [SEVERE ] updating countdown to 9366
[20:50:14.521] [SEVERE ] updating countdown to 9340
[20:50:14.547] [SEVERE ] updating countdown to 9314
[20:50:14.574] [SEVERE ] updating countdown to 9287
[20:50:14.599] [SEVERE ] updating countdown to 9262
[20:50:14.625] [SEVERE ] updating countdown to 9236
[20:50:14.652] [SEVERE ] updating countdown to 9209
[20:50:14.678] [SEVERE ] updating countdown to 9183
[20:50:14.703] [SEVERE ] updating countdown to 9158
[20:50:14.729] [SEVERE ] updating countdown to 9132
[20:50:14.754] [SEVERE ] updating countdown to 9107
[20:50:14.780] [SEVERE ] updating countdown to 9081
[20:50:14.806] [SEVERE ] updating countdown to 9055
[20:50:14.831] [SEVERE ] updating countdown to 9030
[20:50:14.858] [SEVERE ] updating countdown to 9003
[20:50:14.885] [SEVERE ] updating countdown to 8976
[20:50:14.911] [SEVERE ] updating countdown to 8950
[20:50:14.936] [SEVERE ] updating countdown to 8925
[20:50:14.962] [SEVERE ] updating countdown to 8899
[20:50:14.988] [SEVERE ] updating countdown to 8873
[20:50:15.013] [SEVERE ] updating countdown to 8848
[20:50:15.040] [SEVERE ] updating countdown to 8821
[20:50:15.066] [SEVERE ] updating countdown to 8795
[20:50:15.093] [SEVERE ] updating countdown to 8768
[20:50:15.118] [SEVERE ] updating countdown to 8743
[20:50:15.144] [SEVERE ] updating countdown to 8717
[20:50:15.170] [SEVERE ] updating countdown to 8691
[20:50:15.197] [SEVERE ] updating countdown to 8664
[20:50:15.223] [SEVERE ] updating countdown to 8638
[20:50:15.249] [SEVERE ] updating countdown to 8612
[20:50:15.274] [SEVERE ] updating countdown to 8587
[20:50:15.301] [SEVERE ] updating countdown to 8560
[20:50:15.327] [SEVERE ] updating countdown to 8534
[20:50:15.353] [SEVERE ] updating countdown to 8508
[20:50:15.378] [SEVERE ] updating countdown to 8483
[20:50:15.404] [SEVERE ] updating countdown to 8457
[20:50:15.429] [SEVERE ] updating countdown to 8432
[20:50:15.455] [SEVERE ] updating countdown to 8406
[20:50:15.481] [SEVERE ] updating countdown to 8380
[20:50:15.507] [SEVERE ] updating countdown to 8354
[20:50:15.532] [SEVERE ] updating countdown to 8329
[20:50:15.558] [SEVERE ] updating countdown to 8303
[20:50:15.584] [SEVERE ] updating countdown to 8277
[20:50:15.610] [SEVERE ] updating countdown to 8251
[20:50:15.637] [SEVERE ] updating countdown to 8224
[20:50:15.663] [SEVERE ] updating countdown to 8198
[20:50:15.691] [SEVERE ] updating countdown to 8170
[20:50:15.717] [SEVERE ] updating countdown to 8144
[20:50:15.742] [SEVERE ] updating countdown to 8119
[20:50:15.768] [SEVERE ] updating countdown to 8093
[20:50:15.793] [SEVERE ] updating countdown to 8068
[20:50:15.819] [SEVERE ] updating countdown to 8042
[20:50:15.844] [SEVERE ] updating countdown to 8017
[20:50:15.870] [SEVERE ] updating countdown to 7991
[20:50:15.896] [SEVERE ] updating countdown to 7965
[20:50:15.922] [SEVERE ] updating countdown to 7939
[20:50:15.948] [SEVERE ] updating countdown to 7913
[20:50:15.974] [SEVERE ] updating countdown to 7887
[20:50:16.000] [SEVERE ] updating countdown to 7861
[20:50:16.025] [SEVERE ] updating countdown to 7836
[20:50:16.051] [SEVERE ] updating countdown to 7810
[20:50:16.077] [SEVERE ] updating countdown to 7784
[20:50:16.102] [SEVERE ] updating countdown to 7759
[20:50:16.128] [SEVERE ] updating countdown to 7733
[20:50:16.154] [SEVERE ] updating countdown to 7707
[20:50:16.181] [SEVERE ] updating countdown to 7680
[20:50:16.206] [SEVERE ] updating countdown to 7655
[20:50:16.232] [SEVERE ] updating countdown to 7629
[20:50:16.257] [SEVERE ] updating countdown to 7604
[20:50:16.283] [SEVERE ] updating countdown to 7578
[20:50:16.309] [SEVERE ] updating countdown to 7552
[20:50:16.334] [SEVERE ] updating countdown to 7527
[20:50:16.360] [SEVERE ] updating countdown to 7501
[20:50:16.385] [SEVERE ] updating countdown to 7476
[20:50:16.411] [SEVERE ] updating countdown to 7450
[20:50:16.436] [SEVERE ] updating countdown to 7425
[20:50:16.462] [SEVERE ] updating countdown to 7399
[20:50:16.487] [SEVERE ] updating countdown to 7374
[20:50:16.513] [SEVERE ] updating countdown to 7348
[20:50:16.543] [SEVERE ] updating countdown to 7318
[20:50:16.568] [SEVERE ] updating countdown to 7293
[20:50:16.594] [SEVERE ] updating countdown to 7267
[20:50:16.620] [SEVERE ] updating countdown to 7241
[20:50:16.647] [SEVERE ] updating countdown to 7214
[20:50:16.673] [SEVERE ] updating countdown to 7188
[20:50:16.698] [SEVERE ] updating countdown to 7163
[20:50:16.725] [SEVERE ] updating countdown to 7136
[20:50:16.750] [SEVERE ] updating countdown to 7111
[20:50:16.776] [SEVERE ] updating countdown to 7085
[20:50:16.803] [SEVERE ] updating countdown to 7058
[20:50:16.829] [SEVERE ] updating countdown to 7032
[20:50:16.855] [SEVERE ] updating countdown to 7006
[20:50:16.882] [SEVERE ] updating countdown to 6979
[20:50:16.908] [SEVERE ] updating countdown to 6953
[20:50:16.943] [SEVERE ] updating countdown to 6918
[20:50:16.968] [SEVERE ] updating countdown to 6893
[20:50:16.994] [SEVERE ] updating countdown to 6867
[20:50:17.020] [SEVERE ] updating countdown to 6841
[20:50:17.045] [SEVERE ] updating countdown to 6816
[20:50:17.071] [SEVERE ] updating countdown to 6790
[20:50:17.096] [SEVERE ] updating countdown to 6765
[20:50:17.122] [SEVERE ] updating countdown to 6739
[20:50:17.148] [SEVERE ] updating countdown to 6713
[20:50:17.175] [SEVERE ] updating countdown to 6686
[20:50:17.200] [SEVERE ] updating countdown to 6661
[20:50:17.226] [SEVERE ] updating countdown to 6635
[20:50:17.252] [SEVERE ] updating countdown to 6609
[20:50:17.277] [SEVERE ] updating countdown to 6584
[20:50:17.303] [SEVERE ] updating countdown to 6558
[20:50:17.328] [SEVERE ] updating countdown to 6533
[20:50:17.354] [SEVERE ] updating countdown to 6507
[20:50:17.380] [SEVERE ] updating countdown to 6481
[20:50:17.406] [SEVERE ] updating countdown to 6455
[20:50:17.432] [SEVERE ] updating countdown to 6429
[20:50:17.458] [SEVERE ] updating countdown to 6403
[20:50:17.483] [SEVERE ] updating countdown to 6378
[20:50:17.509] [SEVERE ] updating countdown to 6352
[20:50:17.535] [SEVERE ] updating countdown to 6326
[20:50:17.561] [SEVERE ] updating countdown to 6300
[20:50:17.586] [SEVERE ] updating countdown to 6275
[20:50:17.612] [SEVERE ] updating countdown to 6249
[20:50:17.637] [SEVERE ] updating countdown to 6224
[20:50:17.663] [SEVERE ] updating countdown to 6198
[20:50:17.689] [SEVERE ] updating countdown to 6172
[20:50:17.715] [SEVERE ] updating countdown to 6146
[20:50:17.741] [SEVERE ] updating countdown to 6120
[20:50:17.767] [SEVERE ] updating countdown to 6094
[20:50:17.795] [SEVERE ] updating countdown to 6066
[20:50:17.822] [SEVERE ] updating countdown to 6039
[20:50:17.848] [SEVERE ] updating countdown to 6013
[20:50:17.874] [SEVERE ] updating countdown to 5987
[20:50:17.900] [SEVERE ] updating countdown to 5961
[20:50:17.925] [SEVERE ] updating countdown to 5936
[20:50:17.951] [SEVERE ] updating countdown to 5910
[20:50:17.977] [SEVERE ] updating countdown to 5884
[20:50:18.002] [SEVERE ] updating countdown to 5859
[20:50:18.028] [SEVERE ] updating countdown to 5833
[20:50:18.054] [SEVERE ] updating countdown to 5807
[20:50:18.079] [SEVERE ] updating countdown to 5782
[20:50:18.105] [SEVERE ] updating countdown to 5756
[20:50:18.132] [SEVERE ] updating countdown to 5729
[20:50:18.158] [SEVERE ] updating countdown to 5703
[20:50:18.185] [SEVERE ] updating countdown to 5676
[20:50:18.211] [SEVERE ] updating countdown to 5650
[20:50:18.236] [SEVERE ] updating countdown to 5625
[20:50:18.262] [SEVERE ] updating countdown to 5599
[20:50:18.287] [SEVERE ] updating countdown to 5574
[20:50:18.313] [SEVERE ] updating countdown to 5548
[20:50:18.339] [SEVERE ] updating countdown to 5522
[20:50:18.365] [SEVERE ] updating countdown to 5496
[20:50:18.391] [SEVERE ] updating countdown to 5470
[20:50:18.416] [SEVERE ] updating countdown to 5445
[20:50:18.442] [SEVERE ] updating countdown to 5419
[20:50:18.469] [SEVERE ] updating countdown to 5392
[20:50:18.495] [SEVERE ] updating countdown to 5366
[20:50:18.521] [SEVERE ] updating countdown to 5340
[20:50:18.547] [SEVERE ] updating countdown to 5314
[20:50:18.572] [SEVERE ] updating countdown to 5289
[20:50:18.598] [SEVERE ] updating countdown to 5263
[20:50:18.624] [SEVERE ] updating countdown to 5237
[20:50:18.651] [SEVERE ] updating countdown to 5210
[20:50:18.678] [SEVERE ] updating countdown to 5183
[20:50:18.704] [SEVERE ] updating countdown to 5157
[20:50:18.731] [SEVERE ] updating countdown to 5130
[20:50:18.757] [SEVERE ] updating countdown to 5104
[20:50:18.782] [SEVERE ] updating countdown to 5079
[20:50:18.809] [SEVERE ] updating countdown to 5052
[20:50:18.835] [SEVERE ] updating countdown to 5026
[20:50:18.860] [SEVERE ] updating countdown to 5001
[20:50:23.982] [SEVERE ] removing card from slot 0
[20:50:24.083] [SEVERE ] removing card from slot 1
[20:50:24.184] [SEVERE ] removing card from slot 2
[20:50:24.284] [SEVERE ] removing card from slot 3
[20:50:24.386] [SEVERE ] removing card from slot 4
[20:50:24.487] [SEVERE ] removing card from slot 5
[20:50:24.588] [SEVERE ] removing card from slot 6
[20:50:24.689] [SEVERE ] removing card from slot 7
[20:50:24.791] [SEVERE ] removing card from slot 8
[20:50:24.891] [SEVERE ] removing card from slot 9
[20:50:24.992] [SEVERE ] removing card from slot 10
[20:50:25.094] [SEVERE ] removing card from slot 11
[20:50:25.195] [SEVERE ] placing card 65 in slot 0
[20:50:25.296] [SEVERE ] placing card 66 in slot 1
[20:50:25.397] [SEVERE ] placing card 16 in slot 2
[20:50:25.498] [SEVERE ] placing card 62 in slot 3
[20:50:25.599] [SEVERE ] placing card 15 in slot 4
[20:50:25.701] [SEVERE ] placing card 19 in slot 5
[20:50:25.803] [SEVERE ] placing card 27 in slot 6
[20:50:25.904] [SEVERE ] placing card 76 in slot 7
[20:50:26.005] [SEVERE ] placing card 17 in slot 8
[20:50:26.106] [SEVERE ] placing card 41 in slot 9
[20:50:26.208] [SEVERE ] placing card 7 in slot 10
[20:50:26.308] [SEVERE ] placing card 21 in slot 11
[20:50:26.334] [SEVERE ] updating countdown to 19975
[20:50:26.360] [SEVERE ] updating countdown to 19949
[20:50:26.386] [SEVERE ] updating countdown to 19923
[20:50:26.412] [SEVERE ] updating countdown to 19897
[20:50:26.438] [SEVERE ] updating countdown to 19871
[20:50:26.464] [SEVERE ] updating countdown to 19845
[20:50:26.490] [SEVERE ] updating countdown to 19819
[20:50:26.516] [SEVERE ] updating countdown to 19793
[20:50:26.542] [SEVERE ] updating countdown to 19767
[20:50:26.568] [SEVERE ] updating countdown to 19741
[20:50:26.594] [SEVERE ] updating countdown to 19715
[20:50:26.621] [SEVERE ] updating countdown to 19688
[20:50:26.647] [SEVERE ] updating countdown to 19662
[20:50:26.672] [SEVERE ] updating countdown to 19637
[20:50:26.699] [SEVERE ] updating countdown to 19610
[20:50:26.724] [SEVERE ] updating countdown to 19585
[20:50:26.750] [SEVERE ] updating countdown to 19559
[20:50:26.776] [SEVERE ] updating countdown to 19533
[20:50:26.802] [SEVERE ] updating countdown to 19507
[20:50:26.828] [SEVERE ] updating countdown to 19481
[20:50:26.853] [SEVERE ] updating countdown to 19456
[20:50:26.879] [SEVERE ] updating countdown to 19430
[20:50:26.905] [SEVERE ] updating countdown to 19404
[20:50:26.932] [SEVERE ] updating countdown to 19377
[20:50:26.959] [SEVERE ] updating countdown to 19351
[20:50:26.985] [SEVERE ] updating countdown to 19324
[20:50:27.011] [SEVERE ] updating countdown to 19298
[20:50:27.036] [SEVERE ] updating countdown to 19273
[20:50:27.062] [SEVERE ] updating countdown to 19247
[20:50:27.088] [SEVERE ] updating countdown to 19221
[20:50:27.114] [SEVERE ] updating countdown to 19195
[20:50:27.140] [SEVERE ] updating countdown to 19169
[20:50:27.166] [SEVERE ] updating countdown to 19143
[20:50:27.192] [SEVERE ] updating countdown to 19117
[20:50:27.218] [SEVERE ] updating countdown to 19091
[20:50:27.244] [SEVERE ] updating countdown to 19065
[20:50:27.270] [SEVERE ] updating countdown to 19039
[20:50:27.297] [SEVERE ] updating countdown to 19012
[20:50:27.323] [SEVERE ] updating countdown to 18986
[20:50:27.349] [SEVERE ] updating countdown to 18960
[20:50:27.374] [SEVERE ] updating countdown to 18935
[20:50:27.400] [SEVERE ] updating countdown to 18909
[20:50:27.425] [SEVERE ] updating countdown to 18884
[20:50:27.451] [SEVERE ] updating countdown to 18858
[20:50:27.477] [SEVERE ] updating countdown to 18832
[20:50:27.504] [SEVERE ] updating countdown to 18805
[20:50:27.530] [SEVERE ] updating countdown to 18779
[20:50:27.556] [SEVERE ] updating countdown to 18753
[20:50:27.582] [SEVERE ] updating countdown to 18727
[20:50:27.609] [SEVERE ] updating countdown to 18700
[20:50:27.635] [SEVERE ] updating countdown to 18674
[20:50:27.662] [SEVERE ] updating countdown to 18647
[20:50:27.688] [SEVERE ] updating countdown to 18621
[20:50:27.714] [SEVERE ] updating countdown to 18595
[20:50:27.740] [SEVERE ] updating countdown to 18569
[20:50:27.766] [SEVERE ] updating countdown to 18543
[20:50:27.793] [SEVERE ] updating countdown to 18516
[20:50:27.819] [SEVERE ] updating countdown to 18490
[20:50:27.844] [SEVERE ] updating countdown to 18465
[20:50:27.871] [SEVERE ] updating countdown to 18438
[20:50:27.897] [SEVERE ] updating countdown to 18412
[20:50:27.923] [SEVERE ] updating countdown to 18386
[20:50:27.948] [SEVERE ] updating countdown to 18361
[20:50:27.974] [SEVERE ] updating countdown to 18335
[20:50:28.000] [SEVERE ] updating countdown to 18309
[20:50:28.026] [SEVERE ] updating countdown to 18283
[20:50:28.053] [SEVERE ] updating countdown to 18256
[20:50:28.079] [SEVERE ] updating countdown to 18230
[20:50:28.105] [SEVERE ] updating countdown to 18204
[20:50:28.131] [SEVERE ] updating countdown to 18178
[20:50:28.157] [SEVERE ] updating countdown to 18152
[20:50:28.183] [SEVERE ] updating countdown to 18126
[20:50:28.209] [SEVERE ] updating countdown to 18100
[20:50:28.235] [SEVERE ] updating countdown to 18074
[20:50:28.261] [SEVERE ] updating countdown to 18048
[20:50:28.286] [SEVERE ] updating countdown to 18023
[20:50:28.312] [SEVERE ] updating countdown to 17997
[20:50:28.338] [SEVERE ] updating countdown to 17971
[20:50:28.364] [SEVERE ] updating countdown to 17945
[20:50:28.389] [SEVERE ] updating countdown to 17920
[20:50:28.415] [SEVERE ] updating countdown to 17894
[20:50:28.441] [SEVERE ] updating countdown to 17868
[20:50:28.466] [SEVERE ] updating countdown to 17843
[20:50:28.492] [SEVERE ] updating countdown to 17817
[20:50:28.518] [SEVERE ] updating countdown to 17791
[20:50:28.543] [SEVERE ] updating countdown to 17766
[20:50:28.569] [SEVERE ] updating countdown to 17740
[20:50:28.594] [SEVERE ] updating countdown to 17715
[20:50:28.620] [SEVERE ] updating countdown to 17689
[20:50:28.645] [SEVERE ] updating countdown to 17664
[20:50:28.671] [SEVERE ] updating countdown to 17638
[20:50:28.698] [SEVERE ] updating countdown to 17611
[20:50:28.724] [SEVERE ] updating countdown to 17585
[20:50:28.751] [SEVERE ] updating countdown to 17558
[20:50:28.776] [SEVERE ] updating countdown to 17533
[20:50:28.803] [SEVERE ] updating countdown to 17506
[20:50:28.829] [SEVERE ] updating countdown to 17480
[20:50:28.856] [SEVERE ] updating countdown to 17453
[20:50:28.881] [SEVERE ] updating countdown to 17428
[20:50:28.907] [SEVERE ] updating countdown to 17402
[20:50:28.933] [SEVERE ] updating countdown to 17376
[20:50:28.959] [SEVERE ] updating countdown to 17350
[20:50:28.985] [SEVERE ] updating countdown to 17324
[20:50:29.010] [SEVERE ] updating countdown to 17299
[20:50:29.036] [SEVERE ] updating countdown to 17273
[20:50:29.062] [SEVERE ] updating countdown to 17247
[20:50:29.088] [SEVERE ] updating countdown to 17221
[20:50:29.115] [SEVERE ] updating countdown to 17194
[20:50:29.141] [SEVERE ] updating countdown to 17168
[20:50:29.167] [SEVERE ] updating countdown to 17142
[20:50:29.192] [SEVERE ] updating countdown to 17117
[20:50:29.218] [SEVERE ] updating countdown to 17091
[20:50:29.243] [SEVERE ] updating countdown to 17066
[20:50:29.269] [SEVERE ] updating countdown to 17040
[20:50:29.295] [SEVERE ] updating countdown to 17014
[20:50:29.321] [SEVERE ] updating countdown to 16988
[20:50:29.346] [SEVERE ] updating countdown to 16963
[20:50:29.372] [SEVERE ] updating countdown to 16937
[20:50:29.397] [SEVERE ] updating countdown to 16912
[20:50:29.424] [SEVERE ] updating countdown to 16885
[20:50:29.450] [SEVERE ] updating countdown to 16859
[20:50:29.476] [SEVERE ] updating countdown to 16833
[20:50:29.501] [SEVERE ] updating countdown to 16808
[20:50:29.527] [SEVERE ] updating countdown to 16782
[20:50:29.552] [SEVERE ] updating countdown to 16757
[20:50:29.578] [SEVERE ] updating countdown to 16731
[20:50:29.605] [SEVERE ] updating countdown to 16704
[20:50:29.630] [SEVERE ] updating countdown to 16679
[20:50:29.660] [SEVERE ] updating countdown to 16649
[20:50:29.686] [SEVERE ] updating countdown to 16623
[20:50:29.711] [SEVERE ] updating countdown to 16598
[20:50:29.737] [SEVERE ] updating countdown to 16572
[20:50:29.762] [SEVERE ] updating countdown to 16547
[20:50:29.788] [SEVERE ] updating countdown to 16521
[20:50:29.813] [SEVERE ] updating countdown to 16496
[20:50:29.839] [SEVERE ] updating countdown to 16470
[20:50:29.866] [SEVERE ] updating countdown to 16444
[20:50:29.891] [SEVERE ] updating countdown to 16418
[20:50:29.917] [SEVERE ] updating countdown to 16392
[20:50:29.943] [SEVERE ] updating countdown to 16366
[20:50:29.968] [SEVERE ] updating countdown to 16341
[20:50:29.994] [SEVERE ] updating countdown to 16315
[20:50:30.020] [SEVERE ] updating countdown to 16289
[20:50:30.045] [SEVERE ] updating countdown to 16264
[20:50:30.071] [SEVERE ] updating countdown to 16238
[20:50:30.097] [SEVERE ] updating countdown to 16212
[20:50:30.123] [SEVERE ] updating countdown to 16186
[20:50:30.149] [SEVERE ] updating countdown to 16160
[20:50:30.175] [SEVERE ] updating countdown to 16134
[20:50:30.201] [SEVERE ] updating countdown to 16108
[20:50:30.227] [SEVERE ] updating countdown to 16082
[20:50:30.252] [SEVERE ] updating countdown to 16057
[20:50:30.278] [SEVERE ] updating countdown to 16031
[20:50:30.304] [SEVERE ] updating countdown to 16005
[20:50:30.330] [SEVERE ] updating countdown to 15979
[20:50:30.356] [SEVERE ] updating countdown to 15953
[20:50:30.382] [SEVERE ] updating countdown to 15927
[20:50:30.408] [SEVERE ] updating countdown to 15901
[20:50:30.434] [SEVERE ] updating countdown to 15875
[20:50:30.460] [SEVERE ] updating countdown to 15849
[20:50:30.486] [SEVERE ] updating countdown to 15823
[20:50:30.511] [SEVERE ] updating countdown to 15798
[20:50:30.537] [SEVERE ] updating countdown to 15772
[20:50:30.563] [SEVERE ] updating countdown to 15746
[20:50:30.589] [SEVERE ] updating countdown to 15720
[20:50:30.614] [SEVERE ] updating countdown to 15695
[20:50:30.640] [SEVERE ] updating countdown to 15669
[20:50:30.666] [SEVERE ] updating countdown to 15643
[20:50:30.692] [SEVERE ] updating countdown to 15617
[20:50:30.717] [SEVERE ] updating countdown to 15592
[20:50:30.743] [SEVERE ] updating countdown to 15566
[20:50:30.769] [SEVERE ] updating countdown to 15540
[20:50:30.795] [SEVERE ] updating countdown to 15514
[20:50:30.821] [SEVERE ] updating countdown to 15488
[20:50:30.847] [SEVERE ] updating countdown to 15462
[20:50:30.872] [SEVERE ] updating countdown to 15437
[20:50:30.898] [SEVERE ] updating countdown to 15411
[20:50:30.924] [SEVERE ] updating countdown to 15386
[20:50:30.949] [SEVERE ] updating countdown to 15360
[20:50:30.975] [SEVERE ] updating countdown to 15334
[20:50:31.001] [SEVERE ] updating countdown to 15308
[20:50:31.026] [SEVERE ] updating countdown to 15283
[20:50:31.052] [SEVERE ] updating countdown to 15257
[20:50:31.077] [SEVERE ] updating countdown to 15232
[20:50:31.104] [SEVERE ] updating countdown to 15205
[20:50:31.131] [SEVERE ] updating countdown to 15178
[20:50:31.156] [SEVERE ] updating countdown to 15153
[20:50:31.182] [SEVERE ] updating countdown to 15127
[20:50:31.208] [SEVERE ] updating countdown to 15101
[20:50:31.234] [SEVERE ] updating countdown to 15075
[20:50:31.260] [SEVERE ] updating countdown to 15049
