[22:04:43.218] [INFO   ] thread bguspl.set.Main.main() starting.
[22:04:43.232] [SEVERE ] cannot read configuration file config.properties trying from resources.
[22:04:43.239] [SEVERE ] configuration file was loaded from resources directory.
[22:04:44.302] [INFO   ] thread dealer starting.
[22:04:44.303] [INFO   ] thread dealer starting.
[22:04:44.410] [SEVERE ] placing card 47 in slot 0
[22:04:44.511] [SEVERE ] placing card 51 in slot 1
[22:04:44.612] [SEVERE ] placing card 25 in slot 2
[22:04:44.714] [SEVERE ] placing card 56 in slot 3
[22:04:44.815] [SEVERE ] placing card 5 in slot 4
[22:04:44.918] [SEVERE ] placing card 70 in slot 5
[22:04:45.019] [SEVERE ] placing card 42 in slot 6
[22:04:45.122] [SEVERE ] placing card 43 in slot 7
[22:04:45.223] [SEVERE ] placing card 8 in slot 8
[22:04:45.324] [SEVERE ] placing card 77 in slot 9
[22:04:45.425] [SEVERE ] placing card 64 in slot 10
[22:04:45.526] [SEVERE ] placing card 9 in slot 11
[22:04:45.552] [SEVERE ] updating countdown to 59975
[22:04:45.579] [SEVERE ] updating countdown to 59949
[22:04:45.604] [SEVERE ] updating countdown to 59923
[22:04:45.630] [SEVERE ] updating countdown to 59897
[22:04:45.656] [SEVERE ] updating countdown to 59871
[22:04:45.682] [SEVERE ] updating countdown to 59845
[22:04:45.708] [SEVERE ] updating countdown to 59819
[22:04:45.734] [SEVERE ] updating countdown to 59793
[22:04:45.760] [SEVERE ] updating countdown to 59767
[22:04:45.786] [SEVERE ] updating countdown to 59741
[22:04:45.811] [SEVERE ] updating countdown to 59716
[22:04:45.837] [SEVERE ] updating countdown to 59690
[22:04:45.863] [SEVERE ] updating countdown to 59664
[22:04:45.890] [SEVERE ] updating countdown to 59637
[22:04:45.916] [SEVERE ] updating countdown to 59611
[22:04:45.943] [SEVERE ] updating countdown to 59584
[22:04:45.968] [SEVERE ] updating countdown to 59559
[22:04:45.995] [SEVERE ] updating countdown to 59532
[22:04:46.020] [SEVERE ] updating countdown to 59507
[22:04:46.046] [SEVERE ] updating countdown to 59481
[22:04:46.072] [SEVERE ] updating countdown to 59455
[22:04:46.098] [SEVERE ] updating countdown to 59429
[22:04:46.125] [SEVERE ] updating countdown to 59402
[22:04:46.151] [SEVERE ] updating countdown to 59376
[22:04:46.178] [SEVERE ] updating countdown to 59349
[22:04:46.205] [SEVERE ] updating countdown to 59322
[22:04:46.232] [SEVERE ] updating countdown to 59295
[22:04:46.258] [SEVERE ] updating countdown to 59269
[22:04:46.283] [SEVERE ] updating countdown to 59244
[22:04:46.310] [SEVERE ] updating countdown to 59217
[22:04:46.335] [SEVERE ] updating countdown to 59192
[22:04:46.361] [SEVERE ] updating countdown to 59166
[22:04:46.388] [SEVERE ] updating countdown to 59139
[22:04:46.414] [SEVERE ] updating countdown to 59113
[22:04:46.441] [SEVERE ] updating countdown to 59086
[22:04:46.468] [SEVERE ] updating countdown to 59059
[22:04:46.494] [SEVERE ] updating countdown to 59033
[22:04:46.519] [SEVERE ] updating countdown to 59008
[22:04:46.545] [SEVERE ] updating countdown to 58982
[22:04:46.571] [SEVERE ] updating countdown to 58956
[22:04:46.597] [SEVERE ] updating countdown to 58930
[22:04:46.623] [SEVERE ] updating countdown to 58904
[22:04:46.649] [SEVERE ] updating countdown to 58878
[22:04:46.677] [SEVERE ] updating countdown to 58850
[22:04:46.703] [SEVERE ] updating countdown to 58824
[22:04:46.729] [SEVERE ] updating countdown to 58798
[22:04:46.755] [SEVERE ] updating countdown to 58772
[22:04:46.780] [SEVERE ] updating countdown to 58747
[22:04:46.806] [SEVERE ] updating countdown to 58721
[22:04:46.832] [SEVERE ] updating countdown to 58695
[22:04:46.859] [SEVERE ] updating countdown to 58668
[22:04:46.886] [SEVERE ] updating countdown to 58641
[22:04:46.912] [SEVERE ] updating countdown to 58615
[22:04:46.939] [SEVERE ] updating countdown to 58588
[22:04:46.964] [SEVERE ] updating countdown to 58563
[22:04:46.991] [SEVERE ] updating countdown to 58536
[22:04:47.017] [SEVERE ] updating countdown to 58510
[22:04:47.043] [SEVERE ] updating countdown to 58484
[22:04:47.069] [SEVERE ] updating countdown to 58459
[22:04:47.095] [SEVERE ] updating countdown to 58432
[22:04:47.120] [SEVERE ] updating countdown to 58407
[22:04:47.146] [SEVERE ] updating countdown to 58381
[22:04:47.172] [SEVERE ] updating countdown to 58355
[22:04:47.199] [SEVERE ] updating countdown to 58328
[22:04:47.225] [SEVERE ] updating countdown to 58302
[22:04:47.251] [SEVERE ] updating countdown to 58276
[22:04:47.277] [SEVERE ] updating countdown to 58250
[22:04:47.303] [SEVERE ] updating countdown to 58224
[22:04:47.340] [SEVERE ] updating countdown to 58188
[22:04:47.366] [SEVERE ] updating countdown to 58161
[22:04:47.392] [SEVERE ] updating countdown to 58135
[22:04:47.417] [SEVERE ] updating countdown to 58110
[22:04:47.445] [SEVERE ] updating countdown to 58082
[22:04:47.471] [SEVERE ] updating countdown to 58056
[22:04:47.498] [SEVERE ] updating countdown to 58029
[22:04:47.525] [SEVERE ] updating countdown to 58002
[22:04:47.552] [SEVERE ] updating countdown to 57975
[22:04:47.578] [SEVERE ] updating countdown to 57949
[22:04:47.604] [SEVERE ] updating countdown to 57923
[22:04:47.630] [SEVERE ] updating countdown to 57897
[22:04:47.656] [SEVERE ] updating countdown to 57871
[22:04:47.681] [SEVERE ] updating countdown to 57846
[22:04:47.707] [SEVERE ] updating countdown to 57820
[22:04:47.734] [SEVERE ] updating countdown to 57793
[22:04:47.759] [SEVERE ] updating countdown to 57768
[22:04:47.785] [SEVERE ] updating countdown to 57742
[22:04:47.811] [SEVERE ] updating countdown to 57716
[22:04:47.837] [SEVERE ] updating countdown to 57690
[22:04:47.863] [SEVERE ] updating countdown to 57664
[22:04:47.889] [SEVERE ] updating countdown to 57638
[22:04:47.915] [SEVERE ] updating countdown to 57612
[22:04:47.941] [SEVERE ] updating countdown to 57586
[22:04:47.968] [SEVERE ] updating countdown to 57559
[22:04:47.994] [SEVERE ] updating countdown to 57533
[22:04:48.020] [SEVERE ] updating countdown to 57507
[22:04:48.046] [SEVERE ] updating countdown to 57481
[22:04:48.072] [SEVERE ] updating countdown to 57455
[22:04:48.099] [SEVERE ] updating countdown to 57428
[22:04:48.126] [SEVERE ] updating countdown to 57401
[22:04:48.153] [SEVERE ] updating countdown to 57374
[22:04:48.180] [SEVERE ] updating countdown to 57347
[22:04:48.207] [SEVERE ] updating countdown to 57320
[22:04:48.232] [SEVERE ] updating countdown to 57295
[22:04:48.258] [SEVERE ] updating countdown to 57269
[22:04:48.284] [SEVERE ] updating countdown to 57243
[22:04:48.310] [SEVERE ] updating countdown to 57217
[22:04:48.336] [SEVERE ] updating countdown to 57191
[22:04:48.362] [SEVERE ] updating countdown to 57165
[22:04:48.388] [SEVERE ] updating countdown to 57139
[22:04:48.415] [SEVERE ] updating countdown to 57112
[22:04:48.442] [SEVERE ] updating countdown to 57085
[22:04:48.468] [SEVERE ] updating countdown to 57059
[22:04:48.494] [SEVERE ] updating countdown to 57034
[22:04:48.519] [SEVERE ] updating countdown to 57008
[22:04:48.545] [SEVERE ] updating countdown to 56982
[22:04:48.571] [SEVERE ] updating countdown to 56956
[22:04:48.597] [SEVERE ] updating countdown to 56930
[22:04:48.623] [SEVERE ] updating countdown to 56904
[22:04:48.650] [SEVERE ] updating countdown to 56877
[22:04:48.677] [SEVERE ] updating countdown to 56850
[22:04:48.703] [SEVERE ] updating countdown to 56824
[22:04:48.729] [SEVERE ] updating countdown to 56798
[22:04:48.757] [SEVERE ] updating countdown to 56770
[22:04:48.784] [SEVERE ] updating countdown to 56744
[22:04:48.809] [SEVERE ] updating countdown to 56718
[22:04:48.835] [SEVERE ] updating countdown to 56692
[22:04:48.861] [SEVERE ] updating countdown to 56666
[22:04:48.887] [SEVERE ] updating countdown to 56640
[22:04:48.913] [SEVERE ] updating countdown to 56614
[22:04:48.939] [SEVERE ] updating countdown to 56588
[22:04:48.965] [SEVERE ] updating countdown to 56562
[22:04:48.992] [SEVERE ] updating countdown to 56535
[22:04:49.019] [SEVERE ] updating countdown to 56508
[22:04:49.044] [SEVERE ] updating countdown to 56483
[22:04:49.070] [SEVERE ] updating countdown to 56457
[22:04:49.097] [SEVERE ] updating countdown to 56430
[22:04:49.124] [SEVERE ] updating countdown to 56403
[22:04:49.151] [SEVERE ] updating countdown to 56376
[22:04:49.177] [SEVERE ] updating countdown to 56350
[22:04:49.203] [SEVERE ] updating countdown to 56324
[22:04:49.229] [SEVERE ] updating countdown to 56299
[22:04:49.255] [SEVERE ] updating countdown to 56272
[22:04:49.282] [SEVERE ] updating countdown to 56245
[22:04:49.308] [SEVERE ] updating countdown to 56219
[22:04:49.334] [SEVERE ] updating countdown to 56193
[22:04:49.360] [SEVERE ] updating countdown to 56167
[22:04:49.386] [SEVERE ] updating countdown to 56141
[22:04:49.411] [SEVERE ] updating countdown to 56116
[22:04:49.437] [SEVERE ] updating countdown to 56090
[22:04:49.463] [SEVERE ] updating countdown to 56064
[22:04:49.496] [SEVERE ] updating countdown to 56031
[22:04:49.522] [SEVERE ] updating countdown to 56006
[22:04:49.547] [SEVERE ] updating countdown to 55980
[22:04:49.574] [SEVERE ] updating countdown to 55953
[22:04:49.600] [SEVERE ] updating countdown to 55927
[22:04:49.627] [SEVERE ] updating countdown to 55900
[22:04:49.653] [SEVERE ] updating countdown to 55874
[22:04:49.679] [SEVERE ] updating countdown to 55848
[22:04:49.711] [SEVERE ] updating countdown to 55816
[22:04:49.737] [SEVERE ] updating countdown to 55790
[22:04:49.764] [SEVERE ] updating countdown to 55763
[22:04:49.790] [SEVERE ] updating countdown to 55737
[22:04:49.817] [SEVERE ] updating countdown to 55710
[22:04:49.843] [SEVERE ] updating countdown to 55684
[22:04:49.869] [SEVERE ] updating countdown to 55658
[22:04:49.895] [SEVERE ] updating countdown to 55632
[22:04:49.921] [SEVERE ] updating countdown to 55606
[22:04:49.947] [SEVERE ] updating countdown to 55580
[22:04:49.973] [SEVERE ] updating countdown to 55554
[22:04:50.000] [SEVERE ] updating countdown to 55527
[22:04:50.025] [SEVERE ] updating countdown to 55502
[22:04:50.051] [SEVERE ] updating countdown to 55476
[22:04:50.086] [SEVERE ] updating countdown to 55441
[22:04:50.113] [SEVERE ] updating countdown to 55414
[22:04:50.139] [SEVERE ] updating countdown to 55388
[22:04:50.166] [SEVERE ] updating countdown to 55361
[22:04:50.193] [SEVERE ] updating countdown to 55335
[22:04:50.218] [SEVERE ] updating countdown to 55309
[22:04:50.244] [SEVERE ] updating countdown to 55283
[22:04:50.270] [SEVERE ] updating countdown to 55257
[22:04:50.296] [SEVERE ] updating countdown to 55231
[22:04:50.322] [SEVERE ] updating countdown to 55205
[22:04:50.348] [SEVERE ] updating countdown to 55179
[22:04:50.374] [SEVERE ] updating countdown to 55153
[22:04:50.400] [SEVERE ] updating countdown to 55127
[22:04:50.426] [SEVERE ] updating countdown to 55101
[22:04:50.452] [SEVERE ] updating countdown to 55075
[22:04:50.478] [SEVERE ] updating countdown to 55049
[22:04:50.504] [SEVERE ] updating countdown to 55023
[22:04:50.530] [SEVERE ] updating countdown to 54997
[22:04:50.556] [SEVERE ] updating countdown to 54971
[22:04:50.582] [SEVERE ] updating countdown to 54945
[22:04:50.607] [SEVERE ] updating countdown to 54920
[22:04:50.633] [SEVERE ] updating countdown to 54894
[22:04:50.660] [SEVERE ] updating countdown to 54867
[22:04:50.686] [SEVERE ] updating countdown to 54841
[22:04:50.712] [SEVERE ] updating countdown to 54815
[22:04:50.738] [SEVERE ] updating countdown to 54789
[22:04:50.763] [SEVERE ] updating countdown to 54764
[22:04:50.789] [SEVERE ] updating countdown to 54738
[22:04:50.816] [SEVERE ] updating countdown to 54711
[22:04:50.842] [SEVERE ] updating countdown to 54685
[22:04:50.867] [SEVERE ] updating countdown to 54660
[22:04:50.893] [SEVERE ] updating countdown to 54634
[22:04:50.919] [SEVERE ] updating countdown to 54608
[22:04:50.944] [SEVERE ] updating countdown to 54583
[22:04:50.970] [SEVERE ] updating countdown to 54557
[22:04:50.996] [SEVERE ] updating countdown to 54531
[22:04:51.023] [SEVERE ] updating countdown to 54504
[22:04:51.053] [SEVERE ] updating countdown to 54474
[22:04:51.078] [SEVERE ] updating countdown to 54449
[22:04:51.104] [SEVERE ] updating countdown to 54423
[22:04:51.130] [SEVERE ] updating countdown to 54397
[22:04:51.156] [SEVERE ] updating countdown to 54371
[22:04:51.181] [SEVERE ] updating countdown to 54346
[22:04:51.207] [SEVERE ] updating countdown to 54320
[22:04:51.235] [SEVERE ] updating countdown to 54292
[22:04:51.261] [SEVERE ] updating countdown to 54266
[22:04:51.287] [SEVERE ] updating countdown to 54240
[22:04:51.313] [SEVERE ] updating countdown to 54214
[22:04:51.339] [SEVERE ] updating countdown to 54188
[22:04:51.366] [SEVERE ] updating countdown to 54161
[22:04:51.391] [SEVERE ] updating countdown to 54136
[22:04:51.418] [SEVERE ] updating countdown to 54109
[22:04:51.443] [SEVERE ] updating countdown to 54084
[22:04:51.469] [SEVERE ] updating countdown to 54058
[22:04:51.495] [SEVERE ] updating countdown to 54032
[22:04:51.521] [SEVERE ] updating countdown to 54006
[22:04:51.548] [SEVERE ] updating countdown to 53979
[22:04:51.574] [SEVERE ] updating countdown to 53953
[22:04:51.606] [SEVERE ] updating countdown to 53921
[22:04:51.632] [SEVERE ] updating countdown to 53895
[22:04:51.658] [SEVERE ] updating countdown to 53869
[22:04:51.685] [SEVERE ] updating countdown to 53842
[22:04:51.710] [SEVERE ] updating countdown to 53817
[22:04:51.736] [SEVERE ] updating countdown to 53791
[22:04:51.762] [SEVERE ] updating countdown to 53765
[22:04:51.788] [SEVERE ] updating countdown to 53739
[22:04:51.814] [SEVERE ] updating countdown to 53713
[22:04:51.840] [SEVERE ] updating countdown to 53687
[22:04:51.866] [SEVERE ] updating countdown to 53661
[22:04:51.892] [SEVERE ] updating countdown to 53636
[22:04:51.918] [SEVERE ] updating countdown to 53609
[22:04:51.944] [SEVERE ] updating countdown to 53583
[22:04:51.970] [SEVERE ] updating countdown to 53557
[22:04:51.996] [SEVERE ] updating countdown to 53531
[22:04:52.022] [SEVERE ] updating countdown to 53505
[22:04:52.048] [SEVERE ] updating countdown to 53479
[22:04:52.074] [SEVERE ] updating countdown to 53453
[22:04:52.100] [SEVERE ] updating countdown to 53427
[22:04:52.127] [SEVERE ] updating countdown to 53400
[22:04:52.153] [SEVERE ] updating countdown to 53374
[22:04:52.178] [SEVERE ] updating countdown to 53349
[22:04:52.204] [SEVERE ] updating countdown to 53323
[22:04:52.230] [SEVERE ] updating countdown to 53297
[22:04:52.256] [SEVERE ] updating countdown to 53271
[22:04:52.282] [SEVERE ] updating countdown to 53245
[22:04:52.308] [SEVERE ] updating countdown to 53219
[22:04:52.334] [SEVERE ] updating countdown to 53193
[22:04:52.360] [SEVERE ] updating countdown to 53167
[22:04:52.386] [SEVERE ] updating countdown to 53141
[22:04:52.412] [SEVERE ] updating countdown to 53115
[22:04:52.438] [SEVERE ] updating countdown to 53089
[22:04:52.464] [SEVERE ] updating countdown to 53063
[22:04:52.490] [SEVERE ] updating countdown to 53037
[22:04:52.516] [SEVERE ] updating countdown to 53011
[22:04:52.542] [SEVERE ] updating countdown to 52985
[22:04:52.568] [SEVERE ] updating countdown to 52959
[22:04:52.593] [SEVERE ] updating countdown to 52934
[22:04:52.619] [SEVERE ] updating countdown to 52908
[22:04:52.645] [SEVERE ] updating countdown to 52882
[22:04:52.672] [SEVERE ] updating countdown to 52855
[22:04:52.698] [SEVERE ] updating countdown to 52829
[22:04:52.724] [SEVERE ] updating countdown to 52803
[22:04:52.749] [SEVERE ] updating countdown to 52778
[22:04:52.775] [SEVERE ] updating countdown to 52752
[22:04:52.801] [SEVERE ] updating countdown to 52726
[22:04:52.827] [SEVERE ] updating countdown to 52700
[22:04:52.853] [SEVERE ] updating countdown to 52674
[22:04:52.879] [SEVERE ] updating countdown to 52648
[22:04:52.908] [SEVERE ] updating countdown to 52619
[22:04:52.934] [SEVERE ] updating countdown to 52593
[22:04:52.959] [SEVERE ] updating countdown to 52568
[22:04:52.985] [SEVERE ] updating countdown to 52542
[22:04:53.011] [SEVERE ] updating countdown to 52516
[22:04:53.037] [SEVERE ] updating countdown to 52490
[22:04:53.063] [SEVERE ] updating countdown to 52464
[22:04:53.090] [SEVERE ] updating countdown to 52437
[22:04:53.115] [SEVERE ] updating countdown to 52412
[22:04:53.141] [SEVERE ] updating countdown to 52386
[22:04:53.167] [SEVERE ] updating countdown to 52360
[22:04:53.193] [SEVERE ] updating countdown to 52334
[22:04:53.218] [SEVERE ] updating countdown to 52309
[22:04:53.244] [SEVERE ] updating countdown to 52283
[22:04:53.270] [SEVERE ] updating countdown to 52257
[22:04:53.295] [SEVERE ] updating countdown to 52232
[22:04:53.321] [SEVERE ] updating countdown to 52206
[22:04:53.347] [SEVERE ] updating countdown to 52180
[22:04:53.373] [SEVERE ] updating countdown to 52154
[22:04:53.399] [SEVERE ] updating countdown to 52128
[22:04:53.424] [SEVERE ] updating countdown to 52103
[22:04:53.451] [SEVERE ] updating countdown to 52076
[22:04:53.477] [SEVERE ] updating countdown to 52050
[22:04:53.503] [SEVERE ] updating countdown to 52024
[22:04:53.530] [SEVERE ] updating countdown to 51997
[22:04:53.556] [SEVERE ] updating countdown to 51971
[22:04:53.583] [SEVERE ] updating countdown to 51944
[22:04:53.609] [SEVERE ] updating countdown to 51918
[22:04:53.634] [SEVERE ] updating countdown to 51893
[22:04:53.660] [SEVERE ] updating countdown to 51867
[22:04:53.688] [SEVERE ] updating countdown to 51839
[22:04:53.713] [SEVERE ] updating countdown to 51814
[22:04:53.744] [SEVERE ] updating countdown to 51783
[22:04:53.770] [SEVERE ] updating countdown to 51757
[22:04:53.796] [SEVERE ] updating countdown to 51731
[22:04:53.822] [SEVERE ] updating countdown to 51705
[22:04:53.848] [SEVERE ] updating countdown to 51679
[22:04:53.874] [SEVERE ] updating countdown to 51653
[22:04:53.899] [SEVERE ] updating countdown to 51628
[22:04:53.925] [SEVERE ] updating countdown to 51602
[22:04:53.951] [SEVERE ] updating countdown to 51576
[22:04:53.977] [SEVERE ] updating countdown to 51550
[22:04:54.003] [SEVERE ] updating countdown to 51525
[22:04:54.028] [SEVERE ] updating countdown to 51499
[22:04:54.054] [SEVERE ] updating countdown to 51473
[22:04:54.080] [SEVERE ] updating countdown to 51447
[22:04:54.107] [SEVERE ] updating countdown to 51420
[22:04:54.132] [SEVERE ] updating countdown to 51395
[22:04:54.158] [SEVERE ] updating countdown to 51369
[22:04:54.184] [SEVERE ] updating countdown to 51343
[22:04:54.210] [SEVERE ] updating countdown to 51317
[22:04:54.236] [SEVERE ] updating countdown to 51291
[22:04:54.262] [SEVERE ] updating countdown to 51265
[22:04:54.288] [SEVERE ] updating countdown to 51239
[22:04:54.314] [SEVERE ] updating countdown to 51213
[22:04:54.340] [SEVERE ] updating countdown to 51187
[22:04:54.367] [SEVERE ] updating countdown to 51160
[22:04:54.393] [SEVERE ] updating countdown to 51134
[22:04:54.418] [SEVERE ] updating countdown to 51109
[22:04:54.444] [SEVERE ] updating countdown to 51083
[22:04:54.470] [SEVERE ] updating countdown to 51057
[22:04:54.497] [SEVERE ] updating countdown to 51030
[22:04:54.523] [SEVERE ] updating countdown to 51004
[22:04:54.549] [SEVERE ] updating countdown to 50978
[22:04:54.578] [SEVERE ] updating countdown to 50949
[22:04:54.603] [SEVERE ] updating countdown to 50924
[22:04:54.629] [SEVERE ] updating countdown to 50898
[22:04:54.655] [SEVERE ] updating countdown to 50872
[22:04:54.681] [SEVERE ] updating countdown to 50846
[22:04:54.707] [SEVERE ] updating countdown to 50820
[22:04:54.732] [SEVERE ] updating countdown to 50795
[22:04:54.758] [SEVERE ] updating countdown to 50769
[22:04:54.784] [SEVERE ] updating countdown to 50743
[22:04:54.810] [SEVERE ] updating countdown to 50717
[22:04:54.836] [SEVERE ] updating countdown to 50691
[22:04:54.862] [SEVERE ] updating countdown to 50665
[22:04:54.888] [SEVERE ] updating countdown to 50639
[22:04:54.913] [SEVERE ] updating countdown to 50614
[22:04:54.939] [SEVERE ] updating countdown to 50588
[22:04:54.967] [SEVERE ] updating countdown to 50560
[22:04:54.993] [SEVERE ] updating countdown to 50534
[22:04:55.019] [SEVERE ] updating countdown to 50508
[22:04:55.044] [SEVERE ] updating countdown to 50483
[22:04:55.070] [SEVERE ] updating countdown to 50457
[22:04:55.096] [SEVERE ] updating countdown to 50431
[22:04:55.122] [SEVERE ] updating countdown to 50405
[22:04:55.148] [SEVERE ] updating countdown to 50379
[22:04:55.174] [SEVERE ] updating countdown to 50353
[22:04:55.200] [SEVERE ] updating countdown to 50327
[22:04:55.225] [SEVERE ] updating countdown to 50302
[22:04:55.251] [SEVERE ] updating countdown to 50276
[22:04:55.278] [SEVERE ] updating countdown to 50249
[22:04:55.304] [SEVERE ] updating countdown to 50223
[22:04:55.329] [SEVERE ] updating countdown to 50198
[22:04:55.355] [SEVERE ] updating countdown to 50172
[22:04:55.381] [SEVERE ] updating countdown to 50146
[22:04:55.408] [SEVERE ] updating countdown to 50119
[22:04:55.434] [SEVERE ] updating countdown to 50093
[22:04:55.461] [SEVERE ] updating countdown to 50066
[22:04:55.486] [SEVERE ] updating countdown to 50041
[22:04:55.513] [SEVERE ] updating countdown to 50014
[22:04:55.539] [SEVERE ] updating countdown to 49988
[22:04:55.565] [SEVERE ] updating countdown to 49962
[22:04:55.591] [SEVERE ] updating countdown to 49936
[22:04:55.616] [SEVERE ] updating countdown to 49911
[22:04:55.642] [SEVERE ] updating countdown to 49885
[22:04:55.668] [SEVERE ] updating countdown to 49859
[22:04:55.693] [SEVERE ] updating countdown to 49834
[22:04:55.719] [SEVERE ] updating countdown to 49808
[22:04:55.745] [SEVERE ] updating countdown to 49782
[22:04:55.772] [SEVERE ] updating countdown to 49755
[22:04:55.798] [SEVERE ] updating countdown to 49729
[22:04:55.824] [SEVERE ] updating countdown to 49703
[22:04:55.854] [SEVERE ] updating countdown to 49673
[22:04:55.882] [SEVERE ] updating countdown to 49645
[22:04:55.909] [SEVERE ] updating countdown to 49618
[22:04:55.935] [SEVERE ] updating countdown to 49592
[22:04:55.962] [SEVERE ] updating countdown to 49565
[22:04:55.989] [SEVERE ] updating countdown to 49538
[22:04:56.015] [SEVERE ] updating countdown to 49512
[22:04:56.041] [SEVERE ] updating countdown to 49486
[22:04:56.067] [SEVERE ] updating countdown to 49460
[22:04:56.093] [SEVERE ] updating countdown to 49434
[22:04:56.118] [SEVERE ] updating countdown to 49409
[22:04:56.144] [SEVERE ] updating countdown to 49383
[22:04:56.170] [SEVERE ] updating countdown to 49357
[22:04:56.195] [SEVERE ] updating countdown to 49332
[22:04:56.221] [SEVERE ] updating countdown to 49306
[22:04:56.248] [SEVERE ] updating countdown to 49279
[22:04:56.274] [SEVERE ] updating countdown to 49253
[22:04:56.300] [SEVERE ] updating countdown to 49227
[22:04:56.326] [SEVERE ] updating countdown to 49201
[22:04:56.352] [SEVERE ] updating countdown to 49175
[22:04:56.378] [SEVERE ] updating countdown to 49149
[22:04:56.403] [SEVERE ] updating countdown to 49124
[22:04:56.429] [SEVERE ] updating countdown to 49098
[22:04:56.455] [SEVERE ] updating countdown to 49072
[22:04:56.481] [SEVERE ] updating countdown to 49046
[22:04:56.507] [SEVERE ] updating countdown to 49020
[22:04:56.533] [SEVERE ] updating countdown to 48994
[22:04:56.559] [SEVERE ] updating countdown to 48968
[22:04:56.584] [SEVERE ] updating countdown to 48943
[22:04:56.611] [SEVERE ] updating countdown to 48916
[22:04:56.637] [SEVERE ] updating countdown to 48890
[22:04:56.663] [SEVERE ] updating countdown to 48864
[22:04:56.688] [SEVERE ] updating countdown to 48839
[22:04:56.714] [SEVERE ] updating countdown to 48813
[22:04:56.740] [SEVERE ] updating countdown to 48787
[22:04:56.765] [SEVERE ] updating countdown to 48762
[22:04:56.791] [SEVERE ] updating countdown to 48736
[22:04:56.817] [SEVERE ] updating countdown to 48710
[22:04:56.843] [SEVERE ] updating countdown to 48684
[22:04:56.868] [SEVERE ] updating countdown to 48659
[22:04:56.894] [SEVERE ] updating countdown to 48633
[22:04:56.920] [SEVERE ] updating countdown to 48607
[22:04:56.946] [SEVERE ] updating countdown to 48581
[22:04:56.971] [SEVERE ] updating countdown to 48556
[22:04:56.997] [SEVERE ] updating countdown to 48530
[22:04:57.023] [SEVERE ] updating countdown to 48504
[22:04:57.049] [SEVERE ] updating countdown to 48478
[22:04:57.075] [SEVERE ] updating countdown to 48452
[22:04:57.101] [SEVERE ] updating countdown to 48426
[22:04:57.127] [SEVERE ] updating countdown to 48400
[22:04:57.153] [SEVERE ] updating countdown to 48374
[22:04:57.179] [SEVERE ] updating countdown to 48348
[22:04:57.204] [SEVERE ] updating countdown to 48323
[22:04:57.230] [SEVERE ] updating countdown to 48297
[22:04:57.256] [SEVERE ] updating countdown to 48271
[22:04:57.283] [SEVERE ] updating countdown to 48244
[22:04:57.309] [SEVERE ] updating countdown to 48218
[22:04:57.336] [SEVERE ] updating countdown to 48191
[22:04:57.362] [SEVERE ] updating countdown to 48165
[22:04:57.388] [SEVERE ] updating countdown to 48139
[22:04:57.413] [SEVERE ] updating countdown to 48114
[22:04:57.439] [SEVERE ] updating countdown to 48088
[22:04:57.465] [SEVERE ] updating countdown to 48062
[22:04:57.491] [SEVERE ] updating countdown to 48036
[22:04:57.517] [SEVERE ] updating countdown to 48010
[22:04:57.543] [SEVERE ] updating countdown to 47984
[22:04:57.569] [SEVERE ] updating countdown to 47958
[22:04:57.595] [SEVERE ] updating countdown to 47932
[22:04:57.622] [SEVERE ] updating countdown to 47905
[22:04:57.648] [SEVERE ] updating countdown to 47879
[22:04:57.674] [SEVERE ] updating countdown to 47853
[22:04:57.700] [SEVERE ] updating countdown to 47827
[22:04:57.726] [SEVERE ] updating countdown to 47801
[22:04:57.752] [SEVERE ] updating countdown to 47775
[22:04:57.778] [SEVERE ] updating countdown to 47749
[22:04:57.804] [SEVERE ] updating countdown to 47723
[22:04:57.831] [SEVERE ] updating countdown to 47696
[22:04:57.856] [SEVERE ] updating countdown to 47671
[22:04:57.882] [SEVERE ] updating countdown to 47645
[22:04:57.909] [SEVERE ] updating countdown to 47618
[22:04:57.934] [SEVERE ] updating countdown to 47593
[22:04:57.961] [SEVERE ] updating countdown to 47566
[22:04:57.987] [SEVERE ] updating countdown to 47540
[22:04:58.012] [SEVERE ] updating countdown to 47515
[22:04:58.038] [SEVERE ] updating countdown to 47489
[22:04:58.064] [SEVERE ] updating countdown to 47463
[22:04:58.089] [SEVERE ] updating countdown to 47438
[22:04:58.115] [SEVERE ] updating countdown to 47412
[22:04:58.140] [SEVERE ] updating countdown to 47387
[22:04:58.166] [SEVERE ] updating countdown to 47361
[22:04:58.193] [SEVERE ] updating countdown to 47334
[22:04:58.218] [SEVERE ] updating countdown to 47309
[22:04:58.244] [SEVERE ] updating countdown to 47283
[22:04:58.272] [SEVERE ] updating countdown to 47256
[22:04:58.297] [SEVERE ] updating countdown to 47230
[22:04:58.323] [SEVERE ] updating countdown to 47204
[22:04:58.348] [SEVERE ] updating countdown to 47179
[22:04:58.374] [SEVERE ] updating countdown to 47153
[22:04:58.401] [SEVERE ] updating countdown to 47126
[22:04:58.428] [SEVERE ] updating countdown to 47099
[22:04:58.454] [SEVERE ] updating countdown to 47073
[22:04:58.480] [SEVERE ] updating countdown to 47047
[22:04:58.510] [SEVERE ] updating countdown to 47017
[22:04:58.537] [SEVERE ] updating countdown to 46990
[22:04:58.563] [SEVERE ] updating countdown to 46964
[22:04:58.590] [SEVERE ] updating countdown to 46937
[22:04:58.617] [SEVERE ] updating countdown to 46910
[22:04:58.643] [SEVERE ] updating countdown to 46884
[22:04:58.669] [SEVERE ] updating countdown to 46859
[22:04:58.695] [SEVERE ] updating countdown to 46832
[22:04:58.721] [SEVERE ] updating countdown to 46806
[22:04:58.746] [SEVERE ] updating countdown to 46781
[22:04:58.772] [SEVERE ] updating countdown to 46755
[22:04:58.798] [SEVERE ] updating countdown to 46729
[22:04:58.824] [SEVERE ] updating countdown to 46703
[22:04:58.849] [SEVERE ] updating countdown to 46678
[22:04:58.875] [SEVERE ] updating countdown to 46652
[22:04:58.901] [SEVERE ] updating countdown to 46626
[22:04:58.926] [SEVERE ] updating countdown to 46601
[22:04:58.952] [SEVERE ] updating countdown to 46575
[22:04:58.977] [SEVERE ] updating countdown to 46550
[22:04:59.003] [SEVERE ] updating countdown to 46524
[22:04:59.029] [SEVERE ] updating countdown to 46498
[22:04:59.055] [SEVERE ] updating countdown to 46472
[22:04:59.080] [SEVERE ] updating countdown to 46447
[22:04:59.106] [SEVERE ] updating countdown to 46421
[22:04:59.131] [SEVERE ] updating countdown to 46396
[22:04:59.157] [SEVERE ] updating countdown to 46370
[22:04:59.183] [SEVERE ] updating countdown to 46344
[22:04:59.209] [SEVERE ] updating countdown to 46318
[22:04:59.235] [SEVERE ] updating countdown to 46292
[22:04:59.261] [SEVERE ] updating countdown to 46266
[22:04:59.286] [SEVERE ] updating countdown to 46241
[22:04:59.312] [SEVERE ] updating countdown to 46215
[22:04:59.338] [SEVERE ] updating countdown to 46189
[22:04:59.364] [SEVERE ] updating countdown to 46163
[22:04:59.390] [SEVERE ] updating countdown to 46137
[22:04:59.417] [SEVERE ] updating countdown to 46110
[22:04:59.443] [SEVERE ] updating countdown to 46084
[22:04:59.469] [SEVERE ] updating countdown to 46058
[22:04:59.496] [SEVERE ] updating countdown to 46031
[22:04:59.522] [SEVERE ] updating countdown to 46005
[22:04:59.547] [SEVERE ] updating countdown to 45980
[22:04:59.573] [SEVERE ] updating countdown to 45954
[22:04:59.599] [SEVERE ] updating countdown to 45928
[22:04:59.624] [SEVERE ] updating countdown to 45903
[22:04:59.650] [SEVERE ] updating countdown to 45877
[22:04:59.677] [SEVERE ] updating countdown to 45850
[22:04:59.703] [SEVERE ] updating countdown to 45824
[22:04:59.729] [SEVERE ] updating countdown to 45798
[22:04:59.755] [SEVERE ] updating countdown to 45772
[22:04:59.781] [SEVERE ] updating countdown to 45746
[22:04:59.807] [SEVERE ] updating countdown to 45720
[22:04:59.833] [SEVERE ] updating countdown to 45694
[22:04:59.859] [SEVERE ] updating countdown to 45668
[22:04:59.886] [SEVERE ] updating countdown to 45641
[22:04:59.912] [SEVERE ] updating countdown to 45615
[22:04:59.938] [SEVERE ] updating countdown to 45589
[22:04:59.965] [SEVERE ] updating countdown to 45562
[22:04:59.990] [SEVERE ] updating countdown to 45537
[22:05:00.016] [SEVERE ] updating countdown to 45511
[22:05:00.042] [SEVERE ] updating countdown to 45485
[22:05:00.068] [SEVERE ] updating countdown to 45459
[22:05:00.093] [SEVERE ] updating countdown to 45434
[22:05:00.119] [SEVERE ] updating countdown to 45408
[22:05:00.145] [SEVERE ] updating countdown to 45382
[22:05:00.171] [SEVERE ] updating countdown to 45356
[22:05:00.197] [SEVERE ] updating countdown to 45330
[22:05:00.224] [SEVERE ] updating countdown to 45303
[22:05:00.251] [SEVERE ] updating countdown to 45276
[22:05:00.276] [SEVERE ] updating countdown to 45251
[22:05:00.303] [SEVERE ] updating countdown to 45224
[22:05:00.330] [SEVERE ] updating countdown to 45197
[22:05:00.355] [SEVERE ] updating countdown to 45172
[22:05:00.383] [SEVERE ] updating countdown to 45144
[22:05:00.408] [SEVERE ] updating countdown to 45119
[22:05:00.434] [SEVERE ] updating countdown to 45093
[22:05:00.460] [SEVERE ] updating countdown to 45067
[22:05:00.486] [SEVERE ] updating countdown to 45041
[22:05:00.511] [SEVERE ] updating countdown to 45016
[22:05:00.537] [SEVERE ] updating countdown to 44990
[22:05:00.563] [SEVERE ] updating countdown to 44964
[22:05:00.589] [SEVERE ] updating countdown to 44938
[22:05:00.615] [SEVERE ] updating countdown to 44912
[22:05:00.641] [SEVERE ] updating countdown to 44886
[22:05:00.667] [SEVERE ] updating countdown to 44860
[22:05:00.693] [SEVERE ] updating countdown to 44834
[22:05:00.718] [SEVERE ] updating countdown to 44809
[22:05:00.744] [SEVERE ] updating countdown to 44783
[22:05:00.770] [SEVERE ] updating countdown to 44757
[22:05:00.795] [SEVERE ] updating countdown to 44732
[22:05:00.822] [SEVERE ] updating countdown to 44705
[22:05:00.847] [SEVERE ] updating countdown to 44680
[22:05:00.873] [SEVERE ] updating countdown to 44654
[22:05:00.899] [SEVERE ] updating countdown to 44628
[22:05:00.925] [SEVERE ] updating countdown to 44602
[22:05:00.952] [SEVERE ] updating countdown to 44575
[22:05:00.978] [SEVERE ] updating countdown to 44549
[22:05:01.004] [SEVERE ] updating countdown to 44523
[22:05:01.030] [SEVERE ] updating countdown to 44497
[22:05:01.057] [SEVERE ] updating countdown to 44470
[22:05:01.082] [SEVERE ] updating countdown to 44445
[22:05:01.108] [SEVERE ] updating countdown to 44419
[22:05:01.134] [SEVERE ] updating countdown to 44393
[22:05:01.159] [SEVERE ] updating countdown to 44368
[22:05:01.185] [SEVERE ] updating countdown to 44342
[22:05:01.211] [SEVERE ] updating countdown to 44316
[22:05:01.237] [SEVERE ] updating countdown to 44290
[22:05:01.263] [SEVERE ] updating countdown to 44264
[22:05:01.289] [SEVERE ] updating countdown to 44239
[22:05:01.315] [SEVERE ] updating countdown to 44212
[22:05:01.341] [SEVERE ] updating countdown to 44186
[22:05:01.367] [SEVERE ] updating countdown to 44160
[22:05:01.393] [SEVERE ] updating countdown to 44134
[22:05:01.418] [SEVERE ] updating countdown to 44109
[22:05:01.444] [SEVERE ] updating countdown to 44083
[22:05:01.470] [SEVERE ] updating countdown to 44057
[22:05:01.496] [SEVERE ] updating countdown to 44031
[22:05:01.522] [SEVERE ] updating countdown to 44005
[22:05:01.549] [SEVERE ] updating countdown to 43978
[22:05:01.575] [SEVERE ] updating countdown to 43952
[22:05:01.601] [SEVERE ] updating countdown to 43926
[22:05:01.628] [SEVERE ] updating countdown to 43899
[22:05:01.654] [SEVERE ] updating countdown to 43873
[22:05:01.680] [SEVERE ] updating countdown to 43847
[22:05:01.706] [SEVERE ] updating countdown to 43821
[22:05:01.732] [SEVERE ] updating countdown to 43795
[22:05:01.758] [SEVERE ] updating countdown to 43769
[22:05:01.793] [SEVERE ] updating countdown to 43734
[22:05:01.819] [SEVERE ] updating countdown to 43708
[22:05:01.844] [SEVERE ] updating countdown to 43683
[22:05:01.870] [SEVERE ] updating countdown to 43657
[22:05:01.896] [SEVERE ] updating countdown to 43631
[22:05:01.922] [SEVERE ] updating countdown to 43605
[22:05:01.948] [SEVERE ] updating countdown to 43579
[22:05:01.974] [SEVERE ] updating countdown to 43553
[22:05:02.000] [SEVERE ] updating countdown to 43527
[22:05:02.026] [SEVERE ] updating countdown to 43501
[22:05:02.053] [SEVERE ] updating countdown to 43474
[22:05:02.079] [SEVERE ] updating countdown to 43448
[22:05:02.104] [SEVERE ] updating countdown to 43423
[22:05:02.130] [SEVERE ] updating countdown to 43397
[22:05:02.156] [SEVERE ] updating countdown to 43371
[22:05:02.181] [SEVERE ] updating countdown to 43346
[22:05:02.211] [SEVERE ] updating countdown to 43316
[22:05:02.237] [SEVERE ] updating countdown to 43290
[22:05:02.263] [SEVERE ] updating countdown to 43264
[22:05:02.289] [SEVERE ] updating countdown to 43238
[22:05:02.315] [SEVERE ] updating countdown to 43212
[22:05:02.341] [SEVERE ] updating countdown to 43186
[22:05:02.366] [SEVERE ] updating countdown to 43161
[22:05:02.392] [SEVERE ] updating countdown to 43135
[22:05:02.417] [SEVERE ] updating countdown to 43110
[22:05:02.443] [SEVERE ] updating countdown to 43084
[22:05:02.469] [SEVERE ] updating countdown to 43058
[22:05:02.495] [SEVERE ] updating countdown to 43032
[22:05:02.521] [SEVERE ] updating countdown to 43006
[22:05:02.546] [SEVERE ] updating countdown to 42981
[22:05:02.572] [SEVERE ] updating countdown to 42955
[22:05:02.598] [SEVERE ] updating countdown to 42929
[22:05:02.624] [SEVERE ] updating countdown to 42903
[22:05:02.649] [SEVERE ] updating countdown to 42878
[22:05:02.675] [SEVERE ] updating countdown to 42852
[22:05:02.701] [SEVERE ] updating countdown to 42826
[22:05:02.726] [SEVERE ] updating countdown to 42801
[22:05:02.753] [SEVERE ] updating countdown to 42774
[22:05:02.779] [SEVERE ] updating countdown to 42748
[22:05:02.805] [SEVERE ] updating countdown to 42722
[22:05:02.831] [SEVERE ] updating countdown to 42696
[22:05:02.857] [SEVERE ] updating countdown to 42670
[22:05:02.882] [SEVERE ] updating countdown to 42645
[22:05:02.908] [SEVERE ] updating countdown to 42619
[22:05:02.935] [SEVERE ] updating countdown to 42592
[22:05:02.960] [SEVERE ] updating countdown to 42567
[22:05:02.986] [SEVERE ] updating countdown to 42541
[22:05:03.012] [SEVERE ] updating countdown to 42515
[22:05:03.037] [SEVERE ] updating countdown to 42490
[22:05:03.063] [SEVERE ] updating countdown to 42464
[22:05:03.091] [SEVERE ] updating countdown to 42436
[22:05:03.117] [SEVERE ] updating countdown to 42410
[22:05:03.144] [SEVERE ] updating countdown to 42383
[22:05:03.170] [SEVERE ] updating countdown to 42357
[22:05:03.196] [SEVERE ] updating countdown to 42331
[22:05:03.222] [SEVERE ] updating countdown to 42305
[22:05:03.248] [SEVERE ] updating countdown to 42279
[22:05:03.274] [SEVERE ] updating countdown to 42253
[22:05:03.300] [SEVERE ] updating countdown to 42227
[22:05:03.325] [SEVERE ] updating countdown to 42202
[22:05:03.352] [SEVERE ] updating countdown to 42175
[22:05:03.377] [SEVERE ] updating countdown to 42150
[22:05:03.403] [SEVERE ] updating countdown to 42124
[22:05:03.429] [SEVERE ] updating countdown to 42098
[22:05:03.456] [SEVERE ] updating countdown to 42071
[22:05:03.482] [SEVERE ] updating countdown to 42045
[22:05:03.508] [SEVERE ] updating countdown to 42019
[22:05:03.534] [SEVERE ] updating countdown to 41993
[22:05:03.560] [SEVERE ] updating countdown to 41967
[22:05:03.586] [SEVERE ] updating countdown to 41941
[22:05:03.611] [SEVERE ] updating countdown to 41916
[22:05:03.637] [SEVERE ] updating countdown to 41890
[22:05:03.663] [SEVERE ] updating countdown to 41864
[22:05:03.689] [SEVERE ] updating countdown to 41838
[22:05:03.715] [SEVERE ] updating countdown to 41812
[22:05:03.740] [SEVERE ] updating countdown to 41787
[22:05:03.767] [SEVERE ] updating countdown to 41760
[22:05:03.793] [SEVERE ] updating countdown to 41734
[22:05:03.819] [SEVERE ] updating countdown to 41708
[22:05:03.845] [SEVERE ] updating countdown to 41682
[22:05:03.871] [SEVERE ] updating countdown to 41656
[22:05:03.898] [SEVERE ] updating countdown to 41629
[22:05:03.923] [SEVERE ] updating countdown to 41604
[22:05:03.949] [SEVERE ] updating countdown to 41578
[22:05:03.975] [SEVERE ] updating countdown to 41552
[22:05:04.001] [SEVERE ] updating countdown to 41526
[22:05:04.027] [SEVERE ] updating countdown to 41500
[22:05:04.053] [SEVERE ] updating countdown to 41474
[22:05:04.079] [SEVERE ] updating countdown to 41448
[22:05:04.105] [SEVERE ] updating countdown to 41422
[22:05:04.131] [SEVERE ] updating countdown to 41396
[22:05:04.157] [SEVERE ] updating countdown to 41370
[22:05:04.183] [SEVERE ] updating countdown to 41344
[22:05:04.208] [SEVERE ] updating countdown to 41319
[22:05:04.234] [SEVERE ] updating countdown to 41293
[22:05:04.260] [SEVERE ] updating countdown to 41267
[22:05:04.286] [SEVERE ] updating countdown to 41241
[22:05:04.311] [SEVERE ] updating countdown to 41216
[22:05:04.338] [SEVERE ] updating countdown to 41189
[22:05:04.366] [SEVERE ] updating countdown to 41161
[22:05:04.392] [SEVERE ] updating countdown to 41135
[22:05:04.419] [SEVERE ] updating countdown to 41108
[22:05:04.446] [SEVERE ] updating countdown to 41081
[22:05:04.472] [SEVERE ] updating countdown to 41055
[22:05:04.498] [SEVERE ] updating countdown to 41029
[22:05:04.525] [SEVERE ] updating countdown to 41002
[22:05:04.550] [SEVERE ] updating countdown to 40977
[22:05:04.576] [SEVERE ] updating countdown to 40951
[22:05:04.604] [SEVERE ] updating countdown to 40923
[22:05:04.629] [SEVERE ] updating countdown to 40898
[22:05:04.655] [SEVERE ] updating countdown to 40872
[22:05:04.682] [SEVERE ] updating countdown to 40845
[22:05:04.707] [SEVERE ] updating countdown to 40820
[22:05:04.734] [SEVERE ] updating countdown to 40793
[22:05:04.759] [SEVERE ] updating countdown to 40768
[22:05:04.785] [SEVERE ] updating countdown to 40742
[22:05:04.811] [SEVERE ] updating countdown to 40716
[22:05:04.836] [SEVERE ] updating countdown to 40691
[22:05:04.862] [SEVERE ] updating countdown to 40665
[22:05:04.888] [SEVERE ] updating countdown to 40639
[22:05:04.914] [SEVERE ] updating countdown to 40613
[22:05:04.939] [SEVERE ] updating countdown to 40588
[22:05:04.965] [SEVERE ] updating countdown to 40562
[22:05:04.991] [SEVERE ] updating countdown to 40536
[22:05:05.017] [SEVERE ] updating countdown to 40510
[22:05:05.043] [SEVERE ] updating countdown to 40484
[22:05:05.069] [SEVERE ] updating countdown to 40458
[22:05:05.095] [SEVERE ] updating countdown to 40432
[22:05:05.122] [SEVERE ] updating countdown to 40405
[22:05:05.148] [SEVERE ] updating countdown to 40379
[22:05:05.174] [SEVERE ] updating countdown to 40353
[22:05:05.200] [SEVERE ] updating countdown to 40327
[22:05:05.226] [SEVERE ] updating countdown to 40301
[22:05:05.252] [SEVERE ] updating countdown to 40275
[22:05:05.278] [SEVERE ] updating countdown to 40249
[22:05:05.305] [SEVERE ] updating countdown to 40222
[22:05:05.331] [SEVERE ] updating countdown to 40196
[22:05:05.357] [SEVERE ] updating countdown to 40170
[22:05:05.383] [SEVERE ] updating countdown to 40144
[22:05:05.408] [SEVERE ] updating countdown to 40119
[22:05:05.434] [SEVERE ] updating countdown to 40093
[22:05:05.460] [SEVERE ] updating countdown to 40067
[22:05:05.485] [SEVERE ] updating countdown to 40042
[22:05:05.511] [SEVERE ] updating countdown to 40016
[22:05:05.537] [SEVERE ] updating countdown to 39990
[22:05:05.564] [SEVERE ] updating countdown to 39963
[22:05:05.590] [SEVERE ] updating countdown to 39937
[22:05:05.617] [SEVERE ] updating countdown to 39910
[22:05:05.643] [SEVERE ] updating countdown to 39884
[22:05:05.669] [SEVERE ] updating countdown to 39858
[22:05:05.696] [SEVERE ] updating countdown to 39831
[22:05:05.722] [SEVERE ] updating countdown to 39805
[22:05:05.748] [SEVERE ] updating countdown to 39779
[22:05:05.775] [SEVERE ] updating countdown to 39752
[22:05:05.801] [SEVERE ] updating countdown to 39726
[22:05:05.827] [SEVERE ] updating countdown to 39700
[22:05:05.853] [SEVERE ] updating countdown to 39674
[22:05:05.879] [SEVERE ] updating countdown to 39648
[22:05:05.904] [SEVERE ] updating countdown to 39623
[22:05:05.930] [SEVERE ] updating countdown to 39597
[22:05:05.956] [SEVERE ] updating countdown to 39571
[22:05:05.981] [SEVERE ] updating countdown to 39546
[22:05:06.007] [SEVERE ] updating countdown to 39520
[22:05:06.034] [SEVERE ] updating countdown to 39493
[22:05:06.061] [SEVERE ] updating countdown to 39466
[22:05:06.087] [SEVERE ] updating countdown to 39440
[22:05:06.114] [SEVERE ] updating countdown to 39413
[22:05:06.139] [SEVERE ] updating countdown to 39388
[22:05:06.165] [SEVERE ] updating countdown to 39362
[22:05:06.191] [SEVERE ] updating countdown to 39336
[22:05:06.216] [SEVERE ] updating countdown to 39311
[22:05:06.243] [SEVERE ] updating countdown to 39284
[22:05:06.268] [SEVERE ] updating countdown to 39259
[22:05:06.294] [SEVERE ] updating countdown to 39233
[22:05:06.320] [SEVERE ] updating countdown to 39207
[22:05:06.346] [SEVERE ] updating countdown to 39181
[22:05:06.372] [SEVERE ] updating countdown to 39155
[22:05:06.398] [SEVERE ] updating countdown to 39129
[22:05:06.424] [SEVERE ] updating countdown to 39103
[22:05:06.450] [SEVERE ] updating countdown to 39077
[22:05:06.480] [SEVERE ] updating countdown to 39047
[22:05:06.506] [SEVERE ] updating countdown to 39021
[22:05:06.534] [SEVERE ] updating countdown to 38993
[22:05:06.560] [SEVERE ] updating countdown to 38967
[22:05:06.586] [SEVERE ] updating countdown to 38941
[22:05:06.613] [SEVERE ] updating countdown to 38914
[22:05:06.638] [SEVERE ] updating countdown to 38889
[22:05:06.664] [SEVERE ] updating countdown to 38863
[22:05:06.691] [SEVERE ] updating countdown to 38836
[22:05:06.717] [SEVERE ] updating countdown to 38810
[22:05:06.743] [SEVERE ] updating countdown to 38784
[22:05:06.769] [SEVERE ] updating countdown to 38758
[22:05:06.795] [SEVERE ] updating countdown to 38732
[22:05:06.821] [SEVERE ] updating countdown to 38706
[22:05:06.846] [SEVERE ] updating countdown to 38681
[22:05:06.872] [SEVERE ] updating countdown to 38655
[22:05:06.898] [SEVERE ] updating countdown to 38629
[22:05:06.925] [SEVERE ] updating countdown to 38602
[22:05:06.952] [SEVERE ] updating countdown to 38575
[22:05:06.978] [SEVERE ] updating countdown to 38549
[22:05:07.003] [SEVERE ] updating countdown to 38524
[22:05:07.029] [SEVERE ] updating countdown to 38498
[22:05:07.055] [SEVERE ] updating countdown to 38472
[22:05:07.081] [SEVERE ] updating countdown to 38446
[22:05:07.106] [SEVERE ] updating countdown to 38421
[22:05:07.132] [SEVERE ] updating countdown to 38395
[22:05:07.158] [SEVERE ] updating countdown to 38369
[22:05:07.184] [SEVERE ] updating countdown to 38343
[22:05:07.210] [SEVERE ] updating countdown to 38317
[22:05:07.235] [SEVERE ] updating countdown to 38292
[22:05:07.261] [SEVERE ] updating countdown to 38266
[22:05:07.287] [SEVERE ] updating countdown to 38240
[22:05:07.313] [SEVERE ] updating countdown to 38214
[22:05:07.339] [SEVERE ] updating countdown to 38188
[22:05:07.365] [SEVERE ] updating countdown to 38162
[22:05:07.391] [SEVERE ] updating countdown to 38136
[22:05:07.417] [SEVERE ] updating countdown to 38110
[22:05:07.443] [SEVERE ] updating countdown to 38084
[22:05:07.468] [SEVERE ] updating countdown to 38059
[22:05:07.494] [SEVERE ] updating countdown to 38033
[22:05:07.521] [SEVERE ] updating countdown to 38006
[22:05:07.546] [SEVERE ] updating countdown to 37981
[22:05:07.573] [SEVERE ] updating countdown to 37954
[22:05:07.599] [SEVERE ] updating countdown to 37928
[22:05:07.624] [SEVERE ] updating countdown to 37903
[22:05:07.650] [SEVERE ] updating countdown to 37877
[22:05:07.676] [SEVERE ] updating countdown to 37851
[22:05:07.702] [SEVERE ] updating countdown to 37825
[22:05:07.728] [SEVERE ] updating countdown to 37799
[22:05:07.755] [SEVERE ] updating countdown to 37772
[22:05:07.782] [SEVERE ] updating countdown to 37745
[22:05:07.808] [SEVERE ] updating countdown to 37719
[22:05:07.833] [SEVERE ] updating countdown to 37694
[22:05:07.859] [SEVERE ] updating countdown to 37668
[22:05:07.885] [SEVERE ] updating countdown to 37642
[22:05:07.910] [SEVERE ] updating countdown to 37617
[22:05:07.936] [SEVERE ] updating countdown to 37591
[22:05:07.962] [SEVERE ] updating countdown to 37565
[22:05:07.989] [SEVERE ] updating countdown to 37538
[22:05:08.015] [SEVERE ] updating countdown to 37512
[22:05:08.041] [SEVERE ] updating countdown to 37486
[22:05:08.067] [SEVERE ] updating countdown to 37460
[22:05:08.092] [SEVERE ] updating countdown to 37435
[22:05:08.118] [SEVERE ] updating countdown to 37409
[22:05:08.144] [SEVERE ] updating countdown to 37383
[22:05:08.170] [SEVERE ] updating countdown to 37357
[22:05:08.196] [SEVERE ] updating countdown to 37332
[22:05:08.222] [SEVERE ] updating countdown to 37305
[22:05:08.248] [SEVERE ] updating countdown to 37279
[22:05:08.273] [SEVERE ] updating countdown to 37254
[22:05:08.299] [SEVERE ] updating countdown to 37228
[22:05:08.325] [SEVERE ] updating countdown to 37202
[22:05:08.351] [SEVERE ] updating countdown to 37176
[22:05:08.376] [SEVERE ] updating countdown to 37151
[22:05:08.402] [SEVERE ] updating countdown to 37125
[22:05:08.428] [SEVERE ] updating countdown to 37099
[22:05:08.455] [SEVERE ] updating countdown to 37072
[22:05:08.481] [SEVERE ] updating countdown to 37046
[22:05:08.506] [SEVERE ] updating countdown to 37021
[22:05:08.532] [SEVERE ] updating countdown to 36995
[22:05:08.558] [SEVERE ] updating countdown to 36969
[22:05:08.584] [SEVERE ] updating countdown to 36943
[22:05:08.610] [SEVERE ] updating countdown to 36917
[22:05:08.636] [SEVERE ] updating countdown to 36891
[22:05:08.661] [SEVERE ] updating countdown to 36866
[22:05:08.688] [SEVERE ] updating countdown to 36839
[22:05:08.714] [SEVERE ] updating countdown to 36813
[22:05:08.739] [SEVERE ] updating countdown to 36788
[22:05:08.765] [SEVERE ] updating countdown to 36762
[22:05:08.791] [SEVERE ] updating countdown to 36736
[22:05:08.817] [SEVERE ] updating countdown to 36710
[22:05:08.844] [SEVERE ] updating countdown to 36683
[22:05:08.869] [SEVERE ] updating countdown to 36658
[22:05:08.896] [SEVERE ] updating countdown to 36632
[22:05:08.922] [SEVERE ] updating countdown to 36605
[22:05:08.948] [SEVERE ] updating countdown to 36579
[22:05:08.973] [SEVERE ] updating countdown to 36554
[22:05:08.999] [SEVERE ] updating countdown to 36528
[22:05:09.026] [SEVERE ] updating countdown to 36501
[22:05:09.052] [SEVERE ] updating countdown to 36475
[22:05:09.078] [SEVERE ] updating countdown to 36449
[22:05:09.104] [SEVERE ] updating countdown to 36423
[22:05:09.129] [SEVERE ] updating countdown to 36398
[22:05:09.155] [SEVERE ] updating countdown to 36372
[22:05:09.181] [SEVERE ] updating countdown to 36346
[22:05:09.206] [SEVERE ] updating countdown to 36321
[22:05:09.232] [SEVERE ] updating countdown to 36295
[22:05:09.258] [SEVERE ] updating countdown to 36269
[22:05:09.284] [SEVERE ] updating countdown to 36243
[22:05:09.309] [SEVERE ] updating countdown to 36218
[22:05:09.335] [SEVERE ] updating countdown to 36192
[22:05:09.360] [SEVERE ] updating countdown to 36167
[22:05:09.386] [SEVERE ] updating countdown to 36141
[22:05:09.412] [SEVERE ] updating countdown to 36115
[22:05:09.438] [SEVERE ] updating countdown to 36089
[22:05:09.464] [SEVERE ] updating countdown to 36063
[22:05:09.489] [SEVERE ] updating countdown to 36038
[22:05:09.515] [SEVERE ] updating countdown to 36012
[22:05:09.541] [SEVERE ] updating countdown to 35986
[22:05:09.567] [SEVERE ] updating countdown to 35960
[22:05:09.593] [SEVERE ] updating countdown to 35934
[22:05:09.618] [SEVERE ] updating countdown to 35909
[22:05:09.644] [SEVERE ] updating countdown to 35883
[22:05:09.670] [SEVERE ] updating countdown to 35857
[22:05:09.696] [SEVERE ] updating countdown to 35831
[22:05:09.722] [SEVERE ] updating countdown to 35805
[22:05:09.748] [SEVERE ] updating countdown to 35779
[22:05:09.774] [SEVERE ] updating countdown to 35753
[22:05:09.801] [SEVERE ] updating countdown to 35726
[22:05:09.827] [SEVERE ] updating countdown to 35700
[22:05:09.854] [SEVERE ] updating countdown to 35673
[22:05:09.879] [SEVERE ] updating countdown to 35648
[22:05:09.905] [SEVERE ] updating countdown to 35622
[22:05:09.931] [SEVERE ] updating countdown to 35596
[22:05:09.956] [SEVERE ] updating countdown to 35571
[22:05:09.983] [SEVERE ] updating countdown to 35544
[22:05:10.009] [SEVERE ] updating countdown to 35518
[22:05:10.035] [SEVERE ] updating countdown to 35492
[22:05:10.062] [SEVERE ] updating countdown to 35465
[22:05:10.088] [SEVERE ] updating countdown to 35439
[22:05:10.114] [SEVERE ] updating countdown to 35413
[22:05:10.140] [SEVERE ] updating countdown to 35387
[22:05:10.166] [SEVERE ] updating countdown to 35361
[22:05:10.192] [SEVERE ] updating countdown to 35335
[22:05:10.217] [SEVERE ] updating countdown to 35310
[22:05:10.243] [SEVERE ] updating countdown to 35284
[22:05:10.269] [SEVERE ] updating countdown to 35258
[22:05:10.295] [SEVERE ] updating countdown to 35232
[22:05:10.320] [SEVERE ] updating countdown to 35207
[22:05:10.346] [SEVERE ] updating countdown to 35181
[22:05:10.372] [SEVERE ] updating countdown to 35155
[22:05:10.398] [SEVERE ] updating countdown to 35129
[22:05:10.424] [SEVERE ] updating countdown to 35103
[22:05:10.450] [SEVERE ] updating countdown to 35077
[22:05:10.476] [SEVERE ] updating countdown to 35051
[22:05:10.502] [SEVERE ] updating countdown to 35025
[22:05:10.527] [SEVERE ] updating countdown to 35000
[22:05:10.555] [SEVERE ] updating countdown to 34972
[22:05:10.580] [SEVERE ] updating countdown to 34947
[22:05:10.606] [SEVERE ] updating countdown to 34921
[22:05:10.632] [SEVERE ] updating countdown to 34895
[22:05:10.658] [SEVERE ] updating countdown to 34869
[22:05:10.685] [SEVERE ] updating countdown to 34842
[22:05:10.710] [SEVERE ] updating countdown to 34817
[22:05:10.736] [SEVERE ] updating countdown to 34791
[22:05:10.762] [SEVERE ] updating countdown to 34765
[22:05:10.788] [SEVERE ] updating countdown to 34739
[22:05:10.816] [SEVERE ] updating countdown to 34711
[22:05:10.842] [SEVERE ] updating countdown to 34685
[22:05:10.868] [SEVERE ] updating countdown to 34659
[22:05:10.893] [SEVERE ] updating countdown to 34634
[22:05:10.919] [SEVERE ] updating countdown to 34608
[22:05:10.945] [SEVERE ] updating countdown to 34582
[22:05:10.971] [SEVERE ] updating countdown to 34556
[22:05:10.998] [SEVERE ] updating countdown to 34529
[22:05:11.023] [SEVERE ] updating countdown to 34504
[22:05:11.049] [SEVERE ] updating countdown to 34478
[22:05:11.074] [SEVERE ] updating countdown to 34453
[22:05:11.100] [SEVERE ] updating countdown to 34427
[22:05:11.127] [SEVERE ] updating countdown to 34400
[22:05:11.153] [SEVERE ] updating countdown to 34374
[22:05:11.179] [SEVERE ] updating countdown to 34348
[22:05:11.206] [SEVERE ] updating countdown to 34321
[22:05:11.232] [SEVERE ] updating countdown to 34295
[22:05:11.259] [SEVERE ] updating countdown to 34268
[22:05:11.285] [SEVERE ] updating countdown to 34242
[22:05:11.311] [SEVERE ] updating countdown to 34216
[22:05:11.338] [SEVERE ] updating countdown to 34189
[22:05:11.365] [SEVERE ] updating countdown to 34162
[22:05:11.393] [SEVERE ] updating countdown to 34134
[22:05:11.419] [SEVERE ] updating countdown to 34108
[22:05:11.445] [SEVERE ] updating countdown to 34082
[22:05:11.472] [SEVERE ] updating countdown to 34055
[22:05:11.498] [SEVERE ] updating countdown to 34029
[22:05:11.524] [SEVERE ] updating countdown to 34003
[22:05:11.549] [SEVERE ] updating countdown to 33978
[22:05:11.576] [SEVERE ] updating countdown to 33951
[22:05:11.601] [SEVERE ] updating countdown to 33926
[22:05:11.627] [SEVERE ] updating countdown to 33900
[22:05:11.653] [SEVERE ] updating countdown to 33874
[22:05:11.680] [SEVERE ] updating countdown to 33847
[22:05:11.705] [SEVERE ] updating countdown to 33822
[22:05:11.731] [SEVERE ] updating countdown to 33796
[22:05:11.756] [SEVERE ] updating countdown to 33771
[22:05:11.782] [SEVERE ] updating countdown to 33745
[22:05:11.808] [SEVERE ] updating countdown to 33719
[22:05:11.835] [SEVERE ] updating countdown to 33692
[22:05:11.861] [SEVERE ] updating countdown to 33666
[22:05:11.887] [SEVERE ] updating countdown to 33640
[22:05:11.913] [SEVERE ] updating countdown to 33614
[22:05:11.940] [SEVERE ] updating countdown to 33587
[22:05:11.966] [SEVERE ] updating countdown to 33561
[22:05:11.992] [SEVERE ] updating countdown to 33535
[22:05:12.018] [SEVERE ] updating countdown to 33509
[22:05:12.044] [SEVERE ] updating countdown to 33483
[22:05:12.070] [SEVERE ] updating countdown to 33457
[22:05:12.096] [SEVERE ] updating countdown to 33431
[22:05:12.122] [SEVERE ] updating countdown to 33405
[22:05:12.147] [SEVERE ] updating countdown to 33380
[22:05:12.174] [SEVERE ] updating countdown to 33353
[22:05:12.200] [SEVERE ] updating countdown to 33327
[22:05:12.226] [SEVERE ] updating countdown to 33301
[22:05:12.253] [SEVERE ] updating countdown to 33274
[22:05:12.279] [SEVERE ] updating countdown to 33248
[22:05:12.305] [SEVERE ] updating countdown to 33222
[22:05:12.331] [SEVERE ] updating countdown to 33196
[22:05:12.358] [SEVERE ] updating countdown to 33169
[22:05:12.384] [SEVERE ] updating countdown to 33143
[22:05:12.409] [SEVERE ] updating countdown to 33118
[22:05:12.435] [SEVERE ] updating countdown to 33092
[22:05:12.460] [SEVERE ] updating countdown to 33067
[22:05:12.486] [SEVERE ] updating countdown to 33041
[22:05:12.512] [SEVERE ] updating countdown to 33015
[22:05:12.538] [SEVERE ] updating countdown to 32989
[22:05:12.564] [SEVERE ] updating countdown to 32963
[22:05:12.590] [SEVERE ] updating countdown to 32937
[22:05:12.615] [SEVERE ] updating countdown to 32912
[22:05:12.641] [SEVERE ] updating countdown to 32886
[22:05:12.667] [SEVERE ] updating countdown to 32860
[22:05:12.692] [SEVERE ] updating countdown to 32835
[22:05:12.719] [SEVERE ] updating countdown to 32808
[22:05:12.745] [SEVERE ] updating countdown to 32782
[22:05:12.771] [SEVERE ] updating countdown to 32756
[22:05:12.802] [SEVERE ] updating countdown to 32725
[22:05:12.828] [SEVERE ] updating countdown to 32699
[22:05:12.853] [SEVERE ] updating countdown to 32674
[22:05:12.879] [SEVERE ] updating countdown to 32648
[22:05:12.905] [SEVERE ] updating countdown to 32622
[22:05:12.931] [SEVERE ] updating countdown to 32596
[22:05:12.956] [SEVERE ] updating countdown to 32571
[22:05:12.982] [SEVERE ] updating countdown to 32545
[22:05:13.008] [SEVERE ] updating countdown to 32519
[22:05:13.034] [SEVERE ] updating countdown to 32493
[22:05:13.060] [SEVERE ] updating countdown to 32467
[22:05:13.086] [SEVERE ] updating countdown to 32441
[22:05:13.112] [SEVERE ] updating countdown to 32415
[22:05:13.138] [SEVERE ] updating countdown to 32389
[22:05:13.163] [SEVERE ] updating countdown to 32364
[22:05:13.189] [SEVERE ] updating countdown to 32338
[22:05:13.214] [SEVERE ] updating countdown to 32313
[22:05:13.240] [SEVERE ] updating countdown to 32287
[22:05:13.265] [SEVERE ] updating countdown to 32262
[22:05:13.291] [SEVERE ] updating countdown to 32236
[22:05:13.317] [SEVERE ] updating countdown to 32210
[22:05:13.343] [SEVERE ] updating countdown to 32184
[22:05:13.368] [SEVERE ] updating countdown to 32159
[22:05:13.394] [SEVERE ] updating countdown to 32133
[22:05:13.420] [SEVERE ] updating countdown to 32107
[22:05:13.446] [SEVERE ] updating countdown to 32081
[22:05:13.471] [SEVERE ] updating countdown to 32056
[22:05:13.497] [SEVERE ] updating countdown to 32030
[22:05:13.523] [SEVERE ] updating countdown to 32004
[22:05:13.549] [SEVERE ] updating countdown to 31978
[22:05:13.576] [SEVERE ] updating countdown to 31951
[22:05:13.602] [SEVERE ] updating countdown to 31925
[22:05:13.617] [SEVERE ] key 90 was pressed by player 1
[22:05:13.618] [SEVERE ] player 1 placing token on slot 8
[22:05:13.627] [SEVERE ] updating countdown to 31900
[22:05:13.653] [SEVERE ] updating countdown to 31874
[22:05:13.679] [SEVERE ] updating countdown to 31848
[22:05:13.705] [SEVERE ] updating countdown to 31822
[22:05:13.730] [SEVERE ] updating countdown to 31797
[22:05:13.756] [SEVERE ] updating countdown to 31771
[22:05:13.782] [SEVERE ] updating countdown to 31745
[22:05:13.808] [SEVERE ] updating countdown to 31719
[22:05:13.834] [SEVERE ] updating countdown to 31693
[22:05:13.859] [SEVERE ] updating countdown to 31668
[22:05:13.885] [SEVERE ] updating countdown to 31642
[22:05:13.910] [SEVERE ] updating countdown to 31617
[22:05:13.936] [SEVERE ] updating countdown to 31591
[22:05:13.961] [SEVERE ] updating countdown to 31566
[22:05:13.987] [SEVERE ] updating countdown to 31540
[22:05:14.012] [SEVERE ] updating countdown to 31515
[22:05:14.038] [SEVERE ] updating countdown to 31489
[22:05:14.064] [SEVERE ] updating countdown to 31463
[22:05:14.090] [SEVERE ] updating countdown to 31437
[22:05:14.116] [SEVERE ] updating countdown to 31411
[22:05:14.142] [SEVERE ] updating countdown to 31385
[22:05:14.168] [SEVERE ] updating countdown to 31359
[22:05:14.193] [SEVERE ] updating countdown to 31334
[22:05:14.219] [SEVERE ] updating countdown to 31308
[22:05:14.245] [SEVERE ] updating countdown to 31282
[22:05:14.270] [SEVERE ] updating countdown to 31257
[22:05:14.296] [SEVERE ] updating countdown to 31231
[22:05:14.322] [SEVERE ] updating countdown to 31205
[22:05:14.347] [SEVERE ] updating countdown to 31180
[22:05:14.373] [SEVERE ] updating countdown to 31154
[22:05:14.399] [SEVERE ] updating countdown to 31128
[22:05:14.425] [SEVERE ] updating countdown to 31102
[22:05:14.451] [SEVERE ] updating countdown to 31076
[22:05:14.476] [SEVERE ] updating countdown to 31051
[22:05:14.502] [SEVERE ] updating countdown to 31025
[22:05:14.531] [SEVERE ] updating countdown to 30996
[22:05:14.557] [SEVERE ] updating countdown to 30970
[22:05:14.583] [SEVERE ] updating countdown to 30944
[22:05:14.609] [SEVERE ] updating countdown to 30918
[22:05:14.635] [SEVERE ] updating countdown to 30893
[22:05:14.660] [SEVERE ] updating countdown to 30867
[22:05:14.686] [SEVERE ] updating countdown to 30841
[22:05:14.713] [SEVERE ] updating countdown to 30814
[22:05:14.740] [SEVERE ] updating countdown to 30788
[22:05:14.766] [SEVERE ] updating countdown to 30761
[22:05:14.794] [SEVERE ] updating countdown to 30733
[22:05:14.820] [SEVERE ] updating countdown to 30707
[22:05:14.845] [SEVERE ] updating countdown to 30682
[22:05:14.871] [SEVERE ] updating countdown to 30656
[22:05:14.898] [SEVERE ] updating countdown to 30629
[22:05:14.925] [SEVERE ] updating countdown to 30602
[22:05:14.950] [SEVERE ] updating countdown to 30577
[22:05:14.976] [SEVERE ] updating countdown to 30551
[22:05:15.002] [SEVERE ] updating countdown to 30525
[22:05:15.028] [SEVERE ] updating countdown to 30499
[22:05:15.054] [SEVERE ] updating countdown to 30473
[22:05:15.080] [SEVERE ] updating countdown to 30447
[22:05:15.106] [SEVERE ] updating countdown to 30421
[22:05:15.117] [SEVERE ] key 83 was pressed by player 1
[22:05:15.117] [SEVERE ] player 1 placing token on slot 5
[22:05:15.132] [SEVERE ] updating countdown to 30395
[22:05:15.158] [SEVERE ] updating countdown to 30369
[22:05:15.183] [SEVERE ] updating countdown to 30344
[22:05:15.209] [SEVERE ] updating countdown to 30318
[22:05:15.235] [SEVERE ] updating countdown to 30292
[22:05:15.260] [SEVERE ] updating countdown to 30267
[22:05:15.286] [SEVERE ] updating countdown to 30241
[22:05:15.311] [SEVERE ] updating countdown to 30216
[22:05:15.337] [SEVERE ] updating countdown to 30190
[22:05:15.363] [SEVERE ] updating countdown to 30164
[22:05:15.388] [SEVERE ] updating countdown to 30139
[22:05:15.414] [SEVERE ] updating countdown to 30113
[22:05:15.440] [SEVERE ] updating countdown to 30087
[22:05:15.465] [SEVERE ] updating countdown to 30062
[22:05:15.492] [SEVERE ] updating countdown to 30035
[22:05:15.518] [SEVERE ] updating countdown to 30009
[22:05:15.543] [SEVERE ] updating countdown to 29984
[22:05:15.569] [SEVERE ] updating countdown to 29958
[22:05:15.595] [SEVERE ] updating countdown to 29932
[22:05:15.620] [SEVERE ] updating countdown to 29907
[22:05:15.646] [SEVERE ] updating countdown to 29881
[22:05:15.672] [SEVERE ] updating countdown to 29855
[22:05:15.697] [SEVERE ] updating countdown to 29830
[22:05:15.723] [SEVERE ] updating countdown to 29804
[22:05:15.749] [SEVERE ] updating countdown to 29778
[22:05:15.775] [SEVERE ] updating countdown to 29752
[22:05:15.800] [SEVERE ] updating countdown to 29727
[22:05:15.826] [SEVERE ] updating countdown to 29701
[22:05:15.852] [SEVERE ] updating countdown to 29675
[22:05:15.877] [SEVERE ] updating countdown to 29650
[22:05:15.903] [SEVERE ] updating countdown to 29624
[22:05:15.929] [SEVERE ] updating countdown to 29598
[22:05:15.954] [SEVERE ] updating countdown to 29573
[22:05:15.981] [SEVERE ] updating countdown to 29546
[22:05:16.007] [SEVERE ] updating countdown to 29520
[22:05:16.032] [SEVERE ] updating countdown to 29495
[22:05:16.059] [SEVERE ] updating countdown to 29468
[22:05:16.085] [SEVERE ] updating countdown to 29442
[22:05:16.111] [SEVERE ] updating countdown to 29416
[22:05:16.136] [SEVERE ] updating countdown to 29391
[22:05:16.162] [SEVERE ] updating countdown to 29365
[22:05:16.187] [SEVERE ] updating countdown to 29340
[22:05:16.213] [SEVERE ] updating countdown to 29314
[22:05:16.239] [SEVERE ] updating countdown to 29288
[22:05:16.264] [SEVERE ] updating countdown to 29263
[22:05:16.290] [SEVERE ] updating countdown to 29237
[22:05:16.316] [SEVERE ] updating countdown to 29211
[22:05:16.341] [SEVERE ] updating countdown to 29186
[22:05:16.367] [SEVERE ] updating countdown to 29160
[22:05:16.393] [SEVERE ] updating countdown to 29134
[22:05:16.419] [SEVERE ] updating countdown to 29108
[22:05:16.447] [SEVERE ] updating countdown to 29080
[22:05:16.473] [SEVERE ] updating countdown to 29054
[22:05:16.498] [SEVERE ] updating countdown to 29029
[22:05:16.524] [SEVERE ] updating countdown to 29003
[22:05:16.550] [SEVERE ] updating countdown to 28977
[22:05:16.576] [SEVERE ] updating countdown to 28951
[22:05:16.602] [SEVERE ] updating countdown to 28925
[22:05:16.628] [SEVERE ] updating countdown to 28899
[22:05:16.654] [SEVERE ] updating countdown to 28873
[22:05:16.679] [SEVERE ] updating countdown to 28848
[22:05:16.705] [SEVERE ] updating countdown to 28822
[22:05:16.731] [SEVERE ] updating countdown to 28796
[22:05:16.757] [SEVERE ] updating countdown to 28770
[22:05:16.782] [SEVERE ] updating countdown to 28745
[22:05:16.808] [SEVERE ] updating countdown to 28719
[22:05:16.833] [SEVERE ] updating countdown to 28694
[22:05:16.859] [SEVERE ] updating countdown to 28668
[22:05:16.886] [SEVERE ] updating countdown to 28641
[22:05:16.912] [SEVERE ] updating countdown to 28615
[22:05:16.938] [SEVERE ] updating countdown to 28589
[22:05:16.966] [SEVERE ] updating countdown to 28561
[22:05:16.991] [SEVERE ] updating countdown to 28536
[22:05:17.021] [SEVERE ] updating countdown to 28506
[22:05:17.047] [SEVERE ] updating countdown to 28480
[22:05:17.073] [SEVERE ] updating countdown to 28454
[22:05:17.099] [SEVERE ] updating countdown to 28428
[22:05:17.124] [SEVERE ] updating countdown to 28403
[22:05:17.151] [SEVERE ] updating countdown to 28376
[22:05:17.177] [SEVERE ] updating countdown to 28350
[22:05:17.203] [SEVERE ] updating countdown to 28324
[22:05:17.229] [SEVERE ] updating countdown to 28298
[22:05:17.255] [SEVERE ] updating countdown to 28272
[22:05:17.280] [SEVERE ] updating countdown to 28247
[22:05:17.306] [SEVERE ] updating countdown to 28221
[22:05:17.332] [SEVERE ] updating countdown to 28195
[22:05:17.358] [SEVERE ] updating countdown to 28169
[22:05:17.383] [SEVERE ] updating countdown to 28144
[22:05:17.409] [SEVERE ] updating countdown to 28118
[22:05:17.434] [SEVERE ] updating countdown to 28093
[22:05:17.461] [SEVERE ] updating countdown to 28066
[22:05:17.486] [SEVERE ] updating countdown to 28041
[22:05:17.513] [SEVERE ] updating countdown to 28014
[22:05:17.540] [SEVERE ] updating countdown to 27987
[22:05:17.566] [SEVERE ] updating countdown to 27961
[22:05:17.592] [SEVERE ] updating countdown to 27935
[22:05:17.617] [SEVERE ] updating countdown to 27910
[22:05:17.643] [SEVERE ] updating countdown to 27884
[22:05:17.669] [SEVERE ] updating countdown to 27858
[22:05:17.695] [SEVERE ] updating countdown to 27832
[22:05:17.721] [SEVERE ] updating countdown to 27806
[22:05:17.746] [SEVERE ] updating countdown to 27781
[22:05:17.772] [SEVERE ] updating countdown to 27755
[22:05:17.797] [SEVERE ] updating countdown to 27730
[22:05:17.823] [SEVERE ] updating countdown to 27704
[22:05:17.849] [SEVERE ] updating countdown to 27678
[22:05:17.875] [SEVERE ] updating countdown to 27652
[22:05:17.902] [SEVERE ] updating countdown to 27625
[22:05:17.928] [SEVERE ] updating countdown to 27599
[22:05:17.954] [SEVERE ] updating countdown to 27573
[22:05:17.980] [SEVERE ] updating countdown to 27547
[22:05:18.007] [SEVERE ] updating countdown to 27520
[22:05:18.033] [SEVERE ] updating countdown to 27494
[22:05:18.059] [SEVERE ] updating countdown to 27468
[22:05:18.086] [SEVERE ] updating countdown to 27441
[22:05:18.112] [SEVERE ] updating countdown to 27415
[22:05:18.138] [SEVERE ] updating countdown to 27389
[22:05:18.164] [SEVERE ] updating countdown to 27363
[22:05:18.190] [SEVERE ] updating countdown to 27337
[22:05:18.216] [SEVERE ] updating countdown to 27311
[22:05:18.242] [SEVERE ] updating countdown to 27285
[22:05:18.268] [SEVERE ] updating countdown to 27259
[22:05:18.294] [SEVERE ] updating countdown to 27233
[22:05:18.320] [SEVERE ] updating countdown to 27207
[22:05:18.346] [SEVERE ] updating countdown to 27181
[22:05:18.372] [SEVERE ] updating countdown to 27155
[22:05:18.398] [SEVERE ] updating countdown to 27129
[22:05:18.425] [SEVERE ] updating countdown to 27103
[22:05:18.450] [SEVERE ] updating countdown to 27077
[22:05:18.476] [SEVERE ] updating countdown to 27051
[22:05:18.502] [SEVERE ] updating countdown to 27025
[22:05:18.528] [SEVERE ] updating countdown to 26999
[22:05:18.554] [SEVERE ] updating countdown to 26973
[22:05:18.580] [SEVERE ] updating countdown to 26947
[22:05:18.606] [SEVERE ] updating countdown to 26921
[22:05:18.632] [SEVERE ] updating countdown to 26895
[22:05:18.658] [SEVERE ] updating countdown to 26869
[22:05:18.684] [SEVERE ] updating countdown to 26843
[22:05:18.710] [SEVERE ] updating countdown to 26817
[22:05:18.736] [SEVERE ] updating countdown to 26791
[22:05:18.762] [SEVERE ] updating countdown to 26765
[22:05:18.787] [SEVERE ] updating countdown to 26740
[22:05:18.814] [SEVERE ] updating countdown to 26713
[22:05:18.839] [SEVERE ] updating countdown to 26688
[22:05:18.865] [SEVERE ] updating countdown to 26662
[22:05:18.891] [SEVERE ] updating countdown to 26636
[22:05:18.917] [SEVERE ] updating countdown to 26610
[22:05:18.944] [SEVERE ] updating countdown to 26583
[22:05:18.969] [SEVERE ] updating countdown to 26558
[22:05:18.995] [SEVERE ] updating countdown to 26532
[22:05:19.021] [SEVERE ] updating countdown to 26506
[22:05:19.046] [SEVERE ] updating countdown to 26481
[22:05:19.072] [SEVERE ] updating countdown to 26455
[22:05:19.098] [SEVERE ] updating countdown to 26429
[22:05:19.124] [SEVERE ] updating countdown to 26403
[22:05:19.151] [SEVERE ] updating countdown to 26376
[22:05:19.177] [SEVERE ] updating countdown to 26350
[22:05:19.203] [SEVERE ] updating countdown to 26324
[22:05:19.229] [SEVERE ] updating countdown to 26298
[22:05:19.255] [SEVERE ] updating countdown to 26272
[22:05:19.281] [SEVERE ] updating countdown to 26246
[22:05:19.306] [SEVERE ] updating countdown to 26221
[22:05:19.333] [SEVERE ] updating countdown to 26194
[22:05:19.358] [SEVERE ] updating countdown to 26169
[22:05:19.384] [SEVERE ] updating countdown to 26143
[22:05:19.410] [SEVERE ] updating countdown to 26117
[22:05:19.436] [SEVERE ] updating countdown to 26091
[22:05:19.462] [SEVERE ] updating countdown to 26065
[22:05:19.487] [SEVERE ] updating countdown to 26040
[22:05:19.513] [SEVERE ] updating countdown to 26014
[22:05:19.539] [SEVERE ] updating countdown to 25988
[22:05:19.565] [SEVERE ] updating countdown to 25962
[22:05:19.590] [SEVERE ] updating countdown to 25937
[22:05:19.617] [SEVERE ] updating countdown to 25910
[22:05:19.644] [SEVERE ] updating countdown to 25883
[22:05:19.669] [SEVERE ] updating countdown to 25858
[22:05:19.695] [SEVERE ] updating countdown to 25832
[22:05:19.721] [SEVERE ] updating countdown to 25806
[22:05:19.746] [SEVERE ] updating countdown to 25781
[22:05:19.774] [SEVERE ] updating countdown to 25753
[22:05:19.800] [SEVERE ] updating countdown to 25727
[22:05:19.826] [SEVERE ] updating countdown to 25701
[22:05:19.852] [SEVERE ] updating countdown to 25675
[22:05:19.878] [SEVERE ] updating countdown to 25649
[22:05:19.903] [SEVERE ] updating countdown to 25624
[22:05:19.929] [SEVERE ] updating countdown to 25598
[22:05:19.955] [SEVERE ] updating countdown to 25572
[22:05:19.981] [SEVERE ] updating countdown to 25546
[22:05:20.007] [SEVERE ] updating countdown to 25520
[22:05:20.033] [SEVERE ] updating countdown to 25494
[22:05:20.059] [SEVERE ] updating countdown to 25468
[22:05:20.085] [SEVERE ] updating countdown to 25442
[22:05:20.110] [SEVERE ] updating countdown to 25417
[22:05:20.136] [SEVERE ] updating countdown to 25391
[22:05:20.162] [SEVERE ] updating countdown to 25365
[22:05:20.187] [SEVERE ] updating countdown to 25340
[22:05:20.213] [SEVERE ] updating countdown to 25314
[22:05:20.238] [SEVERE ] updating countdown to 25289
[22:05:20.264] [SEVERE ] updating countdown to 25263
[22:05:20.290] [SEVERE ] updating countdown to 25237
[22:05:20.316] [SEVERE ] updating countdown to 25211
[22:05:20.341] [SEVERE ] updating countdown to 25186
[22:05:20.368] [SEVERE ] updating countdown to 25159
[22:05:20.394] [SEVERE ] updating countdown to 25133
[22:05:20.420] [SEVERE ] updating countdown to 25107
[22:05:20.446] [SEVERE ] updating countdown to 25081
[22:05:20.472] [SEVERE ] updating countdown to 25055
[22:05:20.497] [SEVERE ] updating countdown to 25030
[22:05:20.523] [SEVERE ] updating countdown to 25004
[22:05:20.548] [SEVERE ] updating countdown to 24979
[22:05:20.574] [SEVERE ] updating countdown to 24953
[22:05:20.600] [SEVERE ] updating countdown to 24927
[22:05:20.626] [SEVERE ] updating countdown to 24901
[22:05:20.652] [SEVERE ] updating countdown to 24875
[22:05:20.678] [SEVERE ] updating countdown to 24849
[22:05:20.704] [SEVERE ] updating countdown to 24823
[22:05:20.731] [SEVERE ] updating countdown to 24796
[22:05:20.756] [SEVERE ] updating countdown to 24771
[22:05:20.782] [SEVERE ] updating countdown to 24745
[22:05:20.807] [SEVERE ] updating countdown to 24720
[22:05:20.833] [SEVERE ] updating countdown to 24694
[22:05:20.859] [SEVERE ] updating countdown to 24668
[22:05:20.885] [SEVERE ] updating countdown to 24642
[22:05:20.911] [SEVERE ] updating countdown to 24616
[22:05:20.937] [SEVERE ] updating countdown to 24590
[22:05:20.962] [SEVERE ] updating countdown to 24565
[22:05:20.988] [SEVERE ] updating countdown to 24539
[22:05:21.013] [SEVERE ] updating countdown to 24514
[22:05:21.039] [SEVERE ] updating countdown to 24488
[22:05:21.065] [SEVERE ] updating countdown to 24462
[22:05:21.090] [SEVERE ] updating countdown to 24437
[22:05:21.116] [SEVERE ] updating countdown to 24411
[22:05:21.142] [SEVERE ] updating countdown to 24385
[22:05:21.167] [SEVERE ] updating countdown to 24360
[22:05:21.193] [SEVERE ] updating countdown to 24334
[22:05:21.219] [SEVERE ] updating countdown to 24308
[22:05:21.246] [SEVERE ] updating countdown to 24281
[22:05:21.272] [SEVERE ] updating countdown to 24255
[22:05:21.298] [SEVERE ] updating countdown to 24229
[22:05:21.324] [SEVERE ] updating countdown to 24203
[22:05:21.350] [SEVERE ] updating countdown to 24177
[22:05:21.376] [SEVERE ] updating countdown to 24151
[22:05:21.402] [SEVERE ] updating countdown to 24125
[22:05:21.429] [SEVERE ] updating countdown to 24098
[22:05:21.454] [SEVERE ] updating countdown to 24073
[22:05:21.480] [SEVERE ] updating countdown to 24047
[22:05:21.506] [SEVERE ] updating countdown to 24021
[22:05:21.533] [SEVERE ] updating countdown to 23994
[22:05:21.560] [SEVERE ] updating countdown to 23967
[22:05:21.586] [SEVERE ] updating countdown to 23941
[22:05:21.599] [SEVERE ] key 87 was pressed by player 1
[22:05:21.599] [SEVERE ] player 1 placing token on slot 1
[22:05:21.611] [SEVERE ] updating countdown to 23916
[22:05:22.613] [SEVERE ] setting player 1 score to 1
[22:05:22.715] [SEVERE ] removing player 1 token from slot 1
[22:05:22.717] [SEVERE ] removing card from slot 1
[22:05:22.819] [SEVERE ] removing player 1 token from slot 5
[22:05:22.820] [SEVERE ] removing card from slot 5
[22:05:22.920] [SEVERE ] removing player 1 token from slot 8
[22:05:22.921] [SEVERE ] removing card from slot 8
[22:05:23.021] [SEVERE ] placing card 65 in slot 1
[22:05:23.122] [SEVERE ] placing card 30 in slot 5
[22:05:23.223] [SEVERE ] placing card 76 in slot 8
[22:05:23.249] [SEVERE ] updating countdown to 22278
[22:05:23.275] [SEVERE ] updating countdown to 22252
[22:05:23.300] [SEVERE ] updating countdown to 22227
[22:05:23.326] [SEVERE ] updating countdown to 22201
[22:05:23.352] [SEVERE ] updating countdown to 22175
[22:05:23.377] [SEVERE ] updating countdown to 22150
[22:05:23.403] [SEVERE ] updating countdown to 22124
[22:05:23.429] [SEVERE ] updating countdown to 22098
[22:05:23.455] [SEVERE ] updating countdown to 22072
[22:05:23.481] [SEVERE ] updating countdown to 22046
[22:05:23.508] [SEVERE ] updating countdown to 22019
[22:05:23.534] [SEVERE ] updating countdown to 21993
[22:05:23.560] [SEVERE ] updating countdown to 21967
[22:05:23.586] [SEVERE ] updating countdown to 21941
[22:05:23.611] [SEVERE ] updating countdown to 21916
[22:05:23.637] [SEVERE ] updating countdown to 21890
[22:05:23.662] [SEVERE ] updating countdown to 21865
[22:05:23.688] [SEVERE ] updating countdown to 21839
[22:05:23.713] [SEVERE ] updating countdown to 21814
[22:05:23.739] [SEVERE ] updating countdown to 21788
[22:05:23.765] [SEVERE ] updating countdown to 21762
[22:05:23.791] [SEVERE ] updating countdown to 21736
[22:05:23.816] [SEVERE ] updating countdown to 21711
[22:05:23.843] [SEVERE ] updating countdown to 21684
[22:05:23.868] [SEVERE ] updating countdown to 21659
[22:05:23.894] [SEVERE ] updating countdown to 21633
[22:05:23.920] [SEVERE ] updating countdown to 21607
[22:05:23.945] [SEVERE ] updating countdown to 21582
[22:05:23.971] [SEVERE ] updating countdown to 21556
[22:05:23.997] [SEVERE ] updating countdown to 21530
[22:05:24.022] [SEVERE ] updating countdown to 21505
[22:05:24.049] [SEVERE ] updating countdown to 21478
[22:05:24.075] [SEVERE ] updating countdown to 21452
[22:05:24.100] [SEVERE ] updating countdown to 21427
[22:05:24.126] [SEVERE ] updating countdown to 21401
[22:05:24.152] [SEVERE ] updating countdown to 21375
[22:05:24.178] [SEVERE ] updating countdown to 21349
[22:05:24.204] [SEVERE ] updating countdown to 21323
[22:05:24.229] [SEVERE ] updating countdown to 21298
[22:05:24.255] [SEVERE ] updating countdown to 21272
[22:05:24.280] [SEVERE ] updating countdown to 21247
[22:05:24.306] [SEVERE ] updating countdown to 21221
[22:05:24.332] [SEVERE ] updating countdown to 21195
[22:05:24.358] [SEVERE ] updating countdown to 21169
[22:05:24.385] [SEVERE ] updating countdown to 21142
[22:05:24.411] [SEVERE ] updating countdown to 21116
[22:05:24.436] [SEVERE ] updating countdown to 21091
[22:05:24.462] [SEVERE ] updating countdown to 21065
[22:05:24.487] [SEVERE ] updating countdown to 21040
[22:05:24.513] [SEVERE ] updating countdown to 21014
[22:05:24.538] [SEVERE ] updating countdown to 20989
[22:05:24.564] [SEVERE ] updating countdown to 20963
[22:05:24.590] [SEVERE ] updating countdown to 20937
[22:05:24.616] [SEVERE ] updating countdown to 20911
[22:05:24.642] [SEVERE ] updating countdown to 20885
[22:05:24.667] [SEVERE ] updating countdown to 20860
[22:05:24.693] [SEVERE ] updating countdown to 20834
[22:05:24.718] [SEVERE ] updating countdown to 20809
[22:05:24.744] [SEVERE ] updating countdown to 20783
[22:05:24.770] [SEVERE ] updating countdown to 20757
[22:05:24.796] [SEVERE ] updating countdown to 20731
[22:05:24.821] [SEVERE ] updating countdown to 20706
[22:05:24.847] [SEVERE ] updating countdown to 20680
[22:05:24.872] [SEVERE ] updating countdown to 20655
[22:05:24.898] [SEVERE ] updating countdown to 20629
[22:05:24.924] [SEVERE ] updating countdown to 20603
[22:05:24.950] [SEVERE ] updating countdown to 20577
[22:05:24.975] [SEVERE ] updating countdown to 20552
[22:05:25.001] [SEVERE ] updating countdown to 20526
[22:05:25.027] [SEVERE ] updating countdown to 20500
[22:05:25.052] [SEVERE ] updating countdown to 20475
[22:05:25.078] [SEVERE ] updating countdown to 20449
[22:05:25.104] [SEVERE ] updating countdown to 20423
[22:05:25.129] [SEVERE ] updating countdown to 20398
[22:05:25.155] [SEVERE ] updating countdown to 20372
[22:05:25.181] [SEVERE ] updating countdown to 20346
[22:05:25.207] [SEVERE ] updating countdown to 20320
[22:05:25.232] [SEVERE ] updating countdown to 20295
[22:05:25.258] [SEVERE ] updating countdown to 20269
[22:05:25.284] [SEVERE ] updating countdown to 20243
[22:05:25.309] [SEVERE ] updating countdown to 20218
[22:05:25.335] [SEVERE ] updating countdown to 20192
[22:05:25.360] [SEVERE ] updating countdown to 20167
[22:05:25.386] [SEVERE ] updating countdown to 20141
[22:05:25.412] [SEVERE ] updating countdown to 20115
[22:05:25.437] [SEVERE ] updating countdown to 20090
[22:05:25.463] [SEVERE ] updating countdown to 20064
[22:05:25.488] [SEVERE ] updating countdown to 20039
[22:05:25.514] [SEVERE ] updating countdown to 20013
[22:05:25.540] [SEVERE ] updating countdown to 19987
[22:05:25.567] [SEVERE ] updating countdown to 19960
[22:05:25.593] [SEVERE ] updating countdown to 19934
[22:05:25.618] [SEVERE ] updating countdown to 19909
[22:05:25.644] [SEVERE ] updating countdown to 19883
[22:05:25.670] [SEVERE ] updating countdown to 19857
[22:05:25.696] [SEVERE ] updating countdown to 19831
[22:05:25.722] [SEVERE ] updating countdown to 19805
[22:05:25.748] [SEVERE ] updating countdown to 19779
[22:05:25.774] [SEVERE ] updating countdown to 19753
[22:05:25.799] [SEVERE ] updating countdown to 19728
[22:05:25.825] [SEVERE ] updating countdown to 19702
[22:05:25.851] [SEVERE ] updating countdown to 19676
[22:05:25.876] [SEVERE ] updating countdown to 19651
[22:05:25.902] [SEVERE ] updating countdown to 19625
[22:05:25.928] [SEVERE ] updating countdown to 19599
[22:05:25.954] [SEVERE ] updating countdown to 19573
[22:05:25.979] [SEVERE ] updating countdown to 19548
[22:05:26.005] [SEVERE ] updating countdown to 19522
[22:05:26.030] [SEVERE ] updating countdown to 19497
[22:05:26.056] [SEVERE ] updating countdown to 19471
[22:05:26.082] [SEVERE ] updating countdown to 19445
[22:05:26.108] [SEVERE ] updating countdown to 19419
[22:05:26.133] [SEVERE ] updating countdown to 19394
[22:05:26.159] [SEVERE ] updating countdown to 19368
[22:05:26.184] [SEVERE ] updating countdown to 19343
[22:05:26.210] [SEVERE ] updating countdown to 19317
[22:05:26.236] [SEVERE ] updating countdown to 19291
[22:05:26.262] [SEVERE ] updating countdown to 19265
[22:05:26.288] [SEVERE ] updating countdown to 19239
[22:05:26.314] [SEVERE ] updating countdown to 19213
[22:05:26.340] [SEVERE ] updating countdown to 19187
[22:05:26.366] [SEVERE ] updating countdown to 19161
[22:05:26.392] [SEVERE ] updating countdown to 19135
[22:05:26.418] [SEVERE ] updating countdown to 19109
[22:05:26.444] [SEVERE ] updating countdown to 19083
[22:05:26.469] [SEVERE ] updating countdown to 19058
[22:05:26.495] [SEVERE ] updating countdown to 19032
[22:05:26.521] [SEVERE ] updating countdown to 19006
[22:05:26.546] [SEVERE ] updating countdown to 18981
[22:05:26.572] [SEVERE ] updating countdown to 18955
[22:05:26.598] [SEVERE ] updating countdown to 18929
[22:05:26.624] [SEVERE ] updating countdown to 18903
[22:05:26.649] [SEVERE ] updating countdown to 18878
[22:05:26.675] [SEVERE ] updating countdown to 18852
[22:05:26.701] [SEVERE ] updating countdown to 18826
[22:05:26.726] [SEVERE ] updating countdown to 18801
[22:05:26.752] [SEVERE ] updating countdown to 18775
[22:05:26.778] [SEVERE ] updating countdown to 18749
[22:05:26.804] [SEVERE ] updating countdown to 18723
[22:05:26.829] [SEVERE ] updating countdown to 18698
[22:05:26.855] [SEVERE ] updating countdown to 18672
[22:05:26.881] [SEVERE ] updating countdown to 18646
[22:05:26.906] [SEVERE ] updating countdown to 18621
[22:05:26.933] [SEVERE ] updating countdown to 18594
[22:05:26.958] [SEVERE ] updating countdown to 18569
[22:05:26.984] [SEVERE ] updating countdown to 18543
[22:05:27.010] [SEVERE ] updating countdown to 18517
[22:05:27.036] [SEVERE ] updating countdown to 18491
[22:05:27.061] [SEVERE ] updating countdown to 18466
[22:05:27.087] [SEVERE ] updating countdown to 18440
[22:05:27.113] [SEVERE ] updating countdown to 18414
[22:05:27.138] [SEVERE ] updating countdown to 18389
[22:05:27.164] [SEVERE ] updating countdown to 18363
[22:05:27.190] [SEVERE ] updating countdown to 18337
[22:05:27.216] [SEVERE ] updating countdown to 18311
[22:05:27.241] [SEVERE ] updating countdown to 18286
[22:05:27.267] [SEVERE ] updating countdown to 18260
[22:05:27.292] [SEVERE ] updating countdown to 18235
[22:05:27.318] [SEVERE ] updating countdown to 18209
[22:05:27.344] [SEVERE ] updating countdown to 18183
[22:05:27.370] [SEVERE ] updating countdown to 18157
[22:05:27.397] [SEVERE ] updating countdown to 18130
[22:05:27.423] [SEVERE ] updating countdown to 18104
[22:05:27.449] [SEVERE ] updating countdown to 18078
[22:05:27.475] [SEVERE ] updating countdown to 18052
[22:05:27.501] [SEVERE ] updating countdown to 18026
[22:05:27.526] [SEVERE ] updating countdown to 18001
[22:05:27.552] [SEVERE ] updating countdown to 17975
[22:05:27.578] [SEVERE ] updating countdown to 17949
[22:05:27.605] [SEVERE ] updating countdown to 17922
[22:05:27.631] [SEVERE ] updating countdown to 17896
[22:05:27.657] [SEVERE ] updating countdown to 17870
[22:05:27.683] [SEVERE ] updating countdown to 17844
[22:05:27.709] [SEVERE ] updating countdown to 17818
[22:05:27.735] [SEVERE ] updating countdown to 17792
[22:05:27.761] [SEVERE ] updating countdown to 17766
[22:05:27.787] [SEVERE ] updating countdown to 17740
[22:05:27.813] [SEVERE ] updating countdown to 17714
[22:05:27.839] [SEVERE ] updating countdown to 17688
[22:05:27.864] [SEVERE ] updating countdown to 17663
[22:05:27.890] [SEVERE ] updating countdown to 17637
[22:05:27.916] [SEVERE ] updating countdown to 17611
[22:05:27.943] [SEVERE ] updating countdown to 17584
[22:05:27.969] [SEVERE ] updating countdown to 17558
[22:05:27.996] [SEVERE ] updating countdown to 17531
[22:05:28.022] [SEVERE ] updating countdown to 17505
[22:05:28.048] [SEVERE ] updating countdown to 17479
[22:05:28.075] [SEVERE ] updating countdown to 17452
[22:05:28.101] [SEVERE ] updating countdown to 17426
[22:05:28.127] [SEVERE ] updating countdown to 17400
[22:05:28.154] [SEVERE ] updating countdown to 17373
[22:05:28.180] [SEVERE ] updating countdown to 17347
[22:05:28.207] [SEVERE ] updating countdown to 17320
[22:05:28.233] [SEVERE ] updating countdown to 17294
[22:05:28.259] [SEVERE ] updating countdown to 17268
[22:05:28.284] [SEVERE ] updating countdown to 17243
[22:05:28.310] [SEVERE ] updating countdown to 17217
[22:05:28.336] [SEVERE ] updating countdown to 17191
[22:05:28.362] [SEVERE ] updating countdown to 17165
[22:05:28.388] [SEVERE ] updating countdown to 17139
[22:05:28.413] [SEVERE ] updating countdown to 17114
[22:05:28.439] [SEVERE ] updating countdown to 17088
[22:05:28.465] [SEVERE ] updating countdown to 17062
[22:05:28.490] [SEVERE ] updating countdown to 17037
[22:05:28.516] [SEVERE ] updating countdown to 17011
[22:05:28.542] [SEVERE ] updating countdown to 16985
[22:05:28.567] [SEVERE ] updating countdown to 16960
[22:05:28.593] [SEVERE ] updating countdown to 16934
[22:05:28.618] [SEVERE ] updating countdown to 16909
[22:05:28.645] [SEVERE ] updating countdown to 16882
[22:05:28.671] [SEVERE ] updating countdown to 16856
[22:05:28.697] [SEVERE ] updating countdown to 16830
[22:05:28.723] [SEVERE ] updating countdown to 16804
[22:05:28.748] [SEVERE ] updating countdown to 16779
[22:05:28.775] [SEVERE ] updating countdown to 16752
[22:05:28.801] [SEVERE ] updating countdown to 16726
[22:05:28.826] [SEVERE ] updating countdown to 16701
[22:05:28.852] [SEVERE ] updating countdown to 16675
[22:05:28.878] [SEVERE ] updating countdown to 16649
[22:05:28.904] [SEVERE ] updating countdown to 16623
[22:05:28.931] [SEVERE ] updating countdown to 16596
[22:05:28.957] [SEVERE ] updating countdown to 16570
[22:05:28.983] [SEVERE ] updating countdown to 16544
[22:05:29.010] [SEVERE ] updating countdown to 16517
[22:05:29.036] [SEVERE ] updating countdown to 16491
[22:05:29.062] [SEVERE ] updating countdown to 16465
[22:05:29.088] [SEVERE ] updating countdown to 16439
[22:05:29.113] [SEVERE ] updating countdown to 16414
[22:05:29.139] [SEVERE ] updating countdown to 16388
[22:05:29.165] [SEVERE ] updating countdown to 16362
[22:05:29.192] [SEVERE ] updating countdown to 16335
[22:05:29.218] [SEVERE ] updating countdown to 16309
[22:05:29.243] [SEVERE ] updating countdown to 16284
[22:05:29.270] [SEVERE ] updating countdown to 16257
[22:05:29.296] [SEVERE ] updating countdown to 16231
[22:05:29.321] [SEVERE ] updating countdown to 16206
[22:05:29.347] [SEVERE ] updating countdown to 16180
[22:05:29.373] [SEVERE ] updating countdown to 16154
[22:05:29.399] [SEVERE ] updating countdown to 16128
[22:05:29.424] [SEVERE ] updating countdown to 16103
[22:05:29.450] [SEVERE ] updating countdown to 16077
[22:05:29.475] [SEVERE ] updating countdown to 16052
[22:05:29.501] [SEVERE ] updating countdown to 16026
[22:05:29.527] [SEVERE ] updating countdown to 16000
[22:05:29.553] [SEVERE ] updating countdown to 15974
[22:05:29.579] [SEVERE ] updating countdown to 15948
[22:05:29.605] [SEVERE ] updating countdown to 15922
[22:05:29.631] [SEVERE ] updating countdown to 15896
[22:05:29.657] [SEVERE ] updating countdown to 15870
[22:05:29.683] [SEVERE ] updating countdown to 15844
[22:05:29.710] [SEVERE ] updating countdown to 15817
[22:05:29.739] [SEVERE ] updating countdown to 15788
[22:05:29.771] [SEVERE ] updating countdown to 15756
[22:05:29.797] [SEVERE ] updating countdown to 15730
[22:05:29.822] [SEVERE ] updating countdown to 15705
[22:05:29.848] [SEVERE ] updating countdown to 15679
[22:05:29.874] [SEVERE ] updating countdown to 15653
[22:05:29.899] [SEVERE ] updating countdown to 15628
[22:05:29.925] [SEVERE ] updating countdown to 15602
[22:05:29.951] [SEVERE ] updating countdown to 15576
[22:05:29.977] [SEVERE ] updating countdown to 15550
[22:05:30.004] [SEVERE ] updating countdown to 15523
[22:05:30.030] [SEVERE ] updating countdown to 15497
[22:05:30.056] [SEVERE ] updating countdown to 15471
[22:05:30.082] [SEVERE ] updating countdown to 15445
[22:05:30.107] [SEVERE ] updating countdown to 15420
[22:05:30.134] [SEVERE ] updating countdown to 15393
[22:05:30.160] [SEVERE ] updating countdown to 15367
[22:05:30.185] [SEVERE ] updating countdown to 15342
[22:05:30.211] [SEVERE ] updating countdown to 15316
[22:05:30.237] [SEVERE ] updating countdown to 15290
[22:05:30.263] [SEVERE ] updating countdown to 15264
[22:05:30.289] [SEVERE ] updating countdown to 15238
[22:05:30.315] [SEVERE ] updating countdown to 15212
[22:05:30.341] [SEVERE ] updating countdown to 15186
[22:05:30.367] [SEVERE ] updating countdown to 15160
[22:05:30.393] [SEVERE ] updating countdown to 15134
[22:05:30.418] [SEVERE ] updating countdown to 15109
[22:05:30.444] [SEVERE ] updating countdown to 15083
[22:05:30.469] [SEVERE ] updating countdown to 15058
[22:05:30.495] [SEVERE ] updating countdown to 15032
[22:05:30.521] [SEVERE ] updating countdown to 15006
[22:05:30.547] [SEVERE ] updating countdown to 14980
[22:05:30.574] [SEVERE ] updating countdown to 14953
[22:05:30.599] [SEVERE ] updating countdown to 14928
[22:05:30.625] [SEVERE ] updating countdown to 14902
[22:05:30.651] [SEVERE ] updating countdown to 14876
[22:05:30.677] [SEVERE ] updating countdown to 14850
[22:05:30.704] [SEVERE ] updating countdown to 14823
[22:05:30.730] [SEVERE ] updating countdown to 14797
[22:05:30.756] [SEVERE ] updating countdown to 14771
[22:05:30.781] [SEVERE ] updating countdown to 14746
[22:05:30.807] [SEVERE ] updating countdown to 14720
[22:05:30.833] [SEVERE ] updating countdown to 14694
[22:05:30.858] [SEVERE ] updating countdown to 14669
[22:05:30.884] [SEVERE ] updating countdown to 14643
[22:05:30.909] [SEVERE ] updating countdown to 14618
[22:05:30.935] [SEVERE ] updating countdown to 14592
[22:05:30.961] [SEVERE ] updating countdown to 14566
[22:05:30.987] [SEVERE ] updating countdown to 14540
[22:05:31.013] [SEVERE ] updating countdown to 14514
[22:05:31.039] [SEVERE ] updating countdown to 14488
[22:05:31.065] [SEVERE ] updating countdown to 14462
[22:05:31.092] [SEVERE ] updating countdown to 14435
[22:05:31.118] [SEVERE ] updating countdown to 14409
[22:05:31.144] [SEVERE ] updating countdown to 14383
[22:05:31.171] [SEVERE ] updating countdown to 14356
[22:05:31.197] [SEVERE ] updating countdown to 14330
[22:05:31.224] [SEVERE ] updating countdown to 14303
[22:05:31.249] [SEVERE ] updating countdown to 14278
[22:05:31.275] [SEVERE ] updating countdown to 14252
[22:05:31.301] [SEVERE ] updating countdown to 14226
[22:05:31.329] [SEVERE ] updating countdown to 14198
[22:05:31.355] [SEVERE ] updating countdown to 14172
[22:05:31.382] [SEVERE ] updating countdown to 14145
[22:05:31.407] [SEVERE ] updating countdown to 14120
[22:05:31.433] [SEVERE ] updating countdown to 14094
[22:05:31.459] [SEVERE ] updating countdown to 14068
[22:05:31.485] [SEVERE ] updating countdown to 14042
[22:05:31.510] [SEVERE ] updating countdown to 14017
[22:05:31.536] [SEVERE ] updating countdown to 13991
[22:05:31.563] [SEVERE ] updating countdown to 13964
[22:05:31.588] [SEVERE ] updating countdown to 13939
[22:05:31.614] [SEVERE ] updating countdown to 13913
[22:05:31.640] [SEVERE ] updating countdown to 13887
[22:05:31.665] [SEVERE ] updating countdown to 13862
[22:05:31.691] [SEVERE ] updating countdown to 13836
[22:05:31.717] [SEVERE ] updating countdown to 13811
[22:05:31.742] [SEVERE ] updating countdown to 13785
[22:05:31.768] [SEVERE ] updating countdown to 13759
[22:05:31.794] [SEVERE ] updating countdown to 13733
[22:05:31.820] [SEVERE ] updating countdown to 13707
[22:05:31.846] [SEVERE ] updating countdown to 13681
[22:05:31.877] [SEVERE ] updating countdown to 13650
[22:05:31.902] [SEVERE ] updating countdown to 13625
[22:05:31.928] [SEVERE ] updating countdown to 13599
[22:05:31.954] [SEVERE ] updating countdown to 13573
[22:05:31.980] [SEVERE ] updating countdown to 13547
[22:05:32.005] [SEVERE ] updating countdown to 13522
[22:05:32.032] [SEVERE ] updating countdown to 13495
[22:05:32.057] [SEVERE ] updating countdown to 13470
[22:05:32.085] [SEVERE ] updating countdown to 13442
[22:05:32.111] [SEVERE ] updating countdown to 13416
[22:05:32.136] [SEVERE ] updating countdown to 13391
[22:05:32.162] [SEVERE ] updating countdown to 13365
[22:05:32.188] [SEVERE ] updating countdown to 13339
[22:05:32.213] [SEVERE ] updating countdown to 13314
[22:05:32.239] [SEVERE ] updating countdown to 13288
[22:05:32.265] [SEVERE ] updating countdown to 13262
[22:05:32.291] [SEVERE ] updating countdown to 13236
[22:05:32.316] [SEVERE ] updating countdown to 13211
[22:05:32.342] [SEVERE ] updating countdown to 13185
[22:05:32.368] [SEVERE ] updating countdown to 13159
[22:05:32.393] [SEVERE ] updating countdown to 13134
[22:05:32.419] [SEVERE ] updating countdown to 13108
[22:05:32.444] [SEVERE ] updating countdown to 13083
[22:05:32.470] [SEVERE ] updating countdown to 13057
[22:05:32.496] [SEVERE ] updating countdown to 13031
[22:05:32.521] [SEVERE ] updating countdown to 13006
[22:05:32.547] [SEVERE ] updating countdown to 12980
[22:05:32.573] [SEVERE ] updating countdown to 12954
[22:05:32.598] [SEVERE ] updating countdown to 12929
[22:05:32.624] [SEVERE ] updating countdown to 12903
[22:05:32.650] [SEVERE ] updating countdown to 12877
[22:05:32.676] [SEVERE ] updating countdown to 12851
[22:05:32.702] [SEVERE ] updating countdown to 12825
[22:05:32.727] [SEVERE ] updating countdown to 12800
[22:05:32.755] [SEVERE ] updating countdown to 12772
[22:05:32.780] [SEVERE ] updating countdown to 12747
[22:05:32.806] [SEVERE ] updating countdown to 12721
[22:05:32.832] [SEVERE ] updating countdown to 12695
[22:05:32.857] [SEVERE ] updating countdown to 12670
[22:05:32.883] [SEVERE ] updating countdown to 12644
[22:05:32.909] [SEVERE ] updating countdown to 12618
[22:05:32.935] [SEVERE ] updating countdown to 12592
[22:05:32.960] [SEVERE ] updating countdown to 12567
[22:05:32.987] [SEVERE ] updating countdown to 12540
[22:05:33.012] [SEVERE ] updating countdown to 12515
[22:05:33.038] [SEVERE ] updating countdown to 12489
[22:05:33.063] [SEVERE ] updating countdown to 12464
[22:05:33.090] [SEVERE ] updating countdown to 12437
[22:05:33.116] [SEVERE ] updating countdown to 12411
[22:05:33.142] [SEVERE ] updating countdown to 12385
[22:05:33.167] [SEVERE ] updating countdown to 12360
[22:05:33.193] [SEVERE ] updating countdown to 12334
[22:05:33.220] [SEVERE ] updating countdown to 12307
[22:05:33.246] [SEVERE ] updating countdown to 12281
[22:05:33.272] [SEVERE ] updating countdown to 12255
[22:05:33.297] [SEVERE ] updating countdown to 12230
[22:05:33.323] [SEVERE ] updating countdown to 12204
[22:05:33.350] [SEVERE ] updating countdown to 12177
[22:05:33.375] [SEVERE ] updating countdown to 12152
[22:05:33.401] [SEVERE ] updating countdown to 12126
[22:05:33.427] [SEVERE ] updating countdown to 12100
[22:05:33.454] [SEVERE ] updating countdown to 12073
