[22:14:05.086] [INFO   ] thread bguspl.set.Main.main() starting.
[22:14:05.094] [SEVERE ] cannot read configuration file config.properties trying from resources.
[22:14:05.102] [SEVERE ] configuration file was loaded from resources directory.
[22:14:06.145] [INFO   ] thread dealer starting.
[22:14:06.146] [INFO   ] thread dealer starting.
[22:14:06.256] [SEVERE ] placing card 25 in slot 0
[22:14:06.358] [SEVERE ] placing card 8 in slot 1
[22:14:06.460] [SEVERE ] placing card 75 in slot 2
[22:14:06.561] [SEVERE ] placing card 36 in slot 3
[22:14:06.663] [SEVERE ] placing card 65 in slot 4
[22:14:06.766] [SEVERE ] placing card 79 in slot 5
[22:14:06.867] [SEVERE ] placing card 50 in slot 6
[22:14:06.968] [SEVERE ] placing card 33 in slot 7
[22:14:07.070] [SEVERE ] placing card 13 in slot 8
[22:14:07.172] [SEVERE ] placing card 28 in slot 9
[22:14:07.274] [SEVERE ] placing card 62 in slot 10
[22:14:07.377] [SEVERE ] placing card 63 in slot 11
[22:14:07.403] [SEVERE ] updating countdown to 59974
[22:14:07.430] [SEVERE ] updating countdown to 59947
[22:14:07.456] [SEVERE ] updating countdown to 59921
[22:14:07.482] [SEVERE ] updating countdown to 59895
[22:14:07.508] [SEVERE ] updating countdown to 59869
[22:14:07.533] [SEVERE ] updating countdown to 59844
[22:14:07.560] [SEVERE ] updating countdown to 59817
[22:14:07.587] [SEVERE ] updating countdown to 59790
[22:14:07.613] [SEVERE ] updating countdown to 59764
[22:14:07.639] [SEVERE ] updating countdown to 59738
[22:14:07.668] [SEVERE ] updating countdown to 59709
[22:14:07.695] [SEVERE ] updating countdown to 59682
[22:14:07.722] [SEVERE ] updating countdown to 59655
[22:14:07.748] [SEVERE ] updating countdown to 59630
[22:14:07.774] [SEVERE ] updating countdown to 59603
[22:14:07.800] [SEVERE ] updating countdown to 59577
[22:14:07.826] [SEVERE ] updating countdown to 59551
[22:14:07.852] [SEVERE ] updating countdown to 59525
[22:14:07.878] [SEVERE ] updating countdown to 59499
[22:14:07.904] [SEVERE ] updating countdown to 59473
[22:14:07.931] [SEVERE ] updating countdown to 59446
[22:14:07.957] [SEVERE ] updating countdown to 59420
[22:14:07.984] [SEVERE ] updating countdown to 59393
[22:14:08.009] [SEVERE ] updating countdown to 59368
[22:14:08.035] [SEVERE ] updating countdown to 59342
[22:14:08.061] [SEVERE ] updating countdown to 59316
[22:14:08.087] [SEVERE ] updating countdown to 59290
[22:14:08.113] [SEVERE ] updating countdown to 59264
[22:14:08.140] [SEVERE ] updating countdown to 59237
[22:14:08.165] [SEVERE ] updating countdown to 59212
[22:14:08.192] [SEVERE ] updating countdown to 59185
[22:14:08.217] [SEVERE ] updating countdown to 59160
[22:14:08.243] [SEVERE ] updating countdown to 59134
[22:14:08.270] [SEVERE ] updating countdown to 59107
[22:14:08.296] [SEVERE ] updating countdown to 59081
[22:14:08.323] [SEVERE ] updating countdown to 59054
[22:14:08.349] [SEVERE ] updating countdown to 59028
[22:14:08.375] [SEVERE ] updating countdown to 59002
[22:14:08.403] [SEVERE ] updating countdown to 58974
[22:14:08.429] [SEVERE ] updating countdown to 58948
[22:14:08.455] [SEVERE ] updating countdown to 58922
[22:14:08.481] [SEVERE ] updating countdown to 58896
[22:14:08.507] [SEVERE ] updating countdown to 58870
[22:14:08.533] [SEVERE ] updating countdown to 58844
[22:14:08.559] [SEVERE ] updating countdown to 58818
[22:14:08.585] [SEVERE ] updating countdown to 58792
[22:14:08.610] [SEVERE ] updating countdown to 58767
[22:14:08.637] [SEVERE ] updating countdown to 58740
[22:14:08.663] [SEVERE ] updating countdown to 58714
[22:14:08.690] [SEVERE ] updating countdown to 58687
[22:14:08.715] [SEVERE ] updating countdown to 58662
[22:14:08.742] [SEVERE ] updating countdown to 58636
[22:14:08.767] [SEVERE ] updating countdown to 58610
[22:14:08.793] [SEVERE ] updating countdown to 58584
[22:14:08.819] [SEVERE ] updating countdown to 58558
[22:14:08.845] [SEVERE ] updating countdown to 58532
[22:14:08.871] [SEVERE ] updating countdown to 58506
[22:14:08.897] [SEVERE ] updating countdown to 58480
[22:14:08.923] [SEVERE ] updating countdown to 58454
[22:14:08.949] [SEVERE ] updating countdown to 58428
[22:14:08.974] [SEVERE ] updating countdown to 58403
[22:14:09.000] [SEVERE ] updating countdown to 58377
[22:14:09.026] [SEVERE ] updating countdown to 58351
[22:14:09.052] [SEVERE ] updating countdown to 58325
[22:14:09.078] [SEVERE ] updating countdown to 58299
[22:14:09.104] [SEVERE ] updating countdown to 58273
[22:14:09.130] [SEVERE ] updating countdown to 58247
[22:14:09.156] [SEVERE ] updating countdown to 58221
[22:14:09.183] [SEVERE ] updating countdown to 58194
[22:14:09.209] [SEVERE ] updating countdown to 58168
[22:14:09.235] [SEVERE ] updating countdown to 58142
[22:14:09.261] [SEVERE ] updating countdown to 58116
[22:14:09.287] [SEVERE ] updating countdown to 58090
[22:14:09.314] [SEVERE ] updating countdown to 58063
[22:14:09.340] [SEVERE ] updating countdown to 58037
[22:14:09.366] [SEVERE ] updating countdown to 58011
[22:14:09.392] [SEVERE ] updating countdown to 57985
[22:14:09.418] [SEVERE ] updating countdown to 57959
[22:14:09.444] [SEVERE ] updating countdown to 57933
[22:14:09.469] [SEVERE ] updating countdown to 57908
[22:14:09.495] [SEVERE ] updating countdown to 57882
[22:14:09.521] [SEVERE ] updating countdown to 57856
[22:14:09.546] [SEVERE ] updating countdown to 57831
[22:14:09.572] [SEVERE ] updating countdown to 57805
[22:14:09.598] [SEVERE ] updating countdown to 57779
[22:14:09.624] [SEVERE ] updating countdown to 57753
[22:14:09.650] [SEVERE ] updating countdown to 57727
[22:14:09.676] [SEVERE ] updating countdown to 57701
[22:14:09.702] [SEVERE ] updating countdown to 57675
[22:14:09.730] [SEVERE ] updating countdown to 57647
[22:14:09.757] [SEVERE ] updating countdown to 57620
[22:14:09.783] [SEVERE ] updating countdown to 57594
[22:14:09.809] [SEVERE ] updating countdown to 57568
[22:14:09.835] [SEVERE ] updating countdown to 57542
[22:14:09.862] [SEVERE ] updating countdown to 57515
[22:14:09.888] [SEVERE ] updating countdown to 57489
[22:14:09.914] [SEVERE ] updating countdown to 57463
[22:14:09.940] [SEVERE ] updating countdown to 57437
[22:14:09.965] [SEVERE ] updating countdown to 57412
[22:14:09.991] [SEVERE ] updating countdown to 57386
[22:14:10.017] [SEVERE ] updating countdown to 57360
[22:14:10.043] [SEVERE ] updating countdown to 57334
[22:14:10.069] [SEVERE ] updating countdown to 57308
[22:14:10.095] [SEVERE ] updating countdown to 57282
[22:14:10.121] [SEVERE ] updating countdown to 57256
[22:14:10.146] [SEVERE ] updating countdown to 57231
[22:14:10.172] [SEVERE ] updating countdown to 57205
[22:14:10.198] [SEVERE ] updating countdown to 57179
[22:14:10.224] [SEVERE ] updating countdown to 57153
[22:14:10.250] [SEVERE ] updating countdown to 57127
[22:14:10.276] [SEVERE ] updating countdown to 57101
[22:14:10.302] [SEVERE ] updating countdown to 57075
[22:14:10.328] [SEVERE ] updating countdown to 57050
[22:14:10.353] [SEVERE ] updating countdown to 57024
[22:14:10.379] [SEVERE ] updating countdown to 56998
[22:14:10.407] [SEVERE ] updating countdown to 56970
[22:14:10.433] [SEVERE ] updating countdown to 56944
[22:14:10.459] [SEVERE ] updating countdown to 56918
[22:14:10.485] [SEVERE ] updating countdown to 56892
[22:14:10.511] [SEVERE ] updating countdown to 56866
[22:14:10.537] [SEVERE ] updating countdown to 56840
[22:14:10.563] [SEVERE ] updating countdown to 56814
[22:14:10.589] [SEVERE ] updating countdown to 56788
[22:14:10.615] [SEVERE ] updating countdown to 56762
[22:14:10.641] [SEVERE ] updating countdown to 56736
[22:14:10.667] [SEVERE ] updating countdown to 56710
[22:14:10.693] [SEVERE ] updating countdown to 56684
[22:14:10.718] [SEVERE ] updating countdown to 56659
[22:14:10.744] [SEVERE ] updating countdown to 56633
[22:14:10.770] [SEVERE ] updating countdown to 56607
[22:14:10.796] [SEVERE ] updating countdown to 56581
[22:14:10.821] [SEVERE ] updating countdown to 56556
[22:14:10.847] [SEVERE ] updating countdown to 56530
[22:14:10.873] [SEVERE ] updating countdown to 56504
[22:14:10.899] [SEVERE ] updating countdown to 56478
[22:14:10.924] [SEVERE ] updating countdown to 56453
[22:14:10.950] [SEVERE ] updating countdown to 56427
[22:14:10.977] [SEVERE ] updating countdown to 56400
[22:14:11.003] [SEVERE ] updating countdown to 56374
[22:14:11.029] [SEVERE ] updating countdown to 56348
[22:14:11.055] [SEVERE ] updating countdown to 56322
[22:14:11.081] [SEVERE ] updating countdown to 56297
[22:14:11.107] [SEVERE ] updating countdown to 56270
[22:14:11.132] [SEVERE ] updating countdown to 56245
[22:14:11.158] [SEVERE ] updating countdown to 56219
[22:14:11.184] [SEVERE ] updating countdown to 56193
[22:14:11.210] [SEVERE ] updating countdown to 56167
[22:14:11.236] [SEVERE ] updating countdown to 56141
[22:14:11.262] [SEVERE ] updating countdown to 56115
[22:14:11.288] [SEVERE ] updating countdown to 56089
[22:14:11.314] [SEVERE ] updating countdown to 56063
[22:14:11.339] [SEVERE ] updating countdown to 56038
[22:14:11.366] [SEVERE ] updating countdown to 56011
[22:14:11.391] [SEVERE ] updating countdown to 55986
[22:14:11.417] [SEVERE ] updating countdown to 55960
[22:14:11.443] [SEVERE ] updating countdown to 55934
[22:14:11.469] [SEVERE ] updating countdown to 55908
[22:14:11.495] [SEVERE ] updating countdown to 55882
[22:14:11.521] [SEVERE ] updating countdown to 55856
[22:14:11.546] [SEVERE ] updating countdown to 55831
[22:14:11.572] [SEVERE ] updating countdown to 55805
[22:14:11.598] [SEVERE ] updating countdown to 55779
[22:14:11.624] [SEVERE ] updating countdown to 55753
[22:14:11.650] [SEVERE ] updating countdown to 55727
[22:14:11.676] [SEVERE ] updating countdown to 55702
[22:14:11.702] [SEVERE ] updating countdown to 55675
[22:14:11.728] [SEVERE ] updating countdown to 55649
[22:14:11.754] [SEVERE ] updating countdown to 55623
[22:14:11.780] [SEVERE ] updating countdown to 55597
[22:14:11.806] [SEVERE ] updating countdown to 55571
[22:14:11.832] [SEVERE ] updating countdown to 55545
[22:14:11.857] [SEVERE ] updating countdown to 55520
[22:14:11.883] [SEVERE ] updating countdown to 55494
[22:14:11.909] [SEVERE ] updating countdown to 55468
[22:14:11.935] [SEVERE ] updating countdown to 55442
[22:14:11.961] [SEVERE ] updating countdown to 55416
[22:14:11.987] [SEVERE ] updating countdown to 55390
[22:14:12.013] [SEVERE ] updating countdown to 55364
[22:14:12.039] [SEVERE ] updating countdown to 55338
[22:14:12.065] [SEVERE ] updating countdown to 55313
[22:14:12.090] [SEVERE ] updating countdown to 55287
[22:14:12.116] [SEVERE ] updating countdown to 55261
[22:14:12.142] [SEVERE ] updating countdown to 55235
[22:14:12.168] [SEVERE ] updating countdown to 55209
[22:14:12.194] [SEVERE ] updating countdown to 55183
[22:14:12.220] [SEVERE ] updating countdown to 55157
[22:14:12.245] [SEVERE ] updating countdown to 55132
[22:14:12.271] [SEVERE ] updating countdown to 55106
[22:14:12.297] [SEVERE ] updating countdown to 55080
[22:14:12.322] [SEVERE ] updating countdown to 55055
[22:14:12.348] [SEVERE ] updating countdown to 55029
[22:14:12.374] [SEVERE ] updating countdown to 55003
[22:14:12.400] [SEVERE ] updating countdown to 54977
[22:14:12.426] [SEVERE ] updating countdown to 54951
[22:14:12.451] [SEVERE ] updating countdown to 54926
[22:14:12.477] [SEVERE ] updating countdown to 54900
[22:14:12.503] [SEVERE ] updating countdown to 54874
[22:14:12.528] [SEVERE ] updating countdown to 54849
[22:14:12.554] [SEVERE ] updating countdown to 54823
[22:14:12.580] [SEVERE ] updating countdown to 54797
[22:14:12.606] [SEVERE ] updating countdown to 54771
[22:14:12.632] [SEVERE ] updating countdown to 54745
[22:14:12.657] [SEVERE ] updating countdown to 54720
[22:14:12.683] [SEVERE ] updating countdown to 54694
[22:14:12.709] [SEVERE ] updating countdown to 54668
[22:14:12.734] [SEVERE ] updating countdown to 54643
[22:14:12.760] [SEVERE ] updating countdown to 54617
[22:14:12.786] [SEVERE ] updating countdown to 54591
[22:14:12.812] [SEVERE ] updating countdown to 54565
[22:14:12.838] [SEVERE ] updating countdown to 54539
[22:14:12.864] [SEVERE ] updating countdown to 54513
[22:14:12.889] [SEVERE ] updating countdown to 54488
[22:14:12.915] [SEVERE ] updating countdown to 54462
[22:14:12.941] [SEVERE ] updating countdown to 54436
[22:14:12.967] [SEVERE ] updating countdown to 54410
[22:14:12.993] [SEVERE ] updating countdown to 54385
[22:14:13.018] [SEVERE ] updating countdown to 54359
[22:14:13.044] [SEVERE ] updating countdown to 54333
[22:14:13.070] [SEVERE ] updating countdown to 54307
[22:14:13.096] [SEVERE ] updating countdown to 54281
[22:14:13.122] [SEVERE ] updating countdown to 54255
[22:14:13.149] [SEVERE ] updating countdown to 54228
[22:14:13.175] [SEVERE ] updating countdown to 54202
[22:14:13.202] [SEVERE ] updating countdown to 54175
[22:14:13.228] [SEVERE ] updating countdown to 54149
[22:14:13.255] [SEVERE ] updating countdown to 54122
[22:14:13.284] [SEVERE ] updating countdown to 54093
[22:14:13.310] [SEVERE ] updating countdown to 54067
[22:14:13.337] [SEVERE ] updating countdown to 54040
[22:14:13.363] [SEVERE ] updating countdown to 54014
[22:14:13.390] [SEVERE ] updating countdown to 53987
[22:14:13.416] [SEVERE ] updating countdown to 53961
[22:14:13.442] [SEVERE ] updating countdown to 53935
[22:14:13.469] [SEVERE ] updating countdown to 53908
[22:14:13.495] [SEVERE ] updating countdown to 53882
[22:14:13.522] [SEVERE ] updating countdown to 53855
[22:14:13.549] [SEVERE ] updating countdown to 53828
[22:14:13.575] [SEVERE ] updating countdown to 53802
[22:14:13.602] [SEVERE ] updating countdown to 53775
[22:14:13.628] [SEVERE ] updating countdown to 53749
[22:14:13.655] [SEVERE ] updating countdown to 53722
[22:14:13.681] [SEVERE ] updating countdown to 53696
[22:14:13.707] [SEVERE ] updating countdown to 53670
[22:14:13.733] [SEVERE ] updating countdown to 53644
[22:14:13.761] [SEVERE ] updating countdown to 53616
[22:14:13.788] [SEVERE ] updating countdown to 53589
[22:14:13.814] [SEVERE ] updating countdown to 53563
[22:14:13.841] [SEVERE ] updating countdown to 53536
[22:14:13.867] [SEVERE ] updating countdown to 53510
[22:14:13.893] [SEVERE ] updating countdown to 53484
[22:14:13.926] [SEVERE ] updating countdown to 53451
[22:14:13.952] [SEVERE ] updating countdown to 53425
[22:14:13.986] [SEVERE ] updating countdown to 53391
[22:14:14.012] [SEVERE ] updating countdown to 53365
[22:14:14.038] [SEVERE ] updating countdown to 53339
[22:14:14.064] [SEVERE ] updating countdown to 53313
[22:14:14.091] [SEVERE ] updating countdown to 53286
[22:14:14.117] [SEVERE ] updating countdown to 53260
[22:14:14.143] [SEVERE ] updating countdown to 53234
[22:14:14.169] [SEVERE ] updating countdown to 53208
[22:14:14.195] [SEVERE ] updating countdown to 53182
[22:14:14.221] [SEVERE ] updating countdown to 53156
[22:14:14.246] [SEVERE ] updating countdown to 53131
[22:14:14.272] [SEVERE ] updating countdown to 53105
[22:14:14.297] [SEVERE ] updating countdown to 53080
[22:14:14.323] [SEVERE ] updating countdown to 53054
[22:14:14.349] [SEVERE ] updating countdown to 53028
[22:14:14.374] [SEVERE ] updating countdown to 53003
[22:14:14.400] [SEVERE ] updating countdown to 52977
[22:14:14.426] [SEVERE ] updating countdown to 52951
[22:14:14.451] [SEVERE ] updating countdown to 52926
[22:14:14.478] [SEVERE ] updating countdown to 52899
[22:14:14.503] [SEVERE ] updating countdown to 52874
[22:14:14.529] [SEVERE ] updating countdown to 52848
[22:14:14.555] [SEVERE ] updating countdown to 52822
[22:14:14.580] [SEVERE ] updating countdown to 52797
[22:14:14.606] [SEVERE ] updating countdown to 52771
[22:14:14.632] [SEVERE ] updating countdown to 52745
[22:14:14.657] [SEVERE ] updating countdown to 52720
[22:14:14.684] [SEVERE ] updating countdown to 52693
[22:14:14.710] [SEVERE ] updating countdown to 52667
[22:14:14.736] [SEVERE ] updating countdown to 52641
[22:14:14.762] [SEVERE ] updating countdown to 52615
[22:14:14.789] [SEVERE ] updating countdown to 52588
[22:14:14.816] [SEVERE ] updating countdown to 52561
[22:14:14.841] [SEVERE ] updating countdown to 52536
[22:14:14.868] [SEVERE ] updating countdown to 52509
[22:14:14.895] [SEVERE ] updating countdown to 52482
[22:14:14.921] [SEVERE ] updating countdown to 52456
[22:14:14.947] [SEVERE ] updating countdown to 52430
[22:14:14.973] [SEVERE ] updating countdown to 52404
[22:14:14.999] [SEVERE ] updating countdown to 52378
[22:14:15.025] [SEVERE ] updating countdown to 52352
[22:14:15.051] [SEVERE ] updating countdown to 52326
[22:14:15.077] [SEVERE ] updating countdown to 52300
[22:14:15.102] [SEVERE ] updating countdown to 52275
[22:14:15.128] [SEVERE ] updating countdown to 52249
[22:14:15.154] [SEVERE ] updating countdown to 52223
[22:14:15.180] [SEVERE ] updating countdown to 52197
[22:14:15.206] [SEVERE ] updating countdown to 52171
[22:14:15.232] [SEVERE ] updating countdown to 52145
[22:14:15.259] [SEVERE ] updating countdown to 52118
[22:14:15.285] [SEVERE ] updating countdown to 52092
[22:14:15.311] [SEVERE ] updating countdown to 52066
[22:14:15.339] [SEVERE ] updating countdown to 52038
[22:14:15.365] [SEVERE ] updating countdown to 52012
[22:14:15.391] [SEVERE ] updating countdown to 51986
[22:14:15.417] [SEVERE ] updating countdown to 51960
[22:14:15.443] [SEVERE ] updating countdown to 51934
[22:14:15.470] [SEVERE ] updating countdown to 51907
[22:14:15.495] [SEVERE ] updating countdown to 51882
[22:14:15.521] [SEVERE ] updating countdown to 51856
[22:14:15.548] [SEVERE ] updating countdown to 51829
[22:14:15.574] [SEVERE ] updating countdown to 51803
[22:14:15.600] [SEVERE ] updating countdown to 51777
[22:14:15.627] [SEVERE ] updating countdown to 51750
[22:14:15.653] [SEVERE ] updating countdown to 51724
[22:14:15.679] [SEVERE ] updating countdown to 51698
[22:14:15.706] [SEVERE ] updating countdown to 51671
[22:14:15.733] [SEVERE ] updating countdown to 51644
[22:14:15.758] [SEVERE ] updating countdown to 51619
[22:14:15.788] [SEVERE ] updating countdown to 51589
[22:14:15.814] [SEVERE ] updating countdown to 51563
[22:14:15.840] [SEVERE ] updating countdown to 51537
[22:14:15.866] [SEVERE ] updating countdown to 51511
[22:14:15.893] [SEVERE ] updating countdown to 51484
[22:14:15.919] [SEVERE ] updating countdown to 51458
[22:14:15.945] [SEVERE ] updating countdown to 51432
[22:14:15.972] [SEVERE ] updating countdown to 51405
[22:14:15.998] [SEVERE ] updating countdown to 51379
[22:14:16.024] [SEVERE ] updating countdown to 51353
[22:14:16.050] [SEVERE ] updating countdown to 51327
[22:14:16.076] [SEVERE ] updating countdown to 51301
[22:14:16.102] [SEVERE ] updating countdown to 51275
[22:14:16.129] [SEVERE ] updating countdown to 51248
[22:14:16.156] [SEVERE ] updating countdown to 51221
[22:14:16.182] [SEVERE ] updating countdown to 51195
[22:14:16.208] [SEVERE ] updating countdown to 51169
[22:14:16.234] [SEVERE ] updating countdown to 51143
[22:14:16.260] [SEVERE ] updating countdown to 51117
[22:14:16.287] [SEVERE ] updating countdown to 51090
[22:14:16.315] [SEVERE ] updating countdown to 51062
[22:14:16.341] [SEVERE ] updating countdown to 51036
[22:14:16.367] [SEVERE ] updating countdown to 51010
[22:14:16.393] [SEVERE ] updating countdown to 50984
[22:14:16.419] [SEVERE ] updating countdown to 50958
[22:14:16.445] [SEVERE ] updating countdown to 50932
[22:14:16.471] [SEVERE ] updating countdown to 50906
[22:14:16.497] [SEVERE ] updating countdown to 50880
[22:14:16.523] [SEVERE ] updating countdown to 50854
[22:14:16.549] [SEVERE ] updating countdown to 50828
[22:14:16.575] [SEVERE ] updating countdown to 50802
[22:14:16.602] [SEVERE ] updating countdown to 50775
[22:14:16.628] [SEVERE ] updating countdown to 50749
[22:14:16.654] [SEVERE ] updating countdown to 50723
[22:14:16.680] [SEVERE ] updating countdown to 50697
[22:14:16.706] [SEVERE ] updating countdown to 50671
[22:14:16.733] [SEVERE ] updating countdown to 50644
[22:14:16.759] [SEVERE ] updating countdown to 50618
[22:14:16.785] [SEVERE ] updating countdown to 50592
[22:14:16.811] [SEVERE ] updating countdown to 50566
[22:14:16.838] [SEVERE ] updating countdown to 50539
[22:14:16.864] [SEVERE ] updating countdown to 50513
[22:14:16.891] [SEVERE ] updating countdown to 50486
[22:14:16.917] [SEVERE ] updating countdown to 50460
[22:14:16.943] [SEVERE ] updating countdown to 50434
[22:14:16.969] [SEVERE ] updating countdown to 50408
[22:14:16.996] [SEVERE ] updating countdown to 50381
[22:14:17.022] [SEVERE ] updating countdown to 50355
[22:14:17.048] [SEVERE ] updating countdown to 50329
[22:14:17.075] [SEVERE ] updating countdown to 50302
[22:14:17.101] [SEVERE ] updating countdown to 50276
[22:14:17.136] [SEVERE ] updating countdown to 50241
[22:14:17.162] [SEVERE ] updating countdown to 50215
[22:14:17.189] [SEVERE ] updating countdown to 50188
[22:14:17.215] [SEVERE ] updating countdown to 50162
[22:14:17.241] [SEVERE ] updating countdown to 50136
[22:14:17.267] [SEVERE ] updating countdown to 50110
[22:14:17.292] [SEVERE ] updating countdown to 50085
[22:14:17.318] [SEVERE ] updating countdown to 50059
[22:14:17.344] [SEVERE ] updating countdown to 50033
[22:14:17.371] [SEVERE ] updating countdown to 50006
[22:14:17.397] [SEVERE ] updating countdown to 49980
[22:14:17.423] [SEVERE ] updating countdown to 49954
[22:14:17.449] [SEVERE ] updating countdown to 49928
[22:14:17.475] [SEVERE ] updating countdown to 49902
[22:14:17.502] [SEVERE ] updating countdown to 49875
[22:14:17.528] [SEVERE ] updating countdown to 49849
[22:14:17.553] [SEVERE ] updating countdown to 49824
[22:14:17.579] [SEVERE ] updating countdown to 49798
[22:14:17.606] [SEVERE ] updating countdown to 49771
[22:14:17.631] [SEVERE ] updating countdown to 49746
[22:14:17.657] [SEVERE ] updating countdown to 49720
[22:14:17.684] [SEVERE ] updating countdown to 49693
[22:14:17.709] [SEVERE ] updating countdown to 49668
[22:14:17.736] [SEVERE ] updating countdown to 49641
[22:14:17.762] [SEVERE ] updating countdown to 49615
[22:14:17.788] [SEVERE ] updating countdown to 49589
[22:14:17.815] [SEVERE ] updating countdown to 49562
[22:14:17.842] [SEVERE ] updating countdown to 49535
[22:14:17.869] [SEVERE ] updating countdown to 49508
[22:14:17.895] [SEVERE ] updating countdown to 49482
[22:14:17.921] [SEVERE ] updating countdown to 49456
[22:14:17.947] [SEVERE ] updating countdown to 49430
[22:14:17.973] [SEVERE ] updating countdown to 49404
[22:14:17.999] [SEVERE ] updating countdown to 49378
[22:14:18.025] [SEVERE ] updating countdown to 49352
[22:14:18.051] [SEVERE ] updating countdown to 49326
[22:14:18.077] [SEVERE ] updating countdown to 49300
[22:14:18.104] [SEVERE ] updating countdown to 49273
[22:14:18.130] [SEVERE ] updating countdown to 49247
[22:14:18.156] [SEVERE ] updating countdown to 49221
[22:14:18.182] [SEVERE ] updating countdown to 49195
[22:14:18.207] [SEVERE ] updating countdown to 49170
[22:14:18.233] [SEVERE ] updating countdown to 49144
[22:14:18.259] [SEVERE ] updating countdown to 49118
[22:14:18.284] [SEVERE ] updating countdown to 49093
[22:14:18.311] [SEVERE ] updating countdown to 49066
[22:14:18.336] [SEVERE ] updating countdown to 49041
[22:14:18.363] [SEVERE ] updating countdown to 49014
[22:14:18.389] [SEVERE ] updating countdown to 48988
[22:14:18.415] [SEVERE ] updating countdown to 48962
[22:14:18.441] [SEVERE ] updating countdown to 48936
[22:14:18.468] [SEVERE ] updating countdown to 48909
[22:14:18.494] [SEVERE ] updating countdown to 48883
[22:14:18.520] [SEVERE ] updating countdown to 48857
[22:14:18.546] [SEVERE ] updating countdown to 48831
[22:14:18.572] [SEVERE ] updating countdown to 48805
[22:14:18.599] [SEVERE ] updating countdown to 48778
[22:14:18.625] [SEVERE ] updating countdown to 48752
[22:14:18.651] [SEVERE ] updating countdown to 48726
[22:14:18.677] [SEVERE ] updating countdown to 48700
[22:14:18.704] [SEVERE ] updating countdown to 48673
[22:14:18.730] [SEVERE ] updating countdown to 48647
[22:14:18.756] [SEVERE ] updating countdown to 48621
[22:14:18.782] [SEVERE ] updating countdown to 48595
[22:14:18.808] [SEVERE ] updating countdown to 48569
[22:14:18.835] [SEVERE ] updating countdown to 48542
[22:14:18.861] [SEVERE ] updating countdown to 48516
[22:14:18.887] [SEVERE ] updating countdown to 48490
[22:14:18.914] [SEVERE ] updating countdown to 48463
[22:14:18.940] [SEVERE ] updating countdown to 48437
[22:14:18.965] [SEVERE ] updating countdown to 48412
[22:14:18.991] [SEVERE ] updating countdown to 48386
[22:14:19.016] [SEVERE ] updating countdown to 48361
[22:14:19.042] [SEVERE ] updating countdown to 48335
[22:14:19.068] [SEVERE ] updating countdown to 48309
[22:14:19.094] [SEVERE ] updating countdown to 48283
[22:14:19.121] [SEVERE ] updating countdown to 48256
[22:14:19.147] [SEVERE ] updating countdown to 48230
[22:14:19.173] [SEVERE ] updating countdown to 48204
[22:14:19.199] [SEVERE ] updating countdown to 48178
[22:14:19.225] [SEVERE ] updating countdown to 48152
[22:14:19.252] [SEVERE ] updating countdown to 48125
[22:14:19.278] [SEVERE ] updating countdown to 48099
[22:14:19.303] [SEVERE ] updating countdown to 48074
[22:14:19.329] [SEVERE ] updating countdown to 48048
[22:14:19.355] [SEVERE ] updating countdown to 48022
[22:14:19.383] [SEVERE ] updating countdown to 47994
[22:14:19.409] [SEVERE ] updating countdown to 47968
[22:14:19.435] [SEVERE ] updating countdown to 47942
[22:14:19.461] [SEVERE ] updating countdown to 47916
[22:14:19.487] [SEVERE ] updating countdown to 47890
[22:14:19.513] [SEVERE ] updating countdown to 47864
[22:14:19.539] [SEVERE ] updating countdown to 47838
[22:14:19.565] [SEVERE ] updating countdown to 47812
[22:14:19.590] [SEVERE ] updating countdown to 47787
[22:14:19.616] [SEVERE ] updating countdown to 47761
[22:14:19.642] [SEVERE ] updating countdown to 47735
[22:14:19.668] [SEVERE ] updating countdown to 47709
[22:14:19.694] [SEVERE ] updating countdown to 47683
[22:14:19.721] [SEVERE ] updating countdown to 47656
[22:14:19.747] [SEVERE ] updating countdown to 47630
[22:14:19.773] [SEVERE ] updating countdown to 47604
[22:14:19.799] [SEVERE ] updating countdown to 47578
[22:14:19.825] [SEVERE ] updating countdown to 47552
[22:14:19.851] [SEVERE ] updating countdown to 47526
[22:14:19.878] [SEVERE ] updating countdown to 47499
[22:14:19.903] [SEVERE ] updating countdown to 47474
[22:14:19.930] [SEVERE ] updating countdown to 47447
[22:14:19.956] [SEVERE ] updating countdown to 47421
[22:14:19.983] [SEVERE ] updating countdown to 47394
[22:14:20.009] [SEVERE ] updating countdown to 47368
[22:14:20.035] [SEVERE ] updating countdown to 47342
[22:14:20.062] [SEVERE ] updating countdown to 47315
[22:14:20.089] [SEVERE ] updating countdown to 47288
[22:14:20.116] [SEVERE ] updating countdown to 47261
[22:14:20.142] [SEVERE ] updating countdown to 47235
[22:14:20.169] [SEVERE ] updating countdown to 47208
[22:14:20.196] [SEVERE ] updating countdown to 47181
[22:14:20.222] [SEVERE ] updating countdown to 47155
[22:14:20.249] [SEVERE ] updating countdown to 47128
[22:14:20.275] [SEVERE ] updating countdown to 47102
[22:14:20.301] [SEVERE ] updating countdown to 47076
[22:14:20.327] [SEVERE ] updating countdown to 47050
[22:14:20.353] [SEVERE ] updating countdown to 47024
[22:14:20.379] [SEVERE ] updating countdown to 46998
[22:14:20.405] [SEVERE ] updating countdown to 46972
[22:14:20.431] [SEVERE ] updating countdown to 46946
[22:14:20.458] [SEVERE ] updating countdown to 46919
[22:14:20.486] [SEVERE ] updating countdown to 46891
[22:14:20.512] [SEVERE ] updating countdown to 46865
[22:14:20.538] [SEVERE ] updating countdown to 46839
[22:14:20.564] [SEVERE ] updating countdown to 46813
[22:14:20.590] [SEVERE ] updating countdown to 46787
[22:14:20.616] [SEVERE ] updating countdown to 46761
[22:14:20.641] [SEVERE ] updating countdown to 46736
[22:14:20.668] [SEVERE ] updating countdown to 46709
[22:14:20.695] [SEVERE ] updating countdown to 46682
[22:14:20.721] [SEVERE ] updating countdown to 46656
[22:14:20.747] [SEVERE ] updating countdown to 46630
[22:14:20.774] [SEVERE ] updating countdown to 46603
[22:14:20.800] [SEVERE ] updating countdown to 46577
[22:14:20.827] [SEVERE ] updating countdown to 46550
[22:14:20.855] [SEVERE ] updating countdown to 46522
[22:14:20.881] [SEVERE ] updating countdown to 46496
[22:14:20.907] [SEVERE ] updating countdown to 46470
[22:14:20.933] [SEVERE ] updating countdown to 46444
[22:14:20.959] [SEVERE ] updating countdown to 46418
[22:14:20.985] [SEVERE ] updating countdown to 46392
[22:14:21.011] [SEVERE ] updating countdown to 46366
[22:14:21.037] [SEVERE ] updating countdown to 46340
[22:14:21.063] [SEVERE ] updating countdown to 46314
[22:14:21.089] [SEVERE ] updating countdown to 46288
[22:14:21.115] [SEVERE ] updating countdown to 46262
[22:14:21.141] [SEVERE ] updating countdown to 46236
[22:14:21.167] [SEVERE ] updating countdown to 46210
[22:14:21.193] [SEVERE ] updating countdown to 46184
[22:14:21.219] [SEVERE ] updating countdown to 46158
[22:14:21.246] [SEVERE ] updating countdown to 46131
[22:14:21.272] [SEVERE ] updating countdown to 46105
[22:14:21.298] [SEVERE ] updating countdown to 46079
[22:14:21.324] [SEVERE ] updating countdown to 46053
[22:14:21.351] [SEVERE ] updating countdown to 46026
[22:14:21.378] [SEVERE ] updating countdown to 45999
[22:14:21.405] [SEVERE ] updating countdown to 45972
[22:14:21.431] [SEVERE ] updating countdown to 45946
[22:14:21.457] [SEVERE ] updating countdown to 45920
[22:14:21.482] [SEVERE ] updating countdown to 45895
[22:14:21.508] [SEVERE ] updating countdown to 45869
[22:14:21.533] [SEVERE ] updating countdown to 45844
[22:14:21.559] [SEVERE ] updating countdown to 45818
[22:14:21.585] [SEVERE ] updating countdown to 45792
[22:14:21.611] [SEVERE ] updating countdown to 45766
[22:14:21.637] [SEVERE ] updating countdown to 45740
[22:14:21.664] [SEVERE ] updating countdown to 45713
[22:14:21.690] [SEVERE ] updating countdown to 45687
[22:14:21.716] [SEVERE ] updating countdown to 45661
[22:14:21.742] [SEVERE ] updating countdown to 45635
[22:14:21.768] [SEVERE ] updating countdown to 45609
[22:14:21.794] [SEVERE ] updating countdown to 45583
[22:14:21.821] [SEVERE ] updating countdown to 45556
[22:14:21.847] [SEVERE ] updating countdown to 45530
[22:14:21.873] [SEVERE ] updating countdown to 45504
[22:14:21.899] [SEVERE ] updating countdown to 45478
[22:14:21.925] [SEVERE ] updating countdown to 45452
[22:14:21.950] [SEVERE ] updating countdown to 45427
[22:14:21.976] [SEVERE ] updating countdown to 45401
[22:14:22.002] [SEVERE ] updating countdown to 45375
[22:14:22.027] [SEVERE ] updating countdown to 45350
[22:14:22.053] [SEVERE ] updating countdown to 45324
[22:14:22.079] [SEVERE ] updating countdown to 45298
[22:14:22.105] [SEVERE ] updating countdown to 45272
[22:14:22.130] [SEVERE ] updating countdown to 45247
[22:14:22.156] [SEVERE ] updating countdown to 45221
[22:14:22.182] [SEVERE ] updating countdown to 45195
[22:14:22.208] [SEVERE ] updating countdown to 45169
[22:14:22.233] [SEVERE ] updating countdown to 45144
[22:14:22.260] [SEVERE ] updating countdown to 45117
[22:14:22.286] [SEVERE ] updating countdown to 45091
[22:14:22.311] [SEVERE ] updating countdown to 45066
[22:14:22.337] [SEVERE ] updating countdown to 45040
[22:14:22.363] [SEVERE ] updating countdown to 45014
[22:14:22.389] [SEVERE ] updating countdown to 44988
[22:14:22.415] [SEVERE ] updating countdown to 44962
[22:14:22.441] [SEVERE ] updating countdown to 44936
[22:14:22.466] [SEVERE ] updating countdown to 44911
[22:14:22.492] [SEVERE ] updating countdown to 44885
[22:14:22.518] [SEVERE ] updating countdown to 44859
[22:14:22.543] [SEVERE ] updating countdown to 44834
[22:14:22.569] [SEVERE ] updating countdown to 44808
[22:14:22.595] [SEVERE ] updating countdown to 44782
[22:14:22.621] [SEVERE ] updating countdown to 44756
[22:14:22.646] [SEVERE ] updating countdown to 44731
[22:14:22.672] [SEVERE ] updating countdown to 44705
[22:14:22.698] [SEVERE ] updating countdown to 44679
[22:14:22.724] [SEVERE ] updating countdown to 44653
[22:14:22.750] [SEVERE ] updating countdown to 44627
[22:14:22.775] [SEVERE ] updating countdown to 44602
[22:14:22.801] [SEVERE ] updating countdown to 44576
[22:14:22.827] [SEVERE ] updating countdown to 44550
[22:14:22.853] [SEVERE ] updating countdown to 44524
[22:14:22.879] [SEVERE ] updating countdown to 44498
[22:14:22.905] [SEVERE ] updating countdown to 44472
[22:14:22.931] [SEVERE ] updating countdown to 44446
[22:14:22.957] [SEVERE ] updating countdown to 44420
[22:14:22.983] [SEVERE ] updating countdown to 44394
[22:14:23.009] [SEVERE ] updating countdown to 44368
[22:14:23.035] [SEVERE ] updating countdown to 44342
[22:14:23.061] [SEVERE ] updating countdown to 44317
[22:14:23.086] [SEVERE ] updating countdown to 44291
[22:14:23.112] [SEVERE ] updating countdown to 44265
[22:14:23.138] [SEVERE ] updating countdown to 44239
[22:14:23.164] [SEVERE ] updating countdown to 44213
[22:14:23.190] [SEVERE ] updating countdown to 44187
[22:14:23.216] [SEVERE ] updating countdown to 44161
[22:14:23.242] [SEVERE ] updating countdown to 44135
[22:14:23.268] [SEVERE ] updating countdown to 44109
[22:14:23.294] [SEVERE ] updating countdown to 44083
[22:14:23.320] [SEVERE ] updating countdown to 44057
[22:14:23.346] [SEVERE ] updating countdown to 44031
[22:14:23.372] [SEVERE ] updating countdown to 44005
[22:14:23.398] [SEVERE ] updating countdown to 43979
[22:14:23.424] [SEVERE ] updating countdown to 43953
[22:14:23.449] [SEVERE ] updating countdown to 43928
[22:14:23.475] [SEVERE ] updating countdown to 43902
[22:14:23.501] [SEVERE ] updating countdown to 43876
[22:14:23.526] [SEVERE ] updating countdown to 43851
[22:14:23.552] [SEVERE ] updating countdown to 43825
[22:14:23.577] [SEVERE ] updating countdown to 43800
[22:14:23.603] [SEVERE ] updating countdown to 43774
[22:14:23.629] [SEVERE ] updating countdown to 43748
[22:14:23.654] [SEVERE ] updating countdown to 43723
[22:14:23.680] [SEVERE ] updating countdown to 43697
[22:14:23.706] [SEVERE ] updating countdown to 43671
[22:14:23.732] [SEVERE ] updating countdown to 43645
[22:14:23.758] [SEVERE ] updating countdown to 43619
[22:14:23.784] [SEVERE ] updating countdown to 43593
[22:14:23.810] [SEVERE ] updating countdown to 43567
[22:14:23.835] [SEVERE ] updating countdown to 43542
[22:14:23.861] [SEVERE ] updating countdown to 43516
[22:14:23.887] [SEVERE ] updating countdown to 43490
[22:14:23.912] [SEVERE ] updating countdown to 43465
[22:14:23.938] [SEVERE ] updating countdown to 43439
[22:14:23.965] [SEVERE ] updating countdown to 43412
[22:14:23.990] [SEVERE ] updating countdown to 43387
[22:14:24.016] [SEVERE ] updating countdown to 43361
[22:14:24.042] [SEVERE ] updating countdown to 43335
[22:14:24.068] [SEVERE ] updating countdown to 43309
[22:14:24.093] [SEVERE ] updating countdown to 43284
[22:14:24.119] [SEVERE ] updating countdown to 43258
[22:14:24.145] [SEVERE ] updating countdown to 43232
[22:14:24.171] [SEVERE ] updating countdown to 43206
[22:14:24.197] [SEVERE ] updating countdown to 43180
[22:14:24.223] [SEVERE ] updating countdown to 43154
[22:14:24.249] [SEVERE ] updating countdown to 43128
[22:14:24.275] [SEVERE ] updating countdown to 43102
[22:14:24.300] [SEVERE ] updating countdown to 43077
[22:14:24.326] [SEVERE ] updating countdown to 43051
[22:14:24.352] [SEVERE ] updating countdown to 43025
[22:14:24.377] [SEVERE ] updating countdown to 43000
[22:14:24.403] [SEVERE ] updating countdown to 42974
[22:14:24.429] [SEVERE ] updating countdown to 42948
[22:14:24.455] [SEVERE ] updating countdown to 42922
[22:14:24.481] [SEVERE ] updating countdown to 42896
[22:14:24.507] [SEVERE ] updating countdown to 42870
[22:14:24.533] [SEVERE ] updating countdown to 42844
[22:14:24.558] [SEVERE ] updating countdown to 42819
[22:14:24.584] [SEVERE ] updating countdown to 42793
[22:14:24.609] [SEVERE ] updating countdown to 42768
[22:14:24.635] [SEVERE ] updating countdown to 42742
[22:14:24.661] [SEVERE ] updating countdown to 42716
[22:14:24.686] [SEVERE ] updating countdown to 42691
[22:14:24.712] [SEVERE ] updating countdown to 42665
[22:14:24.738] [SEVERE ] updating countdown to 42639
[22:14:24.763] [SEVERE ] updating countdown to 42614
[22:14:24.789] [SEVERE ] updating countdown to 42588
[22:14:24.816] [SEVERE ] updating countdown to 42561
[22:14:24.842] [SEVERE ] updating countdown to 42535
[22:14:24.869] [SEVERE ] updating countdown to 42508
[22:14:24.896] [SEVERE ] updating countdown to 42481
[22:14:24.922] [SEVERE ] updating countdown to 42455
[22:14:24.948] [SEVERE ] updating countdown to 42430
[22:14:24.974] [SEVERE ] updating countdown to 42403
[22:14:25.000] [SEVERE ] updating countdown to 42377
[22:14:25.026] [SEVERE ] updating countdown to 42351
[22:14:25.052] [SEVERE ] updating countdown to 42325
[22:14:25.078] [SEVERE ] updating countdown to 42299
[22:14:25.105] [SEVERE ] updating countdown to 42272
[22:14:25.131] [SEVERE ] updating countdown to 42246
[22:14:25.157] [SEVERE ] updating countdown to 42220
[22:14:25.184] [SEVERE ] updating countdown to 42193
[22:14:25.211] [SEVERE ] updating countdown to 42166
[22:14:25.237] [SEVERE ] updating countdown to 42140
[22:14:25.263] [SEVERE ] updating countdown to 42114
[22:14:25.290] [SEVERE ] updating countdown to 42087
[22:14:25.317] [SEVERE ] updating countdown to 42060
[22:14:25.343] [SEVERE ] updating countdown to 42034
[22:14:25.369] [SEVERE ] updating countdown to 42008
[22:14:25.396] [SEVERE ] updating countdown to 41981
[22:14:25.423] [SEVERE ] updating countdown to 41954
[22:14:25.449] [SEVERE ] updating countdown to 41928
[22:14:25.475] [SEVERE ] updating countdown to 41902
[22:14:25.502] [SEVERE ] updating countdown to 41875
[22:14:25.528] [SEVERE ] updating countdown to 41849
[22:14:25.556] [SEVERE ] updating countdown to 41821
[22:14:25.582] [SEVERE ] updating countdown to 41795
[22:14:25.608] [SEVERE ] updating countdown to 41769
[22:14:25.635] [SEVERE ] updating countdown to 41742
[22:14:25.661] [SEVERE ] updating countdown to 41716
[22:14:25.687] [SEVERE ] updating countdown to 41690
[22:14:25.714] [SEVERE ] updating countdown to 41663
[22:14:25.742] [SEVERE ] updating countdown to 41635
[22:14:25.767] [SEVERE ] updating countdown to 41610
[22:14:25.793] [SEVERE ] updating countdown to 41584
[22:14:25.819] [SEVERE ] updating countdown to 41558
[22:14:25.845] [SEVERE ] updating countdown to 41532
[22:14:25.871] [SEVERE ] updating countdown to 41506
[22:14:25.897] [SEVERE ] updating countdown to 41480
[22:14:25.924] [SEVERE ] updating countdown to 41453
[22:14:25.951] [SEVERE ] updating countdown to 41426
[22:14:25.977] [SEVERE ] updating countdown to 41400
[22:14:26.003] [SEVERE ] updating countdown to 41374
[22:14:26.029] [SEVERE ] updating countdown to 41348
[22:14:26.055] [SEVERE ] updating countdown to 41322
[22:14:26.081] [SEVERE ] updating countdown to 41296
[22:14:26.108] [SEVERE ] updating countdown to 41269
[22:14:26.135] [SEVERE ] updating countdown to 41242
[22:14:26.160] [SEVERE ] updating countdown to 41217
[22:14:26.186] [SEVERE ] updating countdown to 41191
[22:14:26.212] [SEVERE ] updating countdown to 41165
[22:14:26.239] [SEVERE ] updating countdown to 41138
[22:14:26.265] [SEVERE ] updating countdown to 41112
[22:14:26.291] [SEVERE ] updating countdown to 41086
[22:14:26.307] [SEVERE ] key 90 was pressed by player 1
[22:14:26.309] [SEVERE ] player 1 placing token on slot 8
[22:14:26.317] [SEVERE ] updating countdown to 41060
[22:14:26.343] [SEVERE ] updating countdown to 41034
[22:14:26.369] [SEVERE ] updating countdown to 41008
[22:14:26.395] [SEVERE ] updating countdown to 40982
[22:14:26.422] [SEVERE ] updating countdown to 40955
[22:14:26.448] [SEVERE ] updating countdown to 40929
[22:14:26.473] [SEVERE ] updating countdown to 40904
[22:14:26.499] [SEVERE ] updating countdown to 40878
[22:14:26.526] [SEVERE ] updating countdown to 40851
[22:14:26.552] [SEVERE ] updating countdown to 40825
[22:14:26.578] [SEVERE ] updating countdown to 40799
[22:14:26.605] [SEVERE ] updating countdown to 40772
[22:14:26.631] [SEVERE ] updating countdown to 40746
[22:14:26.657] [SEVERE ] updating countdown to 40720
[22:14:26.683] [SEVERE ] updating countdown to 40694
[22:14:26.709] [SEVERE ] updating countdown to 40668
[22:14:26.735] [SEVERE ] updating countdown to 40642
[22:14:26.761] [SEVERE ] updating countdown to 40616
[22:14:26.787] [SEVERE ] updating countdown to 40590
[22:14:26.813] [SEVERE ] updating countdown to 40564
[22:14:26.839] [SEVERE ] updating countdown to 40538
[22:14:26.864] [SEVERE ] updating countdown to 40513
[22:14:26.871] [SEVERE ] key 88 was pressed by player 1
[22:14:26.873] [SEVERE ] player 1 placing token on slot 9
[22:14:26.891] [SEVERE ] updating countdown to 40486
[22:14:26.917] [SEVERE ] updating countdown to 40460
[22:14:26.943] [SEVERE ] updating countdown to 40434
[22:14:26.969] [SEVERE ] updating countdown to 40408
[22:14:26.994] [SEVERE ] updating countdown to 40383
[22:14:27.021] [SEVERE ] updating countdown to 40356
[22:14:27.046] [SEVERE ] updating countdown to 40331
[22:14:27.072] [SEVERE ] updating countdown to 40305
[22:14:27.099] [SEVERE ] updating countdown to 40278
[22:14:27.125] [SEVERE ] updating countdown to 40252
[22:14:27.151] [SEVERE ] updating countdown to 40226
[22:14:27.177] [SEVERE ] updating countdown to 40200
[22:14:27.205] [SEVERE ] updating countdown to 40172
[22:14:27.231] [SEVERE ] updating countdown to 40146
[22:14:27.257] [SEVERE ] updating countdown to 40120
[22:14:27.283] [SEVERE ] updating countdown to 40094
[22:14:27.309] [SEVERE ] updating countdown to 40068
[22:14:27.335] [SEVERE ] updating countdown to 40042
[22:14:27.361] [SEVERE ] updating countdown to 40016
[22:14:27.387] [SEVERE ] updating countdown to 39990
[22:14:27.413] [SEVERE ] updating countdown to 39964
[22:14:27.439] [SEVERE ] updating countdown to 39938
[22:14:27.466] [SEVERE ] updating countdown to 39911
[22:14:27.492] [SEVERE ] updating countdown to 39885
[22:14:27.518] [SEVERE ] updating countdown to 39859
[22:14:27.544] [SEVERE ] updating countdown to 39833
[22:14:27.570] [SEVERE ] updating countdown to 39807
[22:14:27.596] [SEVERE ] updating countdown to 39781
[22:14:27.622] [SEVERE ] updating countdown to 39755
[22:14:27.648] [SEVERE ] updating countdown to 39729
[22:14:27.675] [SEVERE ] updating countdown to 39702
[22:14:27.701] [SEVERE ] updating countdown to 39676
[22:14:27.727] [SEVERE ] updating countdown to 39650
[22:14:27.754] [SEVERE ] updating countdown to 39623
[22:14:27.780] [SEVERE ] updating countdown to 39597
[22:14:27.806] [SEVERE ] updating countdown to 39571
[22:14:27.832] [SEVERE ] updating countdown to 39545
[22:14:27.858] [SEVERE ] updating countdown to 39519
[22:14:27.883] [SEVERE ] updating countdown to 39494
[22:14:27.909] [SEVERE ] updating countdown to 39468
[22:14:27.936] [SEVERE ] updating countdown to 39442
[22:14:27.962] [SEVERE ] updating countdown to 39415
[22:14:27.989] [SEVERE ] updating countdown to 39388
[22:14:28.016] [SEVERE ] updating countdown to 39361
[22:14:28.042] [SEVERE ] updating countdown to 39335
[22:14:28.068] [SEVERE ] updating countdown to 39309
[22:14:28.095] [SEVERE ] updating countdown to 39282
[22:14:28.121] [SEVERE ] updating countdown to 39256
[22:14:28.146] [SEVERE ] updating countdown to 39231
[22:14:28.173] [SEVERE ] updating countdown to 39204
[22:14:28.198] [SEVERE ] updating countdown to 39179
[22:14:28.224] [SEVERE ] updating countdown to 39153
[22:14:28.250] [SEVERE ] updating countdown to 39127
[22:14:28.276] [SEVERE ] updating countdown to 39101
[22:14:28.303] [SEVERE ] updating countdown to 39074
[22:14:28.329] [SEVERE ] updating countdown to 39048
[22:14:28.355] [SEVERE ] updating countdown to 39022
[22:14:28.380] [SEVERE ] updating countdown to 38997
[22:14:28.406] [SEVERE ] updating countdown to 38971
[22:14:28.432] [SEVERE ] updating countdown to 38945
[22:14:28.458] [SEVERE ] updating countdown to 38919
[22:14:28.484] [SEVERE ] updating countdown to 38893
[22:14:28.512] [SEVERE ] updating countdown to 38865
[22:14:28.539] [SEVERE ] updating countdown to 38838
[22:14:28.565] [SEVERE ] updating countdown to 38812
[22:14:28.591] [SEVERE ] updating countdown to 38786
[22:14:28.618] [SEVERE ] updating countdown to 38759
[22:14:28.645] [SEVERE ] updating countdown to 38732
[22:14:28.672] [SEVERE ] updating countdown to 38705
[22:14:28.698] [SEVERE ] updating countdown to 38679
[22:14:28.724] [SEVERE ] updating countdown to 38653
[22:14:28.750] [SEVERE ] updating countdown to 38627
[22:14:28.777] [SEVERE ] updating countdown to 38600
[22:14:28.803] [SEVERE ] updating countdown to 38574
[22:14:28.828] [SEVERE ] updating countdown to 38549
[22:14:28.854] [SEVERE ] updating countdown to 38523
[22:14:28.880] [SEVERE ] updating countdown to 38497
[22:14:28.906] [SEVERE ] updating countdown to 38471
[22:14:28.931] [SEVERE ] updating countdown to 38446
[22:14:28.957] [SEVERE ] updating countdown to 38420
[22:14:28.983] [SEVERE ] updating countdown to 38394
[22:14:29.010] [SEVERE ] updating countdown to 38367
[22:14:29.035] [SEVERE ] updating countdown to 38342
[22:14:29.061] [SEVERE ] updating countdown to 38316
[22:14:29.089] [SEVERE ] updating countdown to 38288
[22:14:29.115] [SEVERE ] updating countdown to 38262
[22:14:29.141] [SEVERE ] updating countdown to 38236
[22:14:29.166] [SEVERE ] updating countdown to 38211
[22:14:29.192] [SEVERE ] updating countdown to 38185
[22:14:29.219] [SEVERE ] updating countdown to 38158
[22:14:29.245] [SEVERE ] updating countdown to 38132
[22:14:29.271] [SEVERE ] updating countdown to 38106
[22:14:29.297] [SEVERE ] updating countdown to 38080
[22:14:29.324] [SEVERE ] updating countdown to 38053
[22:14:29.350] [SEVERE ] updating countdown to 38027
[22:14:29.376] [SEVERE ] updating countdown to 38001
[22:14:29.401] [SEVERE ] updating countdown to 37976
[22:14:29.428] [SEVERE ] updating countdown to 37949
[22:14:29.454] [SEVERE ] updating countdown to 37923
[22:14:29.481] [SEVERE ] updating countdown to 37896
[22:14:29.507] [SEVERE ] updating countdown to 37870
[22:14:29.533] [SEVERE ] updating countdown to 37844
[22:14:29.558] [SEVERE ] updating countdown to 37819
[22:14:29.584] [SEVERE ] updating countdown to 37793
[22:14:29.610] [SEVERE ] updating countdown to 37767
[22:14:29.636] [SEVERE ] updating countdown to 37741
[22:14:29.662] [SEVERE ] updating countdown to 37715
[22:14:29.688] [SEVERE ] updating countdown to 37689
[22:14:29.714] [SEVERE ] updating countdown to 37663
[22:14:29.739] [SEVERE ] updating countdown to 37638
[22:14:29.766] [SEVERE ] updating countdown to 37611
[22:14:29.792] [SEVERE ] updating countdown to 37585
[22:14:29.818] [SEVERE ] updating countdown to 37559
[22:14:29.844] [SEVERE ] updating countdown to 37533
[22:14:29.870] [SEVERE ] updating countdown to 37507
[22:14:29.896] [SEVERE ] updating countdown to 37481
[22:14:29.922] [SEVERE ] updating countdown to 37455
[22:14:29.948] [SEVERE ] updating countdown to 37429
[22:14:29.973] [SEVERE ] updating countdown to 37404
[22:14:29.999] [SEVERE ] updating countdown to 37378
[22:14:30.026] [SEVERE ] updating countdown to 37351
[22:14:30.051] [SEVERE ] updating countdown to 37326
[22:14:30.077] [SEVERE ] updating countdown to 37300
[22:14:30.102] [SEVERE ] updating countdown to 37275
[22:14:30.128] [SEVERE ] updating countdown to 37249
[22:14:30.155] [SEVERE ] updating countdown to 37222
[22:14:30.181] [SEVERE ] updating countdown to 37196
[22:14:30.207] [SEVERE ] updating countdown to 37170
[22:14:30.233] [SEVERE ] updating countdown to 37144
[22:14:30.259] [SEVERE ] updating countdown to 37118
[22:14:30.285] [SEVERE ] updating countdown to 37092
[22:14:30.311] [SEVERE ] updating countdown to 37066
[22:14:30.337] [SEVERE ] updating countdown to 37040
[22:14:30.363] [SEVERE ] updating countdown to 37014
[22:14:30.389] [SEVERE ] updating countdown to 36988
[22:14:30.416] [SEVERE ] updating countdown to 36961
[22:14:30.443] [SEVERE ] updating countdown to 36934
[22:14:30.469] [SEVERE ] updating countdown to 36908
[22:14:30.495] [SEVERE ] updating countdown to 36882
[22:14:30.520] [SEVERE ] updating countdown to 36857
[22:14:30.546] [SEVERE ] updating countdown to 36831
[22:14:30.572] [SEVERE ] updating countdown to 36805
[22:14:30.598] [SEVERE ] updating countdown to 36779
[22:14:30.625] [SEVERE ] updating countdown to 36752
[22:14:30.651] [SEVERE ] updating countdown to 36726
[22:14:30.677] [SEVERE ] updating countdown to 36700
[22:14:30.702] [SEVERE ] updating countdown to 36675
[22:14:30.728] [SEVERE ] updating countdown to 36649
[22:14:30.755] [SEVERE ] updating countdown to 36622
[22:14:30.781] [SEVERE ] updating countdown to 36596
[22:14:30.806] [SEVERE ] key 83 was pressed by player 1
[22:14:30.807] [SEVERE ] player 1 placing token on slot 5
[22:14:30.806] [SEVERE ] updating countdown to 36571
[22:14:31.809] [SEVERE ] setting player 1 score to 1
[22:14:31.913] [SEVERE ] removing player 1 token from slot 5
[22:14:31.915] [SEVERE ] removing card from slot 5
[22:14:32.020] [SEVERE ] removing player 1 token from slot 8
[22:14:32.020] [SEVERE ] removing card from slot 8
[22:14:32.121] [SEVERE ] removing player 1 token from slot 9
[22:14:32.122] [SEVERE ] removing card from slot 9
[22:14:32.123] [SEVERE ] setting player 1 freeze to 1000
[22:14:32.224] [SEVERE ] placing card 77 in slot 5
[22:14:32.325] [SEVERE ] placing card 4 in slot 8
[22:14:32.427] [SEVERE ] placing card 69 in slot 9
[22:14:32.456] [SEVERE ] updating countdown to 59667
[22:14:32.482] [SEVERE ] updating countdown to 59641
[22:14:32.507] [SEVERE ] updating countdown to 59616
[22:14:32.533] [SEVERE ] updating countdown to 59590
[22:14:32.560] [SEVERE ] updating countdown to 59563
[22:14:32.585] [SEVERE ] updating countdown to 59538
[22:14:32.611] [SEVERE ] updating countdown to 59512
[22:14:32.638] [SEVERE ] updating countdown to 59485
[22:14:32.664] [SEVERE ] updating countdown to 59459
[22:14:32.690] [SEVERE ] updating countdown to 59433
[22:14:32.716] [SEVERE ] updating countdown to 59407
[22:14:32.742] [SEVERE ] updating countdown to 59381
[22:14:32.768] [SEVERE ] updating countdown to 59355
[22:14:32.794] [SEVERE ] updating countdown to 59329
[22:14:32.820] [SEVERE ] updating countdown to 59303
[22:14:32.846] [SEVERE ] updating countdown to 59277
[22:14:32.873] [SEVERE ] updating countdown to 59250
[22:14:32.899] [SEVERE ] updating countdown to 59224
[22:14:32.925] [SEVERE ] updating countdown to 59198
[22:14:32.951] [SEVERE ] updating countdown to 59172
[22:14:32.977] [SEVERE ] updating countdown to 59146
[22:14:33.003] [SEVERE ] updating countdown to 59120
[22:14:33.029] [SEVERE ] updating countdown to 59094
[22:14:33.055] [SEVERE ] updating countdown to 59068
[22:14:33.081] [SEVERE ] updating countdown to 59042
[22:14:33.107] [SEVERE ] updating countdown to 59016
[22:14:33.133] [SEVERE ] updating countdown to 58990
[22:14:33.159] [SEVERE ] updating countdown to 58964
[22:14:33.185] [SEVERE ] updating countdown to 58938
[22:14:33.211] [SEVERE ] updating countdown to 58912
[22:14:33.237] [SEVERE ] updating countdown to 58886
[22:14:33.263] [SEVERE ] updating countdown to 58860
[22:14:33.290] [SEVERE ] updating countdown to 58833
[22:14:33.316] [SEVERE ] updating countdown to 58807
[22:14:33.342] [SEVERE ] updating countdown to 58781
[22:14:33.368] [SEVERE ] updating countdown to 58755
[22:14:33.394] [SEVERE ] updating countdown to 58729
[22:14:33.420] [SEVERE ] updating countdown to 58703
[22:14:33.446] [SEVERE ] updating countdown to 58677
[22:14:33.473] [SEVERE ] updating countdown to 58650
[22:14:33.499] [SEVERE ] updating countdown to 58624
[22:14:33.525] [SEVERE ] updating countdown to 58598
[22:14:33.551] [SEVERE ] updating countdown to 58572
[22:14:33.578] [SEVERE ] updating countdown to 58545
[22:14:33.604] [SEVERE ] updating countdown to 58519
[22:14:33.630] [SEVERE ] updating countdown to 58493
[22:14:33.658] [SEVERE ] updating countdown to 58465
[22:14:33.684] [SEVERE ] updating countdown to 58439
[22:14:33.711] [SEVERE ] updating countdown to 58412
[22:14:33.737] [SEVERE ] updating countdown to 58386
[22:14:33.763] [SEVERE ] updating countdown to 58360
[22:14:33.789] [SEVERE ] updating countdown to 58334
[22:14:33.815] [SEVERE ] updating countdown to 58308
[22:14:33.841] [SEVERE ] updating countdown to 58282
[22:14:33.867] [SEVERE ] updating countdown to 58256
[22:14:33.895] [SEVERE ] updating countdown to 58228
[22:14:33.921] [SEVERE ] updating countdown to 58202
[22:14:33.956] [SEVERE ] updating countdown to 58167
[22:14:33.981] [SEVERE ] updating countdown to 58142
[22:14:34.008] [SEVERE ] updating countdown to 58115
[22:14:34.034] [SEVERE ] updating countdown to 58089
[22:14:34.060] [SEVERE ] updating countdown to 58063
[22:14:34.087] [SEVERE ] updating countdown to 58036
[22:14:34.113] [SEVERE ] updating countdown to 58010
[22:14:34.139] [SEVERE ] updating countdown to 57984
[22:14:34.165] [SEVERE ] updating countdown to 57958
[22:14:34.191] [SEVERE ] updating countdown to 57932
[22:14:34.216] [SEVERE ] updating countdown to 57907
[22:14:34.242] [SEVERE ] updating countdown to 57881
[22:14:34.268] [SEVERE ] updating countdown to 57855
[22:14:34.294] [SEVERE ] updating countdown to 57829
[22:14:34.320] [SEVERE ] updating countdown to 57803
[22:14:34.346] [SEVERE ] updating countdown to 57777
[22:14:34.372] [SEVERE ] updating countdown to 57751
[22:14:34.399] [SEVERE ] updating countdown to 57724
[22:14:34.424] [SEVERE ] updating countdown to 57699
[22:14:34.450] [SEVERE ] updating countdown to 57673
[22:14:34.475] [SEVERE ] updating countdown to 57648
[22:14:34.501] [SEVERE ] updating countdown to 57622
[22:14:34.527] [SEVERE ] updating countdown to 57596
[22:14:34.553] [SEVERE ] updating countdown to 57570
[22:14:34.578] [SEVERE ] updating countdown to 57545
[22:14:34.604] [SEVERE ] updating countdown to 57519
[22:14:34.630] [SEVERE ] updating countdown to 57493
[22:14:34.656] [SEVERE ] updating countdown to 57467
[22:14:34.682] [SEVERE ] updating countdown to 57441
[22:14:34.707] [SEVERE ] updating countdown to 57416
[22:14:34.733] [SEVERE ] updating countdown to 57390
[22:14:34.759] [SEVERE ] updating countdown to 57364
[22:14:34.790] [SEVERE ] updating countdown to 57333
[22:14:34.816] [SEVERE ] updating countdown to 57307
[22:14:34.843] [SEVERE ] updating countdown to 57280
[22:14:34.869] [SEVERE ] updating countdown to 57254
[22:14:34.895] [SEVERE ] updating countdown to 57228
[22:14:34.921] [SEVERE ] updating countdown to 57202
[22:14:34.947] [SEVERE ] updating countdown to 57176
[22:14:34.973] [SEVERE ] updating countdown to 57150
[22:14:34.999] [SEVERE ] updating countdown to 57124
[22:14:35.026] [SEVERE ] updating countdown to 57097
[22:14:35.052] [SEVERE ] updating countdown to 57071
[22:14:35.079] [SEVERE ] updating countdown to 57044
[22:14:35.105] [SEVERE ] updating countdown to 57018
[22:14:35.131] [SEVERE ] updating countdown to 56992
[22:14:35.157] [SEVERE ] updating countdown to 56966
[22:14:35.183] [SEVERE ] updating countdown to 56940
[22:14:35.209] [SEVERE ] updating countdown to 56914
[22:14:35.235] [SEVERE ] updating countdown to 56888
[22:14:35.260] [SEVERE ] updating countdown to 56863
[22:14:35.286] [SEVERE ] updating countdown to 56837
[22:14:35.312] [SEVERE ] updating countdown to 56811
[22:14:35.339] [SEVERE ] updating countdown to 56784
[22:14:35.365] [SEVERE ] updating countdown to 56758
[22:14:35.391] [SEVERE ] updating countdown to 56732
[22:14:35.418] [SEVERE ] updating countdown to 56705
[22:14:35.444] [SEVERE ] updating countdown to 56679
[22:14:35.471] [SEVERE ] updating countdown to 56652
[22:14:35.496] [SEVERE ] updating countdown to 56627
[22:14:35.522] [SEVERE ] updating countdown to 56601
[22:14:35.548] [SEVERE ] updating countdown to 56575
[22:14:35.574] [SEVERE ] updating countdown to 56549
[22:14:35.600] [SEVERE ] updating countdown to 56524
[22:14:35.625] [SEVERE ] updating countdown to 56498
[22:14:35.651] [SEVERE ] updating countdown to 56472
[22:14:35.677] [SEVERE ] updating countdown to 56446
[22:14:35.703] [SEVERE ] updating countdown to 56420
[22:14:35.729] [SEVERE ] updating countdown to 56394
[22:14:35.755] [SEVERE ] updating countdown to 56368
[22:14:35.782] [SEVERE ] updating countdown to 56341
[22:14:35.807] [SEVERE ] updating countdown to 56316
[22:14:35.833] [SEVERE ] updating countdown to 56290
[22:14:35.860] [SEVERE ] updating countdown to 56263
[22:14:35.886] [SEVERE ] updating countdown to 56237
[22:14:35.913] [SEVERE ] updating countdown to 56210
[22:14:35.939] [SEVERE ] updating countdown to 56184
[22:14:35.965] [SEVERE ] updating countdown to 56158
[22:14:35.991] [SEVERE ] updating countdown to 56132
[22:14:36.018] [SEVERE ] updating countdown to 56105
[22:14:36.044] [SEVERE ] updating countdown to 56079
[22:14:36.070] [SEVERE ] updating countdown to 56053
[22:14:36.096] [SEVERE ] updating countdown to 56027
[22:14:36.122] [SEVERE ] updating countdown to 56001
[22:14:36.148] [SEVERE ] updating countdown to 55975
[22:14:36.174] [SEVERE ] updating countdown to 55949
[22:14:36.201] [SEVERE ] updating countdown to 55922
[22:14:36.227] [SEVERE ] updating countdown to 55896
[22:14:36.254] [SEVERE ] updating countdown to 55869
[22:14:36.280] [SEVERE ] updating countdown to 55843
[22:14:36.306] [SEVERE ] updating countdown to 55817
[22:14:36.331] [SEVERE ] updating countdown to 55792
[22:14:36.357] [SEVERE ] updating countdown to 55766
[22:14:36.383] [SEVERE ] updating countdown to 55741
[22:14:36.408] [SEVERE ] updating countdown to 55715
[22:14:36.434] [SEVERE ] updating countdown to 55689
[22:14:36.460] [SEVERE ] updating countdown to 55663
[22:14:36.486] [SEVERE ] updating countdown to 55637
[22:14:36.512] [SEVERE ] updating countdown to 55611
[22:14:36.538] [SEVERE ] updating countdown to 55585
[22:14:36.563] [SEVERE ] updating countdown to 55560
[22:14:36.589] [SEVERE ] updating countdown to 55534
[22:14:36.616] [SEVERE ] updating countdown to 55507
[22:14:36.642] [SEVERE ] updating countdown to 55481
[22:14:36.668] [SEVERE ] updating countdown to 55455
[22:14:36.695] [SEVERE ] updating countdown to 55428
[22:14:36.721] [SEVERE ] updating countdown to 55402
[22:14:36.747] [SEVERE ] updating countdown to 55376
[22:14:36.775] [SEVERE ] updating countdown to 55348
[22:14:36.801] [SEVERE ] updating countdown to 55322
[22:14:36.828] [SEVERE ] updating countdown to 55295
[22:14:36.854] [SEVERE ] updating countdown to 55269
[22:14:36.880] [SEVERE ] updating countdown to 55243
[22:14:36.906] [SEVERE ] updating countdown to 55217
[22:14:36.932] [SEVERE ] updating countdown to 55191
[22:14:36.959] [SEVERE ] updating countdown to 55164
[22:14:36.985] [SEVERE ] updating countdown to 55138
[22:14:37.011] [SEVERE ] updating countdown to 55112
[22:14:37.037] [SEVERE ] updating countdown to 55086
[22:14:37.063] [SEVERE ] updating countdown to 55060
[22:14:37.089] [SEVERE ] updating countdown to 55034
[22:14:37.115] [SEVERE ] updating countdown to 55008
[22:14:37.141] [SEVERE ] updating countdown to 54982
[22:14:37.168] [SEVERE ] updating countdown to 54955
[22:14:37.195] [SEVERE ] updating countdown to 54928
[22:14:37.221] [SEVERE ] updating countdown to 54902
[22:14:37.247] [SEVERE ] updating countdown to 54876
[22:14:37.273] [SEVERE ] updating countdown to 54850
[22:14:37.300] [SEVERE ] updating countdown to 54823
[22:14:37.327] [SEVERE ] updating countdown to 54796
[22:14:37.352] [SEVERE ] updating countdown to 54771
[22:14:37.378] [SEVERE ] updating countdown to 54745
[22:14:37.404] [SEVERE ] updating countdown to 54719
[22:14:37.430] [SEVERE ] updating countdown to 54693
[22:14:37.456] [SEVERE ] updating countdown to 54667
[22:14:37.482] [SEVERE ] updating countdown to 54641
[22:14:37.510] [SEVERE ] updating countdown to 54613
[22:14:37.535] [SEVERE ] updating countdown to 54588
[22:14:37.562] [SEVERE ] updating countdown to 54561
[22:14:37.589] [SEVERE ] updating countdown to 54534
[22:14:37.617] [SEVERE ] updating countdown to 54506
[22:14:37.642] [SEVERE ] updating countdown to 54481
[22:14:37.669] [SEVERE ] updating countdown to 54454
[22:14:37.695] [SEVERE ] updating countdown to 54428
[22:14:37.721] [SEVERE ] updating countdown to 54402
[22:14:37.747] [SEVERE ] updating countdown to 54376
[22:14:37.773] [SEVERE ] updating countdown to 54350
[22:14:37.798] [SEVERE ] updating countdown to 54325
[22:14:37.824] [SEVERE ] updating countdown to 54299
[22:14:37.849] [SEVERE ] updating countdown to 54274
[22:14:37.875] [SEVERE ] updating countdown to 54248
[22:14:37.901] [SEVERE ] updating countdown to 54222
[22:14:37.927] [SEVERE ] updating countdown to 54196
[22:14:37.952] [SEVERE ] updating countdown to 54171
[22:14:37.978] [SEVERE ] updating countdown to 54145
[22:14:38.003] [SEVERE ] updating countdown to 54120
[22:14:38.029] [SEVERE ] updating countdown to 54094
[22:14:38.055] [SEVERE ] updating countdown to 54068
[22:14:38.081] [SEVERE ] updating countdown to 54042
[22:14:38.106] [SEVERE ] updating countdown to 54017
[22:14:38.132] [SEVERE ] updating countdown to 53991
[22:14:38.159] [SEVERE ] updating countdown to 53964
[22:14:38.185] [SEVERE ] updating countdown to 53938
[22:14:38.211] [SEVERE ] updating countdown to 53912
[22:14:38.237] [SEVERE ] updating countdown to 53886
[22:14:38.264] [SEVERE ] updating countdown to 53859
[22:14:38.292] [SEVERE ] updating countdown to 53831
[22:14:38.318] [SEVERE ] updating countdown to 53805
[22:14:38.344] [SEVERE ] updating countdown to 53779
[22:14:38.369] [SEVERE ] updating countdown to 53754
[22:14:38.395] [SEVERE ] updating countdown to 53728
[22:14:38.420] [SEVERE ] updating countdown to 53703
[22:14:38.446] [SEVERE ] updating countdown to 53677
[22:14:38.471] [SEVERE ] updating countdown to 53652
[22:14:38.498] [SEVERE ] updating countdown to 53625
[22:14:38.524] [SEVERE ] updating countdown to 53599
[22:14:38.549] [SEVERE ] updating countdown to 53574
[22:14:38.575] [SEVERE ] updating countdown to 53548
[22:14:38.602] [SEVERE ] updating countdown to 53521
[22:14:38.627] [SEVERE ] updating countdown to 53496
[22:14:38.653] [SEVERE ] updating countdown to 53470
[22:14:38.680] [SEVERE ] updating countdown to 53443
[22:14:38.706] [SEVERE ] updating countdown to 53417
[22:14:38.732] [SEVERE ] updating countdown to 53391
[22:14:38.758] [SEVERE ] updating countdown to 53365
[22:14:38.784] [SEVERE ] updating countdown to 53339
[22:14:38.811] [SEVERE ] updating countdown to 53312
[22:14:38.837] [SEVERE ] updating countdown to 53286
[22:14:38.864] [SEVERE ] updating countdown to 53259
[22:14:38.890] [SEVERE ] updating countdown to 53233
[22:14:38.916] [SEVERE ] updating countdown to 53207
