[22:04:07.513] [INFO   ] thread bguspl.set.Main.main() starting.
[22:04:07.520] [SEVERE ] cannot read configuration file config.properties trying from resources.
[22:04:07.524] [SEVERE ] configuration file was loaded from resources directory.
[22:04:08.649] [INFO   ] thread dealer starting.
[22:04:08.650] [INFO   ] thread dealer starting.
[22:04:08.757] [SEVERE ] placing card 79 in slot 0
[22:04:08.858] [SEVERE ] placing card 61 in slot 1
[22:04:08.959] [SEVERE ] placing card 24 in slot 2
[22:04:09.061] [SEVERE ] placing card 48 in slot 3
[22:04:09.163] [SEVERE ] placing card 80 in slot 4
[22:04:09.265] [SEVERE ] placing card 14 in slot 5
[22:04:09.367] [SEVERE ] placing card 62 in slot 6
[22:04:09.470] [SEVERE ] placing card 57 in slot 7
[22:04:09.571] [SEVERE ] placing card 42 in slot 8
[22:04:09.673] [SEVERE ] placing card 47 in slot 9
[22:04:09.774] [SEVERE ] placing card 31 in slot 10
[22:04:09.875] [SEVERE ] placing card 18 in slot 11
[22:04:09.902] [SEVERE ] updating countdown to 19975
[22:04:09.929] [SEVERE ] updating countdown to 19947
[22:04:09.955] [SEVERE ] updating countdown to 19921
[22:04:09.982] [SEVERE ] updating countdown to 19894
[22:04:10.009] [SEVERE ] updating countdown to 19867
[22:04:10.034] [SEVERE ] updating countdown to 19842
[22:04:10.060] [SEVERE ] updating countdown to 19816
[22:04:10.086] [SEVERE ] updating countdown to 19790
[22:04:10.112] [SEVERE ] updating countdown to 19764
[22:04:10.139] [SEVERE ] updating countdown to 19737
[22:04:10.165] [SEVERE ] updating countdown to 19711
[22:04:10.191] [SEVERE ] updating countdown to 19685
[22:04:10.218] [SEVERE ] updating countdown to 19658
[22:04:10.244] [SEVERE ] updating countdown to 19632
[22:04:10.270] [SEVERE ] updating countdown to 19606
[22:04:10.296] [SEVERE ] updating countdown to 19580
[22:04:10.321] [SEVERE ] updating countdown to 19555
[22:04:10.347] [SEVERE ] updating countdown to 19529
[22:04:10.374] [SEVERE ] updating countdown to 19502
[22:04:10.400] [SEVERE ] updating countdown to 19476
[22:04:10.426] [SEVERE ] updating countdown to 19450
[22:04:10.452] [SEVERE ] updating countdown to 19424
[22:04:10.479] [SEVERE ] updating countdown to 19397
[22:04:10.505] [SEVERE ] updating countdown to 19371
[22:04:10.531] [SEVERE ] updating countdown to 19345
[22:04:10.557] [SEVERE ] updating countdown to 19319
[22:04:10.583] [SEVERE ] updating countdown to 19293
[22:04:10.608] [SEVERE ] updating countdown to 19268
[22:04:10.634] [SEVERE ] updating countdown to 19242
[22:04:10.660] [SEVERE ] updating countdown to 19216
[22:04:10.686] [SEVERE ] updating countdown to 19190
[22:04:10.712] [SEVERE ] updating countdown to 19164
[22:04:10.739] [SEVERE ] updating countdown to 19137
[22:04:10.765] [SEVERE ] updating countdown to 19111
[22:04:10.791] [SEVERE ] updating countdown to 19085
[22:04:10.817] [SEVERE ] updating countdown to 19059
[22:04:10.843] [SEVERE ] updating countdown to 19033
[22:04:10.869] [SEVERE ] updating countdown to 19007
[22:04:10.895] [SEVERE ] updating countdown to 18981
[22:04:10.921] [SEVERE ] updating countdown to 18955
[22:04:10.947] [SEVERE ] updating countdown to 18929
[22:04:10.974] [SEVERE ] updating countdown to 18902
[22:04:11.000] [SEVERE ] updating countdown to 18877
[22:04:11.025] [SEVERE ] updating countdown to 18851
[22:04:11.051] [SEVERE ] updating countdown to 18825
[22:04:11.077] [SEVERE ] updating countdown to 18799
[22:04:11.110] [SEVERE ] updating countdown to 18766
[22:04:11.137] [SEVERE ] updating countdown to 18739
[22:04:11.163] [SEVERE ] updating countdown to 18713
[22:04:11.189] [SEVERE ] updating countdown to 18688
[22:04:11.215] [SEVERE ] updating countdown to 18661
[22:04:11.242] [SEVERE ] updating countdown to 18635
[22:04:11.268] [SEVERE ] updating countdown to 18608
[22:04:11.294] [SEVERE ] updating countdown to 18582
[22:04:11.320] [SEVERE ] updating countdown to 18556
[22:04:11.347] [SEVERE ] updating countdown to 18529
[22:04:11.375] [SEVERE ] updating countdown to 18501
[22:04:11.402] [SEVERE ] updating countdown to 18474
[22:04:11.428] [SEVERE ] updating countdown to 18448
[22:04:11.454] [SEVERE ] updating countdown to 18422
[22:04:11.481] [SEVERE ] updating countdown to 18395
[22:04:11.506] [SEVERE ] updating countdown to 18370
[22:04:11.533] [SEVERE ] updating countdown to 18343
[22:04:11.559] [SEVERE ] updating countdown to 18317
[22:04:11.584] [SEVERE ] updating countdown to 18292
[22:04:11.610] [SEVERE ] updating countdown to 18266
[22:04:11.636] [SEVERE ] updating countdown to 18241
[22:04:11.662] [SEVERE ] updating countdown to 18214
[22:04:11.688] [SEVERE ] updating countdown to 18188
[22:04:11.714] [SEVERE ] updating countdown to 18162
[22:04:11.740] [SEVERE ] updating countdown to 18136
[22:04:11.766] [SEVERE ] updating countdown to 18110
[22:04:11.793] [SEVERE ] updating countdown to 18083
[22:04:11.819] [SEVERE ] updating countdown to 18057
[22:04:11.846] [SEVERE ] updating countdown to 18030
[22:04:11.873] [SEVERE ] updating countdown to 18003
[22:04:11.899] [SEVERE ] updating countdown to 17977
[22:04:11.926] [SEVERE ] updating countdown to 17950
[22:04:11.951] [SEVERE ] updating countdown to 17925
[22:04:11.977] [SEVERE ] updating countdown to 17899
[22:04:12.003] [SEVERE ] updating countdown to 17873
[22:04:12.028] [SEVERE ] updating countdown to 17848
[22:04:12.054] [SEVERE ] updating countdown to 17822
[22:04:12.080] [SEVERE ] updating countdown to 17796
[22:04:12.106] [SEVERE ] updating countdown to 17770
[22:04:12.132] [SEVERE ] updating countdown to 17744
[22:04:12.157] [SEVERE ] updating countdown to 17719
[22:04:12.183] [SEVERE ] updating countdown to 17693
[22:04:12.209] [SEVERE ] updating countdown to 17667
[22:04:12.235] [SEVERE ] updating countdown to 17641
[22:04:12.261] [SEVERE ] updating countdown to 17615
[22:04:12.287] [SEVERE ] updating countdown to 17589
[22:04:12.314] [SEVERE ] updating countdown to 17562
[22:04:12.339] [SEVERE ] updating countdown to 17537
[22:04:12.365] [SEVERE ] updating countdown to 17511
[22:04:12.391] [SEVERE ] updating countdown to 17485
[22:04:12.417] [SEVERE ] updating countdown to 17459
[22:04:12.443] [SEVERE ] updating countdown to 17433
[22:04:12.469] [SEVERE ] updating countdown to 17407
[22:04:12.495] [SEVERE ] updating countdown to 17381
[22:04:12.520] [SEVERE ] updating countdown to 17356
[22:04:12.546] [SEVERE ] updating countdown to 17330
[22:04:12.573] [SEVERE ] updating countdown to 17303
[22:04:12.599] [SEVERE ] updating countdown to 17277
[22:04:12.626] [SEVERE ] updating countdown to 17250
[22:04:12.652] [SEVERE ] updating countdown to 17224
[22:04:12.678] [SEVERE ] updating countdown to 17199
[22:04:12.703] [SEVERE ] updating countdown to 17173
[22:04:12.729] [SEVERE ] updating countdown to 17147
[22:04:12.755] [SEVERE ] updating countdown to 17121
[22:04:12.781] [SEVERE ] updating countdown to 17095
[22:04:12.807] [SEVERE ] updating countdown to 17069
[22:04:12.832] [SEVERE ] updating countdown to 17044
[22:04:12.858] [SEVERE ] updating countdown to 17018
[22:04:12.884] [SEVERE ] updating countdown to 16992
[22:04:12.910] [SEVERE ] updating countdown to 16966
[22:04:12.936] [SEVERE ] updating countdown to 16940
[22:04:12.961] [SEVERE ] updating countdown to 16915
[22:04:12.987] [SEVERE ] updating countdown to 16889
[22:04:13.013] [SEVERE ] updating countdown to 16863
[22:04:13.039] [SEVERE ] updating countdown to 16837
[22:04:13.065] [SEVERE ] updating countdown to 16811
[22:04:13.090] [SEVERE ] updating countdown to 16786
[22:04:13.116] [SEVERE ] updating countdown to 16760
[22:04:13.143] [SEVERE ] updating countdown to 16733
[22:04:13.168] [SEVERE ] updating countdown to 16708
[22:04:13.194] [SEVERE ] updating countdown to 16682
[22:04:13.220] [SEVERE ] updating countdown to 16656
[22:04:13.246] [SEVERE ] updating countdown to 16630
[22:04:13.272] [SEVERE ] updating countdown to 16604
[22:04:13.300] [SEVERE ] updating countdown to 16576
[22:04:13.326] [SEVERE ] updating countdown to 16550
[22:04:13.351] [SEVERE ] updating countdown to 16525
[22:04:13.377] [SEVERE ] updating countdown to 16499
[22:04:13.403] [SEVERE ] updating countdown to 16473
[22:04:13.429] [SEVERE ] updating countdown to 16447
[22:04:13.455] [SEVERE ] updating countdown to 16421
[22:04:13.481] [SEVERE ] updating countdown to 16396
[22:04:13.507] [SEVERE ] updating countdown to 16369
[22:04:13.533] [SEVERE ] updating countdown to 16343
[22:04:13.559] [SEVERE ] updating countdown to 16318
[22:04:13.584] [SEVERE ] updating countdown to 16292
[22:04:13.610] [SEVERE ] updating countdown to 16266
[22:04:13.636] [SEVERE ] updating countdown to 16240
[22:04:13.661] [SEVERE ] updating countdown to 16215
[22:04:13.688] [SEVERE ] updating countdown to 16189
[22:04:13.713] [SEVERE ] updating countdown to 16163
[22:04:13.739] [SEVERE ] updating countdown to 16137
[22:04:13.765] [SEVERE ] updating countdown to 16111
[22:04:13.792] [SEVERE ] updating countdown to 16084
[22:04:13.819] [SEVERE ] updating countdown to 16057
[22:04:13.846] [SEVERE ] updating countdown to 16030
[22:04:13.872] [SEVERE ] updating countdown to 16004
[22:04:13.898] [SEVERE ] updating countdown to 15978
[22:04:13.924] [SEVERE ] updating countdown to 15952
[22:04:13.950] [SEVERE ] updating countdown to 15926
[22:04:13.975] [SEVERE ] updating countdown to 15901
[22:04:14.001] [SEVERE ] updating countdown to 15875
[22:04:14.027] [SEVERE ] updating countdown to 15849
[22:04:14.053] [SEVERE ] updating countdown to 15823
[22:04:14.080] [SEVERE ] updating countdown to 15796
[22:04:14.106] [SEVERE ] updating countdown to 15770
[22:04:14.133] [SEVERE ] updating countdown to 15743
[22:04:14.160] [SEVERE ] updating countdown to 15716
[22:04:14.186] [SEVERE ] updating countdown to 15690
[22:04:14.212] [SEVERE ] updating countdown to 15664
[22:04:14.237] [SEVERE ] updating countdown to 15639
[22:04:14.263] [SEVERE ] updating countdown to 15613
[22:04:14.289] [SEVERE ] updating countdown to 15587
[22:04:14.315] [SEVERE ] updating countdown to 15561
[22:04:14.341] [SEVERE ] updating countdown to 15535
[22:04:14.367] [SEVERE ] updating countdown to 15509
[22:04:14.393] [SEVERE ] updating countdown to 15483
[22:04:14.420] [SEVERE ] updating countdown to 15456
[22:04:14.445] [SEVERE ] updating countdown to 15431
[22:04:14.472] [SEVERE ] updating countdown to 15404
[22:04:14.498] [SEVERE ] updating countdown to 15378
[22:04:14.524] [SEVERE ] updating countdown to 15352
[22:04:14.550] [SEVERE ] updating countdown to 15326
[22:04:14.576] [SEVERE ] updating countdown to 15300
[22:04:14.602] [SEVERE ] updating countdown to 15274
[22:04:14.629] [SEVERE ] updating countdown to 15247
[22:04:14.656] [SEVERE ] updating countdown to 15220
[22:04:14.682] [SEVERE ] updating countdown to 15194
[22:04:14.708] [SEVERE ] updating countdown to 15168
[22:04:14.733] [SEVERE ] updating countdown to 15143
[22:04:14.759] [SEVERE ] updating countdown to 15117
[22:04:14.785] [SEVERE ] updating countdown to 15091
[22:04:14.811] [SEVERE ] updating countdown to 15065
[22:04:14.837] [SEVERE ] updating countdown to 15039
[22:04:14.863] [SEVERE ] updating countdown to 15013
[22:04:14.891] [SEVERE ] updating countdown to 14985
[22:04:14.917] [SEVERE ] updating countdown to 14959
[22:04:14.943] [SEVERE ] updating countdown to 14933
[22:04:14.968] [SEVERE ] updating countdown to 14908
[22:04:14.994] [SEVERE ] updating countdown to 14882
[22:04:15.020] [SEVERE ] updating countdown to 14856
[22:04:15.046] [SEVERE ] updating countdown to 14830
[22:04:15.072] [SEVERE ] updating countdown to 14804
[22:04:15.098] [SEVERE ] updating countdown to 14778
[22:04:15.123] [SEVERE ] updating countdown to 14753
[22:04:15.150] [SEVERE ] updating countdown to 14727
[22:04:15.176] [SEVERE ] updating countdown to 14700
[22:04:15.202] [SEVERE ] updating countdown to 14674
[22:04:15.228] [SEVERE ] updating countdown to 14648
[22:04:15.254] [SEVERE ] updating countdown to 14622
[22:04:15.279] [SEVERE ] updating countdown to 14597
[22:04:15.305] [SEVERE ] updating countdown to 14571
[22:04:15.331] [SEVERE ] updating countdown to 14545
[22:04:15.357] [SEVERE ] updating countdown to 14519
[22:04:15.385] [SEVERE ] updating countdown to 14491
[22:04:15.410] [SEVERE ] updating countdown to 14466
[22:04:15.437] [SEVERE ] updating countdown to 14440
[22:04:15.464] [SEVERE ] updating countdown to 14412
[22:04:15.489] [SEVERE ] updating countdown to 14387
[22:04:15.515] [SEVERE ] updating countdown to 14361
[22:04:15.540] [SEVERE ] updating countdown to 14336
[22:04:15.566] [SEVERE ] updating countdown to 14310
[22:04:15.592] [SEVERE ] updating countdown to 14284
[22:04:15.617] [SEVERE ] updating countdown to 14259
[22:04:15.643] [SEVERE ] updating countdown to 14233
[22:04:15.670] [SEVERE ] updating countdown to 14206
[22:04:15.696] [SEVERE ] updating countdown to 14180
[22:04:15.722] [SEVERE ] updating countdown to 14154
[22:04:15.748] [SEVERE ] updating countdown to 14128
[22:04:15.774] [SEVERE ] updating countdown to 14102
[22:04:15.800] [SEVERE ] updating countdown to 14076
[22:04:15.826] [SEVERE ] updating countdown to 14050
[22:04:15.852] [SEVERE ] updating countdown to 14024
[22:04:15.880] [SEVERE ] updating countdown to 13996
[22:04:15.907] [SEVERE ] updating countdown to 13969
[22:04:15.933] [SEVERE ] updating countdown to 13943
[22:04:15.960] [SEVERE ] updating countdown to 13916
[22:04:15.986] [SEVERE ] updating countdown to 13890
[22:04:16.013] [SEVERE ] updating countdown to 13863
[22:04:16.038] [SEVERE ] updating countdown to 13838
[22:04:16.064] [SEVERE ] updating countdown to 13812
[22:04:16.091] [SEVERE ] updating countdown to 13786
[22:04:16.116] [SEVERE ] updating countdown to 13760
[22:04:16.142] [SEVERE ] updating countdown to 13734
[22:04:16.168] [SEVERE ] updating countdown to 13708
[22:04:16.194] [SEVERE ] updating countdown to 13682
[22:04:16.220] [SEVERE ] updating countdown to 13656
[22:04:16.248] [SEVERE ] updating countdown to 13628
[22:04:16.274] [SEVERE ] updating countdown to 13602
[22:04:16.300] [SEVERE ] updating countdown to 13576
[22:04:16.327] [SEVERE ] updating countdown to 13549
[22:04:16.352] [SEVERE ] updating countdown to 13524
[22:04:16.378] [SEVERE ] updating countdown to 13498
[22:04:16.405] [SEVERE ] updating countdown to 13471
[22:04:16.431] [SEVERE ] updating countdown to 13445
[22:04:16.456] [SEVERE ] updating countdown to 13420
[22:04:16.482] [SEVERE ] updating countdown to 13394
[22:04:16.507] [SEVERE ] updating countdown to 13369
[22:04:16.533] [SEVERE ] updating countdown to 13343
[22:04:16.559] [SEVERE ] updating countdown to 13317
[22:04:16.585] [SEVERE ] updating countdown to 13291
[22:04:16.611] [SEVERE ] updating countdown to 13265
[22:04:16.638] [SEVERE ] updating countdown to 13238
[22:04:16.664] [SEVERE ] updating countdown to 13212
[22:04:16.690] [SEVERE ] updating countdown to 13186
[22:04:16.716] [SEVERE ] updating countdown to 13160
[22:04:16.741] [SEVERE ] updating countdown to 13135
[22:04:16.767] [SEVERE ] updating countdown to 13109
[22:04:16.793] [SEVERE ] updating countdown to 13083
[22:04:16.819] [SEVERE ] updating countdown to 13057
[22:04:16.845] [SEVERE ] updating countdown to 13031
[22:04:16.873] [SEVERE ] updating countdown to 13003
[22:04:16.898] [SEVERE ] updating countdown to 12978
[22:04:16.925] [SEVERE ] updating countdown to 12951
[22:04:16.952] [SEVERE ] updating countdown to 12924
[22:04:16.977] [SEVERE ] updating countdown to 12899
[22:04:17.003] [SEVERE ] updating countdown to 12873
[22:04:17.028] [SEVERE ] updating countdown to 12848
[22:04:17.054] [SEVERE ] updating countdown to 12822
[22:04:17.081] [SEVERE ] updating countdown to 12795
[22:04:17.107] [SEVERE ] updating countdown to 12769
[22:04:17.133] [SEVERE ] updating countdown to 12743
[22:04:17.159] [SEVERE ] updating countdown to 12717
[22:04:17.184] [SEVERE ] updating countdown to 12692
[22:04:17.210] [SEVERE ] updating countdown to 12666
[22:04:17.236] [SEVERE ] updating countdown to 12640
[22:04:17.261] [SEVERE ] updating countdown to 12615
[22:04:17.287] [SEVERE ] updating countdown to 12589
[22:04:17.313] [SEVERE ] updating countdown to 12563
[22:04:17.339] [SEVERE ] updating countdown to 12537
[22:04:17.365] [SEVERE ] updating countdown to 12511
[22:04:17.390] [SEVERE ] updating countdown to 12486
[22:04:17.416] [SEVERE ] updating countdown to 12460
