[21:08:51.562] [INFO   ] thread bguspl.set.Main.main() starting.
[21:08:51.577] [SEVERE ] cannot read configuration file config.properties trying from resources.
[21:08:51.590] [SEVERE ] configuration file was loaded from resources directory.
[21:08:52.988] [INFO   ] thread dealer starting.
[21:08:52.989] [INFO   ] thread dealer starting.
[21:08:53.094] [SEVERE ] placing card 64 in slot 0
[21:08:53.196] [SEVERE ] placing card 20 in slot 1
[21:08:53.297] [SEVERE ] placing card 1 in slot 2
[21:08:53.399] [SEVERE ] placing card 77 in slot 3
[21:08:53.502] [SEVERE ] placing card 75 in slot 4
[21:08:53.606] [SEVERE ] placing card 49 in slot 5
[21:08:53.708] [SEVERE ] placing card 10 in slot 6
[21:08:53.811] [SEVERE ] placing card 73 in slot 7
[21:08:53.913] [SEVERE ] placing card 53 in slot 8
[21:08:54.014] [SEVERE ] placing card 25 in slot 9
[21:08:54.116] [SEVERE ] placing card 14 in slot 10
[21:08:54.218] [SEVERE ] placing card 22 in slot 11
[21:08:54.244] [SEVERE ] updating countdown to 59975
[21:08:54.246] [SEVERE ] setting player 1 freeze to -1708369734246
[21:08:54.247] [SEVERE ] setting player 2 freeze to -1708369734247
[21:08:54.274] [SEVERE ] updating countdown to 59945
[21:08:54.275] [SEVERE ] setting player 1 freeze to -1708369734275
[21:08:54.275] [SEVERE ] setting player 2 freeze to -1708369734275
[21:08:54.301] [SEVERE ] updating countdown to 59918
[21:08:54.302] [SEVERE ] setting player 1 freeze to -1708369734301
[21:08:54.302] [SEVERE ] setting player 2 freeze to -1708369734302
[21:08:54.328] [SEVERE ] updating countdown to 59891
[21:08:54.329] [SEVERE ] setting player 1 freeze to -1708369734329
[21:08:54.329] [SEVERE ] setting player 2 freeze to -1708369734329
[21:08:54.355] [SEVERE ] updating countdown to 59864
[21:08:54.357] [SEVERE ] setting player 1 freeze to -1708369734357
[21:08:54.358] [SEVERE ] setting player 2 freeze to -1708369734358
[21:08:54.384] [SEVERE ] updating countdown to 59835
[21:08:54.385] [SEVERE ] setting player 1 freeze to -1708369734385
[21:08:54.386] [SEVERE ] setting player 2 freeze to -1708369734386
[21:08:54.413] [SEVERE ] updating countdown to 59806
[21:08:54.414] [SEVERE ] setting player 1 freeze to -1708369734414
[21:08:54.416] [SEVERE ] setting player 2 freeze to -1708369734416
[21:08:54.442] [SEVERE ] updating countdown to 59777
[21:08:54.443] [SEVERE ] setting player 1 freeze to -1708369734443
[21:08:54.444] [SEVERE ] setting player 2 freeze to -1708369734444
[21:08:54.472] [SEVERE ] updating countdown to 59748
[21:08:54.472] [SEVERE ] setting player 1 freeze to -1708369734472
[21:08:54.473] [SEVERE ] setting player 2 freeze to -1708369734473
[21:08:54.498] [SEVERE ] updating countdown to 59721
[21:08:54.499] [SEVERE ] setting player 1 freeze to -1708369734499
[21:08:54.500] [SEVERE ] setting player 2 freeze to -1708369734500
[21:08:54.525] [SEVERE ] updating countdown to 59694
[21:08:54.526] [SEVERE ] setting player 1 freeze to -1708369734526
[21:08:54.526] [SEVERE ] setting player 2 freeze to -1708369734526
[21:08:54.552] [SEVERE ] updating countdown to 59667
[21:08:54.553] [SEVERE ] setting player 1 freeze to -1708369734553
[21:08:54.554] [SEVERE ] setting player 2 freeze to -1708369734554
[21:08:54.580] [SEVERE ] updating countdown to 59639
[21:08:54.581] [SEVERE ] setting player 1 freeze to -1708369734581
[21:08:54.581] [SEVERE ] setting player 2 freeze to -1708369734581
[21:08:54.607] [SEVERE ] updating countdown to 59612
[21:08:54.608] [SEVERE ] setting player 1 freeze to -1708369734608
[21:08:54.610] [SEVERE ] setting player 2 freeze to -1708369734610
[21:08:54.636] [SEVERE ] updating countdown to 59583
[21:08:54.637] [SEVERE ] setting player 1 freeze to -1708369734637
[21:08:54.638] [SEVERE ] setting player 2 freeze to -1708369734638
[21:08:54.665] [SEVERE ] updating countdown to 59554
[21:08:54.665] [SEVERE ] setting player 1 freeze to -1708369734665
[21:08:54.666] [SEVERE ] setting player 2 freeze to -1708369734666
[21:08:54.691] [SEVERE ] updating countdown to 59528
[21:08:54.692] [SEVERE ] setting player 1 freeze to -1708369734692
[21:08:54.693] [SEVERE ] setting player 2 freeze to -1708369734693
[21:08:54.718] [SEVERE ] updating countdown to 59501
[21:08:54.720] [SEVERE ] setting player 1 freeze to -1708369734720
[21:08:54.720] [SEVERE ] setting player 2 freeze to -1708369734720
[21:08:54.746] [SEVERE ] updating countdown to 59473
[21:08:54.747] [SEVERE ] setting player 1 freeze to -1708369734747
[21:08:54.748] [SEVERE ] setting player 2 freeze to -1708369734748
[21:08:54.773] [SEVERE ] updating countdown to 59446
[21:08:54.774] [SEVERE ] setting player 1 freeze to -1708369734774
[21:08:54.774] [SEVERE ] setting player 2 freeze to -1708369734774
[21:08:54.800] [SEVERE ] updating countdown to 59419
[21:08:54.802] [SEVERE ] setting player 1 freeze to -1708369734802
[21:08:54.803] [SEVERE ] setting player 2 freeze to -1708369734803
[21:08:54.828] [SEVERE ] updating countdown to 59391
[21:08:54.829] [SEVERE ] setting player 1 freeze to -1708369734829
[21:08:54.830] [SEVERE ] setting player 2 freeze to -1708369734830
[21:08:54.857] [SEVERE ] updating countdown to 59362
[21:08:54.858] [SEVERE ] setting player 1 freeze to -1708369734858
[21:08:54.859] [SEVERE ] setting player 2 freeze to -1708369734859
[21:08:54.885] [SEVERE ] updating countdown to 59334
[21:08:54.886] [SEVERE ] setting player 1 freeze to -1708369734886
[21:08:54.888] [SEVERE ] setting player 2 freeze to -1708369734888
[21:08:54.914] [SEVERE ] updating countdown to 59305
[21:08:54.915] [SEVERE ] setting player 1 freeze to -1708369734915
[21:08:54.915] [SEVERE ] setting player 2 freeze to -1708369734915
[21:08:54.941] [SEVERE ] updating countdown to 59278
[21:08:54.943] [SEVERE ] setting player 1 freeze to -1708369734943
[21:08:54.944] [SEVERE ] setting player 2 freeze to -1708369734944
[21:08:54.970] [SEVERE ] updating countdown to 59249
[21:08:54.971] [SEVERE ] setting player 1 freeze to -1708369734971
[21:08:54.971] [SEVERE ] setting player 2 freeze to -1708369734971
[21:08:54.997] [SEVERE ] updating countdown to 59222
[21:08:54.998] [SEVERE ] setting player 1 freeze to -1708369734998
[21:08:54.998] [SEVERE ] setting player 2 freeze to -1708369734998
[21:08:55.024] [SEVERE ] updating countdown to 59195
[21:08:55.025] [SEVERE ] setting player 1 freeze to -1708369735025
[21:08:55.026] [SEVERE ] setting player 2 freeze to -1708369735026
[21:08:55.052] [SEVERE ] updating countdown to 59167
[21:08:55.054] [SEVERE ] setting player 1 freeze to -1708369735054
[21:08:55.055] [SEVERE ] setting player 2 freeze to -1708369735055
[21:08:55.080] [SEVERE ] updating countdown to 59139
[21:08:55.081] [SEVERE ] setting player 1 freeze to -1708369735081
[21:08:55.083] [SEVERE ] setting player 2 freeze to -1708369735083
[21:08:55.109] [SEVERE ] updating countdown to 59110
[21:08:55.109] [SEVERE ] setting player 1 freeze to -1708369735109
[21:08:55.110] [SEVERE ] setting player 2 freeze to -1708369735110
[21:08:55.136] [SEVERE ] updating countdown to 59083
[21:08:55.138] [SEVERE ] setting player 1 freeze to -1708369735138
[21:08:55.139] [SEVERE ] setting player 2 freeze to -1708369735139
[21:08:55.161] [SEVERE ] exit button pressed
[21:08:55.166] [SEVERE ] updating countdown to 59054
[21:08:55.167] [SEVERE ] setting player 1 freeze to -1708369735167
[21:08:55.168] [SEVERE ] setting player 2 freeze to -1708369735168
[21:08:55.269] [SEVERE ] removing card from slot 0
[21:08:55.370] [SEVERE ] removing card from slot 1
[21:08:55.471] [SEVERE ] removing card from slot 2
[21:08:55.572] [SEVERE ] removing card from slot 3
[21:08:55.673] [SEVERE ] removing card from slot 4
[21:08:55.774] [SEVERE ] removing card from slot 5
[21:08:55.876] [SEVERE ] removing card from slot 6
[21:08:55.978] [SEVERE ] removing card from slot 7
[21:08:56.080] [SEVERE ] removing card from slot 8
[21:08:56.181] [SEVERE ] removing card from slot 9
[21:08:56.283] [SEVERE ] removing card from slot 10
[21:08:56.384] [SEVERE ] removing card from slot 11
[21:08:56.385] [INFO   ] thread dealer terminated.
[21:08:56.385] [INFO   ] thread dealer terminated.
[21:08:56.386] [SEVERE ] thanks for playing... it was fun!
[21:08:56.387] [INFO   ] thread bguspl.set.Main.main() terminated.
