[22:53:15.113] [INFO   ] thread bguspl.set.Main.main() starting.
[22:53:15.124] [SEVERE ] cannot read configuration file config.properties trying from resources.
[22:53:15.131] [SEVERE ] configuration file was loaded from resources directory.
[22:53:16.202] [INFO   ] thread dealer starting.
[22:53:16.203] [INFO   ] thread dealer starting.
[22:53:16.204] [INFO   ] thread Thread-1 starting.
[22:53:16.205] [INFO   ] thread Thread-3 starting.
[22:53:16.205] [INFO   ] thread Thread-2 starting.
[22:53:16.206] [INFO   ] thread computer-2 starting.
[22:53:16.309] [SEVERE ] placing card 4 in slot 0
[22:53:16.414] [SEVERE ] placing card 0 in slot 1
[22:53:16.515] [SEVERE ] placing card 6 in slot 2
[22:53:16.616] [SEVERE ] placing card 15 in slot 3
[22:53:16.718] [SEVERE ] placing card 9 in slot 4
[22:53:16.819] [SEVERE ] placing card 10 in slot 5
[22:53:16.922] [SEVERE ] placing card 17 in slot 6
[22:53:17.026] [SEVERE ] placing card 19 in slot 7
[22:53:17.130] [SEVERE ] placing card 3 in slot 8
[22:53:17.208] [SEVERE ] player 3 placing token on slot 7
[22:53:17.233] [SEVERE ] placing card 5 in slot 9
[22:53:17.334] [SEVERE ] placing card 20 in slot 10
[22:53:17.436] [SEVERE ] placing card 13 in slot 11
[22:53:17.462] [SEVERE ] updating countdown to 59975
[22:53:17.489] [SEVERE ] updating countdown to 59948
[22:53:17.515] [SEVERE ] updating countdown to 59922
[22:53:17.542] [SEVERE ] updating countdown to 59895
[22:53:17.570] [SEVERE ] updating countdown to 59867
[22:53:17.596] [SEVERE ] updating countdown to 59841
[22:53:17.623] [SEVERE ] updating countdown to 59815
[22:53:17.650] [SEVERE ] updating countdown to 59787
[22:53:17.678] [SEVERE ] updating countdown to 59759
[22:53:17.707] [SEVERE ] updating countdown to 59730
[22:53:17.734] [SEVERE ] updating countdown to 59703
[22:53:17.763] [SEVERE ] updating countdown to 59674
[22:53:17.789] [SEVERE ] updating countdown to 59648
[22:53:17.817] [SEVERE ] updating countdown to 59620
[22:53:17.845] [SEVERE ] updating countdown to 59592
[22:53:17.872] [SEVERE ] updating countdown to 59565
[22:53:17.898] [SEVERE ] updating countdown to 59539
[22:53:17.925] [SEVERE ] updating countdown to 59512
[22:53:17.952] [SEVERE ] updating countdown to 59485
[22:53:17.980] [SEVERE ] updating countdown to 59457
[22:53:18.006] [SEVERE ] updating countdown to 59431
[22:53:18.034] [SEVERE ] updating countdown to 59403
[22:53:18.061] [SEVERE ] updating countdown to 59376
[22:53:18.087] [SEVERE ] updating countdown to 59350
[22:53:18.114] [SEVERE ] updating countdown to 59323
[22:53:18.142] [SEVERE ] updating countdown to 59295
[22:53:18.169] [SEVERE ] updating countdown to 59268
[22:53:18.197] [SEVERE ] updating countdown to 59240
[22:53:18.209] [SEVERE ] player 3 placing token on slot 8
[22:53:18.225] [SEVERE ] updating countdown to 59212
[22:53:18.253] [SEVERE ] updating countdown to 59184
[22:53:18.281] [SEVERE ] updating countdown to 59156
[22:53:18.306] [SEVERE ] updating countdown to 59131
[22:53:18.332] [SEVERE ] updating countdown to 59105
[22:53:18.359] [SEVERE ] updating countdown to 59078
[22:53:18.386] [SEVERE ] updating countdown to 59051
[22:53:18.413] [SEVERE ] updating countdown to 59024
[22:53:18.441] [SEVERE ] updating countdown to 58996
[22:53:18.469] [SEVERE ] updating countdown to 58968
[22:53:18.495] [SEVERE ] updating countdown to 58942
[22:53:18.521] [SEVERE ] updating countdown to 58916
[22:53:18.548] [SEVERE ] updating countdown to 58889
[22:53:18.575] [SEVERE ] updating countdown to 58862
[22:53:18.602] [SEVERE ] updating countdown to 58835
[22:53:18.628] [SEVERE ] updating countdown to 58809
[22:53:18.655] [SEVERE ] updating countdown to 58782
[22:53:18.684] [SEVERE ] updating countdown to 58753
[22:53:18.712] [SEVERE ] updating countdown to 58725
[22:53:18.738] [SEVERE ] updating countdown to 58699
[22:53:18.764] [SEVERE ] updating countdown to 58673
[22:53:18.791] [SEVERE ] updating countdown to 58646
[22:53:18.817] [SEVERE ] updating countdown to 58620
[22:53:18.844] [SEVERE ] updating countdown to 58593
[22:53:18.870] [SEVERE ] updating countdown to 58567
[22:53:18.898] [SEVERE ] updating countdown to 58539
[22:53:18.927] [SEVERE ] updating countdown to 58510
[22:53:18.954] [SEVERE ] updating countdown to 58484
[22:53:18.981] [SEVERE ] updating countdown to 58457
[22:53:19.009] [SEVERE ] updating countdown to 58428
[22:53:19.036] [SEVERE ] updating countdown to 58401
[22:53:19.062] [SEVERE ] updating countdown to 58375
[22:53:19.089] [SEVERE ] updating countdown to 58348
[22:53:19.118] [SEVERE ] updating countdown to 58319
[22:53:19.144] [SEVERE ] updating countdown to 58293
[22:53:19.172] [SEVERE ] updating countdown to 58265
[22:53:19.199] [SEVERE ] updating countdown to 58239
[22:53:19.227] [SEVERE ] updating countdown to 58210
[22:53:19.253] [SEVERE ] updating countdown to 58184
[22:53:19.280] [SEVERE ] updating countdown to 58158
[22:53:19.307] [SEVERE ] updating countdown to 58130
[22:53:19.334] [SEVERE ] updating countdown to 58103
[22:53:19.361] [SEVERE ] updating countdown to 58076
[22:53:19.390] [SEVERE ] updating countdown to 58047
[22:53:19.418] [SEVERE ] updating countdown to 58019
[22:53:19.445] [SEVERE ] updating countdown to 57992
[22:53:19.472] [SEVERE ] updating countdown to 57965
[22:53:19.501] [SEVERE ] updating countdown to 57936
[22:53:19.528] [SEVERE ] updating countdown to 57909
[22:53:19.554] [SEVERE ] updating countdown to 57883
[22:53:19.580] [SEVERE ] updating countdown to 57857
[22:53:19.607] [SEVERE ] updating countdown to 57830
[22:53:19.633] [SEVERE ] updating countdown to 57805
[22:53:19.659] [SEVERE ] updating countdown to 57778
[22:53:19.685] [SEVERE ] updating countdown to 57752
[22:53:19.711] [SEVERE ] updating countdown to 57726
[22:53:19.739] [SEVERE ] updating countdown to 57698
[22:53:19.767] [SEVERE ] updating countdown to 57670
[22:53:19.794] [SEVERE ] updating countdown to 57643
[22:53:19.822] [SEVERE ] updating countdown to 57615
[22:53:19.849] [SEVERE ] updating countdown to 57588
[22:53:19.877] [SEVERE ] updating countdown to 57560
[22:53:19.903] [SEVERE ] updating countdown to 57534
[22:53:19.931] [SEVERE ] updating countdown to 57506
[22:53:19.956] [SEVERE ] updating countdown to 57481
[22:53:19.983] [SEVERE ] updating countdown to 57454
[22:53:20.012] [SEVERE ] updating countdown to 57425
[22:53:20.039] [SEVERE ] updating countdown to 57399
[22:53:20.067] [SEVERE ] updating countdown to 57370
[22:53:20.094] [SEVERE ] updating countdown to 57343
[22:53:20.123] [SEVERE ] updating countdown to 57314
[22:53:20.151] [SEVERE ] updating countdown to 57286
[22:53:20.177] [SEVERE ] updating countdown to 57260
[22:53:20.204] [SEVERE ] updating countdown to 57233
[22:53:20.231] [SEVERE ] updating countdown to 57206
[22:53:20.259] [SEVERE ] updating countdown to 57178
[22:53:20.288] [SEVERE ] updating countdown to 57149
[22:53:20.314] [SEVERE ] updating countdown to 57123
[22:53:20.340] [SEVERE ] updating countdown to 57097
[22:53:20.366] [SEVERE ] updating countdown to 57071
[22:53:20.392] [SEVERE ] updating countdown to 57045
[22:53:20.418] [SEVERE ] updating countdown to 57019
[22:53:20.444] [SEVERE ] updating countdown to 56993
[22:53:20.473] [SEVERE ] updating countdown to 56964
[22:53:20.501] [SEVERE ] updating countdown to 56936
[22:53:20.528] [SEVERE ] updating countdown to 56909
[22:53:20.554] [SEVERE ] updating countdown to 56883
[22:53:20.580] [SEVERE ] updating countdown to 56857
[22:53:20.606] [SEVERE ] updating countdown to 56831
[22:53:20.632] [SEVERE ] updating countdown to 56805
[22:53:20.659] [SEVERE ] updating countdown to 56778
[22:53:20.686] [SEVERE ] updating countdown to 56751
[22:53:20.713] [SEVERE ] updating countdown to 56724
[22:53:20.739] [SEVERE ] updating countdown to 56698
[22:53:20.765] [SEVERE ] updating countdown to 56672
[22:53:20.791] [SEVERE ] updating countdown to 56646
[22:53:20.817] [SEVERE ] updating countdown to 56620
[22:53:20.843] [SEVERE ] updating countdown to 56594
[22:53:20.868] [SEVERE ] updating countdown to 56569
[22:53:20.895] [SEVERE ] updating countdown to 56543
[22:53:20.920] [SEVERE ] updating countdown to 56517
[22:53:20.946] [SEVERE ] updating countdown to 56491
[22:53:20.972] [SEVERE ] updating countdown to 56465
[22:53:20.998] [SEVERE ] updating countdown to 56439
[22:53:21.024] [SEVERE ] updating countdown to 56413
[22:53:21.050] [SEVERE ] updating countdown to 56387
[22:53:21.076] [SEVERE ] updating countdown to 56361
[22:53:21.106] [SEVERE ] updating countdown to 56331
[22:53:21.133] [SEVERE ] updating countdown to 56304
[22:53:21.161] [SEVERE ] updating countdown to 56276
[22:53:21.189] [SEVERE ] updating countdown to 56249
[22:53:21.216] [SEVERE ] updating countdown to 56221
[22:53:21.242] [SEVERE ] updating countdown to 56195
[22:53:21.270] [SEVERE ] updating countdown to 56167
[22:53:21.297] [SEVERE ] updating countdown to 56140
[22:53:21.324] [SEVERE ] updating countdown to 56113
[22:53:21.350] [SEVERE ] updating countdown to 56087
[22:53:21.375] [SEVERE ] updating countdown to 56062
[22:53:21.402] [SEVERE ] updating countdown to 56035
[22:53:21.430] [SEVERE ] updating countdown to 56007
[22:53:21.457] [SEVERE ] updating countdown to 55980
[22:53:21.484] [SEVERE ] updating countdown to 55953
[22:53:21.510] [SEVERE ] updating countdown to 55927
[22:53:21.536] [SEVERE ] updating countdown to 55901
[22:53:21.563] [SEVERE ] updating countdown to 55874
[22:53:21.591] [SEVERE ] updating countdown to 55846
[22:53:21.617] [SEVERE ] updating countdown to 55820
[22:53:21.643] [SEVERE ] updating countdown to 55794
[22:53:21.669] [SEVERE ] updating countdown to 55768
[22:53:21.695] [SEVERE ] updating countdown to 55742
[22:53:21.721] [SEVERE ] updating countdown to 55716
[22:53:21.747] [SEVERE ] updating countdown to 55690
[22:53:21.772] [SEVERE ] updating countdown to 55665
[22:53:21.798] [SEVERE ] updating countdown to 55639
[22:53:21.825] [SEVERE ] updating countdown to 55612
[22:53:21.852] [SEVERE ] updating countdown to 55586
[22:53:21.879] [SEVERE ] updating countdown to 55559
[22:53:21.906] [SEVERE ] updating countdown to 55531
[22:53:21.933] [SEVERE ] updating countdown to 55504
[22:53:21.959] [SEVERE ] updating countdown to 55478
[22:53:21.985] [SEVERE ] updating countdown to 55452
[22:53:22.013] [SEVERE ] updating countdown to 55425
[22:53:22.042] [SEVERE ] updating countdown to 55395
[22:53:22.069] [SEVERE ] updating countdown to 55368
[22:53:22.097] [SEVERE ] updating countdown to 55340
[22:53:22.125] [SEVERE ] updating countdown to 55312
[22:53:22.151] [SEVERE ] updating countdown to 55286
[22:53:22.177] [SEVERE ] updating countdown to 55260
[22:53:22.202] [SEVERE ] updating countdown to 55235
[22:53:22.229] [SEVERE ] updating countdown to 55208
[22:53:22.255] [SEVERE ] updating countdown to 55182
[22:53:22.281] [SEVERE ] updating countdown to 55157
[22:53:22.307] [SEVERE ] updating countdown to 55130
[22:53:22.333] [SEVERE ] updating countdown to 55104
[22:53:22.360] [SEVERE ] updating countdown to 55077
[22:53:22.386] [SEVERE ] updating countdown to 55051
[22:53:22.414] [SEVERE ] updating countdown to 55023
[22:53:22.442] [SEVERE ] updating countdown to 54995
[22:53:22.468] [SEVERE ] updating countdown to 54969
[22:53:22.495] [SEVERE ] updating countdown to 54942
[22:53:22.522] [SEVERE ] updating countdown to 54915
[22:53:22.550] [SEVERE ] updating countdown to 54888
[22:53:22.576] [SEVERE ] updating countdown to 54861
[22:53:22.604] [SEVERE ] updating countdown to 54833
[22:53:22.632] [SEVERE ] updating countdown to 54805
[22:53:22.660] [SEVERE ] updating countdown to 54777
[22:53:22.685] [SEVERE ] updating countdown to 54752
[22:53:22.711] [SEVERE ] updating countdown to 54726
[22:53:22.738] [SEVERE ] updating countdown to 54699
[22:53:22.764] [SEVERE ] updating countdown to 54673
[22:53:22.789] [SEVERE ] updating countdown to 54648
[22:53:22.816] [SEVERE ] updating countdown to 54621
[22:53:22.842] [SEVERE ] updating countdown to 54595
[22:53:22.870] [SEVERE ] updating countdown to 54567
[22:53:22.898] [SEVERE ] updating countdown to 54539
[22:53:22.924] [SEVERE ] updating countdown to 54513
[22:53:22.951] [SEVERE ] updating countdown to 54486
[22:53:22.977] [SEVERE ] updating countdown to 54460
[22:53:23.004] [SEVERE ] updating countdown to 54433
[22:53:23.031] [SEVERE ] updating countdown to 54406
[22:53:23.059] [SEVERE ] updating countdown to 54378
[22:53:23.086] [SEVERE ] updating countdown to 54351
[22:53:23.112] [SEVERE ] updating countdown to 54325
[22:53:23.140] [SEVERE ] updating countdown to 54297
[22:53:23.166] [SEVERE ] updating countdown to 54271
[22:53:23.193] [SEVERE ] updating countdown to 54244
[22:53:23.220] [SEVERE ] updating countdown to 54217
[22:53:23.246] [SEVERE ] updating countdown to 54191
[22:53:23.272] [SEVERE ] updating countdown to 54165
[22:53:23.299] [SEVERE ] updating countdown to 54138
[22:53:23.326] [SEVERE ] updating countdown to 54111
[22:53:23.352] [SEVERE ] updating countdown to 54085
[22:53:23.378] [SEVERE ] updating countdown to 54059
[22:53:23.405] [SEVERE ] updating countdown to 54032
[22:53:23.432] [SEVERE ] updating countdown to 54005
[22:53:23.458] [SEVERE ] updating countdown to 53979
[22:53:23.486] [SEVERE ] updating countdown to 53951
[22:53:23.514] [SEVERE ] updating countdown to 53923
[22:53:23.541] [SEVERE ] updating countdown to 53896
[22:53:23.568] [SEVERE ] updating countdown to 53870
[22:53:23.595] [SEVERE ] updating countdown to 53842
[22:53:23.621] [SEVERE ] updating countdown to 53816
[22:53:23.647] [SEVERE ] updating countdown to 53790
[22:53:23.674] [SEVERE ] updating countdown to 53763
[22:53:23.701] [SEVERE ] updating countdown to 53737
[22:53:23.729] [SEVERE ] updating countdown to 53708
[22:53:23.757] [SEVERE ] updating countdown to 53680
[22:53:23.784] [SEVERE ] updating countdown to 53653
[22:53:23.810] [SEVERE ] updating countdown to 53628
[22:53:23.835] [SEVERE ] updating countdown to 53602
[22:53:23.861] [SEVERE ] updating countdown to 53576
[22:53:23.887] [SEVERE ] updating countdown to 53550
[22:53:23.914] [SEVERE ] updating countdown to 53523
[22:53:23.941] [SEVERE ] updating countdown to 53496
[22:53:23.967] [SEVERE ] updating countdown to 53470
[22:53:23.993] [SEVERE ] updating countdown to 53444
[22:53:24.021] [SEVERE ] updating countdown to 53416
[22:53:24.047] [SEVERE ] updating countdown to 53390
[22:53:24.074] [SEVERE ] updating countdown to 53363
[22:53:24.100] [SEVERE ] updating countdown to 53337
[22:53:24.126] [SEVERE ] updating countdown to 53311
[22:53:24.152] [SEVERE ] updating countdown to 53285
[22:53:24.179] [SEVERE ] updating countdown to 53258
[22:53:24.206] [SEVERE ] updating countdown to 53232
[22:53:24.233] [SEVERE ] updating countdown to 53204
[22:53:24.261] [SEVERE ] updating countdown to 53176
[22:53:24.288] [SEVERE ] updating countdown to 53149
[22:53:24.315] [SEVERE ] updating countdown to 53123
[22:53:24.344] [SEVERE ] updating countdown to 53094
[22:53:24.371] [SEVERE ] updating countdown to 53066
[22:53:24.399] [SEVERE ] updating countdown to 53038
[22:53:24.425] [SEVERE ] updating countdown to 53012
[22:53:24.453] [SEVERE ] updating countdown to 52984
[22:53:24.479] [SEVERE ] updating countdown to 52958
[22:53:24.506] [SEVERE ] updating countdown to 52931
[22:53:24.534] [SEVERE ] updating countdown to 52903
[22:53:24.560] [SEVERE ] updating countdown to 52877
[22:53:24.588] [SEVERE ] updating countdown to 52849
[22:53:24.615] [SEVERE ] updating countdown to 52822
[22:53:24.643] [SEVERE ] updating countdown to 52794
[22:53:24.669] [SEVERE ] updating countdown to 52768
[22:53:24.697] [SEVERE ] updating countdown to 52740
[22:53:24.723] [SEVERE ] updating countdown to 52714
[22:53:24.751] [SEVERE ] updating countdown to 52686
[22:53:24.778] [SEVERE ] updating countdown to 52659
[22:53:24.806] [SEVERE ] updating countdown to 52631
[22:53:24.833] [SEVERE ] updating countdown to 52604
[22:53:24.860] [SEVERE ] updating countdown to 52577
[22:53:24.886] [SEVERE ] updating countdown to 52551
[22:53:24.912] [SEVERE ] updating countdown to 52525
[22:53:24.940] [SEVERE ] updating countdown to 52497
[22:53:24.967] [SEVERE ] updating countdown to 52470
[22:53:24.993] [SEVERE ] updating countdown to 52444
[22:53:25.020] [SEVERE ] updating countdown to 52417
[22:53:25.046] [SEVERE ] updating countdown to 52391
[22:53:25.072] [SEVERE ] updating countdown to 52365
[22:53:25.098] [SEVERE ] updating countdown to 52339
[22:53:25.125] [SEVERE ] updating countdown to 52312
[22:53:25.153] [SEVERE ] updating countdown to 52284
[22:53:25.179] [SEVERE ] updating countdown to 52258
[22:53:25.206] [SEVERE ] updating countdown to 52231
[22:53:25.234] [SEVERE ] updating countdown to 52203
[22:53:25.261] [SEVERE ] updating countdown to 52176
[22:53:25.287] [SEVERE ] updating countdown to 52150
[22:53:25.314] [SEVERE ] updating countdown to 52123
[22:53:25.341] [SEVERE ] updating countdown to 52096
[22:53:25.368] [SEVERE ] updating countdown to 52069
[22:53:25.396] [SEVERE ] updating countdown to 52041
[22:53:25.424] [SEVERE ] updating countdown to 52013
[22:53:25.449] [SEVERE ] updating countdown to 51988
[22:53:25.476] [SEVERE ] updating countdown to 51961
[22:53:25.503] [SEVERE ] updating countdown to 51934
[22:53:25.529] [SEVERE ] updating countdown to 51908
[22:53:25.555] [SEVERE ] updating countdown to 51882
[22:53:25.582] [SEVERE ] updating countdown to 51855
[22:53:25.608] [SEVERE ] updating countdown to 51829
[22:53:25.636] [SEVERE ] updating countdown to 51801
[22:53:25.662] [SEVERE ] updating countdown to 51775
[22:53:25.689] [SEVERE ] updating countdown to 51748
[22:53:25.715] [SEVERE ] updating countdown to 51722
[22:53:25.741] [SEVERE ] updating countdown to 51696
[22:53:25.768] [SEVERE ] updating countdown to 51669
[22:53:25.795] [SEVERE ] updating countdown to 51642
[22:53:25.822] [SEVERE ] updating countdown to 51615
[22:53:25.848] [SEVERE ] updating countdown to 51589
[22:53:25.874] [SEVERE ] updating countdown to 51563
[22:53:25.900] [SEVERE ] updating countdown to 51537
[22:53:25.927] [SEVERE ] updating countdown to 51510
[22:53:25.952] [SEVERE ] updating countdown to 51485
[22:53:25.978] [SEVERE ] updating countdown to 51459
[22:53:26.005] [SEVERE ] updating countdown to 51432
[22:53:26.031] [SEVERE ] updating countdown to 51406
[22:53:26.056] [SEVERE ] updating countdown to 51381
[22:53:26.084] [SEVERE ] updating countdown to 51353
[22:53:26.110] [SEVERE ] updating countdown to 51327
[22:53:26.136] [SEVERE ] updating countdown to 51301
[22:53:26.162] [SEVERE ] updating countdown to 51275
[22:53:26.189] [SEVERE ] updating countdown to 51248
[22:53:26.216] [SEVERE ] updating countdown to 51221
[22:53:26.242] [SEVERE ] updating countdown to 51195
[22:53:26.268] [SEVERE ] updating countdown to 51169
[22:53:26.293] [SEVERE ] updating countdown to 51144
[22:53:26.319] [SEVERE ] updating countdown to 51118
[22:53:26.346] [SEVERE ] updating countdown to 51091
[22:53:26.374] [SEVERE ] updating countdown to 51063
[22:53:26.401] [SEVERE ] updating countdown to 51036
[22:53:26.427] [SEVERE ] updating countdown to 51010
[22:53:26.454] [SEVERE ] updating countdown to 50983
[22:53:26.483] [SEVERE ] updating countdown to 50954
[22:53:26.510] [SEVERE ] updating countdown to 50927
[22:53:26.537] [SEVERE ] updating countdown to 50900
[22:53:26.563] [SEVERE ] updating countdown to 50874
[22:53:26.590] [SEVERE ] updating countdown to 50847
[22:53:26.617] [SEVERE ] updating countdown to 50820
[22:53:26.643] [SEVERE ] updating countdown to 50794
[22:53:26.669] [SEVERE ] updating countdown to 50768
[22:53:26.695] [SEVERE ] updating countdown to 50742
[22:53:26.722] [SEVERE ] updating countdown to 50715
[22:53:26.748] [SEVERE ] updating countdown to 50689
[22:53:26.774] [SEVERE ] updating countdown to 50663
[22:53:26.800] [SEVERE ] updating countdown to 50637
[22:53:26.826] [SEVERE ] updating countdown to 50611
[22:53:26.853] [SEVERE ] updating countdown to 50584
[22:53:26.879] [SEVERE ] updating countdown to 50558
[22:53:26.906] [SEVERE ] updating countdown to 50531
[22:53:26.932] [SEVERE ] updating countdown to 50505
[22:53:26.958] [SEVERE ] updating countdown to 50479
[22:53:26.984] [SEVERE ] updating countdown to 50453
[22:53:27.010] [SEVERE ] updating countdown to 50427
[22:53:27.036] [SEVERE ] updating countdown to 50401
[22:53:27.063] [SEVERE ] updating countdown to 50374
[22:53:27.090] [SEVERE ] updating countdown to 50347
[22:53:27.117] [SEVERE ] updating countdown to 50320
[22:53:27.143] [SEVERE ] updating countdown to 50294
[22:53:27.169] [SEVERE ] updating countdown to 50268
[22:53:27.195] [SEVERE ] updating countdown to 50242
[22:53:27.221] [SEVERE ] updating countdown to 50216
[22:53:27.247] [SEVERE ] updating countdown to 50190
[22:53:27.273] [SEVERE ] updating countdown to 50164
[22:53:27.299] [SEVERE ] updating countdown to 50138
[22:53:27.325] [SEVERE ] updating countdown to 50112
[22:53:27.352] [SEVERE ] updating countdown to 50085
[22:53:27.380] [SEVERE ] updating countdown to 50057
[22:53:27.406] [SEVERE ] updating countdown to 50031
[22:53:27.433] [SEVERE ] updating countdown to 50004
[22:53:27.460] [SEVERE ] updating countdown to 49977
[22:53:27.488] [SEVERE ] updating countdown to 49949
[22:53:27.514] [SEVERE ] updating countdown to 49923
[22:53:27.541] [SEVERE ] updating countdown to 49896
[22:53:27.568] [SEVERE ] updating countdown to 49869
[22:53:27.595] [SEVERE ] updating countdown to 49842
[22:53:27.621] [SEVERE ] updating countdown to 49816
[22:53:27.647] [SEVERE ] updating countdown to 49790
[22:53:27.673] [SEVERE ] updating countdown to 49764
[22:53:27.700] [SEVERE ] updating countdown to 49737
[22:53:27.728] [SEVERE ] updating countdown to 49709
[22:53:27.756] [SEVERE ] updating countdown to 49681
[22:53:27.782] [SEVERE ] updating countdown to 49655
[22:53:27.809] [SEVERE ] updating countdown to 49628
[22:53:27.835] [SEVERE ] updating countdown to 49602
[22:53:27.862] [SEVERE ] updating countdown to 49575
[22:53:27.888] [SEVERE ] updating countdown to 49549
[22:53:27.914] [SEVERE ] updating countdown to 49523
[22:53:27.940] [SEVERE ] updating countdown to 49497
[22:53:27.966] [SEVERE ] updating countdown to 49471
[22:53:27.993] [SEVERE ] updating countdown to 49444
[22:53:28.020] [SEVERE ] updating countdown to 49417
[22:53:28.046] [SEVERE ] updating countdown to 49391
[22:53:28.072] [SEVERE ] updating countdown to 49365
[22:53:28.097] [SEVERE ] updating countdown to 49340
[22:53:28.123] [SEVERE ] updating countdown to 49314
[22:53:28.149] [SEVERE ] updating countdown to 49288
[22:53:28.175] [SEVERE ] updating countdown to 49262
[22:53:28.202] [SEVERE ] updating countdown to 49235
[22:53:28.228] [SEVERE ] updating countdown to 49209
[22:53:28.255] [SEVERE ] updating countdown to 49182
[22:53:28.283] [SEVERE ] updating countdown to 49154
[22:53:28.310] [SEVERE ] updating countdown to 49127
[22:53:28.336] [SEVERE ] updating countdown to 49101
[22:53:28.362] [SEVERE ] updating countdown to 49075
[22:53:28.387] [SEVERE ] updating countdown to 49050
[22:53:28.413] [SEVERE ] updating countdown to 49024
[22:53:28.440] [SEVERE ] updating countdown to 48997
[22:53:28.467] [SEVERE ] updating countdown to 48970
[22:53:28.494] [SEVERE ] updating countdown to 48943
[22:53:28.521] [SEVERE ] updating countdown to 48916
[22:53:28.547] [SEVERE ] updating countdown to 48890
[22:53:28.573] [SEVERE ] updating countdown to 48864
[22:53:28.601] [SEVERE ] updating countdown to 48836
[22:53:28.627] [SEVERE ] updating countdown to 48810
[22:53:28.654] [SEVERE ] updating countdown to 48783
[22:53:28.681] [SEVERE ] updating countdown to 48756
[22:53:28.709] [SEVERE ] updating countdown to 48728
[22:53:28.736] [SEVERE ] updating countdown to 48701
[22:53:28.761] [SEVERE ] updating countdown to 48676
[22:53:28.788] [SEVERE ] updating countdown to 48649
[22:53:28.816] [SEVERE ] updating countdown to 48621
[22:53:28.843] [SEVERE ] updating countdown to 48594
[22:53:28.869] [SEVERE ] updating countdown to 48568
[22:53:28.897] [SEVERE ] updating countdown to 48540
[22:53:28.924] [SEVERE ] updating countdown to 48513
[22:53:28.950] [SEVERE ] updating countdown to 48487
[22:53:28.977] [SEVERE ] updating countdown to 48460
[22:53:29.005] [SEVERE ] updating countdown to 48432
[22:53:29.031] [SEVERE ] updating countdown to 48406
[22:53:29.057] [SEVERE ] updating countdown to 48380
[22:53:29.083] [SEVERE ] updating countdown to 48354
[22:53:29.110] [SEVERE ] updating countdown to 48327
[22:53:29.136] [SEVERE ] updating countdown to 48301
[22:53:29.162] [SEVERE ] updating countdown to 48275
[22:53:29.188] [SEVERE ] updating countdown to 48249
[22:53:29.215] [SEVERE ] updating countdown to 48222
[22:53:29.241] [SEVERE ] updating countdown to 48196
[22:53:29.268] [SEVERE ] updating countdown to 48169
[22:53:29.296] [SEVERE ] updating countdown to 48141
[22:53:29.322] [SEVERE ] updating countdown to 48115
[22:53:29.348] [SEVERE ] updating countdown to 48089
[22:53:29.374] [SEVERE ] updating countdown to 48063
[22:53:29.401] [SEVERE ] updating countdown to 48036
[22:53:29.427] [SEVERE ] updating countdown to 48010
[22:53:29.453] [SEVERE ] updating countdown to 47984
[22:53:29.480] [SEVERE ] updating countdown to 47957
[22:53:29.506] [SEVERE ] updating countdown to 47931
[22:53:29.532] [SEVERE ] updating countdown to 47905
[22:53:29.558] [SEVERE ] updating countdown to 47879
[22:53:29.584] [SEVERE ] updating countdown to 47853
[22:53:29.611] [SEVERE ] updating countdown to 47826
[22:53:29.637] [SEVERE ] updating countdown to 47800
[22:53:29.664] [SEVERE ] updating countdown to 47773
[22:53:29.691] [SEVERE ] updating countdown to 47746
[22:53:29.718] [SEVERE ] updating countdown to 47719
[22:53:29.745] [SEVERE ] updating countdown to 47692
[22:53:29.771] [SEVERE ] updating countdown to 47666
[22:53:29.797] [SEVERE ] updating countdown to 47640
[22:53:29.823] [SEVERE ] updating countdown to 47614
[22:53:29.850] [SEVERE ] updating countdown to 47587
[22:53:29.877] [SEVERE ] updating countdown to 47560
[22:53:29.903] [SEVERE ] updating countdown to 47534
[22:53:29.930] [SEVERE ] updating countdown to 47507
[22:53:29.957] [SEVERE ] updating countdown to 47480
[22:53:29.983] [SEVERE ] updating countdown to 47454
[22:53:30.009] [SEVERE ] updating countdown to 47428
[22:53:30.035] [SEVERE ] updating countdown to 47402
[22:53:30.062] [SEVERE ] updating countdown to 47375
[22:53:30.089] [SEVERE ] updating countdown to 47348
[22:53:30.116] [SEVERE ] updating countdown to 47321
[22:53:30.142] [SEVERE ] updating countdown to 47295
[22:53:30.169] [SEVERE ] updating countdown to 47268
[22:53:30.197] [SEVERE ] updating countdown to 47240
[22:53:30.223] [SEVERE ] updating countdown to 47214
[22:53:30.249] [SEVERE ] updating countdown to 47188
[22:53:30.274] [SEVERE ] updating countdown to 47163
[22:53:30.300] [SEVERE ] updating countdown to 47137
[22:53:30.327] [SEVERE ] updating countdown to 47110
[22:53:30.354] [SEVERE ] updating countdown to 47083
[22:53:30.380] [SEVERE ] updating countdown to 47057
[22:53:30.406] [SEVERE ] updating countdown to 47031
[22:53:30.432] [SEVERE ] updating countdown to 47005
[22:53:30.458] [SEVERE ] updating countdown to 46979
[22:53:30.484] [SEVERE ] updating countdown to 46953
[22:53:30.510] [SEVERE ] updating countdown to 46927
[22:53:30.536] [SEVERE ] updating countdown to 46901
[22:53:30.563] [SEVERE ] updating countdown to 46874
[22:53:30.590] [SEVERE ] updating countdown to 46847
[22:53:30.615] [SEVERE ] updating countdown to 46822
[22:53:30.644] [SEVERE ] updating countdown to 46793
[22:53:30.669] [SEVERE ] updating countdown to 46768
[22:53:30.696] [SEVERE ] updating countdown to 46741
[22:53:30.724] [SEVERE ] updating countdown to 46713
[22:53:30.750] [SEVERE ] updating countdown to 46687
[22:53:30.776] [SEVERE ] updating countdown to 46661
[22:53:30.802] [SEVERE ] updating countdown to 46635
[22:53:30.829] [SEVERE ] updating countdown to 46608
[22:53:30.856] [SEVERE ] updating countdown to 46581
[22:53:30.882] [SEVERE ] updating countdown to 46555
[22:53:30.907] [SEVERE ] updating countdown to 46530
[22:53:30.934] [SEVERE ] updating countdown to 46503
[22:53:30.960] [SEVERE ] updating countdown to 46477
[22:53:30.987] [SEVERE ] updating countdown to 46450
[22:53:31.013] [SEVERE ] updating countdown to 46424
[22:53:31.039] [SEVERE ] updating countdown to 46398
[22:53:31.065] [SEVERE ] updating countdown to 46372
[22:53:31.092] [SEVERE ] updating countdown to 46345
[22:53:31.119] [SEVERE ] updating countdown to 46318
[22:53:31.145] [SEVERE ] updating countdown to 46292
[22:53:31.170] [SEVERE ] updating countdown to 46267
[22:53:31.197] [SEVERE ] updating countdown to 46240
[22:53:31.223] [SEVERE ] updating countdown to 46214
[22:53:31.248] [SEVERE ] updating countdown to 46189
[22:53:31.274] [SEVERE ] updating countdown to 46163
[22:53:31.300] [SEVERE ] updating countdown to 46137
[22:53:31.327] [SEVERE ] updating countdown to 46110
[22:53:31.353] [SEVERE ] updating countdown to 46084
[22:53:31.379] [SEVERE ] updating countdown to 46058
[22:53:31.406] [SEVERE ] updating countdown to 46031
[22:53:31.433] [SEVERE ] updating countdown to 46004
[22:53:31.459] [SEVERE ] updating countdown to 45978
[22:53:31.488] [SEVERE ] updating countdown to 45949
[22:53:31.515] [SEVERE ] updating countdown to 45922
[22:53:31.542] [SEVERE ] updating countdown to 45895
[22:53:31.568] [SEVERE ] updating countdown to 45869
[22:53:31.596] [SEVERE ] updating countdown to 45841
[22:53:31.622] [SEVERE ] updating countdown to 45815
[22:53:31.649] [SEVERE ] updating countdown to 45788
[22:53:31.675] [SEVERE ] updating countdown to 45762
[22:53:31.703] [SEVERE ] updating countdown to 45734
[22:53:31.730] [SEVERE ] updating countdown to 45707
[22:53:31.756] [SEVERE ] updating countdown to 45681
[22:53:31.783] [SEVERE ] updating countdown to 45654
[22:53:31.810] [SEVERE ] updating countdown to 45627
[22:53:31.836] [SEVERE ] updating countdown to 45601
[22:53:31.863] [SEVERE ] updating countdown to 45574
[22:53:31.890] [SEVERE ] updating countdown to 45547
[22:53:31.918] [SEVERE ] updating countdown to 45519
[22:53:31.944] [SEVERE ] updating countdown to 45493
[22:53:31.970] [SEVERE ] updating countdown to 45467
[22:53:31.999] [SEVERE ] updating countdown to 45438
[22:53:32.025] [SEVERE ] updating countdown to 45412
[22:53:32.051] [SEVERE ] updating countdown to 45386
[22:53:32.077] [SEVERE ] updating countdown to 45360
[22:53:32.103] [SEVERE ] updating countdown to 45334
[22:53:32.129] [SEVERE ] updating countdown to 45308
[22:53:32.156] [SEVERE ] updating countdown to 45282
[22:53:32.183] [SEVERE ] updating countdown to 45254
[22:53:32.209] [SEVERE ] updating countdown to 45228
[22:53:32.235] [SEVERE ] updating countdown to 45202
[22:53:32.261] [SEVERE ] updating countdown to 45176
[22:53:32.287] [SEVERE ] updating countdown to 45150
[22:53:32.313] [SEVERE ] updating countdown to 45124
[22:53:32.339] [SEVERE ] updating countdown to 45098
[22:53:32.365] [SEVERE ] updating countdown to 45072
[22:53:32.390] [SEVERE ] updating countdown to 45047
[22:53:32.416] [SEVERE ] updating countdown to 45021
[22:53:32.442] [SEVERE ] updating countdown to 44995
[22:53:32.468] [SEVERE ] updating countdown to 44969
[22:53:32.495] [SEVERE ] updating countdown to 44942
[22:53:32.520] [SEVERE ] updating countdown to 44917
[22:53:32.547] [SEVERE ] updating countdown to 44890
[22:53:32.574] [SEVERE ] updating countdown to 44863
[22:53:32.600] [SEVERE ] updating countdown to 44837
[22:53:32.626] [SEVERE ] updating countdown to 44811
[22:53:32.652] [SEVERE ] updating countdown to 44785
[22:53:32.680] [SEVERE ] updating countdown to 44757
[22:53:32.707] [SEVERE ] updating countdown to 44730
[22:53:32.735] [SEVERE ] updating countdown to 44702
[22:53:32.760] [SEVERE ] updating countdown to 44677
[22:53:32.786] [SEVERE ] updating countdown to 44651
[22:53:32.813] [SEVERE ] updating countdown to 44624
[22:53:32.839] [SEVERE ] updating countdown to 44598
[22:53:32.866] [SEVERE ] updating countdown to 44571
[22:53:32.893] [SEVERE ] updating countdown to 44544
[22:53:32.920] [SEVERE ] updating countdown to 44517
[22:53:32.946] [SEVERE ] updating countdown to 44491
[22:53:32.972] [SEVERE ] updating countdown to 44465
[22:53:32.999] [SEVERE ] updating countdown to 44438
[22:53:33.025] [SEVERE ] updating countdown to 44412
[22:53:33.052] [SEVERE ] updating countdown to 44385
[22:53:33.078] [SEVERE ] updating countdown to 44359
[22:53:33.104] [SEVERE ] updating countdown to 44333
[22:53:33.131] [SEVERE ] updating countdown to 44306
[22:53:33.158] [SEVERE ] updating countdown to 44279
[22:53:33.184] [SEVERE ] updating countdown to 44253
[22:53:33.211] [SEVERE ] updating countdown to 44226
[22:53:33.238] [SEVERE ] updating countdown to 44199
[22:53:33.265] [SEVERE ] updating countdown to 44172
[22:53:33.292] [SEVERE ] updating countdown to 44145
[22:53:33.318] [SEVERE ] updating countdown to 44119
[22:53:33.343] [SEVERE ] updating countdown to 44094
[22:53:33.370] [SEVERE ] updating countdown to 44067
[22:53:33.398] [SEVERE ] updating countdown to 44039
[22:53:33.424] [SEVERE ] updating countdown to 44013
[22:53:33.450] [SEVERE ] updating countdown to 43987
[22:53:33.476] [SEVERE ] updating countdown to 43961
[22:53:33.502] [SEVERE ] updating countdown to 43935
[22:53:33.528] [SEVERE ] updating countdown to 43909
[22:53:33.554] [SEVERE ] updating countdown to 43883
[22:53:33.581] [SEVERE ] updating countdown to 43856
[22:53:33.608] [SEVERE ] updating countdown to 43829
[22:53:33.635] [SEVERE ] updating countdown to 43802
[22:53:33.661] [SEVERE ] updating countdown to 43776
[22:53:33.688] [SEVERE ] updating countdown to 43750
[22:53:33.714] [SEVERE ] updating countdown to 43723
[22:53:33.741] [SEVERE ] updating countdown to 43696
[22:53:33.767] [SEVERE ] updating countdown to 43670
[22:53:33.793] [SEVERE ] updating countdown to 43644
[22:53:33.819] [SEVERE ] updating countdown to 43618
[22:53:33.845] [SEVERE ] updating countdown to 43592
[22:53:33.871] [SEVERE ] updating countdown to 43566
[22:53:33.897] [SEVERE ] updating countdown to 43540
[22:53:33.924] [SEVERE ] updating countdown to 43513
[22:53:33.951] [SEVERE ] updating countdown to 43486
[22:53:33.977] [SEVERE ] updating countdown to 43460
[22:53:34.004] [SEVERE ] updating countdown to 43433
[22:53:34.031] [SEVERE ] updating countdown to 43406
[22:53:34.057] [SEVERE ] updating countdown to 43380
[22:53:34.084] [SEVERE ] updating countdown to 43353
[22:53:34.110] [SEVERE ] updating countdown to 43327
[22:53:34.137] [SEVERE ] updating countdown to 43300
[22:53:34.163] [SEVERE ] updating countdown to 43274
[22:53:34.190] [SEVERE ] updating countdown to 43247
[22:53:34.217] [SEVERE ] updating countdown to 43220
[22:53:34.244] [SEVERE ] updating countdown to 43193
[22:53:34.270] [SEVERE ] updating countdown to 43167
[22:53:34.299] [SEVERE ] updating countdown to 43138
[22:53:34.327] [SEVERE ] updating countdown to 43110
[22:53:34.354] [SEVERE ] updating countdown to 43083
[22:53:34.380] [SEVERE ] updating countdown to 43057
[22:53:34.408] [SEVERE ] updating countdown to 43029
[22:53:34.434] [SEVERE ] updating countdown to 43003
[22:53:34.460] [SEVERE ] updating countdown to 42977
[22:53:34.486] [SEVERE ] updating countdown to 42951
[22:53:34.512] [SEVERE ] updating countdown to 42925
[22:53:34.537] [SEVERE ] updating countdown to 42900
[22:53:34.563] [SEVERE ] updating countdown to 42874
[22:53:34.589] [SEVERE ] updating countdown to 42848
[22:53:34.615] [SEVERE ] updating countdown to 42822
[22:53:34.642] [SEVERE ] updating countdown to 42795
[22:53:34.669] [SEVERE ] updating countdown to 42768
[22:53:34.695] [SEVERE ] updating countdown to 42742
[22:53:34.721] [SEVERE ] updating countdown to 42716
[22:53:34.747] [SEVERE ] updating countdown to 42690
[22:53:34.774] [SEVERE ] updating countdown to 42663
[22:53:34.801] [SEVERE ] updating countdown to 42636
[22:53:34.827] [SEVERE ] updating countdown to 42610
[22:53:34.854] [SEVERE ] updating countdown to 42583
[22:53:34.880] [SEVERE ] updating countdown to 42557
[22:53:34.906] [SEVERE ] updating countdown to 42531
[22:53:34.933] [SEVERE ] updating countdown to 42504
[22:53:34.960] [SEVERE ] updating countdown to 42477
[22:53:34.987] [SEVERE ] updating countdown to 42450
[22:53:35.013] [SEVERE ] updating countdown to 42424
[22:53:35.040] [SEVERE ] updating countdown to 42397
[22:53:35.066] [SEVERE ] updating countdown to 42371
[22:53:35.092] [SEVERE ] updating countdown to 42345
[22:53:35.119] [SEVERE ] updating countdown to 42318
[22:53:35.146] [SEVERE ] updating countdown to 42291
[22:53:35.172] [SEVERE ] updating countdown to 42265
[22:53:35.199] [SEVERE ] updating countdown to 42238
[22:53:35.225] [SEVERE ] updating countdown to 42212
[22:53:35.252] [SEVERE ] updating countdown to 42185
[22:53:35.278] [SEVERE ] updating countdown to 42159
[22:53:35.304] [SEVERE ] updating countdown to 42133
[22:53:35.331] [SEVERE ] updating countdown to 42106
[22:53:35.358] [SEVERE ] updating countdown to 42079
[22:53:35.385] [SEVERE ] updating countdown to 42052
[22:53:35.411] [SEVERE ] updating countdown to 42026
[22:53:35.438] [SEVERE ] updating countdown to 42000
[22:53:35.463] [SEVERE ] updating countdown to 41974
[22:53:35.491] [SEVERE ] updating countdown to 41946
[22:53:35.517] [SEVERE ] updating countdown to 41920
[22:53:35.544] [SEVERE ] updating countdown to 41893
[22:53:35.570] [SEVERE ] updating countdown to 41867
[22:53:35.596] [SEVERE ] updating countdown to 41841
[22:53:35.623] [SEVERE ] updating countdown to 41814
[22:53:35.650] [SEVERE ] updating countdown to 41787
[22:53:35.677] [SEVERE ] updating countdown to 41760
[22:53:35.703] [SEVERE ] updating countdown to 41734
[22:53:35.729] [SEVERE ] updating countdown to 41708
[22:53:35.756] [SEVERE ] updating countdown to 41681
[22:53:35.782] [SEVERE ] updating countdown to 41655
[22:53:35.810] [SEVERE ] updating countdown to 41627
[22:53:35.838] [SEVERE ] updating countdown to 41599
[22:53:35.866] [SEVERE ] updating countdown to 41571
[22:53:35.893] [SEVERE ] updating countdown to 41544
[22:53:35.919] [SEVERE ] updating countdown to 41518
[22:53:35.945] [SEVERE ] updating countdown to 41492
[22:53:35.972] [SEVERE ] updating countdown to 41465
[22:53:36.000] [SEVERE ] updating countdown to 41437
[22:53:36.027] [SEVERE ] updating countdown to 41410
[22:53:36.054] [SEVERE ] updating countdown to 41383
[22:53:36.079] [SEVERE ] updating countdown to 41358
[22:53:36.105] [SEVERE ] updating countdown to 41332
[22:53:36.133] [SEVERE ] updating countdown to 41304
[22:53:36.159] [SEVERE ] updating countdown to 41278
[22:53:36.185] [SEVERE ] updating countdown to 41252
[22:53:36.212] [SEVERE ] updating countdown to 41225
[22:53:36.239] [SEVERE ] updating countdown to 41198
[22:53:36.267] [SEVERE ] updating countdown to 41170
[22:53:36.293] [SEVERE ] updating countdown to 41144
[22:53:36.319] [SEVERE ] updating countdown to 41118
[22:53:36.345] [SEVERE ] updating countdown to 41092
[22:53:36.372] [SEVERE ] updating countdown to 41065
[22:53:36.399] [SEVERE ] updating countdown to 41038
[22:53:36.426] [SEVERE ] updating countdown to 41012
[22:53:36.452] [SEVERE ] updating countdown to 40985
[22:53:36.478] [SEVERE ] updating countdown to 40959
[22:53:36.505] [SEVERE ] updating countdown to 40932
[22:53:36.531] [SEVERE ] updating countdown to 40906
[22:53:36.558] [SEVERE ] updating countdown to 40879
[22:53:36.584] [SEVERE ] updating countdown to 40853
[22:53:36.609] [SEVERE ] updating countdown to 40828
[22:53:36.635] [SEVERE ] updating countdown to 40802
[22:53:36.661] [SEVERE ] updating countdown to 40776
[22:53:36.687] [SEVERE ] updating countdown to 40750
[22:53:36.713] [SEVERE ] updating countdown to 40724
[22:53:36.740] [SEVERE ] updating countdown to 40697
[22:53:36.766] [SEVERE ] updating countdown to 40671
[22:53:36.792] [SEVERE ] updating countdown to 40645
[22:53:36.818] [SEVERE ] updating countdown to 40619
[22:53:36.845] [SEVERE ] updating countdown to 40592
[22:53:36.872] [SEVERE ] updating countdown to 40565
[22:53:36.899] [SEVERE ] updating countdown to 40538
[22:53:36.925] [SEVERE ] updating countdown to 40512
[22:53:36.951] [SEVERE ] updating countdown to 40486
[22:53:36.977] [SEVERE ] updating countdown to 40460
[22:53:37.005] [SEVERE ] updating countdown to 40432
[22:53:37.032] [SEVERE ] updating countdown to 40405
[22:53:37.058] [SEVERE ] updating countdown to 40379
[22:53:37.083] [SEVERE ] updating countdown to 40354
[22:53:37.109] [SEVERE ] updating countdown to 40328
[22:53:37.136] [SEVERE ] updating countdown to 40301
[22:53:37.164] [SEVERE ] updating countdown to 40273
[22:53:37.191] [SEVERE ] updating countdown to 40246
[22:53:37.216] [SEVERE ] updating countdown to 40221
[22:53:37.242] [SEVERE ] updating countdown to 40195
[22:53:37.267] [SEVERE ] updating countdown to 40170
[22:53:37.295] [SEVERE ] updating countdown to 40142
[22:53:37.320] [SEVERE ] updating countdown to 40117
[22:53:37.346] [SEVERE ] updating countdown to 40091
[22:53:37.372] [SEVERE ] updating countdown to 40065
[22:53:37.400] [SEVERE ] updating countdown to 40037
[22:53:37.426] [SEVERE ] updating countdown to 40011
[22:53:37.452] [SEVERE ] updating countdown to 39985
[22:53:37.478] [SEVERE ] updating countdown to 39959
[22:53:37.504] [SEVERE ] updating countdown to 39933
[22:53:37.530] [SEVERE ] updating countdown to 39907
[22:53:37.556] [SEVERE ] updating countdown to 39881
[22:53:37.582] [SEVERE ] updating countdown to 39856
[22:53:37.607] [SEVERE ] updating countdown to 39830
[22:53:37.633] [SEVERE ] updating countdown to 39804
[22:53:37.658] [SEVERE ] updating countdown to 39779
[22:53:37.684] [SEVERE ] updating countdown to 39753
[22:53:37.710] [SEVERE ] updating countdown to 39727
[22:53:37.735] [SEVERE ] updating countdown to 39702
[22:53:37.761] [SEVERE ] updating countdown to 39676
[22:53:37.787] [SEVERE ] updating countdown to 39650
[22:53:37.812] [SEVERE ] updating countdown to 39625
[22:53:37.838] [SEVERE ] updating countdown to 39599
[22:53:37.864] [SEVERE ] updating countdown to 39573
[22:53:37.890] [SEVERE ] updating countdown to 39547
[22:53:37.915] [SEVERE ] updating countdown to 39522
[22:53:37.941] [SEVERE ] updating countdown to 39496
[22:53:37.967] [SEVERE ] updating countdown to 39470
[22:53:37.992] [SEVERE ] updating countdown to 39445
[22:53:38.018] [SEVERE ] updating countdown to 39419
[22:53:38.043] [SEVERE ] updating countdown to 39394
[22:53:38.069] [SEVERE ] updating countdown to 39368
[22:53:38.095] [SEVERE ] updating countdown to 39342
[22:53:38.121] [SEVERE ] updating countdown to 39316
[22:53:38.147] [SEVERE ] updating countdown to 39290
[22:53:38.173] [SEVERE ] updating countdown to 39264
[22:53:38.199] [SEVERE ] updating countdown to 39238
[22:53:38.225] [SEVERE ] updating countdown to 39212
[22:53:38.251] [SEVERE ] updating countdown to 39186
[22:53:38.279] [SEVERE ] updating countdown to 39158
[22:53:38.306] [SEVERE ] updating countdown to 39131
[22:53:38.332] [SEVERE ] updating countdown to 39105
[22:53:38.358] [SEVERE ] updating countdown to 39079
[22:53:38.384] [SEVERE ] updating countdown to 39053
[22:53:38.410] [SEVERE ] updating countdown to 39027
[22:53:38.436] [SEVERE ] updating countdown to 39001
[22:53:38.463] [SEVERE ] updating countdown to 38974
[22:53:38.489] [SEVERE ] updating countdown to 38948
[22:53:38.515] [SEVERE ] updating countdown to 38922
[22:53:38.542] [SEVERE ] updating countdown to 38895
[22:53:38.569] [SEVERE ] updating countdown to 38868
[22:53:38.595] [SEVERE ] updating countdown to 38842
[22:53:38.621] [SEVERE ] updating countdown to 38816
[22:53:38.647] [SEVERE ] updating countdown to 38790
[22:53:38.672] [SEVERE ] updating countdown to 38765
[22:53:38.699] [SEVERE ] updating countdown to 38738
[22:53:38.725] [SEVERE ] updating countdown to 38712
[22:53:38.751] [SEVERE ] updating countdown to 38686
[22:53:38.776] [SEVERE ] updating countdown to 38661
[22:53:38.803] [SEVERE ] updating countdown to 38634
[22:53:38.830] [SEVERE ] updating countdown to 38607
[22:53:38.856] [SEVERE ] updating countdown to 38581
[22:53:38.882] [SEVERE ] updating countdown to 38555
[22:53:38.908] [SEVERE ] updating countdown to 38529
[22:53:38.934] [SEVERE ] updating countdown to 38503
[22:53:38.961] [SEVERE ] updating countdown to 38476
[22:53:38.990] [SEVERE ] updating countdown to 38447
[22:53:39.016] [SEVERE ] updating countdown to 38421
[22:53:39.041] [SEVERE ] updating countdown to 38396
[22:53:39.068] [SEVERE ] updating countdown to 38369
[22:53:39.095] [SEVERE ] updating countdown to 38342
[22:53:39.121] [SEVERE ] updating countdown to 38316
[22:53:39.147] [SEVERE ] updating countdown to 38290
[22:53:39.173] [SEVERE ] updating countdown to 38264
[22:53:39.200] [SEVERE ] updating countdown to 38237
[22:53:39.227] [SEVERE ] updating countdown to 38210
[22:53:39.253] [SEVERE ] updating countdown to 38184
[22:53:39.279] [SEVERE ] updating countdown to 38158
[22:53:39.305] [SEVERE ] updating countdown to 38132
[22:53:39.332] [SEVERE ] updating countdown to 38105
[22:53:39.358] [SEVERE ] updating countdown to 38079
[22:53:39.385] [SEVERE ] updating countdown to 38052
[22:53:39.411] [SEVERE ] updating countdown to 38026
[22:53:39.437] [SEVERE ] updating countdown to 38000
[22:53:39.464] [SEVERE ] updating countdown to 37973
[22:53:39.492] [SEVERE ] updating countdown to 37945
[22:53:39.517] [SEVERE ] updating countdown to 37920
[22:53:39.543] [SEVERE ] updating countdown to 37894
[22:53:39.569] [SEVERE ] updating countdown to 37868
[22:53:39.596] [SEVERE ] updating countdown to 37842
[22:53:39.624] [SEVERE ] updating countdown to 37813
[22:53:39.650] [SEVERE ] updating countdown to 37787
[22:53:39.675] [SEVERE ] updating countdown to 37762
[22:53:39.701] [SEVERE ] updating countdown to 37736
[22:53:39.727] [SEVERE ] updating countdown to 37710
[22:53:39.753] [SEVERE ] updating countdown to 37684
[22:53:39.779] [SEVERE ] updating countdown to 37658
[22:53:39.806] [SEVERE ] updating countdown to 37631
[22:53:39.832] [SEVERE ] updating countdown to 37605
[22:53:39.858] [SEVERE ] updating countdown to 37579
[22:53:39.884] [SEVERE ] updating countdown to 37553
[22:53:39.911] [SEVERE ] updating countdown to 37526
[22:53:39.937] [SEVERE ] updating countdown to 37500
[22:53:39.963] [SEVERE ] updating countdown to 37474
[22:53:39.990] [SEVERE ] updating countdown to 37447
[22:53:40.017] [SEVERE ] updating countdown to 37420
[22:53:40.043] [SEVERE ] updating countdown to 37394
[22:53:40.070] [SEVERE ] updating countdown to 37367
[22:53:40.097] [SEVERE ] updating countdown to 37340
[22:53:40.123] [SEVERE ] updating countdown to 37314
[22:53:40.150] [SEVERE ] updating countdown to 37287
[22:53:40.177] [SEVERE ] updating countdown to 37260
[22:53:40.203] [SEVERE ] updating countdown to 37234
[22:53:40.230] [SEVERE ] updating countdown to 37207
[22:53:40.256] [SEVERE ] updating countdown to 37181
[22:53:40.282] [SEVERE ] updating countdown to 37155
[22:53:40.308] [SEVERE ] updating countdown to 37129
[22:53:40.333] [SEVERE ] updating countdown to 37104
[22:53:40.360] [SEVERE ] updating countdown to 37077
[22:53:40.387] [SEVERE ] updating countdown to 37050
[22:53:40.413] [SEVERE ] updating countdown to 37024
[22:53:40.439] [SEVERE ] updating countdown to 36998
[22:53:40.465] [SEVERE ] updating countdown to 36972
[22:53:40.492] [SEVERE ] updating countdown to 36945
[22:53:40.520] [SEVERE ] updating countdown to 36917
[22:53:40.546] [SEVERE ] updating countdown to 36891
[22:53:40.573] [SEVERE ] updating countdown to 36864
[22:53:40.599] [SEVERE ] updating countdown to 36838
[22:53:40.626] [SEVERE ] updating countdown to 36811
[22:53:40.653] [SEVERE ] updating countdown to 36784
[22:53:40.680] [SEVERE ] updating countdown to 36757
[22:53:40.706] [SEVERE ] updating countdown to 36731
[22:53:40.732] [SEVERE ] updating countdown to 36705
[22:53:40.758] [SEVERE ] updating countdown to 36679
[22:53:40.783] [SEVERE ] updating countdown to 36654
[22:53:40.811] [SEVERE ] updating countdown to 36626
[22:53:40.836] [SEVERE ] updating countdown to 36601
[22:53:40.862] [SEVERE ] updating countdown to 36575
[22:53:40.887] [SEVERE ] updating countdown to 36550
[22:53:40.913] [SEVERE ] updating countdown to 36524
[22:53:40.939] [SEVERE ] updating countdown to 36498
[22:53:40.965] [SEVERE ] updating countdown to 36472
[22:53:40.991] [SEVERE ] updating countdown to 36446
[22:53:41.018] [SEVERE ] updating countdown to 36419
[22:53:41.044] [SEVERE ] updating countdown to 36393
[22:53:41.071] [SEVERE ] updating countdown to 36366
[22:53:41.098] [SEVERE ] updating countdown to 36339
[22:53:41.124] [SEVERE ] updating countdown to 36313
[22:53:41.150] [SEVERE ] updating countdown to 36287
[22:53:41.176] [SEVERE ] updating countdown to 36261
[22:53:41.203] [SEVERE ] updating countdown to 36234
[22:53:41.229] [SEVERE ] updating countdown to 36208
[22:53:41.256] [SEVERE ] updating countdown to 36181
[22:53:41.282] [SEVERE ] updating countdown to 36155
[22:53:41.309] [SEVERE ] updating countdown to 36128
[22:53:41.335] [SEVERE ] updating countdown to 36102
[22:53:41.362] [SEVERE ] updating countdown to 36075
[22:53:41.389] [SEVERE ] updating countdown to 36048
[22:53:41.416] [SEVERE ] updating countdown to 36021
[22:53:41.443] [SEVERE ] updating countdown to 35994
[22:53:41.469] [SEVERE ] updating countdown to 35968
[22:53:41.495] [SEVERE ] updating countdown to 35942
[22:53:41.523] [SEVERE ] updating countdown to 35914
[22:53:41.549] [SEVERE ] updating countdown to 35888
[22:53:41.576] [SEVERE ] updating countdown to 35861
[22:53:41.602] [SEVERE ] updating countdown to 35835
[22:53:41.629] [SEVERE ] updating countdown to 35808
[22:53:41.655] [SEVERE ] updating countdown to 35782
[22:53:41.681] [SEVERE ] updating countdown to 35756
[22:53:41.707] [SEVERE ] updating countdown to 35730
[22:53:41.734] [SEVERE ] updating countdown to 35703
[22:53:41.760] [SEVERE ] updating countdown to 35677
[22:53:41.787] [SEVERE ] updating countdown to 35650
[22:53:41.813] [SEVERE ] updating countdown to 35624
[22:53:41.839] [SEVERE ] updating countdown to 35598
[22:53:41.867] [SEVERE ] updating countdown to 35570
[22:53:41.892] [SEVERE ] updating countdown to 35545
[22:53:41.918] [SEVERE ] updating countdown to 35519
[22:53:41.945] [SEVERE ] updating countdown to 35492
[22:53:41.971] [SEVERE ] updating countdown to 35466
[22:53:41.996] [SEVERE ] updating countdown to 35441
[22:53:42.022] [SEVERE ] updating countdown to 35415
[22:53:42.048] [SEVERE ] updating countdown to 35389
[22:53:42.075] [SEVERE ] updating countdown to 35362
[22:53:42.101] [SEVERE ] updating countdown to 35336
[22:53:42.128] [SEVERE ] updating countdown to 35309
[22:53:42.154] [SEVERE ] updating countdown to 35283
[22:53:42.180] [SEVERE ] updating countdown to 35257
[22:53:42.206] [SEVERE ] updating countdown to 35231
[22:53:42.232] [SEVERE ] updating countdown to 35205
[22:53:42.258] [SEVERE ] updating countdown to 35179
[22:53:42.284] [SEVERE ] updating countdown to 35153
[22:53:42.310] [SEVERE ] updating countdown to 35127
[22:53:42.335] [SEVERE ] updating countdown to 35102
[22:53:42.362] [SEVERE ] updating countdown to 35075
[22:53:42.389] [SEVERE ] updating countdown to 35048
[22:53:42.416] [SEVERE ] updating countdown to 35021
[22:53:42.442] [SEVERE ] updating countdown to 34995
[22:53:42.470] [SEVERE ] updating countdown to 34967
[22:53:42.496] [SEVERE ] updating countdown to 34941
[22:53:42.522] [SEVERE ] updating countdown to 34915
[22:53:42.548] [SEVERE ] updating countdown to 34889
[22:53:42.574] [SEVERE ] updating countdown to 34863
[22:53:42.600] [SEVERE ] updating countdown to 34837
[22:53:42.626] [SEVERE ] updating countdown to 34811
[22:53:42.652] [SEVERE ] updating countdown to 34785
[22:53:42.678] [SEVERE ] updating countdown to 34759
[22:53:42.704] [SEVERE ] updating countdown to 34733
[22:53:42.731] [SEVERE ] updating countdown to 34706
[22:53:42.757] [SEVERE ] updating countdown to 34680
[22:53:42.783] [SEVERE ] updating countdown to 34654
[22:53:42.810] [SEVERE ] updating countdown to 34627
[22:53:42.837] [SEVERE ] updating countdown to 34600
[22:53:42.864] [SEVERE ] updating countdown to 34573
[22:53:42.890] [SEVERE ] updating countdown to 34547
[22:53:42.916] [SEVERE ] updating countdown to 34521
[22:53:42.942] [SEVERE ] updating countdown to 34495
[22:53:42.968] [SEVERE ] updating countdown to 34469
[22:53:42.993] [SEVERE ] updating countdown to 34444
[22:53:43.019] [SEVERE ] updating countdown to 34418
[22:53:43.044] [SEVERE ] updating countdown to 34393
[22:53:43.071] [SEVERE ] updating countdown to 34366
[22:53:43.097] [SEVERE ] updating countdown to 34340
[22:53:43.123] [SEVERE ] updating countdown to 34314
[22:53:43.149] [SEVERE ] updating countdown to 34288
[22:53:43.175] [SEVERE ] updating countdown to 34262
[22:53:43.202] [SEVERE ] updating countdown to 34235
[22:53:43.228] [SEVERE ] updating countdown to 34209
[22:53:43.255] [SEVERE ] updating countdown to 34182
[22:53:43.282] [SEVERE ] updating countdown to 34155
[22:53:43.308] [SEVERE ] updating countdown to 34129
[22:53:43.334] [SEVERE ] updating countdown to 34103
[22:53:43.360] [SEVERE ] updating countdown to 34077
[22:53:43.386] [SEVERE ] updating countdown to 34051
[22:53:43.413] [SEVERE ] updating countdown to 34024
[22:53:43.439] [SEVERE ] updating countdown to 33998
[22:53:43.466] [SEVERE ] updating countdown to 33971
[22:53:43.493] [SEVERE ] updating countdown to 33944
[22:53:43.519] [SEVERE ] updating countdown to 33918
[22:53:43.545] [SEVERE ] updating countdown to 33892
[22:53:43.571] [SEVERE ] updating countdown to 33866
[22:53:43.597] [SEVERE ] updating countdown to 33840
[22:53:43.624] [SEVERE ] updating countdown to 33813
[22:53:43.652] [SEVERE ] updating countdown to 33785
[22:53:43.679] [SEVERE ] updating countdown to 33758
[22:53:43.705] [SEVERE ] updating countdown to 33732
[22:53:43.732] [SEVERE ] updating countdown to 33705
[22:53:43.757] [SEVERE ] updating countdown to 33680
[22:53:43.784] [SEVERE ] updating countdown to 33653
[22:53:43.811] [SEVERE ] updating countdown to 33626
[22:53:43.837] [SEVERE ] updating countdown to 33600
[22:53:43.864] [SEVERE ] updating countdown to 33573
[22:53:43.890] [SEVERE ] updating countdown to 33547
[22:53:43.915] [SEVERE ] updating countdown to 33522
[22:53:43.941] [SEVERE ] updating countdown to 33496
[22:53:43.967] [SEVERE ] updating countdown to 33470
[22:53:43.994] [SEVERE ] updating countdown to 33443
[22:53:44.019] [SEVERE ] updating countdown to 33418
[22:53:44.045] [SEVERE ] updating countdown to 33392
[22:53:44.071] [SEVERE ] updating countdown to 33366
[22:53:44.097] [SEVERE ] updating countdown to 33340
[22:53:44.123] [SEVERE ] updating countdown to 33314
[22:53:44.149] [SEVERE ] updating countdown to 33288
[22:53:44.176] [SEVERE ] updating countdown to 33261
[22:53:44.203] [SEVERE ] updating countdown to 33234
[22:53:44.229] [SEVERE ] updating countdown to 33208
[22:53:44.255] [SEVERE ] updating countdown to 33182
[22:53:44.281] [SEVERE ] updating countdown to 33156
[22:53:44.308] [SEVERE ] updating countdown to 33129
[22:53:44.334] [SEVERE ] updating countdown to 33103
[22:53:44.360] [SEVERE ] updating countdown to 33077
[22:53:44.386] [SEVERE ] updating countdown to 33051
[22:53:44.411] [SEVERE ] updating countdown to 33026
[22:53:44.437] [SEVERE ] updating countdown to 33000
[22:53:44.464] [SEVERE ] updating countdown to 32973
[22:53:44.490] [SEVERE ] updating countdown to 32947
[22:53:44.516] [SEVERE ] updating countdown to 32921
[22:53:44.542] [SEVERE ] updating countdown to 32895
[22:53:44.569] [SEVERE ] updating countdown to 32868
[22:53:44.595] [SEVERE ] updating countdown to 32842
[22:53:44.621] [SEVERE ] updating countdown to 32816
[22:53:44.647] [SEVERE ] updating countdown to 32790
[22:53:44.673] [SEVERE ] updating countdown to 32764
[22:53:44.698] [SEVERE ] updating countdown to 32739
[22:53:44.724] [SEVERE ] updating countdown to 32713
[22:53:44.750] [SEVERE ] updating countdown to 32687
[22:53:44.775] [SEVERE ] updating countdown to 32662
[22:53:44.801] [SEVERE ] updating countdown to 32636
[22:53:44.827] [SEVERE ] updating countdown to 32610
[22:53:44.852] [SEVERE ] updating countdown to 32585
[22:53:44.878] [SEVERE ] updating countdown to 32559
[22:53:44.903] [SEVERE ] updating countdown to 32534
[22:53:44.929] [SEVERE ] updating countdown to 32508
[22:53:44.955] [SEVERE ] updating countdown to 32482
[22:53:44.981] [SEVERE ] updating countdown to 32456
[22:53:45.006] [SEVERE ] updating countdown to 32431
[22:53:45.032] [SEVERE ] updating countdown to 32405
[22:53:45.059] [SEVERE ] updating countdown to 32378
[22:53:45.085] [SEVERE ] updating countdown to 32352
[22:53:45.111] [SEVERE ] updating countdown to 32326
[22:53:45.137] [SEVERE ] updating countdown to 32300
[22:53:45.163] [SEVERE ] updating countdown to 32274
[22:53:45.189] [SEVERE ] updating countdown to 32248
[22:53:45.215] [SEVERE ] updating countdown to 32222
[22:53:45.241] [SEVERE ] updating countdown to 32196
[22:53:45.267] [SEVERE ] updating countdown to 32170
[22:53:45.294] [SEVERE ] updating countdown to 32143
[22:53:45.321] [SEVERE ] updating countdown to 32116
[22:53:45.348] [SEVERE ] updating countdown to 32089
[22:53:45.374] [SEVERE ] updating countdown to 32063
[22:53:45.401] [SEVERE ] updating countdown to 32036
[22:53:45.427] [SEVERE ] updating countdown to 32010
[22:53:45.453] [SEVERE ] updating countdown to 31984
[22:53:45.480] [SEVERE ] updating countdown to 31957
[22:53:45.506] [SEVERE ] updating countdown to 31931
[22:53:45.532] [SEVERE ] updating countdown to 31905
[22:53:45.558] [SEVERE ] updating countdown to 31879
[22:53:45.584] [SEVERE ] updating countdown to 31853
[22:53:45.610] [SEVERE ] updating countdown to 31827
[22:53:45.639] [SEVERE ] updating countdown to 31798
[22:53:45.666] [SEVERE ] updating countdown to 31771
[22:53:45.692] [SEVERE ] updating countdown to 31745
[22:53:45.719] [SEVERE ] updating countdown to 31718
[22:53:45.746] [SEVERE ] updating countdown to 31691
[22:53:45.772] [SEVERE ] updating countdown to 31665
[22:53:45.799] [SEVERE ] updating countdown to 31638
[22:53:45.826] [SEVERE ] updating countdown to 31611
[22:53:45.852] [SEVERE ] updating countdown to 31585
[22:53:45.878] [SEVERE ] updating countdown to 31559
[22:53:45.904] [SEVERE ] updating countdown to 31533
[22:53:45.930] [SEVERE ] updating countdown to 31507
[22:53:45.956] [SEVERE ] updating countdown to 31481
[22:53:45.982] [SEVERE ] updating countdown to 31455
[22:53:46.009] [SEVERE ] updating countdown to 31428
[22:53:46.027] [SEVERE ] exit button pressed
[22:53:46.027] [INFO   ] thread Thread-1 terminated.
[22:53:46.027] [INFO   ] thread Thread-2 terminated.
[22:53:46.036] [SEVERE ] updating countdown to 31401
[22:53:46.137] [SEVERE ] removing card from slot 0
[22:53:46.239] [SEVERE ] removing card from slot 1
[22:53:46.341] [SEVERE ] removing card from slot 2
[22:53:46.443] [SEVERE ] removing card from slot 3
[22:53:46.544] [SEVERE ] removing card from slot 4
[22:53:46.646] [SEVERE ] removing card from slot 5
[22:53:46.747] [SEVERE ] removing card from slot 6
[22:53:46.850] [SEVERE ] removing player 3 token from slot 7
[22:53:46.851] [SEVERE ] removing card from slot 7
[22:53:46.953] [SEVERE ] removing player 3 token from slot 8
[22:53:46.954] [SEVERE ] removing card from slot 8
[22:53:47.057] [SEVERE ] removing card from slot 9
[22:53:47.159] [SEVERE ] removing card from slot 10
[22:53:47.260] [SEVERE ] removing card from slot 11
[22:53:47.261] [SEVERE ] announcing winner(s): player 1, player 2, player 3
[22:53:47.262] [INFO   ] thread dealer terminated.
[22:53:47.262] [INFO   ] thread dealer terminated.
[22:53:47.262] [SEVERE ] thanks for playing... it was fun!
[22:53:47.263] [INFO   ] thread bguspl.set.Main.main() terminated.
