[23:25:14.026] [INFO   ] thread bguspl.set.Main.main() starting.
[23:25:14.038] [SEVERE ] cannot read configuration file config.properties trying from resources.
[23:25:14.053] [SEVERE ] configuration file was loaded from resources directory.
[23:25:15.027] [INFO   ] thread dealer starting.
[23:25:15.028] [INFO   ] thread dealer starting.
[23:25:15.029] [INFO   ] thread Thread-1 starting.
[23:25:15.029] [INFO   ] thread Thread-3 starting.
[23:25:15.029] [INFO   ] thread Thread-2 starting.
[23:25:15.031] [INFO   ] thread computer-2 starting.
[23:25:15.133] [SEVERE ] placing card 0 in slot 0
[23:25:15.236] [SEVERE ] placing card 2 in slot 1
[23:25:15.338] [SEVERE ] placing card 5 in slot 2
[23:25:15.439] [SEVERE ] placing card 1 in slot 3
[23:25:15.542] [SEVERE ] placing card 4 in slot 4
[23:25:15.645] [SEVERE ] placing card 3 in slot 5
[23:25:15.673] [SEVERE ] updating countdown to 59975
[23:25:15.701] [SEVERE ] updating countdown to 59948
[23:25:15.728] [SEVERE ] updating countdown to 59920
[23:25:15.755] [SEVERE ] updating countdown to 59893
[23:25:15.782] [SEVERE ] updating countdown to 59866
[23:25:15.809] [SEVERE ] updating countdown to 59839
[23:25:15.835] [SEVERE ] updating countdown to 59813
[23:25:15.862] [SEVERE ] updating countdown to 59786
[23:25:15.889] [SEVERE ] updating countdown to 59759
[23:25:15.916] [SEVERE ] updating countdown to 59732
[23:25:15.943] [SEVERE ] updating countdown to 59705
[23:25:15.969] [SEVERE ] updating countdown to 59679
[23:25:15.995] [SEVERE ] updating countdown to 59653
[23:25:16.023] [SEVERE ] updating countdown to 59625
[23:25:16.051] [SEVERE ] updating countdown to 59597
[23:25:16.078] [SEVERE ] updating countdown to 59570
[23:25:16.104] [SEVERE ] updating countdown to 59544
[23:25:16.130] [SEVERE ] updating countdown to 59518
[23:25:16.158] [SEVERE ] updating countdown to 59490
[23:25:16.186] [SEVERE ] updating countdown to 59462
[23:25:16.212] [SEVERE ] updating countdown to 59436
[23:25:16.241] [SEVERE ] updating countdown to 59407
[23:25:16.268] [SEVERE ] updating countdown to 59380
[23:25:16.294] [SEVERE ] updating countdown to 59354
[23:25:16.320] [SEVERE ] updating countdown to 59328
[23:25:16.346] [SEVERE ] updating countdown to 59302
[23:25:16.372] [SEVERE ] updating countdown to 59276
[23:25:16.399] [SEVERE ] updating countdown to 59249
[23:25:16.426] [SEVERE ] updating countdown to 59222
[23:25:16.453] [SEVERE ] updating countdown to 59195
[23:25:16.481] [SEVERE ] updating countdown to 59167
[23:25:16.508] [SEVERE ] updating countdown to 59140
[23:25:16.538] [SEVERE ] updating countdown to 59110
[23:25:16.566] [SEVERE ] updating countdown to 59082
[23:25:16.593] [SEVERE ] updating countdown to 59055
[23:25:16.622] [SEVERE ] updating countdown to 59026
[23:25:16.650] [SEVERE ] updating countdown to 58998
[23:25:16.676] [SEVERE ] updating countdown to 58972
[23:25:16.704] [SEVERE ] updating countdown to 58944
[23:25:16.731] [SEVERE ] updating countdown to 58917
[23:25:16.759] [SEVERE ] updating countdown to 58889
[23:25:16.786] [SEVERE ] updating countdown to 58862
[23:25:16.815] [SEVERE ] updating countdown to 58833
[23:25:16.842] [SEVERE ] updating countdown to 58806
[23:25:16.869] [SEVERE ] updating countdown to 58779
[23:25:16.895] [SEVERE ] updating countdown to 58753
[23:25:16.921] [SEVERE ] updating countdown to 58727
[23:25:16.949] [SEVERE ] updating countdown to 58699
[23:25:16.976] [SEVERE ] updating countdown to 58672
[23:25:17.004] [SEVERE ] updating countdown to 58644
[23:25:17.030] [SEVERE ] updating countdown to 58618
[23:25:17.056] [SEVERE ] updating countdown to 58592
[23:25:17.083] [SEVERE ] updating countdown to 58566
[23:25:17.111] [SEVERE ] updating countdown to 58537
[23:25:17.138] [SEVERE ] updating countdown to 58510
[23:25:17.167] [SEVERE ] updating countdown to 58481
[23:25:17.196] [SEVERE ] updating countdown to 58452
[23:25:17.222] [SEVERE ] updating countdown to 58426
[23:25:17.249] [SEVERE ] updating countdown to 58399
[23:25:17.278] [SEVERE ] updating countdown to 58370
[23:25:17.306] [SEVERE ] updating countdown to 58342
[23:25:17.333] [SEVERE ] updating countdown to 58315
[23:25:17.360] [SEVERE ] updating countdown to 58288
[23:25:17.387] [SEVERE ] updating countdown to 58261
[23:25:17.414] [SEVERE ] updating countdown to 58234
[23:25:17.441] [SEVERE ] updating countdown to 58207
[23:25:17.469] [SEVERE ] updating countdown to 58179
[23:25:17.496] [SEVERE ] updating countdown to 58152
[23:25:17.523] [SEVERE ] updating countdown to 58125
[23:25:17.549] [SEVERE ] updating countdown to 58099
[23:25:17.576] [SEVERE ] updating countdown to 58072
[23:25:17.604] [SEVERE ] updating countdown to 58044
[23:25:17.631] [SEVERE ] updating countdown to 58017
[23:25:17.658] [SEVERE ] updating countdown to 57990
[23:25:17.685] [SEVERE ] updating countdown to 57963
[23:25:17.711] [SEVERE ] updating countdown to 57937
[23:25:17.736] [SEVERE ] updating countdown to 57912
[23:25:17.764] [SEVERE ] updating countdown to 57884
[23:25:17.790] [SEVERE ] updating countdown to 57858
[23:25:17.818] [SEVERE ] updating countdown to 57830
[23:25:17.845] [SEVERE ] updating countdown to 57803
[23:25:17.871] [SEVERE ] updating countdown to 57777
[23:25:17.898] [SEVERE ] updating countdown to 57750
[23:25:17.924] [SEVERE ] updating countdown to 57724
[23:25:17.951] [SEVERE ] updating countdown to 57697
[23:25:17.977] [SEVERE ] updating countdown to 57671
[23:25:18.004] [SEVERE ] updating countdown to 57644
[23:25:18.032] [SEVERE ] updating countdown to 57617
[23:25:18.059] [SEVERE ] updating countdown to 57589
[23:25:18.085] [SEVERE ] updating countdown to 57563
[23:25:18.112] [SEVERE ] updating countdown to 57536
[23:25:18.140] [SEVERE ] updating countdown to 57508
[23:25:18.166] [SEVERE ] updating countdown to 57482
[23:25:18.193] [SEVERE ] updating countdown to 57455
[23:25:18.221] [SEVERE ] updating countdown to 57427
[23:25:18.249] [SEVERE ] updating countdown to 57399
[23:25:18.276] [SEVERE ] updating countdown to 57372
[23:25:18.302] [SEVERE ] updating countdown to 57346
[23:25:18.330] [SEVERE ] updating countdown to 57318
[23:25:18.357] [SEVERE ] updating countdown to 57291
[23:25:18.384] [SEVERE ] updating countdown to 57264
[23:25:18.410] [SEVERE ] updating countdown to 57238
[23:25:18.435] [SEVERE ] updating countdown to 57213
[23:25:18.461] [SEVERE ] updating countdown to 57187
[23:25:18.487] [SEVERE ] updating countdown to 57162
[23:25:18.513] [SEVERE ] updating countdown to 57135
[23:25:18.542] [SEVERE ] updating countdown to 57106
[23:25:18.570] [SEVERE ] updating countdown to 57078
[23:25:18.596] [SEVERE ] updating countdown to 57052
[23:25:18.622] [SEVERE ] updating countdown to 57026
[23:25:18.649] [SEVERE ] updating countdown to 56999
[23:25:18.678] [SEVERE ] updating countdown to 56970
[23:25:18.705] [SEVERE ] updating countdown to 56943
[23:25:18.732] [SEVERE ] updating countdown to 56916
[23:25:18.758] [SEVERE ] updating countdown to 56890
[23:25:18.785] [SEVERE ] updating countdown to 56863
[23:25:18.811] [SEVERE ] updating countdown to 56837
[23:25:18.839] [SEVERE ] updating countdown to 56809
[23:25:18.866] [SEVERE ] updating countdown to 56782
[23:25:18.892] [SEVERE ] updating countdown to 56756
[23:25:18.918] [SEVERE ] updating countdown to 56730
[23:25:18.945] [SEVERE ] updating countdown to 56703
[23:25:18.973] [SEVERE ] updating countdown to 56675
[23:25:18.999] [SEVERE ] updating countdown to 56649
[23:25:19.024] [SEVERE ] updating countdown to 56624
[23:25:19.051] [SEVERE ] updating countdown to 56597
[23:25:19.078] [SEVERE ] updating countdown to 56570
[23:25:19.105] [SEVERE ] updating countdown to 56543
[23:25:19.132] [SEVERE ] updating countdown to 56516
[23:25:19.161] [SEVERE ] updating countdown to 56487
[23:25:19.188] [SEVERE ] updating countdown to 56460
[23:25:19.214] [SEVERE ] updating countdown to 56434
[23:25:19.241] [SEVERE ] updating countdown to 56407
[23:25:19.269] [SEVERE ] updating countdown to 56379
[23:25:19.297] [SEVERE ] updating countdown to 56351
[23:25:19.323] [SEVERE ] updating countdown to 56325
[23:25:19.350] [SEVERE ] updating countdown to 56298
[23:25:19.378] [SEVERE ] updating countdown to 56270
[23:25:19.404] [SEVERE ] updating countdown to 56244
[23:25:19.430] [SEVERE ] updating countdown to 56218
[23:25:19.457] [SEVERE ] updating countdown to 56191
[23:25:19.484] [SEVERE ] updating countdown to 56164
[23:25:19.511] [SEVERE ] updating countdown to 56137
[23:25:19.538] [SEVERE ] updating countdown to 56110
[23:25:19.564] [SEVERE ] updating countdown to 56084
[23:25:19.592] [SEVERE ] updating countdown to 56056
[23:25:19.620] [SEVERE ] updating countdown to 56028
[23:25:19.646] [SEVERE ] updating countdown to 56002
[23:25:19.673] [SEVERE ] updating countdown to 55975
[23:25:19.699] [SEVERE ] updating countdown to 55949
[23:25:19.726] [SEVERE ] updating countdown to 55922
[23:25:19.752] [SEVERE ] updating countdown to 55896
[23:25:19.778] [SEVERE ] updating countdown to 55870
[23:25:19.804] [SEVERE ] updating countdown to 55844
[23:25:19.829] [SEVERE ] updating countdown to 55819
[23:25:19.855] [SEVERE ] updating countdown to 55793
[23:25:19.882] [SEVERE ] updating countdown to 55766
[23:25:19.908] [SEVERE ] updating countdown to 55740
[23:25:19.934] [SEVERE ] updating countdown to 55714
[23:25:19.961] [SEVERE ] updating countdown to 55687
[23:25:19.989] [SEVERE ] updating countdown to 55659
[23:25:20.015] [SEVERE ] updating countdown to 55633
[23:25:20.041] [SEVERE ] updating countdown to 55607
[23:25:20.069] [SEVERE ] updating countdown to 55579
[23:25:20.097] [SEVERE ] updating countdown to 55551
[23:25:20.123] [SEVERE ] updating countdown to 55525
[23:25:20.150] [SEVERE ] updating countdown to 55498
[23:25:20.177] [SEVERE ] updating countdown to 55471
[23:25:20.205] [SEVERE ] updating countdown to 55443
[23:25:20.233] [SEVERE ] updating countdown to 55415
[23:25:20.259] [SEVERE ] updating countdown to 55389
[23:25:20.285] [SEVERE ] updating countdown to 55363
[23:25:20.311] [SEVERE ] updating countdown to 55337
[23:25:20.339] [SEVERE ] updating countdown to 55310
[23:25:20.365] [SEVERE ] updating countdown to 55283
[23:25:20.392] [SEVERE ] updating countdown to 55256
[23:25:20.420] [SEVERE ] updating countdown to 55228
[23:25:20.448] [SEVERE ] updating countdown to 55200
[23:25:20.474] [SEVERE ] updating countdown to 55174
[23:25:20.501] [SEVERE ] updating countdown to 55147
[23:25:20.526] [SEVERE ] updating countdown to 55122
[23:25:20.552] [SEVERE ] updating countdown to 55096
[23:25:20.578] [SEVERE ] updating countdown to 55070
[23:25:20.605] [SEVERE ] updating countdown to 55043
[23:25:20.631] [SEVERE ] updating countdown to 55017
[23:25:20.657] [SEVERE ] updating countdown to 54991
[23:25:20.683] [SEVERE ] updating countdown to 54965
[23:25:20.710] [SEVERE ] updating countdown to 54938
[23:25:20.736] [SEVERE ] updating countdown to 54912
[23:25:20.764] [SEVERE ] updating countdown to 54884
[23:25:20.790] [SEVERE ] updating countdown to 54858
[23:25:20.818] [SEVERE ] updating countdown to 54830
[23:25:20.845] [SEVERE ] updating countdown to 54803
[23:25:20.871] [SEVERE ] updating countdown to 54777
[23:25:20.902] [SEVERE ] updating countdown to 54746
[23:25:20.928] [SEVERE ] updating countdown to 54720
[23:25:20.956] [SEVERE ] updating countdown to 54692
[23:25:20.984] [SEVERE ] updating countdown to 54664
[23:25:21.011] [SEVERE ] updating countdown to 54637
[23:25:21.038] [SEVERE ] updating countdown to 54610
[23:25:21.063] [SEVERE ] updating countdown to 54585
[23:25:21.089] [SEVERE ] updating countdown to 54559
[23:25:21.115] [SEVERE ] updating countdown to 54533
[23:25:21.141] [SEVERE ] updating countdown to 54507
[23:25:21.170] [SEVERE ] updating countdown to 54478
[23:25:21.197] [SEVERE ] updating countdown to 54451
[23:25:21.224] [SEVERE ] updating countdown to 54424
[23:25:21.253] [SEVERE ] updating countdown to 54395
[23:25:21.279] [SEVERE ] updating countdown to 54369
[23:25:21.305] [SEVERE ] updating countdown to 54343
[23:25:21.332] [SEVERE ] updating countdown to 54316
[23:25:21.360] [SEVERE ] updating countdown to 54288
[23:25:21.386] [SEVERE ] updating countdown to 54262
[23:25:21.413] [SEVERE ] updating countdown to 54235
[23:25:21.441] [SEVERE ] updating countdown to 54207
[23:25:21.468] [SEVERE ] updating countdown to 54180
[23:25:21.495] [SEVERE ] updating countdown to 54153
[23:25:21.521] [SEVERE ] updating countdown to 54127
[23:25:21.548] [SEVERE ] updating countdown to 54100
[23:25:21.574] [SEVERE ] updating countdown to 54074
[23:25:21.600] [SEVERE ] updating countdown to 54048
[23:25:21.626] [SEVERE ] updating countdown to 54022
[23:25:21.653] [SEVERE ] updating countdown to 53995
[23:25:21.680] [SEVERE ] updating countdown to 53968
[23:25:21.706] [SEVERE ] updating countdown to 53942
[23:25:21.734] [SEVERE ] updating countdown to 53915
[23:25:21.762] [SEVERE ] updating countdown to 53886
[23:25:21.790] [SEVERE ] updating countdown to 53858
[23:25:21.816] [SEVERE ] updating countdown to 53832
[23:25:21.842] [SEVERE ] updating countdown to 53806
[23:25:21.869] [SEVERE ] updating countdown to 53779
[23:25:21.896] [SEVERE ] updating countdown to 53752
[23:25:21.923] [SEVERE ] updating countdown to 53725
[23:25:21.950] [SEVERE ] updating countdown to 53698
[23:25:21.977] [SEVERE ] updating countdown to 53671
[23:25:22.002] [SEVERE ] updating countdown to 53646
[23:25:22.029] [SEVERE ] updating countdown to 53619
[23:25:22.035] [SEVERE ] player 3 placing token on slot 2
[23:25:22.055] [SEVERE ] updating countdown to 53593
[23:25:22.081] [SEVERE ] updating countdown to 53567
[23:25:22.108] [SEVERE ] updating countdown to 53540
[23:25:22.134] [SEVERE ] updating countdown to 53514
[23:25:22.160] [SEVERE ] updating countdown to 53488
[23:25:22.187] [SEVERE ] updating countdown to 53461
[23:25:22.214] [SEVERE ] updating countdown to 53434
[23:25:22.240] [SEVERE ] updating countdown to 53408
[23:25:22.266] [SEVERE ] updating countdown to 53382
[23:25:22.292] [SEVERE ] updating countdown to 53356
[23:25:22.319] [SEVERE ] updating countdown to 53329
[23:25:22.345] [SEVERE ] updating countdown to 53303
[23:25:22.372] [SEVERE ] updating countdown to 53276
[23:25:22.400] [SEVERE ] updating countdown to 53248
[23:25:22.426] [SEVERE ] updating countdown to 53222
[23:25:22.452] [SEVERE ] updating countdown to 53196
[23:25:22.478] [SEVERE ] updating countdown to 53170
[23:25:22.504] [SEVERE ] updating countdown to 53144
[23:25:22.530] [SEVERE ] updating countdown to 53118
[23:25:22.557] [SEVERE ] updating countdown to 53091
[23:25:22.584] [SEVERE ] updating countdown to 53064
[23:25:22.610] [SEVERE ] updating countdown to 53038
[23:25:22.637] [SEVERE ] updating countdown to 53011
[23:25:22.665] [SEVERE ] updating countdown to 52983
[23:25:22.692] [SEVERE ] updating countdown to 52956
[23:25:22.717] [SEVERE ] updating countdown to 52931
[23:25:22.743] [SEVERE ] updating countdown to 52905
[23:25:22.769] [SEVERE ] updating countdown to 52879
[23:25:22.796] [SEVERE ] updating countdown to 52852
[23:25:22.822] [SEVERE ] updating countdown to 52826
[23:25:22.848] [SEVERE ] updating countdown to 52800
[23:25:22.875] [SEVERE ] updating countdown to 52773
[23:25:22.903] [SEVERE ] updating countdown to 52745
[23:25:22.929] [SEVERE ] updating countdown to 52719
[23:25:22.955] [SEVERE ] updating countdown to 52693
[23:25:22.982] [SEVERE ] updating countdown to 52666
[23:25:23.008] [SEVERE ] updating countdown to 52640
[23:25:23.035] [SEVERE ] updating countdown to 52613
[23:25:23.039] [SEVERE ] player 3 placing token on slot 4
[23:25:23.063] [SEVERE ] updating countdown to 52585
[23:25:23.090] [SEVERE ] updating countdown to 52558
[23:25:23.117] [SEVERE ] updating countdown to 52531
[23:25:23.143] [SEVERE ] updating countdown to 52505
[23:25:23.169] [SEVERE ] updating countdown to 52479
[23:25:23.196] [SEVERE ] updating countdown to 52452
[23:25:23.224] [SEVERE ] updating countdown to 52424
[23:25:23.250] [SEVERE ] updating countdown to 52398
[23:25:23.278] [SEVERE ] updating countdown to 52370
[23:25:23.304] [SEVERE ] updating countdown to 52344
[23:25:23.331] [SEVERE ] updating countdown to 52317
[23:25:23.357] [SEVERE ] updating countdown to 52291
[23:25:23.385] [SEVERE ] updating countdown to 52263
[23:25:23.411] [SEVERE ] updating countdown to 52237
[23:25:23.437] [SEVERE ] updating countdown to 52211
[23:25:23.463] [SEVERE ] updating countdown to 52185
[23:25:23.491] [SEVERE ] updating countdown to 52157
[23:25:23.518] [SEVERE ] updating countdown to 52130
[23:25:23.544] [SEVERE ] updating countdown to 52104
[23:25:23.571] [SEVERE ] updating countdown to 52077
[23:25:23.599] [SEVERE ] updating countdown to 52049
[23:25:23.625] [SEVERE ] updating countdown to 52023
[23:25:23.652] [SEVERE ] updating countdown to 51996
[23:25:23.680] [SEVERE ] updating countdown to 51968
[23:25:23.707] [SEVERE ] updating countdown to 51941
[23:25:23.735] [SEVERE ] updating countdown to 51913
[23:25:23.760] [SEVERE ] updating countdown to 51888
[23:25:23.786] [SEVERE ] updating countdown to 51862
[23:25:23.813] [SEVERE ] updating countdown to 51835
[23:25:23.840] [SEVERE ] updating countdown to 51808
[23:25:23.867] [SEVERE ] updating countdown to 51781
[23:25:23.894] [SEVERE ] updating countdown to 51754
[23:25:23.920] [SEVERE ] updating countdown to 51728
[23:25:23.946] [SEVERE ] updating countdown to 51702
[23:25:23.975] [SEVERE ] updating countdown to 51673
[23:25:24.002] [SEVERE ] updating countdown to 51646
[23:25:24.028] [SEVERE ] updating countdown to 51620
[23:25:24.054] [SEVERE ] updating countdown to 51594
[23:25:24.080] [SEVERE ] updating countdown to 51568
[23:25:24.106] [SEVERE ] updating countdown to 51542
[23:25:24.132] [SEVERE ] updating countdown to 51516
[23:25:24.160] [SEVERE ] updating countdown to 51488
[23:25:24.187] [SEVERE ] updating countdown to 51461
[23:25:24.213] [SEVERE ] updating countdown to 51435
[23:25:24.240] [SEVERE ] updating countdown to 51408
[23:25:24.269] [SEVERE ] updating countdown to 51379
[23:25:24.297] [SEVERE ] updating countdown to 51351
[23:25:24.323] [SEVERE ] updating countdown to 51325
[23:25:24.350] [SEVERE ] updating countdown to 51298
[23:25:24.377] [SEVERE ] updating countdown to 51271
[23:25:24.404] [SEVERE ] updating countdown to 51244
[23:25:24.430] [SEVERE ] updating countdown to 51218
[23:25:24.457] [SEVERE ] updating countdown to 51191
[23:25:24.484] [SEVERE ] updating countdown to 51164
[23:25:24.512] [SEVERE ] updating countdown to 51136
[23:25:24.538] [SEVERE ] updating countdown to 51110
[23:25:24.566] [SEVERE ] updating countdown to 51082
[23:25:24.592] [SEVERE ] updating countdown to 51056
[23:25:24.620] [SEVERE ] updating countdown to 51028
[23:25:24.646] [SEVERE ] updating countdown to 51002
[23:25:24.674] [SEVERE ] updating countdown to 50974
[23:25:24.702] [SEVERE ] updating countdown to 50946
[23:25:24.728] [SEVERE ] updating countdown to 50920
[23:25:24.756] [SEVERE ] updating countdown to 50892
[23:25:24.781] [SEVERE ] updating countdown to 50867
[23:25:24.807] [SEVERE ] updating countdown to 50841
[23:25:24.832] [SEVERE ] updating countdown to 50816
[23:25:24.859] [SEVERE ] updating countdown to 50789
[23:25:24.885] [SEVERE ] updating countdown to 50763
[23:25:24.910] [SEVERE ] updating countdown to 50738
[23:25:24.936] [SEVERE ] updating countdown to 50712
[23:25:24.962] [SEVERE ] updating countdown to 50686
[23:25:24.990] [SEVERE ] updating countdown to 50658
[23:25:25.016] [SEVERE ] updating countdown to 50632
[23:25:25.043] [SEVERE ] updating countdown to 50605
[23:25:25.070] [SEVERE ] updating countdown to 50578
[23:25:25.096] [SEVERE ] updating countdown to 50552
[23:25:25.122] [SEVERE ] updating countdown to 50526
[23:25:25.148] [SEVERE ] updating countdown to 50500
[23:25:25.175] [SEVERE ] updating countdown to 50473
[23:25:25.202] [SEVERE ] updating countdown to 50446
[23:25:25.228] [SEVERE ] updating countdown to 50420
[23:25:25.256] [SEVERE ] updating countdown to 50392
[23:25:25.282] [SEVERE ] updating countdown to 50366
[23:25:25.308] [SEVERE ] updating countdown to 50340
[23:25:25.334] [SEVERE ] updating countdown to 50314
[23:25:25.360] [SEVERE ] updating countdown to 50288
[23:25:25.387] [SEVERE ] updating countdown to 50261
[23:25:25.414] [SEVERE ] updating countdown to 50234
[23:25:25.444] [SEVERE ] updating countdown to 50204
[23:25:25.471] [SEVERE ] updating countdown to 50177
[23:25:25.497] [SEVERE ] updating countdown to 50151
[23:25:25.525] [SEVERE ] updating countdown to 50123
[23:25:25.552] [SEVERE ] updating countdown to 50096
[23:25:25.578] [SEVERE ] updating countdown to 50070
[23:25:25.605] [SEVERE ] updating countdown to 50043
[23:25:25.633] [SEVERE ] updating countdown to 50015
[23:25:25.658] [SEVERE ] updating countdown to 49990
[23:25:25.686] [SEVERE ] updating countdown to 49962
[23:25:25.712] [SEVERE ] updating countdown to 49936
[23:25:25.739] [SEVERE ] updating countdown to 49909
[23:25:25.766] [SEVERE ] updating countdown to 49882
[23:25:25.792] [SEVERE ] updating countdown to 49856
[23:25:25.818] [SEVERE ] updating countdown to 49830
[23:25:25.845] [SEVERE ] updating countdown to 49803
[23:25:25.871] [SEVERE ] updating countdown to 49777
[23:25:25.897] [SEVERE ] updating countdown to 49751
[23:25:25.923] [SEVERE ] updating countdown to 49725
[23:25:25.949] [SEVERE ] updating countdown to 49699
[23:25:25.976] [SEVERE ] updating countdown to 49672
[23:25:26.002] [SEVERE ] updating countdown to 49646
[23:25:26.028] [SEVERE ] updating countdown to 49620
[23:25:26.045] [SEVERE ] player 3 placing token on slot 1
[23:25:26.055] [SEVERE ] updating countdown to 49593
[23:25:26.056] [SEVERE ] removing player 3 token from slot 1
[23:25:26.058] [SEVERE ] removing player 3 token from slot 2
[23:25:26.059] [SEVERE ] removing player 3 token from slot 4
[23:25:26.086] [SEVERE ] updating countdown to 49562
[23:25:26.087] [SEVERE ] setting player 3 freeze to 4974
[23:25:26.113] [SEVERE ] updating countdown to 49535
[23:25:26.114] [SEVERE ] setting player 3 freeze to 4947
[23:25:26.140] [SEVERE ] updating countdown to 49508
[23:25:26.142] [SEVERE ] setting player 3 freeze to 4920
[23:25:26.169] [SEVERE ] updating countdown to 49479
[23:25:26.171] [SEVERE ] setting player 3 freeze to 4890
[23:25:26.199] [SEVERE ] updating countdown to 49449
[23:25:26.200] [SEVERE ] setting player 3 freeze to 4861
[23:25:26.227] [SEVERE ] updating countdown to 49421
[23:25:26.227] [SEVERE ] setting player 3 freeze to 4834
[23:25:26.253] [SEVERE ] updating countdown to 49395
[23:25:26.254] [SEVERE ] setting player 3 freeze to 4807
[23:25:26.281] [SEVERE ] updating countdown to 49367
[23:25:26.282] [SEVERE ] setting player 3 freeze to 4779
[23:25:26.311] [SEVERE ] updating countdown to 49337
[23:25:26.312] [SEVERE ] setting player 3 freeze to 4749
[23:25:26.338] [SEVERE ] updating countdown to 49310
[23:25:26.339] [SEVERE ] setting player 3 freeze to 4722
[23:25:26.364] [SEVERE ] updating countdown to 49284
[23:25:26.366] [SEVERE ] setting player 3 freeze to 4695
[23:25:26.392] [SEVERE ] updating countdown to 49256
[23:25:26.394] [SEVERE ] setting player 3 freeze to 4667
[23:25:26.422] [SEVERE ] updating countdown to 49226
[23:25:26.423] [SEVERE ] setting player 3 freeze to 4638
[23:25:26.449] [SEVERE ] updating countdown to 49199
[23:25:26.450] [SEVERE ] setting player 3 freeze to 4611
[23:25:26.476] [SEVERE ] updating countdown to 49172
[23:25:26.477] [SEVERE ] setting player 3 freeze to 4584
[23:25:26.502] [SEVERE ] updating countdown to 49146
[23:25:26.503] [SEVERE ] setting player 3 freeze to 4558
[23:25:26.529] [SEVERE ] updating countdown to 49119
[23:25:26.531] [SEVERE ] setting player 3 freeze to 4530
[23:25:26.558] [SEVERE ] updating countdown to 49090
[23:25:26.559] [SEVERE ] setting player 3 freeze to 4502
[23:25:26.585] [SEVERE ] updating countdown to 49063
[23:25:26.586] [SEVERE ] setting player 3 freeze to 4475
[23:25:26.612] [SEVERE ] updating countdown to 49036
[23:25:26.612] [SEVERE ] setting player 3 freeze to 4449
[23:25:26.638] [SEVERE ] updating countdown to 49010
[23:25:26.640] [SEVERE ] setting player 3 freeze to 4421
[23:25:26.666] [SEVERE ] updating countdown to 48982
[23:25:26.667] [SEVERE ] setting player 3 freeze to 4394
[23:25:26.693] [SEVERE ] updating countdown to 48955
[23:25:26.694] [SEVERE ] setting player 3 freeze to 4367
[23:25:26.720] [SEVERE ] updating countdown to 48928
[23:25:26.721] [SEVERE ] setting player 3 freeze to 4340
[23:25:26.747] [SEVERE ] updating countdown to 48901
[23:25:26.748] [SEVERE ] setting player 3 freeze to 4313
[23:25:26.775] [SEVERE ] updating countdown to 48873
[23:25:26.776] [SEVERE ] setting player 3 freeze to 4285
[23:25:26.802] [SEVERE ] updating countdown to 48846
[23:25:26.803] [SEVERE ] setting player 3 freeze to 4258
[23:25:26.829] [SEVERE ] updating countdown to 48819
[23:25:26.831] [SEVERE ] setting player 3 freeze to 4230
[23:25:26.857] [SEVERE ] updating countdown to 48791
[23:25:26.858] [SEVERE ] setting player 3 freeze to 4203
[23:25:26.884] [SEVERE ] updating countdown to 48764
[23:25:26.887] [SEVERE ] setting player 3 freeze to 4175
[23:25:26.914] [SEVERE ] updating countdown to 48734
[23:25:26.914] [SEVERE ] setting player 3 freeze to 4147
[23:25:26.939] [SEVERE ] updating countdown to 48709
[23:25:26.940] [SEVERE ] setting player 3 freeze to 4121
[23:25:26.965] [SEVERE ] updating countdown to 48683
[23:25:26.966] [SEVERE ] setting player 3 freeze to 4095
[23:25:26.992] [SEVERE ] updating countdown to 48656
[23:25:26.992] [SEVERE ] setting player 3 freeze to 4069
[23:25:27.018] [SEVERE ] updating countdown to 48630
[23:25:27.019] [SEVERE ] setting player 3 freeze to 4042
[23:25:27.045] [SEVERE ] updating countdown to 48603
[23:25:27.046] [SEVERE ] setting player 3 freeze to 4015
[23:25:27.072] [SEVERE ] updating countdown to 48576
[23:25:27.074] [SEVERE ] setting player 3 freeze to 3987
[23:25:27.101] [SEVERE ] updating countdown to 48547
[23:25:27.103] [SEVERE ] setting player 3 freeze to 3958
[23:25:27.129] [SEVERE ] updating countdown to 48519
[23:25:27.130] [SEVERE ] setting player 3 freeze to 3931
[23:25:27.156] [SEVERE ] updating countdown to 48492
[23:25:27.157] [SEVERE ] setting player 3 freeze to 3904
[23:25:27.184] [SEVERE ] updating countdown to 48464
[23:25:27.185] [SEVERE ] setting player 3 freeze to 3876
[23:25:27.212] [SEVERE ] updating countdown to 48436
[23:25:27.213] [SEVERE ] setting player 3 freeze to 3848
[23:25:27.239] [SEVERE ] updating countdown to 48409
[23:25:27.240] [SEVERE ] setting player 3 freeze to 3821
[23:25:27.268] [SEVERE ] updating countdown to 48380
[23:25:27.270] [SEVERE ] setting player 3 freeze to 3791
[23:25:27.297] [SEVERE ] updating countdown to 48351
[23:25:27.297] [SEVERE ] setting player 3 freeze to 3764
[23:25:27.323] [SEVERE ] updating countdown to 48325
[23:25:27.324] [SEVERE ] setting player 3 freeze to 3737
[23:25:27.350] [SEVERE ] updating countdown to 48298
[23:25:27.352] [SEVERE ] setting player 3 freeze to 3709
[23:25:27.380] [SEVERE ] updating countdown to 48268
[23:25:27.382] [SEVERE ] setting player 3 freeze to 3679
[23:25:27.408] [SEVERE ] updating countdown to 48240
[23:25:27.409] [SEVERE ] setting player 3 freeze to 3652
[23:25:27.435] [SEVERE ] updating countdown to 48213
[23:25:27.437] [SEVERE ] setting player 3 freeze to 3624
[23:25:27.464] [SEVERE ] updating countdown to 48184
[23:25:27.466] [SEVERE ] setting player 3 freeze to 3595
[23:25:27.494] [SEVERE ] updating countdown to 48154
[23:25:27.495] [SEVERE ] setting player 3 freeze to 3566
[23:25:27.521] [SEVERE ] updating countdown to 48127
[23:25:27.522] [SEVERE ] setting player 3 freeze to 3539
[23:25:27.548] [SEVERE ] updating countdown to 48100
[23:25:27.549] [SEVERE ] setting player 3 freeze to 3512
[23:25:27.575] [SEVERE ] updating countdown to 48073
[23:25:27.576] [SEVERE ] setting player 3 freeze to 3485
[23:25:27.603] [SEVERE ] updating countdown to 48045
[23:25:27.604] [SEVERE ] setting player 3 freeze to 3457
[23:25:27.631] [SEVERE ] updating countdown to 48017
[23:25:27.631] [SEVERE ] setting player 3 freeze to 3430
[23:25:27.657] [SEVERE ] updating countdown to 47991
[23:25:27.660] [SEVERE ] setting player 3 freeze to 3401
[23:25:27.686] [SEVERE ] updating countdown to 47962
[23:25:27.687] [SEVERE ] setting player 3 freeze to 3374
[23:25:27.713] [SEVERE ] updating countdown to 47935
[23:25:27.714] [SEVERE ] setting player 3 freeze to 3347
[23:25:27.740] [SEVERE ] updating countdown to 47908
[23:25:27.741] [SEVERE ] setting player 3 freeze to 3320
[23:25:27.768] [SEVERE ] updating countdown to 47880
[23:25:27.770] [SEVERE ] setting player 3 freeze to 3291
[23:25:27.798] [SEVERE ] updating countdown to 47850
[23:25:27.800] [SEVERE ] setting player 3 freeze to 3261
[23:25:27.826] [SEVERE ] updating countdown to 47822
[23:25:27.828] [SEVERE ] setting player 3 freeze to 3233
[23:25:27.854] [SEVERE ] updating countdown to 47794
[23:25:27.856] [SEVERE ] setting player 3 freeze to 3205
[23:25:27.882] [SEVERE ] updating countdown to 47766
[23:25:27.884] [SEVERE ] setting player 3 freeze to 3177
[23:25:27.911] [SEVERE ] updating countdown to 47737
[23:25:27.912] [SEVERE ] setting player 3 freeze to 3149
[23:25:27.938] [SEVERE ] updating countdown to 47710
[23:25:27.941] [SEVERE ] setting player 3 freeze to 3120
[23:25:27.968] [SEVERE ] updating countdown to 47680
[23:25:27.971] [SEVERE ] setting player 3 freeze to 3090
[23:25:27.998] [SEVERE ] updating countdown to 47650
[23:25:27.999] [SEVERE ] setting player 3 freeze to 3062
[23:25:28.026] [SEVERE ] updating countdown to 47622
[23:25:28.026] [SEVERE ] setting player 3 freeze to 3035
[23:25:28.052] [SEVERE ] updating countdown to 47596
[23:25:28.053] [SEVERE ] setting player 3 freeze to 3008
[23:25:28.078] [SEVERE ] updating countdown to 47570
[23:25:28.079] [SEVERE ] setting player 3 freeze to 2982
[23:25:28.104] [SEVERE ] updating countdown to 47544
[23:25:28.106] [SEVERE ] setting player 3 freeze to 2955
[23:25:28.133] [SEVERE ] updating countdown to 47515
[23:25:28.134] [SEVERE ] setting player 3 freeze to 2927
[23:25:28.161] [SEVERE ] updating countdown to 47487
[23:25:28.161] [SEVERE ] setting player 3 freeze to 2900
[23:25:28.187] [SEVERE ] updating countdown to 47461
[23:25:28.189] [SEVERE ] setting player 3 freeze to 2872
[23:25:28.217] [SEVERE ] updating countdown to 47431
[23:25:28.219] [SEVERE ] setting player 3 freeze to 2842
[23:25:28.246] [SEVERE ] updating countdown to 47402
[23:25:28.248] [SEVERE ] setting player 3 freeze to 2813
[23:25:28.275] [SEVERE ] updating countdown to 47373
[23:25:28.277] [SEVERE ] setting player 3 freeze to 2784
[23:25:28.305] [SEVERE ] updating countdown to 47343
[23:25:28.305] [SEVERE ] setting player 3 freeze to 2756
[23:25:28.332] [SEVERE ] updating countdown to 47316
[23:25:28.333] [SEVERE ] setting player 3 freeze to 2728
[23:25:28.358] [SEVERE ] updating countdown to 47290
[23:25:28.361] [SEVERE ] setting player 3 freeze to 2700
[23:25:28.388] [SEVERE ] updating countdown to 47260
[23:25:28.389] [SEVERE ] setting player 3 freeze to 2672
[23:25:28.415] [SEVERE ] updating countdown to 47233
[23:25:28.417] [SEVERE ] setting player 3 freeze to 2644
[23:25:28.445] [SEVERE ] updating countdown to 47203
[23:25:28.447] [SEVERE ] setting player 3 freeze to 2614
[23:25:28.473] [SEVERE ] updating countdown to 47175
[23:25:28.475] [SEVERE ] setting player 3 freeze to 2586
[23:25:28.502] [SEVERE ] updating countdown to 47146
[23:25:28.504] [SEVERE ] setting player 3 freeze to 2557
[23:25:28.532] [SEVERE ] updating countdown to 47116
[23:25:28.532] [SEVERE ] setting player 3 freeze to 2529
[23:25:28.558] [SEVERE ] updating countdown to 47090
[23:25:28.559] [SEVERE ] setting player 3 freeze to 2502
[23:25:28.585] [SEVERE ] updating countdown to 47063
[23:25:28.586] [SEVERE ] setting player 3 freeze to 2475
[23:25:28.612] [SEVERE ] updating countdown to 47036
[23:25:28.614] [SEVERE ] setting player 3 freeze to 2448
[23:25:28.641] [SEVERE ] updating countdown to 47007
[23:25:28.641] [SEVERE ] setting player 3 freeze to 2420
[23:25:28.667] [SEVERE ] updating countdown to 46981
[23:25:28.670] [SEVERE ] setting player 3 freeze to 2391
[23:25:28.698] [SEVERE ] updating countdown to 46950
[23:25:28.700] [SEVERE ] setting player 3 freeze to 2361
[23:25:28.727] [SEVERE ] updating countdown to 46921
[23:25:28.729] [SEVERE ] setting player 3 freeze to 2332
[23:25:28.756] [SEVERE ] updating countdown to 46892
[23:25:28.757] [SEVERE ] setting player 3 freeze to 2304
[23:25:28.782] [SEVERE ] updating countdown to 46866
[23:25:28.783] [SEVERE ] setting player 3 freeze to 2278
[23:25:28.808] [SEVERE ] updating countdown to 46840
[23:25:28.810] [SEVERE ] setting player 3 freeze to 2251
[23:25:28.836] [SEVERE ] updating countdown to 46812
[23:25:28.838] [SEVERE ] setting player 3 freeze to 2223
[23:25:28.866] [SEVERE ] updating countdown to 46782
[23:25:28.867] [SEVERE ] setting player 3 freeze to 2194
[23:25:28.894] [SEVERE ] updating countdown to 46754
[23:25:28.896] [SEVERE ] setting player 3 freeze to 2165
[23:25:28.922] [SEVERE ] updating countdown to 46726
[23:25:28.923] [SEVERE ] setting player 3 freeze to 2138
[23:25:28.949] [SEVERE ] updating countdown to 46699
[23:25:28.951] [SEVERE ] setting player 3 freeze to 2110
[23:25:28.979] [SEVERE ] updating countdown to 46669
[23:25:28.981] [SEVERE ] setting player 3 freeze to 2080
[23:25:29.008] [SEVERE ] updating countdown to 46640
[23:25:29.008] [SEVERE ] setting player 3 freeze to 2053
[23:25:29.034] [SEVERE ] updating countdown to 46614
[23:25:29.035] [SEVERE ] setting player 3 freeze to 2026
[23:25:29.060] [SEVERE ] updating countdown to 46588
[23:25:29.061] [SEVERE ] setting player 3 freeze to 2000
[23:25:29.086] [SEVERE ] updating countdown to 46562
[23:25:29.086] [SEVERE ] setting player 3 freeze to 1975
[23:25:29.112] [SEVERE ] updating countdown to 46536
[23:25:29.113] [SEVERE ] setting player 3 freeze to 1948
[23:25:29.139] [SEVERE ] updating countdown to 46509
[23:25:29.139] [SEVERE ] setting player 3 freeze to 1922
[23:25:29.165] [SEVERE ] updating countdown to 46483
[23:25:29.166] [SEVERE ] setting player 3 freeze to 1895
[23:25:29.191] [SEVERE ] updating countdown to 46457
[23:25:29.193] [SEVERE ] setting player 3 freeze to 1868
[23:25:29.219] [SEVERE ] updating countdown to 46429
[23:25:29.220] [SEVERE ] setting player 3 freeze to 1841
[23:25:29.248] [SEVERE ] updating countdown to 46400
[23:25:29.249] [SEVERE ] setting player 3 freeze to 1812
[23:25:29.276] [SEVERE ] updating countdown to 46372
[23:25:29.278] [SEVERE ] setting player 3 freeze to 1783
[23:25:29.305] [SEVERE ] updating countdown to 46343
[23:25:29.306] [SEVERE ] setting player 3 freeze to 1755
[23:25:29.333] [SEVERE ] updating countdown to 46315
[23:25:29.334] [SEVERE ] setting player 3 freeze to 1727
[23:25:29.360] [SEVERE ] updating countdown to 46288
[23:25:29.362] [SEVERE ] setting player 3 freeze to 1699
[23:25:29.389] [SEVERE ] updating countdown to 46259
[23:25:29.391] [SEVERE ] setting player 3 freeze to 1670
[23:25:29.419] [SEVERE ] updating countdown to 46229
[23:25:29.421] [SEVERE ] setting player 3 freeze to 1640
[23:25:29.448] [SEVERE ] updating countdown to 46200
[23:25:29.449] [SEVERE ] setting player 3 freeze to 1612
[23:25:29.476] [SEVERE ] updating countdown to 46172
[23:25:29.478] [SEVERE ] setting player 3 freeze to 1583
[23:25:29.506] [SEVERE ] updating countdown to 46142
[23:25:29.507] [SEVERE ] setting player 3 freeze to 1554
[23:25:29.534] [SEVERE ] updating countdown to 46114
[23:25:29.534] [SEVERE ] setting player 3 freeze to 1527
[23:25:29.560] [SEVERE ] updating countdown to 46088
[23:25:29.561] [SEVERE ] setting player 3 freeze to 1500
[23:25:29.587] [SEVERE ] updating countdown to 46061
[23:25:29.590] [SEVERE ] setting player 3 freeze to 1471
[23:25:29.617] [SEVERE ] updating countdown to 46031
[23:25:29.618] [SEVERE ] setting player 3 freeze to 1443
[23:25:29.645] [SEVERE ] updating countdown to 46003
[23:25:29.647] [SEVERE ] setting player 3 freeze to 1414
[23:25:29.674] [SEVERE ] updating countdown to 45974
[23:25:29.675] [SEVERE ] setting player 3 freeze to 1386
[23:25:29.701] [SEVERE ] updating countdown to 45947
[23:25:29.703] [SEVERE ] setting player 3 freeze to 1358
[23:25:29.729] [SEVERE ] updating countdown to 45919
[23:25:29.732] [SEVERE ] setting player 3 freeze to 1329
[23:25:29.759] [SEVERE ] updating countdown to 45889
[23:25:29.760] [SEVERE ] setting player 3 freeze to 1301
[23:25:29.785] [SEVERE ] updating countdown to 45863
[23:25:29.786] [SEVERE ] setting player 3 freeze to 1275
[23:25:29.811] [SEVERE ] updating countdown to 45837
[23:25:29.811] [SEVERE ] setting player 3 freeze to 1250
[23:25:29.837] [SEVERE ] updating countdown to 45811
[23:25:29.838] [SEVERE ] setting player 3 freeze to 1223
[23:25:29.864] [SEVERE ] updating countdown to 45784
[23:25:29.866] [SEVERE ] setting player 3 freeze to 1195
[23:25:29.892] [SEVERE ] updating countdown to 45756
[23:25:29.893] [SEVERE ] setting player 3 freeze to 1168
[23:25:29.918] [SEVERE ] updating countdown to 45730
[23:25:29.919] [SEVERE ] setting player 3 freeze to 1142
[23:25:29.945] [SEVERE ] updating countdown to 45703
[23:25:29.946] [SEVERE ] setting player 3 freeze to 1115
[23:25:29.974] [SEVERE ] updating countdown to 45674
[23:25:29.975] [SEVERE ] setting player 3 freeze to 1086
[23:25:30.001] [SEVERE ] updating countdown to 45647
[23:25:30.003] [SEVERE ] setting player 3 freeze to 1058
[23:25:30.030] [SEVERE ] updating countdown to 45618
[23:25:30.032] [SEVERE ] setting player 3 freeze to 1029
[23:25:30.060] [SEVERE ] updating countdown to 45588
[23:25:30.060] [SEVERE ] setting player 3 freeze to 1001
[23:25:30.086] [SEVERE ] updating countdown to 45562
[23:25:30.087] [SEVERE ] setting player 3 freeze to 974
[23:25:30.113] [SEVERE ] updating countdown to 45535
[23:25:30.113] [SEVERE ] setting player 3 freeze to 948
[23:25:30.139] [SEVERE ] updating countdown to 45509
[23:25:30.140] [SEVERE ] setting player 3 freeze to 921
[23:25:30.167] [SEVERE ] updating countdown to 45481
[23:25:30.169] [SEVERE ] setting player 3 freeze to 892
[23:25:30.196] [SEVERE ] updating countdown to 45452
[23:25:30.197] [SEVERE ] setting player 3 freeze to 864
[23:25:30.224] [SEVERE ] updating countdown to 45424
[23:25:30.225] [SEVERE ] setting player 3 freeze to 836
[23:25:30.251] [SEVERE ] updating countdown to 45397
[23:25:30.251] [SEVERE ] setting player 3 freeze to 810
[23:25:30.277] [SEVERE ] updating countdown to 45371
[23:25:30.280] [SEVERE ] setting player 3 freeze to 781
[23:25:30.307] [SEVERE ] updating countdown to 45341
[23:25:30.308] [SEVERE ] setting player 3 freeze to 753
[23:25:30.334] [SEVERE ] updating countdown to 45314
[23:25:30.335] [SEVERE ] setting player 3 freeze to 726
[23:25:30.360] [SEVERE ] updating countdown to 45288
[23:25:30.361] [SEVERE ] setting player 3 freeze to 700
[23:25:30.388] [SEVERE ] updating countdown to 45260
[23:25:30.391] [SEVERE ] setting player 3 freeze to 671
[23:25:30.418] [SEVERE ] updating countdown to 45230
[23:25:30.419] [SEVERE ] setting player 3 freeze to 642
[23:25:30.446] [SEVERE ] updating countdown to 45202
[23:25:30.448] [SEVERE ] setting player 3 freeze to 613
[23:25:30.474] [SEVERE ] updating countdown to 45174
[23:25:30.477] [SEVERE ] setting player 3 freeze to 585
[23:25:30.504] [SEVERE ] updating countdown to 45144
[23:25:30.506] [SEVERE ] setting player 3 freeze to 555
[23:25:30.533] [SEVERE ] updating countdown to 45115
[23:25:30.534] [SEVERE ] setting player 3 freeze to 527
[23:25:30.560] [SEVERE ] updating countdown to 45088
[23:25:30.562] [SEVERE ] setting player 3 freeze to 499
[23:25:30.592] [SEVERE ] updating countdown to 45056
[23:25:30.593] [SEVERE ] setting player 3 freeze to 468
[23:25:30.619] [SEVERE ] updating countdown to 45029
[23:25:30.622] [SEVERE ] setting player 3 freeze to 439
[23:25:30.650] [SEVERE ] updating countdown to 44998
[23:25:30.651] [SEVERE ] setting player 3 freeze to 410
[23:25:30.677] [SEVERE ] updating countdown to 44971
[23:25:30.679] [SEVERE ] setting player 3 freeze to 382
[23:25:30.705] [SEVERE ] updating countdown to 44943
[23:25:30.707] [SEVERE ] setting player 3 freeze to 354
[23:25:30.733] [SEVERE ] updating countdown to 44915
[23:25:30.734] [SEVERE ] setting player 3 freeze to 327
[23:25:30.759] [SEVERE ] updating countdown to 44889
[23:25:30.760] [SEVERE ] setting player 3 freeze to 301
[23:25:30.785] [SEVERE ] updating countdown to 44863
[23:25:30.786] [SEVERE ] setting player 3 freeze to 275
[23:25:30.811] [SEVERE ] updating countdown to 44837
[23:25:30.813] [SEVERE ] setting player 3 freeze to 248
[23:25:30.839] [SEVERE ] updating countdown to 44809
[23:25:30.839] [SEVERE ] setting player 3 freeze to 222
[23:25:30.864] [SEVERE ] updating countdown to 44784
[23:25:30.866] [SEVERE ] setting player 3 freeze to 196
[23:25:30.892] [SEVERE ] updating countdown to 44756
[23:25:30.893] [SEVERE ] setting player 3 freeze to 168
[23:25:30.919] [SEVERE ] updating countdown to 44729
[23:25:30.921] [SEVERE ] setting player 3 freeze to 140
[23:25:30.948] [SEVERE ] updating countdown to 44700
[23:25:30.949] [SEVERE ] setting player 3 freeze to 112
[23:25:30.975] [SEVERE ] updating countdown to 44673
[23:25:30.976] [SEVERE ] setting player 3 freeze to 85
[23:25:31.002] [SEVERE ] updating countdown to 44646
[23:25:31.004] [SEVERE ] setting player 3 freeze to 57
[23:25:31.030] [SEVERE ] updating countdown to 44618
[23:25:31.030] [SEVERE ] setting player 3 freeze to 31
[23:25:31.056] [SEVERE ] updating countdown to 44592
[23:25:31.058] [SEVERE ] setting player 3 freeze to 3
[23:25:31.086] [SEVERE ] updating countdown to 44562
[23:25:31.087] [SEVERE ] setting player 3 freeze to -26
[23:25:31.116] [SEVERE ] updating countdown to 44532
[23:25:31.142] [SEVERE ] updating countdown to 44506
[23:25:31.168] [SEVERE ] updating countdown to 44480
[23:25:31.194] [SEVERE ] updating countdown to 44454
[23:25:31.219] [SEVERE ] updating countdown to 44429
[23:25:31.246] [SEVERE ] updating countdown to 44402
[23:25:31.271] [SEVERE ] updating countdown to 44377
[23:25:31.297] [SEVERE ] updating countdown to 44351
[23:25:31.323] [SEVERE ] updating countdown to 44325
[23:25:31.349] [SEVERE ] updating countdown to 44299
[23:25:31.375] [SEVERE ] updating countdown to 44273
[23:25:31.402] [SEVERE ] updating countdown to 44246
[23:25:31.430] [SEVERE ] updating countdown to 44218
[23:25:31.456] [SEVERE ] updating countdown to 44192
[23:25:31.482] [SEVERE ] updating countdown to 44166
[23:25:31.508] [SEVERE ] updating countdown to 44140
[23:25:31.535] [SEVERE ] updating countdown to 44113
[23:25:31.560] [SEVERE ] updating countdown to 44088
[23:25:31.586] [SEVERE ] updating countdown to 44062
[23:25:31.612] [SEVERE ] updating countdown to 44036
[23:25:31.639] [SEVERE ] updating countdown to 44009
[23:25:31.666] [SEVERE ] updating countdown to 43982
[23:25:31.693] [SEVERE ] updating countdown to 43955
[23:25:31.718] [SEVERE ] updating countdown to 43930
[23:25:31.744] [SEVERE ] updating countdown to 43904
[23:25:31.770] [SEVERE ] updating countdown to 43878
[23:25:31.796] [SEVERE ] updating countdown to 43852
[23:25:31.822] [SEVERE ] updating countdown to 43826
[23:25:31.848] [SEVERE ] updating countdown to 43800
[23:25:31.874] [SEVERE ] updating countdown to 43774
[23:25:31.901] [SEVERE ] updating countdown to 43747
[23:25:31.927] [SEVERE ] updating countdown to 43721
[23:25:31.954] [SEVERE ] updating countdown to 43694
[23:25:31.980] [SEVERE ] updating countdown to 43668
[23:25:32.006] [SEVERE ] updating countdown to 43642
[23:25:32.032] [SEVERE ] updating countdown to 43616
[23:25:32.059] [SEVERE ] updating countdown to 43589
[23:25:32.085] [SEVERE ] updating countdown to 43563
[23:25:32.111] [SEVERE ] updating countdown to 43537
[23:25:32.137] [SEVERE ] updating countdown to 43511
[23:25:32.163] [SEVERE ] updating countdown to 43485
[23:25:32.189] [SEVERE ] updating countdown to 43459
[23:25:32.215] [SEVERE ] updating countdown to 43433
[23:25:32.240] [SEVERE ] updating countdown to 43408
[23:25:32.266] [SEVERE ] updating countdown to 43382
[23:25:32.292] [SEVERE ] updating countdown to 43356
[23:25:32.319] [SEVERE ] updating countdown to 43329
[23:25:32.346] [SEVERE ] updating countdown to 43302
[23:25:32.374] [SEVERE ] updating countdown to 43274
[23:25:32.400] [SEVERE ] updating countdown to 43248
[23:25:32.427] [SEVERE ] updating countdown to 43221
[23:25:32.453] [SEVERE ] updating countdown to 43195
[23:25:32.479] [SEVERE ] updating countdown to 43169
[23:25:32.505] [SEVERE ] updating countdown to 43143
[23:25:32.531] [SEVERE ] updating countdown to 43117
[23:25:32.558] [SEVERE ] updating countdown to 43090
[23:25:32.585] [SEVERE ] updating countdown to 43063
[23:25:32.588] [SEVERE ] exit button pressed
[23:25:32.589] [INFO   ] thread Thread-2 terminated.
[23:25:32.589] [INFO   ] thread Thread-1 terminated.
[23:25:32.611] [SEVERE ] updating countdown to 43037
[23:25:32.712] [SEVERE ] removing card from slot 0
[23:25:32.814] [SEVERE ] removing card from slot 1
[23:25:32.915] [SEVERE ] removing card from slot 2
[23:25:33.015] [SEVERE ] removing card from slot 3
[23:25:33.117] [SEVERE ] removing card from slot 4
[23:25:33.219] [SEVERE ] removing card from slot 5
[23:25:33.224] [SEVERE ] announcing winner(s): player 1, player 2, player 3
[23:25:33.231] [INFO   ] thread dealer terminated.
[23:25:33.233] [INFO   ] thread dealer terminated.
[23:25:33.234] [SEVERE ] thanks for playing... it was fun!
[23:25:33.236] [INFO   ] thread bguspl.set.Main.main() terminated.
