[23:01:26.101] [INFO   ] thread bguspl.set.Main.main() starting.
[23:01:26.129] [SEVERE ] cannot read configuration file config.properties trying from resources.
[23:01:26.184] [SEVERE ] configuration file was loaded from resources directory.
[23:01:27.393] [INFO   ] thread dealer starting.
[23:01:27.394] [INFO   ] thread dealer starting.
[23:01:27.396] [INFO   ] thread Thread-2 starting.
[23:01:27.396] [INFO   ] thread Thread-3 starting.
[23:01:27.396] [INFO   ] thread Thread-1 starting.
[23:01:27.398] [INFO   ] thread computer-2 starting.
[23:01:27.501] [SEVERE ] placing card 18 in slot 0
[23:01:27.604] [SEVERE ] placing card 14 in slot 1
[23:01:27.705] [SEVERE ] placing card 3 in slot 2
[23:01:27.807] [SEVERE ] placing card 0 in slot 3
[23:01:27.922] [SEVERE ] placing card 6 in slot 4
[23:01:28.087] [SEVERE ] placing card 9 in slot 5
[23:01:28.189] [SEVERE ] placing card 7 in slot 6
[23:01:28.291] [SEVERE ] placing card 12 in slot 7
[23:01:28.394] [SEVERE ] placing card 8 in slot 8
[23:01:28.405] [SEVERE ] player 3 placing token on slot 5
[23:01:28.507] [SEVERE ] placing card 5 in slot 9
[23:01:28.609] [SEVERE ] placing card 13 in slot 10
[23:01:28.710] [SEVERE ] placing card 1 in slot 11
[23:01:28.741] [SEVERE ] updating countdown to 59975
[23:01:28.768] [SEVERE ] updating countdown to 59948
[23:01:28.796] [SEVERE ] updating countdown to 59920
[23:01:28.828] [SEVERE ] updating countdown to 59888
[23:01:28.855] [SEVERE ] updating countdown to 59861
[23:01:28.951] [SEVERE ] updating countdown to 59765
[23:01:28.977] [SEVERE ] updating countdown to 59739
[23:01:29.003] [SEVERE ] updating countdown to 59713
[23:01:29.029] [SEVERE ] updating countdown to 59687
[23:01:29.055] [SEVERE ] updating countdown to 59661
[23:01:29.082] [SEVERE ] updating countdown to 59635
[23:01:29.108] [SEVERE ] updating countdown to 59608
[23:01:29.134] [SEVERE ] updating countdown to 59582
[23:01:29.166] [SEVERE ] updating countdown to 59550
[23:01:29.192] [SEVERE ] updating countdown to 59524
[23:01:29.219] [SEVERE ] updating countdown to 59497
[23:01:29.245] [SEVERE ] updating countdown to 59471
[23:01:29.272] [SEVERE ] updating countdown to 59444
[23:01:29.298] [SEVERE ] updating countdown to 59418
[23:01:29.329] [SEVERE ] updating countdown to 59388
[23:01:29.356] [SEVERE ] updating countdown to 59360
[23:01:29.383] [SEVERE ] updating countdown to 59333
[23:01:29.404] [SEVERE ] player 3 placing token on slot 8
[23:01:29.410] [SEVERE ] updating countdown to 59306
[23:01:29.453] [SEVERE ] updating countdown to 59263
[23:01:29.491] [SEVERE ] updating countdown to 59225
[23:01:29.518] [SEVERE ] updating countdown to 59198
[23:01:29.546] [SEVERE ] updating countdown to 59170
[23:01:29.573] [SEVERE ] updating countdown to 59143
[23:01:29.605] [SEVERE ] updating countdown to 59111
[23:01:29.633] [SEVERE ] updating countdown to 59083
[23:01:29.708] [SEVERE ] updating countdown to 59008
[23:01:29.734] [SEVERE ] updating countdown to 58982
[23:01:29.766] [SEVERE ] updating countdown to 58950
[23:01:29.793] [SEVERE ] updating countdown to 58923
[23:01:29.831] [SEVERE ] updating countdown to 58885
[23:01:29.859] [SEVERE ] updating countdown to 58857
[23:01:29.885] [SEVERE ] updating countdown to 58831
[23:01:29.912] [SEVERE ] updating countdown to 58804
[23:01:29.940] [SEVERE ] updating countdown to 58776
[23:01:29.966] [SEVERE ] updating countdown to 58750
[23:01:29.993] [SEVERE ] updating countdown to 58724
[23:01:30.020] [SEVERE ] updating countdown to 58696
[23:01:30.046] [SEVERE ] updating countdown to 58670
[23:01:30.108] [SEVERE ] updating countdown to 58608
[23:01:30.142] [SEVERE ] updating countdown to 58574
[23:01:30.167] [SEVERE ] updating countdown to 58549
[23:01:30.194] [SEVERE ] updating countdown to 58522
[23:01:30.220] [SEVERE ] updating countdown to 58496
[23:01:30.262] [SEVERE ] updating countdown to 58454
[23:01:30.288] [SEVERE ] updating countdown to 58428
[23:01:30.314] [SEVERE ] updating countdown to 58402
[23:01:30.340] [SEVERE ] updating countdown to 58376
[23:01:30.367] [SEVERE ] updating countdown to 58349
[23:01:30.397] [SEVERE ] updating countdown to 58319
[23:01:30.405] [SEVERE ] player 3 placing token on slot 0
[23:01:30.424] [SEVERE ] updating countdown to 58292
[23:01:30.425] [SEVERE ] removing player 3 token from slot 0
[23:01:30.426] [SEVERE ] removing player 3 token from slot 5
[23:01:30.428] [SEVERE ] removing player 3 token from slot 8
[23:01:30.455] [SEVERE ] updating countdown to 58261
[23:01:30.457] [SEVERE ] setting player 3 freeze to 4973
[23:01:30.487] [SEVERE ] updating countdown to 58229
[23:01:30.487] [SEVERE ] setting player 3 freeze to 4943
[23:01:30.513] [SEVERE ] updating countdown to 58203
[23:01:30.514] [SEVERE ] setting player 3 freeze to 4916
[23:01:30.540] [SEVERE ] updating countdown to 58176
[23:01:30.546] [SEVERE ] setting player 3 freeze to 4884
[23:01:30.573] [SEVERE ] updating countdown to 58143
[23:01:30.574] [SEVERE ] setting player 3 freeze to 4856
[23:01:30.601] [SEVERE ] updating countdown to 58115
[23:01:30.609] [SEVERE ] setting player 3 freeze to 4821
[23:01:30.635] [SEVERE ] updating countdown to 58081
[23:01:30.635] [SEVERE ] setting player 3 freeze to 4795
[23:01:30.661] [SEVERE ] updating countdown to 58055
[23:01:30.664] [SEVERE ] setting player 3 freeze to 4767
[23:01:30.691] [SEVERE ] updating countdown to 58025
[23:01:30.692] [SEVERE ] setting player 3 freeze to 4738
[23:01:30.718] [SEVERE ] updating countdown to 57998
[23:01:30.735] [SEVERE ] setting player 3 freeze to 4695
[23:01:30.761] [SEVERE ] updating countdown to 57955
[23:01:30.762] [SEVERE ] setting player 3 freeze to 4668
[23:01:30.788] [SEVERE ] updating countdown to 57928
[23:01:30.789] [SEVERE ] setting player 3 freeze to 4641
[23:01:30.815] [SEVERE ] updating countdown to 57901
[23:01:30.816] [SEVERE ] setting player 3 freeze to 4614
[23:01:30.842] [SEVERE ] updating countdown to 57874
[23:01:30.844] [SEVERE ] setting player 3 freeze to 4586
[23:01:30.872] [SEVERE ] updating countdown to 57844
[23:01:30.874] [SEVERE ] setting player 3 freeze to 4557
[23:01:30.901] [SEVERE ] updating countdown to 57816
[23:01:30.916] [SEVERE ] setting player 3 freeze to 4514
[23:01:30.942] [SEVERE ] updating countdown to 57774
[23:01:30.946] [SEVERE ] setting player 3 freeze to 4484
[23:01:30.974] [SEVERE ] updating countdown to 57742
[23:01:30.975] [SEVERE ] setting player 3 freeze to 4455
[23:01:31.002] [SEVERE ] updating countdown to 57715
[23:01:31.003] [SEVERE ] setting player 3 freeze to 4427
[23:01:31.028] [SEVERE ] updating countdown to 57688
[23:01:31.029] [SEVERE ] setting player 3 freeze to 4401
[23:01:31.056] [SEVERE ] updating countdown to 57661
[23:01:31.058] [SEVERE ] setting player 3 freeze to 4372
[23:01:31.084] [SEVERE ] updating countdown to 57632
[23:01:31.086] [SEVERE ] setting player 3 freeze to 4344
[23:01:31.160] [SEVERE ] updating countdown to 57556
[23:01:31.161] [SEVERE ] setting player 3 freeze to 4269
[23:01:31.186] [SEVERE ] updating countdown to 57530
[23:01:31.188] [SEVERE ] setting player 3 freeze to 4242
[23:01:31.215] [SEVERE ] updating countdown to 57501
[23:01:31.217] [SEVERE ] setting player 3 freeze to 4213
[23:01:31.243] [SEVERE ] updating countdown to 57473
[23:01:31.285] [SEVERE ] setting player 3 freeze to 4145
[23:01:31.311] [SEVERE ] updating countdown to 57405
[23:01:31.312] [SEVERE ] setting player 3 freeze to 4118
[23:01:31.339] [SEVERE ] updating countdown to 57378
[23:01:31.358] [SEVERE ] setting player 3 freeze to 4072
[23:01:31.400] [SEVERE ] updating countdown to 57316
[23:01:31.402] [SEVERE ] setting player 3 freeze to 4028
[23:01:31.428] [SEVERE ] updating countdown to 57288
[23:01:31.429] [SEVERE ] setting player 3 freeze to 4001
[23:01:31.455] [SEVERE ] updating countdown to 57261
[23:01:31.457] [SEVERE ] setting player 3 freeze to 3973
[23:01:31.485] [SEVERE ] updating countdown to 57231
[23:01:31.493] [SEVERE ] setting player 3 freeze to 3937
[23:01:31.520] [SEVERE ] updating countdown to 57196
[23:01:31.520] [SEVERE ] setting player 3 freeze to 3910
[23:01:31.546] [SEVERE ] updating countdown to 57170
[23:01:31.549] [SEVERE ] setting player 3 freeze to 3881
[23:01:31.575] [SEVERE ] updating countdown to 57141
[23:01:31.577] [SEVERE ] setting player 3 freeze to 3853
[23:01:31.603] [SEVERE ] updating countdown to 57113
[23:01:31.608] [SEVERE ] setting player 3 freeze to 3822
[23:01:31.635] [SEVERE ] updating countdown to 57081
[23:01:31.636] [SEVERE ] setting player 3 freeze to 3794
[23:01:31.662] [SEVERE ] updating countdown to 57054
[23:01:31.663] [SEVERE ] setting player 3 freeze to 3767
[23:01:31.689] [SEVERE ] updating countdown to 57027
[23:01:31.690] [SEVERE ] setting player 3 freeze to 3740
[23:01:31.716] [SEVERE ] updating countdown to 57000
[23:01:31.717] [SEVERE ] setting player 3 freeze to 3713
[23:01:31.743] [SEVERE ] updating countdown to 56973
[23:01:31.763] [SEVERE ] setting player 3 freeze to 3667
[23:01:31.789] [SEVERE ] updating countdown to 56927
[23:01:31.790] [SEVERE ] setting player 3 freeze to 3640
[23:01:31.816] [SEVERE ] updating countdown to 56900
[23:01:31.817] [SEVERE ] setting player 3 freeze to 3613
[23:01:31.843] [SEVERE ] updating countdown to 56873
[23:01:31.845] [SEVERE ] setting player 3 freeze to 3585
[23:01:31.875] [SEVERE ] updating countdown to 56841
[23:01:31.877] [SEVERE ] setting player 3 freeze to 3553
[23:01:31.904] [SEVERE ] updating countdown to 56812
[23:01:31.910] [SEVERE ] setting player 3 freeze to 3520
[23:01:31.937] [SEVERE ] updating countdown to 56779
[23:01:31.971] [SEVERE ] setting player 3 freeze to 3459
[23:01:32.002] [SEVERE ] updating countdown to 56714
[23:01:32.002] [SEVERE ] setting player 3 freeze to 3428
[23:01:32.028] [SEVERE ] updating countdown to 56688
[23:01:32.029] [SEVERE ] setting player 3 freeze to 3401
[23:01:32.054] [SEVERE ] updating countdown to 56662
[23:01:32.055] [SEVERE ] setting player 3 freeze to 3375
[23:01:32.081] [SEVERE ] updating countdown to 56635
[23:01:32.098] [SEVERE ] setting player 3 freeze to 3332
[23:01:32.124] [SEVERE ] updating countdown to 56592
[23:01:32.124] [SEVERE ] setting player 3 freeze to 3306
[23:01:32.150] [SEVERE ] updating countdown to 56566
[23:01:32.151] [SEVERE ] setting player 3 freeze to 3279
[23:01:32.176] [SEVERE ] updating countdown to 56540
[23:01:32.177] [SEVERE ] setting player 3 freeze to 3253
[23:01:32.202] [SEVERE ] updating countdown to 56514
[23:01:32.203] [SEVERE ] setting player 3 freeze to 3227
[23:01:32.229] [SEVERE ] updating countdown to 56487
[23:01:32.229] [SEVERE ] setting player 3 freeze to 3201
[23:01:32.255] [SEVERE ] updating countdown to 56461
[23:01:32.256] [SEVERE ] setting player 3 freeze to 3174
[23:01:32.284] [SEVERE ] updating countdown to 56432
[23:01:32.285] [SEVERE ] setting player 3 freeze to 3145
[23:01:32.310] [SEVERE ] updating countdown to 56406
[23:01:32.310] [SEVERE ] setting player 3 freeze to 3120
[23:01:32.336] [SEVERE ] updating countdown to 56380
[23:01:32.350] [SEVERE ] setting player 3 freeze to 3080
[23:01:32.375] [SEVERE ] updating countdown to 56341
[23:01:32.376] [SEVERE ] setting player 3 freeze to 3054
[23:01:32.402] [SEVERE ] updating countdown to 56314
[23:01:32.406] [SEVERE ] setting player 3 freeze to 3024
[23:01:32.438] [SEVERE ] updating countdown to 56278
[23:01:32.439] [SEVERE ] setting player 3 freeze to 2991
[23:01:32.466] [SEVERE ] updating countdown to 56251
[23:01:32.466] [SEVERE ] setting player 3 freeze to 2964
[23:01:32.492] [SEVERE ] updating countdown to 56224
[23:01:32.494] [SEVERE ] setting player 3 freeze to 2936
[23:01:32.522] [SEVERE ] updating countdown to 56194
[23:01:32.523] [SEVERE ] setting player 3 freeze to 2907
[23:01:32.549] [SEVERE ] updating countdown to 56167
[23:01:32.587] [SEVERE ] setting player 3 freeze to 2843
[23:01:32.612] [SEVERE ] updating countdown to 56104
[23:01:32.613] [SEVERE ] setting player 3 freeze to 2817
[23:01:32.639] [SEVERE ] updating countdown to 56077
[23:01:32.670] [SEVERE ] setting player 3 freeze to 2760
[23:01:32.702] [SEVERE ] updating countdown to 56014
[23:01:32.703] [SEVERE ] setting player 3 freeze to 2727
[23:01:32.728] [SEVERE ] updating countdown to 55988
[23:01:32.729] [SEVERE ] setting player 3 freeze to 2701
[23:01:32.755] [SEVERE ] updating countdown to 55961
[23:01:32.761] [SEVERE ] setting player 3 freeze to 2669
[23:01:32.816] [SEVERE ] updating countdown to 55900
[23:01:32.819] [SEVERE ] setting player 3 freeze to 2611
[23:01:32.844] [SEVERE ] updating countdown to 55872
[23:01:32.845] [SEVERE ] setting player 3 freeze to 2585
[23:01:32.870] [SEVERE ] updating countdown to 55846
[23:01:32.871] [SEVERE ] setting player 3 freeze to 2559
[23:01:32.897] [SEVERE ] updating countdown to 55819
[23:01:32.898] [SEVERE ] setting player 3 freeze to 2532
[23:01:32.924] [SEVERE ] updating countdown to 55792
[23:01:32.925] [SEVERE ] setting player 3 freeze to 2505
[23:01:32.950] [SEVERE ] updating countdown to 55766
[23:01:32.951] [SEVERE ] setting player 3 freeze to 2479
[23:01:32.976] [SEVERE ] updating countdown to 55740
[23:01:32.977] [SEVERE ] setting player 3 freeze to 2453
[23:01:33.002] [SEVERE ] updating countdown to 55714
[23:01:33.003] [SEVERE ] setting player 3 freeze to 2427
[23:01:33.029] [SEVERE ] updating countdown to 55687
[23:01:33.073] [SEVERE ] setting player 3 freeze to 2357
[23:01:33.123] [SEVERE ] updating countdown to 55593
[23:01:33.124] [SEVERE ] setting player 3 freeze to 2306
[23:01:33.150] [SEVERE ] updating countdown to 55566
[23:01:33.151] [SEVERE ] setting player 3 freeze to 2279
[23:01:33.177] [SEVERE ] updating countdown to 55539
[23:01:33.179] [SEVERE ] setting player 3 freeze to 2251
[23:01:33.205] [SEVERE ] updating countdown to 55511
[23:01:33.207] [SEVERE ] setting player 3 freeze to 2223
[23:01:33.233] [SEVERE ] updating countdown to 55483
[23:01:33.340] [SEVERE ] setting player 3 freeze to 2090
[23:01:33.366] [SEVERE ] updating countdown to 55350
[23:01:33.367] [SEVERE ] setting player 3 freeze to 2063
[23:01:33.393] [SEVERE ] updating countdown to 55323
[23:01:33.394] [SEVERE ] setting player 3 freeze to 2037
[23:01:33.420] [SEVERE ] updating countdown to 55296
[23:01:33.436] [SEVERE ] setting player 3 freeze to 1994
[23:01:33.465] [SEVERE ] updating countdown to 55251
[23:01:33.481] [SEVERE ] setting player 3 freeze to 1949
[23:01:33.515] [SEVERE ] updating countdown to 55201
[23:01:33.516] [SEVERE ] setting player 3 freeze to 1914
[23:01:33.541] [SEVERE ] updating countdown to 55175
[23:01:33.542] [SEVERE ] setting player 3 freeze to 1888
[23:01:33.568] [SEVERE ] updating countdown to 55148
[23:01:33.569] [SEVERE ] setting player 3 freeze to 1861
[23:01:33.596] [SEVERE ] updating countdown to 55120
[23:01:33.599] [SEVERE ] setting player 3 freeze to 1831
[23:01:33.639] [SEVERE ] updating countdown to 55077
[23:01:33.653] [SEVERE ] setting player 3 freeze to 1777
[23:01:33.681] [SEVERE ] updating countdown to 55035
[23:01:33.682] [SEVERE ] setting player 3 freeze to 1749
[23:01:33.707] [SEVERE ] updating countdown to 55009
[23:01:33.708] [SEVERE ] setting player 3 freeze to 1722
[23:01:33.734] [SEVERE ] updating countdown to 54982
[23:01:33.735] [SEVERE ] setting player 3 freeze to 1695
[23:01:33.762] [SEVERE ] updating countdown to 54954
[23:01:33.767] [SEVERE ] setting player 3 freeze to 1663
[23:01:33.794] [SEVERE ] updating countdown to 54922
[23:01:33.795] [SEVERE ] setting player 3 freeze to 1635
[23:01:33.821] [SEVERE ] updating countdown to 54895
[23:01:33.821] [SEVERE ] setting player 3 freeze to 1609
[23:01:33.847] [SEVERE ] updating countdown to 54869
[23:01:33.848] [SEVERE ] setting player 3 freeze to 1582
[23:01:33.874] [SEVERE ] updating countdown to 54842
[23:01:33.887] [SEVERE ] setting player 3 freeze to 1543
[23:01:33.914] [SEVERE ] updating countdown to 54802
[23:01:33.915] [SEVERE ] setting player 3 freeze to 1515
[23:01:33.941] [SEVERE ] updating countdown to 54775
[23:01:33.975] [SEVERE ] setting player 3 freeze to 1455
[23:01:34.001] [SEVERE ] updating countdown to 54715
[23:01:34.002] [SEVERE ] setting player 3 freeze to 1428
[23:01:34.028] [SEVERE ] updating countdown to 54688
[23:01:34.028] [SEVERE ] setting player 3 freeze to 1402
[23:01:34.054] [SEVERE ] updating countdown to 54662
[23:01:34.056] [SEVERE ] setting player 3 freeze to 1374
[23:01:34.083] [SEVERE ] updating countdown to 54633
[23:01:34.085] [SEVERE ] setting player 3 freeze to 1345
[23:01:34.112] [SEVERE ] updating countdown to 54604
[23:01:34.113] [SEVERE ] setting player 3 freeze to 1317
[23:01:34.139] [SEVERE ] updating countdown to 54577
[23:01:34.140] [SEVERE ] setting player 3 freeze to 1290
[23:01:34.166] [SEVERE ] updating countdown to 54550
[23:01:34.167] [SEVERE ] setting player 3 freeze to 1263
[23:01:34.194] [SEVERE ] updating countdown to 54522
[23:01:34.198] [SEVERE ] setting player 3 freeze to 1232
[23:01:34.226] [SEVERE ] updating countdown to 54490
[23:01:34.233] [SEVERE ] setting player 3 freeze to 1197
[23:01:34.260] [SEVERE ] updating countdown to 54456
[23:01:34.260] [SEVERE ] setting player 3 freeze to 1170
[23:01:34.286] [SEVERE ] updating countdown to 54430
[23:01:34.286] [SEVERE ] setting player 3 freeze to 1144
[23:01:34.312] [SEVERE ] updating countdown to 54404
[23:01:34.314] [SEVERE ] setting player 3 freeze to 1116
[23:01:34.341] [SEVERE ] updating countdown to 54375
[23:01:34.342] [SEVERE ] setting player 3 freeze to 1088
[23:01:34.367] [SEVERE ] updating countdown to 54349
[23:01:34.368] [SEVERE ] setting player 3 freeze to 1062
[23:01:34.393] [SEVERE ] updating countdown to 54323
[23:01:34.393] [SEVERE ] setting player 3 freeze to 1037
[23:01:34.419] [SEVERE ] updating countdown to 54297
[23:01:34.420] [SEVERE ] setting player 3 freeze to 1010
[23:01:34.445] [SEVERE ] updating countdown to 54271
[23:01:34.446] [SEVERE ] setting player 3 freeze to 984
[23:01:34.472] [SEVERE ] updating countdown to 54244
[23:01:34.497] [SEVERE ] setting player 3 freeze to 933
[23:01:34.523] [SEVERE ] updating countdown to 54193
[23:01:34.524] [SEVERE ] setting player 3 freeze to 906
[23:01:34.550] [SEVERE ] updating countdown to 54166
[23:01:34.554] [SEVERE ] setting player 3 freeze to 876
[23:01:34.581] [SEVERE ] updating countdown to 54135
[23:01:34.582] [SEVERE ] setting player 3 freeze to 848
[23:01:34.607] [SEVERE ] updating countdown to 54109
[23:01:34.608] [SEVERE ] setting player 3 freeze to 822
[23:01:34.634] [SEVERE ] updating countdown to 54082
[23:01:34.649] [SEVERE ] setting player 3 freeze to 781
[23:01:34.674] [SEVERE ] updating countdown to 54042
[23:01:34.677] [SEVERE ] setting player 3 freeze to 753
[23:01:34.707] [SEVERE ] updating countdown to 54009
[23:01:34.711] [SEVERE ] setting player 3 freeze to 719
[23:01:34.738] [SEVERE ] updating countdown to 53978
[23:01:34.739] [SEVERE ] setting player 3 freeze to 691
[23:01:34.765] [SEVERE ] updating countdown to 53952
[23:01:34.765] [SEVERE ] setting player 3 freeze to 665
[23:01:34.791] [SEVERE ] updating countdown to 53925
[23:01:34.792] [SEVERE ] setting player 3 freeze to 638
[23:01:34.818] [SEVERE ] updating countdown to 53898
[23:01:34.838] [SEVERE ] setting player 3 freeze to 592
[23:01:34.864] [SEVERE ] updating countdown to 53852
[23:01:34.881] [SEVERE ] setting player 3 freeze to 549
[23:01:34.907] [SEVERE ] updating countdown to 53809
[23:01:34.907] [SEVERE ] setting player 3 freeze to 523
[23:01:34.933] [SEVERE ] updating countdown to 53783
[23:01:34.934] [SEVERE ] setting player 3 freeze to 496
[23:01:34.959] [SEVERE ] updating countdown to 53757
[23:01:34.967] [SEVERE ] setting player 3 freeze to 463
[23:01:34.993] [SEVERE ] updating countdown to 53723
[23:01:34.994] [SEVERE ] setting player 3 freeze to 436
[23:01:35.019] [SEVERE ] updating countdown to 53697
[23:01:35.020] [SEVERE ] setting player 3 freeze to 410
[23:01:35.045] [SEVERE ] updating countdown to 53671
[23:01:35.046] [SEVERE ] setting player 3 freeze to 384
[23:01:35.071] [SEVERE ] updating countdown to 53645
[23:01:35.077] [SEVERE ] setting player 3 freeze to 353
[23:01:35.103] [SEVERE ] updating countdown to 53613
[23:01:35.103] [SEVERE ] setting player 3 freeze to 327
[23:01:35.129] [SEVERE ] updating countdown to 53587
[23:01:35.129] [SEVERE ] setting player 3 freeze to 301
[23:01:35.155] [SEVERE ] updating countdown to 53561
[23:01:35.155] [SEVERE ] setting player 3 freeze to 275
[23:01:35.181] [SEVERE ] updating countdown to 53535
[23:01:35.181] [SEVERE ] setting player 3 freeze to 249
[23:01:35.207] [SEVERE ] updating countdown to 53509
[23:01:35.208] [SEVERE ] setting player 3 freeze to 222
[23:01:35.234] [SEVERE ] updating countdown to 53482
[23:01:35.235] [SEVERE ] setting player 3 freeze to 195
[23:01:35.260] [SEVERE ] updating countdown to 53456
[23:01:35.261] [SEVERE ] setting player 3 freeze to 169
[23:01:35.287] [SEVERE ] updating countdown to 53429
[23:01:35.288] [SEVERE ] setting player 3 freeze to 142
[23:01:35.315] [SEVERE ] updating countdown to 53401
[23:01:35.316] [SEVERE ] setting player 3 freeze to 114
[23:01:35.343] [SEVERE ] updating countdown to 53373
[23:01:35.344] [SEVERE ] setting player 3 freeze to 86
[23:01:35.371] [SEVERE ] updating countdown to 53345
[23:01:35.421] [SEVERE ] setting player 3 freeze to 9
[23:01:35.448] [SEVERE ] updating countdown to 53268
[23:01:35.449] [SEVERE ] setting player 3 freeze to -19
[23:01:35.475] [SEVERE ] updating countdown to 53241
[23:01:35.501] [SEVERE ] updating countdown to 53215
[23:01:35.534] [SEVERE ] updating countdown to 53182
[23:01:35.561] [SEVERE ] updating countdown to 53155
[23:01:35.600] [SEVERE ] updating countdown to 53116
[23:01:35.630] [SEVERE ] updating countdown to 53086
[23:01:35.686] [SEVERE ] updating countdown to 53030
[23:01:35.712] [SEVERE ] updating countdown to 53004
[23:01:35.745] [SEVERE ] updating countdown to 52971
[23:01:35.775] [SEVERE ] updating countdown to 52941
[23:01:35.801] [SEVERE ] updating countdown to 52915
[23:01:35.857] [SEVERE ] updating countdown to 52859
[23:01:35.884] [SEVERE ] updating countdown to 52832
[23:01:35.925] [SEVERE ] updating countdown to 52791
[23:01:35.954] [SEVERE ] updating countdown to 52762
[23:01:35.980] [SEVERE ] updating countdown to 52736
[23:01:36.006] [SEVERE ] updating countdown to 52710
[23:01:36.033] [SEVERE ] updating countdown to 52683
[23:01:36.059] [SEVERE ] updating countdown to 52657
[23:01:36.087] [SEVERE ] updating countdown to 52629
[23:01:36.174] [SEVERE ] updating countdown to 52542
[23:01:36.201] [SEVERE ] updating countdown to 52515
[23:01:36.230] [SEVERE ] updating countdown to 52486
[23:01:36.256] [SEVERE ] updating countdown to 52460
[23:01:36.313] [SEVERE ] updating countdown to 52403
[23:01:36.339] [SEVERE ] updating countdown to 52377
[23:01:36.365] [SEVERE ] updating countdown to 52351
[23:01:36.392] [SEVERE ] updating countdown to 52324
[23:01:36.420] [SEVERE ] updating countdown to 52296
[23:01:36.447] [SEVERE ] updating countdown to 52269
[23:01:36.472] [SEVERE ] updating countdown to 52244
[23:01:36.498] [SEVERE ] updating countdown to 52218
[23:01:36.533] [SEVERE ] updating countdown to 52183
[23:01:36.560] [SEVERE ] updating countdown to 52156
[23:01:36.586] [SEVERE ] updating countdown to 52130
[23:01:36.612] [SEVERE ] updating countdown to 52104
[23:01:36.641] [SEVERE ] updating countdown to 52075
[23:01:36.667] [SEVERE ] updating countdown to 52049
[23:01:36.714] [SEVERE ] updating countdown to 52002
[23:01:36.740] [SEVERE ] updating countdown to 51976
[23:01:36.766] [SEVERE ] updating countdown to 51950
[23:01:36.791] [SEVERE ] updating countdown to 51925
[23:01:36.837] [SEVERE ] updating countdown to 51879
[23:01:36.863] [SEVERE ] updating countdown to 51853
[23:01:36.889] [SEVERE ] updating countdown to 51827
[23:01:36.915] [SEVERE ] updating countdown to 51801
[23:01:36.940] [SEVERE ] updating countdown to 51776
[23:01:36.967] [SEVERE ] updating countdown to 51750
[23:01:36.996] [SEVERE ] updating countdown to 51720
[23:01:37.029] [SEVERE ] updating countdown to 51687
[23:01:37.055] [SEVERE ] updating countdown to 51661
[23:01:37.080] [SEVERE ] updating countdown to 51636
[23:01:37.107] [SEVERE ] updating countdown to 51609
[23:01:37.133] [SEVERE ] updating countdown to 51583
[23:01:37.170] [SEVERE ] updating countdown to 51546
[23:01:37.196] [SEVERE ] updating countdown to 51520
[23:01:37.224] [SEVERE ] updating countdown to 51492
[23:01:37.250] [SEVERE ] updating countdown to 51466
[23:01:37.277] [SEVERE ] updating countdown to 51439
[23:01:37.303] [SEVERE ] updating countdown to 51413
[23:01:37.331] [SEVERE ] updating countdown to 51385
[23:01:37.357] [SEVERE ] updating countdown to 51359
[23:01:37.394] [SEVERE ] updating countdown to 51322
[23:01:37.425] [SEVERE ] updating countdown to 51291
[23:01:37.451] [SEVERE ] updating countdown to 51265
[23:01:37.477] [SEVERE ] updating countdown to 51239
[23:01:37.507] [SEVERE ] updating countdown to 51209
[23:01:37.533] [SEVERE ] updating countdown to 51183
[23:01:37.559] [SEVERE ] updating countdown to 51157
[23:01:37.585] [SEVERE ] updating countdown to 51131
[23:01:37.610] [SEVERE ] updating countdown to 51106
[23:01:37.637] [SEVERE ] updating countdown to 51079
[23:01:37.664] [SEVERE ] updating countdown to 51052
[23:01:37.714] [SEVERE ] updating countdown to 51002
[23:01:37.740] [SEVERE ] updating countdown to 50976
[23:01:37.772] [SEVERE ] updating countdown to 50944
[23:01:37.799] [SEVERE ] updating countdown to 50917
[23:01:37.858] [SEVERE ] updating countdown to 50858
[23:01:37.884] [SEVERE ] updating countdown to 50832
[23:01:37.909] [SEVERE ] updating countdown to 50807
[23:01:37.935] [SEVERE ] updating countdown to 50781
[23:01:37.978] [SEVERE ] updating countdown to 50738
[23:01:38.005] [SEVERE ] updating countdown to 50711
[23:01:38.059] [SEVERE ] updating countdown to 50657
[23:01:38.085] [SEVERE ] updating countdown to 50631
[23:01:38.112] [SEVERE ] updating countdown to 50604
[23:01:38.138] [SEVERE ] updating countdown to 50578
[23:01:38.168] [SEVERE ] updating countdown to 50548
[23:01:38.195] [SEVERE ] updating countdown to 50521
[23:01:38.297] [SEVERE ] updating countdown to 50419
[23:01:38.323] [SEVERE ] updating countdown to 50393
[23:01:38.350] [SEVERE ] updating countdown to 50366
[23:01:38.376] [SEVERE ] updating countdown to 50340
[23:01:38.403] [SEVERE ] updating countdown to 50313
[23:01:38.429] [SEVERE ] updating countdown to 50287
[23:01:38.454] [SEVERE ] updating countdown to 50262
[23:01:38.480] [SEVERE ] updating countdown to 50236
[23:01:38.508] [SEVERE ] updating countdown to 50208
[23:01:38.536] [SEVERE ] updating countdown to 50180
[23:01:38.562] [SEVERE ] updating countdown to 50154
[23:01:38.657] [SEVERE ] updating countdown to 50059
[23:01:38.682] [SEVERE ] updating countdown to 50034
[23:01:38.708] [SEVERE ] updating countdown to 50008
[23:01:38.733] [SEVERE ] updating countdown to 49983
[23:01:38.759] [SEVERE ] updating countdown to 49957
[23:01:38.785] [SEVERE ] updating countdown to 49931
[23:01:38.868] [SEVERE ] updating countdown to 49848
[23:01:38.894] [SEVERE ] updating countdown to 49822
[23:01:38.922] [SEVERE ] updating countdown to 49794
[23:01:38.957] [SEVERE ] updating countdown to 49759
[23:01:38.987] [SEVERE ] updating countdown to 49729
[23:01:39.026] [SEVERE ] updating countdown to 49690
[23:01:39.053] [SEVERE ] updating countdown to 49663
[23:01:39.080] [SEVERE ] updating countdown to 49636
[23:01:39.116] [SEVERE ] updating countdown to 49600
[23:01:39.159] [SEVERE ] updating countdown to 49557
[23:01:39.185] [SEVERE ] updating countdown to 49531
[23:01:39.211] [SEVERE ] updating countdown to 49505
[23:01:39.237] [SEVERE ] updating countdown to 49479
[23:01:39.263] [SEVERE ] updating countdown to 49453
[23:01:39.305] [SEVERE ] updating countdown to 49411
[23:01:39.348] [SEVERE ] updating countdown to 49368
[23:01:39.373] [SEVERE ] updating countdown to 49343
[23:01:39.400] [SEVERE ] updating countdown to 49316
[23:01:39.434] [SEVERE ] updating countdown to 49282
[23:01:39.468] [SEVERE ] updating countdown to 49248
[23:01:39.494] [SEVERE ] updating countdown to 49222
[23:01:39.520] [SEVERE ] updating countdown to 49196
[23:01:39.547] [SEVERE ] updating countdown to 49169
[23:01:39.573] [SEVERE ] updating countdown to 49143
[23:01:39.599] [SEVERE ] updating countdown to 49117
[23:01:39.656] [SEVERE ] updating countdown to 49060
[23:01:39.682] [SEVERE ] updating countdown to 49034
[23:01:39.708] [SEVERE ] updating countdown to 49008
[23:01:39.734] [SEVERE ] updating countdown to 48982
[23:01:39.761] [SEVERE ] updating countdown to 48956
[23:01:39.787] [SEVERE ] updating countdown to 48929
[23:01:39.813] [SEVERE ] updating countdown to 48903
[23:01:39.852] [SEVERE ] updating countdown to 48864
[23:01:39.883] [SEVERE ] updating countdown to 48833
[23:01:39.910] [SEVERE ] updating countdown to 48806
[23:01:39.937] [SEVERE ] updating countdown to 48779
[23:01:39.964] [SEVERE ] updating countdown to 48752
[23:01:39.998] [SEVERE ] updating countdown to 48718
[23:01:40.027] [SEVERE ] updating countdown to 48689
[23:01:40.091] [SEVERE ] updating countdown to 48625
[23:01:40.117] [SEVERE ] updating countdown to 48599
[23:01:40.143] [SEVERE ] updating countdown to 48573
[23:01:40.170] [SEVERE ] updating countdown to 48546
[23:01:40.196] [SEVERE ] updating countdown to 48520
[23:01:40.222] [SEVERE ] updating countdown to 48494
[23:01:40.248] [SEVERE ] updating countdown to 48468
[23:01:40.274] [SEVERE ] updating countdown to 48442
[23:01:40.301] [SEVERE ] updating countdown to 48415
[23:01:40.327] [SEVERE ] updating countdown to 48389
[23:01:40.353] [SEVERE ] updating countdown to 48363
[23:01:40.379] [SEVERE ] updating countdown to 48337
[23:01:40.406] [SEVERE ] updating countdown to 48310
[23:01:40.438] [SEVERE ] updating countdown to 48278
[23:01:40.464] [SEVERE ] updating countdown to 48252
[23:01:40.491] [SEVERE ] updating countdown to 48225
[23:01:40.517] [SEVERE ] updating countdown to 48199
[23:01:40.544] [SEVERE ] updating countdown to 48172
[23:01:40.570] [SEVERE ] updating countdown to 48146
[23:01:40.596] [SEVERE ] updating countdown to 48120
[23:01:40.623] [SEVERE ] updating countdown to 48093
[23:01:40.649] [SEVERE ] updating countdown to 48067
[23:01:40.676] [SEVERE ] updating countdown to 48040
[23:01:40.702] [SEVERE ] updating countdown to 48014
[23:01:40.728] [SEVERE ] updating countdown to 47988
[23:01:40.756] [SEVERE ] updating countdown to 47960
[23:01:40.781] [SEVERE ] updating countdown to 47935
[23:01:40.807] [SEVERE ] updating countdown to 47909
[23:01:40.833] [SEVERE ] updating countdown to 47883
[23:01:40.859] [SEVERE ] updating countdown to 47857
[23:01:40.885] [SEVERE ] updating countdown to 47831
[23:01:40.911] [SEVERE ] updating countdown to 47805
[23:01:40.938] [SEVERE ] updating countdown to 47778
[23:01:40.972] [SEVERE ] updating countdown to 47745
[23:01:41.018] [SEVERE ] updating countdown to 47698
[23:01:41.058] [SEVERE ] updating countdown to 47658
[23:01:41.085] [SEVERE ] updating countdown to 47631
[23:01:41.117] [SEVERE ] updating countdown to 47599
[23:01:41.143] [SEVERE ] updating countdown to 47573
[23:01:41.171] [SEVERE ] updating countdown to 47545
[23:01:41.198] [SEVERE ] updating countdown to 47518
[23:01:41.244] [SEVERE ] updating countdown to 47472
[23:01:41.271] [SEVERE ] updating countdown to 47445
[23:01:41.297] [SEVERE ] updating countdown to 47419
[23:01:41.324] [SEVERE ] updating countdown to 47392
[23:01:41.350] [SEVERE ] updating countdown to 47366
[23:01:41.377] [SEVERE ] updating countdown to 47339
[23:01:41.417] [SEVERE ] updating countdown to 47299
[23:01:41.443] [SEVERE ] updating countdown to 47273
[23:01:41.471] [SEVERE ] updating countdown to 47245
[23:01:41.497] [SEVERE ] updating countdown to 47219
[23:01:41.523] [SEVERE ] updating countdown to 47193
[23:01:41.549] [SEVERE ] updating countdown to 47167
[23:01:41.576] [SEVERE ] updating countdown to 47140
[23:01:41.606] [SEVERE ] updating countdown to 47110
[23:01:41.632] [SEVERE ] updating countdown to 47084
[23:01:41.658] [SEVERE ] updating countdown to 47058
[23:01:41.684] [SEVERE ] updating countdown to 47032
[23:01:41.712] [SEVERE ] updating countdown to 47004
[23:01:41.738] [SEVERE ] updating countdown to 46978
[23:01:41.766] [SEVERE ] updating countdown to 46950
[23:01:41.791] [SEVERE ] updating countdown to 46925
[23:01:41.817] [SEVERE ] updating countdown to 46899
[23:01:41.843] [SEVERE ] updating countdown to 46873
[23:01:41.869] [SEVERE ] updating countdown to 46847
[23:01:41.895] [SEVERE ] updating countdown to 46821
[23:01:41.924] [SEVERE ] updating countdown to 46792
[23:01:41.951] [SEVERE ] updating countdown to 46765
[23:01:41.980] [SEVERE ] updating countdown to 46736
[23:01:42.010] [SEVERE ] updating countdown to 46706
[23:01:42.036] [SEVERE ] updating countdown to 46680
[23:01:42.062] [SEVERE ] updating countdown to 46654
[23:01:42.090] [SEVERE ] updating countdown to 46626
[23:01:42.116] [SEVERE ] updating countdown to 46600
[23:01:42.153] [SEVERE ] updating countdown to 46563
[23:01:42.178] [SEVERE ] updating countdown to 46538
[23:01:42.205] [SEVERE ] updating countdown to 46511
[23:01:42.232] [SEVERE ] updating countdown to 46484
[23:01:42.258] [SEVERE ] updating countdown to 46458
[23:01:42.284] [SEVERE ] updating countdown to 46432
[23:01:42.310] [SEVERE ] updating countdown to 46406
[23:01:42.340] [SEVERE ] updating countdown to 46376
[23:01:42.366] [SEVERE ] updating countdown to 46350
[23:01:42.414] [SEVERE ] updating countdown to 46302
[23:01:42.441] [SEVERE ] updating countdown to 46275
[23:01:42.467] [SEVERE ] updating countdown to 46249
[23:01:42.512] [SEVERE ] updating countdown to 46204
[23:01:42.540] [SEVERE ] updating countdown to 46176
[23:01:42.566] [SEVERE ] updating countdown to 46150
[23:01:42.592] [SEVERE ] updating countdown to 46124
[23:01:42.619] [SEVERE ] updating countdown to 46097
[23:01:42.645] [SEVERE ] updating countdown to 46071
[23:01:42.711] [SEVERE ] updating countdown to 46005
[23:01:42.737] [SEVERE ] updating countdown to 45979
[23:01:42.763] [SEVERE ] updating countdown to 45953
[23:01:42.789] [SEVERE ] updating countdown to 45927
[23:01:42.815] [SEVERE ] updating countdown to 45901
[23:01:42.863] [SEVERE ] updating countdown to 45853
[23:01:42.908] [SEVERE ] updating countdown to 45808
[23:01:42.933] [SEVERE ] updating countdown to 45783
[23:01:42.959] [SEVERE ] updating countdown to 45757
[23:01:42.985] [SEVERE ] updating countdown to 45731
[23:01:43.010] [SEVERE ] updating countdown to 45706
[23:01:43.036] [SEVERE ] updating countdown to 45680
[23:01:43.062] [SEVERE ] updating countdown to 45654
[23:01:43.088] [SEVERE ] updating countdown to 45628
[23:01:43.149] [SEVERE ] updating countdown to 45567
[23:01:43.176] [SEVERE ] updating countdown to 45540
[23:01:43.216] [SEVERE ] updating countdown to 45500
[23:01:43.246] [SEVERE ] updating countdown to 45470
[23:01:43.272] [SEVERE ] updating countdown to 45444
[23:01:43.318] [SEVERE ] updating countdown to 45398
[23:01:43.344] [SEVERE ] updating countdown to 45372
[23:01:43.374] [SEVERE ] updating countdown to 45342
[23:01:43.400] [SEVERE ] updating countdown to 45316
[23:01:43.431] [SEVERE ] updating countdown to 45285
[23:01:43.456] [SEVERE ] updating countdown to 45260
[23:01:43.482] [SEVERE ] updating countdown to 45234
[23:01:43.511] [SEVERE ] updating countdown to 45205
[23:01:43.537] [SEVERE ] updating countdown to 45179
[23:01:43.563] [SEVERE ] updating countdown to 45153
[23:01:43.588] [SEVERE ] updating countdown to 45128
[23:01:43.615] [SEVERE ] updating countdown to 45101
[23:01:43.641] [SEVERE ] updating countdown to 45075
[23:01:43.666] [SEVERE ] updating countdown to 45050
[23:01:43.692] [SEVERE ] updating countdown to 45024
[23:01:43.718] [SEVERE ] updating countdown to 44998
[23:01:43.745] [SEVERE ] updating countdown to 44971
[23:01:43.771] [SEVERE ] updating countdown to 44945
[23:01:43.796] [SEVERE ] updating countdown to 44920
[23:01:43.822] [SEVERE ] updating countdown to 44894
[23:01:43.863] [SEVERE ] updating countdown to 44853
[23:01:43.889] [SEVERE ] updating countdown to 44827
[23:01:43.915] [SEVERE ] updating countdown to 44801
[23:01:43.941] [SEVERE ] updating countdown to 44775
[23:01:43.967] [SEVERE ] updating countdown to 44749
[23:01:43.993] [SEVERE ] updating countdown to 44723
[23:01:44.019] [SEVERE ] updating countdown to 44697
[23:01:44.045] [SEVERE ] updating countdown to 44671
[23:01:44.071] [SEVERE ] updating countdown to 44645
[23:01:44.097] [SEVERE ] updating countdown to 44619
[23:01:44.123] [SEVERE ] updating countdown to 44593
[23:01:44.149] [SEVERE ] updating countdown to 44567
[23:01:44.175] [SEVERE ] updating countdown to 44541
[23:01:44.215] [SEVERE ] updating countdown to 44501
[23:01:44.241] [SEVERE ] updating countdown to 44476
[23:01:44.266] [SEVERE ] updating countdown to 44450
[23:01:44.291] [SEVERE ] updating countdown to 44425
[23:01:44.317] [SEVERE ] updating countdown to 44399
[23:01:44.343] [SEVERE ] updating countdown to 44373
[23:01:44.369] [SEVERE ] updating countdown to 44347
[23:01:44.395] [SEVERE ] updating countdown to 44321
[23:01:44.421] [SEVERE ] updating countdown to 44295
[23:01:44.463] [SEVERE ] updating countdown to 44253
[23:01:44.489] [SEVERE ] updating countdown to 44227
[23:01:44.515] [SEVERE ] updating countdown to 44201
[23:01:44.541] [SEVERE ] updating countdown to 44175
[23:01:44.567] [SEVERE ] updating countdown to 44149
[23:01:44.595] [SEVERE ] updating countdown to 44121
[23:01:44.634] [SEVERE ] updating countdown to 44082
[23:01:44.661] [SEVERE ] updating countdown to 44055
[23:01:44.687] [SEVERE ] updating countdown to 44029
[23:01:44.716] [SEVERE ] updating countdown to 44000
[23:01:44.742] [SEVERE ] updating countdown to 43974
[23:01:44.768] [SEVERE ] updating countdown to 43948
[23:01:44.794] [SEVERE ] updating countdown to 43922
[23:01:44.819] [SEVERE ] updating countdown to 43897
[23:01:44.845] [SEVERE ] updating countdown to 43871
[23:01:44.871] [SEVERE ] updating countdown to 43845
[23:01:44.898] [SEVERE ] updating countdown to 43818
[23:01:44.925] [SEVERE ] updating countdown to 43791
[23:01:45.012] [SEVERE ] updating countdown to 43704
[23:01:45.037] [SEVERE ] updating countdown to 43679
[23:01:45.063] [SEVERE ] updating countdown to 43653
[23:01:45.088] [SEVERE ] updating countdown to 43628
[23:01:45.114] [SEVERE ] updating countdown to 43602
[23:01:45.139] [SEVERE ] updating countdown to 43577
[23:01:45.165] [SEVERE ] updating countdown to 43551
[23:01:45.191] [SEVERE ] updating countdown to 43525
[23:01:45.218] [SEVERE ] updating countdown to 43498
[23:01:45.247] [SEVERE ] updating countdown to 43469
[23:01:45.273] [SEVERE ] updating countdown to 43443
[23:01:45.299] [SEVERE ] updating countdown to 43417
[23:01:45.325] [SEVERE ] updating countdown to 43391
[23:01:45.351] [SEVERE ] updating countdown to 43365
[23:01:45.411] [SEVERE ] updating countdown to 43305
[23:01:45.438] [SEVERE ] updating countdown to 43278
[23:01:45.473] [SEVERE ] updating countdown to 43243
[23:01:45.500] [SEVERE ] updating countdown to 43216
[23:01:45.526] [SEVERE ] updating countdown to 43190
[23:01:45.619] [SEVERE ] updating countdown to 43097
[23:01:45.646] [SEVERE ] updating countdown to 43070
[23:01:45.676] [SEVERE ] updating countdown to 43040
[23:01:45.702] [SEVERE ] updating countdown to 43015
[23:01:45.728] [SEVERE ] updating countdown to 42988
[23:01:45.763] [SEVERE ] updating countdown to 42953
[23:01:45.789] [SEVERE ] updating countdown to 42927
[23:01:45.814] [SEVERE ] updating countdown to 42902
[23:01:45.840] [SEVERE ] updating countdown to 42876
[23:01:45.876] [SEVERE ] updating countdown to 42840
[23:01:45.902] [SEVERE ] updating countdown to 42814
[23:01:45.928] [SEVERE ] updating countdown to 42788
[23:01:45.959] [SEVERE ] updating countdown to 42757
[23:01:45.987] [SEVERE ] updating countdown to 42729
[23:01:46.018] [SEVERE ] updating countdown to 42698
[23:01:46.057] [SEVERE ] updating countdown to 42659
[23:01:46.083] [SEVERE ] updating countdown to 42633
[23:01:46.109] [SEVERE ] updating countdown to 42607
[23:01:46.135] [SEVERE ] updating countdown to 42581
[23:01:46.162] [SEVERE ] updating countdown to 42554
[23:01:46.189] [SEVERE ] updating countdown to 42527
[23:01:46.239] [SEVERE ] updating countdown to 42477
[23:01:46.265] [SEVERE ] updating countdown to 42451
[23:01:46.301] [SEVERE ] updating countdown to 42415
[23:01:46.327] [SEVERE ] updating countdown to 42389
[23:01:46.353] [SEVERE ] updating countdown to 42363
[23:01:46.440] [SEVERE ] updating countdown to 42276
[23:01:46.466] [SEVERE ] updating countdown to 42250
[23:01:46.500] [SEVERE ] updating countdown to 42216
[23:01:46.527] [SEVERE ] updating countdown to 42189
[23:01:46.554] [SEVERE ] updating countdown to 42162
[23:01:46.588] [SEVERE ] updating countdown to 42128
[23:01:46.614] [SEVERE ] updating countdown to 42102
[23:01:46.640] [SEVERE ] updating countdown to 42076
[23:01:46.666] [SEVERE ] updating countdown to 42050
[23:01:46.696] [SEVERE ] updating countdown to 42020
[23:01:46.723] [SEVERE ] updating countdown to 41993
[23:01:46.749] [SEVERE ] updating countdown to 41967
[23:01:46.775] [SEVERE ] updating countdown to 41941
[23:01:46.801] [SEVERE ] updating countdown to 41915
[23:01:46.829] [SEVERE ] updating countdown to 41887
[23:01:46.867] [SEVERE ] updating countdown to 41849
[23:01:46.893] [SEVERE ] updating countdown to 41823
[23:01:46.920] [SEVERE ] updating countdown to 41796
[23:01:46.946] [SEVERE ] updating countdown to 41770
[23:01:46.972] [SEVERE ] updating countdown to 41744
[23:01:46.998] [SEVERE ] updating countdown to 41718
[23:01:47.026] [SEVERE ] updating countdown to 41690
[23:01:47.052] [SEVERE ] updating countdown to 41664
[23:01:47.078] [SEVERE ] updating countdown to 41638
[23:01:47.103] [SEVERE ] updating countdown to 41613
[23:01:47.129] [SEVERE ] updating countdown to 41587
[23:01:47.154] [SEVERE ] updating countdown to 41562
[23:01:47.180] [SEVERE ] updating countdown to 41536
[23:01:47.205] [SEVERE ] updating countdown to 41511
[23:01:47.231] [SEVERE ] updating countdown to 41485
[23:01:47.261] [SEVERE ] updating countdown to 41455
[23:01:47.311] [SEVERE ] updating countdown to 41405
[23:01:47.338] [SEVERE ] updating countdown to 41378
[23:01:47.368] [SEVERE ] updating countdown to 41348
[23:01:47.395] [SEVERE ] updating countdown to 41321
[23:01:47.435] [SEVERE ] updating countdown to 41281
[23:01:47.461] [SEVERE ] updating countdown to 41255
[23:01:47.488] [SEVERE ] updating countdown to 41228
[23:01:47.514] [SEVERE ] updating countdown to 41202
[23:01:47.544] [SEVERE ] updating countdown to 41172
[23:01:47.586] [SEVERE ] updating countdown to 41130
[23:01:47.613] [SEVERE ] updating countdown to 41103
[23:01:47.639] [SEVERE ] updating countdown to 41077
[23:01:47.670] [SEVERE ] updating countdown to 41046
[23:01:47.696] [SEVERE ] updating countdown to 41020
[23:01:47.723] [SEVERE ] updating countdown to 40993
[23:01:47.750] [SEVERE ] updating countdown to 40966
[23:01:47.776] [SEVERE ] updating countdown to 40940
[23:01:47.803] [SEVERE ] updating countdown to 40913
[23:01:47.830] [SEVERE ] updating countdown to 40886
[23:01:47.871] [SEVERE ] updating countdown to 40845
[23:01:47.897] [SEVERE ] updating countdown to 40819
[23:01:47.923] [SEVERE ] updating countdown to 40793
[23:01:47.948] [SEVERE ] updating countdown to 40768
[23:01:47.974] [SEVERE ] updating countdown to 40742
[23:01:48.001] [SEVERE ] updating countdown to 40715
[23:01:48.027] [SEVERE ] updating countdown to 40689
[23:01:48.056] [SEVERE ] updating countdown to 40660
[23:01:48.082] [SEVERE ] updating countdown to 40634
[23:01:48.108] [SEVERE ] updating countdown to 40608
[23:01:48.134] [SEVERE ] updating countdown to 40582
[23:01:48.160] [SEVERE ] updating countdown to 40556
[23:01:48.186] [SEVERE ] updating countdown to 40530
[23:01:48.212] [SEVERE ] updating countdown to 40504
[23:01:48.257] [SEVERE ] updating countdown to 40459
[23:01:48.284] [SEVERE ] updating countdown to 40432
[23:01:48.321] [SEVERE ] updating countdown to 40395
[23:01:48.347] [SEVERE ] updating countdown to 40369
[23:01:48.373] [SEVERE ] updating countdown to 40343
[23:01:48.400] [SEVERE ] updating countdown to 40316
[23:01:48.428] [SEVERE ] updating countdown to 40288
[23:01:48.477] [SEVERE ] updating countdown to 40239
[23:01:48.503] [SEVERE ] updating countdown to 40213
[23:01:48.529] [SEVERE ] updating countdown to 40187
[23:01:48.556] [SEVERE ] updating countdown to 40160
[23:01:48.586] [SEVERE ] updating countdown to 40130
[23:01:48.613] [SEVERE ] updating countdown to 40103
[23:01:48.640] [SEVERE ] updating countdown to 40076
[23:01:48.666] [SEVERE ] updating countdown to 40050
[23:01:48.692] [SEVERE ] updating countdown to 40024
[23:01:48.718] [SEVERE ] updating countdown to 39998
[23:01:48.746] [SEVERE ] updating countdown to 39970
[23:01:48.772] [SEVERE ] updating countdown to 39944
[23:01:48.801] [SEVERE ] updating countdown to 39915
[23:01:48.827] [SEVERE ] updating countdown to 39889
[23:01:48.854] [SEVERE ] updating countdown to 39862
[23:01:48.880] [SEVERE ] updating countdown to 39836
[23:01:48.906] [SEVERE ] updating countdown to 39810
[23:01:48.983] [SEVERE ] updating countdown to 39733
[23:01:49.010] [SEVERE ] updating countdown to 39706
[23:01:49.045] [SEVERE ] updating countdown to 39671
[23:01:49.072] [SEVERE ] updating countdown to 39644
[23:01:49.099] [SEVERE ] updating countdown to 39618
[23:01:49.136] [SEVERE ] updating countdown to 39580
[23:01:49.161] [SEVERE ] updating countdown to 39555
[23:01:49.191] [SEVERE ] updating countdown to 39525
[23:01:49.217] [SEVERE ] updating countdown to 39499
[23:01:49.242] [SEVERE ] updating countdown to 39474
[23:01:49.268] [SEVERE ] updating countdown to 39448
[23:01:49.293] [SEVERE ] updating countdown to 39423
[23:01:49.319] [SEVERE ] updating countdown to 39397
[23:01:49.344] [SEVERE ] updating countdown to 39372
[23:01:49.371] [SEVERE ] updating countdown to 39345
[23:01:49.400] [SEVERE ] updating countdown to 39316
[23:01:49.426] [SEVERE ] updating countdown to 39290
[23:01:49.452] [SEVERE ] updating countdown to 39264
[23:01:49.479] [SEVERE ] updating countdown to 39237
[23:01:49.505] [SEVERE ] updating countdown to 39211
[23:01:49.533] [SEVERE ] updating countdown to 39183
[23:01:49.579] [SEVERE ] updating countdown to 39137
[23:01:49.606] [SEVERE ] updating countdown to 39110
[23:01:49.633] [SEVERE ] updating countdown to 39083
[23:01:49.659] [SEVERE ] updating countdown to 39058
[23:01:49.694] [SEVERE ] updating countdown to 39022
[23:01:49.721] [SEVERE ] updating countdown to 38995
[23:01:49.748] [SEVERE ] updating countdown to 38968
[23:01:49.774] [SEVERE ] updating countdown to 38942
[23:01:49.800] [SEVERE ] updating countdown to 38916
[23:01:49.827] [SEVERE ] updating countdown to 38889
[23:01:49.859] [SEVERE ] updating countdown to 38857
[23:01:49.886] [SEVERE ] updating countdown to 38830
[23:01:49.912] [SEVERE ] updating countdown to 38804
[23:01:49.938] [SEVERE ] updating countdown to 38778
[23:01:49.966] [SEVERE ] updating countdown to 38750
[23:01:49.992] [SEVERE ] updating countdown to 38724
[23:01:50.023] [SEVERE ] updating countdown to 38693
[23:01:50.048] [SEVERE ] updating countdown to 38668
[23:01:50.076] [SEVERE ] updating countdown to 38640
[23:01:50.111] [SEVERE ] updating countdown to 38605
[23:01:50.137] [SEVERE ] updating countdown to 38579
[23:01:50.164] [SEVERE ] updating countdown to 38552
[23:01:50.190] [SEVERE ] updating countdown to 38526
[23:01:50.217] [SEVERE ] updating countdown to 38499
[23:01:50.257] [SEVERE ] updating countdown to 38459
[23:01:50.283] [SEVERE ] updating countdown to 38433
[23:01:50.309] [SEVERE ] updating countdown to 38407
[23:01:50.334] [SEVERE ] updating countdown to 38382
[23:01:50.360] [SEVERE ] updating countdown to 38356
[23:01:50.386] [SEVERE ] updating countdown to 38330
[23:01:50.413] [SEVERE ] updating countdown to 38303
[23:01:50.440] [SEVERE ] updating countdown to 38276
[23:01:50.466] [SEVERE ] updating countdown to 38250
[23:01:50.501] [SEVERE ] updating countdown to 38215
[23:01:50.527] [SEVERE ] updating countdown to 38189
[23:01:50.553] [SEVERE ] updating countdown to 38163
[23:01:50.579] [SEVERE ] updating countdown to 38137
[23:01:50.606] [SEVERE ] updating countdown to 38110
[23:01:50.633] [SEVERE ] updating countdown to 38083
[23:01:50.713] [SEVERE ] updating countdown to 38003
[23:01:50.739] [SEVERE ] updating countdown to 37977
[23:01:50.789] [SEVERE ] updating countdown to 37927
[23:01:50.815] [SEVERE ] updating countdown to 37901
[23:01:50.841] [SEVERE ] updating countdown to 37875
[23:01:50.897] [SEVERE ] updating countdown to 37819
[23:01:50.923] [SEVERE ] updating countdown to 37793
[23:01:50.949] [SEVERE ] updating countdown to 37767
[23:01:50.976] [SEVERE ] updating countdown to 37740
[23:01:51.004] [SEVERE ] updating countdown to 37712
[23:01:51.030] [SEVERE ] updating countdown to 37686
[23:01:51.056] [SEVERE ] updating countdown to 37660
[23:01:51.082] [SEVERE ] updating countdown to 37634
[23:01:51.118] [SEVERE ] updating countdown to 37598
[23:01:51.144] [SEVERE ] updating countdown to 37572
[23:01:51.174] [SEVERE ] updating countdown to 37542
[23:01:51.201] [SEVERE ] updating countdown to 37515
[23:01:51.228] [SEVERE ] updating countdown to 37489
[23:01:51.257] [SEVERE ] updating countdown to 37459
[23:01:51.283] [SEVERE ] updating countdown to 37433
[23:01:51.309] [SEVERE ] updating countdown to 37407
[23:01:51.335] [SEVERE ] updating countdown to 37381
[23:01:51.363] [SEVERE ] updating countdown to 37353
[23:01:51.389] [SEVERE ] updating countdown to 37327
[23:01:51.422] [SEVERE ] updating countdown to 37294
[23:01:51.447] [SEVERE ] updating countdown to 37269
[23:01:51.474] [SEVERE ] updating countdown to 37242
[23:01:51.500] [SEVERE ] updating countdown to 37216
[23:01:51.533] [SEVERE ] updating countdown to 37183
[23:01:51.560] [SEVERE ] updating countdown to 37156
[23:01:51.598] [SEVERE ] updating countdown to 37118
[23:01:51.624] [SEVERE ] updating countdown to 37092
[23:01:51.650] [SEVERE ] updating countdown to 37066
[23:01:51.676] [SEVERE ] updating countdown to 37040
[23:01:51.703] [SEVERE ] updating countdown to 37013
[23:01:51.731] [SEVERE ] updating countdown to 36985
[23:01:51.769] [SEVERE ] updating countdown to 36947
[23:01:51.795] [SEVERE ] updating countdown to 36921
[23:01:51.821] [SEVERE ] updating countdown to 36895
[23:01:51.847] [SEVERE ] updating countdown to 36869
[23:01:51.873] [SEVERE ] updating countdown to 36843
[23:01:51.899] [SEVERE ] updating countdown to 36817
[23:01:51.924] [SEVERE ] updating countdown to 36792
[23:01:51.966] [SEVERE ] updating countdown to 36750
[23:01:51.992] [SEVERE ] updating countdown to 36724
[23:01:52.018] [SEVERE ] updating countdown to 36698
[23:01:52.054] [SEVERE ] updating countdown to 36662
[23:01:52.080] [SEVERE ] updating countdown to 36636
[23:01:52.105] [SEVERE ] updating countdown to 36611
[23:01:52.131] [SEVERE ] updating countdown to 36585
[23:01:52.157] [SEVERE ] updating countdown to 36559
[23:01:52.183] [SEVERE ] updating countdown to 36533
[23:01:52.208] [SEVERE ] updating countdown to 36508
[23:01:52.234] [SEVERE ] updating countdown to 36482
[23:01:52.260] [SEVERE ] updating countdown to 36456
[23:01:52.286] [SEVERE ] updating countdown to 36430
[23:01:52.312] [SEVERE ] updating countdown to 36404
[23:01:52.339] [SEVERE ] updating countdown to 36377
[23:01:52.373] [SEVERE ] updating countdown to 36343
[23:01:52.400] [SEVERE ] updating countdown to 36316
[23:01:52.484] [SEVERE ] updating countdown to 36232
[23:01:52.510] [SEVERE ] updating countdown to 36206
[23:01:52.535] [SEVERE ] updating countdown to 36181
[23:01:52.561] [SEVERE ] updating countdown to 36155
[23:01:52.587] [SEVERE ] updating countdown to 36129
[23:01:52.613] [SEVERE ] updating countdown to 36103
[23:01:52.639] [SEVERE ] updating countdown to 36077
[23:01:52.665] [SEVERE ] updating countdown to 36051
[23:01:52.691] [SEVERE ] updating countdown to 36025
[23:01:52.718] [SEVERE ] updating countdown to 35998
[23:01:52.745] [SEVERE ] updating countdown to 35971
[23:01:52.771] [SEVERE ] updating countdown to 35945
[23:01:52.797] [SEVERE ] updating countdown to 35919
[23:01:52.825] [SEVERE ] updating countdown to 35891
[23:01:52.851] [SEVERE ] updating countdown to 35865
[23:01:52.877] [SEVERE ] updating countdown to 35839
[23:01:52.902] [SEVERE ] updating countdown to 35814
[23:01:52.928] [SEVERE ] updating countdown to 35788
[23:01:52.953] [SEVERE ] updating countdown to 35763
[23:01:52.979] [SEVERE ] updating countdown to 35737
[23:01:53.004] [SEVERE ] updating countdown to 35712
[23:01:53.031] [SEVERE ] updating countdown to 35685
[23:01:53.056] [SEVERE ] updating countdown to 35660
[23:01:53.106] [SEVERE ] updating countdown to 35610
[23:01:53.132] [SEVERE ] updating countdown to 35584
[23:01:53.158] [SEVERE ] updating countdown to 35558
[23:01:53.185] [SEVERE ] updating countdown to 35531
[23:01:53.214] [SEVERE ] updating countdown to 35502
[23:01:53.241] [SEVERE ] updating countdown to 35475
[23:01:53.267] [SEVERE ] updating countdown to 35449
[23:01:53.293] [SEVERE ] updating countdown to 35423
[23:01:53.322] [SEVERE ] updating countdown to 35394
[23:01:53.347] [SEVERE ] updating countdown to 35369
[23:01:53.373] [SEVERE ] updating countdown to 35343
[23:01:53.399] [SEVERE ] updating countdown to 35317
[23:01:53.425] [SEVERE ] updating countdown to 35291
[23:01:53.450] [SEVERE ] updating countdown to 35266
[23:01:53.476] [SEVERE ] updating countdown to 35240
[23:01:53.502] [SEVERE ] updating countdown to 35214
[23:01:53.527] [SEVERE ] updating countdown to 35189
[23:01:53.553] [SEVERE ] updating countdown to 35163
[23:01:53.589] [SEVERE ] updating countdown to 35127
[23:01:53.615] [SEVERE ] updating countdown to 35101
[23:01:53.678] [SEVERE ] updating countdown to 35038
[23:01:53.704] [SEVERE ] updating countdown to 35012
[23:01:53.731] [SEVERE ] updating countdown to 34985
[23:01:53.757] [SEVERE ] updating countdown to 34959
[23:01:53.802] [SEVERE ] updating countdown to 34914
[23:01:53.828] [SEVERE ] updating countdown to 34888
[23:01:53.886] [SEVERE ] updating countdown to 34830
[23:01:53.913] [SEVERE ] updating countdown to 34803
[23:01:53.940] [SEVERE ] updating countdown to 34776
[23:01:53.966] [SEVERE ] updating countdown to 34750
[23:01:53.992] [SEVERE ] updating countdown to 34724
[23:01:54.017] [SEVERE ] updating countdown to 34699
[23:01:54.043] [SEVERE ] updating countdown to 34673
[23:01:54.069] [SEVERE ] updating countdown to 34647
[23:01:54.095] [SEVERE ] updating countdown to 34621
[23:01:54.121] [SEVERE ] updating countdown to 34595
[23:01:54.146] [SEVERE ] updating countdown to 34570
[23:01:54.172] [SEVERE ] updating countdown to 34544
[23:01:54.200] [SEVERE ] updating countdown to 34516
[23:01:54.226] [SEVERE ] updating countdown to 34490
[23:01:54.300] [SEVERE ] updating countdown to 34416
[23:01:54.326] [SEVERE ] updating countdown to 34390
[23:01:54.353] [SEVERE ] updating countdown to 34363
[23:01:54.379] [SEVERE ] updating countdown to 34337
[23:01:54.420] [SEVERE ] updating countdown to 34296
[23:01:54.446] [SEVERE ] updating countdown to 34270
[23:01:54.472] [SEVERE ] updating countdown to 34244
[23:01:54.498] [SEVERE ] updating countdown to 34218
[23:01:54.524] [SEVERE ] updating countdown to 34192
[23:01:54.550] [SEVERE ] updating countdown to 34166
[23:01:54.576] [SEVERE ] updating countdown to 34140
[23:01:54.602] [SEVERE ] updating countdown to 34114
[23:01:54.628] [SEVERE ] updating countdown to 34088
[23:01:54.654] [SEVERE ] updating countdown to 34062
[23:01:54.679] [SEVERE ] updating countdown to 34037
[23:01:54.705] [SEVERE ] updating countdown to 34011
[23:01:54.731] [SEVERE ] updating countdown to 33985
[23:01:54.756] [SEVERE ] updating countdown to 33960
[23:01:54.782] [SEVERE ] updating countdown to 33934
[23:01:54.808] [SEVERE ] updating countdown to 33908
[23:01:54.833] [SEVERE ] updating countdown to 33883
[23:01:54.860] [SEVERE ] updating countdown to 33857
[23:01:54.886] [SEVERE ] updating countdown to 33830
[23:01:54.912] [SEVERE ] updating countdown to 33804
[23:01:54.937] [SEVERE ] updating countdown to 33779
[23:01:54.963] [SEVERE ] updating countdown to 33753
[23:01:54.989] [SEVERE ] updating countdown to 33727
[23:01:55.017] [SEVERE ] updating countdown to 33699
[23:01:55.043] [SEVERE ] updating countdown to 33673
[23:01:55.069] [SEVERE ] updating countdown to 33647
[23:01:55.095] [SEVERE ] updating countdown to 33621
[23:01:55.120] [SEVERE ] updating countdown to 33596
[23:01:55.146] [SEVERE ] updating countdown to 33570
[23:01:55.172] [SEVERE ] updating countdown to 33544
[23:01:55.199] [SEVERE ] updating countdown to 33517
[23:01:55.225] [SEVERE ] updating countdown to 33491
[23:01:55.251] [SEVERE ] updating countdown to 33465
[23:01:55.277] [SEVERE ] updating countdown to 33439
[23:01:55.303] [SEVERE ] updating countdown to 33413
[23:01:55.329] [SEVERE ] updating countdown to 33387
[23:01:55.358] [SEVERE ] updating countdown to 33358
[23:01:55.385] [SEVERE ] updating countdown to 33331
[23:01:55.417] [SEVERE ] updating countdown to 33299
[23:01:55.444] [SEVERE ] updating countdown to 33272
[23:01:55.469] [SEVERE ] updating countdown to 33247
[23:01:55.495] [SEVERE ] updating countdown to 33221
[23:01:55.521] [SEVERE ] updating countdown to 33195
[23:01:55.547] [SEVERE ] updating countdown to 33169
[23:01:55.572] [SEVERE ] updating countdown to 33144
[23:01:55.598] [SEVERE ] updating countdown to 33118
[23:01:55.623] [SEVERE ] updating countdown to 33093
[23:01:55.649] [SEVERE ] updating countdown to 33067
[23:01:55.674] [SEVERE ] updating countdown to 33042
[23:01:55.700] [SEVERE ] updating countdown to 33016
[23:01:55.726] [SEVERE ] updating countdown to 32990
[23:01:55.751] [SEVERE ] updating countdown to 32965
[23:01:55.777] [SEVERE ] updating countdown to 32939
[23:01:55.803] [SEVERE ] updating countdown to 32913
[23:01:55.829] [SEVERE ] updating countdown to 32887
[23:01:55.855] [SEVERE ] updating countdown to 32861
[23:01:55.880] [SEVERE ] updating countdown to 32836
[23:01:55.906] [SEVERE ] updating countdown to 32810
[23:01:55.932] [SEVERE ] updating countdown to 32784
[23:01:55.959] [SEVERE ] updating countdown to 32757
[23:01:56.027] [SEVERE ] updating countdown to 32689
[23:01:56.052] [SEVERE ] updating countdown to 32664
[23:01:56.078] [SEVERE ] updating countdown to 32638
[23:01:56.104] [SEVERE ] updating countdown to 32612
[23:01:56.130] [SEVERE ] updating countdown to 32586
[23:01:56.156] [SEVERE ] updating countdown to 32560
[23:01:56.182] [SEVERE ] updating countdown to 32534
[23:01:56.208] [SEVERE ] updating countdown to 32508
[23:01:56.234] [SEVERE ] updating countdown to 32482
[23:01:56.259] [SEVERE ] updating countdown to 32457
[23:01:56.285] [SEVERE ] updating countdown to 32431
[23:01:56.311] [SEVERE ] updating countdown to 32405
[23:01:56.337] [SEVERE ] updating countdown to 32379
[23:01:56.363] [SEVERE ] updating countdown to 32353
[23:01:56.396] [SEVERE ] updating countdown to 32320
[23:01:56.422] [SEVERE ] updating countdown to 32294
[23:01:56.447] [SEVERE ] updating countdown to 32269
[23:01:56.473] [SEVERE ] updating countdown to 32243
[23:01:56.498] [SEVERE ] updating countdown to 32218
[23:01:56.524] [SEVERE ] updating countdown to 32192
[23:01:56.550] [SEVERE ] updating countdown to 32166
[23:01:56.576] [SEVERE ] updating countdown to 32140
[23:01:56.602] [SEVERE ] updating countdown to 32114
[23:01:56.627] [SEVERE ] updating countdown to 32089
[23:01:56.653] [SEVERE ] updating countdown to 32063
[23:01:56.679] [SEVERE ] updating countdown to 32037
[23:01:56.705] [SEVERE ] updating countdown to 32011
[23:01:56.731] [SEVERE ] updating countdown to 31985
[23:01:56.758] [SEVERE ] updating countdown to 31958
[23:01:56.783] [SEVERE ] updating countdown to 31933
[23:01:56.810] [SEVERE ] updating countdown to 31906
[23:01:56.895] [SEVERE ] updating countdown to 31821
[23:01:56.921] [SEVERE ] updating countdown to 31795
[23:01:56.955] [SEVERE ] updating countdown to 31761
[23:01:56.999] [SEVERE ] updating countdown to 31717
[23:01:57.026] [SEVERE ] updating countdown to 31690
[23:01:57.101] [SEVERE ] updating countdown to 31615
[23:01:57.127] [SEVERE ] updating countdown to 31589
[23:01:57.162] [SEVERE ] updating countdown to 31554
[23:01:57.189] [SEVERE ] updating countdown to 31527
[23:01:57.220] [SEVERE ] updating countdown to 31496
[23:01:57.248] [SEVERE ] updating countdown to 31468
[23:01:57.274] [SEVERE ] updating countdown to 31442
[23:01:57.301] [SEVERE ] updating countdown to 31415
[23:01:57.339] [SEVERE ] updating countdown to 31377
[23:01:57.365] [SEVERE ] updating countdown to 31351
[23:01:57.392] [SEVERE ] updating countdown to 31324
[23:01:57.418] [SEVERE ] updating countdown to 31298
[23:01:57.444] [SEVERE ] updating countdown to 31272
[23:01:57.470] [SEVERE ] updating countdown to 31246
[23:01:57.496] [SEVERE ] updating countdown to 31220
[23:01:57.523] [SEVERE ] updating countdown to 31193
[23:01:57.550] [SEVERE ] updating countdown to 31166
[23:01:57.579] [SEVERE ] updating countdown to 31137
[23:01:57.605] [SEVERE ] updating countdown to 31111
[23:01:57.632] [SEVERE ] updating countdown to 31084
[23:01:57.667] [SEVERE ] updating countdown to 31049
[23:01:57.709] [SEVERE ] updating countdown to 31008
[23:01:57.734] [SEVERE ] updating countdown to 30982
[23:01:57.760] [SEVERE ] updating countdown to 30956
[23:01:57.790] [SEVERE ] updating countdown to 30926
[23:01:57.816] [SEVERE ] updating countdown to 30900
[23:01:57.842] [SEVERE ] updating countdown to 30874
[23:01:57.867] [SEVERE ] updating countdown to 30849
[23:01:57.893] [SEVERE ] updating countdown to 30823
[23:01:57.919] [SEVERE ] updating countdown to 30797
[23:01:57.945] [SEVERE ] updating countdown to 30771
[23:01:57.971] [SEVERE ] updating countdown to 30745
[23:01:57.997] [SEVERE ] updating countdown to 30719
[23:01:58.036] [SEVERE ] updating countdown to 30680
[23:01:58.062] [SEVERE ] updating countdown to 30654
[23:01:58.089] [SEVERE ] updating countdown to 30627
[23:01:58.116] [SEVERE ] updating countdown to 30600
[23:01:58.142] [SEVERE ] updating countdown to 30574
[23:01:58.169] [SEVERE ] updating countdown to 30547
[23:01:58.196] [SEVERE ] updating countdown to 30520
[23:01:58.223] [SEVERE ] updating countdown to 30493
[23:01:58.254] [SEVERE ] updating countdown to 30462
[23:01:58.294] [SEVERE ] updating countdown to 30422
[23:01:58.321] [SEVERE ] updating countdown to 30395
[23:01:58.365] [SEVERE ] updating countdown to 30351
[23:01:58.391] [SEVERE ] updating countdown to 30325
[23:01:58.418] [SEVERE ] updating countdown to 30298
[23:01:58.445] [SEVERE ] updating countdown to 30271
[23:01:58.471] [SEVERE ] updating countdown to 30245
[23:01:58.497] [SEVERE ] updating countdown to 30219
[23:01:58.524] [SEVERE ] updating countdown to 30192
[23:01:58.550] [SEVERE ] updating countdown to 30166
[23:01:58.694] [SEVERE ] updating countdown to 30022
[23:01:58.720] [SEVERE ] updating countdown to 29996
[23:01:58.745] [SEVERE ] updating countdown to 29971
[23:01:58.778] [SEVERE ] updating countdown to 29938
[23:01:58.804] [SEVERE ] updating countdown to 29912
[23:01:58.848] [SEVERE ] updating countdown to 29868
[23:01:58.874] [SEVERE ] updating countdown to 29842
[23:01:58.904] [SEVERE ] updating countdown to 29812
[23:01:58.930] [SEVERE ] updating countdown to 29786
[23:01:58.956] [SEVERE ] updating countdown to 29760
[23:01:58.983] [SEVERE ] updating countdown to 29733
[23:01:59.013] [SEVERE ] updating countdown to 29703
[23:01:59.040] [SEVERE ] updating countdown to 29676
[23:01:59.066] [SEVERE ] updating countdown to 29650
[23:01:59.092] [SEVERE ] updating countdown to 29624
[23:01:59.119] [SEVERE ] updating countdown to 29597
[23:01:59.151] [SEVERE ] updating countdown to 29565
[23:01:59.177] [SEVERE ] updating countdown to 29539
[23:01:59.203] [SEVERE ] updating countdown to 29513
[23:01:59.230] [SEVERE ] updating countdown to 29486
[23:01:59.258] [SEVERE ] updating countdown to 29458
[23:01:59.316] [SEVERE ] updating countdown to 29400
[23:01:59.342] [SEVERE ] updating countdown to 29374
[23:01:59.368] [SEVERE ] updating countdown to 29348
[23:01:59.393] [SEVERE ] updating countdown to 29323
[23:01:59.419] [SEVERE ] updating countdown to 29297
[23:01:59.455] [SEVERE ] updating countdown to 29261
[23:01:59.486] [SEVERE ] updating countdown to 29230
[23:01:59.512] [SEVERE ] updating countdown to 29204
[23:01:59.538] [SEVERE ] updating countdown to 29178
[23:01:59.563] [SEVERE ] updating countdown to 29153
[23:01:59.589] [SEVERE ] updating countdown to 29127
[23:01:59.614] [SEVERE ] updating countdown to 29102
[23:01:59.641] [SEVERE ] updating countdown to 29075
[23:01:59.666] [SEVERE ] updating countdown to 29050
[23:01:59.692] [SEVERE ] updating countdown to 29024
[23:01:59.718] [SEVERE ] updating countdown to 28998
[23:01:59.747] [SEVERE ] updating countdown to 28969
[23:01:59.773] [SEVERE ] updating countdown to 28943
[23:01:59.825] [SEVERE ] updating countdown to 28891
[23:01:59.852] [SEVERE ] updating countdown to 28864
[23:01:59.878] [SEVERE ] updating countdown to 28838
[23:01:59.903] [SEVERE ] updating countdown to 28813
[23:01:59.929] [SEVERE ] updating countdown to 28787
[23:01:59.955] [SEVERE ] updating countdown to 28761
[23:01:59.981] [SEVERE ] updating countdown to 28735
[23:02:00.007] [SEVERE ] updating countdown to 28709
[23:02:00.032] [SEVERE ] updating countdown to 28684
[23:02:00.058] [SEVERE ] updating countdown to 28658
[23:02:00.084] [SEVERE ] updating countdown to 28632
[23:02:00.110] [SEVERE ] updating countdown to 28606
[23:02:00.136] [SEVERE ] updating countdown to 28580
[23:02:00.162] [SEVERE ] updating countdown to 28554
[23:02:00.188] [SEVERE ] updating countdown to 28528
[23:02:00.214] [SEVERE ] updating countdown to 28502
[23:02:00.240] [SEVERE ] updating countdown to 28476
[23:02:00.302] [SEVERE ] updating countdown to 28414
[23:02:00.329] [SEVERE ] updating countdown to 28387
[23:02:00.358] [SEVERE ] updating countdown to 28358
[23:02:00.385] [SEVERE ] updating countdown to 28331
[23:02:00.419] [SEVERE ] updating countdown to 28297
[23:02:00.445] [SEVERE ] updating countdown to 28271
[23:02:00.471] [SEVERE ] updating countdown to 28245
[23:02:00.499] [SEVERE ] updating countdown to 28217
[23:02:00.524] [SEVERE ] updating countdown to 28192
[23:02:00.550] [SEVERE ] updating countdown to 28166
[23:02:00.576] [SEVERE ] updating countdown to 28140
[23:02:00.601] [SEVERE ] updating countdown to 28115
[23:02:00.627] [SEVERE ] updating countdown to 28089
[23:02:00.653] [SEVERE ] updating countdown to 28063
[23:02:00.682] [SEVERE ] updating countdown to 28034
[23:02:00.707] [SEVERE ] updating countdown to 28009
[23:02:00.734] [SEVERE ] updating countdown to 27982
[23:02:00.760] [SEVERE ] updating countdown to 27956
[23:02:00.788] [SEVERE ] updating countdown to 27928
[23:02:00.816] [SEVERE ] updating countdown to 27900
[23:02:00.842] [SEVERE ] updating countdown to 27874
[23:02:00.937] [SEVERE ] updating countdown to 27779
[23:02:00.964] [SEVERE ] updating countdown to 27752
[23:02:00.990] [SEVERE ] updating countdown to 27726
[23:02:01.015] [SEVERE ] updating countdown to 27701
[23:02:01.041] [SEVERE ] updating countdown to 27675
[23:02:01.083] [SEVERE ] updating countdown to 27633
[23:02:01.109] [SEVERE ] updating countdown to 27607
[23:02:01.135] [SEVERE ] updating countdown to 27581
[23:02:01.166] [SEVERE ] updating countdown to 27550
[23:02:01.192] [SEVERE ] updating countdown to 27524
[23:02:01.219] [SEVERE ] updating countdown to 27497
[23:02:01.245] [SEVERE ] updating countdown to 27471
[23:02:01.273] [SEVERE ] updating countdown to 27443
[23:02:01.303] [SEVERE ] updating countdown to 27413
[23:02:01.331] [SEVERE ] updating countdown to 27385
[23:02:01.357] [SEVERE ] updating countdown to 27359
[23:02:01.383] [SEVERE ] updating countdown to 27333
[23:02:01.410] [SEVERE ] updating countdown to 27306
[23:02:01.442] [SEVERE ] updating countdown to 27274
[23:02:01.471] [SEVERE ] updating countdown to 27245
[23:02:01.497] [SEVERE ] updating countdown to 27219
[23:02:01.523] [SEVERE ] updating countdown to 27193
[23:02:01.548] [SEVERE ] updating countdown to 27168
[23:02:01.590] [SEVERE ] updating countdown to 27126
[23:02:01.615] [SEVERE ] updating countdown to 27101
[23:02:01.641] [SEVERE ] updating countdown to 27075
[23:02:01.677] [SEVERE ] updating countdown to 27039
[23:02:01.703] [SEVERE ] updating countdown to 27013
[23:02:01.728] [SEVERE ] updating countdown to 26988
[23:02:01.754] [SEVERE ] updating countdown to 26962
[23:02:01.780] [SEVERE ] updating countdown to 26936
[23:02:01.806] [SEVERE ] updating countdown to 26910
[23:02:01.831] [SEVERE ] updating countdown to 26885
[23:02:01.857] [SEVERE ] updating countdown to 26859
[23:02:01.884] [SEVERE ] updating countdown to 26832
[23:02:01.910] [SEVERE ] updating countdown to 26806
[23:02:01.944] [SEVERE ] updating countdown to 26772
[23:02:01.970] [SEVERE ] updating countdown to 26746
[23:02:01.996] [SEVERE ] updating countdown to 26720
[23:02:02.022] [SEVERE ] updating countdown to 26694
[23:02:02.048] [SEVERE ] updating countdown to 26668
[23:02:02.073] [SEVERE ] updating countdown to 26643
[23:02:02.099] [SEVERE ] updating countdown to 26617
[23:02:02.124] [SEVERE ] updating countdown to 26592
[23:02:02.150] [SEVERE ] updating countdown to 26566
[23:02:02.176] [SEVERE ] updating countdown to 26540
[23:02:02.201] [SEVERE ] updating countdown to 26515
[23:02:02.228] [SEVERE ] updating countdown to 26488
[23:02:02.253] [SEVERE ] updating countdown to 26463
[23:02:02.279] [SEVERE ] updating countdown to 26437
[23:02:02.306] [SEVERE ] updating countdown to 26410
[23:02:02.333] [SEVERE ] updating countdown to 26383
[23:02:02.368] [SEVERE ] updating countdown to 26348
[23:02:02.394] [SEVERE ] updating countdown to 26322
[23:02:02.421] [SEVERE ] updating countdown to 26295
[23:02:02.447] [SEVERE ] updating countdown to 26269
[23:02:02.474] [SEVERE ] updating countdown to 26243
[23:02:02.500] [SEVERE ] updating countdown to 26216
[23:02:02.526] [SEVERE ] updating countdown to 26190
[23:02:02.552] [SEVERE ] updating countdown to 26164
[23:02:02.579] [SEVERE ] updating countdown to 26137
[23:02:02.604] [SEVERE ] updating countdown to 26112
[23:02:02.630] [SEVERE ] updating countdown to 26086
[23:02:02.657] [SEVERE ] updating countdown to 26059
[23:02:02.683] [SEVERE ] updating countdown to 26033
[23:02:02.709] [SEVERE ] updating countdown to 26007
[23:02:02.736] [SEVERE ] updating countdown to 25980
[23:02:02.764] [SEVERE ] updating countdown to 25952
[23:02:02.790] [SEVERE ] updating countdown to 25926
[23:02:02.815] [SEVERE ] updating countdown to 25901
[23:02:02.841] [SEVERE ] updating countdown to 25875
[23:02:02.866] [SEVERE ] updating countdown to 25850
[23:02:02.893] [SEVERE ] updating countdown to 25823
[23:02:02.919] [SEVERE ] updating countdown to 25797
[23:02:02.945] [SEVERE ] updating countdown to 25771
[23:02:02.971] [SEVERE ] updating countdown to 25745
[23:02:03.011] [SEVERE ] updating countdown to 25705
[23:02:03.036] [SEVERE ] updating countdown to 25680
[23:02:03.062] [SEVERE ] updating countdown to 25654
[23:02:03.089] [SEVERE ] updating countdown to 25627
[23:02:03.115] [SEVERE ] updating countdown to 25601
[23:02:03.151] [SEVERE ] updating countdown to 25565
[23:02:03.178] [SEVERE ] updating countdown to 25538
[23:02:03.208] [SEVERE ] updating countdown to 25508
[23:02:03.235] [SEVERE ] updating countdown to 25481
[23:02:03.261] [SEVERE ] updating countdown to 25455
[23:02:03.287] [SEVERE ] updating countdown to 25429
[23:02:03.312] [SEVERE ] updating countdown to 25404
[23:02:03.343] [SEVERE ] updating countdown to 25373
[23:02:03.370] [SEVERE ] updating countdown to 25346
[23:02:03.405] [SEVERE ] updating countdown to 25311
[23:02:03.431] [SEVERE ] updating countdown to 25285
[23:02:03.458] [SEVERE ] updating countdown to 25258
[23:02:03.484] [SEVERE ] updating countdown to 25232
[23:02:03.512] [SEVERE ] updating countdown to 25204
[23:02:03.538] [SEVERE ] updating countdown to 25178
[23:02:03.564] [SEVERE ] updating countdown to 25152
[23:02:03.598] [SEVERE ] updating countdown to 25118
[23:02:03.630] [SEVERE ] updating countdown to 25087
[23:02:03.683] [SEVERE ] updating countdown to 25033
[23:02:03.710] [SEVERE ] updating countdown to 25006
[23:02:03.738] [SEVERE ] updating countdown to 24978
[23:02:03.764] [SEVERE ] updating countdown to 24952
[23:02:03.791] [SEVERE ] updating countdown to 24925
[23:02:03.817] [SEVERE ] updating countdown to 24899
[23:02:03.843] [SEVERE ] updating countdown to 24873
[23:02:03.869] [SEVERE ] updating countdown to 24847
[23:02:03.896] [SEVERE ] updating countdown to 24820
[23:02:03.922] [SEVERE ] updating countdown to 24794
[23:02:03.981] [SEVERE ] updating countdown to 24735
[23:02:04.009] [SEVERE ] updating countdown to 24707
[23:02:04.035] [SEVERE ] updating countdown to 24681
[23:02:04.061] [SEVERE ] updating countdown to 24655
[23:02:04.088] [SEVERE ] updating countdown to 24628
[23:02:04.113] [SEVERE ] updating countdown to 24603
[23:02:04.139] [SEVERE ] updating countdown to 24577
[23:02:04.165] [SEVERE ] updating countdown to 24551
[23:02:04.190] [SEVERE ] updating countdown to 24526
[23:02:04.219] [SEVERE ] updating countdown to 24497
[23:02:04.245] [SEVERE ] updating countdown to 24471
[23:02:04.307] [SEVERE ] updating countdown to 24409
[23:02:04.333] [SEVERE ] updating countdown to 24383
[23:02:04.359] [SEVERE ] updating countdown to 24357
[23:02:04.385] [SEVERE ] updating countdown to 24331
[23:02:04.422] [SEVERE ] updating countdown to 24294
[23:02:04.448] [SEVERE ] updating countdown to 24268
[23:02:04.474] [SEVERE ] updating countdown to 24242
[23:02:04.500] [SEVERE ] updating countdown to 24216
[23:02:04.531] [SEVERE ] updating countdown to 24185
[23:02:04.557] [SEVERE ] updating countdown to 24159
[23:02:04.583] [SEVERE ] updating countdown to 24133
[23:02:04.610] [SEVERE ] updating countdown to 24106
[23:02:04.637] [SEVERE ] updating countdown to 24079
[23:02:04.708] [SEVERE ] updating countdown to 24008
[23:02:04.734] [SEVERE ] updating countdown to 23982
[23:02:04.760] [SEVERE ] updating countdown to 23956
[23:02:04.786] [SEVERE ] updating countdown to 23930
[23:02:04.813] [SEVERE ] updating countdown to 23903
[23:02:04.866] [SEVERE ] updating countdown to 23850
[23:02:04.892] [SEVERE ] updating countdown to 23824
[23:02:04.919] [SEVERE ] updating countdown to 23797
[23:02:04.945] [SEVERE ] updating countdown to 23771
[23:02:04.983] [SEVERE ] updating countdown to 23733
[23:02:05.012] [SEVERE ] updating countdown to 23704
[23:02:05.038] [SEVERE ] updating countdown to 23678
[23:02:05.067] [SEVERE ] updating countdown to 23649
[23:02:05.093] [SEVERE ] updating countdown to 23623
[23:02:05.218] [SEVERE ] updating countdown to 23498
[23:02:05.243] [SEVERE ] updating countdown to 23473
[23:02:05.269] [SEVERE ] updating countdown to 23447
[23:02:05.296] [SEVERE ] updating countdown to 23420
[23:02:05.323] [SEVERE ] updating countdown to 23393
[23:02:05.350] [SEVERE ] updating countdown to 23366
[23:02:05.384] [SEVERE ] updating countdown to 23332
[23:02:05.410] [SEVERE ] updating countdown to 23306
[23:02:05.462] [SEVERE ] updating countdown to 23254
[23:02:05.492] [SEVERE ] updating countdown to 23224
[23:02:05.519] [SEVERE ] updating countdown to 23197
[23:02:05.547] [SEVERE ] updating countdown to 23169
[23:02:05.588] [SEVERE ] updating countdown to 23128
[23:02:05.614] [SEVERE ] updating countdown to 23102
[23:02:05.640] [SEVERE ] updating countdown to 23076
[23:02:05.666] [SEVERE ] updating countdown to 23050
[23:02:05.696] [SEVERE ] updating countdown to 23020
[23:02:05.723] [SEVERE ] updating countdown to 22993
[23:02:05.750] [SEVERE ] updating countdown to 22966
[23:02:05.793] [SEVERE ] updating countdown to 22923
[23:02:05.820] [SEVERE ] updating countdown to 22896
[23:02:05.848] [SEVERE ] updating countdown to 22868
[23:02:05.875] [SEVERE ] updating countdown to 22841
[23:02:05.901] [SEVERE ] updating countdown to 22815
[23:02:05.933] [SEVERE ] updating countdown to 22783
[23:02:05.958] [SEVERE ] updating countdown to 22758
[23:02:05.985] [SEVERE ] updating countdown to 22731
[23:02:06.018] [SEVERE ] updating countdown to 22698
[23:02:06.050] [SEVERE ] updating countdown to 22666
[23:02:06.076] [SEVERE ] updating countdown to 22640
[23:02:06.103] [SEVERE ] updating countdown to 22613
[23:02:06.129] [SEVERE ] updating countdown to 22587
[23:02:06.155] [SEVERE ] updating countdown to 22561
[23:02:06.183] [SEVERE ] updating countdown to 22533
[23:02:06.209] [SEVERE ] updating countdown to 22507
[23:02:06.239] [SEVERE ] updating countdown to 22477
[23:02:06.265] [SEVERE ] updating countdown to 22451
[23:02:06.294] [SEVERE ] updating countdown to 22422
[23:02:06.319] [SEVERE ] updating countdown to 22397
[23:02:06.367] [SEVERE ] updating countdown to 22349
[23:02:06.393] [SEVERE ] updating countdown to 22323
[23:02:06.419] [SEVERE ] updating countdown to 22297
[23:02:06.445] [SEVERE ] updating countdown to 22271
[23:02:06.475] [SEVERE ] updating countdown to 22241
[23:02:06.506] [SEVERE ] updating countdown to 22210
[23:02:06.558] [SEVERE ] updating countdown to 22158
[23:02:06.584] [SEVERE ] updating countdown to 22132
[23:02:06.613] [SEVERE ] updating countdown to 22103
[23:02:06.643] [SEVERE ] updating countdown to 22073
[23:02:06.688] [SEVERE ] updating countdown to 22028
[23:02:06.714] [SEVERE ] updating countdown to 22002
[23:02:06.740] [SEVERE ] updating countdown to 21976
[23:02:06.765] [SEVERE ] updating countdown to 21951
[23:02:06.791] [SEVERE ] updating countdown to 21925
[23:02:06.823] [SEVERE ] updating countdown to 21893
[23:02:06.849] [SEVERE ] updating countdown to 21867
[23:02:06.874] [SEVERE ] updating countdown to 21842
[23:02:06.900] [SEVERE ] updating countdown to 21816
[23:02:06.926] [SEVERE ] updating countdown to 21790
[23:02:06.952] [SEVERE ] updating countdown to 21764
[23:02:06.978] [SEVERE ] updating countdown to 21738
[23:02:07.013] [SEVERE ] updating countdown to 21703
[23:02:07.039] [SEVERE ] updating countdown to 21677
[23:02:07.065] [SEVERE ] updating countdown to 21651
[23:02:07.090] [SEVERE ] updating countdown to 21626
[23:02:07.125] [SEVERE ] updating countdown to 21591
[23:02:07.150] [SEVERE ] updating countdown to 21566
[23:02:07.177] [SEVERE ] updating countdown to 21539
[23:02:07.204] [SEVERE ] updating countdown to 21512
[23:02:07.230] [SEVERE ] updating countdown to 21486
[23:02:07.257] [SEVERE ] updating countdown to 21459
[23:02:07.300] [SEVERE ] updating countdown to 21416
[23:02:07.326] [SEVERE ] updating countdown to 21390
[23:02:07.351] [SEVERE ] updating countdown to 21365
[23:02:07.377] [SEVERE ] updating countdown to 21339
[23:02:07.402] [SEVERE ] updating countdown to 21314
[23:02:07.440] [SEVERE ] updating countdown to 21276
[23:02:07.466] [SEVERE ] updating countdown to 21250
[23:02:07.495] [SEVERE ] updating countdown to 21221
[23:02:07.538] [SEVERE ] updating countdown to 21178
[23:02:07.564] [SEVERE ] updating countdown to 21152
[23:02:07.590] [SEVERE ] updating countdown to 21126
[23:02:07.617] [SEVERE ] updating countdown to 21099
[23:02:07.643] [SEVERE ] updating countdown to 21073
[23:02:07.669] [SEVERE ] updating countdown to 21047
[23:02:07.695] [SEVERE ] updating countdown to 21021
[23:02:07.720] [SEVERE ] updating countdown to 20996
[23:02:07.763] [SEVERE ] updating countdown to 20953
[23:02:07.803] [SEVERE ] updating countdown to 20913
[23:02:07.842] [SEVERE ] updating countdown to 20874
[23:02:07.868] [SEVERE ] updating countdown to 20848
[23:02:07.894] [SEVERE ] updating countdown to 20822
[23:02:07.920] [SEVERE ] updating countdown to 20796
[23:02:07.946] [SEVERE ] updating countdown to 20770
[23:02:07.976] [SEVERE ] updating countdown to 20740
[23:02:08.001] [SEVERE ] updating countdown to 20715
[23:02:08.027] [SEVERE ] updating countdown to 20689
[23:02:08.053] [SEVERE ] updating countdown to 20663
[23:02:08.079] [SEVERE ] updating countdown to 20637
[23:02:08.104] [SEVERE ] updating countdown to 20612
[23:02:08.131] [SEVERE ] updating countdown to 20585
[23:02:08.157] [SEVERE ] updating countdown to 20559
[23:02:08.190] [SEVERE ] updating countdown to 20526
[23:02:08.217] [SEVERE ] updating countdown to 20499
[23:02:08.243] [SEVERE ] updating countdown to 20473
[23:02:08.270] [SEVERE ] updating countdown to 20446
[23:02:08.296] [SEVERE ] updating countdown to 20420
[23:02:08.328] [SEVERE ] updating countdown to 20388
[23:02:08.347] [SEVERE ] exit button pressed
[23:02:08.348] [INFO   ] thread Thread-1 terminated.
[23:02:08.348] [INFO   ] thread Thread-2 terminated.
[23:02:08.358] [SEVERE ] updating countdown to 20358
[23:02:08.459] [SEVERE ] removing card from slot 0
[23:02:08.560] [SEVERE ] removing card from slot 1
[23:02:08.677] [SEVERE ] removing card from slot 2
[23:02:08.777] [SEVERE ] removing card from slot 3
[23:02:08.889] [SEVERE ] removing card from slot 4
[23:02:08.989] [SEVERE ] removing card from slot 5
[23:02:09.090] [SEVERE ] removing card from slot 6
[23:02:09.191] [SEVERE ] removing card from slot 7
[23:02:09.329] [SEVERE ] removing card from slot 8
[23:02:09.431] [SEVERE ] removing card from slot 9
[23:02:09.543] [SEVERE ] removing card from slot 10
[23:02:09.644] [SEVERE ] removing card from slot 11
[23:02:09.649] [SEVERE ] announcing winner(s): player 1, player 2, player 3
[23:02:09.650] [INFO   ] thread dealer terminated.
[23:02:09.650] [INFO   ] thread dealer terminated.
[23:02:09.651] [SEVERE ] thanks for playing... it was fun!
[23:02:09.651] [INFO   ] thread bguspl.set.Main.main() terminated.
