[22:04:13.944] [INFO   ] thread bguspl.set.Main.main() starting.
[22:04:13.958] [SEVERE ] cannot read configuration file config.properties trying from resources.
[22:04:13.969] [SEVERE ] configuration file was loaded from resources directory.
[22:04:15.293] [INFO   ] thread dealer starting.
[22:04:15.294] [INFO   ] thread dealer starting.
[22:04:15.298] [INFO   ] thread Thread-1 starting.
[22:04:15.299] [INFO   ] thread Thread-2 starting.
[22:04:15.409] [SEVERE ] placing card 4 in slot 0
[22:04:15.513] [SEVERE ] placing card 12 in slot 1
[22:04:15.616] [SEVERE ] placing card 13 in slot 2
[22:04:15.719] [SEVERE ] placing card 3 in slot 3
[22:04:15.821] [SEVERE ] placing card 10 in slot 4
[22:04:15.922] [SEVERE ] placing card 6 in slot 5
[22:04:16.024] [SEVERE ] placing card 8 in slot 6
[22:04:16.126] [SEVERE ] placing card 1 in slot 7
[22:04:16.227] [SEVERE ] placing card 14 in slot 8
[22:04:16.328] [SEVERE ] placing card 11 in slot 9
[22:04:16.430] [SEVERE ] placing card 9 in slot 10
[22:04:16.531] [SEVERE ] placing card 2 in slot 11
[22:04:16.559] [SEVERE ] updating countdown to 19975
[22:04:16.562] [SEVERE ] setting player 1 freeze to -1708459456562
[22:04:16.563] [SEVERE ] setting player 2 freeze to -1708459456563
[22:04:16.588] [SEVERE ] updating countdown to 19946
[22:04:16.589] [SEVERE ] setting player 1 freeze to -1708459456589
[22:04:16.589] [SEVERE ] setting player 2 freeze to -1708459456589
[22:04:16.615] [SEVERE ] updating countdown to 19919
[22:04:16.617] [SEVERE ] setting player 1 freeze to -1708459456617
[22:04:16.617] [SEVERE ] setting player 2 freeze to -1708459456617
[22:04:16.643] [SEVERE ] updating countdown to 19891
[22:04:16.645] [SEVERE ] setting player 1 freeze to -1708459456645
[22:04:16.645] [SEVERE ] setting player 2 freeze to -1708459456645
[22:04:16.671] [SEVERE ] updating countdown to 19863
[22:04:16.672] [SEVERE ] setting player 1 freeze to -1708459456672
[22:04:16.673] [SEVERE ] setting player 2 freeze to -1708459456673
[22:04:16.699] [SEVERE ] updating countdown to 19835
[22:04:16.700] [SEVERE ] setting player 1 freeze to -1708459456700
[22:04:16.700] [SEVERE ] setting player 2 freeze to -1708459456700
[22:04:16.726] [SEVERE ] updating countdown to 19808
[22:04:16.727] [SEVERE ] setting player 1 freeze to -1708459456727
[22:04:16.728] [SEVERE ] setting player 2 freeze to -1708459456728
[22:04:16.756] [SEVERE ] updating countdown to 19778
[22:04:16.757] [SEVERE ] setting player 1 freeze to -1708459456757
[22:04:16.758] [SEVERE ] setting player 2 freeze to -1708459456758
[22:04:16.784] [SEVERE ] updating countdown to 19750
[22:04:16.785] [SEVERE ] setting player 1 freeze to -1708459456785
[22:04:16.785] [SEVERE ] setting player 2 freeze to -1708459456785
[22:04:16.811] [SEVERE ] updating countdown to 19723
[22:04:16.811] [SEVERE ] setting player 1 freeze to -1708459456811
[22:04:16.812] [SEVERE ] setting player 2 freeze to -1708459456812
[22:04:16.837] [SEVERE ] updating countdown to 19697
[22:04:16.838] [SEVERE ] setting player 1 freeze to -1708459456838
[22:04:16.840] [SEVERE ] setting player 2 freeze to -1708459456840
[22:04:16.866] [SEVERE ] updating countdown to 19668
[22:04:16.867] [SEVERE ] setting player 1 freeze to -1708459456867
[22:04:16.868] [SEVERE ] setting player 2 freeze to -1708459456868
[22:04:16.894] [SEVERE ] updating countdown to 19640
[22:04:16.896] [SEVERE ] setting player 1 freeze to -1708459456896
[22:04:16.896] [SEVERE ] setting player 2 freeze to -1708459456896
[22:04:16.922] [SEVERE ] updating countdown to 19612
[22:04:16.923] [SEVERE ] setting player 1 freeze to -1708459456923
[22:04:16.925] [SEVERE ] setting player 2 freeze to -1708459456925
[22:04:16.951] [SEVERE ] updating countdown to 19583
[22:04:16.952] [SEVERE ] setting player 1 freeze to -1708459456952
[22:04:16.953] [SEVERE ] setting player 2 freeze to -1708459456953
[22:04:16.980] [SEVERE ] updating countdown to 19554
[22:04:16.980] [SEVERE ] setting player 1 freeze to -1708459456980
[22:04:16.980] [SEVERE ] setting player 2 freeze to -1708459456980
[22:04:17.006] [SEVERE ] updating countdown to 19528
[22:04:17.008] [SEVERE ] setting player 1 freeze to -1708459457008
[22:04:17.008] [SEVERE ] setting player 2 freeze to -1708459457008
[22:04:17.033] [SEVERE ] updating countdown to 19501
[22:04:17.034] [SEVERE ] setting player 1 freeze to -1708459457034
[22:04:17.035] [SEVERE ] setting player 2 freeze to -1708459457035
[22:04:17.060] [SEVERE ] updating countdown to 19474
[22:04:17.061] [SEVERE ] setting player 1 freeze to -1708459457061
[22:04:17.062] [SEVERE ] setting player 2 freeze to -1708459457062
[22:04:17.087] [SEVERE ] updating countdown to 19447
[22:04:17.088] [SEVERE ] setting player 1 freeze to -1708459457088
[22:04:17.089] [SEVERE ] setting player 2 freeze to -1708459457089
[22:04:17.114] [SEVERE ] updating countdown to 19420
[22:04:17.115] [SEVERE ] setting player 1 freeze to -1708459457115
[22:04:17.116] [SEVERE ] setting player 2 freeze to -1708459457116
[22:04:17.142] [SEVERE ] updating countdown to 19392
[22:04:17.143] [SEVERE ] setting player 1 freeze to -1708459457143
[22:04:17.144] [SEVERE ] setting player 2 freeze to -1708459457144
[22:04:17.170] [SEVERE ] updating countdown to 19364
[22:04:17.170] [SEVERE ] setting player 1 freeze to -1708459457170
[22:04:17.171] [SEVERE ] setting player 2 freeze to -1708459457171
[22:04:17.197] [SEVERE ] updating countdown to 19337
[22:04:17.197] [SEVERE ] setting player 1 freeze to -1708459457197
[22:04:17.198] [SEVERE ] setting player 2 freeze to -1708459457198
[22:04:17.223] [SEVERE ] updating countdown to 19311
[22:04:17.224] [SEVERE ] setting player 1 freeze to -1708459457224
[22:04:17.224] [SEVERE ] setting player 2 freeze to -1708459457224
[22:04:17.250] [SEVERE ] updating countdown to 19284
[22:04:17.251] [SEVERE ] setting player 1 freeze to -1708459457250
[22:04:17.251] [SEVERE ] setting player 2 freeze to -1708459457251
[22:04:17.276] [SEVERE ] updating countdown to 19258
[22:04:17.277] [SEVERE ] setting player 1 freeze to -1708459457277
[22:04:17.278] [SEVERE ] setting player 2 freeze to -1708459457278
[22:04:17.304] [SEVERE ] updating countdown to 19230
[22:04:17.305] [SEVERE ] setting player 1 freeze to -1708459457305
[22:04:17.305] [SEVERE ] setting player 2 freeze to -1708459457305
[22:04:17.331] [SEVERE ] updating countdown to 19203
[22:04:17.333] [SEVERE ] setting player 1 freeze to -1708459457333
[22:04:17.334] [SEVERE ] setting player 2 freeze to -1708459457334
[22:04:17.360] [SEVERE ] updating countdown to 19174
[22:04:17.361] [SEVERE ] setting player 1 freeze to -1708459457361
[22:04:17.362] [SEVERE ] setting player 2 freeze to -1708459457362
[22:04:17.387] [SEVERE ] updating countdown to 19147
[22:04:17.388] [SEVERE ] setting player 1 freeze to -1708459457388
[22:04:17.389] [SEVERE ] setting player 2 freeze to -1708459457389
[22:04:17.415] [SEVERE ] updating countdown to 19119
[22:04:17.416] [SEVERE ] setting player 1 freeze to -1708459457416
[22:04:17.417] [SEVERE ] setting player 2 freeze to -1708459457417
[22:04:17.442] [SEVERE ] updating countdown to 19092
[22:04:17.444] [SEVERE ] setting player 1 freeze to -1708459457444
[22:04:17.445] [SEVERE ] setting player 2 freeze to -1708459457445
[22:04:17.471] [SEVERE ] updating countdown to 19063
[22:04:17.472] [SEVERE ] setting player 1 freeze to -1708459457472
[22:04:17.474] [SEVERE ] setting player 2 freeze to -1708459457474
[22:04:17.500] [SEVERE ] updating countdown to 19034
[22:04:17.501] [SEVERE ] setting player 1 freeze to -1708459457501
[22:04:17.501] [SEVERE ] setting player 2 freeze to -1708459457501
[22:04:17.527] [SEVERE ] updating countdown to 19007
[22:04:17.528] [SEVERE ] setting player 1 freeze to -1708459457528
[22:04:17.528] [SEVERE ] setting player 2 freeze to -1708459457528
[22:04:17.553] [SEVERE ] updating countdown to 18981
[22:04:17.555] [SEVERE ] setting player 1 freeze to -1708459457555
[22:04:17.555] [SEVERE ] setting player 2 freeze to -1708459457555
[22:04:17.581] [SEVERE ] updating countdown to 18953
[22:04:17.582] [SEVERE ] setting player 1 freeze to -1708459457582
[22:04:17.582] [SEVERE ] setting player 2 freeze to -1708459457582
[22:04:17.608] [SEVERE ] updating countdown to 18926
[22:04:17.608] [SEVERE ] setting player 1 freeze to -1708459457608
[22:04:17.609] [SEVERE ] setting player 2 freeze to -1708459457609
[22:04:17.635] [SEVERE ] updating countdown to 18900
[22:04:17.635] [SEVERE ] setting player 1 freeze to -1708459457635
[22:04:17.635] [SEVERE ] setting player 2 freeze to -1708459457635
[22:04:17.661] [SEVERE ] updating countdown to 18873
[22:04:17.661] [SEVERE ] setting player 1 freeze to -1708459457661
[22:04:17.662] [SEVERE ] setting player 2 freeze to -1708459457662
[22:04:17.687] [SEVERE ] updating countdown to 18847
[22:04:17.688] [SEVERE ] setting player 1 freeze to -1708459457688
[22:04:17.689] [SEVERE ] setting player 2 freeze to -1708459457689
[22:04:17.714] [SEVERE ] updating countdown to 18820
[22:04:17.715] [SEVERE ] setting player 1 freeze to -1708459457715
[22:04:17.716] [SEVERE ] setting player 2 freeze to -1708459457716
[22:04:17.742] [SEVERE ] updating countdown to 18793
[22:04:17.742] [SEVERE ] setting player 1 freeze to -1708459457742
[22:04:17.743] [SEVERE ] setting player 2 freeze to -1708459457743
[22:04:17.769] [SEVERE ] updating countdown to 18766
[22:04:17.770] [SEVERE ] setting player 1 freeze to -1708459457770
[22:04:17.772] [SEVERE ] setting player 2 freeze to -1708459457772
[22:04:17.798] [SEVERE ] updating countdown to 18736
[22:04:17.799] [SEVERE ] setting player 1 freeze to -1708459457799
[22:04:17.800] [SEVERE ] setting player 2 freeze to -1708459457800
[22:04:17.826] [SEVERE ] updating countdown to 18708
[22:04:17.827] [SEVERE ] setting player 1 freeze to -1708459457827
[22:04:17.827] [SEVERE ] setting player 2 freeze to -1708459457827
[22:04:17.853] [SEVERE ] updating countdown to 18681
[22:04:17.854] [SEVERE ] setting player 1 freeze to -1708459457854
[22:04:17.856] [SEVERE ] setting player 2 freeze to -1708459457856
[22:04:17.882] [SEVERE ] updating countdown to 18652
[22:04:17.883] [SEVERE ] setting player 1 freeze to -1708459457883
[22:04:17.884] [SEVERE ] setting player 2 freeze to -1708459457884
[22:04:17.910] [SEVERE ] updating countdown to 18624
[22:04:17.911] [SEVERE ] setting player 1 freeze to -1708459457911
[22:04:17.911] [SEVERE ] setting player 2 freeze to -1708459457911
[22:04:17.936] [SEVERE ] updating countdown to 18598
[22:04:17.936] [SEVERE ] setting player 1 freeze to -1708459457936
[22:04:17.937] [SEVERE ] setting player 2 freeze to -1708459457937
[22:04:17.962] [SEVERE ] updating countdown to 18572
[22:04:17.963] [SEVERE ] setting player 1 freeze to -1708459457963
[22:04:17.963] [SEVERE ] setting player 2 freeze to -1708459457963
[22:04:17.989] [SEVERE ] updating countdown to 18545
[22:04:17.989] [SEVERE ] setting player 1 freeze to -1708459457989
[22:04:17.990] [SEVERE ] setting player 2 freeze to -1708459457990
[22:04:18.016] [SEVERE ] updating countdown to 18518
[22:04:18.017] [SEVERE ] setting player 1 freeze to -1708459458017
[22:04:18.018] [SEVERE ] setting player 2 freeze to -1708459458018
[22:04:18.044] [SEVERE ] updating countdown to 18490
[22:04:18.046] [SEVERE ] setting player 1 freeze to -1708459458046
[22:04:18.047] [SEVERE ] setting player 2 freeze to -1708459458047
[22:04:18.072] [SEVERE ] updating countdown to 18462
[22:04:18.073] [SEVERE ] setting player 1 freeze to -1708459458073
[22:04:18.073] [SEVERE ] setting player 2 freeze to -1708459458073
[22:04:18.099] [SEVERE ] updating countdown to 18435
[22:04:18.100] [SEVERE ] setting player 1 freeze to -1708459458100
[22:04:18.101] [SEVERE ] setting player 2 freeze to -1708459458101
[22:04:18.127] [SEVERE ] updating countdown to 18407
[22:04:18.128] [SEVERE ] setting player 1 freeze to -1708459458128
[22:04:18.129] [SEVERE ] setting player 2 freeze to -1708459458129
[22:04:18.154] [SEVERE ] updating countdown to 18380
[22:04:18.156] [SEVERE ] setting player 1 freeze to -1708459458155
[22:04:18.157] [SEVERE ] setting player 2 freeze to -1708459458157
[22:04:18.183] [SEVERE ] updating countdown to 18351
[22:04:18.184] [SEVERE ] setting player 1 freeze to -1708459458184
[22:04:18.184] [SEVERE ] setting player 2 freeze to -1708459458184
[22:04:18.209] [SEVERE ] updating countdown to 18325
[22:04:18.211] [SEVERE ] setting player 1 freeze to -1708459458211
[22:04:18.211] [SEVERE ] setting player 2 freeze to -1708459458211
[22:04:18.237] [SEVERE ] updating countdown to 18297
[22:04:18.238] [SEVERE ] setting player 1 freeze to -1708459458238
[22:04:18.239] [SEVERE ] setting player 2 freeze to -1708459458239
[22:04:18.265] [SEVERE ] updating countdown to 18269
[22:04:18.266] [SEVERE ] setting player 1 freeze to -1708459458266
[22:04:18.267] [SEVERE ] setting player 2 freeze to -1708459458267
[22:04:18.293] [SEVERE ] updating countdown to 18241
[22:04:18.296] [SEVERE ] setting player 1 freeze to -1708459458296
[22:04:18.297] [SEVERE ] setting player 2 freeze to -1708459458297
[22:04:18.323] [SEVERE ] updating countdown to 18211
[22:04:18.324] [SEVERE ] setting player 1 freeze to -1708459458324
[22:04:18.326] [SEVERE ] setting player 2 freeze to -1708459458326
[22:04:18.352] [SEVERE ] updating countdown to 18182
[22:04:18.354] [SEVERE ] setting player 1 freeze to -1708459458354
[22:04:18.355] [SEVERE ] setting player 2 freeze to -1708459458355
[22:04:18.381] [SEVERE ] updating countdown to 18153
[22:04:18.382] [SEVERE ] setting player 1 freeze to -1708459458382
[22:04:18.384] [SEVERE ] setting player 2 freeze to -1708459458384
[22:04:18.410] [SEVERE ] updating countdown to 18124
[22:04:18.411] [SEVERE ] setting player 1 freeze to -1708459458411
[22:04:18.412] [SEVERE ] setting player 2 freeze to -1708459458412
[22:04:18.439] [SEVERE ] updating countdown to 18095
[22:04:18.440] [SEVERE ] setting player 1 freeze to -1708459458440
[22:04:18.442] [SEVERE ] setting player 2 freeze to -1708459458442
[22:04:18.468] [SEVERE ] updating countdown to 18066
[22:04:18.469] [SEVERE ] setting player 1 freeze to -1708459458469
[22:04:18.469] [SEVERE ] setting player 2 freeze to -1708459458469
[22:04:18.495] [SEVERE ] updating countdown to 18039
[22:04:18.496] [SEVERE ] setting player 1 freeze to -1708459458496
[22:04:18.497] [SEVERE ] setting player 2 freeze to -1708459458497
[22:04:18.522] [SEVERE ] updating countdown to 18012
[22:04:18.523] [SEVERE ] setting player 1 freeze to -1708459458523
[22:04:18.529] [SEVERE ] setting player 2 freeze to -1708459458529
[22:04:18.555] [SEVERE ] updating countdown to 17979
[22:04:18.556] [SEVERE ] setting player 1 freeze to -1708459458556
[22:04:18.556] [SEVERE ] setting player 2 freeze to -1708459458556
[22:04:18.582] [SEVERE ] updating countdown to 17952
[22:04:18.582] [SEVERE ] setting player 1 freeze to -1708459458582
[22:04:18.583] [SEVERE ] setting player 2 freeze to -1708459458583
[22:04:18.608] [SEVERE ] updating countdown to 17926
[22:04:18.609] [SEVERE ] setting player 1 freeze to -1708459458609
[22:04:18.610] [SEVERE ] setting player 2 freeze to -1708459458610
[22:04:18.636] [SEVERE ] updating countdown to 17898
[22:04:18.638] [SEVERE ] setting player 1 freeze to -1708459458638
[22:04:18.638] [SEVERE ] setting player 2 freeze to -1708459458638
[22:04:18.664] [SEVERE ] updating countdown to 17870
[22:04:18.665] [SEVERE ] setting player 1 freeze to -1708459458665
[22:04:18.666] [SEVERE ] setting player 2 freeze to -1708459458666
[22:04:18.691] [SEVERE ] updating countdown to 17843
[22:04:18.692] [SEVERE ] setting player 1 freeze to -1708459458692
[22:04:18.693] [SEVERE ] setting player 2 freeze to -1708459458693
[22:04:18.719] [SEVERE ] updating countdown to 17815
[22:04:18.720] [SEVERE ] setting player 1 freeze to -1708459458720
[22:04:18.721] [SEVERE ] setting player 2 freeze to -1708459458721
[22:04:18.747] [SEVERE ] updating countdown to 17787
[22:04:18.748] [SEVERE ] setting player 1 freeze to -1708459458748
[22:04:18.748] [SEVERE ] setting player 2 freeze to -1708459458748
[22:04:18.775] [SEVERE ] updating countdown to 17759
[22:04:18.775] [SEVERE ] setting player 1 freeze to -1708459458775
[22:04:18.775] [SEVERE ] setting player 2 freeze to -1708459458775
[22:04:18.801] [SEVERE ] updating countdown to 17734
[22:04:18.801] [SEVERE ] setting player 1 freeze to -1708459458801
[22:04:18.801] [SEVERE ] setting player 2 freeze to -1708459458801
[22:04:18.827] [SEVERE ] updating countdown to 17707
[22:04:18.828] [SEVERE ] setting player 1 freeze to -1708459458828
[22:04:18.829] [SEVERE ] setting player 2 freeze to -1708459458829
[22:04:18.855] [SEVERE ] updating countdown to 17679
[22:04:18.856] [SEVERE ] setting player 1 freeze to -1708459458856
[22:04:18.857] [SEVERE ] setting player 2 freeze to -1708459458857
[22:04:18.883] [SEVERE ] updating countdown to 17651
[22:04:18.883] [SEVERE ] setting player 1 freeze to -1708459458883
[22:04:18.884] [SEVERE ] setting player 2 freeze to -1708459458884
[22:04:18.909] [SEVERE ] updating countdown to 17625
[22:04:18.910] [SEVERE ] setting player 1 freeze to -1708459458910
[22:04:18.911] [SEVERE ] setting player 2 freeze to -1708459458911
[22:04:18.936] [SEVERE ] updating countdown to 17598
[22:04:18.937] [SEVERE ] setting player 1 freeze to -1708459458937
[22:04:18.939] [SEVERE ] setting player 2 freeze to -1708459458939
[22:04:18.964] [SEVERE ] updating countdown to 17570
[22:04:18.965] [SEVERE ] setting player 1 freeze to -1708459458965
[22:04:18.965] [SEVERE ] setting player 2 freeze to -1708459458965
[22:04:18.991] [SEVERE ] updating countdown to 17543
[22:04:18.991] [SEVERE ] setting player 1 freeze to -1708459458991
[22:04:18.992] [SEVERE ] setting player 2 freeze to -1708459458992
[22:04:19.017] [SEVERE ] updating countdown to 17517
[22:04:19.018] [SEVERE ] setting player 1 freeze to -1708459459018
[22:04:19.019] [SEVERE ] setting player 2 freeze to -1708459459019
[22:04:19.044] [SEVERE ] updating countdown to 17490
[22:04:19.045] [SEVERE ] setting player 1 freeze to -1708459459045
[22:04:19.046] [SEVERE ] setting player 2 freeze to -1708459459046
[22:04:19.072] [SEVERE ] updating countdown to 17462
[22:04:19.073] [SEVERE ] setting player 1 freeze to -1708459459073
[22:04:19.074] [SEVERE ] setting player 2 freeze to -1708459459074
[22:04:19.100] [SEVERE ] updating countdown to 17434
[22:04:19.101] [SEVERE ] setting player 1 freeze to -1708459459101
[22:04:19.102] [SEVERE ] setting player 2 freeze to -1708459459102
[22:04:19.128] [SEVERE ] updating countdown to 17406
[22:04:19.129] [SEVERE ] setting player 1 freeze to -1708459459129
[22:04:19.129] [SEVERE ] setting player 2 freeze to -1708459459129
[22:04:19.155] [SEVERE ] updating countdown to 17379
[22:04:19.156] [SEVERE ] setting player 1 freeze to -1708459459156
[22:04:19.157] [SEVERE ] setting player 2 freeze to -1708459459157
[22:04:19.183] [SEVERE ] updating countdown to 17351
[22:04:19.183] [SEVERE ] setting player 1 freeze to -1708459459183
[22:04:19.184] [SEVERE ] setting player 2 freeze to -1708459459184
[22:04:19.209] [SEVERE ] updating countdown to 17325
[22:04:19.210] [SEVERE ] setting player 1 freeze to -1708459459210
[22:04:19.211] [SEVERE ] setting player 2 freeze to -1708459459211
[22:04:19.236] [SEVERE ] updating countdown to 17298
[22:04:19.237] [SEVERE ] setting player 1 freeze to -1708459459237
[22:04:19.238] [SEVERE ] setting player 2 freeze to -1708459459238
[22:04:19.263] [SEVERE ] updating countdown to 17271
[22:04:19.264] [SEVERE ] setting player 1 freeze to -1708459459264
[22:04:19.266] [SEVERE ] setting player 2 freeze to -1708459459266
[22:04:19.292] [SEVERE ] updating countdown to 17242
[22:04:19.293] [SEVERE ] setting player 1 freeze to -1708459459293
[22:04:19.293] [SEVERE ] setting player 2 freeze to -1708459459293
[22:04:19.319] [SEVERE ] updating countdown to 17215
[22:04:19.319] [SEVERE ] setting player 1 freeze to -1708459459319
[22:04:19.320] [SEVERE ] setting player 2 freeze to -1708459459320
[22:04:19.346] [SEVERE ] updating countdown to 17188
[22:04:19.346] [SEVERE ] setting player 1 freeze to -1708459459346
[22:04:19.346] [SEVERE ] setting player 2 freeze to -1708459459346
[22:04:19.372] [SEVERE ] updating countdown to 17162
[22:04:19.373] [SEVERE ] setting player 1 freeze to -1708459459373
[22:04:19.373] [SEVERE ] setting player 2 freeze to -1708459459373
[22:04:19.399] [SEVERE ] updating countdown to 17135
[22:04:19.400] [SEVERE ] setting player 1 freeze to -1708459459400
[22:04:19.400] [SEVERE ] setting player 2 freeze to -1708459459400
[22:04:19.425] [SEVERE ] updating countdown to 17109
[22:04:19.426] [SEVERE ] setting player 1 freeze to -1708459459426
[22:04:19.426] [SEVERE ] setting player 2 freeze to -1708459459426
[22:04:19.452] [SEVERE ] updating countdown to 17082
[22:04:19.452] [SEVERE ] setting player 1 freeze to -1708459459452
[22:04:19.452] [SEVERE ] setting player 2 freeze to -1708459459452
[22:04:19.478] [SEVERE ] updating countdown to 17056
[22:04:19.479] [SEVERE ] setting player 1 freeze to -1708459459479
[22:04:19.479] [SEVERE ] setting player 2 freeze to -1708459459479
[22:04:19.505] [SEVERE ] updating countdown to 17029
[22:04:19.506] [SEVERE ] setting player 1 freeze to -1708459459506
[22:04:19.506] [SEVERE ] setting player 2 freeze to -1708459459506
[22:04:19.532] [SEVERE ] updating countdown to 17003
[22:04:19.532] [SEVERE ] setting player 1 freeze to -1708459459532
[22:04:19.533] [SEVERE ] setting player 2 freeze to -1708459459533
[22:04:19.559] [SEVERE ] updating countdown to 16975
[22:04:19.559] [SEVERE ] setting player 1 freeze to -1708459459559
[22:04:19.560] [SEVERE ] setting player 2 freeze to -1708459459560
[22:04:19.586] [SEVERE ] updating countdown to 16948
[22:04:19.586] [SEVERE ] setting player 1 freeze to -1708459459586
[22:04:19.586] [SEVERE ] setting player 2 freeze to -1708459459586
[22:04:19.612] [SEVERE ] updating countdown to 16922
[22:04:19.613] [SEVERE ] setting player 1 freeze to -1708459459613
[22:04:19.613] [SEVERE ] setting player 2 freeze to -1708459459613
[22:04:19.639] [SEVERE ] updating countdown to 16895
[22:04:19.641] [SEVERE ] setting player 1 freeze to -1708459459641
[22:04:19.642] [SEVERE ] setting player 2 freeze to -1708459459642
[22:04:19.668] [SEVERE ] updating countdown to 16866
[22:04:19.669] [SEVERE ] setting player 1 freeze to -1708459459669
[22:04:19.670] [SEVERE ] setting player 2 freeze to -1708459459670
[22:04:19.696] [SEVERE ] updating countdown to 16838
[22:04:19.699] [SEVERE ] setting player 1 freeze to -1708459459699
[22:04:19.699] [SEVERE ] setting player 2 freeze to -1708459459699
[22:04:19.725] [SEVERE ] updating countdown to 16810
[22:04:19.725] [SEVERE ] setting player 1 freeze to -1708459459725
[22:04:19.726] [SEVERE ] setting player 2 freeze to -1708459459726
[22:04:19.752] [SEVERE ] updating countdown to 16782
[22:04:19.753] [SEVERE ] setting player 1 freeze to -1708459459753
[22:04:19.753] [SEVERE ] setting player 2 freeze to -1708459459753
[22:04:19.779] [SEVERE ] updating countdown to 16755
[22:04:19.780] [SEVERE ] setting player 1 freeze to -1708459459780
[22:04:19.781] [SEVERE ] setting player 2 freeze to -1708459459781
[22:04:19.806] [SEVERE ] updating countdown to 16728
[22:04:19.807] [SEVERE ] setting player 1 freeze to -1708459459807
[22:04:19.808] [SEVERE ] setting player 2 freeze to -1708459459808
[22:04:19.833] [SEVERE ] updating countdown to 16701
[22:04:19.834] [SEVERE ] setting player 1 freeze to -1708459459834
[22:04:19.835] [SEVERE ] setting player 2 freeze to -1708459459835
[22:04:19.861] [SEVERE ] updating countdown to 16673
[22:04:19.861] [SEVERE ] setting player 1 freeze to -1708459459861
[22:04:19.862] [SEVERE ] setting player 2 freeze to -1708459459862
[22:04:19.887] [SEVERE ] updating countdown to 16647
[22:04:19.890] [SEVERE ] setting player 1 freeze to -1708459459890
[22:04:19.891] [SEVERE ] setting player 2 freeze to -1708459459891
[22:04:19.918] [SEVERE ] updating countdown to 16616
[22:04:19.919] [SEVERE ] setting player 1 freeze to -1708459459919
[22:04:19.920] [SEVERE ] setting player 2 freeze to -1708459459920
[22:04:19.946] [SEVERE ] updating countdown to 16588
[22:04:19.947] [SEVERE ] setting player 1 freeze to -1708459459947
[22:04:19.947] [SEVERE ] setting player 2 freeze to -1708459459947
[22:04:19.973] [SEVERE ] updating countdown to 16561
[22:04:19.974] [SEVERE ] setting player 1 freeze to -1708459459974
[22:04:19.974] [SEVERE ] setting player 2 freeze to -1708459459974
[22:04:20.000] [SEVERE ] updating countdown to 16534
[22:04:20.001] [SEVERE ] setting player 1 freeze to -1708459460001
[22:04:20.002] [SEVERE ] setting player 2 freeze to -1708459460002
[22:04:20.028] [SEVERE ] updating countdown to 16506
[22:04:20.028] [SEVERE ] setting player 1 freeze to -1708459460028
[22:04:20.028] [SEVERE ] setting player 2 freeze to -1708459460028
[22:04:20.054] [SEVERE ] updating countdown to 16480
[22:04:20.054] [SEVERE ] setting player 1 freeze to -1708459460054
[22:04:20.055] [SEVERE ] setting player 2 freeze to -1708459460055
[22:04:20.080] [SEVERE ] updating countdown to 16454
[22:04:20.081] [SEVERE ] setting player 1 freeze to -1708459460081
[22:04:20.082] [SEVERE ] setting player 2 freeze to -1708459460082
[22:04:20.108] [SEVERE ] updating countdown to 16426
[22:04:20.109] [SEVERE ] setting player 1 freeze to -1708459460109
[22:04:20.109] [SEVERE ] setting player 2 freeze to -1708459460109
[22:04:20.135] [SEVERE ] updating countdown to 16399
[22:04:20.136] [SEVERE ] setting player 1 freeze to -1708459460136
[22:04:20.137] [SEVERE ] setting player 2 freeze to -1708459460137
[22:04:20.163] [SEVERE ] updating countdown to 16371
[22:04:20.163] [SEVERE ] setting player 1 freeze to -1708459460163
[22:04:20.164] [SEVERE ] setting player 2 freeze to -1708459460164
[22:04:20.189] [SEVERE ] updating countdown to 16345
[22:04:20.190] [SEVERE ] setting player 1 freeze to -1708459460190
[22:04:20.190] [SEVERE ] setting player 2 freeze to -1708459460190
[22:04:20.216] [SEVERE ] updating countdown to 16318
[22:04:20.217] [SEVERE ] setting player 1 freeze to -1708459460217
[22:04:20.218] [SEVERE ] setting player 2 freeze to -1708459460218
[22:04:20.244] [SEVERE ] updating countdown to 16290
[22:04:20.245] [SEVERE ] setting player 1 freeze to -1708459460245
[22:04:20.245] [SEVERE ] setting player 2 freeze to -1708459460245
[22:04:20.271] [SEVERE ] updating countdown to 16263
[22:04:20.272] [SEVERE ] setting player 1 freeze to -1708459460272
[22:04:20.272] [SEVERE ] setting player 2 freeze to -1708459460272
[22:04:20.298] [SEVERE ] updating countdown to 16236
[22:04:20.300] [SEVERE ] setting player 1 freeze to -1708459460300
[22:04:20.300] [SEVERE ] setting player 2 freeze to -1708459460300
[22:04:20.326] [SEVERE ] updating countdown to 16208
[22:04:20.327] [SEVERE ] setting player 1 freeze to -1708459460327
[22:04:20.328] [SEVERE ] setting player 2 freeze to -1708459460328
[22:04:20.354] [SEVERE ] updating countdown to 16180
[22:04:20.356] [SEVERE ] setting player 1 freeze to -1708459460356
[22:04:20.357] [SEVERE ] setting player 2 freeze to -1708459460357
[22:04:20.383] [SEVERE ] updating countdown to 16151
[22:04:20.383] [SEVERE ] setting player 1 freeze to -1708459460383
[22:04:20.384] [SEVERE ] setting player 2 freeze to -1708459460384
[22:04:20.410] [SEVERE ] updating countdown to 16124
[22:04:20.411] [SEVERE ] setting player 1 freeze to -1708459460411
[22:04:20.411] [SEVERE ] setting player 2 freeze to -1708459460411
[22:04:20.437] [SEVERE ] updating countdown to 16097
[22:04:20.437] [SEVERE ] setting player 1 freeze to -1708459460437
[22:04:20.437] [SEVERE ] setting player 2 freeze to -1708459460437
[22:04:20.463] [SEVERE ] updating countdown to 16071
[22:04:20.463] [SEVERE ] setting player 1 freeze to -1708459460463
[22:04:20.463] [SEVERE ] setting player 2 freeze to -1708459460463
[22:04:20.489] [SEVERE ] updating countdown to 16045
[22:04:20.489] [SEVERE ] setting player 1 freeze to -1708459460489
[22:04:20.489] [SEVERE ] setting player 2 freeze to -1708459460489
[22:04:20.515] [SEVERE ] updating countdown to 16019
[22:04:20.516] [SEVERE ] setting player 1 freeze to -1708459460516
[22:04:20.517] [SEVERE ] setting player 2 freeze to -1708459460517
[22:04:20.543] [SEVERE ] updating countdown to 15991
[22:04:20.544] [SEVERE ] setting player 1 freeze to -1708459460544
[22:04:20.544] [SEVERE ] setting player 2 freeze to -1708459460544
[22:04:20.570] [SEVERE ] updating countdown to 15964
[22:04:20.571] [SEVERE ] setting player 1 freeze to -1708459460571
[22:04:20.572] [SEVERE ] setting player 2 freeze to -1708459460572
[22:04:20.598] [SEVERE ] updating countdown to 15936
[22:04:20.598] [SEVERE ] setting player 1 freeze to -1708459460598
[22:04:20.599] [SEVERE ] setting player 2 freeze to -1708459460599
[22:04:20.624] [SEVERE ] updating countdown to 15910
[22:04:20.625] [SEVERE ] setting player 1 freeze to -1708459460625
[22:04:20.626] [SEVERE ] setting player 2 freeze to -1708459460626
[22:04:20.651] [SEVERE ] updating countdown to 15883
[22:04:20.652] [SEVERE ] setting player 1 freeze to -1708459460652
[22:04:20.652] [SEVERE ] setting player 2 freeze to -1708459460652
[22:04:20.677] [SEVERE ] updating countdown to 15857
[22:04:20.678] [SEVERE ] setting player 1 freeze to -1708459460678
[22:04:20.678] [SEVERE ] setting player 2 freeze to -1708459460678
[22:04:20.703] [SEVERE ] updating countdown to 15831
[22:04:20.704] [SEVERE ] setting player 1 freeze to -1708459460704
[22:04:20.704] [SEVERE ] setting player 2 freeze to -1708459460704
[22:04:20.729] [SEVERE ] updating countdown to 15805
[22:04:20.730] [SEVERE ] setting player 1 freeze to -1708459460730
[22:04:20.731] [SEVERE ] setting player 2 freeze to -1708459460731
[22:04:20.757] [SEVERE ] updating countdown to 15777
[22:04:20.757] [SEVERE ] setting player 1 freeze to -1708459460757
[22:04:20.758] [SEVERE ] setting player 2 freeze to -1708459460758
[22:04:20.783] [SEVERE ] updating countdown to 15751
[22:04:20.784] [SEVERE ] setting player 1 freeze to -1708459460784
[22:04:20.785] [SEVERE ] setting player 2 freeze to -1708459460784
[22:04:20.810] [SEVERE ] updating countdown to 15724
[22:04:20.812] [SEVERE ] setting player 1 freeze to -1708459460812
[22:04:20.812] [SEVERE ] setting player 2 freeze to -1708459460812
[22:04:20.838] [SEVERE ] updating countdown to 15696
[22:04:20.838] [SEVERE ] setting player 1 freeze to -1708459460838
[22:04:20.839] [SEVERE ] setting player 2 freeze to -1708459460839
[22:04:20.865] [SEVERE ] updating countdown to 15669
[22:04:20.865] [SEVERE ] setting player 1 freeze to -1708459460865
[22:04:20.865] [SEVERE ] setting player 2 freeze to -1708459460865
[22:04:20.891] [SEVERE ] updating countdown to 15643
[22:04:20.892] [SEVERE ] setting player 1 freeze to -1708459460892
[22:04:20.893] [SEVERE ] setting player 2 freeze to -1708459460893
[22:04:20.919] [SEVERE ] updating countdown to 15615
[22:04:20.920] [SEVERE ] setting player 1 freeze to -1708459460920
[22:04:20.920] [SEVERE ] setting player 2 freeze to -1708459460920
[22:04:20.946] [SEVERE ] updating countdown to 15588
[22:04:20.947] [SEVERE ] setting player 1 freeze to -1708459460947
[22:04:20.948] [SEVERE ] setting player 2 freeze to -1708459460948
[22:04:20.975] [SEVERE ] updating countdown to 15559
[22:04:20.976] [SEVERE ] setting player 1 freeze to -1708459460976
[22:04:20.976] [SEVERE ] setting player 2 freeze to -1708459460976
[22:04:21.002] [SEVERE ] updating countdown to 15533
[22:04:21.003] [SEVERE ] setting player 1 freeze to -1708459461003
[22:04:21.004] [SEVERE ] setting player 2 freeze to -1708459461004
[22:04:21.030] [SEVERE ] updating countdown to 15504
[22:04:21.031] [SEVERE ] setting player 1 freeze to -1708459461031
[22:04:21.032] [SEVERE ] setting player 2 freeze to -1708459461032
[22:04:21.057] [SEVERE ] updating countdown to 15477
[22:04:21.058] [SEVERE ] setting player 1 freeze to -1708459461058
[22:04:21.059] [SEVERE ] setting player 2 freeze to -1708459461059
[22:04:21.085] [SEVERE ] updating countdown to 15449
[22:04:21.086] [SEVERE ] setting player 1 freeze to -1708459461086
[22:04:21.087] [SEVERE ] setting player 2 freeze to -1708459461087
[22:04:21.112] [SEVERE ] updating countdown to 15422
[22:04:21.114] [SEVERE ] setting player 1 freeze to -1708459461114
[22:04:21.114] [SEVERE ] setting player 2 freeze to -1708459461114
[22:04:21.140] [SEVERE ] updating countdown to 15394
[22:04:21.141] [SEVERE ] setting player 1 freeze to -1708459461141
[22:04:21.142] [SEVERE ] setting player 2 freeze to -1708459461142
[22:04:21.168] [SEVERE ] updating countdown to 15366
[22:04:21.170] [SEVERE ] setting player 1 freeze to -1708459461170
[22:04:21.170] [SEVERE ] setting player 2 freeze to -1708459461170
[22:04:21.196] [SEVERE ] updating countdown to 15338
[22:04:21.197] [SEVERE ] setting player 1 freeze to -1708459461197
[22:04:21.198] [SEVERE ] setting player 2 freeze to -1708459461198
[22:04:21.224] [SEVERE ] updating countdown to 15310
[22:04:21.225] [SEVERE ] setting player 1 freeze to -1708459461225
[22:04:21.226] [SEVERE ] setting player 2 freeze to -1708459461226
[22:04:21.252] [SEVERE ] updating countdown to 15282
[22:04:21.253] [SEVERE ] setting player 1 freeze to -1708459461253
[22:04:21.254] [SEVERE ] setting player 2 freeze to -1708459461254
[22:04:21.279] [SEVERE ] updating countdown to 15255
[22:04:21.281] [SEVERE ] setting player 1 freeze to -1708459461281
[22:04:21.283] [SEVERE ] setting player 2 freeze to -1708459461283
[22:04:21.309] [SEVERE ] updating countdown to 15225
[22:04:21.309] [SEVERE ] setting player 1 freeze to -1708459461309
[22:04:21.310] [SEVERE ] setting player 2 freeze to -1708459461310
[22:04:21.336] [SEVERE ] updating countdown to 15198
[22:04:21.337] [SEVERE ] setting player 1 freeze to -1708459461337
[22:04:21.337] [SEVERE ] setting player 2 freeze to -1708459461337
[22:04:21.363] [SEVERE ] updating countdown to 15171
[22:04:21.364] [SEVERE ] setting player 1 freeze to -1708459461364
[22:04:21.365] [SEVERE ] setting player 2 freeze to -1708459461365
[22:04:21.392] [SEVERE ] updating countdown to 15142
[22:04:21.392] [SEVERE ] setting player 1 freeze to -1708459461392
[22:04:21.392] [SEVERE ] setting player 2 freeze to -1708459461392
[22:04:21.418] [SEVERE ] updating countdown to 15116
[22:04:21.419] [SEVERE ] setting player 1 freeze to -1708459461419
[22:04:21.419] [SEVERE ] setting player 2 freeze to -1708459461419
[22:04:21.445] [SEVERE ] updating countdown to 15089
[22:04:21.446] [SEVERE ] setting player 1 freeze to -1708459461446
[22:04:21.446] [SEVERE ] setting player 2 freeze to -1708459461446
[22:04:21.473] [SEVERE ] updating countdown to 15061
[22:04:21.473] [SEVERE ] setting player 1 freeze to -1708459461473
[22:04:21.474] [SEVERE ] setting player 2 freeze to -1708459461474
[22:04:21.499] [SEVERE ] updating countdown to 15035
[22:04:21.500] [SEVERE ] setting player 1 freeze to -1708459461500
[22:04:21.500] [SEVERE ] setting player 2 freeze to -1708459461500
[22:04:21.525] [SEVERE ] updating countdown to 15009
[22:04:21.527] [SEVERE ] setting player 1 freeze to -1708459461527
[22:04:21.527] [SEVERE ] setting player 2 freeze to -1708459461527
[22:04:21.552] [SEVERE ] updating countdown to 14982
[22:04:21.553] [SEVERE ] setting player 1 freeze to -1708459461553
[22:04:21.554] [SEVERE ] setting player 2 freeze to -1708459461554
[22:04:21.580] [SEVERE ] updating countdown to 14954
[22:04:21.581] [SEVERE ] setting player 1 freeze to -1708459461581
[22:04:21.582] [SEVERE ] setting player 2 freeze to -1708459461582
[22:04:21.607] [SEVERE ] updating countdown to 14927
[22:04:21.608] [SEVERE ] setting player 1 freeze to -1708459461608
[22:04:21.608] [SEVERE ] setting player 2 freeze to -1708459461608
[22:04:21.634] [SEVERE ] updating countdown to 14900
[22:04:21.635] [SEVERE ] setting player 1 freeze to -1708459461635
[22:04:21.636] [SEVERE ] setting player 2 freeze to -1708459461636
[22:04:21.662] [SEVERE ] updating countdown to 14872
[22:04:21.663] [SEVERE ] setting player 1 freeze to -1708459461663
[22:04:21.663] [SEVERE ] setting player 2 freeze to -1708459461663
[22:04:21.689] [SEVERE ] updating countdown to 14845
[22:04:21.691] [SEVERE ] setting player 1 freeze to -1708459461690
[22:04:21.691] [SEVERE ] setting player 2 freeze to -1708459461691
[22:04:21.717] [SEVERE ] updating countdown to 14817
[22:04:21.717] [SEVERE ] setting player 1 freeze to -1708459461717
[22:04:21.718] [SEVERE ] setting player 2 freeze to -1708459461718
[22:04:21.744] [SEVERE ] updating countdown to 14790
[22:04:21.745] [SEVERE ] setting player 1 freeze to -1708459461745
[22:04:21.746] [SEVERE ] setting player 2 freeze to -1708459461746
[22:04:21.772] [SEVERE ] updating countdown to 14762
[22:04:21.773] [SEVERE ] setting player 1 freeze to -1708459461773
[22:04:21.774] [SEVERE ] setting player 2 freeze to -1708459461774
[22:04:21.800] [SEVERE ] updating countdown to 14734
[22:04:21.802] [SEVERE ] setting player 1 freeze to -1708459461802
[22:04:21.803] [SEVERE ] setting player 2 freeze to -1708459461803
[22:04:21.829] [SEVERE ] updating countdown to 14705
[22:04:21.830] [SEVERE ] setting player 1 freeze to -1708459461830
[22:04:21.831] [SEVERE ] setting player 2 freeze to -1708459461831
[22:04:21.857] [SEVERE ] updating countdown to 14677
[22:04:21.857] [SEVERE ] setting player 1 freeze to -1708459461857
[22:04:21.857] [SEVERE ] setting player 2 freeze to -1708459461857
[22:04:21.883] [SEVERE ] updating countdown to 14651
[22:04:21.884] [SEVERE ] setting player 1 freeze to -1708459461884
[22:04:21.884] [SEVERE ] setting player 2 freeze to -1708459461884
[22:04:21.910] [SEVERE ] updating countdown to 14624
[22:04:21.911] [SEVERE ] setting player 1 freeze to -1708459461911
[22:04:21.912] [SEVERE ] setting player 2 freeze to -1708459461912
[22:04:21.938] [SEVERE ] updating countdown to 14596
[22:04:21.939] [SEVERE ] setting player 1 freeze to -1708459461939
[22:04:21.939] [SEVERE ] setting player 2 freeze to -1708459461939
[22:04:21.964] [SEVERE ] updating countdown to 14570
[22:04:21.965] [SEVERE ] setting player 1 freeze to -1708459461965
[22:04:21.965] [SEVERE ] setting player 2 freeze to -1708459461965
[22:04:21.991] [SEVERE ] updating countdown to 14543
[22:04:21.992] [SEVERE ] setting player 1 freeze to -1708459461992
[22:04:21.994] [SEVERE ] setting player 2 freeze to -1708459461994
[22:04:22.020] [SEVERE ] updating countdown to 14514
[22:04:22.020] [SEVERE ] setting player 1 freeze to -1708459462020
[22:04:22.021] [SEVERE ] setting player 2 freeze to -1708459462021
[22:04:22.047] [SEVERE ] updating countdown to 14487
[22:04:22.047] [SEVERE ] setting player 1 freeze to -1708459462047
[22:04:22.048] [SEVERE ] setting player 2 freeze to -1708459462048
[22:04:22.074] [SEVERE ] updating countdown to 14460
[22:04:22.074] [SEVERE ] setting player 1 freeze to -1708459462074
[22:04:22.074] [SEVERE ] setting player 2 freeze to -1708459462074
[22:04:22.100] [SEVERE ] updating countdown to 14434
[22:04:22.101] [SEVERE ] setting player 1 freeze to -1708459462101
[22:04:22.102] [SEVERE ] setting player 2 freeze to -1708459462102
[22:04:22.128] [SEVERE ] updating countdown to 14406
[22:04:22.129] [SEVERE ] setting player 1 freeze to -1708459462129
[22:04:22.130] [SEVERE ] setting player 2 freeze to -1708459462130
[22:04:22.156] [SEVERE ] updating countdown to 14378
[22:04:22.158] [SEVERE ] setting player 1 freeze to -1708459462158
[22:04:22.158] [SEVERE ] setting player 2 freeze to -1708459462158
[22:04:22.184] [SEVERE ] updating countdown to 14350
[22:04:22.185] [SEVERE ] setting player 1 freeze to -1708459462185
[22:04:22.186] [SEVERE ] setting player 2 freeze to -1708459462186
[22:04:22.211] [SEVERE ] updating countdown to 14323
[22:04:22.212] [SEVERE ] setting player 1 freeze to -1708459462212
[22:04:22.212] [SEVERE ] setting player 2 freeze to -1708459462212
[22:04:22.238] [SEVERE ] updating countdown to 14296
[22:04:22.238] [SEVERE ] setting player 1 freeze to -1708459462238
[22:04:22.239] [SEVERE ] setting player 2 freeze to -1708459462239
[22:04:22.265] [SEVERE ] updating countdown to 14269
[22:04:22.266] [SEVERE ] setting player 1 freeze to -1708459462266
[22:04:22.266] [SEVERE ] setting player 2 freeze to -1708459462266
[22:04:22.292] [SEVERE ] updating countdown to 14242
[22:04:22.293] [SEVERE ] setting player 1 freeze to -1708459462293
[22:04:22.293] [SEVERE ] setting player 2 freeze to -1708459462293
[22:04:22.319] [SEVERE ] updating countdown to 14215
[22:04:22.320] [SEVERE ] setting player 1 freeze to -1708459462320
[22:04:22.321] [SEVERE ] setting player 2 freeze to -1708459462321
[22:04:22.347] [SEVERE ] updating countdown to 14187
[22:04:22.348] [SEVERE ] setting player 1 freeze to -1708459462348
[22:04:22.348] [SEVERE ] setting player 2 freeze to -1708459462348
[22:04:22.373] [SEVERE ] updating countdown to 14161
[22:04:22.373] [SEVERE ] setting player 1 freeze to -1708459462373
[22:04:22.374] [SEVERE ] setting player 2 freeze to -1708459462374
[22:04:22.399] [SEVERE ] updating countdown to 14135
[22:04:22.399] [SEVERE ] setting player 1 freeze to -1708459462399
[22:04:22.399] [SEVERE ] setting player 2 freeze to -1708459462399
[22:04:22.425] [SEVERE ] updating countdown to 14109
[22:04:22.426] [SEVERE ] setting player 1 freeze to -1708459462426
[22:04:22.427] [SEVERE ] setting player 2 freeze to -1708459462427
[22:04:22.452] [SEVERE ] updating countdown to 14082
[22:04:22.453] [SEVERE ] setting player 1 freeze to -1708459462453
[22:04:22.454] [SEVERE ] setting player 2 freeze to -1708459462454
[22:04:22.479] [SEVERE ] updating countdown to 14055
[22:04:22.480] [SEVERE ] setting player 1 freeze to -1708459462480
[22:04:22.482] [SEVERE ] setting player 2 freeze to -1708459462482
[22:04:22.507] [SEVERE ] updating countdown to 14027
[22:04:22.508] [SEVERE ] setting player 1 freeze to -1708459462508
[22:04:22.509] [SEVERE ] setting player 2 freeze to -1708459462509
[22:04:22.535] [SEVERE ] updating countdown to 13999
[22:04:22.535] [SEVERE ] setting player 1 freeze to -1708459462535
[22:04:22.536] [SEVERE ] setting player 2 freeze to -1708459462536
[22:04:22.561] [SEVERE ] updating countdown to 13973
[22:04:22.562] [SEVERE ] setting player 1 freeze to -1708459462562
[22:04:22.562] [SEVERE ] setting player 2 freeze to -1708459462562
[22:04:22.588] [SEVERE ] updating countdown to 13946
[22:04:22.589] [SEVERE ] setting player 1 freeze to -1708459462589
[22:04:22.589] [SEVERE ] setting player 2 freeze to -1708459462589
[22:04:22.602] [SEVERE ] exit button pressed
[22:04:22.616] [SEVERE ] updating countdown to 13918
[22:04:22.616] [SEVERE ] setting player 1 freeze to -1708459462616
[22:04:22.616] [SEVERE ] setting player 2 freeze to -1708459462616
[22:04:22.717] [SEVERE ] removing card from slot 0
[22:04:22.817] [SEVERE ] removing card from slot 1
[22:04:22.919] [SEVERE ] removing card from slot 2
[22:04:23.019] [SEVERE ] removing card from slot 3
[22:04:23.120] [SEVERE ] removing card from slot 4
[22:04:23.221] [SEVERE ] removing card from slot 5
[22:04:23.323] [SEVERE ] removing card from slot 6
[22:04:23.424] [SEVERE ] removing card from slot 7
[22:04:23.526] [SEVERE ] removing card from slot 8
[22:04:23.627] [SEVERE ] removing card from slot 9
[22:04:23.728] [SEVERE ] removing card from slot 10
[22:04:23.830] [SEVERE ] removing card from slot 11
[22:04:23.831] [SEVERE ] announcing winner(s): player 1, player 2
[22:04:23.832] [INFO   ] thread dealer terminated.
[22:04:23.832] [INFO   ] thread dealer terminated.
[22:04:23.832] [SEVERE ] thanks for playing... it was fun!
[22:04:23.832] [INFO   ] thread bguspl.set.Main.main() terminated.
