[22:36:04.088] [INFO   ] thread bguspl.set.Main.main() starting.
[22:36:04.100] [SEVERE ] cannot read configuration file config.properties trying from resources.
[22:36:04.114] [SEVERE ] configuration file was loaded from resources directory.
[22:36:05.083] [INFO   ] thread dealer starting.
[22:36:05.084] [INFO   ] thread dealer starting.
[22:36:05.085] [INFO   ] thread Thread-1 starting.
[22:36:05.188] [SEVERE ] placing card 9 in slot 0
[22:36:05.289] [SEVERE ] placing card 5 in slot 1
[22:36:05.391] [SEVERE ] placing card 11 in slot 2
[22:36:05.492] [SEVERE ] placing card 6 in slot 3
[22:36:05.595] [SEVERE ] placing card 3 in slot 4
[22:36:05.696] [SEVERE ] placing card 12 in slot 5
[22:36:05.798] [SEVERE ] placing card 13 in slot 6
[22:36:05.899] [SEVERE ] placing card 2 in slot 7
[22:36:06.000] [SEVERE ] placing card 4 in slot 8
[22:36:06.102] [SEVERE ] placing card 10 in slot 9
[22:36:06.204] [SEVERE ] placing card 14 in slot 10
[22:36:06.304] [SEVERE ] placing card 8 in slot 11
[22:36:06.331] [SEVERE ] updating countdown to 29975
[22:36:06.360] [SEVERE ] updating countdown to 29946
[22:36:06.387] [SEVERE ] updating countdown to 29919
[22:36:06.413] [SEVERE ] updating countdown to 29893
[22:36:06.439] [SEVERE ] updating countdown to 29867
[22:36:06.466] [SEVERE ] updating countdown to 29840
[22:36:06.492] [SEVERE ] updating countdown to 29814
[22:36:06.519] [SEVERE ] updating countdown to 29787
[22:36:06.546] [SEVERE ] updating countdown to 29760
[22:36:06.572] [SEVERE ] updating countdown to 29735
[22:36:06.598] [SEVERE ] updating countdown to 29708
[22:36:06.624] [SEVERE ] updating countdown to 29682
[22:36:06.651] [SEVERE ] updating countdown to 29655
[22:36:06.678] [SEVERE ] updating countdown to 29628
[22:36:06.704] [SEVERE ] updating countdown to 29602
[22:36:06.730] [SEVERE ] updating countdown to 29576
[22:36:06.756] [SEVERE ] updating countdown to 29550
[22:36:06.782] [SEVERE ] updating countdown to 29524
[22:36:06.808] [SEVERE ] updating countdown to 29498
[22:36:06.834] [SEVERE ] updating countdown to 29472
[22:36:06.860] [SEVERE ] updating countdown to 29446
[22:36:06.886] [SEVERE ] updating countdown to 29420
[22:36:06.913] [SEVERE ] updating countdown to 29393
[22:36:06.939] [SEVERE ] updating countdown to 29367
[22:36:06.967] [SEVERE ] updating countdown to 29339
[22:36:06.994] [SEVERE ] updating countdown to 29312
[22:36:07.020] [SEVERE ] updating countdown to 29286
[22:36:07.047] [SEVERE ] updating countdown to 29259
[22:36:07.073] [SEVERE ] updating countdown to 29233
[22:36:07.100] [SEVERE ] updating countdown to 29206
[22:36:07.126] [SEVERE ] updating countdown to 29180
[22:36:07.153] [SEVERE ] updating countdown to 29153
[22:36:07.180] [SEVERE ] updating countdown to 29126
[22:36:07.207] [SEVERE ] updating countdown to 29099
[22:36:07.233] [SEVERE ] updating countdown to 29073
[22:36:07.259] [SEVERE ] updating countdown to 29047
[22:36:07.286] [SEVERE ] updating countdown to 29020
[22:36:07.315] [SEVERE ] updating countdown to 28991
[22:36:07.342] [SEVERE ] updating countdown to 28964
[22:36:07.369] [SEVERE ] updating countdown to 28938
[22:36:07.395] [SEVERE ] updating countdown to 28911
[22:36:07.422] [SEVERE ] updating countdown to 28884
[22:36:07.449] [SEVERE ] updating countdown to 28857
[22:36:07.475] [SEVERE ] updating countdown to 28831
[22:36:07.502] [SEVERE ] updating countdown to 28804
[22:36:07.528] [SEVERE ] updating countdown to 28778
[22:36:07.554] [SEVERE ] updating countdown to 28752
[22:36:07.580] [SEVERE ] updating countdown to 28726
[22:36:07.606] [SEVERE ] updating countdown to 28700
[22:36:07.633] [SEVERE ] updating countdown to 28673
[22:36:07.644] [SEVERE ] key 90 was pressed by player 1
[22:36:07.645] [SEVERE ] player 1 placing token on slot 8
[22:36:07.660] [SEVERE ] updating countdown to 28646
[22:36:07.685] [SEVERE ] updating countdown to 28621
[22:36:07.712] [SEVERE ] updating countdown to 28594
[22:36:07.741] [SEVERE ] updating countdown to 28565
[22:36:07.767] [SEVERE ] updating countdown to 28539
[22:36:07.781] [SEVERE ] key 88 was pressed by player 1
[22:36:07.783] [SEVERE ] player 1 placing token on slot 9
[22:36:07.793] [SEVERE ] updating countdown to 28513
[22:36:07.820] [SEVERE ] updating countdown to 28486
[22:36:07.846] [SEVERE ] updating countdown to 28460
[22:36:07.873] [SEVERE ] updating countdown to 28433
[22:36:07.899] [SEVERE ] updating countdown to 28407
[22:36:07.925] [SEVERE ] updating countdown to 28381
[22:36:07.938] [SEVERE ] key 67 was pressed by player 1
[22:36:07.939] [SEVERE ] player 1 placing token on slot 10
[22:36:07.951] [SEVERE ] updating countdown to 28355
[22:36:07.952] [SEVERE ] removing player 1 token from slot 8
[22:36:07.953] [SEVERE ] removing player 1 token from slot 9
[22:36:07.953] [SEVERE ] removing player 1 token from slot 10
[22:36:07.980] [SEVERE ] updating countdown to 28327
[22:36:07.981] [SEVERE ] setting player 1 freeze to 4973
[22:36:08.009] [SEVERE ] updating countdown to 28298
[22:36:08.009] [SEVERE ] setting player 1 freeze to 4945
[22:36:08.035] [SEVERE ] updating countdown to 28271
[22:36:08.036] [SEVERE ] setting player 1 freeze to 4918
[22:36:08.062] [SEVERE ] updating countdown to 28244
[22:36:08.065] [SEVERE ] setting player 1 freeze to 4889
[22:36:08.091] [SEVERE ] updating countdown to 28215
[22:36:08.093] [SEVERE ] setting player 1 freeze to 4861
[22:36:08.121] [SEVERE ] updating countdown to 28185
[22:36:08.123] [SEVERE ] setting player 1 freeze to 4831
[22:36:08.149] [SEVERE ] updating countdown to 28157
[22:36:08.150] [SEVERE ] setting player 1 freeze to 4804
[22:36:08.177] [SEVERE ] updating countdown to 28130
[22:36:08.179] [SEVERE ] setting player 1 freeze to 4775
[22:36:08.206] [SEVERE ] updating countdown to 28100
[22:36:08.208] [SEVERE ] setting player 1 freeze to 4746
[22:36:08.234] [SEVERE ] updating countdown to 28072
[22:36:08.236] [SEVERE ] setting player 1 freeze to 4718
[22:36:08.262] [SEVERE ] updating countdown to 28044
[22:36:08.263] [SEVERE ] setting player 1 freeze to 4691
[22:36:08.289] [SEVERE ] updating countdown to 28017
[22:36:08.290] [SEVERE ] setting player 1 freeze to 4664
[22:36:08.316] [SEVERE ] updating countdown to 27990
[22:36:08.319] [SEVERE ] setting player 1 freeze to 4635
[22:36:08.346] [SEVERE ] updating countdown to 27960
[22:36:08.349] [SEVERE ] setting player 1 freeze to 4605
[22:36:08.375] [SEVERE ] updating countdown to 27931
[22:36:08.377] [SEVERE ] setting player 1 freeze to 4577
[22:36:08.403] [SEVERE ] updating countdown to 27903
[22:36:08.404] [SEVERE ] setting player 1 freeze to 4550
[22:36:08.430] [SEVERE ] updating countdown to 27876
[22:36:08.432] [SEVERE ] setting player 1 freeze to 4522
[22:36:08.459] [SEVERE ] updating countdown to 27847
[22:36:08.461] [SEVERE ] setting player 1 freeze to 4493
[22:36:08.487] [SEVERE ] updating countdown to 27819
[22:36:08.488] [SEVERE ] setting player 1 freeze to 4466
[22:36:08.515] [SEVERE ] updating countdown to 27791
[22:36:08.516] [SEVERE ] setting player 1 freeze to 4438
[22:36:08.541] [SEVERE ] updating countdown to 27765
[22:36:08.543] [SEVERE ] setting player 1 freeze to 4411
[22:36:08.570] [SEVERE ] updating countdown to 27736
[22:36:08.571] [SEVERE ] setting player 1 freeze to 4383
[22:36:08.597] [SEVERE ] updating countdown to 27709
[22:36:08.598] [SEVERE ] setting player 1 freeze to 4356
[22:36:08.624] [SEVERE ] updating countdown to 27682
[22:36:08.625] [SEVERE ] setting player 1 freeze to 4329
[22:36:08.651] [SEVERE ] updating countdown to 27655
[22:36:08.652] [SEVERE ] setting player 1 freeze to 4302
[22:36:08.678] [SEVERE ] updating countdown to 27628
[22:36:08.679] [SEVERE ] setting player 1 freeze to 4275
[22:36:08.705] [SEVERE ] updating countdown to 27601
[22:36:08.707] [SEVERE ] setting player 1 freeze to 4247
[22:36:08.733] [SEVERE ] updating countdown to 27573
[22:36:08.735] [SEVERE ] setting player 1 freeze to 4219
[22:36:08.761] [SEVERE ] updating countdown to 27545
[22:36:08.762] [SEVERE ] setting player 1 freeze to 4192
[22:36:08.787] [SEVERE ] updating countdown to 27519
[22:36:08.788] [SEVERE ] setting player 1 freeze to 4166
[22:36:08.814] [SEVERE ] updating countdown to 27492
[22:36:08.815] [SEVERE ] setting player 1 freeze to 4139
[22:36:08.840] [SEVERE ] updating countdown to 27466
[22:36:08.842] [SEVERE ] setting player 1 freeze to 4112
[22:36:08.868] [SEVERE ] updating countdown to 27438
[22:36:08.869] [SEVERE ] setting player 1 freeze to 4085
[22:36:08.896] [SEVERE ] updating countdown to 27410
[22:36:08.897] [SEVERE ] setting player 1 freeze to 4057
[22:36:08.923] [SEVERE ] updating countdown to 27383
[22:36:08.923] [SEVERE ] setting player 1 freeze to 4031
[22:36:08.949] [SEVERE ] updating countdown to 27357
[22:36:08.950] [SEVERE ] setting player 1 freeze to 4004
[22:36:08.975] [SEVERE ] updating countdown to 27331
[22:36:08.976] [SEVERE ] setting player 1 freeze to 3978
[22:36:09.002] [SEVERE ] updating countdown to 27304
[22:36:09.004] [SEVERE ] setting player 1 freeze to 3950
[22:36:09.030] [SEVERE ] updating countdown to 27276
[22:36:09.032] [SEVERE ] setting player 1 freeze to 3923
[22:36:09.058] [SEVERE ] updating countdown to 27248
[22:36:09.059] [SEVERE ] setting player 1 freeze to 3895
[22:36:09.084] [SEVERE ] updating countdown to 27222
[22:36:09.085] [SEVERE ] setting player 1 freeze to 3869
[22:36:09.111] [SEVERE ] updating countdown to 27195
[22:36:09.113] [SEVERE ] setting player 1 freeze to 3841
[22:36:09.139] [SEVERE ] updating countdown to 27167
[22:36:09.140] [SEVERE ] setting player 1 freeze to 3814
[22:36:09.166] [SEVERE ] updating countdown to 27140
[22:36:09.167] [SEVERE ] setting player 1 freeze to 3787
[22:36:09.193] [SEVERE ] updating countdown to 27113
[22:36:09.195] [SEVERE ] setting player 1 freeze to 3759
[22:36:09.222] [SEVERE ] updating countdown to 27084
[22:36:09.224] [SEVERE ] setting player 1 freeze to 3730
[22:36:09.250] [SEVERE ] updating countdown to 27056
[22:36:09.251] [SEVERE ] setting player 1 freeze to 3703
[22:36:09.277] [SEVERE ] updating countdown to 27029
[22:36:09.277] [SEVERE ] setting player 1 freeze to 3677
[22:36:09.303] [SEVERE ] updating countdown to 27003
[22:36:09.306] [SEVERE ] setting player 1 freeze to 3649
[22:36:09.332] [SEVERE ] updating countdown to 26974
[22:36:09.334] [SEVERE ] setting player 1 freeze to 3620
[22:36:09.361] [SEVERE ] updating countdown to 26945
[22:36:09.362] [SEVERE ] setting player 1 freeze to 3592
[22:36:09.388] [SEVERE ] updating countdown to 26918
[22:36:09.389] [SEVERE ] setting player 1 freeze to 3565
[22:36:09.415] [SEVERE ] updating countdown to 26891
[22:36:09.416] [SEVERE ] setting player 1 freeze to 3538
[22:36:09.442] [SEVERE ] updating countdown to 26864
[22:36:09.442] [SEVERE ] setting player 1 freeze to 3512
[22:36:09.468] [SEVERE ] updating countdown to 26838
[22:36:09.470] [SEVERE ] setting player 1 freeze to 3484
[22:36:09.498] [SEVERE ] updating countdown to 26808
[22:36:09.499] [SEVERE ] setting player 1 freeze to 3455
[22:36:09.525] [SEVERE ] updating countdown to 26781
[22:36:09.526] [SEVERE ] setting player 1 freeze to 3428
[22:36:09.552] [SEVERE ] updating countdown to 26754
[22:36:09.554] [SEVERE ] setting player 1 freeze to 3400
[22:36:09.582] [SEVERE ] updating countdown to 26725
[22:36:09.583] [SEVERE ] setting player 1 freeze to 3371
[22:36:09.610] [SEVERE ] updating countdown to 26696
[22:36:09.611] [SEVERE ] setting player 1 freeze to 3343
[22:36:09.637] [SEVERE ] updating countdown to 26669
[22:36:09.638] [SEVERE ] setting player 1 freeze to 3316
[22:36:09.664] [SEVERE ] updating countdown to 26642
[22:36:09.665] [SEVERE ] setting player 1 freeze to 3289
[22:36:09.691] [SEVERE ] updating countdown to 26615
[22:36:09.692] [SEVERE ] setting player 1 freeze to 3262
[22:36:09.719] [SEVERE ] updating countdown to 26587
[22:36:09.720] [SEVERE ] setting player 1 freeze to 3234
[22:36:09.747] [SEVERE ] updating countdown to 26559
[22:36:09.749] [SEVERE ] setting player 1 freeze to 3205
[22:36:09.775] [SEVERE ] updating countdown to 26531
[22:36:09.776] [SEVERE ] setting player 1 freeze to 3178
[22:36:09.802] [SEVERE ] updating countdown to 26504
[22:36:09.803] [SEVERE ] setting player 1 freeze to 3151
[22:36:09.829] [SEVERE ] updating countdown to 26477
[22:36:09.830] [SEVERE ] setting player 1 freeze to 3124
[22:36:09.857] [SEVERE ] updating countdown to 26449
[22:36:09.859] [SEVERE ] setting player 1 freeze to 3095
[22:36:09.885] [SEVERE ] updating countdown to 26421
[22:36:09.886] [SEVERE ] setting player 1 freeze to 3068
[22:36:09.899] [SEVERE ] key 83 was pressed by player 1
[22:36:09.912] [SEVERE ] updating countdown to 26394
[22:36:09.913] [SEVERE ] setting player 1 freeze to 3041
[22:36:09.939] [SEVERE ] updating countdown to 26367
[22:36:09.941] [SEVERE ] setting player 1 freeze to 3013
[22:36:09.967] [SEVERE ] updating countdown to 26339
[22:36:09.968] [SEVERE ] setting player 1 freeze to 2986
[22:36:09.995] [SEVERE ] updating countdown to 26311
[22:36:09.995] [SEVERE ] setting player 1 freeze to 2959
[22:36:10.021] [SEVERE ] updating countdown to 26285
[22:36:10.021] [SEVERE ] setting player 1 freeze to 2933
[22:36:10.047] [SEVERE ] updating countdown to 26259
[22:36:10.047] [SEVERE ] setting player 1 freeze to 2907
[22:36:10.072] [SEVERE ] updating countdown to 26234
[22:36:10.073] [SEVERE ] setting player 1 freeze to 2881
[22:36:10.099] [SEVERE ] updating countdown to 26207
[22:36:10.099] [SEVERE ] setting player 1 freeze to 2855
[22:36:10.125] [SEVERE ] updating countdown to 26181
[22:36:10.126] [SEVERE ] setting player 1 freeze to 2828
[22:36:10.152] [SEVERE ] updating countdown to 26154
[22:36:10.153] [SEVERE ] setting player 1 freeze to 2801
[22:36:10.180] [SEVERE ] updating countdown to 26126
[22:36:10.180] [SEVERE ] setting player 1 freeze to 2774
[22:36:10.206] [SEVERE ] updating countdown to 26100
[22:36:10.207] [SEVERE ] setting player 1 freeze to 2747
[22:36:10.233] [SEVERE ] updating countdown to 26073
[22:36:10.234] [SEVERE ] setting player 1 freeze to 2720
[22:36:10.260] [SEVERE ] updating countdown to 26046
[22:36:10.261] [SEVERE ] setting player 1 freeze to 2693
[22:36:10.287] [SEVERE ] updating countdown to 26019
[22:36:10.289] [SEVERE ] setting player 1 freeze to 2665
[22:36:10.315] [SEVERE ] updating countdown to 25991
[22:36:10.317] [SEVERE ] setting player 1 freeze to 2637
[22:36:10.343] [SEVERE ] updating countdown to 25963
[22:36:10.344] [SEVERE ] setting player 1 freeze to 2610
[22:36:10.370] [SEVERE ] updating countdown to 25936
[22:36:10.371] [SEVERE ] setting player 1 freeze to 2583
[22:36:10.397] [SEVERE ] updating countdown to 25909
[22:36:10.398] [SEVERE ] setting player 1 freeze to 2556
[22:36:10.424] [SEVERE ] updating countdown to 25882
[22:36:10.426] [SEVERE ] setting player 1 freeze to 2528
[22:36:10.452] [SEVERE ] updating countdown to 25854
[22:36:10.453] [SEVERE ] setting player 1 freeze to 2501
[22:36:10.479] [SEVERE ] updating countdown to 25827
[22:36:10.479] [SEVERE ] setting player 1 freeze to 2475
[22:36:10.505] [SEVERE ] updating countdown to 25801
[22:36:10.506] [SEVERE ] setting player 1 freeze to 2448
[22:36:10.531] [SEVERE ] updating countdown to 25775
[22:36:10.533] [SEVERE ] setting player 1 freeze to 2421
[22:36:10.559] [SEVERE ] updating countdown to 25747
[22:36:10.560] [SEVERE ] setting player 1 freeze to 2394
[22:36:10.587] [SEVERE ] updating countdown to 25719
[22:36:10.588] [SEVERE ] setting player 1 freeze to 2366
[22:36:10.613] [SEVERE ] updating countdown to 25693
[22:36:10.614] [SEVERE ] setting player 1 freeze to 2340
[22:36:10.640] [SEVERE ] updating countdown to 25666
[22:36:10.641] [SEVERE ] setting player 1 freeze to 2313
[22:36:10.667] [SEVERE ] updating countdown to 25639
[22:36:10.668] [SEVERE ] setting player 1 freeze to 2286
[22:36:10.693] [SEVERE ] updating countdown to 25613
[22:36:10.694] [SEVERE ] setting player 1 freeze to 2260
[22:36:10.714] [SEVERE ] key 83 was pressed by player 1
[22:36:10.719] [SEVERE ] updating countdown to 25587
[22:36:10.720] [SEVERE ] setting player 1 freeze to 2234
[22:36:10.746] [SEVERE ] updating countdown to 25560
[22:36:10.748] [SEVERE ] setting player 1 freeze to 2206
[22:36:10.775] [SEVERE ] updating countdown to 25531
[22:36:10.776] [SEVERE ] setting player 1 freeze to 2178
[22:36:10.802] [SEVERE ] updating countdown to 25504
[22:36:10.803] [SEVERE ] setting player 1 freeze to 2151
[22:36:10.829] [SEVERE ] updating countdown to 25477
[22:36:10.830] [SEVERE ] setting player 1 freeze to 2124
[22:36:10.856] [SEVERE ] updating countdown to 25450
[22:36:10.858] [SEVERE ] setting player 1 freeze to 2096
[22:36:10.884] [SEVERE ] updating countdown to 25422
[22:36:10.885] [SEVERE ] setting player 1 freeze to 2069
[22:36:10.910] [SEVERE ] updating countdown to 25396
[22:36:10.911] [SEVERE ] setting player 1 freeze to 2043
[22:36:10.937] [SEVERE ] updating countdown to 25369
[22:36:10.939] [SEVERE ] setting player 1 freeze to 2015
[22:36:10.967] [SEVERE ] updating countdown to 25339
[22:36:10.968] [SEVERE ] setting player 1 freeze to 1986
[22:36:10.996] [SEVERE ] updating countdown to 25310
[22:36:10.997] [SEVERE ] setting player 1 freeze to 1957
[22:36:11.022] [SEVERE ] updating countdown to 25284
[22:36:11.023] [SEVERE ] setting player 1 freeze to 1931
[22:36:11.049] [SEVERE ] updating countdown to 25257
[22:36:11.049] [SEVERE ] setting player 1 freeze to 1905
[22:36:11.075] [SEVERE ] updating countdown to 25231
[22:36:11.075] [SEVERE ] setting player 1 freeze to 1879
[22:36:11.101] [SEVERE ] updating countdown to 25205
[22:36:11.107] [SEVERE ] setting player 1 freeze to 1847
[22:36:11.132] [SEVERE ] updating countdown to 25174
[22:36:11.133] [SEVERE ] setting player 1 freeze to 1821
[22:36:11.159] [SEVERE ] updating countdown to 25147
[22:36:11.160] [SEVERE ] setting player 1 freeze to 1794
[22:36:11.187] [SEVERE ] updating countdown to 25119
[22:36:11.188] [SEVERE ] setting player 1 freeze to 1766
[22:36:11.214] [SEVERE ] updating countdown to 25092
[22:36:11.215] [SEVERE ] setting player 1 freeze to 1739
[22:36:11.215] [SEVERE ] key 83 was pressed by player 1
[22:36:11.240] [SEVERE ] updating countdown to 25066
[22:36:11.241] [SEVERE ] setting player 1 freeze to 1713
[22:36:11.267] [SEVERE ] updating countdown to 25039
[22:36:11.267] [SEVERE ] setting player 1 freeze to 1687
[22:36:11.293] [SEVERE ] updating countdown to 25013
[22:36:11.294] [SEVERE ] setting player 1 freeze to 1660
[22:36:11.322] [SEVERE ] updating countdown to 24984
[22:36:11.323] [SEVERE ] setting player 1 freeze to 1631
[22:36:11.350] [SEVERE ] updating countdown to 24957
[22:36:11.350] [SEVERE ] setting player 1 freeze to 1604
[22:36:11.376] [SEVERE ] updating countdown to 24930
[22:36:11.377] [SEVERE ] setting player 1 freeze to 1577
[22:36:11.403] [SEVERE ] updating countdown to 24903
[22:36:11.404] [SEVERE ] setting player 1 freeze to 1550
[22:36:11.430] [SEVERE ] updating countdown to 24876
[22:36:11.431] [SEVERE ] setting player 1 freeze to 1523
[22:36:11.456] [SEVERE ] updating countdown to 24850
[22:36:11.457] [SEVERE ] setting player 1 freeze to 1497
[22:36:11.483] [SEVERE ] updating countdown to 24824
[22:36:11.483] [SEVERE ] setting player 1 freeze to 1471
[22:36:11.509] [SEVERE ] updating countdown to 24797
[22:36:11.510] [SEVERE ] setting player 1 freeze to 1444
[22:36:11.536] [SEVERE ] updating countdown to 24770
[22:36:11.537] [SEVERE ] setting player 1 freeze to 1417
[22:36:11.563] [SEVERE ] updating countdown to 24743
[22:36:11.564] [SEVERE ] setting player 1 freeze to 1390
[22:36:11.590] [SEVERE ] updating countdown to 24716
[22:36:11.591] [SEVERE ] setting player 1 freeze to 1363
[22:36:11.617] [SEVERE ] updating countdown to 24689
[22:36:11.619] [SEVERE ] setting player 1 freeze to 1335
[22:36:11.645] [SEVERE ] updating countdown to 24661
[22:36:11.646] [SEVERE ] setting player 1 freeze to 1308
[22:36:11.673] [SEVERE ] updating countdown to 24633
[22:36:11.673] [SEVERE ] setting player 1 freeze to 1281
[22:36:11.694] [SEVERE ] key 83 was pressed by player 1
[22:36:11.699] [SEVERE ] updating countdown to 24607
[22:36:11.700] [SEVERE ] setting player 1 freeze to 1254
[22:36:11.726] [SEVERE ] updating countdown to 24580
[22:36:11.727] [SEVERE ] setting player 1 freeze to 1228
[22:36:11.752] [SEVERE ] updating countdown to 24554
[22:36:11.753] [SEVERE ] setting player 1 freeze to 1201
[22:36:11.779] [SEVERE ] updating countdown to 24527
[22:36:11.780] [SEVERE ] setting player 1 freeze to 1174
[22:36:11.805] [SEVERE ] updating countdown to 24501
[22:36:11.806] [SEVERE ] setting player 1 freeze to 1148
[22:36:11.832] [SEVERE ] updating countdown to 24474
[22:36:11.832] [SEVERE ] setting player 1 freeze to 1122
[22:36:11.858] [SEVERE ] updating countdown to 24448
[22:36:11.859] [SEVERE ] setting player 1 freeze to 1095
[22:36:11.885] [SEVERE ] updating countdown to 24421
[22:36:11.886] [SEVERE ] setting player 1 freeze to 1068
[22:36:11.912] [SEVERE ] updating countdown to 24394
[22:36:11.914] [SEVERE ] setting player 1 freeze to 1040
[22:36:11.940] [SEVERE ] updating countdown to 24366
[22:36:11.942] [SEVERE ] setting player 1 freeze to 1012
[22:36:11.968] [SEVERE ] updating countdown to 24338
[22:36:11.970] [SEVERE ] setting player 1 freeze to 984
[22:36:11.996] [SEVERE ] updating countdown to 24310
[22:36:11.997] [SEVERE ] setting player 1 freeze to 957
[22:36:12.023] [SEVERE ] updating countdown to 24283
[22:36:12.025] [SEVERE ] setting player 1 freeze to 929
[22:36:12.051] [SEVERE ] updating countdown to 24255
[22:36:12.052] [SEVERE ] setting player 1 freeze to 902
[22:36:12.078] [SEVERE ] updating countdown to 24228
[22:36:12.080] [SEVERE ] setting player 1 freeze to 874
[22:36:12.106] [SEVERE ] updating countdown to 24200
[22:36:12.106] [SEVERE ] setting player 1 freeze to 848
[22:36:12.132] [SEVERE ] updating countdown to 24174
[22:36:12.132] [SEVERE ] setting player 1 freeze to 822
[22:36:12.158] [SEVERE ] updating countdown to 24148
[22:36:12.159] [SEVERE ] setting player 1 freeze to 795
[22:36:12.184] [SEVERE ] updating countdown to 24122
[22:36:12.185] [SEVERE ] setting player 1 freeze to 769
[22:36:12.210] [SEVERE ] updating countdown to 24096
[22:36:12.211] [SEVERE ] setting player 1 freeze to 743
[22:36:12.237] [SEVERE ] updating countdown to 24069
[22:36:12.238] [SEVERE ] setting player 1 freeze to 716
[22:36:12.264] [SEVERE ] updating countdown to 24042
[22:36:12.264] [SEVERE ] setting player 1 freeze to 690
[22:36:12.290] [SEVERE ] updating countdown to 24016
[22:36:12.291] [SEVERE ] setting player 1 freeze to 663
[22:36:12.317] [SEVERE ] updating countdown to 23989
[22:36:12.318] [SEVERE ] setting player 1 freeze to 636
[22:36:12.345] [SEVERE ] updating countdown to 23961
[22:36:12.346] [SEVERE ] setting player 1 freeze to 608
[22:36:12.372] [SEVERE ] updating countdown to 23934
[22:36:12.373] [SEVERE ] setting player 1 freeze to 581
[22:36:12.399] [SEVERE ] updating countdown to 23907
[22:36:12.400] [SEVERE ] setting player 1 freeze to 554
[22:36:12.425] [SEVERE ] updating countdown to 23881
[22:36:12.427] [SEVERE ] setting player 1 freeze to 527
[22:36:12.453] [SEVERE ] updating countdown to 23853
[22:36:12.455] [SEVERE ] setting player 1 freeze to 499
[22:36:12.482] [SEVERE ] updating countdown to 23824
[22:36:12.483] [SEVERE ] setting player 1 freeze to 471
[22:36:12.508] [SEVERE ] updating countdown to 23798
[22:36:12.509] [SEVERE ] setting player 1 freeze to 445
[22:36:12.536] [SEVERE ] updating countdown to 23770
[22:36:12.537] [SEVERE ] setting player 1 freeze to 417
[22:36:12.563] [SEVERE ] updating countdown to 23743
[22:36:12.564] [SEVERE ] setting player 1 freeze to 390
[22:36:12.590] [SEVERE ] updating countdown to 23716
[22:36:12.592] [SEVERE ] setting player 1 freeze to 362
[22:36:12.619] [SEVERE ] updating countdown to 23687
[22:36:12.620] [SEVERE ] setting player 1 freeze to 334
[22:36:12.646] [SEVERE ] updating countdown to 23660
[22:36:12.647] [SEVERE ] setting player 1 freeze to 307
[22:36:12.672] [SEVERE ] updating countdown to 23634
[22:36:12.673] [SEVERE ] setting player 1 freeze to 281
[22:36:12.699] [SEVERE ] updating countdown to 23607
[22:36:12.700] [SEVERE ] setting player 1 freeze to 254
[22:36:12.725] [SEVERE ] updating countdown to 23581
[22:36:12.727] [SEVERE ] setting player 1 freeze to 227
[22:36:12.754] [SEVERE ] updating countdown to 23552
[22:36:12.755] [SEVERE ] setting player 1 freeze to 199
[22:36:12.781] [SEVERE ] updating countdown to 23525
[22:36:12.782] [SEVERE ] setting player 1 freeze to 172
[22:36:12.808] [SEVERE ] updating countdown to 23498
[22:36:12.809] [SEVERE ] setting player 1 freeze to 145
[22:36:12.836] [SEVERE ] updating countdown to 23470
[22:36:12.838] [SEVERE ] setting player 1 freeze to 116
[22:36:12.864] [SEVERE ] updating countdown to 23442
[22:36:12.866] [SEVERE ] setting player 1 freeze to 88
[22:36:12.892] [SEVERE ] updating countdown to 23414
[22:36:12.892] [SEVERE ] setting player 1 freeze to 62
[22:36:12.919] [SEVERE ] updating countdown to 23387
[22:36:12.920] [SEVERE ] setting player 1 freeze to 34
[22:36:12.946] [SEVERE ] updating countdown to 23360
[22:36:12.946] [SEVERE ] setting player 1 freeze to 8
[22:36:12.971] [SEVERE ] updating countdown to 23335
[22:36:12.973] [SEVERE ] setting player 1 freeze to -19
[22:36:13.000] [SEVERE ] updating countdown to 23306
[22:36:13.027] [SEVERE ] updating countdown to 23279
[22:36:13.053] [SEVERE ] updating countdown to 23253
[22:36:13.079] [SEVERE ] updating countdown to 23227
[22:36:13.105] [SEVERE ] updating countdown to 23201
[22:36:13.131] [SEVERE ] updating countdown to 23175
[22:36:13.157] [SEVERE ] updating countdown to 23149
[22:36:13.182] [SEVERE ] updating countdown to 23124
[22:36:13.208] [SEVERE ] updating countdown to 23098
[22:36:13.235] [SEVERE ] updating countdown to 23071
[22:36:13.261] [SEVERE ] updating countdown to 23045
[22:36:13.287] [SEVERE ] updating countdown to 23019
[22:36:13.314] [SEVERE ] updating countdown to 22992
[22:36:13.341] [SEVERE ] updating countdown to 22965
[22:36:13.367] [SEVERE ] updating countdown to 22939
[22:36:13.393] [SEVERE ] updating countdown to 22913
[22:36:13.420] [SEVERE ] updating countdown to 22886
[22:36:13.446] [SEVERE ] updating countdown to 22860
[22:36:13.472] [SEVERE ] updating countdown to 22834
[22:36:13.499] [SEVERE ] updating countdown to 22807
[22:36:13.525] [SEVERE ] updating countdown to 22781
[22:36:13.551] [SEVERE ] updating countdown to 22755
[22:36:13.576] [SEVERE ] updating countdown to 22730
[22:36:13.603] [SEVERE ] updating countdown to 22703
[22:36:13.630] [SEVERE ] updating countdown to 22676
[22:36:13.656] [SEVERE ] updating countdown to 22650
[22:36:13.682] [SEVERE ] updating countdown to 22624
[22:36:13.708] [SEVERE ] updating countdown to 22598
[22:36:13.736] [SEVERE ] updating countdown to 22570
[22:36:13.762] [SEVERE ] updating countdown to 22544
[22:36:13.788] [SEVERE ] updating countdown to 22518
[22:36:13.815] [SEVERE ] updating countdown to 22491
[22:36:13.842] [SEVERE ] updating countdown to 22464
[22:36:13.868] [SEVERE ] updating countdown to 22438
[22:36:13.894] [SEVERE ] updating countdown to 22412
[22:36:13.920] [SEVERE ] updating countdown to 22386
[22:36:13.947] [SEVERE ] updating countdown to 22359
[22:36:13.973] [SEVERE ] updating countdown to 22333
[22:36:14.000] [SEVERE ] updating countdown to 22306
[22:36:14.026] [SEVERE ] updating countdown to 22280
[22:36:14.052] [SEVERE ] updating countdown to 22254
[22:36:14.058] [SEVERE ] key 83 was pressed by player 1
[22:36:14.079] [SEVERE ] updating countdown to 22227
[22:36:14.106] [SEVERE ] updating countdown to 22200
[22:36:14.132] [SEVERE ] updating countdown to 22174
[22:36:14.157] [SEVERE ] updating countdown to 22149
[22:36:14.183] [SEVERE ] updating countdown to 22123
[22:36:14.209] [SEVERE ] updating countdown to 22097
[22:36:14.236] [SEVERE ] updating countdown to 22070
[22:36:14.262] [SEVERE ] updating countdown to 22044
[22:36:14.288] [SEVERE ] updating countdown to 22018
[22:36:14.314] [SEVERE ] updating countdown to 21992
[22:36:14.340] [SEVERE ] updating countdown to 21966
[22:36:14.365] [SEVERE ] updating countdown to 21941
[22:36:14.391] [SEVERE ] updating countdown to 21915
[22:36:14.419] [SEVERE ] updating countdown to 21887
[22:36:14.444] [SEVERE ] updating countdown to 21862
[22:36:14.470] [SEVERE ] updating countdown to 21836
[22:36:14.496] [SEVERE ] updating countdown to 21810
[22:36:14.522] [SEVERE ] updating countdown to 21784
[22:36:14.553] [SEVERE ] updating countdown to 21753
[22:36:14.579] [SEVERE ] updating countdown to 21727
[22:36:14.607] [SEVERE ] updating countdown to 21699
[22:36:14.633] [SEVERE ] updating countdown to 21673
[22:36:14.659] [SEVERE ] updating countdown to 21647
[22:36:14.685] [SEVERE ] updating countdown to 21621
[22:36:14.711] [SEVERE ] updating countdown to 21595
[22:36:14.737] [SEVERE ] updating countdown to 21569
[22:36:14.763] [SEVERE ] updating countdown to 21543
[22:36:14.789] [SEVERE ] updating countdown to 21517
[22:36:14.815] [SEVERE ] updating countdown to 21491
[22:36:14.841] [SEVERE ] updating countdown to 21465
[22:36:14.867] [SEVERE ] updating countdown to 21439
[22:36:14.893] [SEVERE ] updating countdown to 21413
[22:36:14.920] [SEVERE ] updating countdown to 21386
[22:36:14.946] [SEVERE ] updating countdown to 21360
[22:36:14.972] [SEVERE ] updating countdown to 21334
[22:36:14.998] [SEVERE ] updating countdown to 21308
[22:36:15.024] [SEVERE ] updating countdown to 21282
[22:36:15.050] [SEVERE ] updating countdown to 21256
[22:36:15.076] [SEVERE ] updating countdown to 21230
[22:36:15.101] [SEVERE ] updating countdown to 21205
[22:36:15.128] [SEVERE ] updating countdown to 21178
[22:36:15.154] [SEVERE ] updating countdown to 21152
[22:36:15.180] [SEVERE ] key 88 was pressed by player 1
[22:36:15.182] [SEVERE ] updating countdown to 21124
[22:36:15.187] [SEVERE ] key 90 was pressed by player 1
[22:36:15.207] [SEVERE ] updating countdown to 21099
[22:36:15.233] [SEVERE ] updating countdown to 21073
[22:36:15.259] [SEVERE ] updating countdown to 21047
[22:36:15.286] [SEVERE ] updating countdown to 21020
[22:36:15.312] [SEVERE ] updating countdown to 20994
[22:36:15.338] [SEVERE ] updating countdown to 20968
[22:36:15.364] [SEVERE ] updating countdown to 20942
[22:36:15.390] [SEVERE ] updating countdown to 20916
[22:36:15.416] [SEVERE ] updating countdown to 20890
[22:36:15.442] [SEVERE ] updating countdown to 20864
[22:36:15.469] [SEVERE ] updating countdown to 20837
[22:36:15.495] [SEVERE ] updating countdown to 20811
[22:36:15.521] [SEVERE ] updating countdown to 20785
[22:36:15.547] [SEVERE ] updating countdown to 20759
[22:36:15.572] [SEVERE ] updating countdown to 20734
[22:36:15.598] [SEVERE ] updating countdown to 20708
[22:36:15.623] [SEVERE ] updating countdown to 20683
[22:36:15.649] [SEVERE ] updating countdown to 20657
[22:36:15.675] [SEVERE ] updating countdown to 20631
[22:36:15.700] [SEVERE ] updating countdown to 20606
[22:36:15.726] [SEVERE ] updating countdown to 20580
[22:36:15.752] [SEVERE ] updating countdown to 20554
[22:36:15.777] [SEVERE ] updating countdown to 20529
[22:36:15.803] [SEVERE ] updating countdown to 20503
[22:36:15.829] [SEVERE ] updating countdown to 20477
[22:36:15.855] [SEVERE ] updating countdown to 20451
[22:36:15.880] [SEVERE ] updating countdown to 20426
[22:36:15.906] [SEVERE ] updating countdown to 20400
[22:36:15.932] [SEVERE ] updating countdown to 20374
[22:36:15.958] [SEVERE ] updating countdown to 20348
[22:36:15.984] [SEVERE ] updating countdown to 20322
[22:36:16.009] [SEVERE ] updating countdown to 20297
[22:36:16.035] [SEVERE ] updating countdown to 20271
[22:36:16.061] [SEVERE ] updating countdown to 20245
[22:36:16.087] [SEVERE ] updating countdown to 20219
[22:36:16.112] [SEVERE ] updating countdown to 20194
[22:36:16.138] [SEVERE ] updating countdown to 20168
[22:36:16.164] [SEVERE ] updating countdown to 20142
[22:36:16.190] [SEVERE ] updating countdown to 20116
[22:36:16.215] [SEVERE ] updating countdown to 20091
[22:36:16.241] [SEVERE ] updating countdown to 20065
[22:36:16.267] [SEVERE ] updating countdown to 20039
[22:36:16.292] [SEVERE ] updating countdown to 20014
[22:36:16.318] [SEVERE ] updating countdown to 19988
[22:36:16.344] [SEVERE ] updating countdown to 19962
[22:36:16.370] [SEVERE ] updating countdown to 19936
[22:36:16.395] [SEVERE ] updating countdown to 19911
[22:36:16.421] [SEVERE ] updating countdown to 19885
[22:36:16.446] [SEVERE ] updating countdown to 19860
[22:36:16.472] [SEVERE ] updating countdown to 19834
[22:36:16.498] [SEVERE ] updating countdown to 19808
[22:36:16.524] [SEVERE ] updating countdown to 19782
[22:36:16.549] [SEVERE ] updating countdown to 19757
[22:36:16.575] [SEVERE ] updating countdown to 19731
[22:36:16.601] [SEVERE ] updating countdown to 19705
[22:36:16.627] [SEVERE ] updating countdown to 19679
[22:36:16.653] [SEVERE ] updating countdown to 19653
[22:36:16.679] [SEVERE ] updating countdown to 19628
[22:36:16.704] [SEVERE ] updating countdown to 19602
[22:36:16.730] [SEVERE ] updating countdown to 19576
[22:36:16.756] [SEVERE ] updating countdown to 19550
[22:36:16.782] [SEVERE ] updating countdown to 19524
[22:36:16.807] [SEVERE ] updating countdown to 19499
[22:36:16.833] [SEVERE ] updating countdown to 19473
[22:36:16.859] [SEVERE ] updating countdown to 19447
[22:36:16.884] [SEVERE ] updating countdown to 19422
[22:36:16.910] [SEVERE ] updating countdown to 19396
[22:36:16.935] [SEVERE ] updating countdown to 19371
[22:36:16.962] [SEVERE ] updating countdown to 19344
[22:36:16.987] [SEVERE ] updating countdown to 19319
[22:36:17.014] [SEVERE ] updating countdown to 19292
[22:36:17.040] [SEVERE ] updating countdown to 19266
[22:36:17.066] [SEVERE ] updating countdown to 19240
[22:36:17.092] [SEVERE ] updating countdown to 19214
[22:36:17.118] [SEVERE ] updating countdown to 19188
[22:36:17.144] [SEVERE ] updating countdown to 19162
[22:36:17.169] [SEVERE ] updating countdown to 19137
[22:36:17.195] [SEVERE ] updating countdown to 19111
[22:36:17.223] [SEVERE ] updating countdown to 19083
[22:36:17.249] [SEVERE ] updating countdown to 19057
[22:36:17.275] [SEVERE ] updating countdown to 19031
[22:36:17.301] [SEVERE ] updating countdown to 19005
[22:36:17.327] [SEVERE ] updating countdown to 18979
[22:36:17.353] [SEVERE ] updating countdown to 18953
[22:36:17.379] [SEVERE ] updating countdown to 18927
[22:36:17.405] [SEVERE ] updating countdown to 18901
[22:36:17.431] [SEVERE ] updating countdown to 18875
[22:36:17.459] [SEVERE ] updating countdown to 18847
[22:36:17.485] [SEVERE ] updating countdown to 18821
[22:36:17.510] [SEVERE ] updating countdown to 18796
[22:36:17.537] [SEVERE ] updating countdown to 18769
[22:36:17.562] [SEVERE ] updating countdown to 18744
[22:36:17.588] [SEVERE ] updating countdown to 18718
[22:36:17.614] [SEVERE ] updating countdown to 18692
[22:36:17.640] [SEVERE ] updating countdown to 18666
[22:36:17.666] [SEVERE ] updating countdown to 18640
[22:36:17.692] [SEVERE ] updating countdown to 18614
[22:36:17.718] [SEVERE ] updating countdown to 18588
[22:36:17.744] [SEVERE ] updating countdown to 18562
[22:36:17.771] [SEVERE ] updating countdown to 18535
[22:36:17.797] [SEVERE ] updating countdown to 18509
[22:36:17.822] [SEVERE ] updating countdown to 18484
[22:36:17.848] [SEVERE ] updating countdown to 18458
[22:36:17.875] [SEVERE ] updating countdown to 18431
[22:36:17.902] [SEVERE ] updating countdown to 18404
[22:36:17.928] [SEVERE ] updating countdown to 18378
[22:36:17.956] [SEVERE ] updating countdown to 18350
[22:36:17.983] [SEVERE ] updating countdown to 18323
[22:36:18.010] [SEVERE ] updating countdown to 18296
[22:36:18.036] [SEVERE ] updating countdown to 18270
[22:36:18.062] [SEVERE ] updating countdown to 18244
[22:36:18.088] [SEVERE ] updating countdown to 18218
[22:36:18.115] [SEVERE ] updating countdown to 18191
[22:36:18.142] [SEVERE ] updating countdown to 18164
[22:36:18.168] [SEVERE ] updating countdown to 18138
[22:36:18.194] [SEVERE ] updating countdown to 18112
[22:36:18.220] [SEVERE ] updating countdown to 18086
[22:36:18.246] [SEVERE ] updating countdown to 18060
[22:36:18.272] [SEVERE ] updating countdown to 18034
[22:36:18.299] [SEVERE ] updating countdown to 18007
[22:36:18.326] [SEVERE ] updating countdown to 17980
[22:36:18.352] [SEVERE ] updating countdown to 17954
[22:36:18.378] [SEVERE ] updating countdown to 17928
[22:36:18.404] [SEVERE ] updating countdown to 17902
[22:36:18.430] [SEVERE ] updating countdown to 17876
[22:36:18.455] [SEVERE ] updating countdown to 17851
[22:36:18.481] [SEVERE ] updating countdown to 17825
[22:36:18.508] [SEVERE ] updating countdown to 17798
[22:36:18.533] [SEVERE ] updating countdown to 17773
[22:36:18.560] [SEVERE ] updating countdown to 17746
[22:36:18.585] [SEVERE ] updating countdown to 17721
[22:36:18.611] [SEVERE ] updating countdown to 17695
[22:36:18.637] [SEVERE ] updating countdown to 17669
[22:36:18.662] [SEVERE ] updating countdown to 17644
[22:36:18.688] [SEVERE ] updating countdown to 17618
[22:36:18.715] [SEVERE ] updating countdown to 17591
[22:36:18.741] [SEVERE ] updating countdown to 17565
[22:36:18.766] [SEVERE ] updating countdown to 17540
[22:36:18.792] [SEVERE ] updating countdown to 17514
[22:36:18.818] [SEVERE ] updating countdown to 17488
[22:36:18.843] [SEVERE ] updating countdown to 17463
[22:36:18.869] [SEVERE ] updating countdown to 17437
[22:36:18.895] [SEVERE ] updating countdown to 17411
[22:36:18.921] [SEVERE ] updating countdown to 17386
[22:36:18.947] [SEVERE ] updating countdown to 17359
[22:36:18.972] [SEVERE ] updating countdown to 17334
[22:36:18.999] [SEVERE ] updating countdown to 17307
[22:36:19.025] [SEVERE ] updating countdown to 17281
[22:36:19.051] [SEVERE ] updating countdown to 17255
[22:36:19.076] [SEVERE ] updating countdown to 17230
[22:36:19.104] [SEVERE ] updating countdown to 17202
[22:36:19.130] [SEVERE ] updating countdown to 17176
[22:36:19.157] [SEVERE ] updating countdown to 17149
[22:36:19.183] [SEVERE ] updating countdown to 17123
[22:36:19.209] [SEVERE ] updating countdown to 17097
[22:36:19.235] [SEVERE ] updating countdown to 17071
[22:36:19.260] [SEVERE ] updating countdown to 17046
[22:36:19.286] [SEVERE ] updating countdown to 17020
[22:36:19.312] [SEVERE ] updating countdown to 16994
[22:36:19.338] [SEVERE ] updating countdown to 16968
[22:36:19.364] [SEVERE ] updating countdown to 16942
[22:36:19.390] [SEVERE ] updating countdown to 16916
[22:36:19.416] [SEVERE ] updating countdown to 16890
[22:36:19.442] [SEVERE ] updating countdown to 16864
[22:36:19.468] [SEVERE ] updating countdown to 16838
[22:36:19.493] [SEVERE ] updating countdown to 16813
[22:36:19.519] [SEVERE ] updating countdown to 16787
[22:36:19.545] [SEVERE ] updating countdown to 16761
[22:36:19.571] [SEVERE ] updating countdown to 16735
[22:36:19.596] [SEVERE ] updating countdown to 16710
[22:36:19.622] [SEVERE ] updating countdown to 16684
[22:36:19.648] [SEVERE ] updating countdown to 16658
[22:36:19.674] [SEVERE ] updating countdown to 16632
[22:36:19.700] [SEVERE ] updating countdown to 16606
[22:36:19.726] [SEVERE ] updating countdown to 16580
[22:36:19.752] [SEVERE ] updating countdown to 16554
[22:36:19.778] [SEVERE ] updating countdown to 16528
[22:36:19.804] [SEVERE ] updating countdown to 16502
[22:36:19.829] [SEVERE ] updating countdown to 16477
[22:36:19.856] [SEVERE ] updating countdown to 16450
[22:36:19.882] [SEVERE ] updating countdown to 16424
[22:36:19.908] [SEVERE ] updating countdown to 16398
[22:36:19.934] [SEVERE ] updating countdown to 16372
[22:36:19.960] [SEVERE ] updating countdown to 16346
[22:36:19.987] [SEVERE ] updating countdown to 16319
[22:36:20.012] [SEVERE ] updating countdown to 16294
[22:36:20.038] [SEVERE ] updating countdown to 16268
[22:36:20.064] [SEVERE ] updating countdown to 16242
[22:36:20.090] [SEVERE ] updating countdown to 16216
[22:36:20.115] [SEVERE ] updating countdown to 16191
[22:36:20.142] [SEVERE ] updating countdown to 16164
[22:36:20.168] [SEVERE ] updating countdown to 16138
[22:36:20.193] [SEVERE ] updating countdown to 16113
[22:36:20.220] [SEVERE ] updating countdown to 16086
[22:36:20.247] [SEVERE ] updating countdown to 16059
[22:36:20.273] [SEVERE ] updating countdown to 16033
[22:36:20.300] [SEVERE ] updating countdown to 16006
[22:36:20.326] [SEVERE ] updating countdown to 15980
[22:36:20.352] [SEVERE ] updating countdown to 15954
[22:36:20.379] [SEVERE ] updating countdown to 15927
[22:36:20.404] [SEVERE ] updating countdown to 15902
[22:36:20.430] [SEVERE ] updating countdown to 15876
[22:36:20.456] [SEVERE ] updating countdown to 15850
[22:36:20.482] [SEVERE ] updating countdown to 15824
[22:36:20.509] [SEVERE ] updating countdown to 15797
[22:36:20.535] [SEVERE ] updating countdown to 15771
[22:36:20.563] [SEVERE ] updating countdown to 15743
[22:36:20.588] [SEVERE ] updating countdown to 15718
[22:36:20.614] [SEVERE ] updating countdown to 15692
[22:36:20.640] [SEVERE ] updating countdown to 15666
[22:36:20.665] [SEVERE ] updating countdown to 15641
[22:36:20.691] [SEVERE ] updating countdown to 15615
[22:36:20.720] [SEVERE ] updating countdown to 15586
[22:36:20.746] [SEVERE ] updating countdown to 15560
[22:36:20.772] [SEVERE ] updating countdown to 15534
[22:36:20.798] [SEVERE ] updating countdown to 15508
[22:36:20.824] [SEVERE ] updating countdown to 15482
[22:36:20.850] [SEVERE ] updating countdown to 15456
[22:36:20.876] [SEVERE ] updating countdown to 15430
[22:36:20.903] [SEVERE ] updating countdown to 15403
[22:36:20.930] [SEVERE ] updating countdown to 15376
[22:36:20.955] [SEVERE ] updating countdown to 15351
[22:36:20.981] [SEVERE ] updating countdown to 15325
[22:36:21.008] [SEVERE ] updating countdown to 15298
[22:36:21.033] [SEVERE ] updating countdown to 15273
[22:36:21.059] [SEVERE ] updating countdown to 15247
[22:36:21.085] [SEVERE ] updating countdown to 15221
[22:36:21.111] [SEVERE ] updating countdown to 15195
[22:36:21.138] [SEVERE ] updating countdown to 15168
[22:36:21.163] [SEVERE ] updating countdown to 15143
[22:36:21.189] [SEVERE ] updating countdown to 15117
[22:36:21.214] [SEVERE ] updating countdown to 15092
[22:36:21.240] [SEVERE ] updating countdown to 15066
[22:36:21.265] [SEVERE ] updating countdown to 15041
[22:36:21.291] [SEVERE ] updating countdown to 15015
[22:36:21.317] [SEVERE ] updating countdown to 14989
[22:36:21.342] [SEVERE ] updating countdown to 14964
[22:36:21.368] [SEVERE ] updating countdown to 14938
[22:36:21.393] [SEVERE ] updating countdown to 14913
[22:36:21.419] [SEVERE ] updating countdown to 14887
[22:36:21.444] [SEVERE ] updating countdown to 14862
[22:36:21.470] [SEVERE ] updating countdown to 14836
[22:36:21.496] [SEVERE ] updating countdown to 14810
[22:36:21.522] [SEVERE ] updating countdown to 14784
[22:36:21.547] [SEVERE ] updating countdown to 14759
[22:36:21.574] [SEVERE ] updating countdown to 14732
[22:36:21.599] [SEVERE ] updating countdown to 14707
[22:36:21.625] [SEVERE ] updating countdown to 14681
[22:36:21.651] [SEVERE ] updating countdown to 14655
[22:36:21.676] [SEVERE ] updating countdown to 14630
[22:36:21.702] [SEVERE ] updating countdown to 14604
[22:36:21.728] [SEVERE ] updating countdown to 14578
[22:36:21.754] [SEVERE ] updating countdown to 14552
[22:36:21.780] [SEVERE ] updating countdown to 14526
[22:36:21.806] [SEVERE ] updating countdown to 14500
[22:36:21.832] [SEVERE ] updating countdown to 14474
[22:36:21.858] [SEVERE ] updating countdown to 14448
[22:36:21.884] [SEVERE ] updating countdown to 14422
[22:36:21.910] [SEVERE ] updating countdown to 14396
[22:36:21.936] [SEVERE ] updating countdown to 14370
[22:36:21.963] [SEVERE ] updating countdown to 14343
[22:36:21.989] [SEVERE ] updating countdown to 14317
[22:36:22.015] [SEVERE ] updating countdown to 14291
[22:36:22.041] [SEVERE ] updating countdown to 14265
[22:36:22.068] [SEVERE ] updating countdown to 14238
[22:36:22.095] [SEVERE ] updating countdown to 14211
[22:36:22.121] [SEVERE ] updating countdown to 14185
[22:36:22.146] [SEVERE ] updating countdown to 14160
[22:36:22.172] [SEVERE ] updating countdown to 14134
[22:36:22.198] [SEVERE ] updating countdown to 14108
[22:36:22.224] [SEVERE ] updating countdown to 14082
[22:36:22.250] [SEVERE ] updating countdown to 14057
[22:36:22.276] [SEVERE ] updating countdown to 14030
[22:36:22.302] [SEVERE ] updating countdown to 14004
[22:36:22.327] [SEVERE ] updating countdown to 13979
[22:36:22.354] [SEVERE ] updating countdown to 13952
[22:36:22.380] [SEVERE ] updating countdown to 13926
[22:36:22.408] [SEVERE ] updating countdown to 13898
[22:36:22.434] [SEVERE ] updating countdown to 13872
[22:36:22.460] [SEVERE ] updating countdown to 13846
[22:36:22.486] [SEVERE ] updating countdown to 13820
[22:36:22.512] [SEVERE ] updating countdown to 13794
[22:36:22.539] [SEVERE ] updating countdown to 13767
[22:36:22.565] [SEVERE ] updating countdown to 13741
[22:36:22.591] [SEVERE ] updating countdown to 13715
[22:36:22.616] [SEVERE ] updating countdown to 13690
[22:36:22.643] [SEVERE ] updating countdown to 13663
[22:36:22.669] [SEVERE ] updating countdown to 13637
[22:36:22.695] [SEVERE ] updating countdown to 13611
[22:36:22.722] [SEVERE ] updating countdown to 13584
[22:36:22.747] [SEVERE ] updating countdown to 13559
[22:36:22.773] [SEVERE ] updating countdown to 13533
[22:36:22.799] [SEVERE ] updating countdown to 13507
[22:36:22.825] [SEVERE ] updating countdown to 13481
[22:36:22.851] [SEVERE ] updating countdown to 13455
[22:36:22.877] [SEVERE ] updating countdown to 13429
[22:36:22.903] [SEVERE ] updating countdown to 13403
[22:36:22.929] [SEVERE ] updating countdown to 13377
[22:36:22.954] [SEVERE ] updating countdown to 13352
[22:36:22.981] [SEVERE ] updating countdown to 13325
[22:36:23.006] [SEVERE ] updating countdown to 13300
[22:36:23.033] [SEVERE ] updating countdown to 13273
[22:36:23.059] [SEVERE ] updating countdown to 13247
[22:36:23.084] [SEVERE ] updating countdown to 13222
[22:36:23.111] [SEVERE ] updating countdown to 13195
[22:36:23.136] [SEVERE ] updating countdown to 13170
[22:36:23.162] [SEVERE ] updating countdown to 13144
[22:36:23.188] [SEVERE ] updating countdown to 13118
[22:36:23.214] [SEVERE ] updating countdown to 13092
[22:36:23.240] [SEVERE ] updating countdown to 13066
[22:36:23.266] [SEVERE ] updating countdown to 13040
[22:36:23.292] [SEVERE ] updating countdown to 13014
[22:36:23.320] [SEVERE ] updating countdown to 12986
[22:36:23.347] [SEVERE ] updating countdown to 12959
[22:36:23.373] [SEVERE ] updating countdown to 12933
[22:36:23.399] [SEVERE ] updating countdown to 12907
[22:36:23.425] [SEVERE ] updating countdown to 12881
[22:36:23.450] [SEVERE ] updating countdown to 12856
[22:36:23.476] [SEVERE ] updating countdown to 12830
[22:36:23.502] [SEVERE ] updating countdown to 12804
[22:36:23.528] [SEVERE ] updating countdown to 12778
[22:36:23.556] [SEVERE ] updating countdown to 12750
[22:36:23.582] [SEVERE ] updating countdown to 12724
[22:36:23.608] [SEVERE ] updating countdown to 12698
[22:36:23.634] [SEVERE ] updating countdown to 12672
[22:36:23.660] [SEVERE ] updating countdown to 12646
[22:36:23.686] [SEVERE ] updating countdown to 12620
[22:36:23.712] [SEVERE ] updating countdown to 12594
[22:36:23.738] [SEVERE ] updating countdown to 12568
[22:36:23.764] [SEVERE ] updating countdown to 12542
[22:36:23.789] [SEVERE ] updating countdown to 12517
[22:36:23.815] [SEVERE ] updating countdown to 12491
[22:36:23.841] [SEVERE ] updating countdown to 12465
[22:36:23.867] [SEVERE ] updating countdown to 12439
[22:36:23.895] [SEVERE ] updating countdown to 12411
[22:36:23.921] [SEVERE ] updating countdown to 12385
[22:36:23.947] [SEVERE ] updating countdown to 12359
[22:36:23.973] [SEVERE ] updating countdown to 12333
[22:36:24.000] [SEVERE ] updating countdown to 12306
[22:36:24.025] [SEVERE ] updating countdown to 12281
[22:36:24.052] [SEVERE ] updating countdown to 12254
[22:36:24.077] [SEVERE ] updating countdown to 12229
[22:36:24.104] [SEVERE ] updating countdown to 12202
[22:36:24.130] [SEVERE ] updating countdown to 12176
[22:36:24.156] [SEVERE ] updating countdown to 12150
[22:36:24.183] [SEVERE ] updating countdown to 12123
[22:36:24.209] [SEVERE ] updating countdown to 12097
[22:36:24.235] [SEVERE ] updating countdown to 12071
[22:36:24.262] [SEVERE ] updating countdown to 12044
[22:36:24.288] [SEVERE ] updating countdown to 12018
[22:36:24.313] [SEVERE ] updating countdown to 11993
[22:36:24.340] [SEVERE ] updating countdown to 11966
[22:36:24.365] [SEVERE ] updating countdown to 11941
[22:36:24.391] [SEVERE ] updating countdown to 11915
[22:36:24.417] [SEVERE ] updating countdown to 11889
[22:36:24.443] [SEVERE ] updating countdown to 11863
[22:36:24.469] [SEVERE ] updating countdown to 11837
[22:36:24.495] [SEVERE ] updating countdown to 11811
[22:36:24.521] [SEVERE ] updating countdown to 11785
[22:36:24.547] [SEVERE ] updating countdown to 11759
[22:36:24.573] [SEVERE ] updating countdown to 11733
[22:36:24.600] [SEVERE ] updating countdown to 11706
[22:36:24.626] [SEVERE ] updating countdown to 11680
[22:36:24.652] [SEVERE ] updating countdown to 11654
[22:36:24.678] [SEVERE ] updating countdown to 11628
[22:36:24.706] [SEVERE ] updating countdown to 11600
[22:36:24.732] [SEVERE ] updating countdown to 11574
[22:36:24.757] [SEVERE ] updating countdown to 11549
[22:36:24.783] [SEVERE ] updating countdown to 11523
[22:36:24.809] [SEVERE ] updating countdown to 11497
[22:36:24.836] [SEVERE ] updating countdown to 11470
[22:36:24.862] [SEVERE ] updating countdown to 11444
[22:36:24.888] [SEVERE ] updating countdown to 11418
[22:36:24.913] [SEVERE ] updating countdown to 11393
[22:36:24.939] [SEVERE ] updating countdown to 11367
[22:36:24.964] [SEVERE ] updating countdown to 11342
[22:36:24.990] [SEVERE ] updating countdown to 11316
[22:36:25.016] [SEVERE ] updating countdown to 11290
[22:36:25.041] [SEVERE ] updating countdown to 11265
[22:36:25.067] [SEVERE ] updating countdown to 11239
[22:36:25.093] [SEVERE ] updating countdown to 11213
[22:36:25.119] [SEVERE ] updating countdown to 11187
[22:36:25.145] [SEVERE ] updating countdown to 11162
[22:36:25.170] [SEVERE ] updating countdown to 11136
[22:36:25.196] [SEVERE ] updating countdown to 11110
[22:36:25.222] [SEVERE ] updating countdown to 11084
[22:36:25.247] [SEVERE ] updating countdown to 11059
[22:36:25.273] [SEVERE ] updating countdown to 11033
[22:36:25.299] [SEVERE ] updating countdown to 11007
[22:36:25.324] [SEVERE ] updating countdown to 10982
[22:36:25.350] [SEVERE ] updating countdown to 10956
[22:36:25.376] [SEVERE ] updating countdown to 10930
[22:36:25.401] [SEVERE ] updating countdown to 10905
[22:36:25.428] [SEVERE ] updating countdown to 10878
[22:36:25.453] [SEVERE ] updating countdown to 10853
[22:36:25.480] [SEVERE ] updating countdown to 10826
[22:36:25.506] [SEVERE ] updating countdown to 10800
[22:36:25.532] [SEVERE ] updating countdown to 10774
[22:36:25.558] [SEVERE ] updating countdown to 10748
[22:36:25.585] [SEVERE ] updating countdown to 10721
[22:36:25.610] [SEVERE ] updating countdown to 10696
[22:36:25.636] [SEVERE ] updating countdown to 10670
[22:36:25.662] [SEVERE ] updating countdown to 10644
[22:36:25.687] [SEVERE ] updating countdown to 10619
[22:36:25.713] [SEVERE ] updating countdown to 10593
[22:36:25.739] [SEVERE ] updating countdown to 10567
[22:36:25.764] [SEVERE ] updating countdown to 10542
[22:36:25.791] [SEVERE ] updating countdown to 10515
[22:36:25.816] [SEVERE ] updating countdown to 10490
[22:36:25.842] [SEVERE ] updating countdown to 10464
[22:36:25.868] [SEVERE ] updating countdown to 10438
[22:36:25.893] [SEVERE ] updating countdown to 10413
[22:36:25.919] [SEVERE ] updating countdown to 10387
[22:36:25.945] [SEVERE ] updating countdown to 10361
[22:36:25.970] [SEVERE ] updating countdown to 10336
[22:36:25.996] [SEVERE ] updating countdown to 10310
[22:36:26.022] [SEVERE ] updating countdown to 10284
[22:36:26.048] [SEVERE ] updating countdown to 10258
[22:36:26.074] [SEVERE ] updating countdown to 10232
[22:36:26.101] [SEVERE ] updating countdown to 10205
[22:36:26.126] [SEVERE ] updating countdown to 10180
[22:36:26.152] [SEVERE ] updating countdown to 10154
[22:36:26.178] [SEVERE ] updating countdown to 10128
[22:36:26.203] [SEVERE ] updating countdown to 10103
[22:36:26.230] [SEVERE ] updating countdown to 10076
[22:36:26.256] [SEVERE ] updating countdown to 10050
[22:36:26.282] [SEVERE ] updating countdown to 10024
[22:36:26.309] [SEVERE ] updating countdown to 9997
[22:36:26.335] [SEVERE ] updating countdown to 9971
[22:36:26.361] [SEVERE ] updating countdown to 9945
[22:36:26.387] [SEVERE ] updating countdown to 9919
[22:36:26.413] [SEVERE ] updating countdown to 9893
[22:36:26.439] [SEVERE ] updating countdown to 9867
[22:36:26.465] [SEVERE ] updating countdown to 9841
[22:36:26.491] [SEVERE ] updating countdown to 9815
[22:36:26.517] [SEVERE ] updating countdown to 9789
[22:36:26.544] [SEVERE ] updating countdown to 9762
[22:36:26.570] [SEVERE ] updating countdown to 9736
[22:36:26.596] [SEVERE ] updating countdown to 9710
[22:36:26.621] [SEVERE ] updating countdown to 9685
[22:36:26.647] [SEVERE ] updating countdown to 9659
[22:36:26.674] [SEVERE ] updating countdown to 9632
[22:36:26.701] [SEVERE ] updating countdown to 9605
[22:36:26.726] [SEVERE ] updating countdown to 9580
[22:36:26.752] [SEVERE ] updating countdown to 9554
[22:36:26.779] [SEVERE ] updating countdown to 9527
[22:36:26.806] [SEVERE ] updating countdown to 9500
[22:36:26.832] [SEVERE ] updating countdown to 9474
[22:36:26.858] [SEVERE ] updating countdown to 9448
[22:36:26.884] [SEVERE ] updating countdown to 9422
[22:36:26.910] [SEVERE ] updating countdown to 9396
[22:36:26.936] [SEVERE ] updating countdown to 9371
[22:36:26.961] [SEVERE ] updating countdown to 9345
[22:36:26.987] [SEVERE ] updating countdown to 9319
[22:36:27.012] [SEVERE ] updating countdown to 9294
[22:36:27.038] [SEVERE ] updating countdown to 9268
[22:36:27.064] [SEVERE ] updating countdown to 9242
[22:36:27.090] [SEVERE ] updating countdown to 9216
[22:36:27.115] [SEVERE ] updating countdown to 9191
[22:36:27.141] [SEVERE ] updating countdown to 9165
[22:36:27.167] [SEVERE ] updating countdown to 9139
[22:36:27.193] [SEVERE ] updating countdown to 9113
[22:36:27.220] [SEVERE ] updating countdown to 9086
[22:36:27.246] [SEVERE ] updating countdown to 9060
[22:36:27.272] [SEVERE ] updating countdown to 9034
[22:36:27.298] [SEVERE ] updating countdown to 9008
[22:36:27.324] [SEVERE ] updating countdown to 8982
[22:36:27.351] [SEVERE ] updating countdown to 8955
[22:36:27.377] [SEVERE ] updating countdown to 8929
[22:36:27.402] [SEVERE ] updating countdown to 8904
[22:36:27.428] [SEVERE ] updating countdown to 8878
[22:36:27.454] [SEVERE ] updating countdown to 8852
[22:36:27.479] [SEVERE ] updating countdown to 8827
[22:36:27.505] [SEVERE ] updating countdown to 8801
[22:36:27.531] [SEVERE ] updating countdown to 8775
[22:36:27.557] [SEVERE ] updating countdown to 8749
[22:36:27.583] [SEVERE ] updating countdown to 8723
[22:36:27.609] [SEVERE ] updating countdown to 8697
[22:36:27.635] [SEVERE ] updating countdown to 8671
[22:36:27.661] [SEVERE ] updating countdown to 8645
[22:36:27.689] [SEVERE ] updating countdown to 8617
[22:36:27.715] [SEVERE ] updating countdown to 8591
[22:36:27.740] [SEVERE ] updating countdown to 8566
[22:36:27.767] [SEVERE ] updating countdown to 8539
[22:36:27.793] [SEVERE ] updating countdown to 8513
[22:36:27.819] [SEVERE ] updating countdown to 8487
[22:36:27.845] [SEVERE ] updating countdown to 8461
[22:36:27.872] [SEVERE ] updating countdown to 8434
[22:36:27.898] [SEVERE ] updating countdown to 8408
[22:36:27.924] [SEVERE ] updating countdown to 8382
[22:36:27.950] [SEVERE ] updating countdown to 8356
[22:36:27.975] [SEVERE ] updating countdown to 8331
[22:36:28.001] [SEVERE ] updating countdown to 8305
[22:36:28.027] [SEVERE ] updating countdown to 8279
[22:36:28.053] [SEVERE ] updating countdown to 8253
[22:36:28.078] [SEVERE ] updating countdown to 8228
[22:36:28.105] [SEVERE ] updating countdown to 8201
[22:36:28.131] [SEVERE ] updating countdown to 8175
[22:36:28.157] [SEVERE ] updating countdown to 8149
[22:36:28.183] [SEVERE ] updating countdown to 8123
[22:36:28.209] [SEVERE ] updating countdown to 8097
[22:36:28.235] [SEVERE ] updating countdown to 8071
[22:36:28.260] [SEVERE ] updating countdown to 8046
[22:36:28.286] [SEVERE ] updating countdown to 8020
[22:36:28.314] [SEVERE ] updating countdown to 7992
[22:36:28.340] [SEVERE ] updating countdown to 7966
[22:36:28.368] [SEVERE ] updating countdown to 7938
[22:36:28.395] [SEVERE ] updating countdown to 7911
[22:36:28.421] [SEVERE ] updating countdown to 7885
[22:36:28.447] [SEVERE ] updating countdown to 7859
[22:36:28.473] [SEVERE ] updating countdown to 7833
[22:36:28.498] [SEVERE ] updating countdown to 7808
[22:36:28.524] [SEVERE ] updating countdown to 7782
[22:36:28.550] [SEVERE ] updating countdown to 7756
[22:36:28.577] [SEVERE ] updating countdown to 7729
[22:36:28.602] [SEVERE ] updating countdown to 7704
[22:36:28.630] [SEVERE ] updating countdown to 7676
[22:36:28.656] [SEVERE ] updating countdown to 7650
[22:36:28.683] [SEVERE ] updating countdown to 7623
[22:36:28.708] [SEVERE ] updating countdown to 7598
[22:36:28.735] [SEVERE ] updating countdown to 7571
[22:36:28.760] [SEVERE ] updating countdown to 7546
[22:36:28.787] [SEVERE ] updating countdown to 7519
[22:36:28.813] [SEVERE ] updating countdown to 7493
[22:36:28.840] [SEVERE ] updating countdown to 7466
[22:36:28.866] [SEVERE ] updating countdown to 7440
[22:36:28.892] [SEVERE ] updating countdown to 7414
[22:36:28.918] [SEVERE ] updating countdown to 7388
[22:36:28.944] [SEVERE ] updating countdown to 7362
[22:36:28.970] [SEVERE ] updating countdown to 7336
[22:36:28.996] [SEVERE ] updating countdown to 7310
[22:36:29.022] [SEVERE ] updating countdown to 7284
[22:36:29.048] [SEVERE ] updating countdown to 7258
[22:36:29.073] [SEVERE ] updating countdown to 7233
[22:36:29.098] [SEVERE ] updating countdown to 7208
[22:36:29.124] [SEVERE ] updating countdown to 7182
[22:36:29.150] [SEVERE ] updating countdown to 7156
[22:36:29.176] [SEVERE ] updating countdown to 7130
[22:36:29.202] [SEVERE ] updating countdown to 7104
[22:36:29.228] [SEVERE ] updating countdown to 7078
[22:36:29.254] [SEVERE ] updating countdown to 7052
[22:36:29.280] [SEVERE ] updating countdown to 7026
[22:36:29.306] [SEVERE ] updating countdown to 7000
[22:36:29.332] [SEVERE ] updating countdown to 6974
[22:36:29.358] [SEVERE ] updating countdown to 6948
[22:36:29.384] [SEVERE ] updating countdown to 6922
[22:36:29.410] [SEVERE ] updating countdown to 6896
[22:36:29.436] [SEVERE ] updating countdown to 6870
[22:36:29.464] [SEVERE ] updating countdown to 6842
[22:36:29.490] [SEVERE ] updating countdown to 6816
[22:36:29.516] [SEVERE ] updating countdown to 6790
[22:36:29.542] [SEVERE ] updating countdown to 6764
[22:36:29.569] [SEVERE ] updating countdown to 6737
[22:36:29.595] [SEVERE ] updating countdown to 6711
[22:36:29.621] [SEVERE ] updating countdown to 6685
[22:36:29.648] [SEVERE ] updating countdown to 6658
[22:36:29.674] [SEVERE ] updating countdown to 6632
[22:36:29.700] [SEVERE ] updating countdown to 6606
[22:36:29.727] [SEVERE ] updating countdown to 6579
[22:36:29.753] [SEVERE ] updating countdown to 6553
[22:36:29.779] [SEVERE ] updating countdown to 6527
[22:36:29.805] [SEVERE ] updating countdown to 6501
[22:36:29.831] [SEVERE ] updating countdown to 6475
[22:36:29.856] [SEVERE ] updating countdown to 6450
[22:36:29.883] [SEVERE ] updating countdown to 6424
[22:36:29.911] [SEVERE ] updating countdown to 6395
[22:36:29.937] [SEVERE ] updating countdown to 6369
[22:36:29.963] [SEVERE ] updating countdown to 6343
[22:36:29.989] [SEVERE ] updating countdown to 6317
[22:36:30.015] [SEVERE ] updating countdown to 6291
[22:36:30.042] [SEVERE ] updating countdown to 6264
[22:36:30.068] [SEVERE ] updating countdown to 6238
[22:36:30.094] [SEVERE ] updating countdown to 6212
[22:36:30.119] [SEVERE ] updating countdown to 6187
[22:36:30.145] [SEVERE ] updating countdown to 6161
[22:36:30.171] [SEVERE ] updating countdown to 6135
[22:36:30.197] [SEVERE ] updating countdown to 6109
[22:36:30.223] [SEVERE ] updating countdown to 6083
[22:36:30.248] [SEVERE ] updating countdown to 6058
[22:36:30.274] [SEVERE ] updating countdown to 6032
[22:36:30.301] [SEVERE ] updating countdown to 6005
[22:36:30.327] [SEVERE ] updating countdown to 5979
[22:36:30.354] [SEVERE ] updating countdown to 5952
[22:36:30.367] [SEVERE ] exit button pressed
[22:36:30.367] [INFO   ] thread Thread-1 terminated.
[22:36:30.380] [SEVERE ] updating countdown to 5926
[22:36:30.481] [SEVERE ] removing card from slot 0
[22:36:30.582] [SEVERE ] removing card from slot 1
[22:36:30.683] [SEVERE ] removing card from slot 2
[22:36:30.783] [SEVERE ] removing card from slot 3
[22:36:30.884] [SEVERE ] removing card from slot 4
[22:36:30.985] [SEVERE ] removing card from slot 5
[22:36:31.086] [SEVERE ] removing card from slot 6
[22:36:31.186] [SEVERE ] removing card from slot 7
[22:36:31.287] [SEVERE ] removing card from slot 8
[22:36:31.388] [SEVERE ] removing card from slot 9
[22:36:31.488] [SEVERE ] removing card from slot 10
[22:36:31.590] [SEVERE ] removing card from slot 11
[22:36:31.596] [SEVERE ] announcing winner(s): player 1
[22:36:31.597] [INFO   ] thread dealer terminated.
[22:36:31.608] [INFO   ] thread dealer terminated.
[22:36:31.608] [SEVERE ] thanks for playing... it was fun!
[22:36:31.609] [INFO   ] thread bguspl.set.Main.main() terminated.
