[23:11:55.415] [INFO   ] thread bguspl.set.Main.main() starting.
[23:11:55.423] [SEVERE ] cannot read configuration file config.properties trying from resources.
[23:11:55.428] [SEVERE ] configuration file was loaded from resources directory.
[23:11:56.782] [INFO   ] thread dealer starting.
[23:11:56.783] [INFO   ] thread dealer starting.
[23:11:56.784] [INFO   ] thread Thread-1 starting.
[23:11:56.785] [INFO   ] thread computer-0 starting.
[23:11:56.887] [SEVERE ] placing card 19 in slot 0
[23:11:56.999] [SEVERE ] placing card 20 in slot 1
[23:11:57.100] [SEVERE ] placing card 11 in slot 2
[23:11:57.203] [SEVERE ] placing card 10 in slot 3
[23:11:57.306] [SEVERE ] placing card 15 in slot 4
[23:11:57.407] [SEVERE ] placing card 7 in slot 5
[23:11:57.555] [SEVERE ] placing card 1 in slot 6
[23:11:57.660] [SEVERE ] placing card 16 in slot 7
[23:11:57.761] [SEVERE ] placing card 3 in slot 8
[23:11:57.862] [SEVERE ] placing card 5 in slot 9
[23:11:57.963] [SEVERE ] placing card 0 in slot 10
[23:11:58.065] [SEVERE ] placing card 6 in slot 11
[23:11:58.104] [SEVERE ] updating countdown to 59975
[23:11:58.132] [SEVERE ] updating countdown to 59947
[23:11:58.168] [SEVERE ] updating countdown to 59911
[23:11:58.196] [SEVERE ] updating countdown to 59883
[23:11:58.240] [SEVERE ] updating countdown to 59839
[23:11:58.266] [SEVERE ] updating countdown to 59813
[23:11:58.293] [SEVERE ] updating countdown to 59786
[23:11:58.329] [SEVERE ] updating countdown to 59750
[23:11:58.358] [SEVERE ] updating countdown to 59721
[23:11:58.384] [SEVERE ] updating countdown to 59695
[23:11:58.435] [SEVERE ] updating countdown to 59644
[23:11:58.463] [SEVERE ] updating countdown to 59616
[23:11:58.490] [SEVERE ] updating countdown to 59589
[23:11:58.517] [SEVERE ] updating countdown to 59563
[23:11:58.545] [SEVERE ] updating countdown to 59534
[23:11:58.571] [SEVERE ] updating countdown to 59508
[23:11:58.597] [SEVERE ] updating countdown to 59482
[23:11:58.625] [SEVERE ] updating countdown to 59454
[23:11:58.655] [SEVERE ] updating countdown to 59424
[23:11:58.730] [SEVERE ] updating countdown to 59349
[23:11:58.755] [SEVERE ] updating countdown to 59324
[23:11:58.787] [SEVERE ] updating countdown to 59292
[23:11:58.813] [SEVERE ] updating countdown to 59266
[23:11:58.865] [SEVERE ] updating countdown to 59214
[23:11:58.891] [SEVERE ] updating countdown to 59188
[23:11:58.917] [SEVERE ] updating countdown to 59162
[23:11:58.943] [SEVERE ] updating countdown to 59136
[23:11:58.969] [SEVERE ] updating countdown to 59110
[23:11:58.996] [SEVERE ] updating countdown to 59083
[23:11:59.023] [SEVERE ] updating countdown to 59056
[23:11:59.050] [SEVERE ] updating countdown to 59029
[23:11:59.078] [SEVERE ] updating countdown to 59001
[23:11:59.106] [SEVERE ] updating countdown to 58973
[23:11:59.133] [SEVERE ] updating countdown to 58946
[23:11:59.164] [SEVERE ] updating countdown to 58915
[23:11:59.190] [SEVERE ] updating countdown to 58889
[23:11:59.219] [SEVERE ] updating countdown to 58860
[23:11:59.275] [SEVERE ] updating countdown to 58804
[23:11:59.302] [SEVERE ] updating countdown to 58777
[23:11:59.338] [SEVERE ] updating countdown to 58741
[23:11:59.365] [SEVERE ] updating countdown to 58714
[23:11:59.396] [SEVERE ] updating countdown to 58683
[23:11:59.440] [SEVERE ] updating countdown to 58639
[23:11:59.466] [SEVERE ] updating countdown to 58613
[23:11:59.494] [SEVERE ] updating countdown to 58585
[23:11:59.520] [SEVERE ] updating countdown to 58559
[23:11:59.620] [SEVERE ] updating countdown to 58459
[23:11:59.646] [SEVERE ] updating countdown to 58433
[23:11:59.674] [SEVERE ] updating countdown to 58405
[23:11:59.701] [SEVERE ] updating countdown to 58378
[23:11:59.727] [SEVERE ] updating countdown to 58352
[23:11:59.754] [SEVERE ] updating countdown to 58325
[23:11:59.831] [SEVERE ] updating countdown to 58248
[23:11:59.857] [SEVERE ] updating countdown to 58222
[23:11:59.883] [SEVERE ] updating countdown to 58196
[23:11:59.909] [SEVERE ] updating countdown to 58170
[23:11:59.936] [SEVERE ] updating countdown to 58143
[23:11:59.964] [SEVERE ] updating countdown to 58115
[23:11:59.989] [SEVERE ] updating countdown to 58090
[23:12:00.015] [SEVERE ] updating countdown to 58064
[23:12:00.054] [SEVERE ] updating countdown to 58025
[23:12:00.080] [SEVERE ] updating countdown to 57999
[23:12:00.106] [SEVERE ] updating countdown to 57973
[23:12:00.135] [SEVERE ] updating countdown to 57944
[23:12:00.171] [SEVERE ] updating countdown to 57908
[23:12:00.232] [SEVERE ] updating countdown to 57847
[23:12:00.259] [SEVERE ] updating countdown to 57821
[23:12:00.294] [SEVERE ] updating countdown to 57785
[23:12:00.321] [SEVERE ] updating countdown to 57758
[23:12:00.348] [SEVERE ] updating countdown to 57731
[23:12:00.375] [SEVERE ] updating countdown to 57704
[23:12:00.402] [SEVERE ] updating countdown to 57677
[23:12:00.428] [SEVERE ] updating countdown to 57652
[23:12:00.454] [SEVERE ] updating countdown to 57626
[23:12:00.481] [SEVERE ] updating countdown to 57598
[23:12:00.507] [SEVERE ] updating countdown to 57572
[23:12:00.534] [SEVERE ] updating countdown to 57545
[23:12:00.561] [SEVERE ] updating countdown to 57518
[23:12:00.587] [SEVERE ] updating countdown to 57492
[23:12:00.690] [SEVERE ] updating countdown to 57389
[23:12:00.715] [SEVERE ] updating countdown to 57364
[23:12:00.745] [SEVERE ] updating countdown to 57334
[23:12:00.773] [SEVERE ] updating countdown to 57306
[23:12:00.800] [SEVERE ] updating countdown to 57279
[23:12:00.829] [SEVERE ] updating countdown to 57250
[23:12:00.855] [SEVERE ] updating countdown to 57224
[23:12:00.881] [SEVERE ] updating countdown to 57198
[23:12:00.908] [SEVERE ] updating countdown to 57171
[23:12:01.042] [SEVERE ] updating countdown to 57037
[23:12:01.068] [SEVERE ] updating countdown to 57011
[23:12:01.094] [SEVERE ] updating countdown to 56985
[23:12:01.120] [SEVERE ] updating countdown to 56959
[23:12:01.147] [SEVERE ] updating countdown to 56933
[23:12:01.185] [SEVERE ] updating countdown to 56894
[23:12:01.237] [SEVERE ] updating countdown to 56842
[23:12:01.263] [SEVERE ] updating countdown to 56816
[23:12:01.293] [SEVERE ] updating countdown to 56786
[23:12:01.319] [SEVERE ] updating countdown to 56760
[23:12:01.345] [SEVERE ] updating countdown to 56734
[23:12:01.384] [SEVERE ] updating countdown to 56695
[23:12:01.412] [SEVERE ] updating countdown to 56667
[23:12:01.438] [SEVERE ] updating countdown to 56641
[23:12:01.465] [SEVERE ] updating countdown to 56614
[23:12:01.493] [SEVERE ] updating countdown to 56586
[23:12:01.562] [SEVERE ] updating countdown to 56517
[23:12:01.588] [SEVERE ] updating countdown to 56491
[23:12:01.615] [SEVERE ] updating countdown to 56464
[23:12:01.641] [SEVERE ] updating countdown to 56438
[23:12:01.672] [SEVERE ] updating countdown to 56407
[23:12:01.699] [SEVERE ] updating countdown to 56380
[23:12:01.732] [SEVERE ] updating countdown to 56347
[23:12:01.758] [SEVERE ] updating countdown to 56321
[23:12:01.784] [SEVERE ] updating countdown to 56295
[23:12:01.823] [SEVERE ] updating countdown to 56256
[23:12:01.857] [SEVERE ] updating countdown to 56222
[23:12:01.883] [SEVERE ] updating countdown to 56196
[23:12:01.910] [SEVERE ] updating countdown to 56169
[23:12:01.936] [SEVERE ] updating countdown to 56143
[23:12:01.962] [SEVERE ] updating countdown to 56117
[23:12:01.994] [SEVERE ] updating countdown to 56085
[23:12:02.024] [SEVERE ] updating countdown to 56055
[23:12:02.051] [SEVERE ] updating countdown to 56028
[23:12:02.077] [SEVERE ] updating countdown to 56002
[23:12:02.102] [SEVERE ] updating countdown to 55977
[23:12:02.129] [SEVERE ] updating countdown to 55950
[23:12:02.156] [SEVERE ] updating countdown to 55923
[23:12:02.183] [SEVERE ] updating countdown to 55896
[23:12:02.209] [SEVERE ] updating countdown to 55870
[23:12:02.236] [SEVERE ] updating countdown to 55843
[23:12:02.262] [SEVERE ] updating countdown to 55817
[23:12:02.295] [SEVERE ] updating countdown to 55784
[23:12:02.321] [SEVERE ] updating countdown to 55758
[23:12:02.347] [SEVERE ] updating countdown to 55732
[23:12:02.373] [SEVERE ] updating countdown to 55706
[23:12:02.400] [SEVERE ] updating countdown to 55679
[23:12:02.463] [SEVERE ] updating countdown to 55616
[23:12:02.489] [SEVERE ] updating countdown to 55590
[23:12:02.517] [SEVERE ] updating countdown to 55562
[23:12:02.544] [SEVERE ] updating countdown to 55536
[23:12:02.577] [SEVERE ] updating countdown to 55502
[23:12:02.604] [SEVERE ] updating countdown to 55475
[23:12:02.631] [SEVERE ] updating countdown to 55448
[23:12:02.657] [SEVERE ] updating countdown to 55422
[23:12:02.684] [SEVERE ] updating countdown to 55395
[23:12:02.711] [SEVERE ] updating countdown to 55369
[23:12:02.738] [SEVERE ] updating countdown to 55341
[23:12:02.764] [SEVERE ] updating countdown to 55315
[23:12:02.791] [SEVERE ] updating countdown to 55288
[23:12:02.820] [SEVERE ] updating countdown to 55259
[23:12:02.848] [SEVERE ] updating countdown to 55231
[23:12:02.875] [SEVERE ] updating countdown to 55204
[23:12:02.902] [SEVERE ] updating countdown to 55177
[23:12:02.930] [SEVERE ] updating countdown to 55149
[23:12:02.956] [SEVERE ] updating countdown to 55123
[23:12:03.042] [SEVERE ] updating countdown to 55037
[23:12:03.068] [SEVERE ] updating countdown to 55011
[23:12:03.094] [SEVERE ] updating countdown to 54986
[23:12:03.120] [SEVERE ] updating countdown to 54959
[23:12:03.147] [SEVERE ] updating countdown to 54932
[23:12:03.175] [SEVERE ] updating countdown to 54904
[23:12:03.267] [SEVERE ] updating countdown to 54812
[23:12:03.293] [SEVERE ] updating countdown to 54787
[23:12:03.319] [SEVERE ] updating countdown to 54760
[23:12:03.346] [SEVERE ] updating countdown to 54733
[23:12:03.372] [SEVERE ] updating countdown to 54707
[23:12:03.399] [SEVERE ] updating countdown to 54680
[23:12:03.469] [SEVERE ] updating countdown to 54611
[23:12:03.495] [SEVERE ] updating countdown to 54584
[23:12:03.521] [SEVERE ] updating countdown to 54558
[23:12:03.547] [SEVERE ] updating countdown to 54532
[23:12:03.575] [SEVERE ] updating countdown to 54504
[23:12:03.602] [SEVERE ] updating countdown to 54477
[23:12:03.628] [SEVERE ] updating countdown to 54451
[23:12:03.653] [SEVERE ] updating countdown to 54426
[23:12:03.679] [SEVERE ] updating countdown to 54400
[23:12:03.705] [SEVERE ] updating countdown to 54374
[23:12:03.731] [SEVERE ] updating countdown to 54348
[23:12:03.757] [SEVERE ] updating countdown to 54322
[23:12:03.783] [SEVERE ] updating countdown to 54296
[23:12:03.814] [SEVERE ] updating countdown to 54265
[23:12:03.844] [SEVERE ] updating countdown to 54236
[23:12:03.870] [SEVERE ] updating countdown to 54209
[23:12:03.898] [SEVERE ] updating countdown to 54181
[23:12:03.926] [SEVERE ] updating countdown to 54153
[23:12:03.957] [SEVERE ] updating countdown to 54122
[23:12:04.028] [SEVERE ] updating countdown to 54051
[23:12:04.054] [SEVERE ] updating countdown to 54025
[23:12:04.080] [SEVERE ] updating countdown to 53999
[23:12:04.108] [SEVERE ] updating countdown to 53971
[23:12:04.134] [SEVERE ] updating countdown to 53945
[23:12:04.160] [SEVERE ] updating countdown to 53919
[23:12:04.186] [SEVERE ] updating countdown to 53893
[23:12:04.212] [SEVERE ] updating countdown to 53867
[23:12:04.239] [SEVERE ] updating countdown to 53840
[23:12:04.286] [SEVERE ] updating countdown to 53793
[23:12:04.313] [SEVERE ] updating countdown to 53766
[23:12:04.343] [SEVERE ] updating countdown to 53736
[23:12:04.371] [SEVERE ] updating countdown to 53708
[23:12:04.398] [SEVERE ] updating countdown to 53681
[23:12:04.425] [SEVERE ] updating countdown to 53654
[23:12:04.451] [SEVERE ] updating countdown to 53628
[23:12:04.485] [SEVERE ] updating countdown to 53594
[23:12:04.518] [SEVERE ] updating countdown to 53561
[23:12:04.572] [SEVERE ] updating countdown to 53507
[23:12:04.598] [SEVERE ] updating countdown to 53481
[23:12:04.626] [SEVERE ] updating countdown to 53453
[23:12:04.663] [SEVERE ] updating countdown to 53416
[23:12:04.690] [SEVERE ] updating countdown to 53389
[23:12:04.716] [SEVERE ] updating countdown to 53363
[23:12:04.743] [SEVERE ] updating countdown to 53336
[23:12:04.769] [SEVERE ] updating countdown to 53310
[23:12:04.797] [SEVERE ] updating countdown to 53283
[23:12:04.839] [SEVERE ] updating countdown to 53240
[23:12:04.865] [SEVERE ] updating countdown to 53214
[23:12:04.891] [SEVERE ] updating countdown to 53188
[23:12:04.918] [SEVERE ] updating countdown to 53161
[23:12:04.945] [SEVERE ] updating countdown to 53134
[23:12:04.971] [SEVERE ] updating countdown to 53108
[23:12:04.999] [SEVERE ] updating countdown to 53080
[23:12:05.075] [SEVERE ] updating countdown to 53004
[23:12:05.101] [SEVERE ] updating countdown to 52978
[23:12:05.127] [SEVERE ] updating countdown to 52952
[23:12:05.154] [SEVERE ] updating countdown to 52925
[23:12:05.195] [SEVERE ] updating countdown to 52884
[23:12:05.221] [SEVERE ] updating countdown to 52858
[23:12:05.248] [SEVERE ] updating countdown to 52831
[23:12:05.274] [SEVERE ] updating countdown to 52805
[23:12:05.300] [SEVERE ] updating countdown to 52779
[23:12:05.327] [SEVERE ] updating countdown to 52752
[23:12:05.353] [SEVERE ] updating countdown to 52726
[23:12:05.381] [SEVERE ] updating countdown to 52698
[23:12:05.419] [SEVERE ] updating countdown to 52660
[23:12:05.446] [SEVERE ] updating countdown to 52633
[23:12:05.472] [SEVERE ] updating countdown to 52607
[23:12:05.498] [SEVERE ] updating countdown to 52581
[23:12:05.535] [SEVERE ] updating countdown to 52544
[23:12:05.562] [SEVERE ] updating countdown to 52518
[23:12:05.588] [SEVERE ] updating countdown to 52491
[23:12:05.616] [SEVERE ] updating countdown to 52463
[23:12:05.643] [SEVERE ] updating countdown to 52436
[23:12:05.669] [SEVERE ] updating countdown to 52410
[23:12:05.696] [SEVERE ] updating countdown to 52383
[23:12:05.724] [SEVERE ] updating countdown to 52355
[23:12:05.751] [SEVERE ] updating countdown to 52328
[23:12:05.778] [SEVERE ] updating countdown to 52301
[23:12:05.804] [SEVERE ] updating countdown to 52275
[23:12:05.831] [SEVERE ] updating countdown to 52248
[23:12:05.857] [SEVERE ] updating countdown to 52222
[23:12:05.883] [SEVERE ] updating countdown to 52196
[23:12:05.910] [SEVERE ] updating countdown to 52169
[23:12:05.937] [SEVERE ] updating countdown to 52142
[23:12:05.964] [SEVERE ] updating countdown to 52115
[23:12:05.990] [SEVERE ] updating countdown to 52089
[23:12:06.021] [SEVERE ] updating countdown to 52058
[23:12:06.056] [SEVERE ] updating countdown to 52023
[23:12:06.082] [SEVERE ] updating countdown to 51997
[23:12:06.109] [SEVERE ] updating countdown to 51970
[23:12:06.141] [SEVERE ] updating countdown to 51938
[23:12:06.169] [SEVERE ] updating countdown to 51910
[23:12:06.196] [SEVERE ] updating countdown to 51883
[23:12:06.221] [SEVERE ] updating countdown to 51858
[23:12:06.247] [SEVERE ] updating countdown to 51832
[23:12:06.274] [SEVERE ] updating countdown to 51805
[23:12:06.299] [SEVERE ] updating countdown to 51780
[23:12:06.325] [SEVERE ] updating countdown to 51754
[23:12:06.351] [SEVERE ] updating countdown to 51728
[23:12:06.376] [SEVERE ] updating countdown to 51703
[23:12:06.409] [SEVERE ] updating countdown to 51670
[23:12:06.435] [SEVERE ] updating countdown to 51644
[23:12:06.462] [SEVERE ] updating countdown to 51617
[23:12:06.488] [SEVERE ] updating countdown to 51591
[23:12:06.515] [SEVERE ] updating countdown to 51564
[23:12:06.542] [SEVERE ] updating countdown to 51537
[23:12:06.568] [SEVERE ] updating countdown to 51511
[23:12:06.595] [SEVERE ] updating countdown to 51484
[23:12:06.622] [SEVERE ] updating countdown to 51457
[23:12:06.649] [SEVERE ] updating countdown to 51430
[23:12:06.721] [SEVERE ] updating countdown to 51358
[23:12:06.747] [SEVERE ] updating countdown to 51332
[23:12:06.773] [SEVERE ] updating countdown to 51306
[23:12:06.799] [SEVERE ] updating countdown to 51280
[23:12:06.826] [SEVERE ] updating countdown to 51253
[23:12:06.852] [SEVERE ] updating countdown to 51227
[23:12:06.879] [SEVERE ] updating countdown to 51200
[23:12:06.905] [SEVERE ] updating countdown to 51174
[23:12:06.932] [SEVERE ] updating countdown to 51147
[23:12:06.994] [SEVERE ] updating countdown to 51085
[23:12:07.024] [SEVERE ] updating countdown to 51055
[23:12:07.050] [SEVERE ] updating countdown to 51029
[23:12:07.080] [SEVERE ] updating countdown to 50999
[23:12:07.108] [SEVERE ] updating countdown to 50971
[23:12:07.134] [SEVERE ] updating countdown to 50945
[23:12:07.163] [SEVERE ] updating countdown to 50916
[23:12:07.236] [SEVERE ] updating countdown to 50843
[23:12:07.262] [SEVERE ] updating countdown to 50817
[23:12:07.294] [SEVERE ] updating countdown to 50785
[23:12:07.321] [SEVERE ] updating countdown to 50758
[23:12:07.432] [SEVERE ] updating countdown to 50647
[23:12:07.458] [SEVERE ] updating countdown to 50621
[23:12:07.483] [SEVERE ] updating countdown to 50596
[23:12:07.509] [SEVERE ] updating countdown to 50570
[23:12:07.536] [SEVERE ] updating countdown to 50543
[23:12:07.563] [SEVERE ] updating countdown to 50516
[23:12:07.589] [SEVERE ] updating countdown to 50490
[23:12:07.615] [SEVERE ] updating countdown to 50464
[23:12:07.643] [SEVERE ] updating countdown to 50437
[23:12:07.695] [SEVERE ] updating countdown to 50384
[23:12:07.721] [SEVERE ] updating countdown to 50358
[23:12:07.760] [SEVERE ] updating countdown to 50319
[23:12:07.786] [SEVERE ] updating countdown to 50293
[23:12:07.828] [SEVERE ] updating countdown to 50251
[23:12:07.868] [SEVERE ] updating countdown to 50211
[23:12:07.894] [SEVERE ] updating countdown to 50185
[23:12:07.923] [SEVERE ] updating countdown to 50156
[23:12:07.950] [SEVERE ] updating countdown to 50129
[23:12:07.980] [SEVERE ] updating countdown to 50099
[23:12:08.007] [SEVERE ] updating countdown to 50072
[23:12:08.033] [SEVERE ] updating countdown to 50046
[23:12:08.059] [SEVERE ] updating countdown to 50020
[23:12:08.086] [SEVERE ] updating countdown to 49993
[23:12:08.112] [SEVERE ] updating countdown to 49967
[23:12:08.139] [SEVERE ] updating countdown to 49940
[23:12:08.166] [SEVERE ] updating countdown to 49913
[23:12:08.221] [SEVERE ] updating countdown to 49858
[23:12:08.250] [SEVERE ] updating countdown to 49829
[23:12:08.277] [SEVERE ] updating countdown to 49802
[23:12:08.303] [SEVERE ] updating countdown to 49776
[23:12:08.329] [SEVERE ] updating countdown to 49750
[23:12:08.356] [SEVERE ] updating countdown to 49723
[23:12:08.382] [SEVERE ] updating countdown to 49697
[23:12:08.409] [SEVERE ] updating countdown to 49670
[23:12:08.435] [SEVERE ] updating countdown to 49644
[23:12:08.460] [SEVERE ] updating countdown to 49619
[23:12:08.486] [SEVERE ] updating countdown to 49593
[23:12:08.511] [SEVERE ] updating countdown to 49568
[23:12:08.537] [SEVERE ] updating countdown to 49542
[23:12:08.563] [SEVERE ] updating countdown to 49516
[23:12:08.590] [SEVERE ] updating countdown to 49489
[23:12:08.621] [SEVERE ] updating countdown to 49458
[23:12:08.647] [SEVERE ] updating countdown to 49432
[23:12:08.673] [SEVERE ] updating countdown to 49406
[23:12:08.698] [SEVERE ] updating countdown to 49381
[23:12:08.725] [SEVERE ] updating countdown to 49354
[23:12:08.751] [SEVERE ] updating countdown to 49328
[23:12:08.835] [SEVERE ] updating countdown to 49244
[23:12:08.861] [SEVERE ] updating countdown to 49218
[23:12:08.887] [SEVERE ] updating countdown to 49192
[23:12:08.914] [SEVERE ] updating countdown to 49165
[23:12:08.942] [SEVERE ] updating countdown to 49137
[23:12:08.975] [SEVERE ] updating countdown to 49104
[23:12:09.001] [SEVERE ] updating countdown to 49078
[23:12:09.030] [SEVERE ] updating countdown to 49049
[23:12:09.056] [SEVERE ] updating countdown to 49023
[23:12:09.082] [SEVERE ] updating countdown to 48997
[23:12:09.110] [SEVERE ] updating countdown to 48969
[23:12:09.136] [SEVERE ] updating countdown to 48943
[23:12:09.163] [SEVERE ] updating countdown to 48916
[23:12:09.256] [SEVERE ] updating countdown to 48823
[23:12:09.289] [SEVERE ] updating countdown to 48790
[23:12:09.315] [SEVERE ] updating countdown to 48764
[23:12:09.342] [SEVERE ] updating countdown to 48737
[23:12:09.368] [SEVERE ] updating countdown to 48711
[23:12:09.399] [SEVERE ] updating countdown to 48680
[23:12:09.438] [SEVERE ] updating countdown to 48641
[23:12:09.464] [SEVERE ] updating countdown to 48615
[23:12:09.490] [SEVERE ] updating countdown to 48589
[23:12:09.516] [SEVERE ] updating countdown to 48563
[23:12:09.542] [SEVERE ] updating countdown to 48537
[23:12:09.569] [SEVERE ] updating countdown to 48510
[23:12:09.603] [SEVERE ] updating countdown to 48476
[23:12:09.629] [SEVERE ] updating countdown to 48450
[23:12:09.655] [SEVERE ] updating countdown to 48424
[23:12:09.681] [SEVERE ] updating countdown to 48398
[23:12:09.707] [SEVERE ] updating countdown to 48372
[23:12:09.734] [SEVERE ] updating countdown to 48345
[23:12:09.760] [SEVERE ] updating countdown to 48319
[23:12:09.786] [SEVERE ] updating countdown to 48293
[23:12:09.813] [SEVERE ] updating countdown to 48266
[23:12:09.844] [SEVERE ] updating countdown to 48235
[23:12:09.870] [SEVERE ] updating countdown to 48209
[23:12:09.896] [SEVERE ] updating countdown to 48183
[23:12:09.923] [SEVERE ] updating countdown to 48156
[23:12:09.952] [SEVERE ] updating countdown to 48127
[23:12:09.980] [SEVERE ] updating countdown to 48099
[23:12:10.056] [SEVERE ] updating countdown to 48023
[23:12:10.082] [SEVERE ] updating countdown to 47997
[23:12:10.111] [SEVERE ] updating countdown to 47968
[23:12:10.138] [SEVERE ] updating countdown to 47941
[23:12:10.168] [SEVERE ] updating countdown to 47911
[23:12:10.195] [SEVERE ] updating countdown to 47884
[23:12:10.221] [SEVERE ] updating countdown to 47858
[23:12:10.252] [SEVERE ] updating countdown to 47827
[23:12:10.315] [SEVERE ] updating countdown to 47764
[23:12:10.341] [SEVERE ] updating countdown to 47738
[23:12:10.368] [SEVERE ] updating countdown to 47711
[23:12:10.394] [SEVERE ] updating countdown to 47685
[23:12:10.423] [SEVERE ] updating countdown to 47656
[23:12:10.449] [SEVERE ] updating countdown to 47630
[23:12:10.475] [SEVERE ] updating countdown to 47604
[23:12:10.502] [SEVERE ] updating countdown to 47577
[23:12:10.530] [SEVERE ] updating countdown to 47549
[23:12:10.586] [SEVERE ] updating countdown to 47493
[23:12:10.611] [SEVERE ] updating countdown to 47468
[23:12:10.637] [SEVERE ] updating countdown to 47442
[23:12:10.682] [SEVERE ] updating countdown to 47397
[23:12:10.707] [SEVERE ] updating countdown to 47372
[23:12:10.733] [SEVERE ] updating countdown to 47346
[23:12:10.759] [SEVERE ] updating countdown to 47320
[23:12:10.786] [SEVERE ] updating countdown to 47293
[23:12:10.813] [SEVERE ] updating countdown to 47266
[23:12:10.840] [SEVERE ] updating countdown to 47239
[23:12:10.867] [SEVERE ] updating countdown to 47212
[23:12:10.893] [SEVERE ] updating countdown to 47186
[23:12:10.920] [SEVERE ] updating countdown to 47159
[23:12:10.946] [SEVERE ] updating countdown to 47133
[23:12:10.973] [SEVERE ] updating countdown to 47106
[23:12:11.000] [SEVERE ] updating countdown to 47079
[23:12:11.026] [SEVERE ] updating countdown to 47053
[23:12:11.052] [SEVERE ] updating countdown to 47027
[23:12:11.082] [SEVERE ] updating countdown to 46997
[23:12:11.108] [SEVERE ] updating countdown to 46971
[23:12:11.135] [SEVERE ] updating countdown to 46944
[23:12:11.163] [SEVERE ] updating countdown to 46916
[23:12:11.189] [SEVERE ] updating countdown to 46890
[23:12:11.215] [SEVERE ] updating countdown to 46864
[23:12:11.242] [SEVERE ] updating countdown to 46837
[23:12:11.272] [SEVERE ] updating countdown to 46807
[23:12:11.298] [SEVERE ] updating countdown to 46781
[23:12:11.325] [SEVERE ] updating countdown to 46754
[23:12:11.352] [SEVERE ] updating countdown to 46727
[23:12:11.379] [SEVERE ] updating countdown to 46700
[23:12:11.412] [SEVERE ] updating countdown to 46667
[23:12:11.463] [SEVERE ] updating countdown to 46616
[23:12:11.489] [SEVERE ] updating countdown to 46590
[23:12:11.515] [SEVERE ] updating countdown to 46564
[23:12:11.543] [SEVERE ] updating countdown to 46536
[23:12:11.570] [SEVERE ] updating countdown to 46509
[23:12:11.599] [SEVERE ] updating countdown to 46480
[23:12:11.625] [SEVERE ] updating countdown to 46454
[23:12:11.652] [SEVERE ] updating countdown to 46427
[23:12:11.677] [SEVERE ] updating countdown to 46402
[23:12:11.704] [SEVERE ] updating countdown to 46375
[23:12:11.731] [SEVERE ] updating countdown to 46348
[23:12:11.757] [SEVERE ] updating countdown to 46322
[23:12:11.785] [SEVERE ] updating countdown to 46294
[23:12:11.813] [SEVERE ] updating countdown to 46266
[23:12:11.840] [SEVERE ] updating countdown to 46239
[23:12:11.866] [SEVERE ] updating countdown to 46213
[23:12:11.893] [SEVERE ] updating countdown to 46186
[23:12:11.920] [SEVERE ] updating countdown to 46159
[23:12:11.946] [SEVERE ] updating countdown to 46133
[23:12:11.973] [SEVERE ] updating countdown to 46106
[23:12:11.999] [SEVERE ] updating countdown to 46080
[23:12:12.025] [SEVERE ] updating countdown to 46054
[23:12:12.052] [SEVERE ] updating countdown to 46027
[23:12:12.078] [SEVERE ] updating countdown to 46001
[23:12:12.163] [SEVERE ] updating countdown to 45916
[23:12:12.190] [SEVERE ] updating countdown to 45889
[23:12:12.230] [SEVERE ] updating countdown to 45849
[23:12:12.256] [SEVERE ] updating countdown to 45823
[23:12:12.283] [SEVERE ] updating countdown to 45796
[23:12:12.309] [SEVERE ] updating countdown to 45770
[23:12:12.335] [SEVERE ] updating countdown to 45744
[23:12:12.362] [SEVERE ] updating countdown to 45717
[23:12:12.389] [SEVERE ] updating countdown to 45690
[23:12:12.415] [SEVERE ] updating countdown to 45664
[23:12:12.441] [SEVERE ] updating countdown to 45638
[23:12:12.468] [SEVERE ] updating countdown to 45611
[23:12:12.494] [SEVERE ] updating countdown to 45585
[23:12:12.520] [SEVERE ] updating countdown to 45559
[23:12:12.546] [SEVERE ] updating countdown to 45533
[23:12:12.572] [SEVERE ] updating countdown to 45507
[23:12:12.598] [SEVERE ] updating countdown to 45481
[23:12:12.625] [SEVERE ] updating countdown to 45454
[23:12:12.651] [SEVERE ] updating countdown to 45428
[23:12:12.677] [SEVERE ] updating countdown to 45402
[23:12:12.703] [SEVERE ] updating countdown to 45376
[23:12:12.728] [SEVERE ] updating countdown to 45351
[23:12:12.754] [SEVERE ] updating countdown to 45325
[23:12:12.780] [SEVERE ] updating countdown to 45299
[23:12:12.806] [SEVERE ] updating countdown to 45273
[23:12:12.832] [SEVERE ] updating countdown to 45247
[23:12:12.859] [SEVERE ] updating countdown to 45220
[23:12:12.885] [SEVERE ] updating countdown to 45194
[23:12:12.950] [SEVERE ] updating countdown to 45129
[23:12:12.977] [SEVERE ] updating countdown to 45102
[23:12:13.005] [SEVERE ] updating countdown to 45074
[23:12:13.035] [SEVERE ] updating countdown to 45044
[23:12:13.062] [SEVERE ] updating countdown to 45017
[23:12:13.088] [SEVERE ] updating countdown to 44991
[23:12:13.115] [SEVERE ] updating countdown to 44964
[23:12:13.141] [SEVERE ] updating countdown to 44938
[23:12:13.168] [SEVERE ] updating countdown to 44911
[23:12:13.195] [SEVERE ] updating countdown to 44884
[23:12:13.221] [SEVERE ] updating countdown to 44858
[23:12:13.247] [SEVERE ] updating countdown to 44832
[23:12:13.274] [SEVERE ] updating countdown to 44805
[23:12:13.300] [SEVERE ] updating countdown to 44779
[23:12:13.327] [SEVERE ] updating countdown to 44752
[23:12:13.354] [SEVERE ] updating countdown to 44725
[23:12:13.403] [SEVERE ] updating countdown to 44676
[23:12:13.429] [SEVERE ] updating countdown to 44650
[23:12:13.454] [SEVERE ] updating countdown to 44625
[23:12:13.480] [SEVERE ] updating countdown to 44599
[23:12:13.505] [SEVERE ] updating countdown to 44574
[23:12:13.532] [SEVERE ] updating countdown to 44547
[23:12:13.576] [SEVERE ] updating countdown to 44503
[23:12:13.602] [SEVERE ] updating countdown to 44477
[23:12:13.628] [SEVERE ] updating countdown to 44451
[23:12:13.678] [SEVERE ] updating countdown to 44401
[23:12:13.704] [SEVERE ] updating countdown to 44375
[23:12:13.730] [SEVERE ] updating countdown to 44349
[23:12:13.755] [SEVERE ] updating countdown to 44324
[23:12:13.781] [SEVERE ] updating countdown to 44298
[23:12:13.806] [SEVERE ] updating countdown to 44273
[23:12:13.832] [SEVERE ] updating countdown to 44247
[23:12:13.857] [SEVERE ] updating countdown to 44222
[23:12:13.889] [SEVERE ] updating countdown to 44190
[23:12:13.916] [SEVERE ] updating countdown to 44163
[23:12:13.941] [SEVERE ] updating countdown to 44138
[23:12:13.967] [SEVERE ] updating countdown to 44112
[23:12:13.994] [SEVERE ] updating countdown to 44085
[23:12:14.027] [SEVERE ] updating countdown to 44052
[23:12:14.052] [SEVERE ] updating countdown to 44027
[23:12:14.078] [SEVERE ] updating countdown to 44001
[23:12:14.104] [SEVERE ] updating countdown to 43975
[23:12:14.136] [SEVERE ] updating countdown to 43943
[23:12:14.163] [SEVERE ] updating countdown to 43916
[23:12:14.189] [SEVERE ] updating countdown to 43890
[23:12:14.221] [SEVERE ] updating countdown to 43858
[23:12:14.247] [SEVERE ] updating countdown to 43832
[23:12:14.274] [SEVERE ] updating countdown to 43805
[23:12:14.326] [SEVERE ] updating countdown to 43753
[23:12:14.352] [SEVERE ] updating countdown to 43727
[23:12:14.379] [SEVERE ] updating countdown to 43700
[23:12:14.404] [SEVERE ] updating countdown to 43675
[23:12:14.433] [SEVERE ] updating countdown to 43646
[23:12:14.480] [SEVERE ] updating countdown to 43599
[23:12:14.505] [SEVERE ] updating countdown to 43574
[23:12:14.532] [SEVERE ] updating countdown to 43547
[23:12:14.560] [SEVERE ] updating countdown to 43519
[23:12:14.656] [SEVERE ] updating countdown to 43423
[23:12:14.737] [SEVERE ] updating countdown to 43342
[23:12:14.764] [SEVERE ] updating countdown to 43316
[23:12:14.790] [SEVERE ] updating countdown to 43289
[23:12:14.883] [SEVERE ] updating countdown to 43196
[23:12:14.920] [SEVERE ] updating countdown to 43159
[23:12:14.946] [SEVERE ] updating countdown to 43133
[23:12:14.971] [SEVERE ] updating countdown to 43108
[23:12:14.997] [SEVERE ] updating countdown to 43082
[23:12:14.999] [SEVERE ] exit button pressed
[23:12:15.022] [SEVERE ] updating countdown to 43057
[23:12:15.123] [SEVERE ] removing card from slot 0
[23:12:15.224] [SEVERE ] removing card from slot 1
[23:12:15.325] [SEVERE ] removing card from slot 2
[23:12:15.426] [SEVERE ] removing card from slot 3
[23:12:15.546] [SEVERE ] removing card from slot 4
[23:12:15.647] [SEVERE ] removing card from slot 5
[23:12:15.748] [SEVERE ] removing card from slot 6
[23:12:15.848] [SEVERE ] removing card from slot 7
[23:12:15.949] [SEVERE ] removing card from slot 8
[23:12:16.050] [SEVERE ] removing card from slot 9
[23:12:16.151] [SEVERE ] removing card from slot 10
[23:12:16.251] [SEVERE ] removing card from slot 11
[23:12:16.254] [SEVERE ] announcing winner(s): player 1
[23:12:16.256] [INFO   ] thread dealer terminated.
[23:12:16.256] [INFO   ] thread dealer terminated.
[23:12:16.256] [SEVERE ] thanks for playing... it was fun!
[23:12:16.257] [INFO   ] thread bguspl.set.Main.main() terminated.
