[22:36:51.713] [INFO   ] thread bguspl.set.Main.main() starting.
[22:36:51.728] [SEVERE ] cannot read configuration file config.properties trying from resources.
[22:36:51.735] [SEVERE ] configuration file was loaded from resources directory.
[22:36:52.828] [INFO   ] thread dealer starting.
[22:36:52.829] [INFO   ] thread dealer starting.
[22:36:52.830] [INFO   ] thread Thread-1 starting.
[22:36:52.934] [SEVERE ] placing card 1 in slot 0
[22:36:53.036] [SEVERE ] placing card 6 in slot 1
[22:36:53.138] [SEVERE ] placing card 11 in slot 2
[22:36:53.239] [SEVERE ] placing card 13 in slot 3
[22:36:53.341] [SEVERE ] placing card 12 in slot 4
[22:36:53.442] [SEVERE ] placing card 0 in slot 5
[22:36:53.544] [SEVERE ] placing card 5 in slot 6
[22:36:53.645] [SEVERE ] placing card 3 in slot 7
[22:36:53.746] [SEVERE ] placing card 7 in slot 8
[22:36:53.849] [SEVERE ] placing card 8 in slot 9
[22:36:53.950] [SEVERE ] placing card 2 in slot 10
[22:36:54.052] [SEVERE ] placing card 9 in slot 11
[22:36:54.078] [SEVERE ] updating countdown to 29975
[22:36:54.106] [SEVERE ] updating countdown to 29947
[22:36:54.133] [SEVERE ] updating countdown to 29920
[22:36:54.159] [SEVERE ] updating countdown to 29894
[22:36:54.185] [SEVERE ] updating countdown to 29868
[22:36:54.211] [SEVERE ] updating countdown to 29842
[22:36:54.237] [SEVERE ] updating countdown to 29816
[22:36:54.264] [SEVERE ] updating countdown to 29789
[22:36:54.290] [SEVERE ] updating countdown to 29763
[22:36:54.317] [SEVERE ] updating countdown to 29736
[22:36:54.343] [SEVERE ] updating countdown to 29710
[22:36:54.370] [SEVERE ] updating countdown to 29683
[22:36:54.396] [SEVERE ] updating countdown to 29657
[22:36:54.422] [SEVERE ] updating countdown to 29631
[22:36:54.448] [SEVERE ] updating countdown to 29605
[22:36:54.474] [SEVERE ] updating countdown to 29579
[22:36:54.500] [SEVERE ] updating countdown to 29553
[22:36:54.527] [SEVERE ] updating countdown to 29527
[22:36:54.553] [SEVERE ] updating countdown to 29500
[22:36:54.579] [SEVERE ] updating countdown to 29474
[22:36:54.607] [SEVERE ] updating countdown to 29446
[22:36:54.633] [SEVERE ] updating countdown to 29420
[22:36:54.659] [SEVERE ] updating countdown to 29394
[22:36:54.685] [SEVERE ] updating countdown to 29368
[22:36:54.712] [SEVERE ] updating countdown to 29341
[22:36:54.738] [SEVERE ] updating countdown to 29315
[22:36:54.764] [SEVERE ] updating countdown to 29289
[22:36:54.791] [SEVERE ] updating countdown to 29262
[22:36:54.817] [SEVERE ] updating countdown to 29236
[22:36:54.844] [SEVERE ] updating countdown to 29209
[22:36:54.869] [SEVERE ] updating countdown to 29184
[22:36:54.896] [SEVERE ] updating countdown to 29157
[22:36:54.922] [SEVERE ] updating countdown to 29131
[22:36:54.949] [SEVERE ] updating countdown to 29105
[22:36:54.977] [SEVERE ] updating countdown to 29076
[22:36:55.004] [SEVERE ] updating countdown to 29049
[22:36:55.030] [SEVERE ] updating countdown to 29023
[22:36:55.057] [SEVERE ] updating countdown to 28996
[22:36:55.084] [SEVERE ] updating countdown to 28969
[22:36:55.113] [SEVERE ] updating countdown to 28940
[22:36:55.139] [SEVERE ] updating countdown to 28914
[22:36:55.167] [SEVERE ] updating countdown to 28886
[22:36:55.194] [SEVERE ] updating countdown to 28859
[22:36:55.221] [SEVERE ] updating countdown to 28832
[22:36:55.247] [SEVERE ] updating countdown to 28806
[22:36:55.273] [SEVERE ] updating countdown to 28780
[22:36:55.299] [SEVERE ] updating countdown to 28754
[22:36:55.325] [SEVERE ] updating countdown to 28728
[22:36:55.351] [SEVERE ] updating countdown to 28702
[22:36:55.378] [SEVERE ] updating countdown to 28675
[22:36:55.403] [SEVERE ] updating countdown to 28650
[22:36:55.430] [SEVERE ] updating countdown to 28623
[22:36:55.456] [SEVERE ] updating countdown to 28597
[22:36:55.481] [SEVERE ] updating countdown to 28572
[22:36:55.507] [SEVERE ] updating countdown to 28546
[22:36:55.533] [SEVERE ] updating countdown to 28520
[22:36:55.559] [SEVERE ] updating countdown to 28494
[22:36:55.585] [SEVERE ] updating countdown to 28468
[22:36:55.613] [SEVERE ] updating countdown to 28440
[22:36:55.641] [SEVERE ] updating countdown to 28412
[22:36:55.667] [SEVERE ] updating countdown to 28386
[22:36:55.693] [SEVERE ] updating countdown to 28360
[22:36:55.719] [SEVERE ] updating countdown to 28334
[22:36:55.745] [SEVERE ] updating countdown to 28308
[22:36:55.771] [SEVERE ] updating countdown to 28282
[22:36:55.797] [SEVERE ] updating countdown to 28256
[22:36:55.823] [SEVERE ] updating countdown to 28230
[22:36:55.850] [SEVERE ] updating countdown to 28203
[22:36:55.876] [SEVERE ] updating countdown to 28177
[22:36:55.904] [SEVERE ] updating countdown to 28149
[22:36:55.930] [SEVERE ] updating countdown to 28123
[22:36:55.956] [SEVERE ] updating countdown to 28097
[22:36:55.982] [SEVERE ] updating countdown to 28071
[22:36:56.008] [SEVERE ] updating countdown to 28045
[22:36:56.034] [SEVERE ] updating countdown to 28019
[22:36:56.061] [SEVERE ] updating countdown to 27992
[22:36:56.088] [SEVERE ] updating countdown to 27965
[22:36:56.114] [SEVERE ] updating countdown to 27939
[22:36:56.140] [SEVERE ] updating countdown to 27913
[22:36:56.166] [SEVERE ] updating countdown to 27887
[22:36:56.193] [SEVERE ] updating countdown to 27861
[22:36:56.219] [SEVERE ] updating countdown to 27834
[22:36:56.245] [SEVERE ] updating countdown to 27808
[22:36:56.271] [SEVERE ] updating countdown to 27782
[22:36:56.297] [SEVERE ] updating countdown to 27756
[22:36:56.325] [SEVERE ] updating countdown to 27728
[22:36:56.352] [SEVERE ] updating countdown to 27701
[22:36:56.379] [SEVERE ] updating countdown to 27674
[22:36:56.405] [SEVERE ] updating countdown to 27648
[22:36:56.431] [SEVERE ] updating countdown to 27622
[22:36:56.457] [SEVERE ] updating countdown to 27596
[22:36:56.484] [SEVERE ] updating countdown to 27569
[22:36:56.513] [SEVERE ] updating countdown to 27540
[22:36:56.539] [SEVERE ] updating countdown to 27514
[22:36:56.565] [SEVERE ] updating countdown to 27488
[22:36:56.591] [SEVERE ] updating countdown to 27462
[22:36:56.618] [SEVERE ] updating countdown to 27435
[22:36:56.644] [SEVERE ] updating countdown to 27409
[22:36:56.670] [SEVERE ] updating countdown to 27383
[22:36:56.697] [SEVERE ] updating countdown to 27356
[22:36:56.723] [SEVERE ] updating countdown to 27330
[22:36:56.749] [SEVERE ] updating countdown to 27304
[22:36:56.775] [SEVERE ] updating countdown to 27278
[22:36:56.802] [SEVERE ] updating countdown to 27251
[22:36:56.828] [SEVERE ] updating countdown to 27225
[22:36:56.855] [SEVERE ] updating countdown to 27199
[22:36:56.880] [SEVERE ] updating countdown to 27173
[22:36:56.907] [SEVERE ] updating countdown to 27146
[22:36:56.932] [SEVERE ] updating countdown to 27121
[22:36:56.959] [SEVERE ] updating countdown to 27095
[22:36:56.987] [SEVERE ] updating countdown to 27066
[22:36:57.014] [SEVERE ] updating countdown to 27040
[22:36:57.040] [SEVERE ] updating countdown to 27013
[22:36:57.067] [SEVERE ] updating countdown to 26986
[22:36:57.094] [SEVERE ] updating countdown to 26959
[22:36:57.120] [SEVERE ] updating countdown to 26933
[22:36:57.146] [SEVERE ] updating countdown to 26907
[22:36:57.172] [SEVERE ] updating countdown to 26881
[22:36:57.198] [SEVERE ] updating countdown to 26855
[22:36:57.224] [SEVERE ] updating countdown to 26829
[22:36:57.250] [SEVERE ] updating countdown to 26803
[22:36:57.277] [SEVERE ] updating countdown to 26776
[22:36:57.303] [SEVERE ] updating countdown to 26750
[22:36:57.330] [SEVERE ] updating countdown to 26723
[22:36:57.356] [SEVERE ] updating countdown to 26697
[22:36:57.383] [SEVERE ] updating countdown to 26670
[22:36:57.410] [SEVERE ] updating countdown to 26644
[22:36:57.436] [SEVERE ] updating countdown to 26617
[22:36:57.462] [SEVERE ] updating countdown to 26591
[22:36:57.489] [SEVERE ] updating countdown to 26564
[22:36:57.515] [SEVERE ] updating countdown to 26538
[22:36:57.541] [SEVERE ] updating countdown to 26512
[22:36:57.567] [SEVERE ] updating countdown to 26486
[22:36:57.592] [SEVERE ] updating countdown to 26461
[22:36:57.618] [SEVERE ] updating countdown to 26435
[22:36:57.644] [SEVERE ] updating countdown to 26409
[22:36:57.670] [SEVERE ] updating countdown to 26383
[22:36:57.696] [SEVERE ] updating countdown to 26357
[22:36:57.722] [SEVERE ] updating countdown to 26331
[22:36:57.748] [SEVERE ] updating countdown to 26305
[22:36:57.773] [SEVERE ] updating countdown to 26280
[22:36:57.800] [SEVERE ] updating countdown to 26253
[22:36:57.826] [SEVERE ] updating countdown to 26227
[22:36:57.852] [SEVERE ] updating countdown to 26201
[22:36:57.878] [SEVERE ] updating countdown to 26175
[22:36:57.904] [SEVERE ] updating countdown to 26149
[22:36:57.931] [SEVERE ] updating countdown to 26122
[22:36:57.956] [SEVERE ] updating countdown to 26097
[22:36:57.983] [SEVERE ] updating countdown to 26070
[22:36:58.009] [SEVERE ] updating countdown to 26044
[22:36:58.035] [SEVERE ] updating countdown to 26018
[22:36:58.062] [SEVERE ] updating countdown to 25991
[22:36:58.088] [SEVERE ] updating countdown to 25965
[22:36:58.114] [SEVERE ] updating countdown to 25939
[22:36:58.141] [SEVERE ] updating countdown to 25912
[22:36:58.166] [SEVERE ] updating countdown to 25887
[22:36:58.194] [SEVERE ] updating countdown to 25859
[22:36:58.220] [SEVERE ] updating countdown to 25833
[22:36:58.247] [SEVERE ] updating countdown to 25806
[22:36:58.273] [SEVERE ] updating countdown to 25780
[22:36:58.299] [SEVERE ] updating countdown to 25754
[22:36:58.325] [SEVERE ] updating countdown to 25728
[22:36:58.352] [SEVERE ] updating countdown to 25701
[22:36:58.378] [SEVERE ] updating countdown to 25675
[22:36:58.405] [SEVERE ] updating countdown to 25648
[22:36:58.430] [SEVERE ] updating countdown to 25623
[22:36:58.456] [SEVERE ] updating countdown to 25597
[22:36:58.482] [SEVERE ] updating countdown to 25571
[22:36:58.509] [SEVERE ] updating countdown to 25544
[22:36:58.535] [SEVERE ] updating countdown to 25518
[22:36:58.563] [SEVERE ] updating countdown to 25490
[22:36:58.590] [SEVERE ] updating countdown to 25463
[22:36:58.616] [SEVERE ] updating countdown to 25437
[22:36:58.642] [SEVERE ] updating countdown to 25411
[22:36:58.667] [SEVERE ] updating countdown to 25386
[22:36:58.694] [SEVERE ] updating countdown to 25359
[22:36:58.720] [SEVERE ] updating countdown to 25333
[22:36:58.746] [SEVERE ] updating countdown to 25307
[22:36:58.772] [SEVERE ] updating countdown to 25281
[22:36:58.799] [SEVERE ] updating countdown to 25254
[22:36:58.825] [SEVERE ] updating countdown to 25228
[22:36:58.851] [SEVERE ] updating countdown to 25202
[22:36:58.878] [SEVERE ] updating countdown to 25175
[22:36:58.903] [SEVERE ] updating countdown to 25150
[22:36:58.930] [SEVERE ] updating countdown to 25123
[22:36:58.956] [SEVERE ] updating countdown to 25097
[22:36:58.982] [SEVERE ] updating countdown to 25071
[22:36:59.009] [SEVERE ] updating countdown to 25044
[22:36:59.036] [SEVERE ] updating countdown to 25017
[22:36:59.062] [SEVERE ] updating countdown to 24991
[22:36:59.089] [SEVERE ] updating countdown to 24964
[22:36:59.116] [SEVERE ] updating countdown to 24937
[22:36:59.143] [SEVERE ] updating countdown to 24910
[22:36:59.169] [SEVERE ] updating countdown to 24884
[22:36:59.195] [SEVERE ] updating countdown to 24858
[22:36:59.222] [SEVERE ] updating countdown to 24831
[22:36:59.249] [SEVERE ] updating countdown to 24804
[22:36:59.276] [SEVERE ] updating countdown to 24777
[22:36:59.302] [SEVERE ] updating countdown to 24751
[22:36:59.328] [SEVERE ] updating countdown to 24725
[22:36:59.354] [SEVERE ] updating countdown to 24699
[22:36:59.381] [SEVERE ] updating countdown to 24672
[22:36:59.410] [SEVERE ] updating countdown to 24643
[22:36:59.436] [SEVERE ] updating countdown to 24617
[22:36:59.463] [SEVERE ] updating countdown to 24590
[22:36:59.490] [SEVERE ] updating countdown to 24563
[22:36:59.517] [SEVERE ] updating countdown to 24536
[22:36:59.542] [SEVERE ] updating countdown to 24511
[22:36:59.569] [SEVERE ] updating countdown to 24484
[22:36:59.597] [SEVERE ] updating countdown to 24456
[22:36:59.623] [SEVERE ] updating countdown to 24430
[22:36:59.631] [SEVERE ] key 90 was pressed by player 1
[22:36:59.632] [SEVERE ] player 1 placing token on slot 8
[22:36:59.649] [SEVERE ] updating countdown to 24404
[22:36:59.675] [SEVERE ] updating countdown to 24378
[22:36:59.701] [SEVERE ] updating countdown to 24352
[22:36:59.726] [SEVERE ] updating countdown to 24327
[22:36:59.752] [SEVERE ] updating countdown to 24301
[22:36:59.778] [SEVERE ] updating countdown to 24275
[22:36:59.804] [SEVERE ] updating countdown to 24249
[22:36:59.810] [SEVERE ] key 88 was pressed by player 1
[22:36:59.811] [SEVERE ] player 1 placing token on slot 9
[22:36:59.830] [SEVERE ] updating countdown to 24223
[22:36:59.856] [SEVERE ] updating countdown to 24197
[22:36:59.882] [SEVERE ] updating countdown to 24171
[22:36:59.908] [SEVERE ] updating countdown to 24145
[22:36:59.934] [SEVERE ] updating countdown to 24119
[22:36:59.961] [SEVERE ] updating countdown to 24092
[22:36:59.987] [SEVERE ] key 67 was pressed by player 1
[22:36:59.988] [SEVERE ] player 1 placing token on slot 10
[22:36:59.988] [SEVERE ] updating countdown to 24065
[22:36:59.989] [SEVERE ] removing player 1 token from slot 8
[22:36:59.989] [SEVERE ] removing player 1 token from slot 9
[22:36:59.990] [SEVERE ] removing player 1 token from slot 10
[22:37:00.015] [SEVERE ] updating countdown to 24038
[22:37:00.017] [SEVERE ] setting player 1 freeze to 4974
[22:37:00.043] [SEVERE ] updating countdown to 24010
[22:37:00.044] [SEVERE ] setting player 1 freeze to 4946
[22:37:00.070] [SEVERE ] updating countdown to 23983
[22:37:00.071] [SEVERE ] setting player 1 freeze to 4919
[22:37:00.097] [SEVERE ] updating countdown to 23956
[22:37:00.098] [SEVERE ] setting player 1 freeze to 4892
[22:37:00.123] [SEVERE ] updating countdown to 23930
[22:37:00.124] [SEVERE ] setting player 1 freeze to 4866
[22:37:00.150] [SEVERE ] updating countdown to 23903
[22:37:00.151] [SEVERE ] setting player 1 freeze to 4839
[22:37:00.176] [SEVERE ] updating countdown to 23877
[22:37:00.177] [SEVERE ] setting player 1 freeze to 4813
[22:37:00.202] [SEVERE ] updating countdown to 23851
[22:37:00.204] [SEVERE ] setting player 1 freeze to 4786
[22:37:00.231] [SEVERE ] updating countdown to 23822
[22:37:00.231] [SEVERE ] setting player 1 freeze to 4759
[22:37:00.257] [SEVERE ] updating countdown to 23796
[22:37:00.258] [SEVERE ] setting player 1 freeze to 4732
[22:37:00.283] [SEVERE ] updating countdown to 23770
[22:37:00.284] [SEVERE ] setting player 1 freeze to 4706
[22:37:00.312] [SEVERE ] updating countdown to 23741
[22:37:00.313] [SEVERE ] setting player 1 freeze to 4677
[22:37:00.339] [SEVERE ] updating countdown to 23714
[22:37:00.340] [SEVERE ] setting player 1 freeze to 4650
[22:37:00.366] [SEVERE ] updating countdown to 23687
[22:37:00.366] [SEVERE ] setting player 1 freeze to 4624
[22:37:00.392] [SEVERE ] updating countdown to 23661
[22:37:00.393] [SEVERE ] setting player 1 freeze to 4597
[22:37:00.418] [SEVERE ] updating countdown to 23635
[22:37:00.420] [SEVERE ] setting player 1 freeze to 4570
[22:37:00.446] [SEVERE ] updating countdown to 23607
[22:37:00.447] [SEVERE ] setting player 1 freeze to 4543
[22:37:00.473] [SEVERE ] updating countdown to 23580
[22:37:00.474] [SEVERE ] setting player 1 freeze to 4516
[22:37:00.500] [SEVERE ] updating countdown to 23553
[22:37:00.501] [SEVERE ] setting player 1 freeze to 4489
[22:37:00.527] [SEVERE ] updating countdown to 23526
[22:37:00.529] [SEVERE ] setting player 1 freeze to 4461
[22:37:00.555] [SEVERE ] updating countdown to 23498
[22:37:00.556] [SEVERE ] setting player 1 freeze to 4434
[22:37:00.582] [SEVERE ] updating countdown to 23471
[22:37:00.585] [SEVERE ] setting player 1 freeze to 4405
[22:37:00.612] [SEVERE ] updating countdown to 23441
[22:37:00.613] [SEVERE ] setting player 1 freeze to 4377
[22:37:00.639] [SEVERE ] updating countdown to 23414
[22:37:00.639] [SEVERE ] setting player 1 freeze to 4351
[22:37:00.665] [SEVERE ] updating countdown to 23388
[22:37:00.666] [SEVERE ] setting player 1 freeze to 4324
[22:37:00.691] [SEVERE ] updating countdown to 23362
[22:37:00.692] [SEVERE ] setting player 1 freeze to 4298
[22:37:00.717] [SEVERE ] updating countdown to 23336
[22:37:00.718] [SEVERE ] setting player 1 freeze to 4272
[22:37:00.743] [SEVERE ] updating countdown to 23310
[22:37:00.744] [SEVERE ] setting player 1 freeze to 4246
[22:37:00.769] [SEVERE ] updating countdown to 23284
[22:37:00.770] [SEVERE ] setting player 1 freeze to 4220
[22:37:00.796] [SEVERE ] updating countdown to 23257
[22:37:00.796] [SEVERE ] setting player 1 freeze to 4194
[22:37:00.821] [SEVERE ] updating countdown to 23232
[22:37:00.823] [SEVERE ] setting player 1 freeze to 4167
[22:37:00.849] [SEVERE ] updating countdown to 23204
[22:37:00.850] [SEVERE ] setting player 1 freeze to 4140
[22:37:00.876] [SEVERE ] updating countdown to 23177
[22:37:00.877] [SEVERE ] setting player 1 freeze to 4113
[22:37:00.903] [SEVERE ] updating countdown to 23150
[22:37:00.903] [SEVERE ] setting player 1 freeze to 4087
[22:37:00.929] [SEVERE ] updating countdown to 23124
[22:37:00.930] [SEVERE ] setting player 1 freeze to 4060
[22:37:00.956] [SEVERE ] updating countdown to 23097
[22:37:00.956] [SEVERE ] setting player 1 freeze to 4034
[22:37:00.982] [SEVERE ] updating countdown to 23071
[22:37:00.983] [SEVERE ] setting player 1 freeze to 4007
[22:37:01.008] [SEVERE ] updating countdown to 23045
[22:37:01.009] [SEVERE ] setting player 1 freeze to 3981
[22:37:01.035] [SEVERE ] updating countdown to 23018
[22:37:01.035] [SEVERE ] setting player 1 freeze to 3955
[22:37:01.061] [SEVERE ] updating countdown to 22992
[22:37:01.063] [SEVERE ] setting player 1 freeze to 3927
[22:37:01.089] [SEVERE ] updating countdown to 22964
[22:37:01.090] [SEVERE ] setting player 1 freeze to 3900
[22:37:01.116] [SEVERE ] updating countdown to 22937
[22:37:01.118] [SEVERE ] setting player 1 freeze to 3872
[22:37:01.144] [SEVERE ] updating countdown to 22909
[22:37:01.145] [SEVERE ] setting player 1 freeze to 3845
[22:37:01.171] [SEVERE ] updating countdown to 22882
[22:37:01.173] [SEVERE ] setting player 1 freeze to 3817
[22:37:01.199] [SEVERE ] updating countdown to 22854
[22:37:01.200] [SEVERE ] setting player 1 freeze to 3790
[22:37:01.225] [SEVERE ] updating countdown to 22828
[22:37:01.227] [SEVERE ] setting player 1 freeze to 3763
[22:37:01.253] [SEVERE ] updating countdown to 22800
[22:37:01.254] [SEVERE ] setting player 1 freeze to 3736
[22:37:01.280] [SEVERE ] updating countdown to 22773
[22:37:01.281] [SEVERE ] setting player 1 freeze to 3709
[22:37:01.308] [SEVERE ] updating countdown to 22745
[22:37:01.309] [SEVERE ] setting player 1 freeze to 3681
[22:37:01.335] [SEVERE ] updating countdown to 22718
[22:37:01.335] [SEVERE ] setting player 1 freeze to 3655
[22:37:01.361] [SEVERE ] updating countdown to 22692
[22:37:01.362] [SEVERE ] setting player 1 freeze to 3628
[22:37:01.389] [SEVERE ] updating countdown to 22664
[22:37:01.390] [SEVERE ] setting player 1 freeze to 3600
[22:37:01.416] [SEVERE ] updating countdown to 22637
[22:37:01.418] [SEVERE ] setting player 1 freeze to 3572
[22:37:01.444] [SEVERE ] updating countdown to 22609
[22:37:01.445] [SEVERE ] setting player 1 freeze to 3545
[22:37:01.471] [SEVERE ] updating countdown to 22582
[22:37:01.471] [SEVERE ] setting player 1 freeze to 3519
[22:37:01.497] [SEVERE ] updating countdown to 22556
[22:37:01.498] [SEVERE ] setting player 1 freeze to 3492
[22:37:01.524] [SEVERE ] updating countdown to 22529
[22:37:01.525] [SEVERE ] setting player 1 freeze to 3465
[22:37:01.552] [SEVERE ] updating countdown to 22501
[22:37:01.553] [SEVERE ] setting player 1 freeze to 3437
[22:37:01.579] [SEVERE ] updating countdown to 22474
[22:37:01.580] [SEVERE ] setting player 1 freeze to 3410
[22:37:01.606] [SEVERE ] updating countdown to 22447
[22:37:01.607] [SEVERE ] setting player 1 freeze to 3383
[22:37:01.633] [SEVERE ] updating countdown to 22420
[22:37:01.635] [SEVERE ] setting player 1 freeze to 3355
[22:37:01.661] [SEVERE ] updating countdown to 22392
[22:37:01.662] [SEVERE ] setting player 1 freeze to 3328
[22:37:01.688] [SEVERE ] updating countdown to 22365
[22:37:01.689] [SEVERE ] setting player 1 freeze to 3301
[22:37:01.714] [SEVERE ] updating countdown to 22339
[22:37:01.715] [SEVERE ] setting player 1 freeze to 3275
[22:37:01.740] [SEVERE ] updating countdown to 22313
[22:37:01.741] [SEVERE ] setting player 1 freeze to 3249
[22:37:01.767] [SEVERE ] updating countdown to 22286
[22:37:01.768] [SEVERE ] setting player 1 freeze to 3222
[22:37:01.795] [SEVERE ] updating countdown to 22258
[22:37:01.796] [SEVERE ] setting player 1 freeze to 3195
[22:37:01.821] [SEVERE ] updating countdown to 22232
[22:37:01.822] [SEVERE ] setting player 1 freeze to 3168
[22:37:01.848] [SEVERE ] updating countdown to 22205
[22:37:01.849] [SEVERE ] setting player 1 freeze to 3141
[22:37:01.876] [SEVERE ] updating countdown to 22178
[22:37:01.877] [SEVERE ] setting player 1 freeze to 3113
[22:37:01.904] [SEVERE ] updating countdown to 22149
[22:37:01.906] [SEVERE ] setting player 1 freeze to 3084
[22:37:01.932] [SEVERE ] updating countdown to 22121
[22:37:01.933] [SEVERE ] setting player 1 freeze to 3057
[22:37:01.959] [SEVERE ] updating countdown to 22094
[22:37:01.960] [SEVERE ] setting player 1 freeze to 3030
[22:37:01.986] [SEVERE ] updating countdown to 22067
[22:37:01.987] [SEVERE ] setting player 1 freeze to 3003
[22:37:02.013] [SEVERE ] updating countdown to 22040
[22:37:02.014] [SEVERE ] setting player 1 freeze to 2976
[22:37:02.041] [SEVERE ] updating countdown to 22012
[22:37:02.042] [SEVERE ] setting player 1 freeze to 2948
[22:37:02.067] [SEVERE ] updating countdown to 21986
[22:37:02.069] [SEVERE ] setting player 1 freeze to 2921
[22:37:02.096] [SEVERE ] updating countdown to 21957
[22:37:02.097] [SEVERE ] setting player 1 freeze to 2893
[22:37:02.122] [SEVERE ] updating countdown to 21931
[22:37:02.123] [SEVERE ] setting player 1 freeze to 2867
[22:37:02.149] [SEVERE ] updating countdown to 21904
[22:37:02.150] [SEVERE ] setting player 1 freeze to 2840
[22:37:02.176] [SEVERE ] updating countdown to 21877
[22:37:02.177] [SEVERE ] setting player 1 freeze to 2813
[22:37:02.203] [SEVERE ] updating countdown to 21850
[22:37:02.206] [SEVERE ] setting player 1 freeze to 2784
[22:37:02.232] [SEVERE ] updating countdown to 21821
[22:37:02.233] [SEVERE ] setting player 1 freeze to 2757
[22:37:02.259] [SEVERE ] updating countdown to 21794
[22:37:02.260] [SEVERE ] setting player 1 freeze to 2730
[22:37:02.287] [SEVERE ] updating countdown to 21766
[22:37:02.287] [SEVERE ] setting player 1 freeze to 2703
[22:37:02.313] [SEVERE ] updating countdown to 21740
[22:37:02.314] [SEVERE ] setting player 1 freeze to 2676
[22:37:02.340] [SEVERE ] updating countdown to 21713
[22:37:02.341] [SEVERE ] setting player 1 freeze to 2649
[22:37:02.368] [SEVERE ] updating countdown to 21685
[22:37:02.370] [SEVERE ] setting player 1 freeze to 2620
[22:37:02.396] [SEVERE ] updating countdown to 21657
[22:37:02.398] [SEVERE ] setting player 1 freeze to 2592
[22:37:02.426] [SEVERE ] updating countdown to 21627
[22:37:02.428] [SEVERE ] setting player 1 freeze to 2562
[22:37:02.454] [SEVERE ] updating countdown to 21599
[22:37:02.457] [SEVERE ] setting player 1 freeze to 2533
[22:37:02.482] [SEVERE ] updating countdown to 21571
[22:37:02.484] [SEVERE ] setting player 1 freeze to 2506
[22:37:02.510] [SEVERE ] updating countdown to 21543
[22:37:02.511] [SEVERE ] setting player 1 freeze to 2479
[22:37:02.531] [SEVERE ] key 68 was pressed by player 1
[22:37:02.537] [SEVERE ] updating countdown to 21516
[22:37:02.537] [SEVERE ] setting player 1 freeze to 2453
[22:37:02.562] [SEVERE ] updating countdown to 21491
[22:37:02.563] [SEVERE ] setting player 1 freeze to 2427
[22:37:02.588] [SEVERE ] updating countdown to 21465
[22:37:02.590] [SEVERE ] setting player 1 freeze to 2400
[22:37:02.616] [SEVERE ] updating countdown to 21437
[22:37:02.617] [SEVERE ] setting player 1 freeze to 2373
[22:37:02.642] [SEVERE ] updating countdown to 21411
[22:37:02.644] [SEVERE ] setting player 1 freeze to 2346
[22:37:02.671] [SEVERE ] updating countdown to 21382
[22:37:02.672] [SEVERE ] setting player 1 freeze to 2318
[22:37:02.698] [SEVERE ] updating countdown to 21355
[22:37:02.699] [SEVERE ] setting player 1 freeze to 2291
[22:37:02.725] [SEVERE ] updating countdown to 21328
[22:37:02.726] [SEVERE ] setting player 1 freeze to 2264
[22:37:02.752] [SEVERE ] updating countdown to 21301
[22:37:02.753] [SEVERE ] setting player 1 freeze to 2237
[22:37:02.779] [SEVERE ] updating countdown to 21274
[22:37:02.780] [SEVERE ] setting player 1 freeze to 2210
[22:37:02.806] [SEVERE ] updating countdown to 21247
[22:37:02.807] [SEVERE ] setting player 1 freeze to 2183
[22:37:02.834] [SEVERE ] updating countdown to 21219
[22:37:02.834] [SEVERE ] setting player 1 freeze to 2156
[22:37:02.860] [SEVERE ] updating countdown to 21193
[22:37:02.861] [SEVERE ] setting player 1 freeze to 2129
[22:37:02.886] [SEVERE ] updating countdown to 21167
[22:37:02.886] [SEVERE ] setting player 1 freeze to 2104
[22:37:02.912] [SEVERE ] updating countdown to 21141
[22:37:02.912] [SEVERE ] setting player 1 freeze to 2078
[22:37:02.938] [SEVERE ] updating countdown to 21115
[22:37:02.938] [SEVERE ] setting player 1 freeze to 2052
[22:37:02.963] [SEVERE ] updating countdown to 21090
[22:37:02.964] [SEVERE ] setting player 1 freeze to 2026
[22:37:02.990] [SEVERE ] updating countdown to 21063
[22:37:02.992] [SEVERE ] setting player 1 freeze to 1998
[22:37:03.018] [SEVERE ] updating countdown to 21035
[22:37:03.019] [SEVERE ] setting player 1 freeze to 1971
[22:37:03.044] [SEVERE ] updating countdown to 21009
[22:37:03.045] [SEVERE ] setting player 1 freeze to 1945
[22:37:03.072] [SEVERE ] updating countdown to 20981
[22:37:03.073] [SEVERE ] setting player 1 freeze to 1917
[22:37:03.099] [SEVERE ] updating countdown to 20954
[22:37:03.100] [SEVERE ] setting player 1 freeze to 1890
[22:37:03.127] [SEVERE ] updating countdown to 20926
[22:37:03.128] [SEVERE ] setting player 1 freeze to 1862
[22:37:03.154] [SEVERE ] updating countdown to 20899
[22:37:03.154] [SEVERE ] setting player 1 freeze to 1836
[22:37:03.181] [SEVERE ] updating countdown to 20872
[22:37:03.182] [SEVERE ] setting player 1 freeze to 1808
[22:37:03.207] [SEVERE ] updating countdown to 20846
[22:37:03.209] [SEVERE ] setting player 1 freeze to 1781
[22:37:03.235] [SEVERE ] updating countdown to 20818
[22:37:03.236] [SEVERE ] setting player 1 freeze to 1754
[22:37:03.263] [SEVERE ] updating countdown to 20790
[22:37:03.263] [SEVERE ] setting player 1 freeze to 1727
[22:37:03.290] [SEVERE ] updating countdown to 20763
[22:37:03.291] [SEVERE ] setting player 1 freeze to 1699
[22:37:03.317] [SEVERE ] updating countdown to 20736
[22:37:03.318] [SEVERE ] setting player 1 freeze to 1672
[22:37:03.344] [SEVERE ] updating countdown to 20709
[22:37:03.345] [SEVERE ] setting player 1 freeze to 1645
[22:37:03.371] [SEVERE ] updating countdown to 20682
[22:37:03.372] [SEVERE ] setting player 1 freeze to 1618
[22:37:03.399] [SEVERE ] updating countdown to 20655
[22:37:03.400] [SEVERE ] setting player 1 freeze to 1590
[22:37:03.426] [SEVERE ] updating countdown to 20627
[22:37:03.427] [SEVERE ] setting player 1 freeze to 1563
[22:37:03.453] [SEVERE ] updating countdown to 20600
[22:37:03.454] [SEVERE ] setting player 1 freeze to 1536
[22:37:03.480] [SEVERE ] updating countdown to 20573
[22:37:03.481] [SEVERE ] setting player 1 freeze to 1509
[22:37:03.507] [SEVERE ] updating countdown to 20546
[22:37:03.508] [SEVERE ] setting player 1 freeze to 1482
[22:37:03.534] [SEVERE ] updating countdown to 20519
[22:37:03.535] [SEVERE ] setting player 1 freeze to 1455
[22:37:03.561] [SEVERE ] updating countdown to 20492
[22:37:03.561] [SEVERE ] setting player 1 freeze to 1429
[22:37:03.587] [SEVERE ] updating countdown to 20466
[22:37:03.587] [SEVERE ] setting player 1 freeze to 1403
[22:37:03.613] [SEVERE ] updating countdown to 20440
[22:37:03.613] [SEVERE ] setting player 1 freeze to 1377
[22:37:03.639] [SEVERE ] updating countdown to 20414
[22:37:03.640] [SEVERE ] setting player 1 freeze to 1350
[22:37:03.666] [SEVERE ] updating countdown to 20387
[22:37:03.668] [SEVERE ] setting player 1 freeze to 1322
[22:37:03.694] [SEVERE ] updating countdown to 20359
[22:37:03.695] [SEVERE ] setting player 1 freeze to 1295
[22:37:03.721] [SEVERE ] updating countdown to 20332
[22:37:03.724] [SEVERE ] setting player 1 freeze to 1266
[22:37:03.749] [SEVERE ] updating countdown to 20304
[22:37:03.750] [SEVERE ] setting player 1 freeze to 1240
[22:37:03.776] [SEVERE ] updating countdown to 20277
[22:37:03.777] [SEVERE ] setting player 1 freeze to 1213
[22:37:03.803] [SEVERE ] updating countdown to 20250
[22:37:03.804] [SEVERE ] setting player 1 freeze to 1186
[22:37:03.831] [SEVERE ] updating countdown to 20222
[22:37:03.831] [SEVERE ] setting player 1 freeze to 1159
[22:37:03.857] [SEVERE ] updating countdown to 20196
[22:37:03.858] [SEVERE ] setting player 1 freeze to 1132
[22:37:03.883] [SEVERE ] updating countdown to 20170
[22:37:03.884] [SEVERE ] setting player 1 freeze to 1106
[22:37:03.909] [SEVERE ] updating countdown to 20144
[22:37:03.910] [SEVERE ] setting player 1 freeze to 1080
[22:37:03.935] [SEVERE ] updating countdown to 20118
[22:37:03.936] [SEVERE ] setting player 1 freeze to 1054
[22:37:03.961] [SEVERE ] updating countdown to 20092
[22:37:03.963] [SEVERE ] setting player 1 freeze to 1027
[22:37:03.989] [SEVERE ] updating countdown to 20064
[22:37:03.989] [SEVERE ] setting player 1 freeze to 1001
[22:37:04.015] [SEVERE ] updating countdown to 20038
[22:37:04.016] [SEVERE ] setting player 1 freeze to 974
[22:37:04.043] [SEVERE ] updating countdown to 20010
[22:37:04.043] [SEVERE ] setting player 1 freeze to 947
[22:37:04.069] [SEVERE ] updating countdown to 19984
[22:37:04.070] [SEVERE ] setting player 1 freeze to 920
[22:37:04.095] [SEVERE ] updating countdown to 19958
[22:37:04.096] [SEVERE ] setting player 1 freeze to 894
[22:37:04.121] [SEVERE ] updating countdown to 19932
[22:37:04.123] [SEVERE ] setting player 1 freeze to 867
[22:37:04.149] [SEVERE ] updating countdown to 19904
[22:37:04.150] [SEVERE ] setting player 1 freeze to 840
[22:37:04.176] [SEVERE ] updating countdown to 19877
[22:37:04.178] [SEVERE ] setting player 1 freeze to 812
[22:37:04.206] [SEVERE ] updating countdown to 19847
[22:37:04.207] [SEVERE ] setting player 1 freeze to 783
[22:37:04.234] [SEVERE ] updating countdown to 19819
[22:37:04.235] [SEVERE ] setting player 1 freeze to 755
[22:37:04.261] [SEVERE ] updating countdown to 19792
[22:37:04.262] [SEVERE ] setting player 1 freeze to 728
[22:37:04.288] [SEVERE ] updating countdown to 19765
[22:37:04.289] [SEVERE ] setting player 1 freeze to 701
[22:37:04.315] [SEVERE ] updating countdown to 19738
[22:37:04.316] [SEVERE ] setting player 1 freeze to 674
[22:37:04.342] [SEVERE ] updating countdown to 19711
[22:37:04.343] [SEVERE ] setting player 1 freeze to 647
[22:37:04.368] [SEVERE ] updating countdown to 19685
[22:37:04.370] [SEVERE ] setting player 1 freeze to 620
[22:37:04.396] [SEVERE ] updating countdown to 19657
[22:37:04.396] [SEVERE ] setting player 1 freeze to 594
[22:37:04.422] [SEVERE ] updating countdown to 19631
[22:37:04.423] [SEVERE ] setting player 1 freeze to 567
[22:37:04.449] [SEVERE ] updating countdown to 19604
[22:37:04.450] [SEVERE ] setting player 1 freeze to 540
[22:37:04.476] [SEVERE ] updating countdown to 19577
[22:37:04.479] [SEVERE ] setting player 1 freeze to 511
[22:37:04.506] [SEVERE ] updating countdown to 19547
[22:37:04.507] [SEVERE ] setting player 1 freeze to 483
[22:37:04.533] [SEVERE ] updating countdown to 19520
[22:37:04.534] [SEVERE ] setting player 1 freeze to 456
[22:37:04.560] [SEVERE ] updating countdown to 19493
[22:37:04.561] [SEVERE ] setting player 1 freeze to 429
[22:37:04.587] [SEVERE ] updating countdown to 19466
[22:37:04.589] [SEVERE ] setting player 1 freeze to 401
[22:37:04.615] [SEVERE ] updating countdown to 19438
[22:37:04.618] [SEVERE ] setting player 1 freeze to 372
[22:37:04.643] [SEVERE ] updating countdown to 19410
[22:37:04.644] [SEVERE ] setting player 1 freeze to 346
[22:37:04.670] [SEVERE ] updating countdown to 19383
[22:37:04.671] [SEVERE ] setting player 1 freeze to 319
[22:37:04.697] [SEVERE ] updating countdown to 19356
[22:37:04.698] [SEVERE ] setting player 1 freeze to 292
[22:37:04.724] [SEVERE ] updating countdown to 19329
[22:37:04.726] [SEVERE ] setting player 1 freeze to 264
[22:37:04.746] [SEVERE ] key 83 was pressed by player 1
[22:37:04.752] [SEVERE ] updating countdown to 19301
[22:37:04.753] [SEVERE ] setting player 1 freeze to 237
[22:37:04.779] [SEVERE ] updating countdown to 19274
[22:37:04.779] [SEVERE ] setting player 1 freeze to 211
[22:37:04.805] [SEVERE ] updating countdown to 19248
[22:37:04.806] [SEVERE ] setting player 1 freeze to 184
[22:37:04.831] [SEVERE ] updating countdown to 19222
[22:37:04.832] [SEVERE ] setting player 1 freeze to 158
[22:37:04.858] [SEVERE ] updating countdown to 19195
[22:37:04.858] [SEVERE ] setting player 1 freeze to 132
[22:37:04.884] [SEVERE ] updating countdown to 19169
[22:37:04.886] [SEVERE ] setting player 1 freeze to 104
[22:37:04.912] [SEVERE ] updating countdown to 19141
[22:37:04.913] [SEVERE ] setting player 1 freeze to 77
[22:37:04.938] [SEVERE ] updating countdown to 19115
[22:37:04.940] [SEVERE ] setting player 1 freeze to 50
[22:37:04.966] [SEVERE ] updating countdown to 19087
[22:37:04.966] [SEVERE ] setting player 1 freeze to 24
[22:37:04.992] [SEVERE ] updating countdown to 19061
[22:37:04.992] [SEVERE ] setting player 1 freeze to -2
[22:37:05.018] [SEVERE ] updating countdown to 19035
[22:37:05.044] [SEVERE ] updating countdown to 19009
[22:37:05.070] [SEVERE ] updating countdown to 18983
[22:37:05.096] [SEVERE ] updating countdown to 18957
[22:37:05.122] [SEVERE ] updating countdown to 18931
[22:37:05.149] [SEVERE ] updating countdown to 18904
[22:37:05.175] [SEVERE ] updating countdown to 18878
[22:37:05.201] [SEVERE ] updating countdown to 18852
[22:37:05.227] [SEVERE ] updating countdown to 18826
[22:37:05.253] [SEVERE ] updating countdown to 18800
[22:37:05.279] [SEVERE ] updating countdown to 18774
[22:37:05.305] [SEVERE ] updating countdown to 18748
[22:37:05.331] [SEVERE ] updating countdown to 18722
[22:37:05.358] [SEVERE ] updating countdown to 18695
[22:37:05.384] [SEVERE ] updating countdown to 18669
[22:37:05.411] [SEVERE ] updating countdown to 18642
[22:37:05.437] [SEVERE ] updating countdown to 18616
[22:37:05.463] [SEVERE ] updating countdown to 18590
[22:37:05.490] [SEVERE ] updating countdown to 18563
[22:37:05.516] [SEVERE ] updating countdown to 18537
[22:37:05.542] [SEVERE ] updating countdown to 18511
[22:37:05.568] [SEVERE ] updating countdown to 18485
[22:37:05.595] [SEVERE ] updating countdown to 18458
[22:37:05.621] [SEVERE ] updating countdown to 18432
[22:37:05.649] [SEVERE ] updating countdown to 18404
[22:37:05.674] [SEVERE ] updating countdown to 18379
[22:37:05.700] [SEVERE ] updating countdown to 18353
[22:37:05.726] [SEVERE ] updating countdown to 18327
[22:37:05.752] [SEVERE ] updating countdown to 18301
[22:37:05.778] [SEVERE ] updating countdown to 18275
[22:37:05.803] [SEVERE ] updating countdown to 18250
[22:37:05.829] [SEVERE ] updating countdown to 18224
[22:37:05.855] [SEVERE ] updating countdown to 18198
[22:37:05.880] [SEVERE ] updating countdown to 18173
[22:37:05.906] [SEVERE ] updating countdown to 18147
[22:37:05.933] [SEVERE ] updating countdown to 18120
[22:37:05.959] [SEVERE ] updating countdown to 18094
[22:37:05.985] [SEVERE ] updating countdown to 18068
[22:37:06.011] [SEVERE ] updating countdown to 18042
[22:37:06.037] [SEVERE ] updating countdown to 18016
[22:37:06.062] [SEVERE ] updating countdown to 17991
[22:37:06.090] [SEVERE ] updating countdown to 17963
[22:37:06.116] [SEVERE ] updating countdown to 17937
[22:37:06.142] [SEVERE ] updating countdown to 17911
[22:37:06.168] [SEVERE ] updating countdown to 17885
[22:37:06.195] [SEVERE ] updating countdown to 17858
[22:37:06.221] [SEVERE ] updating countdown to 17832
[22:37:06.247] [SEVERE ] updating countdown to 17806
[22:37:06.273] [SEVERE ] updating countdown to 17780
[22:37:06.300] [SEVERE ] updating countdown to 17753
[22:37:06.327] [SEVERE ] updating countdown to 17726
[22:37:06.353] [SEVERE ] updating countdown to 17700
[22:37:06.379] [SEVERE ] updating countdown to 17674
[22:37:06.405] [SEVERE ] updating countdown to 17648
[22:37:06.431] [SEVERE ] updating countdown to 17622
[22:37:06.459] [SEVERE ] updating countdown to 17594
[22:37:06.486] [SEVERE ] updating countdown to 17567
[22:37:06.512] [SEVERE ] updating countdown to 17541
[22:37:06.538] [SEVERE ] updating countdown to 17515
[22:37:06.564] [SEVERE ] updating countdown to 17489
[22:37:06.590] [SEVERE ] updating countdown to 17463
[22:37:06.617] [SEVERE ] updating countdown to 17436
[22:37:06.642] [SEVERE ] updating countdown to 17411
[22:37:06.669] [SEVERE ] updating countdown to 17384
[22:37:06.695] [SEVERE ] updating countdown to 17358
[22:37:06.722] [SEVERE ] updating countdown to 17331
[22:37:06.748] [SEVERE ] updating countdown to 17305
[22:37:06.774] [SEVERE ] updating countdown to 17279
[22:37:06.801] [SEVERE ] updating countdown to 17252
[22:37:06.827] [SEVERE ] updating countdown to 17226
[22:37:06.853] [SEVERE ] updating countdown to 17200
[22:37:06.880] [SEVERE ] updating countdown to 17173
[22:37:06.906] [SEVERE ] updating countdown to 17147
[22:37:06.932] [SEVERE ] updating countdown to 17121
[22:37:06.959] [SEVERE ] updating countdown to 17094
[22:37:06.985] [SEVERE ] updating countdown to 17068
[22:37:07.011] [SEVERE ] updating countdown to 17042
[22:37:07.037] [SEVERE ] updating countdown to 17016
[22:37:07.063] [SEVERE ] updating countdown to 16990
[22:37:07.089] [SEVERE ] updating countdown to 16964
[22:37:07.115] [SEVERE ] updating countdown to 16938
[22:37:07.141] [SEVERE ] updating countdown to 16913
[22:37:07.166] [SEVERE ] updating countdown to 16887
[22:37:07.192] [SEVERE ] updating countdown to 16861
[22:37:07.218] [SEVERE ] updating countdown to 16835
[22:37:07.244] [SEVERE ] updating countdown to 16809
[22:37:07.271] [SEVERE ] updating countdown to 16782
[22:37:07.297] [SEVERE ] updating countdown to 16756
[22:37:07.323] [SEVERE ] updating countdown to 16730
[22:37:07.350] [SEVERE ] updating countdown to 16703
[22:37:07.376] [SEVERE ] updating countdown to 16677
[22:37:07.403] [SEVERE ] updating countdown to 16650
[22:37:07.429] [SEVERE ] updating countdown to 16624
[22:37:07.455] [SEVERE ] updating countdown to 16598
[22:37:07.481] [SEVERE ] updating countdown to 16572
[22:37:07.507] [SEVERE ] updating countdown to 16546
[22:37:07.533] [SEVERE ] updating countdown to 16520
[22:37:07.560] [SEVERE ] updating countdown to 16493
[22:37:07.586] [SEVERE ] updating countdown to 16467
[22:37:07.612] [SEVERE ] updating countdown to 16441
[22:37:07.638] [SEVERE ] updating countdown to 16415
[22:37:07.664] [SEVERE ] updating countdown to 16389
[22:37:07.690] [SEVERE ] updating countdown to 16363
[22:37:07.716] [SEVERE ] updating countdown to 16337
[22:37:07.742] [SEVERE ] updating countdown to 16311
[22:37:07.768] [SEVERE ] updating countdown to 16285
[22:37:07.797] [SEVERE ] updating countdown to 16256
[22:37:07.823] [SEVERE ] updating countdown to 16230
[22:37:07.849] [SEVERE ] updating countdown to 16204
[22:37:07.876] [SEVERE ] updating countdown to 16177
[22:37:07.902] [SEVERE ] updating countdown to 16151
[22:37:07.929] [SEVERE ] updating countdown to 16124
[22:37:07.955] [SEVERE ] updating countdown to 16098
[22:37:07.981] [SEVERE ] updating countdown to 16072
[22:37:08.008] [SEVERE ] updating countdown to 16045
[22:37:08.034] [SEVERE ] updating countdown to 16019
[22:37:08.060] [SEVERE ] updating countdown to 15993
[22:37:08.087] [SEVERE ] updating countdown to 15966
[22:37:08.113] [SEVERE ] updating countdown to 15940
[22:37:08.139] [SEVERE ] updating countdown to 15914
[22:37:08.165] [SEVERE ] updating countdown to 15888
[22:37:08.190] [SEVERE ] updating countdown to 15863
[22:37:08.217] [SEVERE ] updating countdown to 15836
[22:37:08.243] [SEVERE ] updating countdown to 15810
[22:37:08.269] [SEVERE ] updating countdown to 15784
[22:37:08.296] [SEVERE ] updating countdown to 15757
[22:37:08.322] [SEVERE ] updating countdown to 15731
[22:37:08.348] [SEVERE ] updating countdown to 15705
[22:37:08.375] [SEVERE ] updating countdown to 15678
[22:37:08.401] [SEVERE ] updating countdown to 15652
[22:37:08.427] [SEVERE ] updating countdown to 15626
[22:37:08.452] [SEVERE ] updating countdown to 15601
[22:37:08.478] [SEVERE ] updating countdown to 15575
[22:37:08.504] [SEVERE ] updating countdown to 15549
[22:37:08.531] [SEVERE ] updating countdown to 15522
[22:37:08.557] [SEVERE ] updating countdown to 15496
[22:37:08.583] [SEVERE ] updating countdown to 15470
[22:37:08.609] [SEVERE ] updating countdown to 15444
[22:37:08.635] [SEVERE ] updating countdown to 15418
[22:37:08.661] [SEVERE ] updating countdown to 15392
[22:37:08.687] [SEVERE ] updating countdown to 15366
[22:37:08.691] [SEVERE ] key 69 was pressed by player 1
[22:37:08.692] [SEVERE ] player 1 placing token on slot 6
[22:37:08.694] [SEVERE ] player 1 placing token on slot 5
[22:37:08.698] [SEVERE ] player 1 placing token on slot 2
[22:37:08.713] [SEVERE ] updating countdown to 15340
[22:37:08.713] [SEVERE ] removing player 1 token from slot 2
[22:37:08.714] [SEVERE ] removing player 1 token from slot 5
[22:37:08.714] [SEVERE ] removing player 1 token from slot 6
[22:37:08.740] [SEVERE ] updating countdown to 15313
[22:37:08.742] [SEVERE ] setting player 1 freeze to 4973
[22:37:08.768] [SEVERE ] updating countdown to 15285
[22:37:08.769] [SEVERE ] setting player 1 freeze to 4946
[22:37:08.795] [SEVERE ] updating countdown to 15258
[22:37:08.795] [SEVERE ] setting player 1 freeze to 4920
[22:37:08.821] [SEVERE ] updating countdown to 15232
[22:37:08.822] [SEVERE ] setting player 1 freeze to 4893
[22:37:08.847] [SEVERE ] updating countdown to 15206
[22:37:08.849] [SEVERE ] setting player 1 freeze to 4866
[22:37:08.875] [SEVERE ] updating countdown to 15178
[22:37:08.877] [SEVERE ] setting player 1 freeze to 4838
[22:37:08.903] [SEVERE ] updating countdown to 15150
[22:37:08.904] [SEVERE ] setting player 1 freeze to 4811
[22:37:08.929] [SEVERE ] updating countdown to 15124
[22:37:08.931] [SEVERE ] setting player 1 freeze to 4784
[22:37:08.957] [SEVERE ] updating countdown to 15096
[22:37:08.959] [SEVERE ] setting player 1 freeze to 4756
[22:37:08.985] [SEVERE ] updating countdown to 15068
[22:37:08.986] [SEVERE ] setting player 1 freeze to 4729
[22:37:09.011] [SEVERE ] updating countdown to 15042
[22:37:09.012] [SEVERE ] setting player 1 freeze to 4703
[22:37:09.037] [SEVERE ] updating countdown to 15016
[22:37:09.038] [SEVERE ] setting player 1 freeze to 4677
[22:37:09.064] [SEVERE ] updating countdown to 14989
[22:37:09.065] [SEVERE ] setting player 1 freeze to 4650
[22:37:09.091] [SEVERE ] updating countdown to 14962
[22:37:09.092] [SEVERE ] setting player 1 freeze to 4623
[22:37:09.121] [SEVERE ] updating countdown to 14932
[22:37:09.122] [SEVERE ] setting player 1 freeze to 4593
[22:37:09.148] [SEVERE ] updating countdown to 14905
[22:37:09.149] [SEVERE ] setting player 1 freeze to 4566
[22:37:09.175] [SEVERE ] updating countdown to 14878
[22:37:09.176] [SEVERE ] setting player 1 freeze to 4539
[22:37:09.203] [SEVERE ] updating countdown to 14850
[22:37:09.203] [SEVERE ] setting player 1 freeze to 4512
[22:37:09.228] [SEVERE ] updating countdown to 14825
[22:37:09.229] [SEVERE ] setting player 1 freeze to 4486
[22:37:09.254] [SEVERE ] updating countdown to 14799
[22:37:09.255] [SEVERE ] setting player 1 freeze to 4460
[22:37:09.280] [SEVERE ] updating countdown to 14773
[22:37:09.281] [SEVERE ] setting player 1 freeze to 4434
[22:37:09.307] [SEVERE ] updating countdown to 14746
[22:37:09.308] [SEVERE ] setting player 1 freeze to 4407
[22:37:09.333] [SEVERE ] updating countdown to 14720
[22:37:09.335] [SEVERE ] setting player 1 freeze to 4380
[22:37:09.361] [SEVERE ] updating countdown to 14692
[22:37:09.361] [SEVERE ] setting player 1 freeze to 4354
[22:37:09.387] [SEVERE ] updating countdown to 14666
[22:37:09.389] [SEVERE ] setting player 1 freeze to 4326
[22:37:09.416] [SEVERE ] updating countdown to 14637
[22:37:09.417] [SEVERE ] setting player 1 freeze to 4298
[22:37:09.443] [SEVERE ] updating countdown to 14610
[22:37:09.444] [SEVERE ] setting player 1 freeze to 4271
[22:37:09.470] [SEVERE ] updating countdown to 14583
[22:37:09.470] [SEVERE ] setting player 1 freeze to 4245
[22:37:09.496] [SEVERE ] updating countdown to 14557
[22:37:09.498] [SEVERE ] setting player 1 freeze to 4217
[22:37:09.525] [SEVERE ] updating countdown to 14528
[22:37:09.526] [SEVERE ] setting player 1 freeze to 4189
[22:37:09.552] [SEVERE ] updating countdown to 14501
[22:37:09.553] [SEVERE ] setting player 1 freeze to 4162
[22:37:09.579] [SEVERE ] updating countdown to 14474
[22:37:09.580] [SEVERE ] setting player 1 freeze to 4135
[22:37:09.606] [SEVERE ] updating countdown to 14447
[22:37:09.607] [SEVERE ] setting player 1 freeze to 4108
[22:37:09.634] [SEVERE ] updating countdown to 14419
[22:37:09.635] [SEVERE ] setting player 1 freeze to 4080
[22:37:09.661] [SEVERE ] updating countdown to 14392
[22:37:09.662] [SEVERE ] setting player 1 freeze to 4053
[22:37:09.688] [SEVERE ] updating countdown to 14365
[22:37:09.690] [SEVERE ] setting player 1 freeze to 4025
[22:37:09.718] [SEVERE ] updating countdown to 14335
[22:37:09.718] [SEVERE ] setting player 1 freeze to 3997
[22:37:09.744] [SEVERE ] updating countdown to 14309
[22:37:09.746] [SEVERE ] setting player 1 freeze to 3969
[22:37:09.773] [SEVERE ] updating countdown to 14280
[22:37:09.774] [SEVERE ] setting player 1 freeze to 3941
[22:37:09.801] [SEVERE ] updating countdown to 14252
[22:37:09.802] [SEVERE ] setting player 1 freeze to 3913
[22:37:09.827] [SEVERE ] updating countdown to 14226
[22:37:09.828] [SEVERE ] setting player 1 freeze to 3887
[22:37:09.853] [SEVERE ] updating countdown to 14200
[22:37:09.854] [SEVERE ] setting player 1 freeze to 3861
[22:37:09.880] [SEVERE ] updating countdown to 14173
[22:37:09.881] [SEVERE ] setting player 1 freeze to 3834
[22:37:09.907] [SEVERE ] updating countdown to 14146
[22:37:09.908] [SEVERE ] setting player 1 freeze to 3807
[22:37:09.935] [SEVERE ] updating countdown to 14119
[22:37:09.936] [SEVERE ] setting player 1 freeze to 3779
[22:37:09.962] [SEVERE ] updating countdown to 14091
[22:37:09.962] [SEVERE ] setting player 1 freeze to 3753
[22:37:09.988] [SEVERE ] updating countdown to 14065
[22:37:09.989] [SEVERE ] setting player 1 freeze to 3726
[22:37:10.015] [SEVERE ] updating countdown to 14038
[22:37:10.018] [SEVERE ] setting player 1 freeze to 3697
[22:37:10.044] [SEVERE ] updating countdown to 14009
[22:37:10.046] [SEVERE ] setting player 1 freeze to 3669
[22:37:10.072] [SEVERE ] updating countdown to 13981
[22:37:10.073] [SEVERE ] setting player 1 freeze to 3642
[22:37:10.099] [SEVERE ] updating countdown to 13954
[22:37:10.100] [SEVERE ] setting player 1 freeze to 3615
[22:37:10.126] [SEVERE ] updating countdown to 13927
[22:37:10.126] [SEVERE ] setting player 1 freeze to 3589
[22:37:10.152] [SEVERE ] updating countdown to 13901
[22:37:10.152] [SEVERE ] setting player 1 freeze to 3563
[22:37:10.178] [SEVERE ] updating countdown to 13875
[22:37:10.180] [SEVERE ] setting player 1 freeze to 3535
[22:37:10.208] [SEVERE ] updating countdown to 13845
[22:37:10.210] [SEVERE ] setting player 1 freeze to 3505
[22:37:10.236] [SEVERE ] updating countdown to 13817
[22:37:10.237] [SEVERE ] setting player 1 freeze to 3478
[22:37:10.263] [SEVERE ] updating countdown to 13790
[22:37:10.263] [SEVERE ] setting player 1 freeze to 3452
[22:37:10.289] [SEVERE ] updating countdown to 13764
[22:37:10.289] [SEVERE ] setting player 1 freeze to 3426
[22:37:10.315] [SEVERE ] updating countdown to 13738
[22:37:10.317] [SEVERE ] setting player 1 freeze to 3398
[22:37:10.344] [SEVERE ] updating countdown to 13709
[22:37:10.345] [SEVERE ] setting player 1 freeze to 3370
[22:37:10.371] [SEVERE ] updating countdown to 13682
[22:37:10.371] [SEVERE ] setting player 1 freeze to 3344
[22:37:10.397] [SEVERE ] updating countdown to 13656
[22:37:10.397] [SEVERE ] setting player 1 freeze to 3318
[22:37:10.423] [SEVERE ] updating countdown to 13630
[22:37:10.424] [SEVERE ] setting player 1 freeze to 3291
[22:37:10.451] [SEVERE ] updating countdown to 13602
[22:37:10.452] [SEVERE ] setting player 1 freeze to 3263
[22:37:10.478] [SEVERE ] updating countdown to 13575
[22:37:10.479] [SEVERE ] setting player 1 freeze to 3236
[22:37:10.505] [SEVERE ] updating countdown to 13548
[22:37:10.508] [SEVERE ] setting player 1 freeze to 3207
[22:37:10.534] [SEVERE ] updating countdown to 13519
[22:37:10.535] [SEVERE ] setting player 1 freeze to 3180
[22:37:10.562] [SEVERE ] updating countdown to 13491
[22:37:10.563] [SEVERE ] setting player 1 freeze to 3152
[22:37:10.589] [SEVERE ] updating countdown to 13464
[22:37:10.590] [SEVERE ] setting player 1 freeze to 3125
[22:37:10.616] [SEVERE ] updating countdown to 13437
[22:37:10.617] [SEVERE ] setting player 1 freeze to 3098
[22:37:10.643] [SEVERE ] updating countdown to 13410
[22:37:10.644] [SEVERE ] setting player 1 freeze to 3071
[22:37:10.670] [SEVERE ] updating countdown to 13383
[22:37:10.670] [SEVERE ] setting player 1 freeze to 3045
[22:37:10.696] [SEVERE ] updating countdown to 13357
[22:37:10.696] [SEVERE ] setting player 1 freeze to 3019
[22:37:10.722] [SEVERE ] updating countdown to 13331
[22:37:10.723] [SEVERE ] setting player 1 freeze to 2992
[22:37:10.749] [SEVERE ] updating countdown to 13304
[22:37:10.749] [SEVERE ] setting player 1 freeze to 2966
[22:37:10.775] [SEVERE ] updating countdown to 13278
[22:37:10.775] [SEVERE ] setting player 1 freeze to 2940
[22:37:10.800] [SEVERE ] updating countdown to 13253
[22:37:10.801] [SEVERE ] setting player 1 freeze to 2914
[22:37:10.826] [SEVERE ] updating countdown to 13227
[22:37:10.827] [SEVERE ] setting player 1 freeze to 2888
[22:37:10.853] [SEVERE ] updating countdown to 13200
[22:37:10.854] [SEVERE ] setting player 1 freeze to 2861
[22:37:10.880] [SEVERE ] updating countdown to 13173
[22:37:10.881] [SEVERE ] setting player 1 freeze to 2834
[22:37:10.908] [SEVERE ] updating countdown to 13145
[22:37:10.908] [SEVERE ] setting player 1 freeze to 2807
[22:37:10.933] [SEVERE ] updating countdown to 13120
[22:37:10.934] [SEVERE ] setting player 1 freeze to 2781
[22:37:10.960] [SEVERE ] updating countdown to 13093
[22:37:10.961] [SEVERE ] setting player 1 freeze to 2754
[22:37:10.987] [SEVERE ] updating countdown to 13066
[22:37:10.987] [SEVERE ] setting player 1 freeze to 2728
[22:37:11.013] [SEVERE ] updating countdown to 13040
[22:37:11.014] [SEVERE ] setting player 1 freeze to 2701
[22:37:11.040] [SEVERE ] updating countdown to 13013
[22:37:11.041] [SEVERE ] setting player 1 freeze to 2674
[22:37:11.067] [SEVERE ] updating countdown to 12986
[22:37:11.068] [SEVERE ] setting player 1 freeze to 2647
[22:37:11.094] [SEVERE ] updating countdown to 12959
[22:37:11.095] [SEVERE ] setting player 1 freeze to 2620
[22:37:11.121] [SEVERE ] updating countdown to 12932
[22:37:11.122] [SEVERE ] setting player 1 freeze to 2593
[22:37:11.147] [SEVERE ] updating countdown to 12906
[22:37:11.149] [SEVERE ] setting player 1 freeze to 2566
[22:37:11.176] [SEVERE ] updating countdown to 12877
[22:37:11.178] [SEVERE ] setting player 1 freeze to 2537
[22:37:11.204] [SEVERE ] updating countdown to 12849
[22:37:11.205] [SEVERE ] setting player 1 freeze to 2510
[22:37:11.231] [SEVERE ] updating countdown to 12822
[22:37:11.233] [SEVERE ] setting player 1 freeze to 2482
[22:37:11.259] [SEVERE ] updating countdown to 12794
[22:37:11.260] [SEVERE ] setting player 1 freeze to 2455
[22:37:11.285] [SEVERE ] updating countdown to 12768
[22:37:11.286] [SEVERE ] setting player 1 freeze to 2429
[22:37:11.312] [SEVERE ] updating countdown to 12741
[22:37:11.312] [SEVERE ] setting player 1 freeze to 2403
[22:37:11.338] [SEVERE ] updating countdown to 12715
[22:37:11.338] [SEVERE ] setting player 1 freeze to 2377
[22:37:11.364] [SEVERE ] updating countdown to 12689
[22:37:11.364] [SEVERE ] setting player 1 freeze to 2351
[22:37:11.390] [SEVERE ] updating countdown to 12663
[22:37:11.390] [SEVERE ] setting player 1 freeze to 2325
[22:37:11.416] [SEVERE ] updating countdown to 12637
[22:37:11.416] [SEVERE ] setting player 1 freeze to 2299
[22:37:11.442] [SEVERE ] updating countdown to 12611
[22:37:11.443] [SEVERE ] setting player 1 freeze to 2272
[22:37:11.469] [SEVERE ] updating countdown to 12584
[22:37:11.470] [SEVERE ] setting player 1 freeze to 2245
[22:37:11.495] [SEVERE ] updating countdown to 12558
[22:37:11.496] [SEVERE ] setting player 1 freeze to 2219
[22:37:11.521] [SEVERE ] updating countdown to 12532
[22:37:11.522] [SEVERE ] setting player 1 freeze to 2193
[22:37:11.547] [SEVERE ] updating countdown to 12506
[22:37:11.548] [SEVERE ] setting player 1 freeze to 2167
[22:37:11.574] [SEVERE ] updating countdown to 12479
[22:37:11.575] [SEVERE ] setting player 1 freeze to 2140
[22:37:11.601] [SEVERE ] updating countdown to 12452
[22:37:11.602] [SEVERE ] setting player 1 freeze to 2113
[22:37:11.628] [SEVERE ] updating countdown to 12425
[22:37:11.629] [SEVERE ] setting player 1 freeze to 2086
[22:37:11.655] [SEVERE ] updating countdown to 12398
[22:37:11.655] [SEVERE ] setting player 1 freeze to 2060
[22:37:11.681] [SEVERE ] updating countdown to 12372
[22:37:11.682] [SEVERE ] setting player 1 freeze to 2033
[22:37:11.709] [SEVERE ] updating countdown to 12344
[22:37:11.710] [SEVERE ] setting player 1 freeze to 2005
[22:37:11.736] [SEVERE ] updating countdown to 12317
[22:37:11.737] [SEVERE ] setting player 1 freeze to 1978
[22:37:11.764] [SEVERE ] updating countdown to 12289
[22:37:11.766] [SEVERE ] setting player 1 freeze to 1949
[22:37:11.794] [SEVERE ] updating countdown to 12259
[22:37:11.796] [SEVERE ] setting player 1 freeze to 1919
[22:37:11.823] [SEVERE ] updating countdown to 12230
[22:37:11.824] [SEVERE ] setting player 1 freeze to 1891
[22:37:11.850] [SEVERE ] updating countdown to 12203
[22:37:11.851] [SEVERE ] setting player 1 freeze to 1864
[22:37:11.876] [SEVERE ] updating countdown to 12177
[22:37:11.877] [SEVERE ] setting player 1 freeze to 1838
[22:37:11.902] [SEVERE ] updating countdown to 12151
[22:37:11.903] [SEVERE ] setting player 1 freeze to 1812
[22:37:11.929] [SEVERE ] updating countdown to 12124
[22:37:11.930] [SEVERE ] setting player 1 freeze to 1785
[22:37:11.957] [SEVERE ] updating countdown to 12096
[22:37:11.958] [SEVERE ] setting player 1 freeze to 1757
[22:37:11.984] [SEVERE ] updating countdown to 12069
[22:37:11.985] [SEVERE ] setting player 1 freeze to 1730
[22:37:12.011] [SEVERE ] updating countdown to 12042
[22:37:12.011] [SEVERE ] setting player 1 freeze to 1704
[22:37:12.037] [SEVERE ] updating countdown to 12016
[22:37:12.038] [SEVERE ] setting player 1 freeze to 1677
[22:37:12.064] [SEVERE ] updating countdown to 11989
[22:37:12.065] [SEVERE ] setting player 1 freeze to 1650
[22:37:12.090] [SEVERE ] updating countdown to 11963
[22:37:12.091] [SEVERE ] setting player 1 freeze to 1624
[22:37:12.117] [SEVERE ] updating countdown to 11936
[22:37:12.119] [SEVERE ] setting player 1 freeze to 1596
[22:37:12.145] [SEVERE ] updating countdown to 11908
[22:37:12.146] [SEVERE ] setting player 1 freeze to 1569
[22:37:12.171] [SEVERE ] updating countdown to 11882
[22:37:12.173] [SEVERE ] setting player 1 freeze to 1542
[22:37:12.200] [SEVERE ] updating countdown to 11853
[22:37:12.201] [SEVERE ] setting player 1 freeze to 1514
[22:37:12.228] [SEVERE ] updating countdown to 11825
[22:37:12.229] [SEVERE ] setting player 1 freeze to 1486
[22:37:12.255] [SEVERE ] updating countdown to 11798
[22:37:12.257] [SEVERE ] setting player 1 freeze to 1458
[22:37:12.283] [SEVERE ] updating countdown to 11770
[22:37:12.284] [SEVERE ] setting player 1 freeze to 1431
[22:37:12.310] [SEVERE ] updating countdown to 11743
[22:37:12.310] [SEVERE ] setting player 1 freeze to 1405
[22:37:12.336] [SEVERE ] updating countdown to 11717
[22:37:12.336] [SEVERE ] setting player 1 freeze to 1379
[22:37:12.362] [SEVERE ] updating countdown to 11691
[22:37:12.362] [SEVERE ] setting player 1 freeze to 1353
[22:37:12.388] [SEVERE ] updating countdown to 11665
[22:37:12.388] [SEVERE ] setting player 1 freeze to 1327
[22:37:12.414] [SEVERE ] updating countdown to 11639
[22:37:12.415] [SEVERE ] setting player 1 freeze to 1300
[22:37:12.440] [SEVERE ] updating countdown to 11613
[22:37:12.442] [SEVERE ] setting player 1 freeze to 1273
[22:37:12.467] [SEVERE ] updating countdown to 11586
[22:37:12.468] [SEVERE ] setting player 1 freeze to 1247
[22:37:12.494] [SEVERE ] updating countdown to 11559
[22:37:12.495] [SEVERE ] setting player 1 freeze to 1220
[22:37:12.521] [SEVERE ] updating countdown to 11532
[22:37:12.521] [SEVERE ] setting player 1 freeze to 1194
[22:37:12.547] [SEVERE ] updating countdown to 11506
[22:37:12.548] [SEVERE ] setting player 1 freeze to 1167
[22:37:12.575] [SEVERE ] updating countdown to 11478
[22:37:12.576] [SEVERE ] setting player 1 freeze to 1139
[22:37:12.602] [SEVERE ] updating countdown to 11451
[22:37:12.602] [SEVERE ] setting player 1 freeze to 1113
[22:37:12.628] [SEVERE ] updating countdown to 11425
[22:37:12.629] [SEVERE ] setting player 1 freeze to 1086
[22:37:12.655] [SEVERE ] updating countdown to 11398
[22:37:12.656] [SEVERE ] setting player 1 freeze to 1059
[22:37:12.681] [SEVERE ] updating countdown to 11372
[22:37:12.682] [SEVERE ] setting player 1 freeze to 1033
[22:37:12.708] [SEVERE ] updating countdown to 11345
[22:37:12.709] [SEVERE ] setting player 1 freeze to 1006
[22:37:12.735] [SEVERE ] updating countdown to 11318
[22:37:12.736] [SEVERE ] setting player 1 freeze to 979
[22:37:12.763] [SEVERE ] updating countdown to 11290
[22:37:12.764] [SEVERE ] setting player 1 freeze to 951
[22:37:12.790] [SEVERE ] updating countdown to 11263
[22:37:12.791] [SEVERE ] setting player 1 freeze to 924
[22:37:12.817] [SEVERE ] updating countdown to 11236
[22:37:12.821] [SEVERE ] setting player 1 freeze to 894
[22:37:12.847] [SEVERE ] updating countdown to 11206
[22:37:12.848] [SEVERE ] setting player 1 freeze to 867
[22:37:12.874] [SEVERE ] updating countdown to 11179
[22:37:12.875] [SEVERE ] setting player 1 freeze to 840
[22:37:12.902] [SEVERE ] updating countdown to 11151
[22:37:12.902] [SEVERE ] setting player 1 freeze to 813
[22:37:12.928] [SEVERE ] updating countdown to 11125
[22:37:12.930] [SEVERE ] setting player 1 freeze to 785
[22:37:12.957] [SEVERE ] updating countdown to 11096
[22:37:12.958] [SEVERE ] setting player 1 freeze to 757
[22:37:12.984] [SEVERE ] updating countdown to 11069
[22:37:12.985] [SEVERE ] setting player 1 freeze to 730
[22:37:13.011] [SEVERE ] updating countdown to 11042
[22:37:13.012] [SEVERE ] setting player 1 freeze to 703
[22:37:13.037] [SEVERE ] updating countdown to 11016
[22:37:13.038] [SEVERE ] setting player 1 freeze to 677
[22:37:13.064] [SEVERE ] updating countdown to 10989
[22:37:13.065] [SEVERE ] setting player 1 freeze to 650
[22:37:13.092] [SEVERE ] updating countdown to 10961
[22:37:13.093] [SEVERE ] setting player 1 freeze to 622
[22:37:13.119] [SEVERE ] updating countdown to 10934
[22:37:13.120] [SEVERE ] setting player 1 freeze to 595
[22:37:13.145] [SEVERE ] updating countdown to 10908
[22:37:13.147] [SEVERE ] setting player 1 freeze to 568
[22:37:13.173] [SEVERE ] updating countdown to 10880
[22:37:13.173] [SEVERE ] setting player 1 freeze to 542
[22:37:13.199] [SEVERE ] updating countdown to 10854
[22:37:13.199] [SEVERE ] setting player 1 freeze to 516
[22:37:13.225] [SEVERE ] updating countdown to 10828
[22:37:13.225] [SEVERE ] setting player 1 freeze to 490
[22:37:13.251] [SEVERE ] updating countdown to 10802
[22:37:13.252] [SEVERE ] setting player 1 freeze to 463
[22:37:13.278] [SEVERE ] updating countdown to 10775
[22:37:13.278] [SEVERE ] setting player 1 freeze to 437
[22:37:13.304] [SEVERE ] updating countdown to 10749
[22:37:13.305] [SEVERE ] setting player 1 freeze to 410
[22:37:13.331] [SEVERE ] updating countdown to 10722
[22:37:13.332] [SEVERE ] setting player 1 freeze to 383
[22:37:13.359] [SEVERE ] updating countdown to 10694
[22:37:13.359] [SEVERE ] setting player 1 freeze to 356
[22:37:13.385] [SEVERE ] updating countdown to 10668
[22:37:13.387] [SEVERE ] setting player 1 freeze to 328
[22:37:13.412] [SEVERE ] updating countdown to 10641
[22:37:13.413] [SEVERE ] setting player 1 freeze to 302
[22:37:13.438] [SEVERE ] updating countdown to 10615
[22:37:13.439] [SEVERE ] setting player 1 freeze to 276
[22:37:13.464] [SEVERE ] updating countdown to 10589
[22:37:13.465] [SEVERE ] setting player 1 freeze to 250
[22:37:13.490] [SEVERE ] updating countdown to 10563
[22:37:13.491] [SEVERE ] setting player 1 freeze to 224
[22:37:13.516] [SEVERE ] updating countdown to 10537
[22:37:13.516] [SEVERE ] setting player 1 freeze to 199
[22:37:13.542] [SEVERE ] updating countdown to 10511
[22:37:13.543] [SEVERE ] setting player 1 freeze to 172
[22:37:13.569] [SEVERE ] updating countdown to 10484
[22:37:13.569] [SEVERE ] setting player 1 freeze to 146
[22:37:13.594] [SEVERE ] updating countdown to 10459
[22:37:13.595] [SEVERE ] setting player 1 freeze to 120
[22:37:13.620] [SEVERE ] updating countdown to 10433
[22:37:13.620] [SEVERE ] setting player 1 freeze to 95
[22:37:13.646] [SEVERE ] updating countdown to 10407
[22:37:13.646] [SEVERE ] setting player 1 freeze to 69
[22:37:13.672] [SEVERE ] updating countdown to 10381
[22:37:13.673] [SEVERE ] setting player 1 freeze to 42
[22:37:13.699] [SEVERE ] updating countdown to 10354
[22:37:13.700] [SEVERE ] setting player 1 freeze to 15
[22:37:13.725] [SEVERE ] updating countdown to 10328
[22:37:13.727] [SEVERE ] setting player 1 freeze to -12
[22:37:13.755] [SEVERE ] updating countdown to 10298
[22:37:13.781] [SEVERE ] updating countdown to 10272
[22:37:13.807] [SEVERE ] updating countdown to 10246
[22:37:13.833] [SEVERE ] updating countdown to 10220
[22:37:13.859] [SEVERE ] updating countdown to 10194
[22:37:13.885] [SEVERE ] updating countdown to 10168
[22:37:13.910] [SEVERE ] updating countdown to 10143
[22:37:13.936] [SEVERE ] updating countdown to 10117
[22:37:13.962] [SEVERE ] updating countdown to 10091
[22:37:13.987] [SEVERE ] updating countdown to 10066
[22:37:14.014] [SEVERE ] updating countdown to 10039
[22:37:14.040] [SEVERE ] updating countdown to 10013
[22:37:14.065] [SEVERE ] updating countdown to 9988
[22:37:14.091] [SEVERE ] updating countdown to 9962
[22:37:14.118] [SEVERE ] updating countdown to 9935
[22:37:14.144] [SEVERE ] updating countdown to 9909
[22:37:14.170] [SEVERE ] updating countdown to 9884
[22:37:14.196] [SEVERE ] updating countdown to 9858
[22:37:14.221] [SEVERE ] updating countdown to 9832
[22:37:14.247] [SEVERE ] updating countdown to 9806
[22:37:14.273] [SEVERE ] updating countdown to 9780
[22:37:14.299] [SEVERE ] updating countdown to 9754
[22:37:14.325] [SEVERE ] updating countdown to 9728
[22:37:14.350] [SEVERE ] updating countdown to 9703
[22:37:14.376] [SEVERE ] updating countdown to 9677
[22:37:14.401] [SEVERE ] updating countdown to 9652
[22:37:14.427] [SEVERE ] updating countdown to 9626
[22:37:14.453] [SEVERE ] updating countdown to 9600
[22:37:14.478] [SEVERE ] updating countdown to 9575
[22:37:14.504] [SEVERE ] updating countdown to 9549
[22:37:14.530] [SEVERE ] updating countdown to 9523
[22:37:14.556] [SEVERE ] updating countdown to 9497
[22:37:14.581] [SEVERE ] updating countdown to 9472
[22:37:14.607] [SEVERE ] updating countdown to 9446
[22:37:14.633] [SEVERE ] updating countdown to 9420
[22:37:14.659] [SEVERE ] updating countdown to 9394
[22:37:14.686] [SEVERE ] updating countdown to 9368
[22:37:14.712] [SEVERE ] updating countdown to 9341
[22:37:14.738] [SEVERE ] updating countdown to 9315
[22:37:14.764] [SEVERE ] updating countdown to 9289
[22:37:14.790] [SEVERE ] updating countdown to 9263
[22:37:14.816] [SEVERE ] updating countdown to 9237
[22:37:14.842] [SEVERE ] updating countdown to 9211
[22:37:14.869] [SEVERE ] updating countdown to 9184
[22:37:14.895] [SEVERE ] updating countdown to 9158
[22:37:14.921] [SEVERE ] updating countdown to 9132
[22:37:14.948] [SEVERE ] updating countdown to 9105
[22:37:14.975] [SEVERE ] updating countdown to 9078
[22:37:15.000] [SEVERE ] updating countdown to 9053
[22:37:15.027] [SEVERE ] updating countdown to 9026
[22:37:15.053] [SEVERE ] updating countdown to 9000
[22:37:15.079] [SEVERE ] updating countdown to 8975
[22:37:15.105] [SEVERE ] updating countdown to 8948
[22:37:15.131] [SEVERE ] updating countdown to 8922
[22:37:15.159] [SEVERE ] updating countdown to 8894
[22:37:15.185] [SEVERE ] updating countdown to 8868
[22:37:15.211] [SEVERE ] updating countdown to 8842
[22:37:15.237] [SEVERE ] updating countdown to 8816
[22:37:15.263] [SEVERE ] updating countdown to 8790
[22:37:15.288] [SEVERE ] updating countdown to 8765
[22:37:15.315] [SEVERE ] updating countdown to 8738
[22:37:15.342] [SEVERE ] updating countdown to 8711
[22:37:15.367] [SEVERE ] updating countdown to 8686
[22:37:15.394] [SEVERE ] updating countdown to 8659
[22:37:15.419] [SEVERE ] updating countdown to 8634
[22:37:15.446] [SEVERE ] updating countdown to 8607
[22:37:15.472] [SEVERE ] updating countdown to 8581
[22:37:15.498] [SEVERE ] updating countdown to 8555
[22:37:15.524] [SEVERE ] updating countdown to 8529
[22:37:15.550] [SEVERE ] updating countdown to 8503
[22:37:15.576] [SEVERE ] updating countdown to 8477
[22:37:15.601] [SEVERE ] updating countdown to 8452
[22:37:15.627] [SEVERE ] updating countdown to 8426
[22:37:15.652] [SEVERE ] updating countdown to 8401
[22:37:15.678] [SEVERE ] updating countdown to 8375
[22:37:15.703] [SEVERE ] updating countdown to 8350
[22:37:15.729] [SEVERE ] updating countdown to 8324
[22:37:15.754] [SEVERE ] updating countdown to 8299
[22:37:15.780] [SEVERE ] updating countdown to 8273
[22:37:15.805] [SEVERE ] updating countdown to 8248
[22:37:15.831] [SEVERE ] updating countdown to 8222
[22:37:15.858] [SEVERE ] updating countdown to 8195
[22:37:15.883] [SEVERE ] updating countdown to 8170
[22:37:15.909] [SEVERE ] updating countdown to 8144
[22:37:15.936] [SEVERE ] updating countdown to 8117
[22:37:15.962] [SEVERE ] updating countdown to 8091
[22:37:15.992] [SEVERE ] updating countdown to 8061
[22:37:16.018] [SEVERE ] updating countdown to 8035
[22:37:16.044] [SEVERE ] updating countdown to 8009
[22:37:16.070] [SEVERE ] updating countdown to 7983
[22:37:16.096] [SEVERE ] updating countdown to 7957
[22:37:16.122] [SEVERE ] updating countdown to 7931
[22:37:16.147] [SEVERE ] updating countdown to 7906
[22:37:16.174] [SEVERE ] updating countdown to 7879
[22:37:16.200] [SEVERE ] updating countdown to 7853
[22:37:16.226] [SEVERE ] updating countdown to 7827
[22:37:16.252] [SEVERE ] updating countdown to 7801
[22:37:16.278] [SEVERE ] updating countdown to 7775
[22:37:16.304] [SEVERE ] updating countdown to 7749
[22:37:16.331] [SEVERE ] updating countdown to 7722
[22:37:16.357] [SEVERE ] updating countdown to 7696
[22:37:16.383] [SEVERE ] updating countdown to 7670
[22:37:16.409] [SEVERE ] updating countdown to 7644
[22:37:16.435] [SEVERE ] updating countdown to 7618
[22:37:16.461] [SEVERE ] updating countdown to 7592
[22:37:16.487] [SEVERE ] updating countdown to 7566
[22:37:16.515] [SEVERE ] updating countdown to 7538
[22:37:16.541] [SEVERE ] updating countdown to 7512
[22:37:16.567] [SEVERE ] updating countdown to 7486
[22:37:16.593] [SEVERE ] updating countdown to 7460
[22:37:16.619] [SEVERE ] updating countdown to 7434
[22:37:16.645] [SEVERE ] updating countdown to 7408
[22:37:16.671] [SEVERE ] updating countdown to 7382
[22:37:16.698] [SEVERE ] updating countdown to 7356
[22:37:16.724] [SEVERE ] updating countdown to 7329
[22:37:16.750] [SEVERE ] updating countdown to 7303
[22:37:16.777] [SEVERE ] updating countdown to 7276
[22:37:16.802] [SEVERE ] updating countdown to 7251
[22:37:16.828] [SEVERE ] updating countdown to 7225
[22:37:16.855] [SEVERE ] updating countdown to 7198
[22:37:16.882] [SEVERE ] updating countdown to 7171
[22:37:16.907] [SEVERE ] updating countdown to 7146
[22:37:16.933] [SEVERE ] updating countdown to 7120
[22:37:16.960] [SEVERE ] updating countdown to 7093
[22:37:16.986] [SEVERE ] updating countdown to 7067
[22:37:17.012] [SEVERE ] updating countdown to 7041
[22:37:17.038] [SEVERE ] updating countdown to 7015
[22:37:17.064] [SEVERE ] updating countdown to 6989
[22:37:17.090] [SEVERE ] updating countdown to 6963
[22:37:17.116] [SEVERE ] updating countdown to 6937
[22:37:17.143] [SEVERE ] updating countdown to 6910
[22:37:17.170] [SEVERE ] updating countdown to 6883
[22:37:17.196] [SEVERE ] updating countdown to 6857
[22:37:17.222] [SEVERE ] updating countdown to 6831
[22:37:17.248] [SEVERE ] updating countdown to 6805
[22:37:17.274] [SEVERE ] updating countdown to 6779
[22:37:17.301] [SEVERE ] updating countdown to 6752
[22:37:17.328] [SEVERE ] updating countdown to 6725
[22:37:17.354] [SEVERE ] updating countdown to 6699
[22:37:17.380] [SEVERE ] updating countdown to 6673
[22:37:17.406] [SEVERE ] updating countdown to 6647
[22:37:17.432] [SEVERE ] updating countdown to 6621
[22:37:17.458] [SEVERE ] updating countdown to 6595
[22:37:17.483] [SEVERE ] updating countdown to 6570
[22:37:17.510] [SEVERE ] updating countdown to 6543
[22:37:17.536] [SEVERE ] updating countdown to 6517
[22:37:17.563] [SEVERE ] updating countdown to 6490
[22:37:17.589] [SEVERE ] updating countdown to 6464
[22:37:17.615] [SEVERE ] updating countdown to 6438
[22:37:17.642] [SEVERE ] updating countdown to 6411
[22:37:17.667] [SEVERE ] updating countdown to 6386
[22:37:17.693] [SEVERE ] updating countdown to 6360
[22:37:17.718] [SEVERE ] updating countdown to 6335
[22:37:17.744] [SEVERE ] updating countdown to 6309
[22:37:17.770] [SEVERE ] updating countdown to 6283
[22:37:17.796] [SEVERE ] updating countdown to 6257
[22:37:17.822] [SEVERE ] updating countdown to 6231
[22:37:17.848] [SEVERE ] updating countdown to 6205
[22:37:17.874] [SEVERE ] updating countdown to 6179
[22:37:17.901] [SEVERE ] updating countdown to 6152
[22:37:17.926] [SEVERE ] updating countdown to 6127
[22:37:17.953] [SEVERE ] updating countdown to 6100
[22:37:17.979] [SEVERE ] updating countdown to 6074
[22:37:18.006] [SEVERE ] updating countdown to 6047
[22:37:18.032] [SEVERE ] updating countdown to 6021
[22:37:18.059] [SEVERE ] updating countdown to 5994
[22:37:18.085] [SEVERE ] updating countdown to 5968
[22:37:18.111] [SEVERE ] updating countdown to 5942
[22:37:18.137] [SEVERE ] updating countdown to 5916
[22:37:18.163] [SEVERE ] updating countdown to 5890
[22:37:18.189] [SEVERE ] updating countdown to 5864
[22:37:18.216] [SEVERE ] updating countdown to 5837
[22:37:18.242] [SEVERE ] updating countdown to 5811
[22:37:18.268] [SEVERE ] updating countdown to 5785
[22:37:18.295] [SEVERE ] updating countdown to 5758
[22:37:18.321] [SEVERE ] updating countdown to 5732
[22:37:18.347] [SEVERE ] updating countdown to 5706
[22:37:18.373] [SEVERE ] updating countdown to 5680
[22:37:18.399] [SEVERE ] updating countdown to 5654
[22:37:18.425] [SEVERE ] updating countdown to 5628
[22:37:18.451] [SEVERE ] updating countdown to 5602
[22:37:18.477] [SEVERE ] updating countdown to 5576
[22:37:18.503] [SEVERE ] updating countdown to 5550
[22:37:18.531] [SEVERE ] updating countdown to 5522
[22:37:18.557] [SEVERE ] updating countdown to 5496
[22:37:18.583] [SEVERE ] updating countdown to 5470
[22:37:18.610] [SEVERE ] updating countdown to 5443
[22:37:18.636] [SEVERE ] updating countdown to 5417
[22:37:18.662] [SEVERE ] updating countdown to 5391
[22:37:18.689] [SEVERE ] updating countdown to 5364
[22:37:18.730] [SEVERE ] updating countdown to 5323
[22:37:18.756] [SEVERE ] updating countdown to 5297
[22:37:18.782] [SEVERE ] updating countdown to 5271
[22:37:18.808] [SEVERE ] updating countdown to 5245
[22:37:18.834] [SEVERE ] updating countdown to 5219
[22:37:18.861] [SEVERE ] updating countdown to 5192
[22:37:18.887] [SEVERE ] updating countdown to 5166
[22:37:18.913] [SEVERE ] updating countdown to 5140
[22:37:18.939] [SEVERE ] updating countdown to 5114
[22:37:18.964] [SEVERE ] updating countdown to 5089
[22:37:18.991] [SEVERE ] updating countdown to 5063
[22:37:19.016] [SEVERE ] updating countdown to 5037
[22:37:19.043] [SEVERE ] updating countdown to 5010
[22:37:22.717] [SEVERE ] exit button pressed
[22:37:22.718] [INFO   ] thread Thread-1 terminated.
[22:37:22.828] [SEVERE ] removing card from slot 0
[22:37:22.929] [SEVERE ] removing card from slot 1
[22:37:23.029] [SEVERE ] removing card from slot 2
[22:37:23.131] [SEVERE ] removing card from slot 3
[22:37:23.232] [SEVERE ] removing card from slot 4
[22:37:23.333] [SEVERE ] removing card from slot 5
[22:37:23.434] [SEVERE ] removing card from slot 6
[22:37:23.535] [SEVERE ] removing card from slot 7
[22:37:23.635] [SEVERE ] removing card from slot 8
[22:37:23.737] [SEVERE ] removing card from slot 9
[22:37:23.838] [SEVERE ] removing card from slot 10
[22:37:23.938] [SEVERE ] removing card from slot 11
[22:37:23.943] [SEVERE ] announcing winner(s): player 1
[22:37:23.944] [INFO   ] thread dealer terminated.
[22:37:23.945] [INFO   ] thread dealer terminated.
[22:37:23.945] [SEVERE ] thanks for playing... it was fun!
[22:37:23.945] [INFO   ] thread bguspl.set.Main.main() terminated.
