[22:07:22.005] [INFO   ] thread bguspl.set.Main.main() starting.
[22:07:22.015] [SEVERE ] cannot read configuration file config.properties trying from resources.
[22:07:22.024] [SEVERE ] configuration file was loaded from resources directory.
[22:07:23.350] [INFO   ] thread dealer starting.
[22:07:23.351] [INFO   ] thread dealer starting.
[22:07:23.353] [INFO   ] thread Thread-1 starting.
[22:07:23.458] [SEVERE ] placing card 14 in slot 0
[22:07:23.560] [SEVERE ] placing card 10 in slot 1
[22:07:23.661] [SEVERE ] placing card 5 in slot 2
[22:07:23.762] [SEVERE ] placing card 3 in slot 3
[22:07:23.864] [SEVERE ] placing card 6 in slot 4
[22:07:23.966] [SEVERE ] placing card 2 in slot 5
[22:07:24.067] [SEVERE ] placing card 11 in slot 6
[22:07:24.169] [SEVERE ] placing card 1 in slot 7
[22:07:24.270] [SEVERE ] placing card 9 in slot 8
[22:07:24.372] [SEVERE ] placing card 7 in slot 9
[22:07:24.473] [SEVERE ] placing card 0 in slot 10
[22:07:24.574] [SEVERE ] placing card 12 in slot 11
[22:07:24.601] [SEVERE ] updating countdown to 19975
[22:07:24.602] [SEVERE ] setting player 1 freeze to -1708459644602
[22:07:24.629] [SEVERE ] updating countdown to 19946
[22:07:24.630] [SEVERE ] setting player 1 freeze to -1708459644630
[22:07:24.656] [SEVERE ] updating countdown to 19919
[22:07:24.658] [SEVERE ] setting player 1 freeze to -1708459644658
[22:07:24.684] [SEVERE ] updating countdown to 19891
[22:07:24.686] [SEVERE ] setting player 1 freeze to -1708459644686
[22:07:24.712] [SEVERE ] updating countdown to 19863
[22:07:24.713] [SEVERE ] setting player 1 freeze to -1708459644713
[22:07:24.739] [SEVERE ] updating countdown to 19836
[22:07:24.740] [SEVERE ] setting player 1 freeze to -1708459644740
[22:07:24.766] [SEVERE ] updating countdown to 19809
[22:07:24.767] [SEVERE ] setting player 1 freeze to -1708459644767
[22:07:24.792] [SEVERE ] updating countdown to 19783
[22:07:24.793] [SEVERE ] setting player 1 freeze to -1708459644793
[22:07:24.819] [SEVERE ] updating countdown to 19756
[22:07:24.820] [SEVERE ] setting player 1 freeze to -1708459644820
[22:07:24.846] [SEVERE ] updating countdown to 19729
[22:07:24.847] [SEVERE ] setting player 1 freeze to -1708459644846
[22:07:24.872] [SEVERE ] updating countdown to 19703
[22:07:24.876] [SEVERE ] setting player 1 freeze to -1708459644876
[22:07:24.902] [SEVERE ] updating countdown to 19673
[22:07:24.903] [SEVERE ] setting player 1 freeze to -1708459644903
[22:07:24.928] [SEVERE ] updating countdown to 19647
[22:07:24.929] [SEVERE ] setting player 1 freeze to -1708459644929
[22:07:24.954] [SEVERE ] updating countdown to 19621
[22:07:24.955] [SEVERE ] setting player 1 freeze to -1708459644955
[22:07:24.981] [SEVERE ] updating countdown to 19594
[22:07:24.981] [SEVERE ] setting player 1 freeze to -1708459644981
[22:07:25.007] [SEVERE ] updating countdown to 19568
[22:07:25.009] [SEVERE ] setting player 1 freeze to -1708459645009
[22:07:25.035] [SEVERE ] updating countdown to 19540
[22:07:25.035] [SEVERE ] setting player 1 freeze to -1708459645035
[22:07:25.061] [SEVERE ] updating countdown to 19514
[22:07:25.062] [SEVERE ] setting player 1 freeze to -1708459645062
[22:07:25.088] [SEVERE ] updating countdown to 19487
[22:07:25.089] [SEVERE ] setting player 1 freeze to -1708459645089
[22:07:25.115] [SEVERE ] updating countdown to 19460
[22:07:25.115] [SEVERE ] setting player 1 freeze to -1708459645115
[22:07:25.141] [SEVERE ] updating countdown to 19435
[22:07:25.143] [SEVERE ] setting player 1 freeze to -1708459645142
[22:07:25.168] [SEVERE ] updating countdown to 19407
[22:07:25.169] [SEVERE ] setting player 1 freeze to -1708459645169
[22:07:25.196] [SEVERE ] updating countdown to 19379
[22:07:25.196] [SEVERE ] setting player 1 freeze to -1708459645196
[22:07:25.222] [SEVERE ] updating countdown to 19353
[22:07:25.223] [SEVERE ] setting player 1 freeze to -1708459645223
[22:07:25.248] [SEVERE ] updating countdown to 19327
[22:07:25.249] [SEVERE ] setting player 1 freeze to -1708459645249
[22:07:25.275] [SEVERE ] updating countdown to 19300
[22:07:25.276] [SEVERE ] setting player 1 freeze to -1708459645276
[22:07:25.302] [SEVERE ] updating countdown to 19273
[22:07:25.302] [SEVERE ] setting player 1 freeze to -1708459645302
[22:07:25.328] [SEVERE ] updating countdown to 19247
[22:07:25.329] [SEVERE ] setting player 1 freeze to -1708459645329
[22:07:25.355] [SEVERE ] updating countdown to 19220
[22:07:25.356] [SEVERE ] setting player 1 freeze to -1708459645356
[22:07:25.381] [SEVERE ] updating countdown to 19194
[22:07:25.382] [SEVERE ] setting player 1 freeze to -1708459645382
[22:07:25.407] [SEVERE ] updating countdown to 19168
[22:07:25.408] [SEVERE ] setting player 1 freeze to -1708459645408
[22:07:25.434] [SEVERE ] updating countdown to 19141
[22:07:25.434] [SEVERE ] setting player 1 freeze to -1708459645434
[22:07:25.460] [SEVERE ] updating countdown to 19115
[22:07:25.461] [SEVERE ] setting player 1 freeze to -1708459645461
[22:07:25.487] [SEVERE ] updating countdown to 19088
[22:07:25.488] [SEVERE ] setting player 1 freeze to -1708459645488
[22:07:25.514] [SEVERE ] updating countdown to 19061
[22:07:25.515] [SEVERE ] setting player 1 freeze to -1708459645515
[22:07:25.541] [SEVERE ] updating countdown to 19034
[22:07:25.541] [SEVERE ] setting player 1 freeze to -1708459645541
[22:07:25.566] [SEVERE ] updating countdown to 19009
[22:07:25.567] [SEVERE ] setting player 1 freeze to -1708459645567
[22:07:25.593] [SEVERE ] updating countdown to 18982
[22:07:25.595] [SEVERE ] setting player 1 freeze to -1708459645595
[22:07:25.620] [SEVERE ] updating countdown to 18955
[22:07:25.621] [SEVERE ] setting player 1 freeze to -1708459645621
[22:07:25.647] [SEVERE ] updating countdown to 18928
[22:07:25.647] [SEVERE ] setting player 1 freeze to -1708459645647
[22:07:25.673] [SEVERE ] updating countdown to 18902
[22:07:25.674] [SEVERE ] setting player 1 freeze to -1708459645674
[22:07:25.699] [SEVERE ] updating countdown to 18876
[22:07:25.700] [SEVERE ] setting player 1 freeze to -1708459645700
[22:07:25.726] [SEVERE ] updating countdown to 18849
[22:07:25.726] [SEVERE ] setting player 1 freeze to -1708459645726
[22:07:25.752] [SEVERE ] updating countdown to 18823
[22:07:25.753] [SEVERE ] setting player 1 freeze to -1708459645753
[22:07:25.779] [SEVERE ] updating countdown to 18796
[22:07:25.780] [SEVERE ] setting player 1 freeze to -1708459645780
[22:07:25.805] [SEVERE ] updating countdown to 18770
[22:07:25.806] [SEVERE ] setting player 1 freeze to -1708459645806
[22:07:25.832] [SEVERE ] updating countdown to 18743
[22:07:25.833] [SEVERE ] setting player 1 freeze to -1708459645833
[22:07:25.858] [SEVERE ] updating countdown to 18717
[22:07:25.859] [SEVERE ] setting player 1 freeze to -1708459645859
[22:07:25.884] [SEVERE ] updating countdown to 18691
[22:07:25.885] [SEVERE ] setting player 1 freeze to -1708459645885
[22:07:25.911] [SEVERE ] updating countdown to 18664
[22:07:25.912] [SEVERE ] setting player 1 freeze to -1708459645912
[22:07:25.937] [SEVERE ] updating countdown to 18638
[22:07:25.937] [SEVERE ] setting player 1 freeze to -1708459645937
[22:07:25.963] [SEVERE ] updating countdown to 18612
[22:07:25.964] [SEVERE ] setting player 1 freeze to -1708459645964
[22:07:25.990] [SEVERE ] updating countdown to 18585
[22:07:25.991] [SEVERE ] setting player 1 freeze to -1708459645991
[22:07:26.017] [SEVERE ] updating countdown to 18558
[22:07:26.018] [SEVERE ] setting player 1 freeze to -1708459646018
[22:07:26.044] [SEVERE ] updating countdown to 18531
[22:07:26.045] [SEVERE ] setting player 1 freeze to -1708459646045
[22:07:26.071] [SEVERE ] updating countdown to 18504
[22:07:26.072] [SEVERE ] setting player 1 freeze to -1708459646072
[22:07:26.099] [SEVERE ] updating countdown to 18476
[22:07:26.100] [SEVERE ] setting player 1 freeze to -1708459646100
[22:07:26.126] [SEVERE ] updating countdown to 18449
[22:07:26.129] [SEVERE ] setting player 1 freeze to -1708459646129
[22:07:26.155] [SEVERE ] updating countdown to 18420
[22:07:26.157] [SEVERE ] setting player 1 freeze to -1708459646157
[22:07:26.183] [SEVERE ] updating countdown to 18392
[22:07:26.184] [SEVERE ] setting player 1 freeze to -1708459646184
[22:07:26.210] [SEVERE ] updating countdown to 18366
[22:07:26.211] [SEVERE ] setting player 1 freeze to -1708459646211
[22:07:26.236] [SEVERE ] updating countdown to 18339
[22:07:26.238] [SEVERE ] setting player 1 freeze to -1708459646238
[22:07:26.264] [SEVERE ] updating countdown to 18311
[22:07:26.265] [SEVERE ] setting player 1 freeze to -1708459646265
[22:07:26.291] [SEVERE ] updating countdown to 18284
[22:07:26.291] [SEVERE ] setting player 1 freeze to -1708459646291
[22:07:26.317] [SEVERE ] updating countdown to 18258
[22:07:26.319] [SEVERE ] setting player 1 freeze to -1708459646319
[22:07:26.346] [SEVERE ] updating countdown to 18229
[22:07:26.346] [SEVERE ] setting player 1 freeze to -1708459646346
[22:07:26.373] [SEVERE ] updating countdown to 18202
[22:07:26.373] [SEVERE ] setting player 1 freeze to -1708459646373
[22:07:26.400] [SEVERE ] updating countdown to 18175
[22:07:26.401] [SEVERE ] setting player 1 freeze to -1708459646401
[22:07:26.428] [SEVERE ] updating countdown to 18147
[22:07:26.429] [SEVERE ] setting player 1 freeze to -1708459646429
[22:07:26.455] [SEVERE ] updating countdown to 18120
[22:07:26.456] [SEVERE ] setting player 1 freeze to -1708459646456
[22:07:26.482] [SEVERE ] updating countdown to 18093
[22:07:26.483] [SEVERE ] setting player 1 freeze to -1708459646483
[22:07:26.509] [SEVERE ] updating countdown to 18066
[22:07:26.510] [SEVERE ] setting player 1 freeze to -1708459646510
[22:07:26.536] [SEVERE ] updating countdown to 18039
[22:07:26.537] [SEVERE ] setting player 1 freeze to -1708459646537
[22:07:26.562] [SEVERE ] updating countdown to 18013
[22:07:26.564] [SEVERE ] setting player 1 freeze to -1708459646564
[22:07:26.591] [SEVERE ] updating countdown to 17984
[22:07:26.593] [SEVERE ] setting player 1 freeze to -1708459646593
[22:07:26.619] [SEVERE ] updating countdown to 17956
[22:07:26.621] [SEVERE ] setting player 1 freeze to -1708459646621
[22:07:26.647] [SEVERE ] updating countdown to 17928
[22:07:26.647] [SEVERE ] setting player 1 freeze to -1708459646647
[22:07:26.673] [SEVERE ] updating countdown to 17902
[22:07:26.674] [SEVERE ] setting player 1 freeze to -1708459646674
[22:07:26.700] [SEVERE ] updating countdown to 17875
[22:07:26.701] [SEVERE ] setting player 1 freeze to -1708459646701
[22:07:26.726] [SEVERE ] updating countdown to 17849
[22:07:26.727] [SEVERE ] setting player 1 freeze to -1708459646727
[22:07:26.753] [SEVERE ] updating countdown to 17822
[22:07:26.754] [SEVERE ] setting player 1 freeze to -1708459646754
[22:07:26.779] [SEVERE ] updating countdown to 17796
[22:07:26.780] [SEVERE ] setting player 1 freeze to -1708459646780
[22:07:26.807] [SEVERE ] updating countdown to 17768
[22:07:26.808] [SEVERE ] setting player 1 freeze to -1708459646808
[22:07:26.835] [SEVERE ] updating countdown to 17740
[22:07:26.836] [SEVERE ] setting player 1 freeze to -1708459646835
[22:07:26.861] [SEVERE ] updating countdown to 17714
[22:07:26.862] [SEVERE ] setting player 1 freeze to -1708459646862
[22:07:26.888] [SEVERE ] updating countdown to 17687
[22:07:26.889] [SEVERE ] setting player 1 freeze to -1708459646889
[22:07:26.916] [SEVERE ] updating countdown to 17659
[22:07:26.917] [SEVERE ] setting player 1 freeze to -1708459646917
[22:07:26.943] [SEVERE ] updating countdown to 17632
[22:07:26.944] [SEVERE ] setting player 1 freeze to -1708459646944
[22:07:26.970] [SEVERE ] updating countdown to 17605
[22:07:26.971] [SEVERE ] setting player 1 freeze to -1708459646971
[22:07:26.997] [SEVERE ] updating countdown to 17578
[22:07:26.999] [SEVERE ] setting player 1 freeze to -1708459646999
[22:07:27.025] [SEVERE ] updating countdown to 17550
[22:07:27.026] [SEVERE ] setting player 1 freeze to -1708459647026
[22:07:27.051] [SEVERE ] updating countdown to 17524
[22:07:27.053] [SEVERE ] setting player 1 freeze to -1708459647053
[22:07:27.079] [SEVERE ] updating countdown to 17496
[22:07:27.080] [SEVERE ] setting player 1 freeze to -1708459647080
[22:07:27.107] [SEVERE ] updating countdown to 17468
[22:07:27.108] [SEVERE ] setting player 1 freeze to -1708459647108
[22:07:27.134] [SEVERE ] updating countdown to 17441
[22:07:27.135] [SEVERE ] setting player 1 freeze to -1708459647135
[22:07:27.161] [SEVERE ] updating countdown to 17414
[22:07:27.162] [SEVERE ] setting player 1 freeze to -1708459647162
[22:07:27.189] [SEVERE ] updating countdown to 17386
[22:07:27.190] [SEVERE ] setting player 1 freeze to -1708459647190
[22:07:27.208] [SEVERE ] key 81 was pressed by player 1
[22:07:27.216] [SEVERE ] updating countdown to 17359
[22:07:27.217] [SEVERE ] setting player 1 freeze to -1708459647217
[22:07:27.242] [SEVERE ] updating countdown to 17333
[22:07:27.243] [SEVERE ] setting player 1 freeze to -1708459647243
[22:07:27.269] [SEVERE ] updating countdown to 17306
[22:07:27.271] [SEVERE ] setting player 1 freeze to -1708459647271
[22:07:27.297] [SEVERE ] updating countdown to 17278
[22:07:27.297] [SEVERE ] setting player 1 freeze to -1708459647297
[22:07:27.323] [SEVERE ] updating countdown to 17252
[22:07:27.324] [SEVERE ] setting player 1 freeze to -1708459647324
[22:07:27.350] [SEVERE ] updating countdown to 17225
[22:07:27.351] [SEVERE ] setting player 1 freeze to -1708459647351
[22:07:27.377] [SEVERE ] updating countdown to 17198
[22:07:27.377] [SEVERE ] setting player 1 freeze to -1708459647377
[22:07:27.403] [SEVERE ] updating countdown to 17172
[22:07:27.404] [SEVERE ] setting player 1 freeze to -1708459647404
[22:07:27.430] [SEVERE ] updating countdown to 17145
[22:07:27.431] [SEVERE ] setting player 1 freeze to -1708459647431
[22:07:27.456] [SEVERE ] updating countdown to 17119
[22:07:27.457] [SEVERE ] setting player 1 freeze to -1708459647457
[22:07:27.483] [SEVERE ] updating countdown to 17092
[22:07:27.484] [SEVERE ] setting player 1 freeze to -1708459647483
[22:07:27.510] [SEVERE ] updating countdown to 17066
[22:07:27.510] [SEVERE ] setting player 1 freeze to -1708459647510
[22:07:27.535] [SEVERE ] updating countdown to 17040
[22:07:27.536] [SEVERE ] setting player 1 freeze to -1708459647536
[22:07:27.562] [SEVERE ] updating countdown to 17013
[22:07:27.563] [SEVERE ] setting player 1 freeze to -1708459647563
[22:07:27.588] [SEVERE ] updating countdown to 16987
[22:07:27.590] [SEVERE ] setting player 1 freeze to -1708459647590
[22:07:27.616] [SEVERE ] updating countdown to 16959
[22:07:27.616] [SEVERE ] setting player 1 freeze to -1708459647616
[22:07:27.642] [SEVERE ] updating countdown to 16933
[22:07:27.643] [SEVERE ] setting player 1 freeze to -1708459647643
[22:07:27.670] [SEVERE ] updating countdown to 16905
[22:07:27.671] [SEVERE ] setting player 1 freeze to -1708459647671
[22:07:27.697] [SEVERE ] updating countdown to 16878
[22:07:27.698] [SEVERE ] setting player 1 freeze to -1708459647698
[22:07:27.724] [SEVERE ] updating countdown to 16851
[22:07:27.725] [SEVERE ] setting player 1 freeze to -1708459647725
[22:07:27.751] [SEVERE ] updating countdown to 16824
[22:07:27.752] [SEVERE ] setting player 1 freeze to -1708459647752
[22:07:27.779] [SEVERE ] updating countdown to 16797
[22:07:27.780] [SEVERE ] setting player 1 freeze to -1708459647780
[22:07:27.806] [SEVERE ] updating countdown to 16769
[22:07:27.808] [SEVERE ] setting player 1 freeze to -1708459647808
[22:07:27.834] [SEVERE ] updating countdown to 16741
[22:07:27.835] [SEVERE ] setting player 1 freeze to -1708459647835
[22:07:27.861] [SEVERE ] updating countdown to 16714
[22:07:27.863] [SEVERE ] setting player 1 freeze to -1708459647863
[22:07:27.888] [SEVERE ] updating countdown to 16687
[22:07:27.889] [SEVERE ] setting player 1 freeze to -1708459647889
[22:07:27.915] [SEVERE ] updating countdown to 16660
[22:07:27.917] [SEVERE ] setting player 1 freeze to -1708459647917
[22:07:27.943] [SEVERE ] updating countdown to 16632
[22:07:27.944] [SEVERE ] setting player 1 freeze to -1708459647944
[22:07:27.970] [SEVERE ] updating countdown to 16605
[22:07:27.971] [SEVERE ] setting player 1 freeze to -1708459647971
[22:07:27.996] [SEVERE ] updating countdown to 16579
[22:07:27.997] [SEVERE ] setting player 1 freeze to -1708459647997
[22:07:28.022] [SEVERE ] updating countdown to 16553
[22:07:28.023] [SEVERE ] setting player 1 freeze to -1708459648023
[22:07:28.048] [SEVERE ] updating countdown to 16527
[22:07:28.050] [SEVERE ] setting player 1 freeze to -1708459648050
[22:07:28.076] [SEVERE ] updating countdown to 16499
[22:07:28.076] [SEVERE ] setting player 1 freeze to -1708459648076
[22:07:28.102] [SEVERE ] updating countdown to 16473
[22:07:28.102] [SEVERE ] setting player 1 freeze to -1708459648102
[22:07:28.128] [SEVERE ] updating countdown to 16447
[22:07:28.129] [SEVERE ] setting player 1 freeze to -1708459648129
[22:07:28.157] [SEVERE ] updating countdown to 16418
[22:07:28.158] [SEVERE ] setting player 1 freeze to -1708459648158
[22:07:28.184] [SEVERE ] updating countdown to 16391
[22:07:28.185] [SEVERE ] setting player 1 freeze to -1708459648185
[22:07:28.210] [SEVERE ] updating countdown to 16365
[22:07:28.211] [SEVERE ] setting player 1 freeze to -1708459648211
[22:07:28.237] [SEVERE ] updating countdown to 16338
[22:07:28.238] [SEVERE ] setting player 1 freeze to -1708459648238
[22:07:28.264] [SEVERE ] updating countdown to 16311
[22:07:28.264] [SEVERE ] setting player 1 freeze to -1708459648264
[22:07:28.289] [SEVERE ] updating countdown to 16286
[22:07:28.291] [SEVERE ] setting player 1 freeze to -1708459648291
[22:07:28.317] [SEVERE ] updating countdown to 16258
[22:07:28.318] [SEVERE ] setting player 1 freeze to -1708459648318
[22:07:28.344] [SEVERE ] updating countdown to 16231
[22:07:28.345] [SEVERE ] setting player 1 freeze to -1708459648345
[22:07:28.371] [SEVERE ] updating countdown to 16204
[22:07:28.371] [SEVERE ] setting player 1 freeze to -1708459648371
[22:07:28.397] [SEVERE ] updating countdown to 16178
[22:07:28.398] [SEVERE ] setting player 1 freeze to -1708459648398
[22:07:28.426] [SEVERE ] updating countdown to 16149
[22:07:28.438] [SEVERE ] setting player 1 freeze to -1708459648438
[22:07:28.464] [SEVERE ] updating countdown to 16111
[22:07:28.465] [SEVERE ] setting player 1 freeze to -1708459648465
[22:07:28.490] [SEVERE ] updating countdown to 16085
[22:07:28.491] [SEVERE ] setting player 1 freeze to -1708459648491
[22:07:28.517] [SEVERE ] updating countdown to 16058
[22:07:28.518] [SEVERE ] setting player 1 freeze to -1708459648518
[22:07:28.544] [SEVERE ] updating countdown to 16031
[22:07:28.544] [SEVERE ] setting player 1 freeze to -1708459648544
[22:07:28.570] [SEVERE ] updating countdown to 16005
[22:07:28.571] [SEVERE ] setting player 1 freeze to -1708459648571
[22:07:28.596] [SEVERE ] updating countdown to 15979
[22:07:28.597] [SEVERE ] setting player 1 freeze to -1708459648597
[22:07:28.623] [SEVERE ] updating countdown to 15952
[22:07:28.624] [SEVERE ] setting player 1 freeze to -1708459648624
[22:07:28.649] [SEVERE ] updating countdown to 15926
[22:07:28.651] [SEVERE ] setting player 1 freeze to -1708459648651
[22:07:28.676] [SEVERE ] updating countdown to 15899
[22:07:28.677] [SEVERE ] setting player 1 freeze to -1708459648677
[22:07:28.702] [SEVERE ] updating countdown to 15873
[22:07:28.703] [SEVERE ] setting player 1 freeze to -1708459648703
[22:07:28.729] [SEVERE ] updating countdown to 15847
[22:07:28.730] [SEVERE ] setting player 1 freeze to -1708459648730
[22:07:28.755] [SEVERE ] updating countdown to 15820
[22:07:28.756] [SEVERE ] setting player 1 freeze to -1708459648756
[22:07:28.782] [SEVERE ] updating countdown to 15793
[22:07:28.782] [SEVERE ] setting player 1 freeze to -1708459648782
[22:07:28.808] [SEVERE ] updating countdown to 15767
[22:07:28.809] [SEVERE ] setting player 1 freeze to -1708459648809
[22:07:28.834] [SEVERE ] updating countdown to 15741
[22:07:28.835] [SEVERE ] setting player 1 freeze to -1708459648835
[22:07:28.861] [SEVERE ] updating countdown to 15714
[22:07:28.862] [SEVERE ] setting player 1 freeze to -1708459648862
[22:07:28.888] [SEVERE ] updating countdown to 15687
[22:07:28.890] [SEVERE ] setting player 1 freeze to -1708459648890
[22:07:28.916] [SEVERE ] updating countdown to 15659
[22:07:28.917] [SEVERE ] setting player 1 freeze to -1708459648917
[22:07:28.943] [SEVERE ] updating countdown to 15632
[22:07:28.944] [SEVERE ] setting player 1 freeze to -1708459648944
[22:07:28.970] [SEVERE ] updating countdown to 15605
[22:07:28.971] [SEVERE ] setting player 1 freeze to -1708459648971
[22:07:28.997] [SEVERE ] updating countdown to 15578
[22:07:28.997] [SEVERE ] setting player 1 freeze to -1708459648997
[22:07:29.023] [SEVERE ] updating countdown to 15552
[22:07:29.024] [SEVERE ] setting player 1 freeze to -1708459649024
[22:07:29.050] [SEVERE ] updating countdown to 15525
[22:07:29.051] [SEVERE ] setting player 1 freeze to -1708459649051
[22:07:29.076] [SEVERE ] updating countdown to 15499
[22:07:29.078] [SEVERE ] setting player 1 freeze to -1708459649078
[22:07:29.103] [SEVERE ] updating countdown to 15472
[22:07:29.105] [SEVERE ] setting player 1 freeze to -1708459649105
[22:07:29.131] [SEVERE ] updating countdown to 15444
[22:07:29.132] [SEVERE ] setting player 1 freeze to -1708459649132
[22:07:29.157] [SEVERE ] updating countdown to 15418
[22:07:29.158] [SEVERE ] setting player 1 freeze to -1708459649158
[22:07:29.184] [SEVERE ] updating countdown to 15391
[22:07:29.185] [SEVERE ] setting player 1 freeze to -1708459649185
[22:07:29.210] [SEVERE ] updating countdown to 15365
[22:07:29.211] [SEVERE ] setting player 1 freeze to -1708459649211
[22:07:29.237] [SEVERE ] updating countdown to 15338
[22:07:29.237] [SEVERE ] setting player 1 freeze to -1708459649237
[22:07:29.263] [SEVERE ] updating countdown to 15312
[22:07:29.265] [SEVERE ] setting player 1 freeze to -1708459649265
[22:07:29.291] [SEVERE ] updating countdown to 15284
[22:07:29.292] [SEVERE ] setting player 1 freeze to -1708459649292
[22:07:29.318] [SEVERE ] updating countdown to 15258
[22:07:29.318] [SEVERE ] setting player 1 freeze to -1708459649318
[22:07:29.345] [SEVERE ] updating countdown to 15230
[22:07:29.346] [SEVERE ] setting player 1 freeze to -1708459649346
[22:07:29.371] [SEVERE ] updating countdown to 15204
[22:07:29.372] [SEVERE ] setting player 1 freeze to -1708459649372
[22:07:29.398] [SEVERE ] updating countdown to 15177
[22:07:29.400] [SEVERE ] setting player 1 freeze to -1708459649400
[22:07:29.426] [SEVERE ] updating countdown to 15149
[22:07:29.427] [SEVERE ] setting player 1 freeze to -1708459649427
[22:07:29.453] [SEVERE ] updating countdown to 15122
[22:07:29.455] [SEVERE ] setting player 1 freeze to -1708459649455
[22:07:29.482] [SEVERE ] updating countdown to 15093
[22:07:29.483] [SEVERE ] setting player 1 freeze to -1708459649483
[22:07:29.509] [SEVERE ] updating countdown to 15066
[22:07:29.511] [SEVERE ] setting player 1 freeze to -1708459649511
[22:07:29.537] [SEVERE ] updating countdown to 15038
[22:07:29.539] [SEVERE ] setting player 1 freeze to -1708459649539
[22:07:29.566] [SEVERE ] updating countdown to 15009
[22:07:29.567] [SEVERE ] setting player 1 freeze to -1708459649567
[22:07:29.594] [SEVERE ] updating countdown to 14981
[22:07:29.595] [SEVERE ] setting player 1 freeze to -1708459649595
[22:07:29.621] [SEVERE ] updating countdown to 14954
[22:07:29.622] [SEVERE ] setting player 1 freeze to -1708459649622
[22:07:29.648] [SEVERE ] updating countdown to 14927
[22:07:29.649] [SEVERE ] setting player 1 freeze to -1708459649649
[22:07:29.674] [SEVERE ] updating countdown to 14901
[22:07:29.675] [SEVERE ] setting player 1 freeze to -1708459649675
[22:07:29.701] [SEVERE ] updating countdown to 14874
[22:07:29.702] [SEVERE ] setting player 1 freeze to -1708459649702
[22:07:29.729] [SEVERE ] updating countdown to 14846
[22:07:29.729] [SEVERE ] setting player 1 freeze to -1708459649729
[22:07:29.755] [SEVERE ] updating countdown to 14820
[22:07:29.756] [SEVERE ] setting player 1 freeze to -1708459649756
[22:07:29.781] [SEVERE ] updating countdown to 14794
[22:07:29.782] [SEVERE ] setting player 1 freeze to -1708459649782
[22:07:29.809] [SEVERE ] updating countdown to 14766
[22:07:29.810] [SEVERE ] setting player 1 freeze to -1708459649810
[22:07:29.836] [SEVERE ] updating countdown to 14739
[22:07:29.838] [SEVERE ] setting player 1 freeze to -1708459649838
[22:07:29.864] [SEVERE ] updating countdown to 14711
[22:07:29.864] [SEVERE ] setting player 1 freeze to -1708459649864
[22:07:29.890] [SEVERE ] updating countdown to 14685
[22:07:29.893] [SEVERE ] setting player 1 freeze to -1708459649893
[22:07:29.919] [SEVERE ] updating countdown to 14656
[22:07:29.920] [SEVERE ] setting player 1 freeze to -1708459649920
[22:07:29.946] [SEVERE ] updating countdown to 14629
[22:07:29.947] [SEVERE ] setting player 1 freeze to -1708459649947
[22:07:29.973] [SEVERE ] updating countdown to 14602
[22:07:29.973] [SEVERE ] setting player 1 freeze to -1708459649973
[22:07:29.999] [SEVERE ] updating countdown to 14576
[22:07:30.000] [SEVERE ] setting player 1 freeze to -1708459650000
[22:07:30.026] [SEVERE ] updating countdown to 14549
[22:07:30.027] [SEVERE ] setting player 1 freeze to -1708459650027
[22:07:30.053] [SEVERE ] updating countdown to 14522
[22:07:30.053] [SEVERE ] setting player 1 freeze to -1708459650053
[22:07:30.080] [SEVERE ] updating countdown to 14495
[22:07:30.080] [SEVERE ] setting player 1 freeze to -1708459650080
[22:07:30.106] [SEVERE ] updating countdown to 14469
[22:07:30.106] [SEVERE ] setting player 1 freeze to -1708459650106
[22:07:30.131] [SEVERE ] updating countdown to 14444
[22:07:30.132] [SEVERE ] setting player 1 freeze to -1708459650132
[22:07:30.158] [SEVERE ] updating countdown to 14417
[22:07:30.159] [SEVERE ] setting player 1 freeze to -1708459650159
[22:07:30.185] [SEVERE ] updating countdown to 14390
[22:07:30.186] [SEVERE ] setting player 1 freeze to -1708459650186
[22:07:30.212] [SEVERE ] updating countdown to 14363
[22:07:30.212] [SEVERE ] setting player 1 freeze to -1708459650212
[22:07:30.238] [SEVERE ] updating countdown to 14337
[22:07:30.238] [SEVERE ] setting player 1 freeze to -1708459650238
[22:07:30.264] [SEVERE ] updating countdown to 14311
[22:07:30.265] [SEVERE ] setting player 1 freeze to -1708459650265
[22:07:30.291] [SEVERE ] updating countdown to 14284
[22:07:30.291] [SEVERE ] setting player 1 freeze to -1708459650291
[22:07:30.317] [SEVERE ] updating countdown to 14258
[22:07:30.318] [SEVERE ] setting player 1 freeze to -1708459650318
[22:07:30.344] [SEVERE ] updating countdown to 14231
[22:07:30.345] [SEVERE ] setting player 1 freeze to -1708459650345
[22:07:30.371] [SEVERE ] updating countdown to 14204
[22:07:30.371] [SEVERE ] setting player 1 freeze to -1708459650371
[22:07:30.397] [SEVERE ] updating countdown to 14178
[22:07:30.398] [SEVERE ] setting player 1 freeze to -1708459650398
[22:07:30.423] [SEVERE ] updating countdown to 14152
[22:07:30.424] [SEVERE ] setting player 1 freeze to -1708459650424
[22:07:30.449] [SEVERE ] updating countdown to 14126
[22:07:30.451] [SEVERE ] setting player 1 freeze to -1708459650451
[22:07:30.478] [SEVERE ] updating countdown to 14097
[22:07:30.478] [SEVERE ] setting player 1 freeze to -1708459650478
[22:07:30.503] [SEVERE ] updating countdown to 14072
[22:07:30.504] [SEVERE ] setting player 1 freeze to -1708459650504
[22:07:30.529] [SEVERE ] updating countdown to 14046
[22:07:30.530] [SEVERE ] setting player 1 freeze to -1708459650530
[22:07:30.556] [SEVERE ] updating countdown to 14019
[22:07:30.556] [SEVERE ] setting player 1 freeze to -1708459650556
[22:07:30.582] [SEVERE ] updating countdown to 13993
[22:07:30.583] [SEVERE ] setting player 1 freeze to -1708459650583
[22:07:30.608] [SEVERE ] updating countdown to 13967
[22:07:30.609] [SEVERE ] setting player 1 freeze to -1708459650609
[22:07:30.635] [SEVERE ] updating countdown to 13940
[22:07:30.635] [SEVERE ] setting player 1 freeze to -1708459650635
[22:07:30.661] [SEVERE ] updating countdown to 13915
[22:07:30.661] [SEVERE ] setting player 1 freeze to -1708459650661
[22:07:30.687] [SEVERE ] updating countdown to 13888
[22:07:30.688] [SEVERE ] setting player 1 freeze to -1708459650688
[22:07:30.714] [SEVERE ] updating countdown to 13861
[22:07:30.715] [SEVERE ] setting player 1 freeze to -1708459650715
[22:07:30.741] [SEVERE ] updating countdown to 13834
[22:07:30.742] [SEVERE ] setting player 1 freeze to -1708459650742
[22:07:30.768] [SEVERE ] updating countdown to 13807
[22:07:30.769] [SEVERE ] setting player 1 freeze to -1708459650769
[22:07:30.795] [SEVERE ] updating countdown to 13780
[22:07:30.796] [SEVERE ] setting player 1 freeze to -1708459650796
[22:07:30.822] [SEVERE ] updating countdown to 13753
[22:07:30.823] [SEVERE ] setting player 1 freeze to -1708459650823
[22:07:30.848] [SEVERE ] updating countdown to 13727
[22:07:30.850] [SEVERE ] setting player 1 freeze to -1708459650850
[22:07:30.877] [SEVERE ] updating countdown to 13698
[22:07:30.878] [SEVERE ] setting player 1 freeze to -1708459650878
[22:07:30.904] [SEVERE ] updating countdown to 13671
[22:07:30.905] [SEVERE ] setting player 1 freeze to -1708459650905
[22:07:30.931] [SEVERE ] updating countdown to 13644
[22:07:30.932] [SEVERE ] setting player 1 freeze to -1708459650932
[22:07:30.957] [SEVERE ] updating countdown to 13618
[22:07:30.959] [SEVERE ] setting player 1 freeze to -1708459650959
[22:07:30.985] [SEVERE ] updating countdown to 13590
[22:07:30.985] [SEVERE ] setting player 1 freeze to -1708459650985
[22:07:31.010] [SEVERE ] updating countdown to 13565
[22:07:31.011] [SEVERE ] setting player 1 freeze to -1708459651011
[22:07:31.037] [SEVERE ] updating countdown to 13538
[22:07:31.038] [SEVERE ] setting player 1 freeze to -1708459651038
[22:07:31.064] [SEVERE ] updating countdown to 13511
[22:07:31.065] [SEVERE ] setting player 1 freeze to -1708459651065
[22:07:31.090] [SEVERE ] updating countdown to 13485
[22:07:31.091] [SEVERE ] setting player 1 freeze to -1708459651091
[22:07:31.117] [SEVERE ] updating countdown to 13458
[22:07:31.118] [SEVERE ] setting player 1 freeze to -1708459651118
[22:07:31.144] [SEVERE ] updating countdown to 13431
[22:07:31.144] [SEVERE ] setting player 1 freeze to -1708459651144
[22:07:31.169] [SEVERE ] updating countdown to 13406
[22:07:31.170] [SEVERE ] setting player 1 freeze to -1708459651170
[22:07:31.196] [SEVERE ] updating countdown to 13379
[22:07:31.196] [SEVERE ] setting player 1 freeze to -1708459651196
[22:07:31.222] [SEVERE ] updating countdown to 13353
[22:07:31.223] [SEVERE ] setting player 1 freeze to -1708459651223
[22:07:31.248] [SEVERE ] updating countdown to 13327
[22:07:31.249] [SEVERE ] setting player 1 freeze to -1708459651249
[22:07:31.275] [SEVERE ] updating countdown to 13300
[22:07:31.276] [SEVERE ] setting player 1 freeze to -1708459651276
[22:07:31.301] [SEVERE ] updating countdown to 13274
[22:07:31.303] [SEVERE ] setting player 1 freeze to -1708459651302
[22:07:31.329] [SEVERE ] updating countdown to 13246
[22:07:31.330] [SEVERE ] setting player 1 freeze to -1708459651330
[22:07:31.356] [SEVERE ] updating countdown to 13219
[22:07:31.357] [SEVERE ] setting player 1 freeze to -1708459651357
[22:07:31.382] [SEVERE ] updating countdown to 13193
[22:07:31.383] [SEVERE ] setting player 1 freeze to -1708459651383
[22:07:31.409] [SEVERE ] updating countdown to 13166
[22:07:31.410] [SEVERE ] setting player 1 freeze to -1708459651410
[22:07:31.436] [SEVERE ] updating countdown to 13139
[22:07:31.437] [SEVERE ] setting player 1 freeze to -1708459651437
[22:07:31.463] [SEVERE ] updating countdown to 13112
[22:07:31.464] [SEVERE ] setting player 1 freeze to -1708459651464
[22:07:31.490] [SEVERE ] updating countdown to 13085
[22:07:31.491] [SEVERE ] setting player 1 freeze to -1708459651491
[22:07:31.517] [SEVERE ] updating countdown to 13058
[22:07:31.518] [SEVERE ] setting player 1 freeze to -1708459651518
[22:07:31.544] [SEVERE ] updating countdown to 13031
[22:07:31.545] [SEVERE ] setting player 1 freeze to -1708459651545
[22:07:31.571] [SEVERE ] updating countdown to 13004
[22:07:31.572] [SEVERE ] setting player 1 freeze to -1708459651572
[22:07:31.597] [SEVERE ] updating countdown to 12978
[22:07:31.599] [SEVERE ] setting player 1 freeze to -1708459651599
[22:07:31.626] [SEVERE ] updating countdown to 12949
[22:07:31.628] [SEVERE ] setting player 1 freeze to -1708459651628
[22:07:31.654] [SEVERE ] updating countdown to 12922
[22:07:31.654] [SEVERE ] setting player 1 freeze to -1708459651654
[22:07:31.680] [SEVERE ] updating countdown to 12895
[22:07:31.681] [SEVERE ] setting player 1 freeze to -1708459651681
[22:07:31.707] [SEVERE ] updating countdown to 12868
[22:07:31.707] [SEVERE ] setting player 1 freeze to -1708459651707
[22:07:31.733] [SEVERE ] updating countdown to 12842
[22:07:31.735] [SEVERE ] setting player 1 freeze to -1708459651735
[22:07:31.761] [SEVERE ] updating countdown to 12814
[22:07:31.762] [SEVERE ] setting player 1 freeze to -1708459651762
[22:07:31.789] [SEVERE ] updating countdown to 12786
[22:07:31.790] [SEVERE ] setting player 1 freeze to -1708459651790
[22:07:31.816] [SEVERE ] updating countdown to 12759
[22:07:31.816] [SEVERE ] setting player 1 freeze to -1708459651816
[22:07:31.842] [SEVERE ] updating countdown to 12733
[22:07:31.843] [SEVERE ] setting player 1 freeze to -1708459651843
[22:07:31.869] [SEVERE ] updating countdown to 12706
[22:07:31.870] [SEVERE ] setting player 1 freeze to -1708459651870
[22:07:31.896] [SEVERE ] updating countdown to 12679
[22:07:31.897] [SEVERE ] setting player 1 freeze to -1708459651897
[22:07:31.923] [SEVERE ] updating countdown to 12652
[22:07:31.924] [SEVERE ] setting player 1 freeze to -1708459651924
[22:07:31.950] [SEVERE ] updating countdown to 12625
[22:07:31.951] [SEVERE ] setting player 1 freeze to -1708459651951
[22:07:31.977] [SEVERE ] updating countdown to 12598
[22:07:31.977] [SEVERE ] setting player 1 freeze to -1708459651977
[22:07:32.003] [SEVERE ] updating countdown to 12572
[22:07:32.004] [SEVERE ] setting player 1 freeze to -1708459652004
[22:07:32.030] [SEVERE ] updating countdown to 12545
[22:07:32.031] [SEVERE ] setting player 1 freeze to -1708459652031
[22:07:32.056] [SEVERE ] updating countdown to 12519
[22:07:32.057] [SEVERE ] setting player 1 freeze to -1708459652057
[22:07:32.084] [SEVERE ] updating countdown to 12491
[22:07:32.085] [SEVERE ] setting player 1 freeze to -1708459652085
[22:07:32.110] [SEVERE ] updating countdown to 12465
[22:07:32.111] [SEVERE ] setting player 1 freeze to -1708459652111
[22:07:32.137] [SEVERE ] updating countdown to 12438
[22:07:32.138] [SEVERE ] setting player 1 freeze to -1708459652138
[22:07:32.164] [SEVERE ] updating countdown to 12411
[22:07:32.165] [SEVERE ] setting player 1 freeze to -1708459652165
[22:07:32.191] [SEVERE ] updating countdown to 12384
[22:07:32.192] [SEVERE ] setting player 1 freeze to -1708459652192
[22:07:32.217] [SEVERE ] updating countdown to 12358
[22:07:32.218] [SEVERE ] setting player 1 freeze to -1708459652218
[22:07:32.244] [SEVERE ] updating countdown to 12331
[22:07:32.245] [SEVERE ] setting player 1 freeze to -1708459652245
[22:07:32.270] [SEVERE ] updating countdown to 12305
[22:07:32.271] [SEVERE ] setting player 1 freeze to -1708459652271
[22:07:32.297] [SEVERE ] updating countdown to 12278
[22:07:32.297] [SEVERE ] setting player 1 freeze to -1708459652297
[22:07:32.323] [SEVERE ] updating countdown to 12252
[22:07:32.323] [SEVERE ] setting player 1 freeze to -1708459652323
[22:07:32.349] [SEVERE ] updating countdown to 12226
[22:07:32.350] [SEVERE ] setting player 1 freeze to -1708459652350
[22:07:32.376] [SEVERE ] updating countdown to 12199
[22:07:32.377] [SEVERE ] setting player 1 freeze to -1708459652377
[22:07:32.403] [SEVERE ] updating countdown to 12172
[22:07:32.403] [SEVERE ] setting player 1 freeze to -1708459652403
[22:07:32.429] [SEVERE ] updating countdown to 12146
[22:07:32.430] [SEVERE ] setting player 1 freeze to -1708459652430
[22:07:32.455] [SEVERE ] updating countdown to 12120
[22:07:32.456] [SEVERE ] setting player 1 freeze to -1708459652456
[22:07:32.481] [SEVERE ] updating countdown to 12094
[22:07:32.482] [SEVERE ] setting player 1 freeze to -1708459652482
[22:07:32.508] [SEVERE ] updating countdown to 12067
[22:07:32.509] [SEVERE ] setting player 1 freeze to -1708459652509
[22:07:32.534] [SEVERE ] updating countdown to 12041
[22:07:32.535] [SEVERE ] setting player 1 freeze to -1708459652535
[22:07:32.560] [SEVERE ] updating countdown to 12015
[22:07:32.561] [SEVERE ] setting player 1 freeze to -1708459652561
[22:07:32.587] [SEVERE ] updating countdown to 11988
[22:07:32.588] [SEVERE ] setting player 1 freeze to -1708459652588
[22:07:32.613] [SEVERE ] updating countdown to 11962
[22:07:32.614] [SEVERE ] setting player 1 freeze to -1708459652614
[22:07:32.640] [SEVERE ] updating countdown to 11935
[22:07:32.641] [SEVERE ] setting player 1 freeze to -1708459652641
[22:07:32.667] [SEVERE ] updating countdown to 11908
[22:07:32.667] [SEVERE ] setting player 1 freeze to -1708459652667
[22:07:32.693] [SEVERE ] updating countdown to 11882
[22:07:32.694] [SEVERE ] setting player 1 freeze to -1708459652694
[22:07:32.720] [SEVERE ] updating countdown to 11855
[22:07:32.720] [SEVERE ] setting player 1 freeze to -1708459652720
[22:07:32.745] [SEVERE ] updating countdown to 11830
[22:07:32.746] [SEVERE ] setting player 1 freeze to -1708459652746
[22:07:32.771] [SEVERE ] updating countdown to 11804
[22:07:32.772] [SEVERE ] setting player 1 freeze to -1708459652772
[22:07:32.797] [SEVERE ] updating countdown to 11778
[22:07:32.798] [SEVERE ] setting player 1 freeze to -1708459652798
[22:07:32.823] [SEVERE ] updating countdown to 11752
[22:07:32.824] [SEVERE ] setting player 1 freeze to -1708459652824
[22:07:32.849] [SEVERE ] updating countdown to 11726
[22:07:32.850] [SEVERE ] setting player 1 freeze to -1708459652850
[22:07:32.876] [SEVERE ] updating countdown to 11699
[22:07:32.876] [SEVERE ] setting player 1 freeze to -1708459652876
[22:07:32.902] [SEVERE ] updating countdown to 11673
[22:07:32.902] [SEVERE ] setting player 1 freeze to -1708459652902
[22:07:32.927] [SEVERE ] updating countdown to 11648
[22:07:32.928] [SEVERE ] setting player 1 freeze to -1708459652928
[22:07:32.954] [SEVERE ] updating countdown to 11621
[22:07:32.954] [SEVERE ] setting player 1 freeze to -1708459652954
[22:07:32.980] [SEVERE ] updating countdown to 11595
[22:07:32.980] [SEVERE ] setting player 1 freeze to -1708459652980
[22:07:33.005] [SEVERE ] updating countdown to 11570
[22:07:33.006] [SEVERE ] setting player 1 freeze to -1708459653006
[22:07:33.032] [SEVERE ] updating countdown to 11543
[22:07:33.032] [SEVERE ] setting player 1 freeze to -1708459653032
[22:07:33.058] [SEVERE ] updating countdown to 11517
[22:07:33.058] [SEVERE ] setting player 1 freeze to -1708459653058
[22:07:33.083] [SEVERE ] updating countdown to 11492
[22:07:33.085] [SEVERE ] setting player 1 freeze to -1708459653084
[22:07:33.111] [SEVERE ] updating countdown to 11464
[22:07:33.112] [SEVERE ] setting player 1 freeze to -1708459653112
[22:07:33.138] [SEVERE ] updating countdown to 11437
[22:07:33.139] [SEVERE ] setting player 1 freeze to -1708459653139
[22:07:33.147] [SEVERE ] key 69 was pressed by player 1
[22:07:33.165] [SEVERE ] updating countdown to 11410
[22:07:33.166] [SEVERE ] setting player 1 freeze to -1708459653166
[22:07:33.192] [SEVERE ] updating countdown to 11383
[22:07:33.193] [SEVERE ] setting player 1 freeze to -1708459653193
[22:07:33.218] [SEVERE ] updating countdown to 11357
[22:07:33.219] [SEVERE ] setting player 1 freeze to -1708459653219
[22:07:33.244] [SEVERE ] updating countdown to 11331
[22:07:33.245] [SEVERE ] setting player 1 freeze to -1708459653245
[22:07:33.271] [SEVERE ] updating countdown to 11304
[22:07:33.271] [SEVERE ] setting player 1 freeze to -1708459653271
[22:07:33.297] [SEVERE ] updating countdown to 11278
[22:07:33.298] [SEVERE ] setting player 1 freeze to -1708459653298
[22:07:33.323] [SEVERE ] updating countdown to 11252
[22:07:33.324] [SEVERE ] setting player 1 freeze to -1708459653324
[22:07:33.350] [SEVERE ] updating countdown to 11225
[22:07:33.351] [SEVERE ] setting player 1 freeze to -1708459653351
[22:07:33.377] [SEVERE ] updating countdown to 11198
[22:07:33.378] [SEVERE ] setting player 1 freeze to -1708459653378
[22:07:33.403] [SEVERE ] updating countdown to 11172
[22:07:33.404] [SEVERE ] setting player 1 freeze to -1708459653404
[22:07:33.430] [SEVERE ] updating countdown to 11145
[22:07:33.431] [SEVERE ] setting player 1 freeze to -1708459653431
[22:07:33.457] [SEVERE ] updating countdown to 11118
[22:07:33.458] [SEVERE ] setting player 1 freeze to -1708459653458
[22:07:33.484] [SEVERE ] updating countdown to 11091
[22:07:33.485] [SEVERE ] setting player 1 freeze to -1708459653485
[22:07:33.510] [SEVERE ] updating countdown to 11065
[22:07:33.511] [SEVERE ] setting player 1 freeze to -1708459653511
[22:07:33.538] [SEVERE ] updating countdown to 11037
[22:07:33.538] [SEVERE ] setting player 1 freeze to -1708459653538
[22:07:33.564] [SEVERE ] updating countdown to 11011
[22:07:33.565] [SEVERE ] setting player 1 freeze to -1708459653565
[22:07:33.591] [SEVERE ] updating countdown to 10984
[22:07:33.592] [SEVERE ] setting player 1 freeze to -1708459653592
[22:07:33.619] [SEVERE ] updating countdown to 10956
[22:07:33.619] [SEVERE ] setting player 1 freeze to -1708459653619
[22:07:33.646] [SEVERE ] updating countdown to 10929
[22:07:33.647] [SEVERE ] setting player 1 freeze to -1708459653647
[22:07:33.673] [SEVERE ] updating countdown to 10902
[22:07:33.674] [SEVERE ] setting player 1 freeze to -1708459653674
[22:07:33.700] [SEVERE ] updating countdown to 10875
[22:07:33.701] [SEVERE ] setting player 1 freeze to -1708459653701
[22:07:33.727] [SEVERE ] updating countdown to 10848
[22:07:33.728] [SEVERE ] setting player 1 freeze to -1708459653728
[22:07:33.753] [SEVERE ] updating countdown to 10822
[22:07:33.754] [SEVERE ] setting player 1 freeze to -1708459653754
[22:07:33.780] [SEVERE ] updating countdown to 10795
[22:07:33.781] [SEVERE ] setting player 1 freeze to -1708459653781
[22:07:33.807] [SEVERE ] updating countdown to 10768
[22:07:33.807] [SEVERE ] setting player 1 freeze to -1708459653807
[22:07:33.833] [SEVERE ] updating countdown to 10742
[22:07:33.833] [SEVERE ] setting player 1 freeze to -1708459653833
[22:07:33.858] [SEVERE ] updating countdown to 10717
[22:07:33.859] [SEVERE ] setting player 1 freeze to -1708459653859
[22:07:33.885] [SEVERE ] updating countdown to 10690
[22:07:33.885] [SEVERE ] setting player 1 freeze to -1708459653885
[22:07:33.911] [SEVERE ] updating countdown to 10664
[22:07:33.912] [SEVERE ] setting player 1 freeze to -1708459653912
[22:07:33.938] [SEVERE ] updating countdown to 10637
[22:07:33.938] [SEVERE ] setting player 1 freeze to -1708459653938
[22:07:33.963] [SEVERE ] updating countdown to 10612
[22:07:33.964] [SEVERE ] setting player 1 freeze to -1708459653964
[22:07:33.990] [SEVERE ] updating countdown to 10585
[22:07:33.991] [SEVERE ] setting player 1 freeze to -1708459653991
[22:07:34.017] [SEVERE ] updating countdown to 10558
[22:07:34.018] [SEVERE ] setting player 1 freeze to -1708459654018
[22:07:34.044] [SEVERE ] updating countdown to 10531
[22:07:34.045] [SEVERE ] setting player 1 freeze to -1708459654045
[22:07:34.070] [SEVERE ] updating countdown to 10505
[22:07:34.071] [SEVERE ] setting player 1 freeze to -1708459654071
[22:07:34.098] [SEVERE ] updating countdown to 10477
[22:07:34.099] [SEVERE ] setting player 1 freeze to -1708459654099
[22:07:34.125] [SEVERE ] updating countdown to 10450
[22:07:34.126] [SEVERE ] setting player 1 freeze to -1708459654126
[22:07:34.151] [SEVERE ] updating countdown to 10424
[22:07:34.152] [SEVERE ] setting player 1 freeze to -1708459654152
[22:07:34.177] [SEVERE ] updating countdown to 10398
[22:07:34.179] [SEVERE ] setting player 1 freeze to -1708459654179
[22:07:34.205] [SEVERE ] updating countdown to 10370
[22:07:34.206] [SEVERE ] setting player 1 freeze to -1708459654206
[22:07:34.232] [SEVERE ] updating countdown to 10343
[22:07:34.232] [SEVERE ] setting player 1 freeze to -1708459654232
[22:07:34.258] [SEVERE ] updating countdown to 10317
[22:07:34.258] [SEVERE ] setting player 1 freeze to -1708459654258
[22:07:34.284] [SEVERE ] updating countdown to 10291
[22:07:34.284] [SEVERE ] setting player 1 freeze to -1708459654284
[22:07:34.310] [SEVERE ] updating countdown to 10265
[22:07:34.311] [SEVERE ] setting player 1 freeze to -1708459654311
[22:07:34.336] [SEVERE ] updating countdown to 10239
[22:07:34.337] [SEVERE ] setting player 1 freeze to -1708459654337
[22:07:34.363] [SEVERE ] updating countdown to 10212
[22:07:34.364] [SEVERE ] setting player 1 freeze to -1708459654364
[22:07:34.390] [SEVERE ] updating countdown to 10185
[22:07:34.391] [SEVERE ] setting player 1 freeze to -1708459654391
[22:07:34.416] [SEVERE ] updating countdown to 10159
[22:07:34.417] [SEVERE ] setting player 1 freeze to -1708459654417
[22:07:34.443] [SEVERE ] updating countdown to 10133
[22:07:34.444] [SEVERE ] setting player 1 freeze to -1708459654444
[22:07:34.470] [SEVERE ] updating countdown to 10105
[22:07:34.470] [SEVERE ] setting player 1 freeze to -1708459654470
[22:07:34.496] [SEVERE ] updating countdown to 10079
[22:07:34.497] [SEVERE ] setting player 1 freeze to -1708459654497
[22:07:34.523] [SEVERE ] updating countdown to 10052
[22:07:34.525] [SEVERE ] setting player 1 freeze to -1708459654525
[22:07:34.551] [SEVERE ] updating countdown to 10024
[22:07:34.552] [SEVERE ] setting player 1 freeze to -1708459654552
[22:07:34.578] [SEVERE ] updating countdown to 9997
[22:07:34.579] [SEVERE ] setting player 1 freeze to -1708459654579
[22:07:34.605] [SEVERE ] updating countdown to 9970
[22:07:34.606] [SEVERE ] setting player 1 freeze to -1708459654606
[22:07:34.631] [SEVERE ] updating countdown to 9944
[22:07:34.632] [SEVERE ] setting player 1 freeze to -1708459654632
[22:07:34.658] [SEVERE ] updating countdown to 9917
[22:07:34.659] [SEVERE ] setting player 1 freeze to -1708459654659
[22:07:34.684] [SEVERE ] updating countdown to 9891
[22:07:34.685] [SEVERE ] setting player 1 freeze to -1708459654685
[22:07:34.711] [SEVERE ] updating countdown to 9864
[22:07:34.712] [SEVERE ] setting player 1 freeze to -1708459654712
[22:07:34.738] [SEVERE ] updating countdown to 9837
[22:07:34.738] [SEVERE ] setting player 1 freeze to -1708459654738
[22:07:34.764] [SEVERE ] updating countdown to 9811
[22:07:34.764] [SEVERE ] setting player 1 freeze to -1708459654764
[22:07:34.790] [SEVERE ] updating countdown to 9785
[22:07:34.790] [SEVERE ] setting player 1 freeze to -1708459654790
[22:07:34.816] [SEVERE ] updating countdown to 9759
[22:07:34.817] [SEVERE ] setting player 1 freeze to -1708459654817
[22:07:34.844] [SEVERE ] updating countdown to 9731
[22:07:34.845] [SEVERE ] setting player 1 freeze to -1708459654845
[22:07:34.870] [SEVERE ] updating countdown to 9705
[22:07:34.871] [SEVERE ] setting player 1 freeze to -1708459654871
[22:07:34.896] [SEVERE ] updating countdown to 9679
[22:07:34.897] [SEVERE ] setting player 1 freeze to -1708459654897
[22:07:34.923] [SEVERE ] updating countdown to 9652
[22:07:34.924] [SEVERE ] setting player 1 freeze to -1708459654924
[22:07:34.950] [SEVERE ] updating countdown to 9625
[22:07:34.950] [SEVERE ] setting player 1 freeze to -1708459654950
[22:07:34.976] [SEVERE ] updating countdown to 9599
[22:07:34.976] [SEVERE ] setting player 1 freeze to -1708459654976
[22:07:35.001] [SEVERE ] updating countdown to 9574
[22:07:35.002] [SEVERE ] setting player 1 freeze to -1708459655002
[22:07:35.028] [SEVERE ] updating countdown to 9547
[22:07:35.028] [SEVERE ] setting player 1 freeze to -1708459655028
[22:07:35.054] [SEVERE ] updating countdown to 9521
[22:07:35.055] [SEVERE ] setting player 1 freeze to -1708459655055
[22:07:35.081] [SEVERE ] updating countdown to 9494
[22:07:35.082] [SEVERE ] setting player 1 freeze to -1708459655082
[22:07:35.108] [SEVERE ] updating countdown to 9467
[22:07:35.108] [SEVERE ] setting player 1 freeze to -1708459655108
[22:07:35.134] [SEVERE ] updating countdown to 9441
[22:07:35.135] [SEVERE ] setting player 1 freeze to -1708459655135
[22:07:35.161] [SEVERE ] updating countdown to 9414
[22:07:35.161] [SEVERE ] setting player 1 freeze to -1708459655161
[22:07:35.187] [SEVERE ] updating countdown to 9388
[22:07:35.188] [SEVERE ] setting player 1 freeze to -1708459655188
[22:07:35.214] [SEVERE ] updating countdown to 9361
[22:07:35.215] [SEVERE ] setting player 1 freeze to -1708459655215
[22:07:35.240] [SEVERE ] updating countdown to 9335
[22:07:35.241] [SEVERE ] setting player 1 freeze to -1708459655241
[22:07:35.268] [SEVERE ] updating countdown to 9307
[22:07:35.269] [SEVERE ] setting player 1 freeze to -1708459655269
[22:07:35.295] [SEVERE ] updating countdown to 9280
[22:07:35.295] [SEVERE ] setting player 1 freeze to -1708459655295
[22:07:35.320] [SEVERE ] updating countdown to 9255
[22:07:35.322] [SEVERE ] setting player 1 freeze to -1708459655322
[22:07:35.347] [SEVERE ] updating countdown to 9228
[22:07:35.348] [SEVERE ] setting player 1 freeze to -1708459655348
[22:07:35.374] [SEVERE ] updating countdown to 9201
[22:07:35.374] [SEVERE ] setting player 1 freeze to -1708459655374
[22:07:35.400] [SEVERE ] updating countdown to 9175
[22:07:35.401] [SEVERE ] setting player 1 freeze to -1708459655401
[22:07:35.427] [SEVERE ] updating countdown to 9148
[22:07:35.429] [SEVERE ] setting player 1 freeze to -1708459655429
[22:07:35.455] [SEVERE ] updating countdown to 9121
[22:07:35.455] [SEVERE ] setting player 1 freeze to -1708459655455
[22:07:35.481] [SEVERE ] updating countdown to 9094
[22:07:35.482] [SEVERE ] setting player 1 freeze to -1708459655482
[22:07:35.509] [SEVERE ] updating countdown to 9066
[22:07:35.510] [SEVERE ] setting player 1 freeze to -1708459655510
[22:07:35.535] [SEVERE ] updating countdown to 9040
[22:07:35.536] [SEVERE ] setting player 1 freeze to -1708459655536
[22:07:35.561] [SEVERE ] updating countdown to 9014
[22:07:35.562] [SEVERE ] setting player 1 freeze to -1708459655562
[22:07:35.587] [SEVERE ] updating countdown to 8988
[22:07:35.589] [SEVERE ] setting player 1 freeze to -1708459655589
[22:07:35.615] [SEVERE ] updating countdown to 8960
[22:07:35.615] [SEVERE ] setting player 1 freeze to -1708459655615
[22:07:35.641] [SEVERE ] updating countdown to 8934
[22:07:35.642] [SEVERE ] setting player 1 freeze to -1708459655642
[22:07:35.668] [SEVERE ] updating countdown to 8907
[22:07:35.670] [SEVERE ] setting player 1 freeze to -1708459655670
[22:07:35.696] [SEVERE ] updating countdown to 8879
[22:07:35.697] [SEVERE ] setting player 1 freeze to -1708459655697
[22:07:35.723] [SEVERE ] updating countdown to 8852
[22:07:35.724] [SEVERE ] setting player 1 freeze to -1708459655724
[22:07:35.750] [SEVERE ] updating countdown to 8825
[22:07:35.751] [SEVERE ] setting player 1 freeze to -1708459655751
[22:07:35.776] [SEVERE ] updating countdown to 8799
[22:07:35.777] [SEVERE ] setting player 1 freeze to -1708459655777
[22:07:35.803] [SEVERE ] updating countdown to 8773
[22:07:35.803] [SEVERE ] setting player 1 freeze to -1708459655803
[22:07:35.830] [SEVERE ] updating countdown to 8745
[22:07:35.831] [SEVERE ] setting player 1 freeze to -1708459655831
[22:07:35.857] [SEVERE ] updating countdown to 8718
[22:07:35.858] [SEVERE ] setting player 1 freeze to -1708459655858
[22:07:35.883] [SEVERE ] updating countdown to 8692
[22:07:35.884] [SEVERE ] setting player 1 freeze to -1708459655884
[22:07:35.911] [SEVERE ] updating countdown to 8665
[22:07:35.911] [SEVERE ] setting player 1 freeze to -1708459655911
[22:07:35.936] [SEVERE ] updating countdown to 8639
[22:07:35.937] [SEVERE ] setting player 1 freeze to -1708459655937
[22:07:35.963] [SEVERE ] updating countdown to 8612
[22:07:35.963] [SEVERE ] setting player 1 freeze to -1708459655963
[22:07:35.989] [SEVERE ] updating countdown to 8586
[22:07:35.989] [SEVERE ] setting player 1 freeze to -1708459655989
[22:07:36.015] [SEVERE ] updating countdown to 8560
[22:07:36.016] [SEVERE ] setting player 1 freeze to -1708459656016
[22:07:36.041] [SEVERE ] updating countdown to 8534
[22:07:36.042] [SEVERE ] setting player 1 freeze to -1708459656042
[22:07:36.067] [SEVERE ] updating countdown to 8508
[22:07:36.067] [SEVERE ] setting player 1 freeze to -1708459656067
[22:07:36.093] [SEVERE ] updating countdown to 8482
[22:07:36.093] [SEVERE ] setting player 1 freeze to -1708459656093
[22:07:36.118] [SEVERE ] updating countdown to 8457
[22:07:36.121] [SEVERE ] setting player 1 freeze to -1708459656121
[22:07:36.147] [SEVERE ] updating countdown to 8428
[22:07:36.148] [SEVERE ] setting player 1 freeze to -1708459656148
[22:07:36.173] [SEVERE ] updating countdown to 8402
[22:07:36.174] [SEVERE ] setting player 1 freeze to -1708459656174
[22:07:36.200] [SEVERE ] updating countdown to 8375
[22:07:36.201] [SEVERE ] setting player 1 freeze to -1708459656201
[22:07:36.228] [SEVERE ] updating countdown to 8347
[22:07:36.229] [SEVERE ] setting player 1 freeze to -1708459656229
[22:07:36.255] [SEVERE ] updating countdown to 8320
[22:07:36.256] [SEVERE ] setting player 1 freeze to -1708459656256
[22:07:36.282] [SEVERE ] updating countdown to 8293
[22:07:36.282] [SEVERE ] setting player 1 freeze to -1708459656282
[22:07:36.308] [SEVERE ] updating countdown to 8267
[22:07:36.309] [SEVERE ] setting player 1 freeze to -1708459656309
[22:07:36.335] [SEVERE ] updating countdown to 8240
[22:07:36.336] [SEVERE ] setting player 1 freeze to -1708459656336
[22:07:36.362] [SEVERE ] updating countdown to 8213
[22:07:36.364] [SEVERE ] setting player 1 freeze to -1708459656364
[22:07:36.390] [SEVERE ] updating countdown to 8185
[22:07:36.391] [SEVERE ] setting player 1 freeze to -1708459656391
[22:07:36.418] [SEVERE ] updating countdown to 8157
[22:07:36.418] [SEVERE ] setting player 1 freeze to -1708459656418
[22:07:36.444] [SEVERE ] updating countdown to 8131
[22:07:36.445] [SEVERE ] setting player 1 freeze to -1708459656445
[22:07:36.472] [SEVERE ] updating countdown to 8103
[22:07:36.472] [SEVERE ] setting player 1 freeze to -1708459656472
[22:07:36.498] [SEVERE ] updating countdown to 8077
[22:07:36.498] [SEVERE ] setting player 1 freeze to -1708459656498
[22:07:36.524] [SEVERE ] updating countdown to 8051
[22:07:36.524] [SEVERE ] setting player 1 freeze to -1708459656524
[22:07:36.550] [SEVERE ] updating countdown to 8025
[22:07:36.551] [SEVERE ] setting player 1 freeze to -1708459656551
[22:07:36.577] [SEVERE ] updating countdown to 7998
[22:07:36.579] [SEVERE ] setting player 1 freeze to -1708459656579
[22:07:36.605] [SEVERE ] updating countdown to 7970
[22:07:36.606] [SEVERE ] setting player 1 freeze to -1708459656606
[22:07:36.633] [SEVERE ] updating countdown to 7942
[22:07:36.634] [SEVERE ] setting player 1 freeze to -1708459656634
[22:07:36.659] [SEVERE ] updating countdown to 7916
[22:07:36.660] [SEVERE ] setting player 1 freeze to -1708459656660
[22:07:36.686] [SEVERE ] updating countdown to 7889
[22:07:36.687] [SEVERE ] setting player 1 freeze to -1708459656687
[22:07:36.713] [SEVERE ] updating countdown to 7862
[22:07:36.714] [SEVERE ] setting player 1 freeze to -1708459656714
[22:07:36.740] [SEVERE ] updating countdown to 7835
[22:07:36.741] [SEVERE ] setting player 1 freeze to -1708459656741
[22:07:36.766] [SEVERE ] updating countdown to 7809
[22:07:36.767] [SEVERE ] setting player 1 freeze to -1708459656767
[22:07:36.793] [SEVERE ] updating countdown to 7782
[22:07:36.794] [SEVERE ] setting player 1 freeze to -1708459656794
[22:07:36.821] [SEVERE ] updating countdown to 7754
[22:07:36.821] [SEVERE ] setting player 1 freeze to -1708459656821
[22:07:36.847] [SEVERE ] updating countdown to 7728
[22:07:36.848] [SEVERE ] setting player 1 freeze to -1708459656848
[22:07:36.873] [SEVERE ] updating countdown to 7702
[22:07:36.874] [SEVERE ] setting player 1 freeze to -1708459656874
[22:07:36.900] [SEVERE ] updating countdown to 7675
[22:07:36.901] [SEVERE ] setting player 1 freeze to -1708459656901
[22:07:36.927] [SEVERE ] updating countdown to 7648
[22:07:36.928] [SEVERE ] setting player 1 freeze to -1708459656928
[22:07:36.954] [SEVERE ] updating countdown to 7621
[22:07:36.954] [SEVERE ] setting player 1 freeze to -1708459656954
[22:07:36.980] [SEVERE ] updating countdown to 7595
[22:07:36.980] [SEVERE ] setting player 1 freeze to -1708459656980
[22:07:37.006] [SEVERE ] updating countdown to 7569
[22:07:37.007] [SEVERE ] setting player 1 freeze to -1708459657007
[22:07:37.032] [SEVERE ] updating countdown to 7543
[22:07:37.034] [SEVERE ] setting player 1 freeze to -1708459657034
[22:07:37.060] [SEVERE ] updating countdown to 7515
[22:07:37.061] [SEVERE ] setting player 1 freeze to -1708459657061
[22:07:37.088] [SEVERE ] updating countdown to 7487
[22:07:37.089] [SEVERE ] setting player 1 freeze to -1708459657089
[22:07:37.116] [SEVERE ] updating countdown to 7460
[22:07:37.117] [SEVERE ] setting player 1 freeze to -1708459657117
[22:07:37.143] [SEVERE ] updating countdown to 7432
[22:07:37.144] [SEVERE ] setting player 1 freeze to -1708459657144
[22:07:37.171] [SEVERE ] updating countdown to 7404
[22:07:37.172] [SEVERE ] setting player 1 freeze to -1708459657172
[22:07:37.198] [SEVERE ] updating countdown to 7377
[22:07:37.199] [SEVERE ] setting player 1 freeze to -1708459657199
[22:07:37.226] [SEVERE ] updating countdown to 7349
[22:07:37.227] [SEVERE ] setting player 1 freeze to -1708459657227
[22:07:37.252] [SEVERE ] updating countdown to 7323
[22:07:37.253] [SEVERE ] setting player 1 freeze to -1708459657253
[22:07:37.278] [SEVERE ] updating countdown to 7297
[22:07:37.279] [SEVERE ] setting player 1 freeze to -1708459657279
[22:07:37.304] [SEVERE ] updating countdown to 7271
[22:07:37.305] [SEVERE ] setting player 1 freeze to -1708459657305
[22:07:37.331] [SEVERE ] updating countdown to 7244
[22:07:37.332] [SEVERE ] setting player 1 freeze to -1708459657332
[22:07:37.357] [SEVERE ] updating countdown to 7218
[22:07:37.358] [SEVERE ] setting player 1 freeze to -1708459657358
[22:07:37.384] [SEVERE ] updating countdown to 7191
[22:07:37.385] [SEVERE ] setting player 1 freeze to -1708459657385
[22:07:37.411] [SEVERE ] updating countdown to 7164
[22:07:37.412] [SEVERE ] setting player 1 freeze to -1708459657412
[22:07:37.437] [SEVERE ] updating countdown to 7138
[22:07:37.438] [SEVERE ] setting player 1 freeze to -1708459657438
[22:07:37.464] [SEVERE ] updating countdown to 7111
[22:07:37.465] [SEVERE ] setting player 1 freeze to -1708459657465
[22:07:37.492] [SEVERE ] updating countdown to 7083
[22:07:37.492] [SEVERE ] setting player 1 freeze to -1708459657492
[22:07:37.518] [SEVERE ] updating countdown to 7057
[22:07:37.518] [SEVERE ] setting player 1 freeze to -1708459657518
[22:07:37.544] [SEVERE ] updating countdown to 7031
[22:07:37.545] [SEVERE ] setting player 1 freeze to -1708459657545
[22:07:37.570] [SEVERE ] updating countdown to 7005
[22:07:37.571] [SEVERE ] setting player 1 freeze to -1708459657571
[22:07:37.596] [SEVERE ] updating countdown to 6979
[22:07:37.597] [SEVERE ] setting player 1 freeze to -1708459657597
[22:07:37.623] [SEVERE ] updating countdown to 6952
[22:07:37.623] [SEVERE ] setting player 1 freeze to -1708459657623
[22:07:37.648] [SEVERE ] updating countdown to 6927
[22:07:37.650] [SEVERE ] setting player 1 freeze to -1708459657650
[22:07:37.676] [SEVERE ] updating countdown to 6899
[22:07:37.677] [SEVERE ] setting player 1 freeze to -1708459657677
[22:07:37.703] [SEVERE ] updating countdown to 6872
[22:07:37.703] [SEVERE ] setting player 1 freeze to -1708459657703
[22:07:37.729] [SEVERE ] updating countdown to 6846
[22:07:37.730] [SEVERE ] setting player 1 freeze to -1708459657730
[22:07:37.755] [SEVERE ] updating countdown to 6820
[22:07:37.756] [SEVERE ] setting player 1 freeze to -1708459657756
[22:07:37.781] [SEVERE ] updating countdown to 6794
[22:07:37.781] [SEVERE ] setting player 1 freeze to -1708459657781
[22:07:37.807] [SEVERE ] updating countdown to 6768
[22:07:37.808] [SEVERE ] setting player 1 freeze to -1708459657808
[22:07:37.833] [SEVERE ] updating countdown to 6742
[22:07:37.834] [SEVERE ] setting player 1 freeze to -1708459657834
[22:07:37.859] [SEVERE ] updating countdown to 6716
[22:07:37.860] [SEVERE ] setting player 1 freeze to -1708459657860
[22:07:37.885] [SEVERE ] updating countdown to 6690
[22:07:37.885] [SEVERE ] setting player 1 freeze to -1708459657885
[22:07:37.911] [SEVERE ] updating countdown to 6664
[22:07:37.912] [SEVERE ] setting player 1 freeze to -1708459657912
[22:07:37.937] [SEVERE ] updating countdown to 6638
[22:07:37.938] [SEVERE ] setting player 1 freeze to -1708459657938
[22:07:37.963] [SEVERE ] updating countdown to 6612
[22:07:37.965] [SEVERE ] setting player 1 freeze to -1708459657965
[22:07:37.990] [SEVERE ] updating countdown to 6585
[22:07:37.991] [SEVERE ] setting player 1 freeze to -1708459657991
[22:07:38.016] [SEVERE ] updating countdown to 6559
[22:07:38.017] [SEVERE ] setting player 1 freeze to -1708459658017
[22:07:38.042] [SEVERE ] updating countdown to 6533
[22:07:38.043] [SEVERE ] setting player 1 freeze to -1708459658043
[22:07:38.068] [SEVERE ] updating countdown to 6507
[22:07:38.069] [SEVERE ] setting player 1 freeze to -1708459658069
[22:07:38.094] [SEVERE ] updating countdown to 6481
[22:07:38.095] [SEVERE ] setting player 1 freeze to -1708459658095
[22:07:38.120] [SEVERE ] updating countdown to 6455
[22:07:38.121] [SEVERE ] setting player 1 freeze to -1708459658121
[22:07:38.147] [SEVERE ] updating countdown to 6428
[22:07:38.148] [SEVERE ] setting player 1 freeze to -1708459658148
[22:07:38.173] [SEVERE ] updating countdown to 6402
[22:07:38.174] [SEVERE ] setting player 1 freeze to -1708459658174
[22:07:38.199] [SEVERE ] updating countdown to 6376
[22:07:38.200] [SEVERE ] setting player 1 freeze to -1708459658200
[22:07:38.226] [SEVERE ] updating countdown to 6349
[22:07:38.227] [SEVERE ] setting player 1 freeze to -1708459658227
[22:07:38.253] [SEVERE ] updating countdown to 6322
[22:07:38.254] [SEVERE ] setting player 1 freeze to -1708459658254
[22:07:38.280] [SEVERE ] updating countdown to 6295
[22:07:38.281] [SEVERE ] setting player 1 freeze to -1708459658281
[22:07:38.307] [SEVERE ] updating countdown to 6268
[22:07:38.308] [SEVERE ] setting player 1 freeze to -1708459658308
[22:07:38.333] [SEVERE ] updating countdown to 6242
[22:07:38.334] [SEVERE ] setting player 1 freeze to -1708459658334
[22:07:38.359] [SEVERE ] updating countdown to 6216
[22:07:38.360] [SEVERE ] setting player 1 freeze to -1708459658360
[22:07:38.386] [SEVERE ] updating countdown to 6189
[22:07:38.386] [SEVERE ] setting player 1 freeze to -1708459658386
[22:07:38.412] [SEVERE ] updating countdown to 6163
[22:07:38.412] [SEVERE ] setting player 1 freeze to -1708459658412
[22:07:38.438] [SEVERE ] updating countdown to 6137
[22:07:38.438] [SEVERE ] setting player 1 freeze to -1708459658438
[22:07:38.463] [SEVERE ] updating countdown to 6112
[22:07:38.464] [SEVERE ] setting player 1 freeze to -1708459658464
[22:07:38.489] [SEVERE ] updating countdown to 6086
[22:07:38.490] [SEVERE ] setting player 1 freeze to -1708459658490
[22:07:38.516] [SEVERE ] updating countdown to 6059
[22:07:38.517] [SEVERE ] setting player 1 freeze to -1708459658517
[22:07:38.543] [SEVERE ] updating countdown to 6032
[22:07:38.543] [SEVERE ] setting player 1 freeze to -1708459658543
[22:07:38.569] [SEVERE ] updating countdown to 6006
[22:07:38.570] [SEVERE ] setting player 1 freeze to -1708459658570
[22:07:38.596] [SEVERE ] updating countdown to 5979
[22:07:38.598] [SEVERE ] setting player 1 freeze to -1708459658598
[22:07:38.623] [SEVERE ] updating countdown to 5952
[22:07:38.625] [SEVERE ] setting player 1 freeze to -1708459658625
[22:07:38.651] [SEVERE ] updating countdown to 5924
[22:07:38.654] [SEVERE ] setting player 1 freeze to -1708459658654
[22:07:38.679] [SEVERE ] updating countdown to 5896
[22:07:38.680] [SEVERE ] setting player 1 freeze to -1708459658680
[22:07:38.705] [SEVERE ] updating countdown to 5870
[22:07:38.707] [SEVERE ] setting player 1 freeze to -1708459658707
[22:07:38.733] [SEVERE ] updating countdown to 5842
[22:07:38.734] [SEVERE ] setting player 1 freeze to -1708459658734
[22:07:38.759] [SEVERE ] updating countdown to 5816
[22:07:38.760] [SEVERE ] setting player 1 freeze to -1708459658760
[22:07:38.786] [SEVERE ] updating countdown to 5789
[22:07:38.787] [SEVERE ] setting player 1 freeze to -1708459658787
[22:07:38.812] [SEVERE ] updating countdown to 5763
[22:07:38.813] [SEVERE ] setting player 1 freeze to -1708459658813
[22:07:38.838] [SEVERE ] updating countdown to 5737
[22:07:38.841] [SEVERE ] setting player 1 freeze to -1708459658841
[22:07:38.867] [SEVERE ] updating countdown to 5708
[22:07:38.868] [SEVERE ] setting player 1 freeze to -1708459658868
[22:07:38.894] [SEVERE ] updating countdown to 5681
[22:07:38.895] [SEVERE ] setting player 1 freeze to -1708459658895
[22:07:38.921] [SEVERE ] updating countdown to 5654
[22:07:38.922] [SEVERE ] setting player 1 freeze to -1708459658922
[22:07:38.947] [SEVERE ] updating countdown to 5628
[22:07:38.947] [SEVERE ] setting player 1 freeze to -1708459658947
[22:07:38.973] [SEVERE ] updating countdown to 5602
[22:07:38.974] [SEVERE ] setting player 1 freeze to -1708459658974
[22:07:39.000] [SEVERE ] updating countdown to 5575
[22:07:39.001] [SEVERE ] setting player 1 freeze to -1708459659001
[22:07:39.026] [SEVERE ] updating countdown to 5549
[22:07:39.027] [SEVERE ] setting player 1 freeze to -1708459659027
[22:07:39.053] [SEVERE ] updating countdown to 5522
[22:07:39.054] [SEVERE ] setting player 1 freeze to -1708459659054
[22:07:39.081] [SEVERE ] updating countdown to 5494
[22:07:39.082] [SEVERE ] setting player 1 freeze to -1708459659082
[22:07:39.107] [SEVERE ] updating countdown to 5468
[22:07:39.108] [SEVERE ] setting player 1 freeze to -1708459659108
[22:07:39.133] [SEVERE ] updating countdown to 5442
[22:07:39.135] [SEVERE ] setting player 1 freeze to -1708459659135
[22:07:39.161] [SEVERE ] updating countdown to 5414
[22:07:39.161] [SEVERE ] setting player 1 freeze to -1708459659161
[22:07:39.187] [SEVERE ] updating countdown to 5388
[22:07:39.188] [SEVERE ] setting player 1 freeze to -1708459659188
[22:07:39.214] [SEVERE ] updating countdown to 5361
[22:07:39.215] [SEVERE ] setting player 1 freeze to -1708459659215
[22:07:39.241] [SEVERE ] updating countdown to 5334
[22:07:39.242] [SEVERE ] setting player 1 freeze to -1708459659242
[22:07:39.268] [SEVERE ] updating countdown to 5307
[22:07:39.269] [SEVERE ] setting player 1 freeze to -1708459659269
[22:07:39.295] [SEVERE ] updating countdown to 5280
[22:07:39.296] [SEVERE ] setting player 1 freeze to -1708459659296
[22:07:39.322] [SEVERE ] updating countdown to 5253
[22:07:39.323] [SEVERE ] setting player 1 freeze to -1708459659323
[22:07:39.349] [SEVERE ] updating countdown to 5226
[22:07:39.350] [SEVERE ] setting player 1 freeze to -1708459659350
[22:07:39.376] [SEVERE ] updating countdown to 5199
[22:07:39.377] [SEVERE ] setting player 1 freeze to -1708459659377
[22:07:39.403] [SEVERE ] updating countdown to 5172
[22:07:39.404] [SEVERE ] setting player 1 freeze to -1708459659404
[22:07:39.429] [SEVERE ] updating countdown to 5146
[22:07:39.430] [SEVERE ] setting player 1 freeze to -1708459659430
[22:07:39.456] [SEVERE ] updating countdown to 5119
[22:07:39.456] [SEVERE ] setting player 1 freeze to -1708459659456
[22:07:39.482] [SEVERE ] updating countdown to 5093
[22:07:39.486] [SEVERE ] setting player 1 freeze to -1708459659486
[22:07:39.512] [SEVERE ] updating countdown to 5063
[22:07:39.513] [SEVERE ] setting player 1 freeze to -1708459659513
[22:07:39.538] [SEVERE ] updating countdown to 5037
[22:07:39.539] [SEVERE ] setting player 1 freeze to -1708459659539
[22:07:39.565] [SEVERE ] updating countdown to 5010
[22:07:39.566] [SEVERE ] setting player 1 freeze to -1708459659566
[22:07:39.593] [SEVERE ] setting player 1 freeze to -1708459659593
[22:07:39.619] [SEVERE ] setting player 1 freeze to -1708459659619
[22:07:39.646] [SEVERE ] setting player 1 freeze to -1708459659646
[22:07:39.673] [SEVERE ] setting player 1 freeze to -1708459659673
[22:07:39.700] [SEVERE ] setting player 1 freeze to -1708459659700
[22:07:39.726] [SEVERE ] setting player 1 freeze to -1708459659726
[22:07:39.752] [SEVERE ] setting player 1 freeze to -1708459659752
[22:07:39.779] [SEVERE ] setting player 1 freeze to -1708459659779
[22:07:39.806] [SEVERE ] setting player 1 freeze to -1708459659806
[22:07:39.832] [SEVERE ] setting player 1 freeze to -1708459659832
[22:07:39.858] [SEVERE ] setting player 1 freeze to -1708459659858
[22:07:39.884] [SEVERE ] setting player 1 freeze to -1708459659884
[22:07:39.910] [SEVERE ] setting player 1 freeze to -1708459659910
[22:07:39.937] [SEVERE ] setting player 1 freeze to -1708459659937
[22:07:39.964] [SEVERE ] setting player 1 freeze to -1708459659964
[22:07:39.990] [SEVERE ] setting player 1 freeze to -1708459659990
[22:07:40.017] [SEVERE ] setting player 1 freeze to -1708459660017
[22:07:40.043] [SEVERE ] setting player 1 freeze to -1708459660043
[22:07:40.069] [SEVERE ] setting player 1 freeze to -1708459660069
[22:07:40.095] [SEVERE ] setting player 1 freeze to -1708459660095
[22:07:40.122] [SEVERE ] setting player 1 freeze to -1708459660122
[22:07:40.149] [SEVERE ] setting player 1 freeze to -1708459660149
[22:07:40.176] [SEVERE ] setting player 1 freeze to -1708459660176
[22:07:40.202] [SEVERE ] setting player 1 freeze to -1708459660202
[22:07:40.228] [SEVERE ] setting player 1 freeze to -1708459660228
[22:07:40.255] [SEVERE ] setting player 1 freeze to -1708459660255
[22:07:40.281] [SEVERE ] setting player 1 freeze to -1708459660281
[22:07:40.307] [SEVERE ] setting player 1 freeze to -1708459660307
[22:07:40.334] [SEVERE ] setting player 1 freeze to -1708459660334
[22:07:40.359] [SEVERE ] setting player 1 freeze to -1708459660359
[22:07:40.386] [SEVERE ] setting player 1 freeze to -1708459660386
[22:07:40.412] [SEVERE ] setting player 1 freeze to -1708459660412
[22:07:40.438] [SEVERE ] setting player 1 freeze to -1708459660438
[22:07:40.465] [SEVERE ] setting player 1 freeze to -1708459660465
[22:07:40.491] [SEVERE ] setting player 1 freeze to -1708459660491
[22:07:40.518] [SEVERE ] setting player 1 freeze to -1708459660518
[22:07:40.544] [SEVERE ] setting player 1 freeze to -1708459660544
[22:07:40.570] [SEVERE ] setting player 1 freeze to -1708459660570
[22:07:40.596] [SEVERE ] setting player 1 freeze to -1708459660596
[22:07:40.622] [SEVERE ] setting player 1 freeze to -1708459660622
[22:07:40.648] [SEVERE ] setting player 1 freeze to -1708459660648
[22:07:40.674] [SEVERE ] setting player 1 freeze to -1708459660674
[22:07:40.700] [SEVERE ] setting player 1 freeze to -1708459660700
[22:07:40.727] [SEVERE ] setting player 1 freeze to -1708459660727
[22:07:40.753] [SEVERE ] setting player 1 freeze to -1708459660753
[22:07:40.780] [SEVERE ] setting player 1 freeze to -1708459660780
[22:07:40.806] [SEVERE ] setting player 1 freeze to -1708459660806
[22:07:40.832] [SEVERE ] setting player 1 freeze to -1708459660832
[22:07:40.858] [SEVERE ] setting player 1 freeze to -1708459660858
[22:07:40.884] [SEVERE ] setting player 1 freeze to -1708459660884
[22:07:40.910] [SEVERE ] setting player 1 freeze to -1708459660910
[22:07:40.936] [SEVERE ] setting player 1 freeze to -1708459660936
[22:07:40.962] [SEVERE ] setting player 1 freeze to -1708459660962
[22:07:40.988] [SEVERE ] setting player 1 freeze to -1708459660988
[22:07:41.014] [SEVERE ] setting player 1 freeze to -1708459661014
[22:07:41.040] [SEVERE ] setting player 1 freeze to -1708459661040
[22:07:41.067] [SEVERE ] setting player 1 freeze to -1708459661067
[22:07:41.093] [SEVERE ] setting player 1 freeze to -1708459661093
[22:07:41.119] [SEVERE ] setting player 1 freeze to -1708459661119
[22:07:41.146] [SEVERE ] setting player 1 freeze to -1708459661146
[22:07:41.172] [SEVERE ] setting player 1 freeze to -1708459661172
[22:07:41.199] [SEVERE ] setting player 1 freeze to -1708459661199
[22:07:41.225] [SEVERE ] setting player 1 freeze to -1708459661225
[22:07:41.252] [SEVERE ] setting player 1 freeze to -1708459661252
[22:07:41.279] [SEVERE ] setting player 1 freeze to -1708459661279
[22:07:41.305] [SEVERE ] setting player 1 freeze to -1708459661305
[22:07:41.331] [SEVERE ] setting player 1 freeze to -1708459661331
[22:07:41.364] [SEVERE ] setting player 1 freeze to -1708459661364
[22:07:41.391] [SEVERE ] setting player 1 freeze to -1708459661391
[22:07:41.417] [SEVERE ] setting player 1 freeze to -1708459661417
[22:07:41.444] [SEVERE ] setting player 1 freeze to -1708459661444
[22:07:41.471] [SEVERE ] setting player 1 freeze to -1708459661471
[22:07:41.498] [SEVERE ] setting player 1 freeze to -1708459661498
[22:07:41.525] [SEVERE ] setting player 1 freeze to -1708459661525
[22:07:41.552] [SEVERE ] setting player 1 freeze to -1708459661552
[22:07:41.579] [SEVERE ] setting player 1 freeze to -1708459661579
[22:07:41.606] [SEVERE ] setting player 1 freeze to -1708459661606
[22:07:41.632] [SEVERE ] setting player 1 freeze to -1708459661632
[22:07:41.658] [SEVERE ] setting player 1 freeze to -1708459661658
[22:07:41.684] [SEVERE ] setting player 1 freeze to -1708459661684
[22:07:41.711] [SEVERE ] setting player 1 freeze to -1708459661711
[22:07:41.738] [SEVERE ] setting player 1 freeze to -1708459661738
[22:07:41.765] [SEVERE ] setting player 1 freeze to -1708459661765
[22:07:41.791] [SEVERE ] setting player 1 freeze to -1708459661791
[22:07:41.819] [SEVERE ] setting player 1 freeze to -1708459661819
[22:07:41.847] [SEVERE ] setting player 1 freeze to -1708459661847
[22:07:41.873] [SEVERE ] setting player 1 freeze to -1708459661873
[22:07:41.900] [SEVERE ] setting player 1 freeze to -1708459661900
[22:07:41.928] [SEVERE ] setting player 1 freeze to -1708459661928
[22:07:41.954] [SEVERE ] setting player 1 freeze to -1708459661954
[22:07:41.980] [SEVERE ] setting player 1 freeze to -1708459661980
[22:07:42.006] [SEVERE ] setting player 1 freeze to -1708459662006
[22:07:42.032] [SEVERE ] setting player 1 freeze to -1708459662032
[22:07:42.058] [SEVERE ] setting player 1 freeze to -1708459662058
[22:07:42.084] [SEVERE ] setting player 1 freeze to -1708459662084
[22:07:42.110] [SEVERE ] setting player 1 freeze to -1708459662110
[22:07:42.136] [SEVERE ] setting player 1 freeze to -1708459662136
[22:07:42.162] [SEVERE ] setting player 1 freeze to -1708459662162
[22:07:42.188] [SEVERE ] setting player 1 freeze to -1708459662188
[22:07:42.214] [SEVERE ] setting player 1 freeze to -1708459662214
[22:07:42.240] [SEVERE ] setting player 1 freeze to -1708459662240
[22:07:42.267] [SEVERE ] setting player 1 freeze to -1708459662267
[22:07:42.293] [SEVERE ] setting player 1 freeze to -1708459662293
[22:07:42.319] [SEVERE ] setting player 1 freeze to -1708459662319
[22:07:42.344] [SEVERE ] setting player 1 freeze to -1708459662344
[22:07:42.370] [SEVERE ] setting player 1 freeze to -1708459662370
[22:07:42.396] [SEVERE ] setting player 1 freeze to -1708459662396
[22:07:42.423] [SEVERE ] setting player 1 freeze to -1708459662423
[22:07:42.449] [SEVERE ] setting player 1 freeze to -1708459662449
[22:07:42.475] [SEVERE ] setting player 1 freeze to -1708459662475
[22:07:42.502] [SEVERE ] setting player 1 freeze to -1708459662502
[22:07:42.529] [SEVERE ] setting player 1 freeze to -1708459662529
[22:07:42.555] [SEVERE ] setting player 1 freeze to -1708459662555
[22:07:42.582] [SEVERE ] setting player 1 freeze to -1708459662582
[22:07:42.609] [SEVERE ] setting player 1 freeze to -1708459662609
[22:07:42.636] [SEVERE ] setting player 1 freeze to -1708459662636
[22:07:42.662] [SEVERE ] setting player 1 freeze to -1708459662662
[22:07:42.688] [SEVERE ] setting player 1 freeze to -1708459662688
[22:07:42.715] [SEVERE ] setting player 1 freeze to -1708459662715
[22:07:42.741] [SEVERE ] setting player 1 freeze to -1708459662741
[22:07:42.768] [SEVERE ] setting player 1 freeze to -1708459662768
[22:07:42.794] [SEVERE ] setting player 1 freeze to -1708459662794
[22:07:42.820] [SEVERE ] setting player 1 freeze to -1708459662820
[22:07:42.847] [SEVERE ] setting player 1 freeze to -1708459662847
[22:07:42.872] [SEVERE ] setting player 1 freeze to -1708459662872
[22:07:42.899] [SEVERE ] setting player 1 freeze to -1708459662899
[22:07:42.914] [SEVERE ] exit button pressed
[22:07:42.925] [SEVERE ] setting player 1 freeze to -1708459662925
[22:07:43.025] [SEVERE ] removing card from slot 0
[22:07:43.126] [SEVERE ] removing card from slot 1
[22:07:43.227] [SEVERE ] removing card from slot 2
[22:07:43.329] [SEVERE ] removing card from slot 3
[22:07:43.431] [SEVERE ] removing card from slot 4
[22:07:43.533] [SEVERE ] removing card from slot 5
[22:07:43.634] [SEVERE ] removing card from slot 6
[22:07:43.740] [SEVERE ] removing card from slot 7
[22:07:43.841] [SEVERE ] removing card from slot 8
[22:07:43.942] [SEVERE ] removing card from slot 9
[22:07:44.043] [SEVERE ] removing card from slot 10
[22:07:44.144] [SEVERE ] removing card from slot 11
[22:07:44.148] [SEVERE ] announcing winner(s): player 1
[22:07:44.151] [INFO   ] thread dealer terminated.
[22:07:44.152] [INFO   ] thread dealer terminated.
[22:07:44.153] [SEVERE ] thanks for playing... it was fun!
[22:07:44.153] [INFO   ] thread bguspl.set.Main.main() terminated.
