[23:31:18.476] [INFO   ] thread bguspl.set.Main.main() starting.
[23:31:18.487] [SEVERE ] cannot read configuration file config.properties trying from resources.
[23:31:18.498] [SEVERE ] configuration file was loaded from resources directory.
[23:31:19.891] [INFO   ] thread dealer starting.
[23:31:19.892] [INFO   ] thread dealer starting.
[23:31:19.893] [INFO   ] thread Thread-1 starting.
[23:31:19.893] [INFO   ] thread Thread-3 starting.
[23:31:19.893] [INFO   ] thread Thread-2 starting.
[23:31:19.895] [INFO   ] thread computer-2 starting.
[23:31:20.000] [SEVERE ] placing card 1 in slot 0
[23:31:20.104] [SEVERE ] placing card 2 in slot 1
[23:31:20.227] [SEVERE ] placing card 0 in slot 2
[23:31:20.253] [SEVERE ] updating countdown to 59975
[23:31:20.280] [SEVERE ] updating countdown to 59948
[23:31:20.306] [SEVERE ] updating countdown to 59922
[23:31:20.338] [SEVERE ] updating countdown to 59890
[23:31:20.384] [SEVERE ] updating countdown to 59844
[23:31:20.410] [SEVERE ] updating countdown to 59818
[23:31:20.436] [SEVERE ] updating countdown to 59792
[23:31:20.461] [SEVERE ] updating countdown to 59767
[23:31:20.487] [SEVERE ] updating countdown to 59741
[23:31:20.513] [SEVERE ] updating countdown to 59715
[23:31:20.555] [SEVERE ] updating countdown to 59673
[23:31:20.583] [SEVERE ] updating countdown to 59645
[23:31:20.619] [SEVERE ] updating countdown to 59609
[23:31:20.646] [SEVERE ] updating countdown to 59582
[23:31:20.727] [SEVERE ] updating countdown to 59501
[23:31:20.753] [SEVERE ] updating countdown to 59475
[23:31:20.783] [SEVERE ] updating countdown to 59445
[23:31:20.810] [SEVERE ] updating countdown to 59418
[23:31:20.842] [SEVERE ] updating countdown to 59386
[23:31:20.868] [SEVERE ] updating countdown to 59360
[23:31:20.895] [SEVERE ] updating countdown to 59333
[23:31:20.921] [SEVERE ] updating countdown to 59307
[23:31:20.948] [SEVERE ] updating countdown to 59280
[23:31:20.975] [SEVERE ] updating countdown to 59253
[23:31:21.007] [SEVERE ] updating countdown to 59221
[23:31:21.034] [SEVERE ] updating countdown to 59194
[23:31:21.060] [SEVERE ] updating countdown to 59168
[23:31:21.087] [SEVERE ] updating countdown to 59141
[23:31:21.114] [SEVERE ] updating countdown to 59114
[23:31:21.172] [SEVERE ] updating countdown to 59057
[23:31:21.198] [SEVERE ] updating countdown to 59030
[23:31:21.225] [SEVERE ] updating countdown to 59003
[23:31:21.253] [SEVERE ] updating countdown to 58975
[23:31:21.282] [SEVERE ] updating countdown to 58946
[23:31:21.317] [SEVERE ] updating countdown to 58911
[23:31:21.343] [SEVERE ] updating countdown to 58885
[23:31:21.369] [SEVERE ] updating countdown to 58859
[23:31:21.395] [SEVERE ] updating countdown to 58833
[23:31:21.421] [SEVERE ] updating countdown to 58807
[23:31:21.451] [SEVERE ] updating countdown to 58777
[23:31:21.478] [SEVERE ] updating countdown to 58750
[23:31:21.505] [SEVERE ] updating countdown to 58723
[23:31:21.580] [SEVERE ] updating countdown to 58648
[23:31:21.630] [SEVERE ] updating countdown to 58598
[23:31:21.657] [SEVERE ] updating countdown to 58571
[23:31:21.685] [SEVERE ] updating countdown to 58544
[23:31:21.711] [SEVERE ] updating countdown to 58517
[23:31:21.789] [SEVERE ] updating countdown to 58439
[23:31:21.815] [SEVERE ] updating countdown to 58413
[23:31:21.855] [SEVERE ] updating countdown to 58373
[23:31:21.883] [SEVERE ] updating countdown to 58345
[23:31:21.910] [SEVERE ] updating countdown to 58318
[23:31:21.938] [SEVERE ] updating countdown to 58290
[23:31:21.964] [SEVERE ] updating countdown to 58264
[23:31:21.991] [SEVERE ] updating countdown to 58237
[23:31:22.018] [SEVERE ] updating countdown to 58210
[23:31:22.044] [SEVERE ] updating countdown to 58184
[23:31:22.071] [SEVERE ] updating countdown to 58157
[23:31:22.098] [SEVERE ] updating countdown to 58130
[23:31:22.136] [SEVERE ] updating countdown to 58092
[23:31:22.162] [SEVERE ] updating countdown to 58066
[23:31:22.189] [SEVERE ] updating countdown to 58039
[23:31:22.215] [SEVERE ] updating countdown to 58013
[23:31:22.242] [SEVERE ] updating countdown to 57986
[23:31:22.270] [SEVERE ] updating countdown to 57959
[23:31:22.297] [SEVERE ] updating countdown to 57931
[23:31:22.325] [SEVERE ] updating countdown to 57903
[23:31:22.354] [SEVERE ] updating countdown to 57874
[23:31:22.380] [SEVERE ] updating countdown to 57848
[23:31:22.407] [SEVERE ] updating countdown to 57821
[23:31:22.434] [SEVERE ] updating countdown to 57794
[23:31:22.460] [SEVERE ] updating countdown to 57768
[23:31:22.486] [SEVERE ] updating countdown to 57742
[23:31:22.512] [SEVERE ] updating countdown to 57716
[23:31:22.538] [SEVERE ] updating countdown to 57690
[23:31:22.564] [SEVERE ] updating countdown to 57664
[23:31:22.590] [SEVERE ] updating countdown to 57638
[23:31:22.615] [SEVERE ] updating countdown to 57613
[23:31:22.642] [SEVERE ] updating countdown to 57586
[23:31:22.676] [SEVERE ] updating countdown to 57552
[23:31:22.702] [SEVERE ] updating countdown to 57526
[23:31:22.729] [SEVERE ] updating countdown to 57499
[23:31:22.756] [SEVERE ] updating countdown to 57472
[23:31:22.791] [SEVERE ] updating countdown to 57437
[23:31:22.818] [SEVERE ] updating countdown to 57410
[23:31:22.845] [SEVERE ] updating countdown to 57383
[23:31:22.886] [SEVERE ] updating countdown to 57342
[23:31:22.911] [SEVERE ] updating countdown to 57317
[23:31:22.938] [SEVERE ] updating countdown to 57290
[23:31:22.965] [SEVERE ] updating countdown to 57263
[23:31:22.992] [SEVERE ] updating countdown to 57236
[23:31:23.025] [SEVERE ] updating countdown to 57203
[23:31:23.066] [SEVERE ] updating countdown to 57162
[23:31:23.092] [SEVERE ] updating countdown to 57136
[23:31:23.118] [SEVERE ] updating countdown to 57110
[23:31:23.146] [SEVERE ] updating countdown to 57082
[23:31:23.215] [SEVERE ] updating countdown to 57013
[23:31:23.241] [SEVERE ] updating countdown to 56988
[23:31:23.267] [SEVERE ] updating countdown to 56961
[23:31:23.294] [SEVERE ] updating countdown to 56934
[23:31:23.320] [SEVERE ] updating countdown to 56908
[23:31:23.347] [SEVERE ] updating countdown to 56881
[23:31:23.428] [SEVERE ] updating countdown to 56800
[23:31:23.455] [SEVERE ] updating countdown to 56773
[23:31:23.482] [SEVERE ] updating countdown to 56746
[23:31:23.511] [SEVERE ] updating countdown to 56717
[23:31:23.543] [SEVERE ] updating countdown to 56685
[23:31:23.569] [SEVERE ] updating countdown to 56659
[23:31:23.595] [SEVERE ] updating countdown to 56633
[23:31:23.620] [SEVERE ] updating countdown to 56608
[23:31:23.646] [SEVERE ] updating countdown to 56582
[23:31:23.698] [SEVERE ] updating countdown to 56530
[23:31:23.725] [SEVERE ] updating countdown to 56503
[23:31:23.779] [SEVERE ] updating countdown to 56449
[23:31:23.805] [SEVERE ] updating countdown to 56423
[23:31:23.831] [SEVERE ] updating countdown to 56397
[23:31:23.858] [SEVERE ] updating countdown to 56370
[23:31:23.897] [SEVERE ] updating countdown to 56331
[23:31:23.924] [SEVERE ] updating countdown to 56304
[23:31:23.950] [SEVERE ] updating countdown to 56278
[23:31:23.976] [SEVERE ] updating countdown to 56252
[23:31:24.003] [SEVERE ] updating countdown to 56225
[23:31:24.029] [SEVERE ] updating countdown to 56199
[23:31:24.081] [SEVERE ] updating countdown to 56147
[23:31:24.112] [SEVERE ] updating countdown to 56116
[23:31:24.139] [SEVERE ] updating countdown to 56089
[23:31:24.165] [SEVERE ] updating countdown to 56063
[23:31:24.191] [SEVERE ] updating countdown to 56037
[23:31:24.218] [SEVERE ] updating countdown to 56010
[23:31:24.297] [SEVERE ] updating countdown to 55931
[23:31:24.337] [SEVERE ] updating countdown to 55891
[23:31:24.364] [SEVERE ] updating countdown to 55864
[23:31:24.400] [SEVERE ] updating countdown to 55828
[23:31:24.428] [SEVERE ] updating countdown to 55800
[23:31:24.454] [SEVERE ] updating countdown to 55774
[23:31:24.514] [SEVERE ] updating countdown to 55714
[23:31:24.540] [SEVERE ] updating countdown to 55688
[23:31:24.566] [SEVERE ] updating countdown to 55662
[23:31:24.598] [SEVERE ] updating countdown to 55630
[23:31:24.705] [SEVERE ] updating countdown to 55523
[23:31:24.731] [SEVERE ] updating countdown to 55497
[23:31:24.757] [SEVERE ] updating countdown to 55471
[23:31:24.783] [SEVERE ] updating countdown to 55445
[23:31:24.809] [SEVERE ] updating countdown to 55419
[23:31:24.836] [SEVERE ] updating countdown to 55393
[23:31:24.862] [SEVERE ] updating countdown to 55366
[23:31:24.889] [SEVERE ] updating countdown to 55339
[23:31:24.915] [SEVERE ] updating countdown to 55313
[23:31:24.942] [SEVERE ] updating countdown to 55286
[23:31:24.969] [SEVERE ] updating countdown to 55259
[23:31:25.033] [SEVERE ] updating countdown to 55195
[23:31:25.059] [SEVERE ] updating countdown to 55169
[23:31:25.095] [SEVERE ] updating countdown to 55133
[23:31:25.123] [SEVERE ] updating countdown to 55105
[23:31:25.150] [SEVERE ] updating countdown to 55078
[23:31:25.183] [SEVERE ] updating countdown to 55045
[23:31:25.215] [SEVERE ] updating countdown to 55013
[23:31:25.240] [SEVERE ] updating countdown to 54988
[23:31:25.266] [SEVERE ] updating countdown to 54962
[23:31:25.292] [SEVERE ] updating countdown to 54936
[23:31:25.337] [SEVERE ] updating countdown to 54891
[23:31:25.365] [SEVERE ] updating countdown to 54863
[23:31:25.391] [SEVERE ] updating countdown to 54837
[23:31:25.400] [SEVERE ] player 3 placing token on slot 2
[23:31:25.432] [SEVERE ] updating countdown to 54796
[23:31:25.458] [SEVERE ] updating countdown to 54770
[23:31:25.485] [SEVERE ] updating countdown to 54743
[23:31:25.511] [SEVERE ] updating countdown to 54717
[23:31:25.538] [SEVERE ] updating countdown to 54690
[23:31:25.565] [SEVERE ] updating countdown to 54663
[23:31:25.594] [SEVERE ] updating countdown to 54634
[23:31:25.631] [SEVERE ] updating countdown to 54597
[23:31:25.663] [SEVERE ] updating countdown to 54565
[23:31:25.690] [SEVERE ] updating countdown to 54538
[23:31:25.720] [SEVERE ] updating countdown to 54508
[23:31:25.746] [SEVERE ] updating countdown to 54482
[23:31:25.772] [SEVERE ] updating countdown to 54456
[23:31:25.838] [SEVERE ] updating countdown to 54390
[23:31:25.865] [SEVERE ] updating countdown to 54363
[23:31:25.892] [SEVERE ] updating countdown to 54336
[23:31:25.909] [SEVERE ] player 3 placing token on slot 0
[23:31:25.920] [SEVERE ] updating countdown to 54308
[23:31:25.947] [SEVERE ] updating countdown to 54281
[23:31:25.987] [SEVERE ] updating countdown to 54241
[23:31:26.024] [SEVERE ] updating countdown to 54204
[23:31:26.050] [SEVERE ] updating countdown to 54178
[23:31:26.076] [SEVERE ] updating countdown to 54152
[23:31:26.104] [SEVERE ] updating countdown to 54124
[23:31:26.131] [SEVERE ] updating countdown to 54097
[23:31:26.185] [SEVERE ] updating countdown to 54043
[23:31:26.212] [SEVERE ] updating countdown to 54016
[23:31:26.239] [SEVERE ] updating countdown to 53989
[23:31:26.268] [SEVERE ] updating countdown to 53960
[23:31:26.320] [SEVERE ] updating countdown to 53908
[23:31:26.351] [SEVERE ] updating countdown to 53877
[23:31:26.378] [SEVERE ] updating countdown to 53850
[23:31:26.406] [SEVERE ] updating countdown to 53822
[23:31:26.412] [SEVERE ] removing player 3 token from slot 2
[23:31:26.431] [SEVERE ] updating countdown to 53797
[23:31:26.457] [SEVERE ] updating countdown to 53771
[23:31:26.483] [SEVERE ] updating countdown to 53745
[23:31:26.509] [SEVERE ] updating countdown to 53719
[23:31:26.541] [SEVERE ] updating countdown to 53687
[23:31:26.573] [SEVERE ] updating countdown to 53655
[23:31:26.599] [SEVERE ] updating countdown to 53629
[23:31:26.626] [SEVERE ] updating countdown to 53602
[23:31:26.655] [SEVERE ] updating countdown to 53573
[23:31:26.696] [SEVERE ] updating countdown to 53532
[23:31:26.725] [SEVERE ] updating countdown to 53503
[23:31:26.751] [SEVERE ] updating countdown to 53477
[23:31:26.778] [SEVERE ] updating countdown to 53450
[23:31:26.833] [SEVERE ] updating countdown to 53395
[23:31:26.859] [SEVERE ] updating countdown to 53369
[23:31:26.885] [SEVERE ] updating countdown to 53343
[23:31:26.911] [SEVERE ] updating countdown to 53317
[23:31:26.913] [SEVERE ] removing player 3 token from slot 0
[23:31:26.936] [SEVERE ] updating countdown to 53292
[23:31:26.962] [SEVERE ] updating countdown to 53266
[23:31:27.018] [SEVERE ] updating countdown to 53210
[23:31:27.044] [SEVERE ] updating countdown to 53184
[23:31:27.072] [SEVERE ] updating countdown to 53156
[23:31:27.100] [SEVERE ] updating countdown to 53128
[23:31:27.135] [SEVERE ] updating countdown to 53093
[23:31:27.162] [SEVERE ] updating countdown to 53066
[23:31:27.188] [SEVERE ] updating countdown to 53040
[23:31:27.214] [SEVERE ] updating countdown to 53014
[23:31:27.240] [SEVERE ] updating countdown to 52988
[23:31:27.268] [SEVERE ] updating countdown to 52960
[23:31:27.294] [SEVERE ] updating countdown to 52934
[23:31:27.321] [SEVERE ] updating countdown to 52907
[23:31:27.347] [SEVERE ] updating countdown to 52881
[23:31:27.374] [SEVERE ] updating countdown to 52854
[23:31:27.400] [SEVERE ] updating countdown to 52828
[23:31:27.415] [SEVERE ] player 3 placing token on slot 1
[23:31:27.426] [SEVERE ] updating countdown to 52802
[23:31:27.452] [SEVERE ] updating countdown to 52776
[23:31:27.502] [SEVERE ] updating countdown to 52726
[23:31:27.528] [SEVERE ] updating countdown to 52700
[23:31:27.555] [SEVERE ] updating countdown to 52673
[23:31:27.582] [SEVERE ] updating countdown to 52646
[23:31:27.610] [SEVERE ] updating countdown to 52618
[23:31:27.636] [SEVERE ] updating countdown to 52592
[23:31:27.705] [SEVERE ] updating countdown to 52523
[23:31:27.732] [SEVERE ] updating countdown to 52497
[23:31:27.764] [SEVERE ] updating countdown to 52464
[23:31:27.790] [SEVERE ] updating countdown to 52438
[23:31:27.820] [SEVERE ] updating countdown to 52408
[23:31:27.846] [SEVERE ] updating countdown to 52382
[23:31:27.872] [SEVERE ] updating countdown to 52356
[23:31:27.898] [SEVERE ] updating countdown to 52330
[23:31:27.921] [SEVERE ] player 3 placing token on slot 2
[23:31:27.925] [SEVERE ] updating countdown to 52303
[23:31:27.959] [SEVERE ] updating countdown to 52269
[23:31:27.985] [SEVERE ] updating countdown to 52243
[23:31:28.011] [SEVERE ] updating countdown to 52217
[23:31:28.038] [SEVERE ] updating countdown to 52190
[23:31:28.066] [SEVERE ] updating countdown to 52162
[23:31:28.164] [SEVERE ] updating countdown to 52064
[23:31:28.190] [SEVERE ] updating countdown to 52038
[23:31:28.221] [SEVERE ] updating countdown to 52007
[23:31:28.248] [SEVERE ] updating countdown to 51980
[23:31:28.313] [SEVERE ] updating countdown to 51915
[23:31:28.339] [SEVERE ] updating countdown to 51889
[23:31:28.365] [SEVERE ] updating countdown to 51863
[23:31:28.392] [SEVERE ] updating countdown to 51836
[23:31:28.421] [SEVERE ] updating countdown to 51807
[23:31:28.430] [SEVERE ] removing player 3 token from slot 1
[23:31:28.448] [SEVERE ] updating countdown to 51780
[23:31:28.494] [SEVERE ] updating countdown to 51734
[23:31:28.533] [SEVERE ] updating countdown to 51695
[23:31:28.559] [SEVERE ] updating countdown to 51669
[23:31:28.587] [SEVERE ] updating countdown to 51641
[23:31:28.614] [SEVERE ] updating countdown to 51614
[23:31:28.640] [SEVERE ] updating countdown to 51588
[23:31:28.667] [SEVERE ] updating countdown to 51561
[23:31:28.693] [SEVERE ] updating countdown to 51535
[23:31:28.719] [SEVERE ] updating countdown to 51509
[23:31:28.745] [SEVERE ] updating countdown to 51483
[23:31:28.771] [SEVERE ] updating countdown to 51457
[23:31:28.806] [SEVERE ] updating countdown to 51422
[23:31:28.832] [SEVERE ] updating countdown to 51396
[23:31:28.858] [SEVERE ] updating countdown to 51370
[23:31:28.884] [SEVERE ] updating countdown to 51345
[23:31:28.924] [SEVERE ] updating countdown to 51304
[23:31:28.933] [SEVERE ] player 3 placing token on slot 0
[23:31:28.960] [SEVERE ] updating countdown to 51268
[23:31:28.985] [SEVERE ] updating countdown to 51243
[23:31:29.011] [SEVERE ] updating countdown to 51217
[23:31:29.037] [SEVERE ] updating countdown to 51191
[23:31:29.063] [SEVERE ] updating countdown to 51165
[23:31:29.089] [SEVERE ] updating countdown to 51139
[23:31:29.114] [SEVERE ] updating countdown to 51114
[23:31:29.140] [SEVERE ] updating countdown to 51088
[23:31:29.166] [SEVERE ] updating countdown to 51062
[23:31:29.192] [SEVERE ] updating countdown to 51036
[23:31:29.217] [SEVERE ] updating countdown to 51011
[23:31:29.243] [SEVERE ] updating countdown to 50985
[23:31:29.269] [SEVERE ] updating countdown to 50959
[23:31:29.296] [SEVERE ] updating countdown to 50932
[23:31:29.323] [SEVERE ] updating countdown to 50905
[23:31:29.368] [SEVERE ] updating countdown to 50860
[23:31:29.395] [SEVERE ] updating countdown to 50833
[23:31:29.422] [SEVERE ] updating countdown to 50806
[23:31:29.438] [SEVERE ] removing player 3 token from slot 2
[23:31:29.448] [SEVERE ] updating countdown to 50781
[23:31:29.474] [SEVERE ] updating countdown to 50754
[23:31:29.500] [SEVERE ] updating countdown to 50728
[23:31:29.526] [SEVERE ] updating countdown to 50702
[23:31:29.551] [SEVERE ] updating countdown to 50677
[23:31:29.577] [SEVERE ] updating countdown to 50651
[23:31:29.612] [SEVERE ] updating countdown to 50616
[23:31:29.638] [SEVERE ] updating countdown to 50590
[23:31:29.685] [SEVERE ] updating countdown to 50543
[23:31:29.713] [SEVERE ] updating countdown to 50515
[23:31:29.739] [SEVERE ] updating countdown to 50489
[23:31:29.764] [SEVERE ] updating countdown to 50464
[23:31:29.790] [SEVERE ] updating countdown to 50438
[23:31:29.816] [SEVERE ] updating countdown to 50412
[23:31:29.842] [SEVERE ] updating countdown to 50386
[23:31:29.868] [SEVERE ] updating countdown to 50360
[23:31:29.894] [SEVERE ] updating countdown to 50334
[23:31:29.920] [SEVERE ] updating countdown to 50308
[23:31:29.940] [SEVERE ] removing player 3 token from slot 0
[23:31:29.945] [SEVERE ] updating countdown to 50283
[23:31:29.971] [SEVERE ] updating countdown to 50257
[23:31:30.020] [SEVERE ] updating countdown to 50208
[23:31:30.045] [SEVERE ] updating countdown to 50183
[23:31:30.071] [SEVERE ] updating countdown to 50157
[23:31:30.097] [SEVERE ] updating countdown to 50131
[23:31:30.124] [SEVERE ] updating countdown to 50104
[23:31:30.150] [SEVERE ] updating countdown to 50078
[23:31:30.176] [SEVERE ] updating countdown to 50052
[23:31:30.202] [SEVERE ] updating countdown to 50026
[23:31:30.227] [SEVERE ] updating countdown to 50001
[23:31:30.253] [SEVERE ] updating countdown to 49975
[23:31:30.279] [SEVERE ] updating countdown to 49949
[23:31:30.307] [SEVERE ] updating countdown to 49921
[23:31:30.332] [SEVERE ] updating countdown to 49896
[23:31:30.361] [SEVERE ] updating countdown to 49867
[23:31:30.387] [SEVERE ] updating countdown to 49841
[23:31:30.412] [SEVERE ] updating countdown to 49816
[23:31:30.438] [SEVERE ] updating countdown to 49790
[23:31:30.441] [SEVERE ] player 3 placing token on slot 0
[23:31:30.464] [SEVERE ] updating countdown to 49764
[23:31:30.489] [SEVERE ] updating countdown to 49739
[23:31:30.515] [SEVERE ] updating countdown to 49713
[23:31:30.547] [SEVERE ] updating countdown to 49681
[23:31:30.574] [SEVERE ] updating countdown to 49654
[23:31:30.600] [SEVERE ] updating countdown to 49628
[23:31:30.626] [SEVERE ] updating countdown to 49602
[23:31:30.653] [SEVERE ] updating countdown to 49575
[23:31:30.679] [SEVERE ] updating countdown to 49549
[23:31:30.707] [SEVERE ] updating countdown to 49521
[23:31:30.733] [SEVERE ] updating countdown to 49495
[23:31:30.759] [SEVERE ] updating countdown to 49469
[23:31:30.785] [SEVERE ] updating countdown to 49443
[23:31:30.811] [SEVERE ] updating countdown to 49417
[23:31:30.838] [SEVERE ] updating countdown to 49390
[23:31:30.864] [SEVERE ] updating countdown to 49364
[23:31:30.890] [SEVERE ] updating countdown to 49338
[23:31:30.917] [SEVERE ] updating countdown to 49311
[23:31:30.942] [SEVERE ] player 3 placing token on slot 1
[23:31:30.943] [SEVERE ] updating countdown to 49285
[23:31:30.969] [SEVERE ] updating countdown to 49259
[23:31:30.995] [SEVERE ] updating countdown to 49233
[23:31:31.021] [SEVERE ] updating countdown to 49207
[23:31:31.080] [SEVERE ] updating countdown to 49148
[23:31:31.105] [SEVERE ] updating countdown to 49123
[23:31:31.131] [SEVERE ] updating countdown to 49097
[23:31:31.157] [SEVERE ] updating countdown to 49071
[23:31:31.182] [SEVERE ] updating countdown to 49046
[23:31:31.208] [SEVERE ] updating countdown to 49020
[23:31:31.233] [SEVERE ] updating countdown to 48995
[23:31:31.259] [SEVERE ] updating countdown to 48969
[23:31:31.295] [SEVERE ] updating countdown to 48933
[23:31:31.321] [SEVERE ] updating countdown to 48907
[23:31:31.353] [SEVERE ] updating countdown to 48875
[23:31:31.379] [SEVERE ] updating countdown to 48849
[23:31:31.405] [SEVERE ] updating countdown to 48823
[23:31:31.431] [SEVERE ] updating countdown to 48797
[23:31:31.444] [SEVERE ] player 3 placing token on slot 2
[23:31:31.460] [SEVERE ] updating countdown to 48768
[23:31:31.461] [SEVERE ] setting player 3 score to 1
[23:31:31.563] [SEVERE ] removing player 3 token from slot 0
[23:31:31.564] [SEVERE ] removing card from slot 0
[23:31:31.665] [SEVERE ] removing player 3 token from slot 1
[23:31:31.666] [SEVERE ] removing card from slot 1
[23:31:31.767] [SEVERE ] removing player 3 token from slot 2
[23:31:31.768] [SEVERE ] removing card from slot 2
[23:31:31.769] [SEVERE ] announcing winner(s): player 3
[23:31:31.773] [INFO   ] thread dealer terminated.
[23:31:31.774] [INFO   ] thread dealer terminated.
[23:31:36.774] [SEVERE ] thanks for playing... it was fun!
[23:31:36.776] [INFO   ] thread bguspl.set.Main.main() terminated.
[23:31:36.777] [SEVERE ] disposing of user interface elements
