[22:04:43.685] [INFO   ] thread bguspl.set.Main.main() starting.
[22:04:43.695] [SEVERE ] cannot read configuration file config.properties trying from resources.
[22:04:43.700] [SEVERE ] configuration file was loaded from resources directory.
[22:04:44.885] [INFO   ] thread dealer starting.
[22:04:44.886] [INFO   ] thread dealer starting.
[22:04:44.888] [INFO   ] thread Thread-1 starting.
[22:04:44.997] [SEVERE ] placing card 2 in slot 0
[22:04:45.098] [SEVERE ] placing card 12 in slot 1
[22:04:45.199] [SEVERE ] placing card 5 in slot 2
[22:04:45.300] [SEVERE ] placing card 8 in slot 3
[22:04:45.402] [SEVERE ] placing card 13 in slot 4
[22:04:45.504] [SEVERE ] placing card 4 in slot 5
[22:04:45.605] [SEVERE ] placing card 6 in slot 6
[22:04:45.706] [SEVERE ] placing card 9 in slot 7
[22:04:45.807] [SEVERE ] placing card 10 in slot 8
[22:04:45.909] [SEVERE ] placing card 0 in slot 9
[22:04:46.011] [SEVERE ] placing card 7 in slot 10
[22:04:46.113] [SEVERE ] placing card 14 in slot 11
[22:04:46.140] [SEVERE ] updating countdown to 19975
[22:04:46.142] [SEVERE ] setting player 1 freeze to -1708459486142
[22:04:46.169] [SEVERE ] updating countdown to 19946
[22:04:46.170] [SEVERE ] setting player 1 freeze to -1708459486170
[22:04:46.196] [SEVERE ] updating countdown to 19919
[22:04:46.197] [SEVERE ] setting player 1 freeze to -1708459486197
[22:04:46.222] [SEVERE ] updating countdown to 19893
[22:04:46.223] [SEVERE ] setting player 1 freeze to -1708459486223
[22:04:46.249] [SEVERE ] updating countdown to 19866
[22:04:46.250] [SEVERE ] setting player 1 freeze to -1708459486250
[22:04:46.276] [SEVERE ] updating countdown to 19840
[22:04:46.277] [SEVERE ] setting player 1 freeze to -1708459486277
[22:04:46.302] [SEVERE ] updating countdown to 19813
[22:04:46.303] [SEVERE ] setting player 1 freeze to -1708459486303
[22:04:46.329] [SEVERE ] updating countdown to 19786
[22:04:46.331] [SEVERE ] setting player 1 freeze to -1708459486331
[22:04:46.358] [SEVERE ] updating countdown to 19757
[22:04:46.359] [SEVERE ] setting player 1 freeze to -1708459486359
[22:04:46.385] [SEVERE ] updating countdown to 19730
[22:04:46.386] [SEVERE ] setting player 1 freeze to -1708459486386
[22:04:46.412] [SEVERE ] updating countdown to 19703
[22:04:46.414] [SEVERE ] setting player 1 freeze to -1708459486414
[22:04:46.439] [SEVERE ] updating countdown to 19676
[22:04:46.441] [SEVERE ] setting player 1 freeze to -1708459486441
[22:04:46.467] [SEVERE ] updating countdown to 19648
[22:04:46.468] [SEVERE ] setting player 1 freeze to -1708459486468
[22:04:46.494] [SEVERE ] updating countdown to 19621
[22:04:46.495] [SEVERE ] setting player 1 freeze to -1708459486495
[22:04:46.520] [SEVERE ] updating countdown to 19595
[22:04:46.521] [SEVERE ] setting player 1 freeze to -1708459486521
[22:04:46.547] [SEVERE ] updating countdown to 19568
[22:04:46.548] [SEVERE ] setting player 1 freeze to -1708459486548
[22:04:46.574] [SEVERE ] updating countdown to 19541
[22:04:46.575] [SEVERE ] setting player 1 freeze to -1708459486575
[22:04:46.601] [SEVERE ] updating countdown to 19514
[22:04:46.602] [SEVERE ] setting player 1 freeze to -1708459486602
[22:04:46.628] [SEVERE ] updating countdown to 19487
[22:04:46.629] [SEVERE ] setting player 1 freeze to -1708459486629
[22:04:46.656] [SEVERE ] updating countdown to 19459
[22:04:46.657] [SEVERE ] setting player 1 freeze to -1708459486657
[22:04:46.682] [SEVERE ] updating countdown to 19433
[22:04:46.683] [SEVERE ] setting player 1 freeze to -1708459486683
[22:04:46.708] [SEVERE ] updating countdown to 19407
[22:04:46.709] [SEVERE ] setting player 1 freeze to -1708459486709
[22:04:46.734] [SEVERE ] updating countdown to 19381
[22:04:46.735] [SEVERE ] setting player 1 freeze to -1708459486735
[22:04:46.760] [SEVERE ] updating countdown to 19355
[22:04:46.761] [SEVERE ] setting player 1 freeze to -1708459486761
[22:04:46.787] [SEVERE ] updating countdown to 19329
[22:04:46.787] [SEVERE ] setting player 1 freeze to -1708459486787
[22:04:46.813] [SEVERE ] updating countdown to 19302
[22:04:46.814] [SEVERE ] setting player 1 freeze to -1708459486814
[22:04:46.841] [SEVERE ] updating countdown to 19274
[22:04:46.842] [SEVERE ] setting player 1 freeze to -1708459486842
[22:04:46.868] [SEVERE ] updating countdown to 19247
[22:04:46.869] [SEVERE ] setting player 1 freeze to -1708459486869
[22:04:46.895] [SEVERE ] updating countdown to 19220
[22:04:46.896] [SEVERE ] setting player 1 freeze to -1708459486896
[22:04:46.923] [SEVERE ] updating countdown to 19192
[22:04:46.924] [SEVERE ] setting player 1 freeze to -1708459486924
[22:04:46.951] [SEVERE ] updating countdown to 19164
[22:04:46.952] [SEVERE ] setting player 1 freeze to -1708459486952
[22:04:46.978] [SEVERE ] updating countdown to 19137
[22:04:46.980] [SEVERE ] setting player 1 freeze to -1708459486980
[22:04:47.006] [SEVERE ] updating countdown to 19109
[22:04:47.008] [SEVERE ] setting player 1 freeze to -1708459487008
[22:04:47.035] [SEVERE ] updating countdown to 19080
[22:04:47.036] [SEVERE ] setting player 1 freeze to -1708459487036
[22:04:47.062] [SEVERE ] updating countdown to 19053
[22:04:47.062] [SEVERE ] setting player 1 freeze to -1708459487062
[22:04:47.088] [SEVERE ] updating countdown to 19027
[22:04:47.089] [SEVERE ] setting player 1 freeze to -1708459487088
[22:04:47.114] [SEVERE ] updating countdown to 19001
[22:04:47.115] [SEVERE ] setting player 1 freeze to -1708459487115
[22:04:47.142] [SEVERE ] updating countdown to 18973
[22:04:47.143] [SEVERE ] setting player 1 freeze to -1708459487143
[22:04:47.169] [SEVERE ] updating countdown to 18946
[22:04:47.171] [SEVERE ] setting player 1 freeze to -1708459487171
[22:04:47.197] [SEVERE ] updating countdown to 18918
[22:04:47.198] [SEVERE ] setting player 1 freeze to -1708459487198
[22:04:47.223] [SEVERE ] updating countdown to 18892
[22:04:47.224] [SEVERE ] setting player 1 freeze to -1708459487224
[22:04:47.250] [SEVERE ] updating countdown to 18865
[22:04:47.252] [SEVERE ] setting player 1 freeze to -1708459487252
[22:04:47.278] [SEVERE ] updating countdown to 18837
[22:04:47.280] [SEVERE ] setting player 1 freeze to -1708459487280
[22:04:47.306] [SEVERE ] updating countdown to 18809
[22:04:47.307] [SEVERE ] setting player 1 freeze to -1708459487307
[22:04:47.333] [SEVERE ] updating countdown to 18782
[22:04:47.335] [SEVERE ] setting player 1 freeze to -1708459487335
[22:04:47.361] [SEVERE ] updating countdown to 18754
[22:04:47.362] [SEVERE ] setting player 1 freeze to -1708459487362
[22:04:47.388] [SEVERE ] updating countdown to 18727
[22:04:47.389] [SEVERE ] setting player 1 freeze to -1708459487389
[22:04:47.416] [SEVERE ] updating countdown to 18699
[22:04:47.417] [SEVERE ] setting player 1 freeze to -1708459487417
[22:04:47.443] [SEVERE ] updating countdown to 18672
[22:04:47.444] [SEVERE ] setting player 1 freeze to -1708459487444
[22:04:47.470] [SEVERE ] updating countdown to 18645
[22:04:47.471] [SEVERE ] setting player 1 freeze to -1708459487471
[22:04:47.497] [SEVERE ] updating countdown to 18618
[22:04:47.498] [SEVERE ] setting player 1 freeze to -1708459487498
[22:04:47.523] [SEVERE ] updating countdown to 18592
[22:04:47.524] [SEVERE ] setting player 1 freeze to -1708459487524
[22:04:47.550] [SEVERE ] updating countdown to 18565
[22:04:47.551] [SEVERE ] setting player 1 freeze to -1708459487551
[22:04:47.576] [SEVERE ] updating countdown to 18539
[22:04:47.577] [SEVERE ] setting player 1 freeze to -1708459487577
[22:04:47.603] [SEVERE ] updating countdown to 18512
[22:04:47.604] [SEVERE ] setting player 1 freeze to -1708459487604
[22:04:47.630] [SEVERE ] updating countdown to 18486
[22:04:47.631] [SEVERE ] setting player 1 freeze to -1708459487631
[22:04:47.657] [SEVERE ] updating countdown to 18458
[22:04:47.659] [SEVERE ] setting player 1 freeze to -1708459487659
[22:04:47.685] [SEVERE ] updating countdown to 18430
[22:04:47.687] [SEVERE ] setting player 1 freeze to -1708459487687
[22:04:47.713] [SEVERE ] updating countdown to 18402
[22:04:47.714] [SEVERE ] setting player 1 freeze to -1708459487714
[22:04:47.740] [SEVERE ] updating countdown to 18375
[22:04:47.741] [SEVERE ] setting player 1 freeze to -1708459487741
[22:04:47.766] [SEVERE ] updating countdown to 18349
[22:04:47.767] [SEVERE ] setting player 1 freeze to -1708459487767
[22:04:47.793] [SEVERE ] updating countdown to 18322
[22:04:47.794] [SEVERE ] setting player 1 freeze to -1708459487794
[22:04:47.820] [SEVERE ] updating countdown to 18295
[22:04:47.821] [SEVERE ] setting player 1 freeze to -1708459487821
[22:04:47.847] [SEVERE ] updating countdown to 18268
[22:04:47.849] [SEVERE ] setting player 1 freeze to -1708459487849
[22:04:47.876] [SEVERE ] updating countdown to 18239
[22:04:47.876] [SEVERE ] setting player 1 freeze to -1708459487876
[22:04:47.902] [SEVERE ] updating countdown to 18213
[22:04:47.903] [SEVERE ] setting player 1 freeze to -1708459487903
[22:04:47.929] [SEVERE ] updating countdown to 18187
[22:04:47.929] [SEVERE ] setting player 1 freeze to -1708459487929
[22:04:47.955] [SEVERE ] updating countdown to 18160
[22:04:47.956] [SEVERE ] setting player 1 freeze to -1708459487956
[22:04:47.982] [SEVERE ] updating countdown to 18133
[22:04:47.983] [SEVERE ] setting player 1 freeze to -1708459487983
[22:04:48.009] [SEVERE ] updating countdown to 18106
[22:04:48.010] [SEVERE ] setting player 1 freeze to -1708459488010
[22:04:48.036] [SEVERE ] updating countdown to 18079
[22:04:48.037] [SEVERE ] setting player 1 freeze to -1708459488037
[22:04:48.063] [SEVERE ] updating countdown to 18052
[22:04:48.064] [SEVERE ] setting player 1 freeze to -1708459488064
[22:04:48.090] [SEVERE ] updating countdown to 18025
[22:04:48.092] [SEVERE ] setting player 1 freeze to -1708459488092
[22:04:48.118] [SEVERE ] updating countdown to 17997
[22:04:48.119] [SEVERE ] setting player 1 freeze to -1708459488119
[22:04:48.148] [SEVERE ] updating countdown to 17967
[22:04:48.149] [SEVERE ] setting player 1 freeze to -1708459488149
[22:04:48.176] [SEVERE ] updating countdown to 17939
[22:04:48.176] [SEVERE ] setting player 1 freeze to -1708459488176
[22:04:48.202] [SEVERE ] updating countdown to 17913
[22:04:48.203] [SEVERE ] setting player 1 freeze to -1708459488203
[22:04:48.229] [SEVERE ] updating countdown to 17886
[22:04:48.229] [SEVERE ] setting player 1 freeze to -1708459488229
[22:04:48.255] [SEVERE ] updating countdown to 17860
[22:04:48.256] [SEVERE ] setting player 1 freeze to -1708459488256
[22:04:48.282] [SEVERE ] updating countdown to 17833
[22:04:48.284] [SEVERE ] setting player 1 freeze to -1708459488284
[22:04:48.310] [SEVERE ] updating countdown to 17805
[22:04:48.311] [SEVERE ] setting player 1 freeze to -1708459488311
[22:04:48.338] [SEVERE ] updating countdown to 17777
[22:04:48.338] [SEVERE ] setting player 1 freeze to -1708459488338
[22:04:48.364] [SEVERE ] updating countdown to 17751
[22:04:48.366] [SEVERE ] setting player 1 freeze to -1708459488366
[22:04:48.392] [SEVERE ] updating countdown to 17723
[22:04:48.393] [SEVERE ] setting player 1 freeze to -1708459488393
[22:04:48.419] [SEVERE ] updating countdown to 17696
[22:04:48.420] [SEVERE ] setting player 1 freeze to -1708459488420
[22:04:48.446] [SEVERE ] updating countdown to 17669
[22:04:48.447] [SEVERE ] setting player 1 freeze to -1708459488447
[22:04:48.474] [SEVERE ] updating countdown to 17641
[22:04:48.475] [SEVERE ] setting player 1 freeze to -1708459488475
[22:04:48.501] [SEVERE ] updating countdown to 17614
[22:04:48.501] [SEVERE ] setting player 1 freeze to -1708459488501
[22:04:48.527] [SEVERE ] updating countdown to 17588
[22:04:48.528] [SEVERE ] setting player 1 freeze to -1708459488528
[22:04:48.554] [SEVERE ] updating countdown to 17561
[22:04:48.555] [SEVERE ] setting player 1 freeze to -1708459488555
[22:04:48.581] [SEVERE ] updating countdown to 17534
[22:04:48.582] [SEVERE ] setting player 1 freeze to -1708459488582
[22:04:48.608] [SEVERE ] updating countdown to 17507
[22:04:48.610] [SEVERE ] setting player 1 freeze to -1708459488610
[22:04:48.636] [SEVERE ] updating countdown to 17479
[22:04:48.637] [SEVERE ] setting player 1 freeze to -1708459488637
[22:04:48.663] [SEVERE ] updating countdown to 17452
[22:04:48.664] [SEVERE ] setting player 1 freeze to -1708459488664
[22:04:48.690] [SEVERE ] updating countdown to 17425
[22:04:48.691] [SEVERE ] setting player 1 freeze to -1708459488691
[22:04:48.717] [SEVERE ] updating countdown to 17398
[22:04:48.718] [SEVERE ] setting player 1 freeze to -1708459488718
[22:04:48.744] [SEVERE ] updating countdown to 17371
[22:04:48.744] [SEVERE ] setting player 1 freeze to -1708459488744
[22:04:48.770] [SEVERE ] updating countdown to 17345
[22:04:48.771] [SEVERE ] setting player 1 freeze to -1708459488771
[22:04:48.796] [SEVERE ] updating countdown to 17319
[22:04:48.797] [SEVERE ] setting player 1 freeze to -1708459488797
[22:04:48.824] [SEVERE ] updating countdown to 17291
[22:04:48.825] [SEVERE ] setting player 1 freeze to -1708459488825
[22:04:48.851] [SEVERE ] updating countdown to 17264
[22:04:48.853] [SEVERE ] setting player 1 freeze to -1708459488853
[22:04:48.880] [SEVERE ] updating countdown to 17235
[22:04:48.881] [SEVERE ] setting player 1 freeze to -1708459488881
[22:04:48.906] [SEVERE ] updating countdown to 17209
[22:04:48.908] [SEVERE ] setting player 1 freeze to -1708459488908
[22:04:48.934] [SEVERE ] updating countdown to 17181
[22:04:48.935] [SEVERE ] setting player 1 freeze to -1708459488935
[22:04:48.961] [SEVERE ] updating countdown to 17154
[22:04:48.964] [SEVERE ] setting player 1 freeze to -1708459488964
[22:04:48.990] [SEVERE ] updating countdown to 17125
[22:04:48.991] [SEVERE ] setting player 1 freeze to -1708459488991
[22:04:49.017] [SEVERE ] updating countdown to 17098
[22:04:49.018] [SEVERE ] setting player 1 freeze to -1708459489018
[22:04:49.044] [SEVERE ] updating countdown to 17071
[22:04:49.047] [SEVERE ] setting player 1 freeze to -1708459489047
[22:04:49.072] [SEVERE ] updating countdown to 17043
[22:04:49.074] [SEVERE ] setting player 1 freeze to -1708459489074
[22:04:49.101] [SEVERE ] updating countdown to 17014
[22:04:49.102] [SEVERE ] setting player 1 freeze to -1708459489102
[22:04:49.128] [SEVERE ] updating countdown to 16987
[22:04:49.130] [SEVERE ] setting player 1 freeze to -1708459489130
[22:04:49.156] [SEVERE ] updating countdown to 16959
[22:04:49.158] [SEVERE ] setting player 1 freeze to -1708459489157
[22:04:49.184] [SEVERE ] updating countdown to 16931
[22:04:49.185] [SEVERE ] setting player 1 freeze to -1708459489185
[22:04:49.211] [SEVERE ] updating countdown to 16904
[22:04:49.212] [SEVERE ] setting player 1 freeze to -1708459489212
[22:04:49.238] [SEVERE ] updating countdown to 16877
[22:04:49.239] [SEVERE ] setting player 1 freeze to -1708459489239
[22:04:49.266] [SEVERE ] updating countdown to 16849
[22:04:49.267] [SEVERE ] setting player 1 freeze to -1708459489267
[22:04:49.293] [SEVERE ] updating countdown to 16822
[22:04:49.293] [SEVERE ] setting player 1 freeze to -1708459489293
[22:04:49.319] [SEVERE ] updating countdown to 16796
[22:04:49.322] [SEVERE ] setting player 1 freeze to -1708459489321
[22:04:49.348] [SEVERE ] updating countdown to 16767
[22:04:49.348] [SEVERE ] setting player 1 freeze to -1708459489348
[22:04:49.374] [SEVERE ] updating countdown to 16741
[22:04:49.376] [SEVERE ] setting player 1 freeze to -1708459489376
[22:04:49.402] [SEVERE ] updating countdown to 16713
[22:04:49.403] [SEVERE ] setting player 1 freeze to -1708459489403
[22:04:49.429] [SEVERE ] updating countdown to 16686
[22:04:49.431] [SEVERE ] setting player 1 freeze to -1708459489431
[22:04:49.456] [SEVERE ] updating countdown to 16659
[22:04:49.457] [SEVERE ] setting player 1 freeze to -1708459489457
[22:04:49.483] [SEVERE ] updating countdown to 16632
[22:04:49.483] [SEVERE ] setting player 1 freeze to -1708459489483
[22:04:49.508] [SEVERE ] updating countdown to 16607
[22:04:49.510] [SEVERE ] setting player 1 freeze to -1708459489510
[22:04:49.536] [SEVERE ] updating countdown to 16579
[22:04:49.537] [SEVERE ] setting player 1 freeze to -1708459489537
[22:04:49.564] [SEVERE ] updating countdown to 16551
[22:04:49.565] [SEVERE ] setting player 1 freeze to -1708459489565
[22:04:49.592] [SEVERE ] updating countdown to 16523
[22:04:49.593] [SEVERE ] setting player 1 freeze to -1708459489593
[22:04:49.618] [SEVERE ] updating countdown to 16497
[22:04:49.621] [SEVERE ] setting player 1 freeze to -1708459489621
[22:04:49.646] [SEVERE ] updating countdown to 16469
[22:04:49.648] [SEVERE ] setting player 1 freeze to -1708459489648
[22:04:49.674] [SEVERE ] updating countdown to 16441
[22:04:49.674] [SEVERE ] setting player 1 freeze to -1708459489674
[22:04:49.700] [SEVERE ] updating countdown to 16415
[22:04:49.700] [SEVERE ] setting player 1 freeze to -1708459489700
[22:04:49.726] [SEVERE ] updating countdown to 16389
[22:04:49.727] [SEVERE ] setting player 1 freeze to -1708459489727
[22:04:49.753] [SEVERE ] updating countdown to 16362
[22:04:49.754] [SEVERE ] setting player 1 freeze to -1708459489754
[22:04:49.780] [SEVERE ] updating countdown to 16335
[22:04:49.781] [SEVERE ] setting player 1 freeze to -1708459489781
[22:04:49.806] [SEVERE ] updating countdown to 16309
[22:04:49.807] [SEVERE ] setting player 1 freeze to -1708459489807
[22:04:49.833] [SEVERE ] updating countdown to 16282
[22:04:49.834] [SEVERE ] setting player 1 freeze to -1708459489834
[22:04:49.860] [SEVERE ] updating countdown to 16255
[22:04:49.861] [SEVERE ] setting player 1 freeze to -1708459489861
[22:04:49.887] [SEVERE ] updating countdown to 16228
[22:04:49.888] [SEVERE ] setting player 1 freeze to -1708459489888
[22:04:49.914] [SEVERE ] updating countdown to 16201
[22:04:49.914] [SEVERE ] setting player 1 freeze to -1708459489914
[22:04:49.940] [SEVERE ] updating countdown to 16175
[22:04:49.940] [SEVERE ] setting player 1 freeze to -1708459489940
[22:04:49.966] [SEVERE ] updating countdown to 16149
[22:04:49.968] [SEVERE ] setting player 1 freeze to -1708459489968
[22:04:49.994] [SEVERE ] updating countdown to 16121
[22:04:49.995] [SEVERE ] setting player 1 freeze to -1708459489995
[22:04:50.020] [SEVERE ] updating countdown to 16095
[22:04:50.021] [SEVERE ] setting player 1 freeze to -1708459490021
[22:04:50.047] [SEVERE ] updating countdown to 16068
[22:04:50.049] [SEVERE ] setting player 1 freeze to -1708459490049
[22:04:50.075] [SEVERE ] updating countdown to 16041
[22:04:50.076] [SEVERE ] setting player 1 freeze to -1708459490076
[22:04:50.101] [SEVERE ] updating countdown to 16014
[22:04:50.102] [SEVERE ] setting player 1 freeze to -1708459490102
[22:04:50.128] [SEVERE ] updating countdown to 15987
[22:04:50.129] [SEVERE ] setting player 1 freeze to -1708459490129
[22:04:50.155] [SEVERE ] updating countdown to 15960
[22:04:50.156] [SEVERE ] setting player 1 freeze to -1708459490156
[22:04:50.183] [SEVERE ] updating countdown to 15932
[22:04:50.183] [SEVERE ] setting player 1 freeze to -1708459490183
[22:04:50.210] [SEVERE ] updating countdown to 15906
[22:04:50.211] [SEVERE ] setting player 1 freeze to -1708459490211
[22:04:50.237] [SEVERE ] updating countdown to 15878
[22:04:50.239] [SEVERE ] setting player 1 freeze to -1708459490239
[22:04:50.265] [SEVERE ] updating countdown to 15851
[22:04:50.266] [SEVERE ] setting player 1 freeze to -1708459490266
[22:04:50.292] [SEVERE ] updating countdown to 15823
[22:04:50.293] [SEVERE ] setting player 1 freeze to -1708459490293
[22:04:50.318] [SEVERE ] updating countdown to 15797
[22:04:50.319] [SEVERE ] setting player 1 freeze to -1708459490319
[22:04:50.344] [SEVERE ] updating countdown to 15771
[22:04:50.344] [SEVERE ] setting player 1 freeze to -1708459490344
[22:04:50.370] [SEVERE ] updating countdown to 15745
[22:04:50.370] [SEVERE ] setting player 1 freeze to -1708459490370
[22:04:50.396] [SEVERE ] updating countdown to 15719
[22:04:50.396] [SEVERE ] setting player 1 freeze to -1708459490396
[22:04:50.422] [SEVERE ] updating countdown to 15693
[22:04:50.423] [SEVERE ] setting player 1 freeze to -1708459490423
[22:04:50.448] [SEVERE ] updating countdown to 15667
[22:04:50.449] [SEVERE ] setting player 1 freeze to -1708459490449
[22:04:50.474] [SEVERE ] updating countdown to 15641
[22:04:50.475] [SEVERE ] setting player 1 freeze to -1708459490475
[22:04:50.501] [SEVERE ] updating countdown to 15614
[22:04:50.502] [SEVERE ] setting player 1 freeze to -1708459490502
[22:04:50.528] [SEVERE ] updating countdown to 15587
[22:04:50.529] [SEVERE ] setting player 1 freeze to -1708459490529
[22:04:50.556] [SEVERE ] updating countdown to 15559
[22:04:50.556] [SEVERE ] setting player 1 freeze to -1708459490556
[22:04:50.581] [SEVERE ] updating countdown to 15534
[22:04:50.582] [SEVERE ] setting player 1 freeze to -1708459490582
[22:04:50.607] [SEVERE ] updating countdown to 15508
[22:04:50.609] [SEVERE ] setting player 1 freeze to -1708459490609
[22:04:50.635] [SEVERE ] updating countdown to 15480
[22:04:50.636] [SEVERE ] setting player 1 freeze to -1708459490636
[22:04:50.661] [SEVERE ] updating countdown to 15454
[22:04:50.662] [SEVERE ] setting player 1 freeze to -1708459490662
[22:04:50.687] [SEVERE ] updating countdown to 15428
[22:04:50.688] [SEVERE ] setting player 1 freeze to -1708459490688
[22:04:50.714] [SEVERE ] updating countdown to 15401
[22:04:50.714] [SEVERE ] setting player 1 freeze to -1708459490714
[22:04:50.740] [SEVERE ] updating countdown to 15375
[22:04:50.740] [SEVERE ] setting player 1 freeze to -1708459490740
[22:04:50.766] [SEVERE ] updating countdown to 15349
[22:04:50.767] [SEVERE ] setting player 1 freeze to -1708459490767
[22:04:50.792] [SEVERE ] updating countdown to 15323
[22:04:50.793] [SEVERE ] setting player 1 freeze to -1708459490793
[22:04:50.818] [SEVERE ] updating countdown to 15297
[22:04:50.819] [SEVERE ] setting player 1 freeze to -1708459490819
[22:04:50.844] [SEVERE ] updating countdown to 15271
[22:04:50.845] [SEVERE ] setting player 1 freeze to -1708459490845
[22:04:50.870] [SEVERE ] updating countdown to 15245
[22:04:50.871] [SEVERE ] setting player 1 freeze to -1708459490871
[22:04:50.897] [SEVERE ] updating countdown to 15218
[22:04:50.898] [SEVERE ] setting player 1 freeze to -1708459490898
[22:04:50.924] [SEVERE ] updating countdown to 15191
[22:04:50.926] [SEVERE ] setting player 1 freeze to -1708459490926
[22:04:50.952] [SEVERE ] updating countdown to 15163
[22:04:50.953] [SEVERE ] setting player 1 freeze to -1708459490953
[22:04:50.979] [SEVERE ] updating countdown to 15136
[22:04:50.980] [SEVERE ] setting player 1 freeze to -1708459490980
[22:04:51.006] [SEVERE ] updating countdown to 15109
[22:04:51.007] [SEVERE ] setting player 1 freeze to -1708459491007
[22:04:51.032] [SEVERE ] updating countdown to 15083
[22:04:51.034] [SEVERE ] setting player 1 freeze to -1708459491034
[22:04:51.059] [SEVERE ] updating countdown to 15056
[22:04:51.060] [SEVERE ] setting player 1 freeze to -1708459491060
[22:04:51.086] [SEVERE ] updating countdown to 15029
[22:04:51.087] [SEVERE ] setting player 1 freeze to -1708459491087
[22:04:51.112] [SEVERE ] updating countdown to 15003
[22:04:51.113] [SEVERE ] setting player 1 freeze to -1708459491113
[22:04:51.138] [SEVERE ] updating countdown to 14977
[22:04:51.140] [SEVERE ] setting player 1 freeze to -1708459491140
[22:04:51.166] [SEVERE ] updating countdown to 14949
[22:04:51.167] [SEVERE ] setting player 1 freeze to -1708459491167
[22:04:51.192] [SEVERE ] updating countdown to 14923
[22:04:51.193] [SEVERE ] setting player 1 freeze to -1708459491193
[22:04:51.218] [SEVERE ] updating countdown to 14897
[22:04:51.219] [SEVERE ] setting player 1 freeze to -1708459491219
[22:04:51.245] [SEVERE ] updating countdown to 14870
[22:04:51.245] [SEVERE ] setting player 1 freeze to -1708459491245
[22:04:51.270] [SEVERE ] updating countdown to 14845
[22:04:51.271] [SEVERE ] setting player 1 freeze to -1708459491271
[22:04:51.297] [SEVERE ] updating countdown to 14818
[22:04:51.298] [SEVERE ] setting player 1 freeze to -1708459491298
[22:04:51.324] [SEVERE ] updating countdown to 14792
[22:04:51.324] [SEVERE ] setting player 1 freeze to -1708459491324
[22:04:51.350] [SEVERE ] updating countdown to 14765
[22:04:51.351] [SEVERE ] setting player 1 freeze to -1708459491351
[22:04:51.377] [SEVERE ] updating countdown to 14738
[22:04:51.378] [SEVERE ] setting player 1 freeze to -1708459491378
[22:04:51.403] [SEVERE ] updating countdown to 14712
[22:04:51.404] [SEVERE ] setting player 1 freeze to -1708459491404
[22:04:51.430] [SEVERE ] updating countdown to 14685
[22:04:51.431] [SEVERE ] setting player 1 freeze to -1708459491431
[22:04:51.457] [SEVERE ] updating countdown to 14659
[22:04:51.457] [SEVERE ] setting player 1 freeze to -1708459491457
[22:04:51.483] [SEVERE ] updating countdown to 14632
[22:04:51.483] [SEVERE ] setting player 1 freeze to -1708459491483
[22:04:51.509] [SEVERE ] updating countdown to 14606
[22:04:51.510] [SEVERE ] setting player 1 freeze to -1708459491510
[22:04:51.535] [SEVERE ] updating countdown to 14580
[22:04:51.536] [SEVERE ] setting player 1 freeze to -1708459491536
[22:04:51.561] [SEVERE ] updating countdown to 14554
[22:04:51.562] [SEVERE ] setting player 1 freeze to -1708459491562
[22:04:51.587] [SEVERE ] updating countdown to 14528
[22:04:51.588] [SEVERE ] setting player 1 freeze to -1708459491588
[22:04:51.614] [SEVERE ] updating countdown to 14501
[22:04:51.615] [SEVERE ] setting player 1 freeze to -1708459491615
[22:04:51.640] [SEVERE ] updating countdown to 14475
[22:04:51.641] [SEVERE ] setting player 1 freeze to -1708459491641
[22:04:51.667] [SEVERE ] updating countdown to 14448
[22:04:51.668] [SEVERE ] setting player 1 freeze to -1708459491668
[22:04:51.693] [SEVERE ] updating countdown to 14422
[22:04:51.694] [SEVERE ] setting player 1 freeze to -1708459491694
[22:04:51.719] [SEVERE ] updating countdown to 14396
[22:04:51.720] [SEVERE ] setting player 1 freeze to -1708459491720
[22:04:51.745] [SEVERE ] updating countdown to 14370
[22:04:51.746] [SEVERE ] setting player 1 freeze to -1708459491746
[22:04:51.772] [SEVERE ] updating countdown to 14343
[22:04:51.773] [SEVERE ] setting player 1 freeze to -1708459491773
[22:04:51.799] [SEVERE ] updating countdown to 14316
[22:04:51.799] [SEVERE ] setting player 1 freeze to -1708459491799
[22:04:51.825] [SEVERE ] updating countdown to 14290
[22:04:51.827] [SEVERE ] setting player 1 freeze to -1708459491827
[22:04:51.853] [SEVERE ] updating countdown to 14262
[22:04:51.854] [SEVERE ] setting player 1 freeze to -1708459491854
[22:04:51.879] [SEVERE ] updating countdown to 14236
[22:04:51.880] [SEVERE ] setting player 1 freeze to -1708459491880
[22:04:51.906] [SEVERE ] updating countdown to 14209
[22:04:51.907] [SEVERE ] setting player 1 freeze to -1708459491907
[22:04:51.932] [SEVERE ] updating countdown to 14183
[22:04:51.933] [SEVERE ] setting player 1 freeze to -1708459491933
[22:04:51.958] [SEVERE ] updating countdown to 14157
[22:04:51.959] [SEVERE ] setting player 1 freeze to -1708459491959
[22:04:51.985] [SEVERE ] updating countdown to 14130
[22:04:51.986] [SEVERE ] setting player 1 freeze to -1708459491986
[22:04:52.011] [SEVERE ] updating countdown to 14104
[22:04:52.013] [SEVERE ] setting player 1 freeze to -1708459492013
[22:04:52.039] [SEVERE ] updating countdown to 14076
[22:04:52.041] [SEVERE ] setting player 1 freeze to -1708459492041
[22:04:52.066] [SEVERE ] updating countdown to 14049
[22:04:52.067] [SEVERE ] setting player 1 freeze to -1708459492067
[22:04:52.092] [SEVERE ] updating countdown to 14023
[22:04:52.093] [SEVERE ] setting player 1 freeze to -1708459492093
[22:04:52.120] [SEVERE ] updating countdown to 13995
[22:04:52.121] [SEVERE ] setting player 1 freeze to -1708459492121
[22:04:52.146] [SEVERE ] updating countdown to 13969
[22:04:52.146] [SEVERE ] setting player 1 freeze to -1708459492146
[22:04:52.172] [SEVERE ] updating countdown to 13943
[22:04:52.173] [SEVERE ] setting player 1 freeze to -1708459492173
[22:04:52.198] [SEVERE ] updating countdown to 13917
[22:04:52.199] [SEVERE ] setting player 1 freeze to -1708459492199
[22:04:52.224] [SEVERE ] updating countdown to 13891
[22:04:52.225] [SEVERE ] setting player 1 freeze to -1708459492225
[22:04:52.250] [SEVERE ] updating countdown to 13865
[22:04:52.251] [SEVERE ] setting player 1 freeze to -1708459492251
[22:04:52.277] [SEVERE ] updating countdown to 13838
[22:04:52.277] [SEVERE ] setting player 1 freeze to -1708459492277
[22:04:52.303] [SEVERE ] updating countdown to 13812
[22:04:52.303] [SEVERE ] setting player 1 freeze to -1708459492303
[22:04:52.329] [SEVERE ] updating countdown to 13786
[22:04:52.330] [SEVERE ] setting player 1 freeze to -1708459492330
[22:04:52.356] [SEVERE ] updating countdown to 13759
[22:04:52.357] [SEVERE ] setting player 1 freeze to -1708459492357
[22:04:52.383] [SEVERE ] updating countdown to 13733
[22:04:52.383] [SEVERE ] setting player 1 freeze to -1708459492383
[22:04:52.409] [SEVERE ] updating countdown to 13706
[22:04:52.410] [SEVERE ] setting player 1 freeze to -1708459492410
[22:04:52.435] [SEVERE ] updating countdown to 13680
[22:04:52.436] [SEVERE ] setting player 1 freeze to -1708459492436
[22:04:52.461] [SEVERE ] updating countdown to 13654
[22:04:52.462] [SEVERE ] setting player 1 freeze to -1708459492462
[22:04:52.487] [SEVERE ] updating countdown to 13628
[22:04:52.488] [SEVERE ] setting player 1 freeze to -1708459492488
[22:04:52.513] [SEVERE ] updating countdown to 13602
[22:04:52.514] [SEVERE ] setting player 1 freeze to -1708459492514
[22:04:52.539] [SEVERE ] updating countdown to 13576
[22:04:52.539] [SEVERE ] setting player 1 freeze to -1708459492539
[22:04:52.565] [SEVERE ] updating countdown to 13550
[22:04:52.566] [SEVERE ] setting player 1 freeze to -1708459492566
[22:04:52.591] [SEVERE ] updating countdown to 13524
[22:04:52.591] [SEVERE ] setting player 1 freeze to -1708459492591
[22:04:52.617] [SEVERE ] updating countdown to 13498
[22:04:52.617] [SEVERE ] setting player 1 freeze to -1708459492617
[22:04:52.643] [SEVERE ] updating countdown to 13472
[22:04:52.643] [SEVERE ] setting player 1 freeze to -1708459492643
[22:04:52.669] [SEVERE ] updating countdown to 13446
[22:04:52.670] [SEVERE ] setting player 1 freeze to -1708459492670
[22:04:52.696] [SEVERE ] updating countdown to 13419
[22:04:52.697] [SEVERE ] setting player 1 freeze to -1708459492697
[22:04:52.723] [SEVERE ] updating countdown to 13392
[22:04:52.724] [SEVERE ] setting player 1 freeze to -1708459492724
[22:04:52.749] [SEVERE ] updating countdown to 13366
[22:04:52.750] [SEVERE ] setting player 1 freeze to -1708459492750
[22:04:52.775] [SEVERE ] updating countdown to 13340
[22:04:52.777] [SEVERE ] setting player 1 freeze to -1708459492777
[22:04:52.802] [SEVERE ] updating countdown to 13313
[22:04:52.803] [SEVERE ] setting player 1 freeze to -1708459492803
[22:04:52.829] [SEVERE ] updating countdown to 13286
[22:04:52.829] [SEVERE ] setting player 1 freeze to -1708459492829
[22:04:52.855] [SEVERE ] updating countdown to 13260
[22:04:52.856] [SEVERE ] setting player 1 freeze to -1708459492856
[22:04:52.881] [SEVERE ] updating countdown to 13234
[22:04:52.882] [SEVERE ] setting player 1 freeze to -1708459492882
[22:04:52.908] [SEVERE ] updating countdown to 13207
[22:04:52.908] [SEVERE ] setting player 1 freeze to -1708459492908
[22:04:52.934] [SEVERE ] updating countdown to 13181
[22:04:52.935] [SEVERE ] setting player 1 freeze to -1708459492935
[22:04:52.961] [SEVERE ] updating countdown to 13155
[22:04:52.962] [SEVERE ] setting player 1 freeze to -1708459492962
[22:04:52.987] [SEVERE ] updating countdown to 13128
[22:04:52.988] [SEVERE ] setting player 1 freeze to -1708459492988
[22:04:53.015] [SEVERE ] updating countdown to 13101
[22:04:53.016] [SEVERE ] setting player 1 freeze to -1708459493016
[22:04:53.041] [SEVERE ] updating countdown to 13074
[22:04:53.043] [SEVERE ] setting player 1 freeze to -1708459493043
[22:04:53.069] [SEVERE ] updating countdown to 13046
[22:04:53.070] [SEVERE ] setting player 1 freeze to -1708459493070
[22:04:53.095] [SEVERE ] updating countdown to 13020
[22:04:53.096] [SEVERE ] setting player 1 freeze to -1708459493096
[22:04:53.121] [SEVERE ] updating countdown to 12994
[22:04:53.122] [SEVERE ] setting player 1 freeze to -1708459493122
[22:04:53.147] [SEVERE ] updating countdown to 12968
[22:04:53.148] [SEVERE ] setting player 1 freeze to -1708459493148
[22:04:53.173] [SEVERE ] updating countdown to 12942
[22:04:53.174] [SEVERE ] setting player 1 freeze to -1708459493174
[22:04:53.199] [SEVERE ] updating countdown to 12916
[22:04:53.200] [SEVERE ] setting player 1 freeze to -1708459493200
[22:04:53.225] [SEVERE ] updating countdown to 12890
[22:04:53.226] [SEVERE ] setting player 1 freeze to -1708459493226
[22:04:53.251] [SEVERE ] updating countdown to 12864
[22:04:53.252] [SEVERE ] setting player 1 freeze to -1708459493252
[22:04:53.279] [SEVERE ] updating countdown to 12836
[22:04:53.279] [SEVERE ] setting player 1 freeze to -1708459493279
[22:04:53.305] [SEVERE ] updating countdown to 12810
[22:04:53.305] [SEVERE ] setting player 1 freeze to -1708459493305
[22:04:53.330] [SEVERE ] updating countdown to 12785
[22:04:53.331] [SEVERE ] setting player 1 freeze to -1708459493331
[22:04:53.357] [SEVERE ] updating countdown to 12758
[22:04:53.358] [SEVERE ] setting player 1 freeze to -1708459493358
[22:04:53.383] [SEVERE ] updating countdown to 12732
[22:04:53.384] [SEVERE ] setting player 1 freeze to -1708459493384
[22:04:53.409] [SEVERE ] updating countdown to 12706
[22:04:53.409] [SEVERE ] setting player 1 freeze to -1708459493409
[22:04:53.435] [SEVERE ] updating countdown to 12680
[22:04:53.435] [SEVERE ] setting player 1 freeze to -1708459493435
[22:04:53.461] [SEVERE ] updating countdown to 12655
[22:04:53.461] [SEVERE ] setting player 1 freeze to -1708459493461
[22:04:53.486] [SEVERE ] updating countdown to 12629
[22:04:53.489] [SEVERE ] setting player 1 freeze to -1708459493489
[22:04:53.514] [SEVERE ] updating countdown to 12601
[22:04:53.515] [SEVERE ] setting player 1 freeze to -1708459493515
[22:04:53.541] [SEVERE ] updating countdown to 12574
[22:04:53.542] [SEVERE ] setting player 1 freeze to -1708459493542
[22:04:53.567] [SEVERE ] updating countdown to 12548
[22:04:53.568] [SEVERE ] setting player 1 freeze to -1708459493568
[22:04:53.594] [SEVERE ] updating countdown to 12521
[22:04:53.594] [SEVERE ] setting player 1 freeze to -1708459493594
[22:04:53.620] [SEVERE ] updating countdown to 12495
[22:04:53.621] [SEVERE ] setting player 1 freeze to -1708459493621
[22:04:53.646] [SEVERE ] updating countdown to 12469
[22:04:53.647] [SEVERE ] setting player 1 freeze to -1708459493647
[22:04:53.672] [SEVERE ] updating countdown to 12443
[22:04:53.673] [SEVERE ] setting player 1 freeze to -1708459493673
[22:04:53.698] [SEVERE ] updating countdown to 12417
[22:04:53.699] [SEVERE ] setting player 1 freeze to -1708459493699
[22:04:53.724] [SEVERE ] updating countdown to 12391
[22:04:53.725] [SEVERE ] setting player 1 freeze to -1708459493725
[22:04:53.750] [SEVERE ] updating countdown to 12365
[22:04:53.751] [SEVERE ] setting player 1 freeze to -1708459493751
[22:04:53.777] [SEVERE ] updating countdown to 12338
[22:04:53.778] [SEVERE ] setting player 1 freeze to -1708459493778
[22:04:53.804] [SEVERE ] updating countdown to 12311
[22:04:53.805] [SEVERE ] setting player 1 freeze to -1708459493805
[22:04:53.831] [SEVERE ] updating countdown to 12284
[22:04:53.832] [SEVERE ] setting player 1 freeze to -1708459493832
[22:04:53.857] [SEVERE ] updating countdown to 12258
[22:04:53.858] [SEVERE ] setting player 1 freeze to -1708459493858
[22:04:53.883] [SEVERE ] updating countdown to 12232
[22:04:53.884] [SEVERE ] setting player 1 freeze to -1708459493884
[22:04:53.910] [SEVERE ] updating countdown to 12205
[22:04:53.910] [SEVERE ] setting player 1 freeze to -1708459493910
[22:04:53.936] [SEVERE ] updating countdown to 12179
[22:04:53.936] [SEVERE ] setting player 1 freeze to -1708459493936
[22:04:53.962] [SEVERE ] updating countdown to 12153
[22:04:53.963] [SEVERE ] setting player 1 freeze to -1708459493963
[22:04:53.988] [SEVERE ] updating countdown to 12127
[22:04:53.989] [SEVERE ] setting player 1 freeze to -1708459493989
[22:04:54.014] [SEVERE ] updating countdown to 12101
[22:04:54.015] [SEVERE ] setting player 1 freeze to -1708459494015
[22:04:54.040] [SEVERE ] updating countdown to 12075
[22:04:54.040] [SEVERE ] setting player 1 freeze to -1708459494040
[22:04:54.066] [SEVERE ] updating countdown to 12049
[22:04:54.067] [SEVERE ] setting player 1 freeze to -1708459494067
[22:04:54.092] [SEVERE ] updating countdown to 12023
[22:04:54.093] [SEVERE ] setting player 1 freeze to -1708459494093
[22:04:54.118] [SEVERE ] updating countdown to 11997
[22:04:54.119] [SEVERE ] setting player 1 freeze to -1708459494119
[22:04:54.145] [SEVERE ] updating countdown to 11970
[22:04:54.145] [SEVERE ] setting player 1 freeze to -1708459494145
[22:04:54.171] [SEVERE ] updating countdown to 11944
[22:04:54.171] [SEVERE ] setting player 1 freeze to -1708459494171
[22:04:54.197] [SEVERE ] updating countdown to 11918
[22:04:54.197] [SEVERE ] setting player 1 freeze to -1708459494197
[22:04:54.223] [SEVERE ] updating countdown to 11892
[22:04:54.223] [SEVERE ] setting player 1 freeze to -1708459494223
[22:04:54.249] [SEVERE ] updating countdown to 11866
[22:04:54.250] [SEVERE ] setting player 1 freeze to -1708459494250
[22:04:54.275] [SEVERE ] updating countdown to 11840
[22:04:54.276] [SEVERE ] setting player 1 freeze to -1708459494276
[22:04:54.301] [SEVERE ] updating countdown to 11814
[22:04:54.302] [SEVERE ] setting player 1 freeze to -1708459494302
[22:04:54.328] [SEVERE ] updating countdown to 11787
[22:04:54.329] [SEVERE ] setting player 1 freeze to -1708459494329
[22:04:54.355] [SEVERE ] updating countdown to 11760
[22:04:54.355] [SEVERE ] setting player 1 freeze to -1708459494355
[22:04:54.380] [SEVERE ] updating countdown to 11735
[22:04:54.381] [SEVERE ] setting player 1 freeze to -1708459494381
[22:04:54.406] [SEVERE ] updating countdown to 11709
[22:04:54.407] [SEVERE ] setting player 1 freeze to -1708459494407
[22:04:54.432] [SEVERE ] updating countdown to 11683
[22:04:54.433] [SEVERE ] setting player 1 freeze to -1708459494433
[22:04:54.458] [SEVERE ] updating countdown to 11657
[22:04:54.459] [SEVERE ] setting player 1 freeze to -1708459494459
[22:04:54.485] [SEVERE ] updating countdown to 11630
[22:04:54.485] [SEVERE ] setting player 1 freeze to -1708459494485
[22:04:54.511] [SEVERE ] updating countdown to 11604
[22:04:54.511] [SEVERE ] setting player 1 freeze to -1708459494511
[22:04:54.537] [SEVERE ] updating countdown to 11578
[22:04:54.538] [SEVERE ] setting player 1 freeze to -1708459494538
[22:04:54.564] [SEVERE ] updating countdown to 11551
[22:04:54.565] [SEVERE ] setting player 1 freeze to -1708459494565
[22:04:54.590] [SEVERE ] updating countdown to 11525
[22:04:54.592] [SEVERE ] setting player 1 freeze to -1708459494592
[22:04:54.618] [SEVERE ] updating countdown to 11497
[22:04:54.619] [SEVERE ] setting player 1 freeze to -1708459494619
[22:04:54.644] [SEVERE ] updating countdown to 11471
[22:04:54.645] [SEVERE ] setting player 1 freeze to -1708459494645
[22:04:54.671] [SEVERE ] updating countdown to 11444
[22:04:54.672] [SEVERE ] setting player 1 freeze to -1708459494672
[22:04:54.698] [SEVERE ] updating countdown to 11417
[22:04:54.700] [SEVERE ] setting player 1 freeze to -1708459494700
[22:04:54.726] [SEVERE ] updating countdown to 11389
[22:04:54.727] [SEVERE ] setting player 1 freeze to -1708459494727
[22:04:54.752] [SEVERE ] updating countdown to 11363
[22:04:54.753] [SEVERE ] setting player 1 freeze to -1708459494753
[22:04:54.778] [SEVERE ] updating countdown to 11337
[22:04:54.780] [SEVERE ] setting player 1 freeze to -1708459494780
[22:04:54.805] [SEVERE ] updating countdown to 11310
[22:04:54.806] [SEVERE ] setting player 1 freeze to -1708459494806
[22:04:54.832] [SEVERE ] updating countdown to 11284
[22:04:54.832] [SEVERE ] setting player 1 freeze to -1708459494832
[22:04:54.858] [SEVERE ] updating countdown to 11257
[22:04:54.860] [SEVERE ] setting player 1 freeze to -1708459494860
[22:04:54.886] [SEVERE ] updating countdown to 11229
[22:04:54.886] [SEVERE ] setting player 1 freeze to -1708459494886
[22:04:54.912] [SEVERE ] updating countdown to 11203
[22:04:54.912] [SEVERE ] setting player 1 freeze to -1708459494912
[22:04:54.938] [SEVERE ] updating countdown to 11177
[22:04:54.939] [SEVERE ] setting player 1 freeze to -1708459494939
[22:04:54.964] [SEVERE ] updating countdown to 11151
[22:04:54.964] [SEVERE ] setting player 1 freeze to -1708459494964
[22:04:54.990] [SEVERE ] updating countdown to 11125
[22:04:54.991] [SEVERE ] setting player 1 freeze to -1708459494991
[22:04:55.017] [SEVERE ] updating countdown to 11098
[22:04:55.019] [SEVERE ] setting player 1 freeze to -1708459495019
[22:04:55.045] [SEVERE ] updating countdown to 11070
[22:04:55.047] [SEVERE ] setting player 1 freeze to -1708459495047
[22:04:55.072] [SEVERE ] updating countdown to 11043
[22:04:55.073] [SEVERE ] setting player 1 freeze to -1708459495073
[22:04:55.098] [SEVERE ] updating countdown to 11017
[22:04:55.099] [SEVERE ] setting player 1 freeze to -1708459495099
[22:04:55.117] [SEVERE ] key 81 was pressed by player 1
[22:04:55.124] [SEVERE ] updating countdown to 10991
[22:04:55.125] [SEVERE ] setting player 1 freeze to -1708459495125
[22:04:55.151] [SEVERE ] updating countdown to 10964
[22:04:55.151] [SEVERE ] setting player 1 freeze to -1708459495151
[22:04:55.176] [SEVERE ] updating countdown to 10939
[22:04:55.177] [SEVERE ] setting player 1 freeze to -1708459495177
[22:04:55.204] [SEVERE ] updating countdown to 10911
[22:04:55.205] [SEVERE ] setting player 1 freeze to -1708459495205
[22:04:55.231] [SEVERE ] updating countdown to 10884
[22:04:55.231] [SEVERE ] setting player 1 freeze to -1708459495231
[22:04:55.256] [SEVERE ] updating countdown to 10859
[22:04:55.257] [SEVERE ] setting player 1 freeze to -1708459495257
[22:04:55.283] [SEVERE ] updating countdown to 10832
[22:04:55.285] [SEVERE ] setting player 1 freeze to -1708459495285
[22:04:55.310] [SEVERE ] updating countdown to 10805
[22:04:55.311] [SEVERE ] setting player 1 freeze to -1708459495311
[22:04:55.336] [SEVERE ] updating countdown to 10779
[22:04:55.337] [SEVERE ] setting player 1 freeze to -1708459495337
[22:04:55.363] [SEVERE ] updating countdown to 10752
[22:04:55.363] [SEVERE ] setting player 1 freeze to -1708459495363
[22:04:55.389] [SEVERE ] updating countdown to 10726
[22:04:55.389] [SEVERE ] setting player 1 freeze to -1708459495389
[22:04:55.414] [SEVERE ] updating countdown to 10701
[22:04:55.415] [SEVERE ] setting player 1 freeze to -1708459495415
[22:04:55.441] [SEVERE ] updating countdown to 10674
[22:04:55.441] [SEVERE ] setting player 1 freeze to -1708459495441
[22:04:55.467] [SEVERE ] updating countdown to 10648
[22:04:55.467] [SEVERE ] setting player 1 freeze to -1708459495467
[22:04:55.493] [SEVERE ] updating countdown to 10622
[22:04:55.493] [SEVERE ] setting player 1 freeze to -1708459495493
[22:04:55.519] [SEVERE ] updating countdown to 10596
[22:04:55.520] [SEVERE ] setting player 1 freeze to -1708459495520
[22:04:55.545] [SEVERE ] updating countdown to 10570
[22:04:55.546] [SEVERE ] setting player 1 freeze to -1708459495546
[22:04:55.571] [SEVERE ] updating countdown to 10544
[22:04:55.572] [SEVERE ] setting player 1 freeze to -1708459495572
[22:04:55.597] [SEVERE ] updating countdown to 10518
[22:04:55.598] [SEVERE ] setting player 1 freeze to -1708459495598
[22:04:55.623] [SEVERE ] updating countdown to 10492
[22:04:55.624] [SEVERE ] setting player 1 freeze to -1708459495624
[22:04:55.649] [SEVERE ] updating countdown to 10466
[22:04:55.650] [SEVERE ] setting player 1 freeze to -1708459495650
[22:04:55.675] [SEVERE ] updating countdown to 10440
[22:04:55.676] [SEVERE ] setting player 1 freeze to -1708459495676
[22:04:55.701] [SEVERE ] updating countdown to 10414
[22:04:55.702] [SEVERE ] setting player 1 freeze to -1708459495702
[22:04:55.727] [SEVERE ] updating countdown to 10388
[22:04:55.728] [SEVERE ] setting player 1 freeze to -1708459495728
[22:04:55.753] [SEVERE ] updating countdown to 10362
[22:04:55.754] [SEVERE ] setting player 1 freeze to -1708459495754
[22:04:55.779] [SEVERE ] updating countdown to 10336
[22:04:55.780] [SEVERE ] setting player 1 freeze to -1708459495780
[22:04:55.806] [SEVERE ] updating countdown to 10309
[22:04:55.807] [SEVERE ] setting player 1 freeze to -1708459495807
[22:04:55.833] [SEVERE ] updating countdown to 10282
[22:04:55.834] [SEVERE ] setting player 1 freeze to -1708459495834
[22:04:55.861] [SEVERE ] updating countdown to 10254
[22:04:55.861] [SEVERE ] setting player 1 freeze to -1708459495861
[22:04:55.887] [SEVERE ] updating countdown to 10228
[22:04:55.887] [SEVERE ] setting player 1 freeze to -1708459495887
[22:04:55.913] [SEVERE ] updating countdown to 10202
[22:04:55.913] [SEVERE ] setting player 1 freeze to -1708459495913
[22:04:55.938] [SEVERE ] updating countdown to 10177
[22:04:55.939] [SEVERE ] setting player 1 freeze to -1708459495939
[22:04:55.964] [SEVERE ] updating countdown to 10151
[22:04:55.964] [SEVERE ] setting player 1 freeze to -1708459495964
[22:04:55.990] [SEVERE ] updating countdown to 10125
[22:04:55.990] [SEVERE ] setting player 1 freeze to -1708459495990
[22:04:56.016] [SEVERE ] updating countdown to 10099
[22:04:56.016] [SEVERE ] setting player 1 freeze to -1708459496016
[22:04:56.042] [SEVERE ] updating countdown to 10073
[22:04:56.043] [SEVERE ] setting player 1 freeze to -1708459496043
[22:04:56.069] [SEVERE ] updating countdown to 10046
[22:04:56.069] [SEVERE ] setting player 1 freeze to -1708459496069
[22:04:56.094] [SEVERE ] updating countdown to 10021
[22:04:56.095] [SEVERE ] setting player 1 freeze to -1708459496095
[22:04:56.121] [SEVERE ] updating countdown to 9994
[22:04:56.122] [SEVERE ] setting player 1 freeze to -1708459496122
[22:04:56.147] [SEVERE ] updating countdown to 9968
[22:04:56.148] [SEVERE ] setting player 1 freeze to -1708459496148
[22:04:56.174] [SEVERE ] updating countdown to 9941
[22:04:56.174] [SEVERE ] setting player 1 freeze to -1708459496174
[22:04:56.200] [SEVERE ] updating countdown to 9915
[22:04:56.201] [SEVERE ] setting player 1 freeze to -1708459496201
[22:04:56.227] [SEVERE ] updating countdown to 9888
[22:04:56.227] [SEVERE ] setting player 1 freeze to -1708459496227
[22:04:56.253] [SEVERE ] updating countdown to 9862
[22:04:56.254] [SEVERE ] setting player 1 freeze to -1708459496254
[22:04:56.279] [SEVERE ] updating countdown to 9836
[22:04:56.280] [SEVERE ] setting player 1 freeze to -1708459496280
[22:04:56.305] [SEVERE ] updating countdown to 9810
[22:04:56.306] [SEVERE ] setting player 1 freeze to -1708459496306
[22:04:56.332] [SEVERE ] updating countdown to 9783
[22:04:56.332] [SEVERE ] setting player 1 freeze to -1708459496332
[22:04:56.358] [SEVERE ] updating countdown to 9757
[22:04:56.358] [SEVERE ] setting player 1 freeze to -1708459496358
[22:04:56.384] [SEVERE ] updating countdown to 9731
[22:04:56.384] [SEVERE ] setting player 1 freeze to -1708459496384
[22:04:56.410] [SEVERE ] updating countdown to 9705
[22:04:56.411] [SEVERE ] setting player 1 freeze to -1708459496411
[22:04:56.436] [SEVERE ] updating countdown to 9679
[22:04:56.437] [SEVERE ] setting player 1 freeze to -1708459496437
[22:04:56.463] [SEVERE ] updating countdown to 9652
[22:04:56.464] [SEVERE ] setting player 1 freeze to -1708459496464
[22:04:56.490] [SEVERE ] updating countdown to 9625
[22:04:56.491] [SEVERE ] setting player 1 freeze to -1708459496491
[22:04:56.516] [SEVERE ] updating countdown to 9599
[22:04:56.517] [SEVERE ] setting player 1 freeze to -1708459496517
[22:04:56.542] [SEVERE ] updating countdown to 9573
[22:04:56.543] [SEVERE ] setting player 1 freeze to -1708459496543
[22:04:56.568] [SEVERE ] updating countdown to 9547
[22:04:56.569] [SEVERE ] setting player 1 freeze to -1708459496569
[22:04:56.594] [SEVERE ] updating countdown to 9521
[22:04:56.594] [SEVERE ] setting player 1 freeze to -1708459496594
[22:04:56.620] [SEVERE ] updating countdown to 9495
[22:04:56.621] [SEVERE ] setting player 1 freeze to -1708459496621
[22:04:56.646] [SEVERE ] updating countdown to 9469
[22:04:56.646] [SEVERE ] setting player 1 freeze to -1708459496646
[22:04:56.672] [SEVERE ] updating countdown to 9443
[22:04:56.672] [SEVERE ] setting player 1 freeze to -1708459496672
[22:04:56.698] [SEVERE ] updating countdown to 9417
[22:04:56.699] [SEVERE ] setting player 1 freeze to -1708459496699
[22:04:56.724] [SEVERE ] updating countdown to 9391
[22:04:56.724] [SEVERE ] setting player 1 freeze to -1708459496724
[22:04:56.750] [SEVERE ] updating countdown to 9365
[22:04:56.750] [SEVERE ] setting player 1 freeze to -1708459496750
[22:04:56.776] [SEVERE ] updating countdown to 9339
[22:04:56.777] [SEVERE ] setting player 1 freeze to -1708459496776
[22:04:56.802] [SEVERE ] updating countdown to 9313
[22:04:56.803] [SEVERE ] setting player 1 freeze to -1708459496803
[22:04:56.829] [SEVERE ] updating countdown to 9286
[22:04:56.830] [SEVERE ] setting player 1 freeze to -1708459496830
[22:04:56.856] [SEVERE ] updating countdown to 9259
[22:04:56.857] [SEVERE ] setting player 1 freeze to -1708459496857
[22:04:56.883] [SEVERE ] updating countdown to 9232
[22:04:56.884] [SEVERE ] setting player 1 freeze to -1708459496884
[22:04:56.910] [SEVERE ] updating countdown to 9205
[22:04:56.911] [SEVERE ] setting player 1 freeze to -1708459496911
[22:04:56.937] [SEVERE ] updating countdown to 9178
[22:04:56.938] [SEVERE ] setting player 1 freeze to -1708459496938
[22:04:56.964] [SEVERE ] updating countdown to 9151
[22:04:56.965] [SEVERE ] setting player 1 freeze to -1708459496965
[22:04:56.991] [SEVERE ] updating countdown to 9124
[22:04:56.992] [SEVERE ] setting player 1 freeze to -1708459496992
[22:04:57.018] [SEVERE ] updating countdown to 9097
[22:04:57.019] [SEVERE ] setting player 1 freeze to -1708459497019
[22:04:57.044] [SEVERE ] updating countdown to 9071
[22:04:57.045] [SEVERE ] setting player 1 freeze to -1708459497045
[22:04:57.070] [SEVERE ] updating countdown to 9045
[22:04:57.071] [SEVERE ] setting player 1 freeze to -1708459497071
[22:04:57.097] [SEVERE ] updating countdown to 9018
[22:04:57.097] [SEVERE ] setting player 1 freeze to -1708459497097
[22:04:57.123] [SEVERE ] updating countdown to 8992
[22:04:57.125] [SEVERE ] setting player 1 freeze to -1708459497125
[22:04:57.150] [SEVERE ] updating countdown to 8965
[22:04:57.151] [SEVERE ] setting player 1 freeze to -1708459497151
[22:04:57.176] [SEVERE ] updating countdown to 8939
[22:04:57.177] [SEVERE ] setting player 1 freeze to -1708459497177
[22:04:57.203] [SEVERE ] updating countdown to 8912
[22:04:57.204] [SEVERE ] setting player 1 freeze to -1708459497204
[22:04:57.230] [SEVERE ] updating countdown to 8885
[22:04:57.232] [SEVERE ] setting player 1 freeze to -1708459497232
[22:04:57.258] [SEVERE ] updating countdown to 8857
[22:04:57.259] [SEVERE ] setting player 1 freeze to -1708459497259
[22:04:57.285] [SEVERE ] updating countdown to 8830
[22:04:57.285] [SEVERE ] setting player 1 freeze to -1708459497285
[22:04:57.311] [SEVERE ] updating countdown to 8804
[22:04:57.312] [SEVERE ] setting player 1 freeze to -1708459497312
[22:04:57.338] [SEVERE ] updating countdown to 8777
[22:04:57.338] [SEVERE ] setting player 1 freeze to -1708459497338
[22:04:57.364] [SEVERE ] updating countdown to 8751
[22:04:57.365] [SEVERE ] setting player 1 freeze to -1708459497365
[22:04:57.394] [SEVERE ] updating countdown to 8721
[22:04:57.395] [SEVERE ] setting player 1 freeze to -1708459497395
[22:04:57.421] [SEVERE ] updating countdown to 8694
[22:04:57.422] [SEVERE ] setting player 1 freeze to -1708459497422
[22:04:57.447] [SEVERE ] updating countdown to 8668
[22:04:57.449] [SEVERE ] setting player 1 freeze to -1708459497449
[22:04:57.475] [SEVERE ] updating countdown to 8640
[22:04:57.475] [SEVERE ] setting player 1 freeze to -1708459497475
[22:04:57.501] [SEVERE ] updating countdown to 8614
[22:04:57.502] [SEVERE ] setting player 1 freeze to -1708459497502
[22:04:57.527] [SEVERE ] updating countdown to 8588
[22:04:57.528] [SEVERE ] setting player 1 freeze to -1708459497528
[22:04:57.554] [SEVERE ] updating countdown to 8561
[22:04:57.554] [SEVERE ] setting player 1 freeze to -1708459497554
[22:04:57.580] [SEVERE ] updating countdown to 8536
[22:04:57.580] [SEVERE ] setting player 1 freeze to -1708459497580
[22:04:57.606] [SEVERE ] updating countdown to 8509
[22:04:57.607] [SEVERE ] setting player 1 freeze to -1708459497607
[22:04:57.633] [SEVERE ] updating countdown to 8482
[22:04:57.633] [SEVERE ] setting player 1 freeze to -1708459497633
[22:04:57.659] [SEVERE ] updating countdown to 8456
[22:04:57.660] [SEVERE ] setting player 1 freeze to -1708459497660
[22:04:57.685] [SEVERE ] updating countdown to 8430
[22:04:57.687] [SEVERE ] setting player 1 freeze to -1708459497687
[22:04:57.712] [SEVERE ] updating countdown to 8403
[22:04:57.713] [SEVERE ] setting player 1 freeze to -1708459497713
[22:04:57.738] [SEVERE ] updating countdown to 8377
[22:04:57.739] [SEVERE ] setting player 1 freeze to -1708459497739
[22:04:57.764] [SEVERE ] updating countdown to 8351
[22:04:57.765] [SEVERE ] setting player 1 freeze to -1708459497765
[22:04:57.790] [SEVERE ] updating countdown to 8325
[22:04:57.791] [SEVERE ] setting player 1 freeze to -1708459497791
[22:04:57.817] [SEVERE ] updating countdown to 8298
[22:04:57.817] [SEVERE ] setting player 1 freeze to -1708459497817
[22:04:57.843] [SEVERE ] updating countdown to 8272
[22:04:57.844] [SEVERE ] setting player 1 freeze to -1708459497844
[22:04:57.870] [SEVERE ] updating countdown to 8245
[22:04:57.871] [SEVERE ] setting player 1 freeze to -1708459497871
[22:04:57.896] [SEVERE ] updating countdown to 8219
[22:04:57.897] [SEVERE ] setting player 1 freeze to -1708459497897
[22:04:57.923] [SEVERE ] updating countdown to 8193
[22:04:57.923] [SEVERE ] setting player 1 freeze to -1708459497923
[22:04:57.949] [SEVERE ] updating countdown to 8166
[22:04:57.949] [SEVERE ] setting player 1 freeze to -1708459497949
[22:04:57.975] [SEVERE ] updating countdown to 8140
[22:04:57.975] [SEVERE ] setting player 1 freeze to -1708459497975
[22:04:58.001] [SEVERE ] updating countdown to 8114
[22:04:58.001] [SEVERE ] setting player 1 freeze to -1708459498001
[22:04:58.027] [SEVERE ] updating countdown to 8088
[22:04:58.027] [SEVERE ] setting player 1 freeze to -1708459498027
[22:04:58.053] [SEVERE ] updating countdown to 8062
[22:04:58.053] [SEVERE ] setting player 1 freeze to -1708459498053
[22:04:58.079] [SEVERE ] updating countdown to 8036
[22:04:58.079] [SEVERE ] setting player 1 freeze to -1708459498079
[22:04:58.105] [SEVERE ] updating countdown to 8010
[22:04:58.106] [SEVERE ] setting player 1 freeze to -1708459498106
[22:04:58.131] [SEVERE ] updating countdown to 7984
[22:04:58.132] [SEVERE ] setting player 1 freeze to -1708459498132
[22:04:58.158] [SEVERE ] updating countdown to 7957
[22:04:58.159] [SEVERE ] setting player 1 freeze to -1708459498159
[22:04:58.184] [SEVERE ] updating countdown to 7931
[22:04:58.184] [SEVERE ] setting player 1 freeze to -1708459498184
[22:04:58.210] [SEVERE ] updating countdown to 7905
[22:04:58.211] [SEVERE ] setting player 1 freeze to -1708459498211
[22:04:58.237] [SEVERE ] updating countdown to 7878
[22:04:58.238] [SEVERE ] setting player 1 freeze to -1708459498238
[22:04:58.264] [SEVERE ] updating countdown to 7851
[22:04:58.265] [SEVERE ] setting player 1 freeze to -1708459498265
[22:04:58.292] [SEVERE ] updating countdown to 7823
[22:04:58.293] [SEVERE ] setting player 1 freeze to -1708459498293
[22:04:58.319] [SEVERE ] updating countdown to 7796
[22:04:58.321] [SEVERE ] setting player 1 freeze to -1708459498321
[22:04:58.347] [SEVERE ] updating countdown to 7768
[22:04:58.349] [SEVERE ] setting player 1 freeze to -1708459498349
[22:04:58.376] [SEVERE ] updating countdown to 7739
[22:04:58.377] [SEVERE ] setting player 1 freeze to -1708459498377
[22:04:58.403] [SEVERE ] updating countdown to 7712
[22:04:58.403] [SEVERE ] setting player 1 freeze to -1708459498403
[22:04:58.429] [SEVERE ] updating countdown to 7686
[22:04:58.429] [SEVERE ] setting player 1 freeze to -1708459498429
[22:04:58.455] [SEVERE ] updating countdown to 7660
[22:04:58.455] [SEVERE ] setting player 1 freeze to -1708459498455
[22:04:58.480] [SEVERE ] updating countdown to 7635
[22:04:58.481] [SEVERE ] setting player 1 freeze to -1708459498481
[22:04:58.507] [SEVERE ] updating countdown to 7608
[22:04:58.508] [SEVERE ] setting player 1 freeze to -1708459498508
[22:04:58.533] [SEVERE ] updating countdown to 7582
[22:04:58.535] [SEVERE ] setting player 1 freeze to -1708459498535
[22:04:58.561] [SEVERE ] updating countdown to 7554
[22:04:58.562] [SEVERE ] setting player 1 freeze to -1708459498562
[22:04:58.587] [SEVERE ] updating countdown to 7528
[22:04:58.588] [SEVERE ] setting player 1 freeze to -1708459498588
[22:04:58.613] [SEVERE ] updating countdown to 7502
[22:04:58.614] [SEVERE ] setting player 1 freeze to -1708459498614
[22:04:58.639] [SEVERE ] updating countdown to 7476
[22:04:58.640] [SEVERE ] setting player 1 freeze to -1708459498640
[22:04:58.666] [SEVERE ] updating countdown to 7449
[22:04:58.667] [SEVERE ] setting player 1 freeze to -1708459498667
[22:04:58.693] [SEVERE ] updating countdown to 7422
[22:04:58.694] [SEVERE ] setting player 1 freeze to -1708459498694
[22:04:58.720] [SEVERE ] updating countdown to 7395
[22:04:58.721] [SEVERE ] setting player 1 freeze to -1708459498721
[22:04:58.748] [SEVERE ] updating countdown to 7367
[22:04:58.749] [SEVERE ] setting player 1 freeze to -1708459498749
[22:04:58.775] [SEVERE ] updating countdown to 7340
[22:04:58.776] [SEVERE ] setting player 1 freeze to -1708459498776
[22:04:58.802] [SEVERE ] updating countdown to 7313
[22:04:58.804] [SEVERE ] setting player 1 freeze to -1708459498804
[22:04:58.830] [SEVERE ] updating countdown to 7285
[22:04:58.831] [SEVERE ] setting player 1 freeze to -1708459498831
[22:04:58.856] [SEVERE ] updating countdown to 7259
[22:04:58.857] [SEVERE ] setting player 1 freeze to -1708459498857
[22:04:58.882] [SEVERE ] updating countdown to 7233
[22:04:58.884] [SEVERE ] setting player 1 freeze to -1708459498884
[22:04:58.909] [SEVERE ] updating countdown to 7206
[22:04:58.910] [SEVERE ] setting player 1 freeze to -1708459498910
[22:04:58.937] [SEVERE ] updating countdown to 7178
[22:04:58.938] [SEVERE ] setting player 1 freeze to -1708459498938
[22:04:58.964] [SEVERE ] updating countdown to 7151
[22:04:58.965] [SEVERE ] setting player 1 freeze to -1708459498965
[22:04:58.990] [SEVERE ] updating countdown to 7125
[22:04:58.991] [SEVERE ] setting player 1 freeze to -1708459498991
[22:04:59.017] [SEVERE ] updating countdown to 7098
[22:04:59.018] [SEVERE ] setting player 1 freeze to -1708459499018
[22:04:59.044] [SEVERE ] updating countdown to 7071
[22:04:59.045] [SEVERE ] setting player 1 freeze to -1708459499045
[22:04:59.072] [SEVERE ] updating countdown to 7043
[22:04:59.073] [SEVERE ] setting player 1 freeze to -1708459499073
[22:04:59.099] [SEVERE ] updating countdown to 7016
[22:04:59.100] [SEVERE ] setting player 1 freeze to -1708459499100
[22:04:59.126] [SEVERE ] updating countdown to 6989
[22:04:59.128] [SEVERE ] setting player 1 freeze to -1708459499128
[22:04:59.154] [SEVERE ] updating countdown to 6961
[22:04:59.154] [SEVERE ] setting player 1 freeze to -1708459499154
[22:04:59.180] [SEVERE ] updating countdown to 6935
[22:04:59.181] [SEVERE ] setting player 1 freeze to -1708459499181
[22:04:59.206] [SEVERE ] updating countdown to 6909
[22:04:59.207] [SEVERE ] setting player 1 freeze to -1708459499207
[22:04:59.233] [SEVERE ] updating countdown to 6882
[22:04:59.233] [SEVERE ] setting player 1 freeze to -1708459499233
[22:04:59.259] [SEVERE ] updating countdown to 6856
[22:04:59.259] [SEVERE ] setting player 1 freeze to -1708459499259
[22:04:59.285] [SEVERE ] updating countdown to 6830
[22:04:59.287] [SEVERE ] setting player 1 freeze to -1708459499287
[22:04:59.313] [SEVERE ] updating countdown to 6802
[22:04:59.313] [SEVERE ] setting player 1 freeze to -1708459499313
[22:04:59.339] [SEVERE ] updating countdown to 6776
[22:04:59.339] [SEVERE ] setting player 1 freeze to -1708459499339
[22:04:59.365] [SEVERE ] updating countdown to 6750
[22:04:59.366] [SEVERE ] setting player 1 freeze to -1708459499366
[22:04:59.392] [SEVERE ] updating countdown to 6723
[22:04:59.393] [SEVERE ] setting player 1 freeze to -1708459499393
[22:04:59.419] [SEVERE ] updating countdown to 6696
[22:04:59.420] [SEVERE ] setting player 1 freeze to -1708459499420
[22:04:59.445] [SEVERE ] updating countdown to 6670
[22:04:59.446] [SEVERE ] setting player 1 freeze to -1708459499446
[22:04:59.472] [SEVERE ] updating countdown to 6643
[22:04:59.473] [SEVERE ] setting player 1 freeze to -1708459499473
[22:04:59.499] [SEVERE ] updating countdown to 6616
[22:04:59.500] [SEVERE ] setting player 1 freeze to -1708459499500
[22:04:59.526] [SEVERE ] updating countdown to 6589
[22:04:59.526] [SEVERE ] setting player 1 freeze to -1708459499526
[22:04:59.552] [SEVERE ] updating countdown to 6563
[22:04:59.552] [SEVERE ] setting player 1 freeze to -1708459499552
[22:04:59.578] [SEVERE ] updating countdown to 6537
[22:04:59.579] [SEVERE ] setting player 1 freeze to -1708459499579
[22:04:59.605] [SEVERE ] updating countdown to 6510
[22:04:59.606] [SEVERE ] setting player 1 freeze to -1708459499606
[22:04:59.631] [SEVERE ] updating countdown to 6484
[22:04:59.632] [SEVERE ] setting player 1 freeze to -1708459499632
[22:04:59.657] [SEVERE ] updating countdown to 6458
[22:04:59.658] [SEVERE ] setting player 1 freeze to -1708459499658
[22:04:59.683] [SEVERE ] updating countdown to 6432
[22:04:59.684] [SEVERE ] setting player 1 freeze to -1708459499684
[22:04:59.709] [SEVERE ] updating countdown to 6406
[22:04:59.710] [SEVERE ] setting player 1 freeze to -1708459499710
[22:04:59.736] [SEVERE ] updating countdown to 6379
[22:04:59.736] [SEVERE ] setting player 1 freeze to -1708459499736
[22:04:59.762] [SEVERE ] updating countdown to 6353
[22:04:59.763] [SEVERE ] setting player 1 freeze to -1708459499763
[22:04:59.789] [SEVERE ] updating countdown to 6326
[22:04:59.789] [SEVERE ] setting player 1 freeze to -1708459499789
[22:04:59.815] [SEVERE ] updating countdown to 6300
[22:04:59.816] [SEVERE ] setting player 1 freeze to -1708459499816
[22:04:59.841] [SEVERE ] updating countdown to 6274
[22:04:59.842] [SEVERE ] setting player 1 freeze to -1708459499842
[22:04:59.868] [SEVERE ] updating countdown to 6247
[22:04:59.869] [SEVERE ] setting player 1 freeze to -1708459499869
[22:04:59.895] [SEVERE ] updating countdown to 6220
[22:04:59.896] [SEVERE ] setting player 1 freeze to -1708459499896
[22:04:59.922] [SEVERE ] updating countdown to 6193
[22:04:59.922] [SEVERE ] setting player 1 freeze to -1708459499922
[22:04:59.948] [SEVERE ] updating countdown to 6167
[22:04:59.950] [SEVERE ] setting player 1 freeze to -1708459499950
[22:04:59.976] [SEVERE ] updating countdown to 6139
[22:04:59.977] [SEVERE ] setting player 1 freeze to -1708459499977
[22:05:00.003] [SEVERE ] updating countdown to 6112
[22:05:00.004] [SEVERE ] setting player 1 freeze to -1708459500004
[22:05:00.030] [SEVERE ] updating countdown to 6085
[22:05:00.031] [SEVERE ] setting player 1 freeze to -1708459500031
[22:05:00.056] [SEVERE ] updating countdown to 6059
[22:05:00.057] [SEVERE ] setting player 1 freeze to -1708459500057
[22:05:00.082] [SEVERE ] updating countdown to 6033
[22:05:00.083] [SEVERE ] setting player 1 freeze to -1708459500083
[22:05:00.108] [SEVERE ] updating countdown to 6007
[22:05:00.109] [SEVERE ] setting player 1 freeze to -1708459500109
[22:05:00.134] [SEVERE ] updating countdown to 5981
[22:05:00.135] [SEVERE ] setting player 1 freeze to -1708459500135
[22:05:00.161] [SEVERE ] updating countdown to 5954
[22:05:00.161] [SEVERE ] setting player 1 freeze to -1708459500161
[22:05:00.187] [SEVERE ] updating countdown to 5928
[22:05:00.187] [SEVERE ] setting player 1 freeze to -1708459500187
[22:05:00.213] [SEVERE ] updating countdown to 5902
[22:05:00.214] [SEVERE ] setting player 1 freeze to -1708459500214
[22:05:00.239] [SEVERE ] updating countdown to 5876
[22:05:00.240] [SEVERE ] setting player 1 freeze to -1708459500240
[22:05:00.265] [SEVERE ] updating countdown to 5850
[22:05:00.266] [SEVERE ] setting player 1 freeze to -1708459500266
[22:05:00.292] [SEVERE ] updating countdown to 5823
[22:05:00.293] [SEVERE ] setting player 1 freeze to -1708459500293
[22:05:00.319] [SEVERE ] updating countdown to 5796
[22:05:00.320] [SEVERE ] setting player 1 freeze to -1708459500320
[22:05:00.345] [SEVERE ] updating countdown to 5770
[22:05:00.346] [SEVERE ] setting player 1 freeze to -1708459500346
[22:05:00.372] [SEVERE ] updating countdown to 5743
[22:05:00.373] [SEVERE ] setting player 1 freeze to -1708459500373
[22:05:00.398] [SEVERE ] updating countdown to 5717
[22:05:00.399] [SEVERE ] setting player 1 freeze to -1708459500399
[22:05:00.425] [SEVERE ] updating countdown to 5690
[22:05:00.425] [SEVERE ] setting player 1 freeze to -1708459500425
[22:05:00.451] [SEVERE ] updating countdown to 5664
[22:05:00.452] [SEVERE ] setting player 1 freeze to -1708459500452
[22:05:00.478] [SEVERE ] updating countdown to 5637
[22:05:00.479] [SEVERE ] setting player 1 freeze to -1708459500479
[22:05:00.504] [SEVERE ] updating countdown to 5611
[22:05:00.506] [SEVERE ] setting player 1 freeze to -1708459500506
[22:05:00.532] [SEVERE ] updating countdown to 5583
[22:05:00.532] [SEVERE ] setting player 1 freeze to -1708459500532
[22:05:00.558] [SEVERE ] updating countdown to 5557
[22:05:00.559] [SEVERE ] setting player 1 freeze to -1708459500559
[22:05:00.585] [SEVERE ] updating countdown to 5530
[22:05:00.586] [SEVERE ] setting player 1 freeze to -1708459500586
[22:05:00.612] [SEVERE ] updating countdown to 5503
[22:05:00.612] [SEVERE ] setting player 1 freeze to -1708459500612
[22:05:00.638] [SEVERE ] updating countdown to 5477
[22:05:00.639] [SEVERE ] setting player 1 freeze to -1708459500639
[22:05:00.665] [SEVERE ] updating countdown to 5450
[22:05:00.666] [SEVERE ] setting player 1 freeze to -1708459500666
[22:05:00.691] [SEVERE ] updating countdown to 5424
[22:05:00.692] [SEVERE ] setting player 1 freeze to -1708459500692
[22:05:00.717] [SEVERE ] updating countdown to 5398
[22:05:00.719] [SEVERE ] setting player 1 freeze to -1708459500719
[22:05:00.745] [SEVERE ] updating countdown to 5370
[22:05:00.745] [SEVERE ] setting player 1 freeze to -1708459500745
[22:05:00.771] [SEVERE ] updating countdown to 5344
[22:05:00.772] [SEVERE ] setting player 1 freeze to -1708459500772
[22:05:00.797] [SEVERE ] updating countdown to 5318
[22:05:00.798] [SEVERE ] setting player 1 freeze to -1708459500798
[22:05:00.824] [SEVERE ] updating countdown to 5291
[22:05:00.825] [SEVERE ] setting player 1 freeze to -1708459500825
[22:05:00.851] [SEVERE ] updating countdown to 5264
[22:05:00.852] [SEVERE ] setting player 1 freeze to -1708459500852
[22:05:00.877] [SEVERE ] updating countdown to 5238
[22:05:00.878] [SEVERE ] setting player 1 freeze to -1708459500878
[22:05:00.904] [SEVERE ] updating countdown to 5211
[22:05:00.904] [SEVERE ] setting player 1 freeze to -1708459500904
[22:05:00.930] [SEVERE ] updating countdown to 5185
[22:05:00.931] [SEVERE ] setting player 1 freeze to -1708459500931
[22:05:00.957] [SEVERE ] updating countdown to 5158
[22:05:00.958] [SEVERE ] setting player 1 freeze to -1708459500958
[22:05:00.983] [SEVERE ] updating countdown to 5132
[22:05:00.985] [SEVERE ] setting player 1 freeze to -1708459500985
[22:05:01.010] [SEVERE ] updating countdown to 5105
[22:05:01.011] [SEVERE ] setting player 1 freeze to -1708459501011
[22:05:01.037] [SEVERE ] updating countdown to 5078
[22:05:01.038] [SEVERE ] setting player 1 freeze to -1708459501038
[22:05:01.063] [SEVERE ] updating countdown to 5052
[22:05:01.064] [SEVERE ] setting player 1 freeze to -1708459501064
[22:05:01.090] [SEVERE ] updating countdown to 5025
[22:05:01.092] [SEVERE ] setting player 1 freeze to -1708459501092
[22:05:01.120] [SEVERE ] setting player 1 freeze to -1708459501120
[22:05:01.146] [SEVERE ] setting player 1 freeze to -1708459501146
[22:05:01.172] [SEVERE ] setting player 1 freeze to -1708459501172
[22:05:01.199] [SEVERE ] setting player 1 freeze to -1708459501199
[22:05:01.224] [SEVERE ] setting player 1 freeze to -1708459501224
[22:05:01.251] [SEVERE ] setting player 1 freeze to -1708459501251
[22:05:01.278] [SEVERE ] setting player 1 freeze to -1708459501278
[22:05:01.303] [SEVERE ] setting player 1 freeze to -1708459501303
[22:05:01.330] [SEVERE ] setting player 1 freeze to -1708459501330
[22:05:01.357] [SEVERE ] setting player 1 freeze to -1708459501357
[22:05:01.383] [SEVERE ] setting player 1 freeze to -1708459501383
[22:05:01.409] [SEVERE ] setting player 1 freeze to -1708459501409
[22:05:01.435] [SEVERE ] setting player 1 freeze to -1708459501435
[22:05:01.461] [SEVERE ] setting player 1 freeze to -1708459501461
[22:05:01.488] [SEVERE ] setting player 1 freeze to -1708459501488
[22:05:01.514] [SEVERE ] setting player 1 freeze to -1708459501514
[22:05:01.541] [SEVERE ] setting player 1 freeze to -1708459501541
[22:05:01.567] [SEVERE ] setting player 1 freeze to -1708459501567
[22:05:01.594] [SEVERE ] setting player 1 freeze to -1708459501594
[22:05:01.620] [SEVERE ] setting player 1 freeze to -1708459501620
[22:05:01.647] [SEVERE ] setting player 1 freeze to -1708459501647
[22:05:01.674] [SEVERE ] setting player 1 freeze to -1708459501674
[22:05:01.700] [SEVERE ] setting player 1 freeze to -1708459501700
[22:05:01.726] [SEVERE ] setting player 1 freeze to -1708459501726
[22:05:01.753] [SEVERE ] setting player 1 freeze to -1708459501753
[22:05:01.779] [SEVERE ] setting player 1 freeze to -1708459501779
[22:05:01.805] [SEVERE ] setting player 1 freeze to -1708459501805
[22:05:01.832] [SEVERE ] setting player 1 freeze to -1708459501832
[22:05:01.858] [SEVERE ] setting player 1 freeze to -1708459501858
[22:05:01.885] [SEVERE ] setting player 1 freeze to -1708459501885
[22:05:01.911] [SEVERE ] setting player 1 freeze to -1708459501911
[22:05:01.938] [SEVERE ] setting player 1 freeze to -1708459501938
[22:05:01.965] [SEVERE ] setting player 1 freeze to -1708459501965
[22:05:01.991] [SEVERE ] setting player 1 freeze to -1708459501991
[22:05:02.018] [SEVERE ] setting player 1 freeze to -1708459502018
[22:05:02.044] [SEVERE ] setting player 1 freeze to -1708459502044
[22:05:02.071] [SEVERE ] setting player 1 freeze to -1708459502071
[22:05:02.097] [SEVERE ] setting player 1 freeze to -1708459502097
[22:05:02.123] [SEVERE ] setting player 1 freeze to -1708459502123
[22:05:02.149] [SEVERE ] setting player 1 freeze to -1708459502149
[22:05:02.175] [SEVERE ] setting player 1 freeze to -1708459502175
[22:05:02.201] [SEVERE ] setting player 1 freeze to -1708459502201
[22:05:02.227] [SEVERE ] setting player 1 freeze to -1708459502227
[22:05:02.254] [SEVERE ] setting player 1 freeze to -1708459502254
[22:05:02.280] [SEVERE ] setting player 1 freeze to -1708459502280
[22:05:02.307] [SEVERE ] setting player 1 freeze to -1708459502307
[22:05:02.333] [SEVERE ] setting player 1 freeze to -1708459502333
[22:05:02.360] [SEVERE ] setting player 1 freeze to -1708459502360
[22:05:02.387] [SEVERE ] setting player 1 freeze to -1708459502387
[22:05:02.414] [SEVERE ] setting player 1 freeze to -1708459502414
[22:05:02.440] [SEVERE ] setting player 1 freeze to -1708459502440
[22:05:02.466] [SEVERE ] setting player 1 freeze to -1708459502466
[22:05:02.492] [SEVERE ] setting player 1 freeze to -1708459502492
[22:05:02.519] [SEVERE ] setting player 1 freeze to -1708459502519
[22:05:02.544] [SEVERE ] setting player 1 freeze to -1708459502544
[22:05:02.570] [SEVERE ] setting player 1 freeze to -1708459502570
[22:05:02.596] [SEVERE ] setting player 1 freeze to -1708459502596
[22:05:02.621] [SEVERE ] setting player 1 freeze to -1708459502621
[22:05:02.648] [SEVERE ] setting player 1 freeze to -1708459502648
[22:05:02.674] [SEVERE ] setting player 1 freeze to -1708459502674
[22:05:02.700] [SEVERE ] setting player 1 freeze to -1708459502700
[22:05:02.725] [SEVERE ] setting player 1 freeze to -1708459502725
[22:05:02.752] [SEVERE ] setting player 1 freeze to -1708459502752
[22:05:02.778] [SEVERE ] setting player 1 freeze to -1708459502778
[22:05:02.806] [SEVERE ] setting player 1 freeze to -1708459502806
[22:05:02.833] [SEVERE ] setting player 1 freeze to -1708459502833
[22:05:02.860] [SEVERE ] setting player 1 freeze to -1708459502860
[22:05:02.886] [SEVERE ] setting player 1 freeze to -1708459502886
[22:05:02.913] [SEVERE ] setting player 1 freeze to -1708459502913
[22:05:02.940] [SEVERE ] setting player 1 freeze to -1708459502940
[22:05:02.966] [SEVERE ] setting player 1 freeze to -1708459502966
[22:05:02.993] [SEVERE ] setting player 1 freeze to -1708459502993
[22:05:03.019] [SEVERE ] setting player 1 freeze to -1708459503019
[22:05:03.046] [SEVERE ] setting player 1 freeze to -1708459503046
[22:05:03.072] [SEVERE ] setting player 1 freeze to -1708459503072
[22:05:03.098] [SEVERE ] setting player 1 freeze to -1708459503098
[22:05:03.124] [SEVERE ] setting player 1 freeze to -1708459503124
[22:05:03.150] [SEVERE ] setting player 1 freeze to -1708459503150
[22:05:03.177] [SEVERE ] setting player 1 freeze to -1708459503177
[22:05:03.203] [SEVERE ] setting player 1 freeze to -1708459503203
[22:05:03.229] [SEVERE ] setting player 1 freeze to -1708459503229
[22:05:03.256] [SEVERE ] setting player 1 freeze to -1708459503256
[22:05:03.282] [SEVERE ] setting player 1 freeze to -1708459503282
[22:05:03.309] [SEVERE ] setting player 1 freeze to -1708459503309
[22:05:03.336] [SEVERE ] setting player 1 freeze to -1708459503336
[22:05:03.363] [SEVERE ] setting player 1 freeze to -1708459503363
[22:05:03.391] [SEVERE ] setting player 1 freeze to -1708459503391
[22:05:03.417] [SEVERE ] setting player 1 freeze to -1708459503417
[22:05:03.448] [SEVERE ] setting player 1 freeze to -1708459503448
[22:05:03.474] [SEVERE ] setting player 1 freeze to -1708459503474
[22:05:03.500] [SEVERE ] setting player 1 freeze to -1708459503500
[22:05:03.527] [SEVERE ] setting player 1 freeze to -1708459503527
[22:05:03.553] [SEVERE ] setting player 1 freeze to -1708459503553
[22:05:03.579] [SEVERE ] setting player 1 freeze to -1708459503579
[22:05:03.606] [SEVERE ] setting player 1 freeze to -1708459503606
[22:05:03.632] [SEVERE ] setting player 1 freeze to -1708459503632
[22:05:03.658] [SEVERE ] setting player 1 freeze to -1708459503658
[22:05:03.684] [SEVERE ] setting player 1 freeze to -1708459503684
[22:05:03.710] [SEVERE ] setting player 1 freeze to -1708459503710
[22:05:03.736] [SEVERE ] setting player 1 freeze to -1708459503736
[22:05:03.763] [SEVERE ] setting player 1 freeze to -1708459503763
[22:05:03.790] [SEVERE ] setting player 1 freeze to -1708459503790
[22:05:03.816] [SEVERE ] setting player 1 freeze to -1708459503816
[22:05:03.842] [SEVERE ] setting player 1 freeze to -1708459503842
[22:05:03.869] [SEVERE ] setting player 1 freeze to -1708459503869
[22:05:03.896] [SEVERE ] setting player 1 freeze to -1708459503896
[22:05:03.922] [SEVERE ] setting player 1 freeze to -1708459503922
[22:05:03.949] [SEVERE ] setting player 1 freeze to -1708459503949
[22:05:03.976] [SEVERE ] setting player 1 freeze to -1708459503976
[22:05:04.003] [SEVERE ] setting player 1 freeze to -1708459504003
[22:05:04.029] [SEVERE ] setting player 1 freeze to -1708459504029
[22:05:04.055] [SEVERE ] setting player 1 freeze to -1708459504055
[22:05:04.081] [SEVERE ] setting player 1 freeze to -1708459504081
[22:05:04.108] [SEVERE ] setting player 1 freeze to -1708459504108
[22:05:04.134] [SEVERE ] setting player 1 freeze to -1708459504134
[22:05:04.161] [SEVERE ] setting player 1 freeze to -1708459504161
[22:05:04.187] [SEVERE ] setting player 1 freeze to -1708459504187
[22:05:04.213] [SEVERE ] setting player 1 freeze to -1708459504213
[22:05:04.239] [SEVERE ] setting player 1 freeze to -1708459504239
[22:05:04.265] [SEVERE ] setting player 1 freeze to -1708459504265
[22:05:04.291] [SEVERE ] setting player 1 freeze to -1708459504291
[22:05:04.317] [SEVERE ] setting player 1 freeze to -1708459504317
[22:05:04.343] [SEVERE ] setting player 1 freeze to -1708459504343
[22:05:04.370] [SEVERE ] setting player 1 freeze to -1708459504370
[22:05:04.396] [SEVERE ] setting player 1 freeze to -1708459504396
[22:05:04.422] [SEVERE ] setting player 1 freeze to -1708459504422
[22:05:04.447] [SEVERE ] setting player 1 freeze to -1708459504447
[22:05:04.473] [SEVERE ] setting player 1 freeze to -1708459504473
[22:05:04.499] [SEVERE ] setting player 1 freeze to -1708459504499
[22:05:04.526] [SEVERE ] setting player 1 freeze to -1708459504526
[22:05:04.551] [SEVERE ] setting player 1 freeze to -1708459504551
[22:05:04.577] [SEVERE ] setting player 1 freeze to -1708459504577
[22:05:04.603] [SEVERE ] setting player 1 freeze to -1708459504603
[22:05:04.629] [SEVERE ] setting player 1 freeze to -1708459504629
[22:05:04.655] [SEVERE ] setting player 1 freeze to -1708459504655
[22:05:04.681] [SEVERE ] setting player 1 freeze to -1708459504681
[22:05:04.707] [SEVERE ] setting player 1 freeze to -1708459504707
[22:05:04.733] [SEVERE ] setting player 1 freeze to -1708459504733
[22:05:04.759] [SEVERE ] setting player 1 freeze to -1708459504759
[22:05:04.785] [SEVERE ] setting player 1 freeze to -1708459504785
[22:05:04.812] [SEVERE ] setting player 1 freeze to -1708459504812
[22:05:04.838] [SEVERE ] setting player 1 freeze to -1708459504838
[22:05:04.864] [SEVERE ] setting player 1 freeze to -1708459504864
[22:05:04.891] [SEVERE ] setting player 1 freeze to -1708459504891
[22:05:04.917] [SEVERE ] setting player 1 freeze to -1708459504917
[22:05:04.944] [SEVERE ] setting player 1 freeze to -1708459504944
[22:05:04.970] [SEVERE ] setting player 1 freeze to -1708459504970
[22:05:04.996] [SEVERE ] setting player 1 freeze to -1708459504996
[22:05:05.023] [SEVERE ] setting player 1 freeze to -1708459505023
[22:05:05.049] [SEVERE ] setting player 1 freeze to -1708459505049
[22:05:05.075] [SEVERE ] setting player 1 freeze to -1708459505075
[22:05:05.101] [SEVERE ] setting player 1 freeze to -1708459505101
[22:05:05.127] [SEVERE ] setting player 1 freeze to -1708459505127
[22:05:05.152] [SEVERE ] setting player 1 freeze to -1708459505152
[22:05:05.179] [SEVERE ] setting player 1 freeze to -1708459505179
[22:05:05.205] [SEVERE ] setting player 1 freeze to -1708459505205
[22:05:05.232] [SEVERE ] setting player 1 freeze to -1708459505232
[22:05:05.258] [SEVERE ] setting player 1 freeze to -1708459505258
[22:05:05.284] [SEVERE ] setting player 1 freeze to -1708459505284
[22:05:05.310] [SEVERE ] setting player 1 freeze to -1708459505310
[22:05:05.337] [SEVERE ] setting player 1 freeze to -1708459505337
[22:05:05.363] [SEVERE ] setting player 1 freeze to -1708459505363
[22:05:05.389] [SEVERE ] setting player 1 freeze to -1708459505389
[22:05:05.416] [SEVERE ] setting player 1 freeze to -1708459505416
[22:05:05.443] [SEVERE ] setting player 1 freeze to -1708459505443
[22:05:05.469] [SEVERE ] setting player 1 freeze to -1708459505469
[22:05:05.495] [SEVERE ] setting player 1 freeze to -1708459505495
[22:05:05.522] [SEVERE ] setting player 1 freeze to -1708459505522
[22:05:05.548] [SEVERE ] setting player 1 freeze to -1708459505548
[22:05:05.574] [SEVERE ] setting player 1 freeze to -1708459505574
[22:05:05.600] [SEVERE ] setting player 1 freeze to -1708459505600
[22:05:05.626] [SEVERE ] setting player 1 freeze to -1708459505626
[22:05:05.652] [SEVERE ] setting player 1 freeze to -1708459505652
[22:05:05.678] [SEVERE ] setting player 1 freeze to -1708459505678
[22:05:05.703] [SEVERE ] setting player 1 freeze to -1708459505703
[22:05:05.729] [SEVERE ] setting player 1 freeze to -1708459505729
[22:05:05.755] [SEVERE ] setting player 1 freeze to -1708459505755
[22:05:05.782] [SEVERE ] setting player 1 freeze to -1708459505782
[22:05:05.808] [SEVERE ] setting player 1 freeze to -1708459505808
[22:05:05.834] [SEVERE ] setting player 1 freeze to -1708459505834
[22:05:05.860] [SEVERE ] setting player 1 freeze to -1708459505860
[22:05:05.886] [SEVERE ] setting player 1 freeze to -1708459505886
[22:05:05.913] [SEVERE ] setting player 1 freeze to -1708459505913
[22:05:05.940] [SEVERE ] setting player 1 freeze to -1708459505940
[22:05:05.966] [SEVERE ] setting player 1 freeze to -1708459505966
[22:05:05.993] [SEVERE ] setting player 1 freeze to -1708459505993
[22:05:06.019] [SEVERE ] setting player 1 freeze to -1708459506019
[22:05:06.045] [SEVERE ] setting player 1 freeze to -1708459506045
[22:05:06.072] [SEVERE ] setting player 1 freeze to -1708459506072
[22:05:06.099] [SEVERE ] setting player 1 freeze to -1708459506098
[22:05:06.125] [SEVERE ] updating countdown to 0
[22:05:06.127] [SEVERE ] setting player 1 freeze to -1708459506127
[22:05:06.229] [SEVERE ] removing card from slot 0
[22:05:06.330] [SEVERE ] removing card from slot 1
[22:05:06.432] [SEVERE ] removing card from slot 2
[22:05:06.533] [SEVERE ] removing card from slot 3
[22:05:06.634] [SEVERE ] removing card from slot 4
[22:05:06.736] [SEVERE ] removing card from slot 5
[22:05:06.837] [SEVERE ] removing card from slot 6
[22:05:06.938] [SEVERE ] removing card from slot 7
[22:05:07.040] [SEVERE ] removing card from slot 8
[22:05:07.142] [SEVERE ] removing card from slot 9
[22:05:07.242] [SEVERE ] removing card from slot 10
[22:05:07.344] [SEVERE ] removing card from slot 11
[22:05:07.445] [SEVERE ] placing card 7 in slot 0
[22:05:07.546] [SEVERE ] placing card 12 in slot 1
[22:05:07.648] [SEVERE ] placing card 13 in slot 2
[22:05:07.749] [SEVERE ] placing card 3 in slot 3
[22:05:07.850] [SEVERE ] placing card 5 in slot 4
[22:05:07.951] [SEVERE ] placing card 6 in slot 5
[22:05:08.053] [SEVERE ] placing card 10 in slot 6
[22:05:08.154] [SEVERE ] placing card 9 in slot 7
[22:05:08.255] [SEVERE ] placing card 1 in slot 8
[22:05:08.356] [SEVERE ] placing card 14 in slot 9
[22:05:08.458] [SEVERE ] placing card 2 in slot 10
[22:05:08.558] [SEVERE ] placing card 4 in slot 11
[22:05:08.584] [SEVERE ] updating countdown to 19975
[22:05:08.586] [SEVERE ] setting player 1 freeze to -1708459508586
[22:05:08.613] [SEVERE ] updating countdown to 19946
[22:05:08.614] [SEVERE ] setting player 1 freeze to -1708459508614
[22:05:08.639] [SEVERE ] updating countdown to 19920
[22:05:08.641] [SEVERE ] setting player 1 freeze to -1708459508641
[22:05:08.666] [SEVERE ] updating countdown to 19893
[22:05:08.667] [SEVERE ] setting player 1 freeze to -1708459508667
[22:05:08.692] [SEVERE ] updating countdown to 19867
[22:05:08.694] [SEVERE ] setting player 1 freeze to -1708459508694
[22:05:08.720] [SEVERE ] updating countdown to 19839
[22:05:08.721] [SEVERE ] setting player 1 freeze to -1708459508721
[22:05:08.746] [SEVERE ] updating countdown to 19813
[22:05:08.747] [SEVERE ] setting player 1 freeze to -1708459508747
[22:05:08.773] [SEVERE ] updating countdown to 19786
[22:05:08.773] [SEVERE ] setting player 1 freeze to -1708459508773
[22:05:08.799] [SEVERE ] updating countdown to 19760
[22:05:08.799] [SEVERE ] setting player 1 freeze to -1708459508799
[22:05:08.824] [SEVERE ] updating countdown to 19735
[22:05:08.825] [SEVERE ] setting player 1 freeze to -1708459508825
[22:05:08.850] [SEVERE ] updating countdown to 19709
[22:05:08.851] [SEVERE ] setting player 1 freeze to -1708459508851
[22:05:08.876] [SEVERE ] updating countdown to 19683
[22:05:08.877] [SEVERE ] setting player 1 freeze to -1708459508877
[22:05:08.902] [SEVERE ] updating countdown to 19657
[22:05:08.903] [SEVERE ] setting player 1 freeze to -1708459508903
[22:05:08.928] [SEVERE ] updating countdown to 19631
[22:05:08.929] [SEVERE ] setting player 1 freeze to -1708459508929
[22:05:08.956] [SEVERE ] updating countdown to 19603
[22:05:08.956] [SEVERE ] setting player 1 freeze to -1708459508956
[22:05:08.982] [SEVERE ] updating countdown to 19577
[22:05:08.983] [SEVERE ] setting player 1 freeze to -1708459508983
[22:05:09.008] [SEVERE ] updating countdown to 19551
[22:05:09.009] [SEVERE ] setting player 1 freeze to -1708459509009
[22:05:09.035] [SEVERE ] updating countdown to 19524
[22:05:09.035] [SEVERE ] setting player 1 freeze to -1708459509035
[22:05:09.061] [SEVERE ] updating countdown to 19498
[22:05:09.061] [SEVERE ] setting player 1 freeze to -1708459509061
[22:05:09.087] [SEVERE ] updating countdown to 19472
[22:05:09.088] [SEVERE ] setting player 1 freeze to -1708459509088
[22:05:09.114] [SEVERE ] updating countdown to 19445
[22:05:09.114] [SEVERE ] setting player 1 freeze to -1708459509114
[22:05:09.140] [SEVERE ] updating countdown to 19419
[22:05:09.141] [SEVERE ] setting player 1 freeze to -1708459509141
[22:05:09.167] [SEVERE ] updating countdown to 19393
[22:05:09.168] [SEVERE ] setting player 1 freeze to -1708459509168
[22:05:09.194] [SEVERE ] updating countdown to 19365
[22:05:09.194] [SEVERE ] setting player 1 freeze to -1708459509194
[22:05:09.220] [SEVERE ] updating countdown to 19339
[22:05:09.221] [SEVERE ] setting player 1 freeze to -1708459509221
[22:05:09.246] [SEVERE ] updating countdown to 19313
[22:05:09.248] [SEVERE ] setting player 1 freeze to -1708459509248
[22:05:09.274] [SEVERE ] updating countdown to 19285
[22:05:09.275] [SEVERE ] setting player 1 freeze to -1708459509275
[22:05:09.302] [SEVERE ] updating countdown to 19257
[22:05:09.303] [SEVERE ] setting player 1 freeze to -1708459509303
[22:05:09.329] [SEVERE ] updating countdown to 19230
[22:05:09.329] [SEVERE ] setting player 1 freeze to -1708459509329
[22:05:09.355] [SEVERE ] updating countdown to 19204
[22:05:09.356] [SEVERE ] setting player 1 freeze to -1708459509356
[22:05:09.382] [SEVERE ] updating countdown to 19177
[22:05:09.383] [SEVERE ] setting player 1 freeze to -1708459509383
[22:05:09.409] [SEVERE ] updating countdown to 19150
[22:05:09.409] [SEVERE ] setting player 1 freeze to -1708459509409
[22:05:09.435] [SEVERE ] updating countdown to 19124
[22:05:09.436] [SEVERE ] setting player 1 freeze to -1708459509436
[22:05:09.446] [SEVERE ] exit button pressed
[22:05:09.462] [SEVERE ] updating countdown to 19097
[22:05:09.463] [SEVERE ] setting player 1 freeze to -1708459509463
[22:05:09.563] [SEVERE ] removing card from slot 0
[22:05:09.664] [SEVERE ] removing card from slot 1
[22:05:09.767] [SEVERE ] removing card from slot 2
[22:05:09.868] [SEVERE ] removing card from slot 3
[22:05:09.968] [SEVERE ] removing card from slot 4
[22:05:10.069] [SEVERE ] removing card from slot 5
[22:05:10.171] [SEVERE ] removing card from slot 6
[22:05:10.272] [SEVERE ] removing card from slot 7
[22:05:10.373] [SEVERE ] removing card from slot 8
[22:05:10.473] [SEVERE ] removing card from slot 9
[22:05:10.574] [SEVERE ] removing card from slot 10
[22:05:10.676] [SEVERE ] removing card from slot 11
[22:05:10.680] [SEVERE ] announcing winner(s): player 1
[22:05:10.682] [INFO   ] thread dealer terminated.
[22:05:10.684] [INFO   ] thread dealer terminated.
[22:05:10.684] [SEVERE ] thanks for playing... it was fun!
[22:05:10.685] [INFO   ] thread bguspl.set.Main.main() terminated.
