[22:21:41.857] [INFO   ] thread bguspl.set.Main.main() starting.
[22:21:41.878] [SEVERE ] cannot read configuration file config.properties trying from resources.
[22:21:41.888] [SEVERE ] configuration file was loaded from resources directory.
[22:21:42.874] [INFO   ] thread dealer starting.
[22:21:42.875] [INFO   ] thread dealer starting.
[22:21:42.877] [INFO   ] thread Thread-1 starting.
[22:21:42.982] [SEVERE ] placing card 4 in slot 0
[22:21:43.084] [SEVERE ] placing card 7 in slot 1
[22:21:43.185] [SEVERE ] placing card 8 in slot 2
[22:21:43.286] [SEVERE ] placing card 10 in slot 3
[22:21:43.388] [SEVERE ] placing card 14 in slot 4
[22:21:43.489] [SEVERE ] placing card 0 in slot 5
[22:21:43.591] [SEVERE ] placing card 9 in slot 6
[22:21:43.693] [SEVERE ] placing card 5 in slot 7
[22:21:43.794] [SEVERE ] placing card 12 in slot 8
[22:21:43.895] [SEVERE ] placing card 13 in slot 9
[22:21:43.997] [SEVERE ] placing card 1 in slot 10
[22:21:44.098] [SEVERE ] placing card 2 in slot 11
[22:21:44.124] [SEVERE ] updating countdown to 19975
[22:21:44.126] [SEVERE ] setting player 1 freeze to -1708460504126
[22:21:44.153] [SEVERE ] updating countdown to 19946
[22:21:44.154] [SEVERE ] setting player 1 freeze to -1708460504154
[22:21:44.181] [SEVERE ] updating countdown to 19918
[22:21:44.182] [SEVERE ] setting player 1 freeze to -1708460504182
[22:21:44.210] [SEVERE ] updating countdown to 19889
[22:21:44.211] [SEVERE ] setting player 1 freeze to -1708460504211
[22:21:44.237] [SEVERE ] updating countdown to 19862
[22:21:44.237] [SEVERE ] setting player 1 freeze to -1708460504237
[22:21:44.263] [SEVERE ] updating countdown to 19837
[22:21:44.264] [SEVERE ] setting player 1 freeze to -1708460504264
[22:21:44.290] [SEVERE ] updating countdown to 19809
[22:21:44.291] [SEVERE ] setting player 1 freeze to -1708460504291
[22:21:44.317] [SEVERE ] updating countdown to 19782
[22:21:44.318] [SEVERE ] setting player 1 freeze to -1708460504318
[22:21:44.343] [SEVERE ] updating countdown to 19756
[22:21:44.344] [SEVERE ] setting player 1 freeze to -1708460504344
[22:21:44.370] [SEVERE ] updating countdown to 19729
[22:21:44.371] [SEVERE ] setting player 1 freeze to -1708460504371
[22:21:44.396] [SEVERE ] updating countdown to 19703
[22:21:44.397] [SEVERE ] setting player 1 freeze to -1708460504397
[22:21:44.423] [SEVERE ] updating countdown to 19676
[22:21:44.425] [SEVERE ] setting player 1 freeze to -1708460504425
[22:21:44.452] [SEVERE ] updating countdown to 19647
[22:21:44.452] [SEVERE ] setting player 1 freeze to -1708460504452
[22:21:44.478] [SEVERE ] updating countdown to 19621
[22:21:44.479] [SEVERE ] setting player 1 freeze to -1708460504479
[22:21:44.505] [SEVERE ] updating countdown to 19594
[22:21:44.506] [SEVERE ] setting player 1 freeze to -1708460504506
[22:21:44.533] [SEVERE ] updating countdown to 19566
[22:21:44.534] [SEVERE ] setting player 1 freeze to -1708460504534
[22:21:44.561] [SEVERE ] updating countdown to 19538
[22:21:44.562] [SEVERE ] setting player 1 freeze to -1708460504562
[22:21:44.588] [SEVERE ] updating countdown to 19511
[22:21:44.589] [SEVERE ] setting player 1 freeze to -1708460504589
[22:21:44.615] [SEVERE ] updating countdown to 19484
[22:21:44.617] [SEVERE ] setting player 1 freeze to -1708460504617
[22:21:44.643] [SEVERE ] updating countdown to 19456
[22:21:44.644] [SEVERE ] setting player 1 freeze to -1708460504644
[22:21:44.671] [SEVERE ] updating countdown to 19428
[22:21:44.672] [SEVERE ] setting player 1 freeze to -1708460504672
[22:21:44.698] [SEVERE ] updating countdown to 19401
[22:21:44.699] [SEVERE ] setting player 1 freeze to -1708460504699
[22:21:44.725] [SEVERE ] updating countdown to 19374
[22:21:44.727] [SEVERE ] setting player 1 freeze to -1708460504727
[22:21:44.753] [SEVERE ] updating countdown to 19346
[22:21:44.754] [SEVERE ] setting player 1 freeze to -1708460504754
[22:21:44.780] [SEVERE ] updating countdown to 19319
[22:21:44.781] [SEVERE ] setting player 1 freeze to -1708460504781
[22:21:44.807] [SEVERE ] updating countdown to 19292
[22:21:44.807] [SEVERE ] setting player 1 freeze to -1708460504807
[22:21:44.833] [SEVERE ] updating countdown to 19266
[22:21:44.834] [SEVERE ] setting player 1 freeze to -1708460504834
[22:21:44.860] [SEVERE ] updating countdown to 19239
[22:21:44.861] [SEVERE ] setting player 1 freeze to -1708460504861
[22:21:44.887] [SEVERE ] updating countdown to 19212
[22:21:44.888] [SEVERE ] setting player 1 freeze to -1708460504888
[22:21:44.915] [SEVERE ] updating countdown to 19184
[22:21:44.915] [SEVERE ] setting player 1 freeze to -1708460504915
[22:21:44.941] [SEVERE ] updating countdown to 19158
[22:21:44.943] [SEVERE ] setting player 1 freeze to -1708460504943
[22:21:44.969] [SEVERE ] updating countdown to 19130
[22:21:44.970] [SEVERE ] setting player 1 freeze to -1708460504970
[22:21:44.997] [SEVERE ] updating countdown to 19102
[22:21:44.999] [SEVERE ] setting player 1 freeze to -1708460504999
[22:21:45.025] [SEVERE ] updating countdown to 19074
[22:21:45.026] [SEVERE ] setting player 1 freeze to -1708460505026
[22:21:45.053] [SEVERE ] updating countdown to 19046
[22:21:45.054] [SEVERE ] setting player 1 freeze to -1708460505054
[22:21:45.081] [SEVERE ] updating countdown to 19019
[22:21:45.081] [SEVERE ] setting player 1 freeze to -1708460505081
[22:21:45.107] [SEVERE ] updating countdown to 18992
[22:21:45.109] [SEVERE ] setting player 1 freeze to -1708460505109
[22:21:45.135] [SEVERE ] updating countdown to 18964
[22:21:45.136] [SEVERE ] setting player 1 freeze to -1708460505136
[22:21:45.162] [SEVERE ] updating countdown to 18937
[22:21:45.163] [SEVERE ] setting player 1 freeze to -1708460505163
[22:21:45.188] [SEVERE ] updating countdown to 18911
[22:21:45.189] [SEVERE ] setting player 1 freeze to -1708460505189
[22:21:45.214] [SEVERE ] updating countdown to 18885
[22:21:45.215] [SEVERE ] setting player 1 freeze to -1708460505215
[22:21:45.241] [SEVERE ] updating countdown to 18859
[22:21:45.242] [SEVERE ] setting player 1 freeze to -1708460505242
[22:21:45.268] [SEVERE ] updating countdown to 18831
[22:21:45.272] [SEVERE ] setting player 1 freeze to -1708460505272
[22:21:45.298] [SEVERE ] updating countdown to 18801
[22:21:45.299] [SEVERE ] setting player 1 freeze to -1708460505299
[22:21:45.324] [SEVERE ] updating countdown to 18775
[22:21:45.326] [SEVERE ] setting player 1 freeze to -1708460505326
[22:21:45.352] [SEVERE ] updating countdown to 18747
[22:21:45.353] [SEVERE ] setting player 1 freeze to -1708460505353
[22:21:45.378] [SEVERE ] updating countdown to 18721
[22:21:45.379] [SEVERE ] setting player 1 freeze to -1708460505379
[22:21:45.405] [SEVERE ] updating countdown to 18694
[22:21:45.406] [SEVERE ] setting player 1 freeze to -1708460505406
[22:21:45.432] [SEVERE ] updating countdown to 18667
[22:21:45.433] [SEVERE ] setting player 1 freeze to -1708460505433
[22:21:45.459] [SEVERE ] updating countdown to 18640
[22:21:45.461] [SEVERE ] setting player 1 freeze to -1708460505461
[22:21:45.487] [SEVERE ] updating countdown to 18612
[22:21:45.488] [SEVERE ] setting player 1 freeze to -1708460505488
[22:21:45.515] [SEVERE ] updating countdown to 18584
[22:21:45.516] [SEVERE ] setting player 1 freeze to -1708460505516
[22:21:45.542] [SEVERE ] updating countdown to 18557
[22:21:45.543] [SEVERE ] setting player 1 freeze to -1708460505543
[22:21:45.570] [SEVERE ] updating countdown to 18529
[22:21:45.570] [SEVERE ] setting player 1 freeze to -1708460505570
[22:21:45.596] [SEVERE ] updating countdown to 18503
[22:21:45.597] [SEVERE ] setting player 1 freeze to -1708460505596
[22:21:45.622] [SEVERE ] updating countdown to 18477
[22:21:45.623] [SEVERE ] setting player 1 freeze to -1708460505623
[22:21:45.649] [SEVERE ] updating countdown to 18450
[22:21:45.650] [SEVERE ] setting player 1 freeze to -1708460505650
[22:21:45.677] [SEVERE ] updating countdown to 18422
[22:21:45.678] [SEVERE ] setting player 1 freeze to -1708460505678
[22:21:45.705] [SEVERE ] updating countdown to 18394
[22:21:45.706] [SEVERE ] setting player 1 freeze to -1708460505706
[22:21:45.733] [SEVERE ] updating countdown to 18366
[22:21:45.734] [SEVERE ] setting player 1 freeze to -1708460505734
[22:21:45.760] [SEVERE ] updating countdown to 18339
[22:21:45.761] [SEVERE ] setting player 1 freeze to -1708460505761
[22:21:45.787] [SEVERE ] updating countdown to 18312
[22:21:45.790] [SEVERE ] setting player 1 freeze to -1708460505790
[22:21:45.818] [SEVERE ] updating countdown to 18281
[22:21:45.819] [SEVERE ] setting player 1 freeze to -1708460505819
[22:21:45.845] [SEVERE ] updating countdown to 18254
[22:21:45.846] [SEVERE ] setting player 1 freeze to -1708460505846
[22:21:45.873] [SEVERE ] updating countdown to 18226
[22:21:45.873] [SEVERE ] setting player 1 freeze to -1708460505873
[22:21:45.899] [SEVERE ] updating countdown to 18200
[22:21:45.900] [SEVERE ] setting player 1 freeze to -1708460505900
[22:21:45.926] [SEVERE ] updating countdown to 18173
[22:21:45.926] [SEVERE ] setting player 1 freeze to -1708460505926
[22:21:45.952] [SEVERE ] updating countdown to 18147
[22:21:45.953] [SEVERE ] setting player 1 freeze to -1708460505953
[22:21:45.978] [SEVERE ] updating countdown to 18121
[22:21:45.979] [SEVERE ] setting player 1 freeze to -1708460505979
[22:21:46.005] [SEVERE ] updating countdown to 18094
[22:21:46.005] [SEVERE ] setting player 1 freeze to -1708460506005
[22:21:46.031] [SEVERE ] updating countdown to 18068
[22:21:46.032] [SEVERE ] setting player 1 freeze to -1708460506032
[22:21:46.057] [SEVERE ] updating countdown to 18042
[22:21:46.058] [SEVERE ] setting player 1 freeze to -1708460506058
[22:21:46.083] [SEVERE ] updating countdown to 18016
[22:21:46.084] [SEVERE ] setting player 1 freeze to -1708460506084
[22:21:46.110] [SEVERE ] updating countdown to 17989
[22:21:46.111] [SEVERE ] setting player 1 freeze to -1708460506111
[22:21:46.136] [SEVERE ] updating countdown to 17963
[22:21:46.137] [SEVERE ] setting player 1 freeze to -1708460506137
[22:21:46.163] [SEVERE ] updating countdown to 17936
[22:21:46.164] [SEVERE ] setting player 1 freeze to -1708460506164
[22:21:46.191] [SEVERE ] updating countdown to 17908
[22:21:46.191] [SEVERE ] setting player 1 freeze to -1708460506191
[22:21:46.217] [SEVERE ] updating countdown to 17882
[22:21:46.218] [SEVERE ] setting player 1 freeze to -1708460506218
[22:21:46.244] [SEVERE ] updating countdown to 17855
[22:21:46.244] [SEVERE ] setting player 1 freeze to -1708460506244
[22:21:46.270] [SEVERE ] updating countdown to 17829
[22:21:46.270] [SEVERE ] setting player 1 freeze to -1708460506270
[22:21:46.296] [SEVERE ] updating countdown to 17803
[22:21:46.297] [SEVERE ] setting player 1 freeze to -1708460506297
[22:21:46.323] [SEVERE ] updating countdown to 17776
[22:21:46.323] [SEVERE ] setting player 1 freeze to -1708460506323
[22:21:46.349] [SEVERE ] updating countdown to 17750
[22:21:46.350] [SEVERE ] setting player 1 freeze to -1708460506350
[22:21:46.376] [SEVERE ] updating countdown to 17723
[22:21:46.376] [SEVERE ] setting player 1 freeze to -1708460506376
[22:21:46.403] [SEVERE ] updating countdown to 17696
[22:21:46.405] [SEVERE ] setting player 1 freeze to -1708460506405
[22:21:46.432] [SEVERE ] updating countdown to 17667
[22:21:46.433] [SEVERE ] setting player 1 freeze to -1708460506433
[22:21:46.459] [SEVERE ] updating countdown to 17640
[22:21:46.461] [SEVERE ] setting player 1 freeze to -1708460506461
[22:21:46.489] [SEVERE ] updating countdown to 17610
[22:21:46.490] [SEVERE ] setting player 1 freeze to -1708460506490
[22:21:46.516] [SEVERE ] updating countdown to 17583
[22:21:46.517] [SEVERE ] setting player 1 freeze to -1708460506517
[22:21:46.543] [SEVERE ] updating countdown to 17556
[22:21:46.544] [SEVERE ] setting player 1 freeze to -1708460506544
[22:21:46.570] [SEVERE ] updating countdown to 17529
[22:21:46.571] [SEVERE ] setting player 1 freeze to -1708460506571
[22:21:46.597] [SEVERE ] updating countdown to 17502
[22:21:46.599] [SEVERE ] setting player 1 freeze to -1708460506599
[22:21:46.625] [SEVERE ] updating countdown to 17474
[22:21:46.626] [SEVERE ] setting player 1 freeze to -1708460506626
[22:21:46.653] [SEVERE ] updating countdown to 17446
[22:21:46.653] [SEVERE ] setting player 1 freeze to -1708460506653
[22:21:46.679] [SEVERE ] updating countdown to 17420
[22:21:46.681] [SEVERE ] setting player 1 freeze to -1708460506681
[22:21:46.707] [SEVERE ] updating countdown to 17392
[22:21:46.708] [SEVERE ] setting player 1 freeze to -1708460506708
[22:21:46.733] [SEVERE ] updating countdown to 17366
[22:21:46.734] [SEVERE ] setting player 1 freeze to -1708460506734
[22:21:46.760] [SEVERE ] updating countdown to 17339
[22:21:46.761] [SEVERE ] setting player 1 freeze to -1708460506761
[22:21:46.786] [SEVERE ] updating countdown to 17313
[22:21:46.787] [SEVERE ] setting player 1 freeze to -1708460506787
[22:21:46.814] [SEVERE ] updating countdown to 17285
[22:21:46.815] [SEVERE ] setting player 1 freeze to -1708460506815
[22:21:46.842] [SEVERE ] updating countdown to 17258
[22:21:46.843] [SEVERE ] setting player 1 freeze to -1708460506843
[22:21:46.870] [SEVERE ] updating countdown to 17229
[22:21:46.871] [SEVERE ] setting player 1 freeze to -1708460506871
[22:21:46.898] [SEVERE ] updating countdown to 17201
[22:21:46.898] [SEVERE ] setting player 1 freeze to -1708460506898
[22:21:46.924] [SEVERE ] updating countdown to 17175
[22:21:46.925] [SEVERE ] setting player 1 freeze to -1708460506925
[22:21:46.951] [SEVERE ] updating countdown to 17148
[22:21:46.951] [SEVERE ] setting player 1 freeze to -1708460506951
[22:21:46.977] [SEVERE ] updating countdown to 17122
[22:21:46.978] [SEVERE ] setting player 1 freeze to -1708460506978
[22:21:47.004] [SEVERE ] updating countdown to 17095
[22:21:47.005] [SEVERE ] setting player 1 freeze to -1708460507005
[22:21:47.030] [SEVERE ] updating countdown to 17069
[22:21:47.031] [SEVERE ] setting player 1 freeze to -1708460507031
[22:21:47.057] [SEVERE ] updating countdown to 17042
[22:21:47.058] [SEVERE ] setting player 1 freeze to -1708460507058
[22:21:47.084] [SEVERE ] updating countdown to 17015
[22:21:47.085] [SEVERE ] setting player 1 freeze to -1708460507085
[22:21:47.112] [SEVERE ] updating countdown to 16988
[22:21:47.113] [SEVERE ] setting player 1 freeze to -1708460507113
[22:21:47.140] [SEVERE ] updating countdown to 16959
[22:21:47.141] [SEVERE ] setting player 1 freeze to -1708460507141
[22:21:47.167] [SEVERE ] updating countdown to 16932
[22:21:47.167] [SEVERE ] setting player 1 freeze to -1708460507167
[22:21:47.193] [SEVERE ] updating countdown to 16906
[22:21:47.194] [SEVERE ] setting player 1 freeze to -1708460507194
[22:21:47.220] [SEVERE ] updating countdown to 16879
[22:21:47.220] [SEVERE ] setting player 1 freeze to -1708460507220
[22:21:47.246] [SEVERE ] updating countdown to 16853
[22:21:47.247] [SEVERE ] setting player 1 freeze to -1708460507247
[22:21:47.273] [SEVERE ] updating countdown to 16826
[22:21:47.274] [SEVERE ] setting player 1 freeze to -1708460507274
[22:21:47.299] [SEVERE ] updating countdown to 16800
[22:21:47.302] [SEVERE ] setting player 1 freeze to -1708460507302
[22:21:47.329] [SEVERE ] updating countdown to 16770
[22:21:47.330] [SEVERE ] setting player 1 freeze to -1708460507330
[22:21:47.357] [SEVERE ] updating countdown to 16742
[22:21:47.358] [SEVERE ] setting player 1 freeze to -1708460507358
[22:21:47.384] [SEVERE ] updating countdown to 16715
[22:21:47.385] [SEVERE ] setting player 1 freeze to -1708460507385
[22:21:47.411] [SEVERE ] updating countdown to 16688
[22:21:47.413] [SEVERE ] setting player 1 freeze to -1708460507413
[22:21:47.439] [SEVERE ] updating countdown to 16660
[22:21:47.440] [SEVERE ] setting player 1 freeze to -1708460507440
[22:21:47.466] [SEVERE ] updating countdown to 16633
[22:21:47.468] [SEVERE ] setting player 1 freeze to -1708460507468
[22:21:47.494] [SEVERE ] updating countdown to 16605
[22:21:47.495] [SEVERE ] setting player 1 freeze to -1708460507495
[22:21:47.521] [SEVERE ] updating countdown to 16578
[22:21:47.523] [SEVERE ] setting player 1 freeze to -1708460507523
[22:21:47.551] [SEVERE ] updating countdown to 16549
[22:21:47.552] [SEVERE ] setting player 1 freeze to -1708460507552
[22:21:47.579] [SEVERE ] updating countdown to 16520
[22:21:47.579] [SEVERE ] setting player 1 freeze to -1708460507579
[22:21:47.605] [SEVERE ] updating countdown to 16494
[22:21:47.606] [SEVERE ] setting player 1 freeze to -1708460507606
[22:21:47.631] [SEVERE ] updating countdown to 16468
[22:21:47.632] [SEVERE ] setting player 1 freeze to -1708460507632
[22:21:47.658] [SEVERE ] updating countdown to 16441
[22:21:47.659] [SEVERE ] setting player 1 freeze to -1708460507659
[22:21:47.685] [SEVERE ] updating countdown to 16414
[22:21:47.685] [SEVERE ] setting player 1 freeze to -1708460507685
[22:21:47.711] [SEVERE ] updating countdown to 16388
[22:21:47.711] [SEVERE ] setting player 1 freeze to -1708460507711
[22:21:47.736] [SEVERE ] updating countdown to 16363
[22:21:47.738] [SEVERE ] setting player 1 freeze to -1708460507738
[22:21:47.765] [SEVERE ] updating countdown to 16334
[22:21:47.765] [SEVERE ] setting player 1 freeze to -1708460507765
[22:21:47.791] [SEVERE ] updating countdown to 16308
[22:21:47.791] [SEVERE ] setting player 1 freeze to -1708460507791
[22:21:47.817] [SEVERE ] updating countdown to 16282
[22:21:47.818] [SEVERE ] setting player 1 freeze to -1708460507818
[22:21:47.842] [SEVERE ] key 90 was pressed by player 1
[22:21:47.843] [SEVERE ] player 1 placing token on slot 8
[22:21:47.845] [SEVERE ] updating countdown to 16254
[22:21:47.845] [SEVERE ] setting player 1 freeze to -1708460507845
[22:21:47.871] [SEVERE ] updating countdown to 16228
[22:21:47.872] [SEVERE ] setting player 1 freeze to -1708460507872
[22:21:47.898] [SEVERE ] updating countdown to 16201
[22:21:47.899] [SEVERE ] setting player 1 freeze to -1708460507899
[22:21:47.924] [SEVERE ] updating countdown to 16175
[22:21:47.925] [SEVERE ] setting player 1 freeze to -1708460507925
[22:21:47.951] [SEVERE ] updating countdown to 16148
[22:21:47.952] [SEVERE ] setting player 1 freeze to -1708460507952
[22:21:47.978] [SEVERE ] updating countdown to 16121
[22:21:47.979] [SEVERE ] setting player 1 freeze to -1708460507979
[22:21:48.005] [SEVERE ] updating countdown to 16094
[22:21:48.006] [SEVERE ] setting player 1 freeze to -1708460508006
[22:21:48.032] [SEVERE ] updating countdown to 16067
[22:21:48.032] [SEVERE ] setting player 1 freeze to -1708460508032
[22:21:48.035] [SEVERE ] key 88 was pressed by player 1
[22:21:48.035] [SEVERE ] player 1 placing token on slot 9
[22:21:48.058] [SEVERE ] updating countdown to 16041
[22:21:48.059] [SEVERE ] setting player 1 freeze to -1708460508059
[22:21:48.084] [SEVERE ] updating countdown to 16015
[22:21:48.085] [SEVERE ] setting player 1 freeze to -1708460508085
[22:21:48.111] [SEVERE ] updating countdown to 15988
[22:21:48.111] [SEVERE ] setting player 1 freeze to -1708460508111
[22:21:48.137] [SEVERE ] updating countdown to 15962
[22:21:48.137] [SEVERE ] setting player 1 freeze to -1708460508137
[22:21:48.163] [SEVERE ] updating countdown to 15936
[22:21:48.163] [SEVERE ] setting player 1 freeze to -1708460508163
[22:21:48.189] [SEVERE ] updating countdown to 15910
[22:21:48.190] [SEVERE ] setting player 1 freeze to -1708460508190
[22:21:48.215] [SEVERE ] updating countdown to 15884
[22:21:48.216] [SEVERE ] setting player 1 freeze to -1708460508216
[22:21:48.242] [SEVERE ] updating countdown to 15857
[22:21:48.243] [SEVERE ] setting player 1 freeze to -1708460508243
[22:21:48.259] [SEVERE ] key 67 was pressed by player 1
[22:21:48.260] [SEVERE ] player 1 placing token on slot 10
[22:21:48.268] [SEVERE ] updating countdown to 15831
[22:21:48.269] [SEVERE ] setting player 1 freeze to -1708460508269
[22:21:48.269] [SEVERE ] removing player 1 token from slot 8
[22:21:48.270] [SEVERE ] removing player 1 token from slot 9
[22:21:48.270] [SEVERE ] removing player 1 token from slot 10
[22:21:48.296] [SEVERE ] updating countdown to 15803
[22:21:48.296] [SEVERE ] setting player 1 freeze to 2975
[22:21:48.322] [SEVERE ] updating countdown to 15777
[22:21:48.322] [SEVERE ] setting player 1 freeze to 2949
[22:21:48.348] [SEVERE ] updating countdown to 15751
[22:21:48.349] [SEVERE ] setting player 1 freeze to 2922
[22:21:48.374] [SEVERE ] updating countdown to 15725
[22:21:48.375] [SEVERE ] setting player 1 freeze to 2896
[22:21:48.401] [SEVERE ] updating countdown to 15698
[22:21:48.402] [SEVERE ] setting player 1 freeze to 2869
[22:21:48.429] [SEVERE ] updating countdown to 15670
[22:21:48.430] [SEVERE ] setting player 1 freeze to 2841
[22:21:48.455] [SEVERE ] updating countdown to 15644
[22:21:48.456] [SEVERE ] setting player 1 freeze to 2815
[22:21:48.482] [SEVERE ] updating countdown to 15617
[22:21:48.483] [SEVERE ] setting player 1 freeze to 2788
[22:21:48.509] [SEVERE ] updating countdown to 15590
[22:21:48.510] [SEVERE ] setting player 1 freeze to 2761
[22:21:48.537] [SEVERE ] updating countdown to 15562
[22:21:48.538] [SEVERE ] setting player 1 freeze to 2733
[22:21:48.565] [SEVERE ] updating countdown to 15534
[22:21:48.567] [SEVERE ] setting player 1 freeze to 2704
[22:21:48.593] [SEVERE ] updating countdown to 15506
[22:21:48.594] [SEVERE ] setting player 1 freeze to 2677
[22:21:48.621] [SEVERE ] updating countdown to 15478
[22:21:48.621] [SEVERE ] setting player 1 freeze to 2650
[22:21:48.647] [SEVERE ] updating countdown to 15452
[22:21:48.648] [SEVERE ] setting player 1 freeze to 2623
[22:21:48.674] [SEVERE ] updating countdown to 15425
[22:21:48.675] [SEVERE ] setting player 1 freeze to 2596
[22:21:48.701] [SEVERE ] updating countdown to 15398
[22:21:48.702] [SEVERE ] setting player 1 freeze to 2569
[22:21:48.728] [SEVERE ] updating countdown to 15371
[22:21:48.729] [SEVERE ] setting player 1 freeze to 2542
[22:21:48.755] [SEVERE ] updating countdown to 15344
[22:21:48.757] [SEVERE ] setting player 1 freeze to 2514
[22:21:48.783] [SEVERE ] updating countdown to 15316
[22:21:48.784] [SEVERE ] setting player 1 freeze to 2487
[22:21:48.811] [SEVERE ] updating countdown to 15288
[22:21:48.812] [SEVERE ] setting player 1 freeze to 2459
[22:21:48.838] [SEVERE ] updating countdown to 15261
[22:21:48.839] [SEVERE ] setting player 1 freeze to 2432
[22:21:48.865] [SEVERE ] updating countdown to 15234
[22:21:48.866] [SEVERE ] setting player 1 freeze to 2405
[22:21:48.892] [SEVERE ] updating countdown to 15207
[22:21:48.894] [SEVERE ] setting player 1 freeze to 2378
[22:21:48.920] [SEVERE ] updating countdown to 15179
[22:21:48.921] [SEVERE ] setting player 1 freeze to 2350
[22:21:48.948] [SEVERE ] updating countdown to 15151
[22:21:48.949] [SEVERE ] setting player 1 freeze to 2322
[22:21:48.976] [SEVERE ] updating countdown to 15123
[22:21:48.976] [SEVERE ] setting player 1 freeze to 2295
[22:21:49.002] [SEVERE ] updating countdown to 15097
[22:21:49.003] [SEVERE ] setting player 1 freeze to 2268
[22:21:49.028] [SEVERE ] updating countdown to 15071
[22:21:49.030] [SEVERE ] setting player 1 freeze to 2241
[22:21:49.056] [SEVERE ] updating countdown to 15043
[22:21:49.057] [SEVERE ] setting player 1 freeze to 2214
[22:21:49.085] [SEVERE ] updating countdown to 15014
[22:21:49.086] [SEVERE ] setting player 1 freeze to 2186
[22:21:49.111] [SEVERE ] updating countdown to 14988
[22:21:49.112] [SEVERE ] setting player 1 freeze to 2159
[22:21:49.137] [SEVERE ] updating countdown to 14962
[22:21:49.138] [SEVERE ] setting player 1 freeze to 2133
[22:21:49.163] [SEVERE ] updating countdown to 14936
[22:21:49.164] [SEVERE ] setting player 1 freeze to 2107
[22:21:49.189] [SEVERE ] updating countdown to 14910
[22:21:49.190] [SEVERE ] setting player 1 freeze to 2081
[22:21:49.216] [SEVERE ] updating countdown to 14883
[22:21:49.217] [SEVERE ] setting player 1 freeze to 2054
[22:21:49.242] [SEVERE ] updating countdown to 14857
[22:21:49.243] [SEVERE ] setting player 1 freeze to 2028
[22:21:49.268] [SEVERE ] updating countdown to 14831
[22:21:49.268] [SEVERE ] setting player 1 freeze to 2003
[22:21:49.294] [SEVERE ] updating countdown to 14805
[22:21:49.295] [SEVERE ] setting player 1 freeze to 1976
[22:21:49.321] [SEVERE ] updating countdown to 14778
[22:21:49.321] [SEVERE ] setting player 1 freeze to 1950
[22:21:49.347] [SEVERE ] updating countdown to 14752
[22:21:49.348] [SEVERE ] setting player 1 freeze to 1923
[22:21:49.374] [SEVERE ] updating countdown to 14725
[22:21:49.374] [SEVERE ] setting player 1 freeze to 1897
[22:21:49.400] [SEVERE ] updating countdown to 14699
[22:21:49.400] [SEVERE ] setting player 1 freeze to 1871
[22:21:49.426] [SEVERE ] updating countdown to 14673
[22:21:49.427] [SEVERE ] setting player 1 freeze to 1844
[22:21:49.452] [SEVERE ] updating countdown to 14647
[22:21:49.453] [SEVERE ] setting player 1 freeze to 1818
[22:21:49.478] [SEVERE ] updating countdown to 14621
[22:21:49.479] [SEVERE ] setting player 1 freeze to 1792
[22:21:49.506] [SEVERE ] updating countdown to 14593
[22:21:49.507] [SEVERE ] setting player 1 freeze to 1764
[22:21:49.534] [SEVERE ] updating countdown to 14565
[22:21:49.534] [SEVERE ] setting player 1 freeze to 1737
[22:21:49.560] [SEVERE ] updating countdown to 14539
[22:21:49.562] [SEVERE ] setting player 1 freeze to 1709
[22:21:49.589] [SEVERE ] updating countdown to 14510
[22:21:49.590] [SEVERE ] setting player 1 freeze to 1681
[22:21:49.616] [SEVERE ] updating countdown to 14483
[22:21:49.618] [SEVERE ] setting player 1 freeze to 1653
[22:21:49.644] [SEVERE ] updating countdown to 14455
[22:21:49.645] [SEVERE ] setting player 1 freeze to 1626
[22:21:49.671] [SEVERE ] updating countdown to 14428
[22:21:49.672] [SEVERE ] setting player 1 freeze to 1599
[22:21:49.698] [SEVERE ] updating countdown to 14401
[22:21:49.698] [SEVERE ] setting player 1 freeze to 1573
[22:21:49.723] [SEVERE ] updating countdown to 14376
[22:21:49.724] [SEVERE ] setting player 1 freeze to 1547
[22:21:49.749] [SEVERE ] updating countdown to 14350
[22:21:49.750] [SEVERE ] setting player 1 freeze to 1521
[22:21:49.775] [SEVERE ] updating countdown to 14324
[22:21:49.776] [SEVERE ] setting player 1 freeze to 1495
[22:21:49.801] [SEVERE ] updating countdown to 14298
[22:21:49.802] [SEVERE ] setting player 1 freeze to 1469
[22:21:49.827] [SEVERE ] updating countdown to 14272
[22:21:49.828] [SEVERE ] setting player 1 freeze to 1443
[22:21:49.853] [SEVERE ] updating countdown to 14246
[22:21:49.854] [SEVERE ] setting player 1 freeze to 1417
[22:21:49.879] [SEVERE ] updating countdown to 14220
[22:21:49.879] [SEVERE ] setting player 1 freeze to 1392
[22:21:49.905] [SEVERE ] updating countdown to 14194
[22:21:49.905] [SEVERE ] setting player 1 freeze to 1366
[22:21:49.930] [SEVERE ] updating countdown to 14169
[22:21:49.931] [SEVERE ] setting player 1 freeze to 1340
[22:21:49.956] [SEVERE ] updating countdown to 14143
[22:21:49.957] [SEVERE ] setting player 1 freeze to 1314
[22:21:49.982] [SEVERE ] updating countdown to 14117
[22:21:49.983] [SEVERE ] setting player 1 freeze to 1288
[22:21:50.008] [SEVERE ] updating countdown to 14091
[22:21:50.008] [SEVERE ] setting player 1 freeze to 1263
[22:21:50.034] [SEVERE ] updating countdown to 14065
[22:21:50.034] [SEVERE ] setting player 1 freeze to 1237
[22:21:50.060] [SEVERE ] updating countdown to 14039
[22:21:50.060] [SEVERE ] setting player 1 freeze to 1211
[22:21:50.086] [SEVERE ] updating countdown to 14013
[22:21:50.086] [SEVERE ] setting player 1 freeze to 1185
[22:21:50.111] [SEVERE ] updating countdown to 13988
[22:21:50.112] [SEVERE ] setting player 1 freeze to 1159
[22:21:50.137] [SEVERE ] updating countdown to 13962
[22:21:50.138] [SEVERE ] setting player 1 freeze to 1133
[22:21:50.163] [SEVERE ] updating countdown to 13936
[22:21:50.165] [SEVERE ] setting player 1 freeze to 1106
[22:21:50.190] [SEVERE ] updating countdown to 13909
[22:21:50.191] [SEVERE ] setting player 1 freeze to 1080
[22:21:50.216] [SEVERE ] updating countdown to 13883
[22:21:50.217] [SEVERE ] setting player 1 freeze to 1054
[22:21:50.244] [SEVERE ] updating countdown to 13855
[22:21:50.244] [SEVERE ] setting player 1 freeze to 1027
[22:21:50.270] [SEVERE ] updating countdown to 13829
[22:21:50.270] [SEVERE ] setting player 1 freeze to 1001
[22:21:50.296] [SEVERE ] updating countdown to 13803
[22:21:50.297] [SEVERE ] setting player 1 freeze to 974
[22:21:50.324] [SEVERE ] updating countdown to 13775
[22:21:50.325] [SEVERE ] setting player 1 freeze to 946
[22:21:50.351] [SEVERE ] updating countdown to 13748
[22:21:50.351] [SEVERE ] setting player 1 freeze to 920
[22:21:50.377] [SEVERE ] updating countdown to 13722
[22:21:50.379] [SEVERE ] setting player 1 freeze to 892
[22:21:50.406] [SEVERE ] updating countdown to 13693
[22:21:50.406] [SEVERE ] setting player 1 freeze to 865
[22:21:50.434] [SEVERE ] updating countdown to 13665
[22:21:50.435] [SEVERE ] setting player 1 freeze to 836
[22:21:50.461] [SEVERE ] updating countdown to 13638
[22:21:50.462] [SEVERE ] setting player 1 freeze to 809
[22:21:50.488] [SEVERE ] updating countdown to 13611
[22:21:50.489] [SEVERE ] setting player 1 freeze to 782
[22:21:50.515] [SEVERE ] updating countdown to 13584
[22:21:50.518] [SEVERE ] setting player 1 freeze to 753
[22:21:50.545] [SEVERE ] updating countdown to 13554
[22:21:50.546] [SEVERE ] setting player 1 freeze to 725
[22:21:50.573] [SEVERE ] updating countdown to 13526
[22:21:50.574] [SEVERE ] setting player 1 freeze to 697
[22:21:50.600] [SEVERE ] updating countdown to 13499
[22:21:50.601] [SEVERE ] setting player 1 freeze to 670
[22:21:50.627] [SEVERE ] updating countdown to 13472
[22:21:50.628] [SEVERE ] setting player 1 freeze to 643
[22:21:50.654] [SEVERE ] updating countdown to 13445
[22:21:50.655] [SEVERE ] setting player 1 freeze to 616
[22:21:50.682] [SEVERE ] updating countdown to 13417
[22:21:50.682] [SEVERE ] setting player 1 freeze to 589
[22:21:50.708] [SEVERE ] updating countdown to 13391
[22:21:50.709] [SEVERE ] setting player 1 freeze to 562
[22:21:50.734] [SEVERE ] updating countdown to 13365
[22:21:50.735] [SEVERE ] setting player 1 freeze to 536
[22:21:50.761] [SEVERE ] updating countdown to 13338
[22:21:50.762] [SEVERE ] setting player 1 freeze to 509
[22:21:50.787] [SEVERE ] updating countdown to 13312
[22:21:50.788] [SEVERE ] setting player 1 freeze to 483
[22:21:50.815] [SEVERE ] updating countdown to 13284
[22:21:50.816] [SEVERE ] setting player 1 freeze to 455
[22:21:50.843] [SEVERE ] updating countdown to 13256
[22:21:50.843] [SEVERE ] setting player 1 freeze to 428
[22:21:50.869] [SEVERE ] updating countdown to 13230
[22:21:50.869] [SEVERE ] setting player 1 freeze to 402
[22:21:50.895] [SEVERE ] updating countdown to 13204
[22:21:50.897] [SEVERE ] setting player 1 freeze to 374
[22:21:50.923] [SEVERE ] updating countdown to 13176
[22:21:50.924] [SEVERE ] setting player 1 freeze to 347
[22:21:50.950] [SEVERE ] updating countdown to 13149
[22:21:50.951] [SEVERE ] setting player 1 freeze to 320
[22:21:50.977] [SEVERE ] updating countdown to 13122
[22:21:50.978] [SEVERE ] setting player 1 freeze to 293
[22:21:51.004] [SEVERE ] updating countdown to 13095
[22:21:51.005] [SEVERE ] setting player 1 freeze to 266
[22:21:51.032] [SEVERE ] updating countdown to 13067
[22:21:51.033] [SEVERE ] setting player 1 freeze to 238
[22:21:51.059] [SEVERE ] updating countdown to 13040
[22:21:51.060] [SEVERE ] setting player 1 freeze to 211
[22:21:51.086] [SEVERE ] updating countdown to 13013
[22:21:51.087] [SEVERE ] setting player 1 freeze to 184
[22:21:51.114] [SEVERE ] updating countdown to 12985
[22:21:51.116] [SEVERE ] setting player 1 freeze to 155
[22:21:51.142] [SEVERE ] updating countdown to 12957
[22:21:51.143] [SEVERE ] setting player 1 freeze to 128
[22:21:51.169] [SEVERE ] updating countdown to 12930
[22:21:51.170] [SEVERE ] setting player 1 freeze to 101
[22:21:51.196] [SEVERE ] updating countdown to 12903
[22:21:51.197] [SEVERE ] setting player 1 freeze to 74
[22:21:51.223] [SEVERE ] updating countdown to 12876
[22:21:51.223] [SEVERE ] setting player 1 freeze to 48
[22:21:51.249] [SEVERE ] updating countdown to 12850
[22:21:51.250] [SEVERE ] setting player 1 freeze to 21
[22:21:51.275] [SEVERE ] updating countdown to 12824
[22:21:51.276] [SEVERE ] setting player 1 freeze to -5
[22:21:51.302] [SEVERE ] updating countdown to 12797
[22:21:51.303] [SEVERE ] setting player 1 freeze to -32
[22:21:51.328] [SEVERE ] updating countdown to 12771
[22:21:51.329] [SEVERE ] setting player 1 freeze to -58
[22:21:51.354] [SEVERE ] updating countdown to 12745
[22:21:51.356] [SEVERE ] setting player 1 freeze to -85
[22:21:51.382] [SEVERE ] updating countdown to 12717
[22:21:51.384] [SEVERE ] setting player 1 freeze to -113
[22:21:51.410] [SEVERE ] updating countdown to 12689
[22:21:51.411] [SEVERE ] setting player 1 freeze to -140
[22:21:51.436] [SEVERE ] updating countdown to 12663
[22:21:51.437] [SEVERE ] setting player 1 freeze to -166
[22:21:51.462] [SEVERE ] updating countdown to 12637
[22:21:51.463] [SEVERE ] setting player 1 freeze to -192
[22:21:51.489] [SEVERE ] updating countdown to 12610
[22:21:51.490] [SEVERE ] setting player 1 freeze to -219
[22:21:51.516] [SEVERE ] updating countdown to 12583
[22:21:51.517] [SEVERE ] setting player 1 freeze to -246
[22:21:51.542] [SEVERE ] updating countdown to 12557
[22:21:51.545] [SEVERE ] setting player 1 freeze to -274
[22:21:51.572] [SEVERE ] updating countdown to 12527
[22:21:51.574] [SEVERE ] setting player 1 freeze to -303
[22:21:51.600] [SEVERE ] updating countdown to 12499
[22:21:51.601] [SEVERE ] setting player 1 freeze to -330
[22:21:51.626] [SEVERE ] updating countdown to 12473
[22:21:51.627] [SEVERE ] setting player 1 freeze to -356
[22:21:51.652] [SEVERE ] updating countdown to 12447
[22:21:51.653] [SEVERE ] setting player 1 freeze to -382
[22:21:51.679] [SEVERE ] updating countdown to 12420
[22:21:51.679] [SEVERE ] setting player 1 freeze to -408
[22:21:51.705] [SEVERE ] updating countdown to 12394
[22:21:51.706] [SEVERE ] setting player 1 freeze to -435
[22:21:51.732] [SEVERE ] updating countdown to 12367
[22:21:51.734] [SEVERE ] setting player 1 freeze to -463
[22:21:51.761] [SEVERE ] updating countdown to 12338
[22:21:51.763] [SEVERE ] setting player 1 freeze to -492
[22:21:51.789] [SEVERE ] updating countdown to 12310
[22:21:51.790] [SEVERE ] setting player 1 freeze to -519
[22:21:51.817] [SEVERE ] updating countdown to 12282
[22:21:51.818] [SEVERE ] setting player 1 freeze to -547
[22:21:51.844] [SEVERE ] updating countdown to 12255
[22:21:51.845] [SEVERE ] setting player 1 freeze to -574
[22:21:51.871] [SEVERE ] updating countdown to 12228
[22:21:51.871] [SEVERE ] setting player 1 freeze to -600
[22:21:51.897] [SEVERE ] updating countdown to 12202
[22:21:51.898] [SEVERE ] setting player 1 freeze to -627
[22:21:51.924] [SEVERE ] updating countdown to 12175
[22:21:51.926] [SEVERE ] setting player 1 freeze to -655
[22:21:51.952] [SEVERE ] updating countdown to 12147
[22:21:51.953] [SEVERE ] setting player 1 freeze to -682
[22:21:51.979] [SEVERE ] updating countdown to 12120
[22:21:51.980] [SEVERE ] setting player 1 freeze to -709
[22:21:52.006] [SEVERE ] updating countdown to 12093
[22:21:52.007] [SEVERE ] setting player 1 freeze to -736
[22:21:52.033] [SEVERE ] updating countdown to 12066
[22:21:52.035] [SEVERE ] setting player 1 freeze to -764
[22:21:52.061] [SEVERE ] updating countdown to 12038
[22:21:52.062] [SEVERE ] setting player 1 freeze to -791
[22:21:52.088] [SEVERE ] updating countdown to 12011
[22:21:52.089] [SEVERE ] setting player 1 freeze to -818
[22:21:52.115] [SEVERE ] updating countdown to 11984
[22:21:52.118] [SEVERE ] setting player 1 freeze to -847
[22:21:52.145] [SEVERE ] updating countdown to 11954
[22:21:52.145] [SEVERE ] setting player 1 freeze to -874
[22:21:52.171] [SEVERE ] updating countdown to 11928
[22:21:52.172] [SEVERE ] setting player 1 freeze to -901
[22:21:52.199] [SEVERE ] updating countdown to 11900
[22:21:52.199] [SEVERE ] setting player 1 freeze to -928
[22:21:52.225] [SEVERE ] updating countdown to 11874
[22:21:52.226] [SEVERE ] setting player 1 freeze to -955
[22:21:52.252] [SEVERE ] updating countdown to 11847
[22:21:52.253] [SEVERE ] setting player 1 freeze to -982
[22:21:52.279] [SEVERE ] updating countdown to 11820
[22:21:52.279] [SEVERE ] setting player 1 freeze to -1008
[22:21:52.305] [SEVERE ] updating countdown to 11794
[22:21:52.305] [SEVERE ] setting player 1 freeze to -1034
[22:21:52.330] [SEVERE ] updating countdown to 11769
[22:21:52.331] [SEVERE ] setting player 1 freeze to -1060
[22:21:52.356] [SEVERE ] updating countdown to 11743
[22:21:52.357] [SEVERE ] setting player 1 freeze to -1086
[22:21:52.382] [SEVERE ] updating countdown to 11717
[22:21:52.382] [SEVERE ] setting player 1 freeze to -1111
[22:21:52.408] [SEVERE ] updating countdown to 11691
[22:21:52.408] [SEVERE ] setting player 1 freeze to -1137
[22:21:52.434] [SEVERE ] updating countdown to 11665
[22:21:52.434] [SEVERE ] setting player 1 freeze to -1163
[22:21:52.460] [SEVERE ] updating countdown to 11639
[22:21:52.461] [SEVERE ] setting player 1 freeze to -1190
[22:21:52.487] [SEVERE ] updating countdown to 11612
[22:21:52.489] [SEVERE ] setting player 1 freeze to -1218
[22:21:52.516] [SEVERE ] updating countdown to 11583
[22:21:52.517] [SEVERE ] setting player 1 freeze to -1246
[22:21:52.543] [SEVERE ] updating countdown to 11556
[22:21:52.544] [SEVERE ] setting player 1 freeze to -1273
[22:21:52.570] [SEVERE ] updating countdown to 11529
[22:21:52.570] [SEVERE ] setting player 1 freeze to -1299
[22:21:52.596] [SEVERE ] updating countdown to 11503
[22:21:52.597] [SEVERE ] setting player 1 freeze to -1326
[22:21:52.624] [SEVERE ] updating countdown to 11475
[22:21:52.625] [SEVERE ] setting player 1 freeze to -1354
[22:21:52.651] [SEVERE ] updating countdown to 11448
[22:21:52.652] [SEVERE ] setting player 1 freeze to -1381
[22:21:52.678] [SEVERE ] updating countdown to 11421
[22:21:52.680] [SEVERE ] setting player 1 freeze to -1409
[22:21:52.705] [SEVERE ] updating countdown to 11394
[22:21:52.706] [SEVERE ] setting player 1 freeze to -1435
[22:21:52.733] [SEVERE ] updating countdown to 11366
[22:21:52.734] [SEVERE ] setting player 1 freeze to -1463
[22:21:52.760] [SEVERE ] updating countdown to 11339
[22:21:52.761] [SEVERE ] setting player 1 freeze to -1490
[22:21:52.787] [SEVERE ] updating countdown to 11312
[22:21:52.787] [SEVERE ] setting player 1 freeze to -1516
[22:21:52.813] [SEVERE ] updating countdown to 11286
[22:21:52.815] [SEVERE ] setting player 1 freeze to -1544
[22:21:52.841] [SEVERE ] updating countdown to 11258
[22:21:52.842] [SEVERE ] setting player 1 freeze to -1571
[22:21:52.869] [SEVERE ] updating countdown to 11230
[22:21:52.869] [SEVERE ] setting player 1 freeze to -1598
[22:21:52.895] [SEVERE ] updating countdown to 11204
[22:21:52.896] [SEVERE ] setting player 1 freeze to -1625
[22:21:52.922] [SEVERE ] updating countdown to 11177
[22:21:52.924] [SEVERE ] setting player 1 freeze to -1653
[22:21:52.950] [SEVERE ] updating countdown to 11149
[22:21:52.952] [SEVERE ] setting player 1 freeze to -1681
[22:21:52.979] [SEVERE ] updating countdown to 11120
[22:21:52.979] [SEVERE ] setting player 1 freeze to -1708
[22:21:53.005] [SEVERE ] updating countdown to 11094
[22:21:53.006] [SEVERE ] setting player 1 freeze to -1735
[22:21:53.033] [SEVERE ] updating countdown to 11066
[22:21:53.034] [SEVERE ] setting player 1 freeze to -1763
[22:21:53.061] [SEVERE ] updating countdown to 11038
[22:21:53.062] [SEVERE ] setting player 1 freeze to -1791
[22:21:53.087] [SEVERE ] updating countdown to 11012
[22:21:53.088] [SEVERE ] setting player 1 freeze to -1817
[22:21:53.114] [SEVERE ] updating countdown to 10985
[22:21:53.115] [SEVERE ] setting player 1 freeze to -1844
[22:21:53.140] [SEVERE ] updating countdown to 10959
[22:21:53.141] [SEVERE ] setting player 1 freeze to -1870
[22:21:53.167] [SEVERE ] updating countdown to 10932
[22:21:53.167] [SEVERE ] setting player 1 freeze to -1896
[22:21:53.193] [SEVERE ] updating countdown to 10906
[22:21:53.194] [SEVERE ] setting player 1 freeze to -1923
[22:21:53.220] [SEVERE ] updating countdown to 10879
[22:21:53.220] [SEVERE ] setting player 1 freeze to -1949
[22:21:53.246] [SEVERE ] updating countdown to 10853
[22:21:53.247] [SEVERE ] setting player 1 freeze to -1976
[22:21:53.274] [SEVERE ] updating countdown to 10825
[22:21:53.276] [SEVERE ] setting player 1 freeze to -2005
[22:21:53.302] [SEVERE ] updating countdown to 10797
[22:21:53.303] [SEVERE ] setting player 1 freeze to -2032
[22:21:53.329] [SEVERE ] updating countdown to 10770
[22:21:53.329] [SEVERE ] setting player 1 freeze to -2058
[22:21:53.355] [SEVERE ] updating countdown to 10744
[22:21:53.356] [SEVERE ] setting player 1 freeze to -2085
[22:21:53.382] [SEVERE ] updating countdown to 10717
[22:21:53.383] [SEVERE ] setting player 1 freeze to -2112
[22:21:53.409] [SEVERE ] updating countdown to 10690
[22:21:53.410] [SEVERE ] setting player 1 freeze to -2139
[22:21:53.436] [SEVERE ] updating countdown to 10663
[22:21:53.436] [SEVERE ] setting player 1 freeze to -2165
[22:21:53.462] [SEVERE ] updating countdown to 10637
[22:21:53.463] [SEVERE ] setting player 1 freeze to -2192
[22:21:53.489] [SEVERE ] updating countdown to 10610
[22:21:53.490] [SEVERE ] setting player 1 freeze to -2219
[22:21:53.518] [SEVERE ] updating countdown to 10581
[22:21:53.519] [SEVERE ] setting player 1 freeze to -2248
[22:21:53.545] [SEVERE ] updating countdown to 10554
[22:21:53.546] [SEVERE ] setting player 1 freeze to -2275
[22:21:53.571] [SEVERE ] updating countdown to 10528
[22:21:53.572] [SEVERE ] setting player 1 freeze to -2301
[22:21:53.598] [SEVERE ] updating countdown to 10501
[22:21:53.599] [SEVERE ] setting player 1 freeze to -2328
[22:21:53.625] [SEVERE ] updating countdown to 10474
[22:21:53.626] [SEVERE ] setting player 1 freeze to -2355
[22:21:53.652] [SEVERE ] updating countdown to 10447
[22:21:53.653] [SEVERE ] setting player 1 freeze to -2382
[22:21:53.679] [SEVERE ] updating countdown to 10420
[22:21:53.680] [SEVERE ] setting player 1 freeze to -2409
[22:21:53.705] [SEVERE ] updating countdown to 10394
[22:21:53.706] [SEVERE ] setting player 1 freeze to -2435
[22:21:53.731] [SEVERE ] updating countdown to 10368
[22:21:53.732] [SEVERE ] setting player 1 freeze to -2461
[22:21:53.757] [SEVERE ] updating countdown to 10342
[22:21:53.758] [SEVERE ] setting player 1 freeze to -2487
[22:21:53.784] [SEVERE ] updating countdown to 10315
[22:21:53.785] [SEVERE ] setting player 1 freeze to -2514
[22:21:53.812] [SEVERE ] updating countdown to 10287
[22:21:53.813] [SEVERE ] setting player 1 freeze to -2542
[22:21:53.839] [SEVERE ] updating countdown to 10260
[22:21:53.843] [SEVERE ] setting player 1 freeze to -2572
[22:21:53.874] [SEVERE ] updating countdown to 10225
[22:21:53.874] [SEVERE ] setting player 1 freeze to -2603
[22:21:53.900] [SEVERE ] updating countdown to 10199
[22:21:53.901] [SEVERE ] setting player 1 freeze to -2630
[22:21:53.927] [SEVERE ] updating countdown to 10172
[22:21:53.928] [SEVERE ] setting player 1 freeze to -2657
[22:21:53.954] [SEVERE ] updating countdown to 10145
[22:21:53.955] [SEVERE ] setting player 1 freeze to -2684
[22:21:53.982] [SEVERE ] updating countdown to 10117
[22:21:53.982] [SEVERE ] setting player 1 freeze to -2711
[22:21:54.008] [SEVERE ] updating countdown to 10091
[22:21:54.009] [SEVERE ] setting player 1 freeze to -2738
[22:21:54.036] [SEVERE ] updating countdown to 10063
[22:21:54.037] [SEVERE ] setting player 1 freeze to -2766
[22:21:54.063] [SEVERE ] updating countdown to 10036
[22:21:54.064] [SEVERE ] setting player 1 freeze to -2793
[22:21:54.091] [SEVERE ] updating countdown to 10008
[22:21:54.091] [SEVERE ] setting player 1 freeze to -2820
[22:21:54.117] [SEVERE ] updating countdown to 9982
[22:21:54.118] [SEVERE ] setting player 1 freeze to -2847
[22:21:54.144] [SEVERE ] updating countdown to 9955
[22:21:54.145] [SEVERE ] setting player 1 freeze to -2874
[22:21:54.171] [SEVERE ] updating countdown to 9928
[22:21:54.173] [SEVERE ] setting player 1 freeze to -2902
[22:21:54.201] [SEVERE ] updating countdown to 9898
[22:21:54.202] [SEVERE ] setting player 1 freeze to -2931
[22:21:54.229] [SEVERE ] updating countdown to 9870
[22:21:54.229] [SEVERE ] setting player 1 freeze to -2958
[22:21:54.254] [SEVERE ] updating countdown to 9845
[22:21:54.255] [SEVERE ] setting player 1 freeze to -2984
[22:21:54.281] [SEVERE ] updating countdown to 9818
[22:21:54.282] [SEVERE ] setting player 1 freeze to -3011
[22:21:54.308] [SEVERE ] updating countdown to 9791
[22:21:54.308] [SEVERE ] setting player 1 freeze to -3037
[22:21:54.334] [SEVERE ] updating countdown to 9765
[22:21:54.335] [SEVERE ] setting player 1 freeze to -3064
[22:21:54.362] [SEVERE ] updating countdown to 9737
[22:21:54.362] [SEVERE ] setting player 1 freeze to -3091
[22:21:54.388] [SEVERE ] updating countdown to 9711
[22:21:54.389] [SEVERE ] setting player 1 freeze to -3118
[22:21:54.415] [SEVERE ] updating countdown to 9684
[22:21:54.416] [SEVERE ] setting player 1 freeze to -3145
[22:21:54.442] [SEVERE ] updating countdown to 9657
[22:21:54.442] [SEVERE ] setting player 1 freeze to -3171
[22:21:54.467] [SEVERE ] updating countdown to 9632
[22:21:54.468] [SEVERE ] setting player 1 freeze to -3197
[22:21:54.493] [SEVERE ] updating countdown to 9606
[22:21:54.494] [SEVERE ] setting player 1 freeze to -3223
[22:21:54.521] [SEVERE ] updating countdown to 9578
[22:21:54.522] [SEVERE ] setting player 1 freeze to -3251
[22:21:54.548] [SEVERE ] updating countdown to 9551
[22:21:54.548] [SEVERE ] setting player 1 freeze to -3277
[22:21:54.574] [SEVERE ] updating countdown to 9525
[22:21:54.574] [SEVERE ] setting player 1 freeze to -3303
[22:21:54.600] [SEVERE ] updating countdown to 9499
[22:21:54.602] [SEVERE ] setting player 1 freeze to -3331
[22:21:54.628] [SEVERE ] updating countdown to 9471
[22:21:54.629] [SEVERE ] setting player 1 freeze to -3358
[22:21:54.654] [SEVERE ] updating countdown to 9445
[22:21:54.655] [SEVERE ] setting player 1 freeze to -3384
[22:21:54.680] [SEVERE ] updating countdown to 9419
[22:21:54.682] [SEVERE ] setting player 1 freeze to -3411
[22:21:54.708] [SEVERE ] updating countdown to 9391
[22:21:54.709] [SEVERE ] setting player 1 freeze to -3438
[22:21:54.735] [SEVERE ] updating countdown to 9364
[22:21:54.736] [SEVERE ] setting player 1 freeze to -3465
[22:21:54.762] [SEVERE ] updating countdown to 9337
[22:21:54.762] [SEVERE ] setting player 1 freeze to -3491
[22:21:54.788] [SEVERE ] updating countdown to 9311
[22:21:54.791] [SEVERE ] setting player 1 freeze to -3520
[22:21:54.816] [SEVERE ] updating countdown to 9283
[22:21:54.818] [SEVERE ] setting player 1 freeze to -3547
[22:21:54.844] [SEVERE ] updating countdown to 9255
[22:21:54.845] [SEVERE ] setting player 1 freeze to -3574
[22:21:54.871] [SEVERE ] updating countdown to 9228
[22:21:54.872] [SEVERE ] setting player 1 freeze to -3601
[22:21:54.897] [SEVERE ] updating countdown to 9202
[22:21:54.898] [SEVERE ] setting player 1 freeze to -3627
[22:21:54.924] [SEVERE ] updating countdown to 9175
[22:21:54.925] [SEVERE ] setting player 1 freeze to -3654
[22:21:54.951] [SEVERE ] updating countdown to 9148
[22:21:54.952] [SEVERE ] setting player 1 freeze to -3681
[22:21:54.978] [SEVERE ] updating countdown to 9121
[22:21:54.979] [SEVERE ] setting player 1 freeze to -3708
[22:21:55.004] [SEVERE ] updating countdown to 9095
[22:21:55.004] [SEVERE ] setting player 1 freeze to -3733
[22:21:55.030] [SEVERE ] updating countdown to 9069
[22:21:55.030] [SEVERE ] setting player 1 freeze to -3759
[22:21:55.056] [SEVERE ] updating countdown to 9043
[22:21:55.057] [SEVERE ] setting player 1 freeze to -3786
[22:21:55.083] [SEVERE ] updating countdown to 9016
[22:21:55.083] [SEVERE ] setting player 1 freeze to -3812
[22:21:55.109] [SEVERE ] updating countdown to 8990
[22:21:55.110] [SEVERE ] setting player 1 freeze to -3839
[22:21:55.136] [SEVERE ] updating countdown to 8963
[22:21:55.138] [SEVERE ] setting player 1 freeze to -3867
[22:21:55.164] [SEVERE ] updating countdown to 8935
[22:21:55.165] [SEVERE ] setting player 1 freeze to -3894
[22:21:55.191] [SEVERE ] updating countdown to 8908
[22:21:55.192] [SEVERE ] setting player 1 freeze to -3921
[22:21:55.217] [SEVERE ] updating countdown to 8882
[22:21:55.218] [SEVERE ] setting player 1 freeze to -3947
[22:21:55.243] [SEVERE ] updating countdown to 8856
[22:21:55.244] [SEVERE ] setting player 1 freeze to -3973
[22:21:55.270] [SEVERE ] updating countdown to 8829
[22:21:55.271] [SEVERE ] setting player 1 freeze to -4000
[22:21:55.297] [SEVERE ] updating countdown to 8802
[22:21:55.297] [SEVERE ] setting player 1 freeze to -4026
[22:21:55.323] [SEVERE ] updating countdown to 8776
[22:21:55.324] [SEVERE ] setting player 1 freeze to -4053
[22:21:55.350] [SEVERE ] updating countdown to 8749
[22:21:55.350] [SEVERE ] setting player 1 freeze to -4079
[22:21:55.376] [SEVERE ] updating countdown to 8723
[22:21:55.377] [SEVERE ] setting player 1 freeze to -4106
[22:21:55.402] [SEVERE ] updating countdown to 8697
[22:21:55.403] [SEVERE ] setting player 1 freeze to -4132
[22:21:55.428] [SEVERE ] updating countdown to 8671
[22:21:55.429] [SEVERE ] setting player 1 freeze to -4158
[22:21:55.454] [SEVERE ] updating countdown to 8645
[22:21:55.456] [SEVERE ] setting player 1 freeze to -4185
[22:21:55.483] [SEVERE ] updating countdown to 8616
[22:21:55.484] [SEVERE ] setting player 1 freeze to -4213
[22:21:55.510] [SEVERE ] updating countdown to 8589
[22:21:55.511] [SEVERE ] setting player 1 freeze to -4240
[22:21:55.537] [SEVERE ] updating countdown to 8562
[22:21:55.538] [SEVERE ] setting player 1 freeze to -4267
[22:21:55.565] [SEVERE ] updating countdown to 8534
[22:21:55.567] [SEVERE ] setting player 1 freeze to -4296
[22:21:55.594] [SEVERE ] updating countdown to 8505
[22:21:55.594] [SEVERE ] setting player 1 freeze to -4323
[22:21:55.620] [SEVERE ] updating countdown to 8479
[22:21:55.621] [SEVERE ] setting player 1 freeze to -4350
[22:21:55.646] [SEVERE ] updating countdown to 8453
[22:21:55.647] [SEVERE ] setting player 1 freeze to -4376
[22:21:55.672] [SEVERE ] updating countdown to 8427
[22:21:55.674] [SEVERE ] setting player 1 freeze to -4403
[22:21:55.700] [SEVERE ] updating countdown to 8399
[22:21:55.701] [SEVERE ] setting player 1 freeze to -4430
[22:21:55.726] [SEVERE ] updating countdown to 8373
[22:21:55.727] [SEVERE ] setting player 1 freeze to -4456
[22:21:55.753] [SEVERE ] updating countdown to 8346
[22:21:55.754] [SEVERE ] setting player 1 freeze to -4483
[22:21:55.780] [SEVERE ] updating countdown to 8319
[22:21:55.781] [SEVERE ] setting player 1 freeze to -4510
[22:21:55.807] [SEVERE ] updating countdown to 8292
[22:21:55.808] [SEVERE ] setting player 1 freeze to -4537
[22:21:55.835] [SEVERE ] updating countdown to 8264
[22:21:55.836] [SEVERE ] setting player 1 freeze to -4565
[22:21:55.862] [SEVERE ] updating countdown to 8237
[22:21:55.862] [SEVERE ] setting player 1 freeze to -4591
[22:21:55.888] [SEVERE ] updating countdown to 8211
[22:21:55.888] [SEVERE ] setting player 1 freeze to -4617
[22:21:55.914] [SEVERE ] updating countdown to 8185
[22:21:55.914] [SEVERE ] setting player 1 freeze to -4643
[22:21:55.940] [SEVERE ] updating countdown to 8159
[22:21:55.941] [SEVERE ] setting player 1 freeze to -4670
[22:21:55.967] [SEVERE ] updating countdown to 8132
[22:21:55.968] [SEVERE ] setting player 1 freeze to -4697
[22:21:55.994] [SEVERE ] updating countdown to 8105
[22:21:55.995] [SEVERE ] setting player 1 freeze to -4724
[22:21:56.021] [SEVERE ] updating countdown to 8078
[22:21:56.021] [SEVERE ] setting player 1 freeze to -4750
[22:21:56.047] [SEVERE ] updating countdown to 8052
[22:21:56.048] [SEVERE ] setting player 1 freeze to -4777
[22:21:56.073] [SEVERE ] updating countdown to 8026
[22:21:56.075] [SEVERE ] setting player 1 freeze to -4804
[22:21:56.101] [SEVERE ] updating countdown to 7998
[22:21:56.102] [SEVERE ] setting player 1 freeze to -4831
[22:21:56.128] [SEVERE ] updating countdown to 7971
[22:21:56.129] [SEVERE ] setting player 1 freeze to -4858
[22:21:56.155] [SEVERE ] updating countdown to 7944
[22:21:56.158] [SEVERE ] setting player 1 freeze to -4887
[22:21:56.186] [SEVERE ] updating countdown to 7913
[22:21:56.188] [SEVERE ] setting player 1 freeze to -4917
[22:21:56.215] [SEVERE ] updating countdown to 7884
[22:21:56.216] [SEVERE ] setting player 1 freeze to -4945
[22:21:56.242] [SEVERE ] updating countdown to 7857
[22:21:56.243] [SEVERE ] setting player 1 freeze to -4972
[22:21:56.269] [SEVERE ] updating countdown to 7830
[22:21:56.270] [SEVERE ] setting player 1 freeze to -4999
[22:21:56.296] [SEVERE ] updating countdown to 7803
[22:21:56.297] [SEVERE ] setting player 1 freeze to -5026
[22:21:56.323] [SEVERE ] updating countdown to 7776
[22:21:56.324] [SEVERE ] setting player 1 freeze to -5053
[22:21:56.350] [SEVERE ] updating countdown to 7749
[22:21:56.352] [SEVERE ] setting player 1 freeze to -5081
[22:21:56.377] [SEVERE ] updating countdown to 7722
[22:21:56.378] [SEVERE ] setting player 1 freeze to -5107
[22:21:56.404] [SEVERE ] updating countdown to 7695
[22:21:56.405] [SEVERE ] setting player 1 freeze to -5134
[22:21:56.432] [SEVERE ] updating countdown to 7667
[22:21:56.433] [SEVERE ] setting player 1 freeze to -5162
[22:21:56.459] [SEVERE ] updating countdown to 7640
[22:21:56.461] [SEVERE ] setting player 1 freeze to -5190
[22:21:56.487] [SEVERE ] updating countdown to 7612
[22:21:56.487] [SEVERE ] setting player 1 freeze to -5216
[22:21:56.513] [SEVERE ] updating countdown to 7586
[22:21:56.513] [SEVERE ] setting player 1 freeze to -5242
[22:21:56.539] [SEVERE ] updating countdown to 7560
[22:21:56.540] [SEVERE ] setting player 1 freeze to -5269
[22:21:56.566] [SEVERE ] updating countdown to 7533
[22:21:56.567] [SEVERE ] setting player 1 freeze to -5296
[22:21:56.592] [SEVERE ] updating countdown to 7507
[22:21:56.592] [SEVERE ] setting player 1 freeze to -5321
[22:21:56.618] [SEVERE ] updating countdown to 7481
[22:21:56.619] [SEVERE ] setting player 1 freeze to -5348
[22:21:56.644] [SEVERE ] updating countdown to 7455
[22:21:56.645] [SEVERE ] setting player 1 freeze to -5374
[22:21:56.670] [SEVERE ] updating countdown to 7429
[22:21:56.671] [SEVERE ] setting player 1 freeze to -5400
[22:21:56.696] [SEVERE ] updating countdown to 7403
[22:21:56.697] [SEVERE ] setting player 1 freeze to -5426
[22:21:56.723] [SEVERE ] updating countdown to 7376
[22:21:56.725] [SEVERE ] setting player 1 freeze to -5454
[22:21:56.753] [SEVERE ] updating countdown to 7346
[22:21:56.754] [SEVERE ] setting player 1 freeze to -5483
[22:21:56.779] [SEVERE ] updating countdown to 7320
[22:21:56.781] [SEVERE ] setting player 1 freeze to -5510
[22:21:56.807] [SEVERE ] updating countdown to 7292
[22:21:56.808] [SEVERE ] setting player 1 freeze to -5537
[22:21:56.835] [SEVERE ] updating countdown to 7264
[22:21:56.835] [SEVERE ] setting player 1 freeze to -5564
[22:21:56.861] [SEVERE ] updating countdown to 7238
[22:21:56.862] [SEVERE ] setting player 1 freeze to -5591
[22:21:56.888] [SEVERE ] updating countdown to 7211
[22:21:56.889] [SEVERE ] setting player 1 freeze to -5618
[22:21:56.916] [SEVERE ] updating countdown to 7183
[22:21:56.917] [SEVERE ] setting player 1 freeze to -5646
[22:21:56.943] [SEVERE ] updating countdown to 7156
[22:21:56.944] [SEVERE ] setting player 1 freeze to -5673
[22:21:56.969] [SEVERE ] updating countdown to 7130
[22:21:56.971] [SEVERE ] setting player 1 freeze to -5700
[22:21:56.997] [SEVERE ] updating countdown to 7102
[22:21:56.999] [SEVERE ] setting player 1 freeze to -5728
[22:21:57.025] [SEVERE ] updating countdown to 7074
[22:21:57.026] [SEVERE ] setting player 1 freeze to -5755
[22:21:57.052] [SEVERE ] updating countdown to 7047
[22:21:57.053] [SEVERE ] setting player 1 freeze to -5782
[22:21:57.079] [SEVERE ] updating countdown to 7020
[22:21:57.081] [SEVERE ] setting player 1 freeze to -5810
[22:21:57.107] [SEVERE ] updating countdown to 6992
[22:21:57.108] [SEVERE ] setting player 1 freeze to -5837
[22:21:57.135] [SEVERE ] updating countdown to 6964
[22:21:57.135] [SEVERE ] setting player 1 freeze to -5864
[22:21:57.161] [SEVERE ] updating countdown to 6938
[22:21:57.161] [SEVERE ] setting player 1 freeze to -5890
[22:21:57.187] [SEVERE ] updating countdown to 6912
[22:21:57.187] [SEVERE ] setting player 1 freeze to -5916
[22:21:57.212] [SEVERE ] updating countdown to 6887
[22:21:57.213] [SEVERE ] setting player 1 freeze to -5942
[22:21:57.238] [SEVERE ] updating countdown to 6861
[22:21:57.239] [SEVERE ] setting player 1 freeze to -5968
[22:21:57.265] [SEVERE ] updating countdown to 6834
[22:21:57.265] [SEVERE ] setting player 1 freeze to -5994
[22:21:57.291] [SEVERE ] updating countdown to 6808
[22:21:57.292] [SEVERE ] setting player 1 freeze to -6021
[22:21:57.320] [SEVERE ] updating countdown to 6779
[22:21:57.320] [SEVERE ] setting player 1 freeze to -6049
[22:21:57.346] [SEVERE ] updating countdown to 6753
[22:21:57.348] [SEVERE ] setting player 1 freeze to -6077
[22:21:57.374] [SEVERE ] updating countdown to 6725
[22:21:57.375] [SEVERE ] setting player 1 freeze to -6104
[22:21:57.400] [SEVERE ] updating countdown to 6699
[22:21:57.401] [SEVERE ] setting player 1 freeze to -6130
[22:21:57.426] [SEVERE ] updating countdown to 6673
[22:21:57.427] [SEVERE ] setting player 1 freeze to -6156
[22:21:57.453] [SEVERE ] updating countdown to 6646
[22:21:57.454] [SEVERE ] setting player 1 freeze to -6183
[22:21:57.480] [SEVERE ] updating countdown to 6619
[22:21:57.481] [SEVERE ] setting player 1 freeze to -6210
[22:21:57.506] [SEVERE ] updating countdown to 6593
[22:21:57.507] [SEVERE ] setting player 1 freeze to -6236
[22:21:57.533] [SEVERE ] updating countdown to 6566
[22:21:57.536] [SEVERE ] setting player 1 freeze to -6265
[22:21:57.562] [SEVERE ] updating countdown to 6537
[22:21:57.562] [SEVERE ] setting player 1 freeze to -6291
[22:21:57.588] [SEVERE ] updating countdown to 6511
[22:21:57.588] [SEVERE ] setting player 1 freeze to -6317
[22:21:57.614] [SEVERE ] updating countdown to 6485
[22:21:57.615] [SEVERE ] setting player 1 freeze to -6344
[22:21:57.640] [SEVERE ] updating countdown to 6459
[22:21:57.641] [SEVERE ] setting player 1 freeze to -6370
[22:21:57.667] [SEVERE ] updating countdown to 6432
[22:21:57.668] [SEVERE ] setting player 1 freeze to -6397
[22:21:57.694] [SEVERE ] updating countdown to 6405
[22:21:57.695] [SEVERE ] setting player 1 freeze to -6424
[22:21:57.720] [SEVERE ] updating countdown to 6379
[22:21:57.721] [SEVERE ] setting player 1 freeze to -6450
[22:21:57.747] [SEVERE ] updating countdown to 6352
[22:21:57.748] [SEVERE ] setting player 1 freeze to -6477
[22:21:57.776] [SEVERE ] updating countdown to 6323
[22:21:57.777] [SEVERE ] setting player 1 freeze to -6506
[22:21:57.803] [SEVERE ] updating countdown to 6296
[22:21:57.804] [SEVERE ] setting player 1 freeze to -6533
[22:21:57.830] [SEVERE ] updating countdown to 6269
[22:21:57.830] [SEVERE ] setting player 1 freeze to -6559
[22:21:57.856] [SEVERE ] updating countdown to 6243
[22:21:57.857] [SEVERE ] setting player 1 freeze to -6586
[22:21:57.883] [SEVERE ] updating countdown to 6216
[22:21:57.884] [SEVERE ] setting player 1 freeze to -6613
[22:21:57.911] [SEVERE ] updating countdown to 6188
[22:21:57.911] [SEVERE ] setting player 1 freeze to -6640
[22:21:57.937] [SEVERE ] updating countdown to 6162
[22:21:57.938] [SEVERE ] setting player 1 freeze to -6667
[22:21:57.964] [SEVERE ] updating countdown to 6135
[22:21:57.964] [SEVERE ] setting player 1 freeze to -6693
[22:21:57.990] [SEVERE ] updating countdown to 6109
[22:21:57.992] [SEVERE ] setting player 1 freeze to -6721
[22:21:58.019] [SEVERE ] updating countdown to 6080
[22:21:58.020] [SEVERE ] setting player 1 freeze to -6749
[22:21:58.046] [SEVERE ] updating countdown to 6053
[22:21:58.046] [SEVERE ] setting player 1 freeze to -6775
[22:21:58.072] [SEVERE ] updating countdown to 6027
[22:21:58.073] [SEVERE ] setting player 1 freeze to -6802
[22:21:58.098] [SEVERE ] updating countdown to 6001
[22:21:58.099] [SEVERE ] setting player 1 freeze to -6828
[22:21:58.125] [SEVERE ] updating countdown to 5974
[22:21:58.127] [SEVERE ] setting player 1 freeze to -6856
[22:21:58.153] [SEVERE ] updating countdown to 5946
[22:21:58.154] [SEVERE ] setting player 1 freeze to -6883
[22:21:58.180] [SEVERE ] updating countdown to 5919
[22:21:58.181] [SEVERE ] setting player 1 freeze to -6910
[22:21:58.208] [SEVERE ] updating countdown to 5891
[22:21:58.210] [SEVERE ] setting player 1 freeze to -6939
[22:21:58.237] [SEVERE ] updating countdown to 5862
[22:21:58.238] [SEVERE ] setting player 1 freeze to -6967
[22:21:58.264] [SEVERE ] updating countdown to 5835
[22:21:58.265] [SEVERE ] setting player 1 freeze to -6994
[22:21:58.290] [SEVERE ] updating countdown to 5809
[22:21:58.291] [SEVERE ] setting player 1 freeze to -7020
[22:21:58.317] [SEVERE ] updating countdown to 5782
[22:21:58.317] [SEVERE ] setting player 1 freeze to -7046
[22:21:58.343] [SEVERE ] updating countdown to 5756
[22:21:58.343] [SEVERE ] setting player 1 freeze to -7072
[22:21:58.369] [SEVERE ] updating countdown to 5730
[22:21:58.370] [SEVERE ] setting player 1 freeze to -7099
[22:21:58.395] [SEVERE ] updating countdown to 5704
[22:21:58.397] [SEVERE ] setting player 1 freeze to -7126
[22:21:58.424] [SEVERE ] updating countdown to 5675
[22:21:58.425] [SEVERE ] setting player 1 freeze to -7154
[22:21:58.451] [SEVERE ] updating countdown to 5648
[22:21:58.452] [SEVERE ] setting player 1 freeze to -7181
[22:21:58.478] [SEVERE ] updating countdown to 5621
[22:21:58.478] [SEVERE ] setting player 1 freeze to -7207
[22:21:58.503] [SEVERE ] updating countdown to 5596
[22:21:58.504] [SEVERE ] setting player 1 freeze to -7233
[22:21:58.529] [SEVERE ] updating countdown to 5570
[22:21:58.530] [SEVERE ] setting player 1 freeze to -7259
[22:21:58.556] [SEVERE ] updating countdown to 5543
[22:21:58.557] [SEVERE ] setting player 1 freeze to -7286
[22:21:58.582] [SEVERE ] updating countdown to 5517
[22:21:58.584] [SEVERE ] setting player 1 freeze to -7313
[22:21:58.610] [SEVERE ] updating countdown to 5489
[22:21:58.610] [SEVERE ] setting player 1 freeze to -7339
[22:21:58.635] [SEVERE ] updating countdown to 5464
[22:21:58.636] [SEVERE ] setting player 1 freeze to -7365
[22:21:58.662] [SEVERE ] updating countdown to 5437
[22:21:58.663] [SEVERE ] setting player 1 freeze to -7392
[22:21:58.689] [SEVERE ] updating countdown to 5410
[22:21:58.689] [SEVERE ] setting player 1 freeze to -7418
[22:21:58.714] [SEVERE ] updating countdown to 5385
[22:21:58.715] [SEVERE ] setting player 1 freeze to -7444
[22:21:58.740] [SEVERE ] updating countdown to 5359
[22:21:58.741] [SEVERE ] setting player 1 freeze to -7470
[22:21:58.766] [SEVERE ] updating countdown to 5333
[22:21:58.767] [SEVERE ] setting player 1 freeze to -7496
[22:21:58.792] [SEVERE ] updating countdown to 5307
[22:21:58.793] [SEVERE ] setting player 1 freeze to -7522
[22:21:58.819] [SEVERE ] updating countdown to 5280
[22:21:58.820] [SEVERE ] setting player 1 freeze to -7549
[22:21:58.846] [SEVERE ] updating countdown to 5253
[22:21:58.848] [SEVERE ] setting player 1 freeze to -7577
[22:21:58.882] [SEVERE ] updating countdown to 5217
[22:21:58.883] [SEVERE ] setting player 1 freeze to -7612
[22:21:58.909] [SEVERE ] updating countdown to 5190
[22:21:58.909] [SEVERE ] setting player 1 freeze to -7638
[22:21:58.935] [SEVERE ] updating countdown to 5164
[22:21:58.935] [SEVERE ] setting player 1 freeze to -7664
[22:21:58.960] [SEVERE ] updating countdown to 5139
[22:21:58.961] [SEVERE ] setting player 1 freeze to -7690
[22:21:58.987] [SEVERE ] updating countdown to 5112
[22:21:58.987] [SEVERE ] setting player 1 freeze to -7716
[22:21:59.013] [SEVERE ] updating countdown to 5086
[22:21:59.014] [SEVERE ] setting player 1 freeze to -7743
[22:21:59.040] [SEVERE ] updating countdown to 5059
[22:21:59.041] [SEVERE ] setting player 1 freeze to -7770
[22:21:59.067] [SEVERE ] updating countdown to 5032
[22:21:59.069] [SEVERE ] setting player 1 freeze to -7798
[22:21:59.094] [SEVERE ] updating countdown to 5005
[22:21:59.096] [SEVERE ] setting player 1 freeze to -7825
[22:21:59.124] [SEVERE ] setting player 1 freeze to -7853
[22:21:59.150] [SEVERE ] setting player 1 freeze to -7879
[22:21:59.180] [SEVERE ] setting player 1 freeze to -7909
[22:21:59.206] [SEVERE ] setting player 1 freeze to -7935
[22:21:59.232] [SEVERE ] setting player 1 freeze to -7961
[22:21:59.258] [SEVERE ] setting player 1 freeze to -7987
[22:21:59.284] [SEVERE ] setting player 1 freeze to -8013
[22:21:59.310] [SEVERE ] setting player 1 freeze to -8039
[22:21:59.336] [SEVERE ] setting player 1 freeze to -8065
[22:21:59.362] [SEVERE ] setting player 1 freeze to -8091
[22:21:59.388] [SEVERE ] setting player 1 freeze to -8117
[22:21:59.414] [SEVERE ] setting player 1 freeze to -8143
[22:21:59.440] [SEVERE ] setting player 1 freeze to -8169
[22:21:59.466] [SEVERE ] setting player 1 freeze to -8195
[22:21:59.493] [SEVERE ] setting player 1 freeze to -8222
[22:21:59.519] [SEVERE ] setting player 1 freeze to -8248
[22:21:59.546] [SEVERE ] setting player 1 freeze to -8275
[22:21:59.572] [SEVERE ] setting player 1 freeze to -8301
[22:21:59.599] [SEVERE ] setting player 1 freeze to -8328
[22:21:59.625] [SEVERE ] setting player 1 freeze to -8354
[22:21:59.652] [SEVERE ] setting player 1 freeze to -8381
[22:21:59.678] [SEVERE ] setting player 1 freeze to -8407
[22:21:59.704] [SEVERE ] setting player 1 freeze to -8433
[22:21:59.730] [SEVERE ] setting player 1 freeze to -8459
[22:21:59.756] [SEVERE ] setting player 1 freeze to -8485
[22:21:59.782] [SEVERE ] setting player 1 freeze to -8511
[22:21:59.808] [SEVERE ] setting player 1 freeze to -8537
[22:21:59.835] [SEVERE ] setting player 1 freeze to -8564
[22:21:59.861] [SEVERE ] setting player 1 freeze to -8590
[22:21:59.888] [SEVERE ] setting player 1 freeze to -8617
[22:21:59.914] [SEVERE ] setting player 1 freeze to -8643
[22:21:59.941] [SEVERE ] setting player 1 freeze to -8670
[22:21:59.967] [SEVERE ] setting player 1 freeze to -8696
[22:21:59.993] [SEVERE ] setting player 1 freeze to -8722
[22:22:00.020] [SEVERE ] setting player 1 freeze to -8749
[22:22:00.046] [SEVERE ] setting player 1 freeze to -8775
[22:22:00.072] [SEVERE ] setting player 1 freeze to -8801
[22:22:00.098] [SEVERE ] setting player 1 freeze to -8827
[22:22:00.124] [SEVERE ] setting player 1 freeze to -8853
[22:22:00.151] [SEVERE ] setting player 1 freeze to -8880
[22:22:00.177] [SEVERE ] setting player 1 freeze to -8906
[22:22:00.203] [SEVERE ] setting player 1 freeze to -8932
[22:22:00.229] [SEVERE ] setting player 1 freeze to -8958
[22:22:00.256] [SEVERE ] setting player 1 freeze to -8985
[22:22:00.282] [SEVERE ] setting player 1 freeze to -9011
[22:22:00.308] [SEVERE ] setting player 1 freeze to -9037
[22:22:00.335] [SEVERE ] setting player 1 freeze to -9064
[22:22:00.362] [SEVERE ] setting player 1 freeze to -9091
[22:22:00.389] [SEVERE ] setting player 1 freeze to -9118
[22:22:00.416] [SEVERE ] setting player 1 freeze to -9145
[22:22:00.442] [SEVERE ] setting player 1 freeze to -9171
[22:22:00.468] [SEVERE ] setting player 1 freeze to -9197
[22:22:00.494] [SEVERE ] setting player 1 freeze to -9223
[22:22:00.520] [SEVERE ] setting player 1 freeze to -9249
[22:22:00.546] [SEVERE ] setting player 1 freeze to -9275
[22:22:00.573] [SEVERE ] setting player 1 freeze to -9302
[22:22:00.600] [SEVERE ] setting player 1 freeze to -9329
[22:22:00.626] [SEVERE ] setting player 1 freeze to -9355
[22:22:00.653] [SEVERE ] setting player 1 freeze to -9382
[22:22:00.679] [SEVERE ] setting player 1 freeze to -9408
[22:22:00.706] [SEVERE ] setting player 1 freeze to -9435
[22:22:00.732] [SEVERE ] setting player 1 freeze to -9461
[22:22:00.758] [SEVERE ] setting player 1 freeze to -9487
[22:22:00.783] [SEVERE ] setting player 1 freeze to -9512
[22:22:00.809] [SEVERE ] setting player 1 freeze to -9538
[22:22:00.835] [SEVERE ] setting player 1 freeze to -9564
[22:22:00.860] [SEVERE ] setting player 1 freeze to -9589
[22:22:00.886] [SEVERE ] setting player 1 freeze to -9615
[22:22:00.912] [SEVERE ] setting player 1 freeze to -9641
[22:22:00.938] [SEVERE ] setting player 1 freeze to -9667
[22:22:00.964] [SEVERE ] setting player 1 freeze to -9693
[22:22:00.991] [SEVERE ] setting player 1 freeze to -9720
[22:22:01.017] [SEVERE ] setting player 1 freeze to -9746
[22:22:01.043] [SEVERE ] setting player 1 freeze to -9772
[22:22:01.069] [SEVERE ] setting player 1 freeze to -9798
[22:22:01.096] [SEVERE ] setting player 1 freeze to -9825
[22:22:01.122] [SEVERE ] setting player 1 freeze to -9851
[22:22:01.149] [SEVERE ] setting player 1 freeze to -9878
[22:22:01.177] [SEVERE ] setting player 1 freeze to -9906
[22:22:01.204] [SEVERE ] setting player 1 freeze to -9933
[22:22:01.230] [SEVERE ] setting player 1 freeze to -9959
[22:22:01.256] [SEVERE ] setting player 1 freeze to -9985
[22:22:01.284] [SEVERE ] setting player 1 freeze to -10012
[22:22:01.310] [SEVERE ] setting player 1 freeze to -10039
[22:22:01.337] [SEVERE ] setting player 1 freeze to -10066
[22:22:01.363] [SEVERE ] setting player 1 freeze to -10092
[22:22:01.389] [SEVERE ] setting player 1 freeze to -10118
[22:22:01.433] [SEVERE ] setting player 1 freeze to -10162
[22:22:01.459] [SEVERE ] setting player 1 freeze to -10188
[22:22:01.485] [SEVERE ] setting player 1 freeze to -10214
[22:22:01.512] [SEVERE ] setting player 1 freeze to -10241
[22:22:01.539] [SEVERE ] setting player 1 freeze to -10268
[22:22:01.565] [SEVERE ] setting player 1 freeze to -10294
[22:22:01.592] [SEVERE ] setting player 1 freeze to -10321
[22:22:01.618] [SEVERE ] setting player 1 freeze to -10347
[22:22:01.644] [SEVERE ] setting player 1 freeze to -10373
[22:22:01.671] [SEVERE ] setting player 1 freeze to -10400
[22:22:01.697] [SEVERE ] setting player 1 freeze to -10426
[22:22:01.723] [SEVERE ] setting player 1 freeze to -10452
[22:22:01.749] [SEVERE ] setting player 1 freeze to -10478
[22:22:01.776] [SEVERE ] setting player 1 freeze to -10505
[22:22:01.802] [SEVERE ] setting player 1 freeze to -10531
[22:22:01.828] [SEVERE ] setting player 1 freeze to -10557
[22:22:01.854] [SEVERE ] setting player 1 freeze to -10583
[22:22:01.880] [SEVERE ] setting player 1 freeze to -10609
[22:22:01.906] [SEVERE ] setting player 1 freeze to -10635
[22:22:01.932] [SEVERE ] setting player 1 freeze to -10661
[22:22:01.958] [SEVERE ] setting player 1 freeze to -10687
[22:22:01.984] [SEVERE ] setting player 1 freeze to -10713
[22:22:02.010] [SEVERE ] setting player 1 freeze to -10739
[22:22:02.037] [SEVERE ] setting player 1 freeze to -10766
[22:22:02.064] [SEVERE ] setting player 1 freeze to -10793
[22:22:02.091] [SEVERE ] setting player 1 freeze to -10820
[22:22:02.117] [SEVERE ] setting player 1 freeze to -10846
[22:22:02.143] [SEVERE ] setting player 1 freeze to -10872
[22:22:02.169] [SEVERE ] setting player 1 freeze to -10898
[22:22:02.196] [SEVERE ] setting player 1 freeze to -10925
[22:22:02.223] [SEVERE ] setting player 1 freeze to -10952
[22:22:02.249] [SEVERE ] setting player 1 freeze to -10978
[22:22:02.276] [SEVERE ] setting player 1 freeze to -11005
[22:22:02.303] [SEVERE ] setting player 1 freeze to -11032
[22:22:02.331] [SEVERE ] setting player 1 freeze to -11060
[22:22:02.358] [SEVERE ] setting player 1 freeze to -11087
[22:22:02.391] [SEVERE ] setting player 1 freeze to -11120
[22:22:02.416] [SEVERE ] setting player 1 freeze to -11145
[22:22:02.442] [SEVERE ] setting player 1 freeze to -11171
[22:22:02.469] [SEVERE ] setting player 1 freeze to -11198
[22:22:02.495] [SEVERE ] setting player 1 freeze to -11224
[22:22:02.521] [SEVERE ] setting player 1 freeze to -11250
[22:22:02.547] [SEVERE ] setting player 1 freeze to -11276
[22:22:02.574] [SEVERE ] setting player 1 freeze to -11303
[22:22:02.600] [SEVERE ] setting player 1 freeze to -11329
[22:22:02.628] [SEVERE ] setting player 1 freeze to -11357
[22:22:02.655] [SEVERE ] setting player 1 freeze to -11384
[22:22:02.682] [SEVERE ] setting player 1 freeze to -11411
[22:22:02.708] [SEVERE ] setting player 1 freeze to -11437
[22:22:02.734] [SEVERE ] setting player 1 freeze to -11463
[22:22:02.762] [SEVERE ] setting player 1 freeze to -11491
[22:22:02.788] [SEVERE ] setting player 1 freeze to -11517
[22:22:02.815] [SEVERE ] setting player 1 freeze to -11544
[22:22:02.841] [SEVERE ] setting player 1 freeze to -11570
[22:22:02.867] [SEVERE ] setting player 1 freeze to -11596
[22:22:02.893] [SEVERE ] setting player 1 freeze to -11622
[22:22:02.919] [SEVERE ] setting player 1 freeze to -11648
[22:22:02.945] [SEVERE ] setting player 1 freeze to -11674
[22:22:02.971] [SEVERE ] setting player 1 freeze to -11700
[22:22:02.997] [SEVERE ] setting player 1 freeze to -11726
[22:22:03.023] [SEVERE ] setting player 1 freeze to -11752
[22:22:03.049] [SEVERE ] setting player 1 freeze to -11778
[22:22:03.075] [SEVERE ] setting player 1 freeze to -11804
[22:22:03.101] [SEVERE ] setting player 1 freeze to -11830
[22:22:03.127] [SEVERE ] setting player 1 freeze to -11856
[22:22:03.153] [SEVERE ] setting player 1 freeze to -11882
[22:22:03.179] [SEVERE ] setting player 1 freeze to -11908
[22:22:03.205] [SEVERE ] setting player 1 freeze to -11934
[22:22:03.231] [SEVERE ] setting player 1 freeze to -11960
[22:22:03.258] [SEVERE ] setting player 1 freeze to -11987
[22:22:03.284] [SEVERE ] setting player 1 freeze to -12013
[22:22:03.310] [SEVERE ] setting player 1 freeze to -12039
[22:22:03.336] [SEVERE ] setting player 1 freeze to -12065
[22:22:03.362] [SEVERE ] setting player 1 freeze to -12091
[22:22:03.389] [SEVERE ] setting player 1 freeze to -12118
[22:22:03.415] [SEVERE ] setting player 1 freeze to -12144
[22:22:03.442] [SEVERE ] setting player 1 freeze to -12171
[22:22:03.468] [SEVERE ] setting player 1 freeze to -12197
[22:22:03.495] [SEVERE ] setting player 1 freeze to -12224
[22:22:03.521] [SEVERE ] setting player 1 freeze to -12250
[22:22:03.548] [SEVERE ] setting player 1 freeze to -12277
[22:22:03.575] [SEVERE ] setting player 1 freeze to -12304
[22:22:03.601] [SEVERE ] setting player 1 freeze to -12330
[22:22:03.627] [SEVERE ] setting player 1 freeze to -12356
[22:22:03.652] [SEVERE ] setting player 1 freeze to -12381
[22:22:03.678] [SEVERE ] setting player 1 freeze to -12407
[22:22:03.704] [SEVERE ] setting player 1 freeze to -12433
[22:22:03.732] [SEVERE ] setting player 1 freeze to -12461
[22:22:03.758] [SEVERE ] setting player 1 freeze to -12487
[22:22:03.784] [SEVERE ] setting player 1 freeze to -12513
[22:22:03.810] [SEVERE ] setting player 1 freeze to -12539
[22:22:03.836] [SEVERE ] setting player 1 freeze to -12565
[22:22:03.862] [SEVERE ] setting player 1 freeze to -12591
[22:22:03.889] [SEVERE ] setting player 1 freeze to -12618
[22:22:03.915] [SEVERE ] setting player 1 freeze to -12644
[22:22:03.941] [SEVERE ] setting player 1 freeze to -12670
[22:22:03.967] [SEVERE ] setting player 1 freeze to -12696
[22:22:03.993] [SEVERE ] setting player 1 freeze to -12722
[22:22:04.019] [SEVERE ] setting player 1 freeze to -12748
[22:22:04.045] [SEVERE ] setting player 1 freeze to -12774
[22:22:04.071] [SEVERE ] setting player 1 freeze to -12800
[22:22:04.097] [SEVERE ] setting player 1 freeze to -12826
[22:22:04.123] [SEVERE ] updating countdown to 0
[22:22:04.124] [SEVERE ] setting player 1 freeze to -12853
[22:22:04.226] [SEVERE ] removing card from slot 0
[22:22:04.327] [SEVERE ] removing card from slot 1
[22:22:04.428] [SEVERE ] removing card from slot 2
[22:22:04.529] [SEVERE ] removing card from slot 3
[22:22:04.631] [SEVERE ] removing card from slot 4
[22:22:04.732] [SEVERE ] removing card from slot 5
[22:22:04.833] [SEVERE ] removing card from slot 6
[22:22:04.935] [SEVERE ] removing card from slot 7
[22:22:05.036] [SEVERE ] removing card from slot 8
[22:22:05.137] [SEVERE ] removing card from slot 9
[22:22:05.238] [SEVERE ] removing card from slot 10
[22:22:05.339] [SEVERE ] removing card from slot 11
[22:22:05.440] [SEVERE ] placing card 0 in slot 0
[22:22:05.541] [SEVERE ] placing card 1 in slot 1
[22:22:05.641] [SEVERE ] placing card 13 in slot 2
[22:22:05.742] [SEVERE ] placing card 12 in slot 3
[22:22:05.843] [SEVERE ] placing card 10 in slot 4
[22:22:05.944] [SEVERE ] placing card 5 in slot 5
[22:22:06.046] [SEVERE ] placing card 4 in slot 6
[22:22:06.146] [SEVERE ] placing card 7 in slot 7
[22:22:06.247] [SEVERE ] placing card 9 in slot 8
[22:22:06.348] [SEVERE ] placing card 11 in slot 9
[22:22:06.449] [SEVERE ] placing card 8 in slot 10
[22:22:06.505] [SEVERE ] exit button pressed
[22:22:06.506] [INFO   ] thread Thread-1 terminated.
[22:22:06.550] [SEVERE ] placing card 3 in slot 11
[22:22:06.650] [SEVERE ] removing card from slot 0
[22:22:06.751] [SEVERE ] removing card from slot 1
[22:22:06.851] [SEVERE ] removing card from slot 2
[22:22:06.952] [SEVERE ] removing card from slot 3
[22:22:07.053] [SEVERE ] removing card from slot 4
[22:22:07.153] [SEVERE ] removing card from slot 5
[22:22:07.254] [SEVERE ] removing card from slot 6
[22:22:07.354] [SEVERE ] removing card from slot 7
[22:22:07.455] [SEVERE ] removing card from slot 8
[22:22:07.556] [SEVERE ] removing card from slot 9
[22:22:07.658] [SEVERE ] removing card from slot 10
[22:22:07.759] [SEVERE ] removing card from slot 11
[22:22:07.763] [SEVERE ] announcing winner(s): player 1
[22:22:07.764] [INFO   ] thread dealer terminated.
[22:22:07.764] [INFO   ] thread dealer terminated.
[22:22:07.764] [SEVERE ] thanks for playing... it was fun!
[22:22:07.764] [INFO   ] thread bguspl.set.Main.main() terminated.
