[23:25:02.737] [INFO   ] thread bguspl.set.Main.main() starting.
[23:25:02.750] [SEVERE ] cannot read configuration file config.properties trying from resources.
[23:25:02.758] [SEVERE ] configuration file was loaded from resources directory.
[23:25:03.977] [INFO   ] thread dealer starting.
[23:25:03.978] [INFO   ] thread dealer starting.
[23:25:03.981] [INFO   ] thread Thread-2 starting.
[23:25:03.981] [INFO   ] thread Thread-1 starting.
[23:25:04.089] [SEVERE ] placing card 10 in slot 0
[23:25:04.191] [SEVERE ] placing card 7 in slot 1
[23:25:04.312] [SEVERE ] placing card 12 in slot 2
[23:25:04.414] [SEVERE ] placing card 20 in slot 3
[23:25:04.516] [SEVERE ] placing card 14 in slot 4
[23:25:04.618] [SEVERE ] placing card 17 in slot 5
[23:25:04.725] [SEVERE ] placing card 1 in slot 6
[23:25:04.827] [SEVERE ] placing card 11 in slot 7
[23:25:04.944] [SEVERE ] placing card 9 in slot 8
[23:25:05.045] [SEVERE ] placing card 6 in slot 9
[23:25:05.147] [SEVERE ] placing card 18 in slot 10
[23:25:05.248] [SEVERE ] placing card 8 in slot 11
[23:25:05.275] [SEVERE ] updating countdown to 59975
[23:25:05.303] [SEVERE ] updating countdown to 59947
[23:25:05.329] [SEVERE ] updating countdown to 59921
[23:25:05.356] [SEVERE ] updating countdown to 59894
[23:25:05.383] [SEVERE ] updating countdown to 59868
[23:25:05.432] [SEVERE ] updating countdown to 59818
[23:25:05.457] [SEVERE ] updating countdown to 59793
[23:25:05.483] [SEVERE ] updating countdown to 59767
[23:25:05.509] [SEVERE ] updating countdown to 59741
[23:25:05.546] [SEVERE ] updating countdown to 59705
[23:25:05.571] [SEVERE ] updating countdown to 59679
[23:25:05.598] [SEVERE ] updating countdown to 59652
[23:25:05.625] [SEVERE ] updating countdown to 59625
[23:25:05.651] [SEVERE ] updating countdown to 59599
[23:25:05.677] [SEVERE ] updating countdown to 59573
[23:25:05.703] [SEVERE ] updating countdown to 59547
[23:25:05.730] [SEVERE ] updating countdown to 59520
[23:25:05.757] [SEVERE ] updating countdown to 59493
[23:25:05.785] [SEVERE ] updating countdown to 59465
[23:25:05.812] [SEVERE ] updating countdown to 59438
[23:25:05.838] [SEVERE ] updating countdown to 59412
[23:25:05.894] [SEVERE ] updating countdown to 59356
[23:25:05.920] [SEVERE ] updating countdown to 59330
[23:25:05.947] [SEVERE ] updating countdown to 59303
[23:25:05.976] [SEVERE ] updating countdown to 59274
[23:25:06.003] [SEVERE ] updating countdown to 59247
[23:25:06.087] [SEVERE ] updating countdown to 59163
[23:25:06.113] [SEVERE ] updating countdown to 59137
[23:25:06.140] [SEVERE ] updating countdown to 59111
[23:25:06.173] [SEVERE ] updating countdown to 59077
[23:25:06.200] [SEVERE ] updating countdown to 59050
[23:25:06.227] [SEVERE ] updating countdown to 59023
[23:25:06.299] [SEVERE ] updating countdown to 58951
[23:25:06.325] [SEVERE ] updating countdown to 58925
[23:25:06.352] [SEVERE ] updating countdown to 58899
[23:25:06.378] [SEVERE ] updating countdown to 58872
[23:25:06.437] [SEVERE ] updating countdown to 58813
[23:25:06.464] [SEVERE ] updating countdown to 58786
[23:25:06.490] [SEVERE ] updating countdown to 58760
[23:25:06.517] [SEVERE ] updating countdown to 58733
[23:25:06.547] [SEVERE ] updating countdown to 58703
[23:25:06.586] [SEVERE ] updating countdown to 58664
[23:25:06.614] [SEVERE ] updating countdown to 58636
[23:25:06.640] [SEVERE ] updating countdown to 58610
[23:25:06.672] [SEVERE ] updating countdown to 58578
[23:25:06.699] [SEVERE ] updating countdown to 58552
[23:25:06.725] [SEVERE ] updating countdown to 58525
[23:25:06.752] [SEVERE ] updating countdown to 58498
[23:25:06.779] [SEVERE ] updating countdown to 58471
[23:25:06.823] [SEVERE ] updating countdown to 58427
[23:25:06.849] [SEVERE ] updating countdown to 58401
[23:25:06.876] [SEVERE ] updating countdown to 58374
[23:25:06.902] [SEVERE ] updating countdown to 58348
[23:25:06.953] [SEVERE ] updating countdown to 58297
[23:25:06.979] [SEVERE ] updating countdown to 58271
[23:25:07.005] [SEVERE ] updating countdown to 58245
[23:25:07.031] [SEVERE ] updating countdown to 58219
[23:25:07.057] [SEVERE ] updating countdown to 58193
[23:25:07.083] [SEVERE ] updating countdown to 58167
[23:25:07.109] [SEVERE ] updating countdown to 58141
[23:25:07.136] [SEVERE ] updating countdown to 58114
[23:25:07.163] [SEVERE ] updating countdown to 58087
[23:25:07.189] [SEVERE ] updating countdown to 58061
[23:25:07.216] [SEVERE ] updating countdown to 58035
[23:25:07.242] [SEVERE ] updating countdown to 58008
[23:25:07.269] [SEVERE ] updating countdown to 57981
[23:25:07.296] [SEVERE ] updating countdown to 57954
[23:25:07.327] [SEVERE ] updating countdown to 57923
[23:25:07.353] [SEVERE ] updating countdown to 57897
[23:25:07.379] [SEVERE ] updating countdown to 57871
[23:25:07.406] [SEVERE ] updating countdown to 57844
[23:25:07.432] [SEVERE ] updating countdown to 57818
[23:25:07.458] [SEVERE ] updating countdown to 57792
[23:25:07.502] [SEVERE ] updating countdown to 57748
[23:25:07.529] [SEVERE ] updating countdown to 57721
[23:25:07.557] [SEVERE ] updating countdown to 57693
[23:25:07.583] [SEVERE ] updating countdown to 57667
[23:25:07.616] [SEVERE ] updating countdown to 57634
[23:25:07.657] [SEVERE ] updating countdown to 57593
[23:25:07.684] [SEVERE ] updating countdown to 57566
[23:25:07.711] [SEVERE ] updating countdown to 57540
[23:25:07.737] [SEVERE ] updating countdown to 57513
[23:25:07.768] [SEVERE ] updating countdown to 57482
[23:25:07.794] [SEVERE ] updating countdown to 57456
[23:25:07.820] [SEVERE ] updating countdown to 57430
[23:25:07.847] [SEVERE ] updating countdown to 57403
[23:25:07.877] [SEVERE ] updating countdown to 57374
[23:25:07.906] [SEVERE ] updating countdown to 57345
[23:25:07.932] [SEVERE ] updating countdown to 57318
[23:25:07.959] [SEVERE ] updating countdown to 57291
[23:25:07.988] [SEVERE ] updating countdown to 57262
[23:25:08.014] [SEVERE ] updating countdown to 57236
[23:25:08.040] [SEVERE ] updating countdown to 57210
[23:25:08.067] [SEVERE ] updating countdown to 57183
[23:25:08.094] [SEVERE ] updating countdown to 57156
[23:25:08.120] [SEVERE ] updating countdown to 57130
[23:25:08.153] [SEVERE ] updating countdown to 57097
[23:25:08.180] [SEVERE ] updating countdown to 57070
[23:25:08.207] [SEVERE ] updating countdown to 57043
[23:25:08.240] [SEVERE ] updating countdown to 57010
[23:25:08.266] [SEVERE ] updating countdown to 56984
[23:25:08.293] [SEVERE ] updating countdown to 56957
[23:25:08.338] [SEVERE ] updating countdown to 56912
[23:25:08.365] [SEVERE ] updating countdown to 56885
[23:25:08.392] [SEVERE ] updating countdown to 56858
[23:25:08.419] [SEVERE ] updating countdown to 56831
[23:25:08.454] [SEVERE ] updating countdown to 56796
[23:25:08.480] [SEVERE ] updating countdown to 56770
[23:25:08.546] [SEVERE ] updating countdown to 56704
[23:25:08.572] [SEVERE ] updating countdown to 56678
[23:25:08.598] [SEVERE ] updating countdown to 56652
[23:25:08.625] [SEVERE ] updating countdown to 56625
[23:25:08.650] [SEVERE ] updating countdown to 56600
[23:25:08.677] [SEVERE ] updating countdown to 56573
[23:25:08.750] [SEVERE ] updating countdown to 56500
[23:25:08.776] [SEVERE ] updating countdown to 56474
[23:25:08.802] [SEVERE ] updating countdown to 56448
[23:25:08.831] [SEVERE ] updating countdown to 56419
[23:25:08.858] [SEVERE ] updating countdown to 56392
[23:25:08.885] [SEVERE ] updating countdown to 56365
[23:25:08.918] [SEVERE ] updating countdown to 56332
[23:25:08.960] [SEVERE ] updating countdown to 56290
[23:25:08.987] [SEVERE ] updating countdown to 56264
[23:25:09.014] [SEVERE ] updating countdown to 56236
[23:25:09.039] [SEVERE ] updating countdown to 56211
[23:25:09.066] [SEVERE ] updating countdown to 56184
[23:25:09.092] [SEVERE ] updating countdown to 56158
[23:25:09.117] [SEVERE ] updating countdown to 56133
[23:25:09.143] [SEVERE ] updating countdown to 56107
[23:25:09.175] [SEVERE ] updating countdown to 56075
[23:25:09.201] [SEVERE ] updating countdown to 56049
[23:25:09.243] [SEVERE ] updating countdown to 56007
[23:25:09.269] [SEVERE ] updating countdown to 55981
[23:25:09.295] [SEVERE ] updating countdown to 55955
[23:25:09.321] [SEVERE ] updating countdown to 55929
[23:25:09.353] [SEVERE ] updating countdown to 55897
[23:25:09.379] [SEVERE ] updating countdown to 55871
[23:25:09.406] [SEVERE ] updating countdown to 55844
[23:25:09.432] [SEVERE ] updating countdown to 55818
[23:25:09.459] [SEVERE ] updating countdown to 55791
[23:25:09.547] [SEVERE ] updating countdown to 55703
[23:25:09.573] [SEVERE ] updating countdown to 55677
[23:25:09.601] [SEVERE ] updating countdown to 55649
[23:25:09.627] [SEVERE ] updating countdown to 55623
[23:25:09.657] [SEVERE ] updating countdown to 55593
[23:25:09.685] [SEVERE ] updating countdown to 55565
[23:25:09.714] [SEVERE ] updating countdown to 55536
[23:25:09.740] [SEVERE ] updating countdown to 55510
[23:25:09.767] [SEVERE ] updating countdown to 55483
[23:25:09.794] [SEVERE ] updating countdown to 55456
[23:25:09.820] [SEVERE ] updating countdown to 55430
[23:25:09.846] [SEVERE ] updating countdown to 55404
[23:25:09.872] [SEVERE ] updating countdown to 55378
[23:25:09.900] [SEVERE ] updating countdown to 55350
[23:25:09.926] [SEVERE ] updating countdown to 55325
[23:25:09.983] [SEVERE ] updating countdown to 55267
[23:25:10.010] [SEVERE ] updating countdown to 55240
[23:25:10.039] [SEVERE ] updating countdown to 55211
[23:25:10.070] [SEVERE ] updating countdown to 55180
[23:25:10.096] [SEVERE ] updating countdown to 55154
[23:25:10.122] [SEVERE ] updating countdown to 55128
[23:25:10.149] [SEVERE ] updating countdown to 55101
[23:25:10.176] [SEVERE ] updating countdown to 55074
[23:25:10.203] [SEVERE ] updating countdown to 55047
[23:25:10.253] [SEVERE ] updating countdown to 54997
[23:25:10.280] [SEVERE ] updating countdown to 54970
[23:25:10.306] [SEVERE ] updating countdown to 54944
[23:25:10.333] [SEVERE ] updating countdown to 54917
[23:25:10.359] [SEVERE ] updating countdown to 54891
[23:25:10.385] [SEVERE ] updating countdown to 54865
[23:25:10.410] [SEVERE ] updating countdown to 54840
[23:25:10.436] [SEVERE ] updating countdown to 54814
[23:25:10.463] [SEVERE ] updating countdown to 54787
[23:25:10.498] [SEVERE ] updating countdown to 54752
[23:25:10.524] [SEVERE ] updating countdown to 54726
[23:25:10.550] [SEVERE ] updating countdown to 54700
[23:25:10.576] [SEVERE ] updating countdown to 54674
[23:25:10.603] [SEVERE ] updating countdown to 54647
[23:25:10.676] [SEVERE ] updating countdown to 54574
[23:25:10.702] [SEVERE ] updating countdown to 54548
[23:25:10.728] [SEVERE ] updating countdown to 54522
[23:25:10.760] [SEVERE ] updating countdown to 54490
[23:25:10.798] [SEVERE ] updating countdown to 54452
[23:25:10.830] [SEVERE ] updating countdown to 54420
[23:25:10.856] [SEVERE ] updating countdown to 54394
[23:25:10.886] [SEVERE ] updating countdown to 54364
[23:25:10.913] [SEVERE ] updating countdown to 54337
[23:25:10.939] [SEVERE ] updating countdown to 54311
[23:25:10.965] [SEVERE ] updating countdown to 54285
[23:25:10.992] [SEVERE ] updating countdown to 54258
[23:25:11.018] [SEVERE ] updating countdown to 54232
[23:25:11.045] [SEVERE ] updating countdown to 54205
[23:25:11.071] [SEVERE ] updating countdown to 54179
[23:25:11.097] [SEVERE ] updating countdown to 54153
[23:25:11.124] [SEVERE ] updating countdown to 54126
[23:25:11.154] [SEVERE ] updating countdown to 54096
[23:25:11.207] [SEVERE ] updating countdown to 54044
[23:25:11.232] [SEVERE ] updating countdown to 54018
[23:25:11.258] [SEVERE ] updating countdown to 53992
[23:25:11.285] [SEVERE ] updating countdown to 53965
[23:25:11.336] [SEVERE ] updating countdown to 53914
[23:25:11.362] [SEVERE ] updating countdown to 53888
[23:25:11.396] [SEVERE ] updating countdown to 53854
[23:25:11.422] [SEVERE ] updating countdown to 53828
[23:25:11.449] [SEVERE ] updating countdown to 53801
[23:25:11.527] [SEVERE ] updating countdown to 53723
[23:25:11.553] [SEVERE ] updating countdown to 53697
[23:25:11.580] [SEVERE ] updating countdown to 53670
[23:25:11.626] [SEVERE ] updating countdown to 53624
[23:25:11.652] [SEVERE ] updating countdown to 53598
[23:25:11.678] [SEVERE ] updating countdown to 53572
[23:25:11.705] [SEVERE ] updating countdown to 53545
[23:25:11.731] [SEVERE ] updating countdown to 53519
[23:25:11.758] [SEVERE ] updating countdown to 53492
[23:25:11.789] [SEVERE ] updating countdown to 53461
[23:25:11.816] [SEVERE ] updating countdown to 53434
[23:25:11.843] [SEVERE ] updating countdown to 53407
[23:25:11.869] [SEVERE ] updating countdown to 53381
[23:25:11.932] [SEVERE ] updating countdown to 53318
[23:25:11.959] [SEVERE ] updating countdown to 53291
[23:25:11.985] [SEVERE ] updating countdown to 53265
[23:25:12.014] [SEVERE ] updating countdown to 53236
[23:25:12.040] [SEVERE ] updating countdown to 53210
[23:25:12.072] [SEVERE ] updating countdown to 53178
[23:25:12.111] [SEVERE ] updating countdown to 53139
[23:25:12.137] [SEVERE ] updating countdown to 53113
[23:25:12.163] [SEVERE ] updating countdown to 53087
[23:25:12.196] [SEVERE ] updating countdown to 53054
[23:25:12.222] [SEVERE ] updating countdown to 53028
[23:25:12.248] [SEVERE ] updating countdown to 53002
[23:25:12.274] [SEVERE ] updating countdown to 52976
[23:25:12.300] [SEVERE ] updating countdown to 52951
[23:25:12.329] [SEVERE ] updating countdown to 52921
[23:25:12.355] [SEVERE ] updating countdown to 52895
[23:25:12.381] [SEVERE ] updating countdown to 52869
[23:25:12.407] [SEVERE ] updating countdown to 52843
[23:25:12.433] [SEVERE ] updating countdown to 52817
[23:25:12.459] [SEVERE ] updating countdown to 52791
[23:25:12.485] [SEVERE ] updating countdown to 52765
[23:25:12.511] [SEVERE ] updating countdown to 52739
[23:25:12.570] [SEVERE ] updating countdown to 52680
[23:25:12.602] [SEVERE ] updating countdown to 52648
[23:25:12.628] [SEVERE ] updating countdown to 52623
[23:25:12.654] [SEVERE ] updating countdown to 52596
[23:25:12.680] [SEVERE ] updating countdown to 52570
[23:25:12.719] [SEVERE ] updating countdown to 52531
[23:25:12.768] [SEVERE ] updating countdown to 52482
[23:25:12.794] [SEVERE ] updating countdown to 52456
[23:25:12.820] [SEVERE ] updating countdown to 52430
[23:25:12.847] [SEVERE ] updating countdown to 52404
[23:25:12.878] [SEVERE ] updating countdown to 52372
[23:25:12.904] [SEVERE ] updating countdown to 52346
[23:25:12.971] [SEVERE ] updating countdown to 52279
[23:25:12.997] [SEVERE ] updating countdown to 52253
[23:25:13.023] [SEVERE ] updating countdown to 52227
[23:25:13.058] [SEVERE ] updating countdown to 52193
[23:25:13.086] [SEVERE ] updating countdown to 52165
[23:25:13.113] [SEVERE ] updating countdown to 52137
[23:25:13.165] [SEVERE ] updating countdown to 52085
[23:25:13.193] [SEVERE ] updating countdown to 52057
[23:25:13.219] [SEVERE ] updating countdown to 52031
[23:25:13.245] [SEVERE ] updating countdown to 52005
[23:25:13.272] [SEVERE ] updating countdown to 51978
[23:25:13.308] [SEVERE ] updating countdown to 51942
[23:25:13.348] [SEVERE ] updating countdown to 51902
[23:25:13.391] [SEVERE ] updating countdown to 51859
[23:25:13.416] [SEVERE ] updating countdown to 51834
[23:25:13.442] [SEVERE ] updating countdown to 51808
[23:25:13.468] [SEVERE ] updating countdown to 51782
[23:25:13.493] [SEVERE ] updating countdown to 51757
[23:25:13.519] [SEVERE ] updating countdown to 51731
[23:25:13.613] [SEVERE ] updating countdown to 51637
[23:25:13.639] [SEVERE ] updating countdown to 51611
[23:25:13.666] [SEVERE ] updating countdown to 51584
[23:25:13.693] [SEVERE ] updating countdown to 51557
[23:25:13.719] [SEVERE ] updating countdown to 51531
[23:25:13.745] [SEVERE ] updating countdown to 51505
[23:25:13.785] [SEVERE ] updating countdown to 51465
[23:25:13.811] [SEVERE ] updating countdown to 51439
[23:25:13.837] [SEVERE ] updating countdown to 51413
[23:25:13.866] [SEVERE ] updating countdown to 51384
[23:25:13.892] [SEVERE ] updating countdown to 51358
[23:25:13.919] [SEVERE ] updating countdown to 51331
[23:25:13.946] [SEVERE ] updating countdown to 51304
[23:25:13.972] [SEVERE ] updating countdown to 51278
[23:25:13.998] [SEVERE ] updating countdown to 51252
[23:25:14.025] [SEVERE ] updating countdown to 51225
[23:25:14.052] [SEVERE ] updating countdown to 51198
[23:25:14.078] [SEVERE ] updating countdown to 51172
[23:25:14.104] [SEVERE ] updating countdown to 51146
[23:25:14.141] [SEVERE ] updating countdown to 51109
[23:25:14.167] [SEVERE ] updating countdown to 51083
[23:25:14.194] [SEVERE ] updating countdown to 51056
[23:25:14.220] [SEVERE ] updating countdown to 51030
[23:25:14.247] [SEVERE ] updating countdown to 51003
[23:25:14.279] [SEVERE ] updating countdown to 50971
[23:25:14.306] [SEVERE ] updating countdown to 50944
[23:25:14.332] [SEVERE ] updating countdown to 50918
[23:25:14.358] [SEVERE ] updating countdown to 50892
[23:25:14.386] [SEVERE ] updating countdown to 50864
[23:25:14.414] [SEVERE ] updating countdown to 50836
[23:25:14.443] [SEVERE ] updating countdown to 50807
[23:25:14.469] [SEVERE ] updating countdown to 50781
[23:25:14.495] [SEVERE ] updating countdown to 50755
[23:25:14.523] [SEVERE ] updating countdown to 50727
[23:25:14.549] [SEVERE ] updating countdown to 50701
[23:25:14.576] [SEVERE ] updating countdown to 50674
[23:25:14.630] [SEVERE ] updating countdown to 50620
[23:25:14.657] [SEVERE ] updating countdown to 50593
[23:25:14.683] [SEVERE ] updating countdown to 50567
[23:25:14.718] [SEVERE ] updating countdown to 50532
[23:25:14.749] [SEVERE ] updating countdown to 50501
[23:25:14.775] [SEVERE ] updating countdown to 50475
[23:25:14.812] [SEVERE ] updating countdown to 50438
[23:25:14.838] [SEVERE ] updating countdown to 50412
[23:25:14.865] [SEVERE ] updating countdown to 50385
[23:25:14.894] [SEVERE ] updating countdown to 50356
[23:25:14.935] [SEVERE ] updating countdown to 50315
[23:25:14.962] [SEVERE ] updating countdown to 50288
[23:25:15.003] [SEVERE ] updating countdown to 50247
[23:25:15.030] [SEVERE ] updating countdown to 50220
[23:25:15.056] [SEVERE ] updating countdown to 50194
[23:25:15.082] [SEVERE ] updating countdown to 50168
[23:25:15.112] [SEVERE ] updating countdown to 50138
[23:25:15.140] [SEVERE ] updating countdown to 50110
[23:25:15.167] [SEVERE ] updating countdown to 50083
[23:25:15.219] [SEVERE ] updating countdown to 50031
[23:25:15.245] [SEVERE ] updating countdown to 50005
[23:25:15.271] [SEVERE ] updating countdown to 49979
[23:25:15.299] [SEVERE ] updating countdown to 49951
[23:25:15.333] [SEVERE ] updating countdown to 49917
[23:25:15.359] [SEVERE ] updating countdown to 49891
[23:25:15.440] [SEVERE ] updating countdown to 49810
[23:25:15.466] [SEVERE ] updating countdown to 49784
[23:25:15.491] [SEVERE ] updating countdown to 49759
[23:25:15.517] [SEVERE ] updating countdown to 49733
[23:25:15.542] [SEVERE ] updating countdown to 49708
[23:25:15.568] [SEVERE ] updating countdown to 49682
[23:25:15.610] [SEVERE ] updating countdown to 49640
[23:25:15.636] [SEVERE ] updating countdown to 49614
[23:25:15.663] [SEVERE ] updating countdown to 49587
[23:25:15.716] [SEVERE ] updating countdown to 49534
[23:25:15.742] [SEVERE ] updating countdown to 49508
[23:25:15.768] [SEVERE ] updating countdown to 49482
[23:25:15.796] [SEVERE ] updating countdown to 49454
[23:25:15.822] [SEVERE ] updating countdown to 49428
[23:25:15.853] [SEVERE ] updating countdown to 49397
[23:25:15.894] [SEVERE ] updating countdown to 49356
[23:25:15.920] [SEVERE ] updating countdown to 49330
[23:25:15.948] [SEVERE ] updating countdown to 49303
[23:25:15.975] [SEVERE ] updating countdown to 49275
[23:25:16.001] [SEVERE ] updating countdown to 49249
[23:25:16.027] [SEVERE ] updating countdown to 49223
[23:25:16.056] [SEVERE ] updating countdown to 49194
[23:25:16.082] [SEVERE ] updating countdown to 49168
[23:25:16.108] [SEVERE ] updating countdown to 49142
[23:25:16.138] [SEVERE ] updating countdown to 49112
[23:25:16.167] [SEVERE ] updating countdown to 49083
[23:25:16.193] [SEVERE ] updating countdown to 49057
[23:25:16.219] [SEVERE ] updating countdown to 49031
[23:25:16.245] [SEVERE ] updating countdown to 49005
[23:25:16.271] [SEVERE ] updating countdown to 48979
[23:25:16.352] [SEVERE ] updating countdown to 48898
[23:25:16.378] [SEVERE ] updating countdown to 48872
[23:25:16.403] [SEVERE ] updating countdown to 48847
[23:25:16.430] [SEVERE ] updating countdown to 48820
[23:25:16.456] [SEVERE ] updating countdown to 48794
[23:25:16.483] [SEVERE ] updating countdown to 48767
[23:25:16.514] [SEVERE ] updating countdown to 48736
[23:25:16.540] [SEVERE ] updating countdown to 48710
[23:25:16.565] [SEVERE ] updating countdown to 48685
[23:25:16.591] [SEVERE ] updating countdown to 48659
[23:25:16.619] [SEVERE ] updating countdown to 48631
[23:25:16.656] [SEVERE ] updating countdown to 48594
[23:25:16.682] [SEVERE ] updating countdown to 48568
[23:25:16.709] [SEVERE ] updating countdown to 48541
[23:25:16.735] [SEVERE ] updating countdown to 48515
[23:25:16.762] [SEVERE ] updating countdown to 48488
[23:25:16.793] [SEVERE ] updating countdown to 48457
[23:25:16.818] [SEVERE ] updating countdown to 48432
[23:25:16.844] [SEVERE ] updating countdown to 48406
[23:25:16.869] [SEVERE ] updating countdown to 48381
[23:25:16.897] [SEVERE ] updating countdown to 48353
[23:25:16.923] [SEVERE ] updating countdown to 48327
[23:25:16.948] [SEVERE ] updating countdown to 48302
[23:25:16.974] [SEVERE ] updating countdown to 48276
[23:25:17.000] [SEVERE ] updating countdown to 48250
[23:25:17.025] [SEVERE ] updating countdown to 48225
[23:25:17.051] [SEVERE ] updating countdown to 48199
[23:25:17.077] [SEVERE ] updating countdown to 48173
[23:25:17.103] [SEVERE ] updating countdown to 48147
[23:25:17.129] [SEVERE ] updating countdown to 48121
[23:25:17.155] [SEVERE ] updating countdown to 48095
[23:25:17.180] [SEVERE ] updating countdown to 48070
[23:25:17.206] [SEVERE ] updating countdown to 48044
[23:25:17.232] [SEVERE ] updating countdown to 48018
[23:25:17.257] [SEVERE ] updating countdown to 47993
[23:25:17.283] [SEVERE ] updating countdown to 47967
[23:25:17.309] [SEVERE ] updating countdown to 47941
[23:25:17.334] [SEVERE ] updating countdown to 47916
[23:25:17.378] [SEVERE ] updating countdown to 47872
[23:25:17.404] [SEVERE ] updating countdown to 47846
[23:25:17.430] [SEVERE ] updating countdown to 47820
[23:25:17.460] [SEVERE ] updating countdown to 47790
[23:25:17.522] [SEVERE ] updating countdown to 47728
[23:25:17.548] [SEVERE ] updating countdown to 47702
[23:25:17.574] [SEVERE ] updating countdown to 47676
[23:25:17.600] [SEVERE ] updating countdown to 47650
[23:25:17.626] [SEVERE ] updating countdown to 47624
[23:25:17.651] [SEVERE ] updating countdown to 47599
[23:25:17.677] [SEVERE ] updating countdown to 47573
[23:25:17.702] [SEVERE ] updating countdown to 47548
[23:25:17.728] [SEVERE ] updating countdown to 47522
[23:25:17.756] [SEVERE ] updating countdown to 47494
[23:25:17.782] [SEVERE ] updating countdown to 47468
[23:25:17.808] [SEVERE ] updating countdown to 47442
[23:25:17.834] [SEVERE ] updating countdown to 47416
[23:25:17.860] [SEVERE ] updating countdown to 47390
[23:25:17.886] [SEVERE ] updating countdown to 47364
[23:25:17.915] [SEVERE ] updating countdown to 47335
[23:25:17.941] [SEVERE ] updating countdown to 47309
[23:25:17.967] [SEVERE ] updating countdown to 47283
[23:25:17.993] [SEVERE ] updating countdown to 47257
[23:25:18.020] [SEVERE ] updating countdown to 47230
[23:25:18.061] [SEVERE ] updating countdown to 47189
[23:25:18.089] [SEVERE ] updating countdown to 47161
[23:25:18.114] [SEVERE ] updating countdown to 47136
[23:25:18.141] [SEVERE ] updating countdown to 47109
[23:25:18.168] [SEVERE ] updating countdown to 47082
[23:25:18.194] [SEVERE ] updating countdown to 47056
[23:25:18.222] [SEVERE ] updating countdown to 47028
[23:25:18.248] [SEVERE ] updating countdown to 47002
[23:25:18.275] [SEVERE ] updating countdown to 46975
[23:25:18.306] [SEVERE ] updating countdown to 46944
[23:25:18.336] [SEVERE ] updating countdown to 46914
[23:25:18.362] [SEVERE ] updating countdown to 46888
[23:25:18.390] [SEVERE ] updating countdown to 46860
[23:25:18.417] [SEVERE ] updating countdown to 46833
[23:25:18.446] [SEVERE ] updating countdown to 46804
[23:25:18.472] [SEVERE ] updating countdown to 46778
[23:25:18.498] [SEVERE ] updating countdown to 46752
[23:25:18.524] [SEVERE ] updating countdown to 46726
[23:25:18.550] [SEVERE ] updating countdown to 46700
[23:25:18.596] [SEVERE ] updating countdown to 46654
[23:25:18.635] [SEVERE ] updating countdown to 46615
[23:25:18.661] [SEVERE ] updating countdown to 46589
[23:25:18.688] [SEVERE ] updating countdown to 46562
[23:25:18.714] [SEVERE ] updating countdown to 46536
[23:25:18.740] [SEVERE ] updating countdown to 46510
[23:25:18.766] [SEVERE ] updating countdown to 46484
[23:25:18.792] [SEVERE ] updating countdown to 46458
[23:25:18.819] [SEVERE ] updating countdown to 46431
[23:25:18.845] [SEVERE ] updating countdown to 46405
[23:25:18.871] [SEVERE ] updating countdown to 46379
[23:25:18.897] [SEVERE ] updating countdown to 46353
[23:25:18.924] [SEVERE ] updating countdown to 46326
[23:25:18.951] [SEVERE ] updating countdown to 46299
[23:25:18.978] [SEVERE ] updating countdown to 46272
[23:25:19.018] [SEVERE ] updating countdown to 46232
[23:25:19.044] [SEVERE ] updating countdown to 46206
[23:25:19.071] [SEVERE ] updating countdown to 46179
[23:25:19.097] [SEVERE ] updating countdown to 46153
[23:25:19.151] [SEVERE ] updating countdown to 46099
[23:25:19.187] [SEVERE ] updating countdown to 46063
[23:25:19.213] [SEVERE ] updating countdown to 46037
[23:25:19.240] [SEVERE ] updating countdown to 46010
[23:25:19.266] [SEVERE ] updating countdown to 45984
[23:25:19.302] [SEVERE ] updating countdown to 45948
[23:25:19.328] [SEVERE ] updating countdown to 45922
[23:25:19.355] [SEVERE ] updating countdown to 45895
[23:25:19.382] [SEVERE ] updating countdown to 45868
[23:25:19.408] [SEVERE ] updating countdown to 45842
[23:25:19.434] [SEVERE ] updating countdown to 45816
[23:25:19.505] [SEVERE ] updating countdown to 45745
[23:25:19.531] [SEVERE ] updating countdown to 45719
[23:25:19.558] [SEVERE ] updating countdown to 45692
[23:25:19.588] [SEVERE ] updating countdown to 45662
[23:25:19.614] [SEVERE ] updating countdown to 45636
[23:25:19.640] [SEVERE ] updating countdown to 45610
[23:25:19.671] [SEVERE ] updating countdown to 45579
[23:25:19.698] [SEVERE ] updating countdown to 45552
[23:25:19.723] [SEVERE ] updating countdown to 45527
[23:25:19.750] [SEVERE ] updating countdown to 45500
[23:25:19.777] [SEVERE ] updating countdown to 45473
[23:25:19.805] [SEVERE ] updating countdown to 45445
[23:25:19.831] [SEVERE ] updating countdown to 45420
[23:25:19.856] [SEVERE ] updating countdown to 45394
[23:25:19.882] [SEVERE ] updating countdown to 45368
[23:25:19.908] [SEVERE ] updating countdown to 45342
[23:25:19.934] [SEVERE ] updating countdown to 45316
[23:25:19.961] [SEVERE ] updating countdown to 45289
[23:25:19.990] [SEVERE ] updating countdown to 45260
[23:25:20.016] [SEVERE ] updating countdown to 45234
[23:25:20.043] [SEVERE ] updating countdown to 45207
[23:25:20.069] [SEVERE ] updating countdown to 45181
[23:25:20.095] [SEVERE ] updating countdown to 45155
[23:25:20.167] [SEVERE ] updating countdown to 45083
[23:25:20.193] [SEVERE ] updating countdown to 45057
[23:25:20.219] [SEVERE ] updating countdown to 45031
[23:25:20.245] [SEVERE ] updating countdown to 45005
[23:25:20.279] [SEVERE ] updating countdown to 44971
[23:25:20.306] [SEVERE ] updating countdown to 44944
[23:25:20.332] [SEVERE ] updating countdown to 44918
[23:25:20.358] [SEVERE ] updating countdown to 44892
[23:25:20.386] [SEVERE ] updating countdown to 44864
[23:25:20.413] [SEVERE ] updating countdown to 44837
[23:25:20.438] [SEVERE ] updating countdown to 44812
[23:25:20.479] [SEVERE ] updating countdown to 44771
[23:25:20.505] [SEVERE ] updating countdown to 44745
[23:25:20.531] [SEVERE ] updating countdown to 44719
[23:25:20.557] [SEVERE ] updating countdown to 44693
[23:25:20.584] [SEVERE ] updating countdown to 44666
[23:25:20.610] [SEVERE ] updating countdown to 44640
[23:25:20.637] [SEVERE ] updating countdown to 44613
[23:25:20.664] [SEVERE ] updating countdown to 44586
[23:25:20.695] [SEVERE ] updating countdown to 44555
[23:25:20.721] [SEVERE ] updating countdown to 44529
[23:25:20.748] [SEVERE ] updating countdown to 44502
[23:25:20.775] [SEVERE ] updating countdown to 44475
[23:25:20.839] [SEVERE ] updating countdown to 44411
[23:25:20.877] [SEVERE ] updating countdown to 44373
[23:25:20.904] [SEVERE ] updating countdown to 44346
[23:25:20.930] [SEVERE ] updating countdown to 44320
[23:25:20.959] [SEVERE ] updating countdown to 44291
[23:25:20.986] [SEVERE ] updating countdown to 44264
[23:25:21.014] [SEVERE ] updating countdown to 44236
[23:25:21.067] [SEVERE ] updating countdown to 44183
[23:25:21.093] [SEVERE ] updating countdown to 44157
[23:25:21.120] [SEVERE ] updating countdown to 44130
[23:25:21.146] [SEVERE ] updating countdown to 44104
[23:25:21.173] [SEVERE ] updating countdown to 44077
[23:25:21.200] [SEVERE ] updating countdown to 44050
[23:25:21.226] [SEVERE ] updating countdown to 44024
[23:25:21.251] [SEVERE ] updating countdown to 43999
[23:25:21.277] [SEVERE ] updating countdown to 43973
[23:25:21.284] [SEVERE ] key 88 was pressed by player 1
[23:25:21.286] [SEVERE ] player 1 placing token on slot 9
[23:25:21.304] [SEVERE ] updating countdown to 43946
[23:25:21.329] [SEVERE ] updating countdown to 43921
[23:25:21.356] [SEVERE ] updating countdown to 43894
[23:25:21.382] [SEVERE ] updating countdown to 43868
[23:25:21.408] [SEVERE ] updating countdown to 43842
[23:25:21.434] [SEVERE ] updating countdown to 43816
[23:25:21.460] [SEVERE ] updating countdown to 43790
[23:25:21.486] [SEVERE ] updating countdown to 43764
[23:25:21.513] [SEVERE ] updating countdown to 43737
[23:25:21.545] [SEVERE ] updating countdown to 43705
[23:25:21.571] [SEVERE ] updating countdown to 43679
[23:25:21.598] [SEVERE ] updating countdown to 43652
[23:25:21.624] [SEVERE ] updating countdown to 43626
[23:25:21.694] [SEVERE ] updating countdown to 43556
[23:25:21.721] [SEVERE ] updating countdown to 43529
[23:25:21.748] [SEVERE ] updating countdown to 43502
[23:25:21.774] [SEVERE ] updating countdown to 43476
[23:25:21.800] [SEVERE ] updating countdown to 43450
[23:25:21.828] [SEVERE ] updating countdown to 43422
[23:25:21.853] [SEVERE ] updating countdown to 43397
[23:25:21.880] [SEVERE ] updating countdown to 43370
[23:25:21.906] [SEVERE ] updating countdown to 43344
[23:25:21.931] [SEVERE ] updating countdown to 43319
[23:25:21.957] [SEVERE ] updating countdown to 43293
[23:25:21.983] [SEVERE ] updating countdown to 43267
[23:25:22.009] [SEVERE ] updating countdown to 43241
[23:25:22.035] [SEVERE ] updating countdown to 43215
[23:25:22.061] [SEVERE ] updating countdown to 43189
[23:25:22.088] [SEVERE ] updating countdown to 43162
[23:25:22.114] [SEVERE ] updating countdown to 43136
[23:25:22.141] [SEVERE ] updating countdown to 43109
[23:25:22.167] [SEVERE ] updating countdown to 43083
[23:25:22.194] [SEVERE ] updating countdown to 43056
[23:25:22.225] [SEVERE ] updating countdown to 43025
[23:25:22.251] [SEVERE ] updating countdown to 42999
[23:25:22.277] [SEVERE ] updating countdown to 42973
[23:25:22.306] [SEVERE ] updating countdown to 42944
[23:25:22.335] [SEVERE ] updating countdown to 42915
[23:25:22.375] [SEVERE ] updating countdown to 42875
[23:25:22.400] [SEVERE ] updating countdown to 42850
[23:25:22.427] [SEVERE ] updating countdown to 42823
[23:25:22.453] [SEVERE ] updating countdown to 42797
[23:25:22.480] [SEVERE ] updating countdown to 42770
[23:25:22.553] [SEVERE ] updating countdown to 42697
[23:25:22.580] [SEVERE ] updating countdown to 42670
[23:25:22.608] [SEVERE ] updating countdown to 42642
[23:25:22.635] [SEVERE ] updating countdown to 42615
[23:25:22.670] [SEVERE ] updating countdown to 42580
[23:25:22.717] [SEVERE ] updating countdown to 42533
[23:25:22.743] [SEVERE ] updating countdown to 42507
[23:25:22.769] [SEVERE ] updating countdown to 42481
[23:25:22.795] [SEVERE ] updating countdown to 42455
[23:25:22.835] [SEVERE ] updating countdown to 42415
[23:25:22.861] [SEVERE ] updating countdown to 42389
[23:25:22.888] [SEVERE ] updating countdown to 42362
[23:25:22.916] [SEVERE ] updating countdown to 42334
[23:25:22.947] [SEVERE ] updating countdown to 42303
[23:25:22.979] [SEVERE ] updating countdown to 42271
[23:25:23.005] [SEVERE ] updating countdown to 42245
[23:25:23.032] [SEVERE ] updating countdown to 42218
[23:25:23.058] [SEVERE ] updating countdown to 42192
[23:25:23.084] [SEVERE ] updating countdown to 42166
[23:25:23.088] [SEVERE ] key 88 was pressed by player 1
[23:25:23.089] [SEVERE ] removing player 1 token from slot 9
[23:25:23.110] [SEVERE ] updating countdown to 42140
[23:25:23.136] [SEVERE ] updating countdown to 42114
[23:25:23.161] [SEVERE ] updating countdown to 42089
[23:25:23.192] [SEVERE ] updating countdown to 42058
[23:25:23.218] [SEVERE ] updating countdown to 42032
[23:25:23.244] [SEVERE ] updating countdown to 42006
[23:25:23.270] [SEVERE ] updating countdown to 41980
[23:25:23.302] [SEVERE ] updating countdown to 41948
[23:25:23.328] [SEVERE ] updating countdown to 41922
[23:25:23.355] [SEVERE ] updating countdown to 41895
[23:25:23.381] [SEVERE ] updating countdown to 41869
[23:25:23.407] [SEVERE ] updating countdown to 41843
[23:25:23.433] [SEVERE ] updating countdown to 41817
[23:25:23.459] [SEVERE ] updating countdown to 41791
[23:25:23.484] [SEVERE ] updating countdown to 41766
[23:25:23.510] [SEVERE ] updating countdown to 41740
[23:25:23.538] [SEVERE ] updating countdown to 41712
[23:25:23.564] [SEVERE ] updating countdown to 41686
[23:25:23.590] [SEVERE ] updating countdown to 41660
[23:25:23.615] [SEVERE ] updating countdown to 41635
[23:25:23.641] [SEVERE ] updating countdown to 41609
[23:25:23.667] [SEVERE ] updating countdown to 41583
[23:25:23.693] [SEVERE ] updating countdown to 41557
[23:25:23.719] [SEVERE ] updating countdown to 41531
[23:25:23.745] [SEVERE ] updating countdown to 41505
[23:25:23.770] [SEVERE ] updating countdown to 41480
[23:25:23.797] [SEVERE ] updating countdown to 41453
[23:25:23.823] [SEVERE ] updating countdown to 41427
[23:25:23.849] [SEVERE ] updating countdown to 41401
[23:25:23.875] [SEVERE ] updating countdown to 41375
[23:25:23.922] [SEVERE ] updating countdown to 41328
[23:25:23.948] [SEVERE ] updating countdown to 41302
[23:25:23.975] [SEVERE ] updating countdown to 41275
[23:25:24.000] [SEVERE ] updating countdown to 41250
[23:25:24.026] [SEVERE ] updating countdown to 41224
[23:25:24.052] [SEVERE ] updating countdown to 41198
[23:25:24.078] [SEVERE ] updating countdown to 41172
[23:25:24.104] [SEVERE ] updating countdown to 41146
[23:25:24.134] [SEVERE ] updating countdown to 41116
[23:25:24.160] [SEVERE ] updating countdown to 41090
[23:25:24.188] [SEVERE ] updating countdown to 41062
[23:25:24.216] [SEVERE ] updating countdown to 41034
[23:25:24.268] [SEVERE ] updating countdown to 40982
[23:25:24.295] [SEVERE ] updating countdown to 40955
[23:25:24.321] [SEVERE ] updating countdown to 40929
[23:25:24.348] [SEVERE ] updating countdown to 40902
[23:25:24.379] [SEVERE ] updating countdown to 40871
[23:25:24.418] [SEVERE ] updating countdown to 40832
[23:25:24.445] [SEVERE ] updating countdown to 40805
[23:25:24.471] [SEVERE ] updating countdown to 40779
[23:25:24.497] [SEVERE ] updating countdown to 40753
[23:25:24.530] [SEVERE ] updating countdown to 40720
[23:25:24.551] [SEVERE ] key 67 was pressed by player 1
[23:25:24.568] [SEVERE ] player 1 placing token on slot 10
[23:25:24.593] [SEVERE ] updating countdown to 40657
[23:25:24.618] [SEVERE ] updating countdown to 40632
[23:25:24.644] [SEVERE ] updating countdown to 40606
[23:25:24.670] [SEVERE ] updating countdown to 40580
[23:25:24.699] [SEVERE ] updating countdown to 40551
[23:25:24.732] [SEVERE ] updating countdown to 40518
[23:25:24.758] [SEVERE ] updating countdown to 40492
[23:25:24.784] [SEVERE ] updating countdown to 40466
[23:25:24.812] [SEVERE ] updating countdown to 40438
[23:25:24.838] [SEVERE ] updating countdown to 40412
[23:25:24.907] [SEVERE ] updating countdown to 40343
[23:25:24.932] [SEVERE ] updating countdown to 40318
[23:25:24.958] [SEVERE ] updating countdown to 40292
[23:25:24.984] [SEVERE ] updating countdown to 40266
[23:25:25.010] [SEVERE ] updating countdown to 40240
[23:25:25.036] [SEVERE ] updating countdown to 40214
[23:25:25.062] [SEVERE ] updating countdown to 40188
[23:25:25.088] [SEVERE ] updating countdown to 40162
[23:25:25.115] [SEVERE ] updating countdown to 40135
[23:25:25.141] [SEVERE ] updating countdown to 40109
[23:25:25.172] [SEVERE ] updating countdown to 40078
[23:25:25.200] [SEVERE ] updating countdown to 40050
[23:25:25.226] [SEVERE ] updating countdown to 40024
[23:25:25.256] [SEVERE ] updating countdown to 39994
[23:25:25.284] [SEVERE ] updating countdown to 39966
[23:25:25.311] [SEVERE ] updating countdown to 39939
[23:25:25.338] [SEVERE ] updating countdown to 39912
[23:25:25.364] [SEVERE ] updating countdown to 39886
[23:25:25.391] [SEVERE ] updating countdown to 39859
[23:25:25.418] [SEVERE ] updating countdown to 39832
[23:25:25.448] [SEVERE ] updating countdown to 39802
[23:25:25.474] [SEVERE ] updating countdown to 39776
[23:25:25.500] [SEVERE ] updating countdown to 39750
[23:25:25.511] [SEVERE ] key 68 was pressed by player 1
[23:25:25.512] [SEVERE ] player 1 placing token on slot 6
[23:25:25.525] [SEVERE ] updating countdown to 39725
[23:25:25.553] [SEVERE ] updating countdown to 39697
[23:25:25.579] [SEVERE ] updating countdown to 39671
[23:25:25.604] [SEVERE ] updating countdown to 39646
[23:25:25.630] [SEVERE ] updating countdown to 39620
[23:25:25.656] [SEVERE ] updating countdown to 39594
[23:25:25.683] [SEVERE ] updating countdown to 39567
[23:25:25.709] [SEVERE ] updating countdown to 39541
[23:25:25.736] [SEVERE ] updating countdown to 39514
[23:25:25.762] [SEVERE ] updating countdown to 39488
[23:25:25.788] [SEVERE ] updating countdown to 39462
[23:25:25.814] [SEVERE ] updating countdown to 39436
[23:25:25.840] [SEVERE ] updating countdown to 39410
[23:25:25.867] [SEVERE ] updating countdown to 39383
[23:25:25.894] [SEVERE ] updating countdown to 39356
[23:25:25.920] [SEVERE ] updating countdown to 39330
[23:25:25.947] [SEVERE ] updating countdown to 39303
[23:25:26.020] [SEVERE ] updating countdown to 39230
[23:25:26.046] [SEVERE ] updating countdown to 39204
[23:25:26.077] [SEVERE ] updating countdown to 39173
[23:25:26.118] [SEVERE ] updating countdown to 39132
[23:25:26.144] [SEVERE ] updating countdown to 39106
[23:25:26.169] [SEVERE ] updating countdown to 39081
[23:25:26.195] [SEVERE ] updating countdown to 39055
[23:25:26.224] [SEVERE ] updating countdown to 39026
[23:25:26.250] [SEVERE ] updating countdown to 39000
[23:25:26.276] [SEVERE ] updating countdown to 38974
[23:25:26.302] [SEVERE ] updating countdown to 38948
[23:25:26.332] [SEVERE ] updating countdown to 38918
[23:25:26.358] [SEVERE ] updating countdown to 38892
[23:25:26.384] [SEVERE ] updating countdown to 38866
[23:25:26.410] [SEVERE ] updating countdown to 38840
[23:25:26.440] [SEVERE ] updating countdown to 38810
[23:25:26.466] [SEVERE ] updating countdown to 38784
[23:25:26.494] [SEVERE ] updating countdown to 38756
[23:25:26.520] [SEVERE ] updating countdown to 38730
[23:25:26.550] [SEVERE ] updating countdown to 38700
[23:25:26.577] [SEVERE ] updating countdown to 38673
[23:25:26.609] [SEVERE ] updating countdown to 38641
[23:25:26.635] [SEVERE ] updating countdown to 38615
[23:25:26.661] [SEVERE ] updating countdown to 38589
[23:25:26.688] [SEVERE ] updating countdown to 38563
[23:25:26.715] [SEVERE ] updating countdown to 38535
[23:25:26.742] [SEVERE ] updating countdown to 38508
[23:25:26.776] [SEVERE ] updating countdown to 38474
[23:25:26.802] [SEVERE ] updating countdown to 38448
[23:25:26.828] [SEVERE ] updating countdown to 38422
[23:25:26.861] [SEVERE ] updating countdown to 38389
[23:25:26.902] [SEVERE ] updating countdown to 38348
[23:25:26.928] [SEVERE ] updating countdown to 38322
[23:25:26.954] [SEVERE ] updating countdown to 38296
[23:25:26.981] [SEVERE ] updating countdown to 38269
[23:25:27.007] [SEVERE ] updating countdown to 38243
[23:25:27.038] [SEVERE ] updating countdown to 38212
[23:25:27.065] [SEVERE ] updating countdown to 38185
[23:25:27.091] [SEVERE ] updating countdown to 38159
[23:25:27.117] [SEVERE ] updating countdown to 38133
[23:25:27.181] [SEVERE ] updating countdown to 38069
[23:25:27.210] [SEVERE ] updating countdown to 38040
[23:25:27.249] [SEVERE ] updating countdown to 38001
[23:25:27.275] [SEVERE ] updating countdown to 37975
[23:25:27.296] [SEVERE ] key 70 was pressed by player 1
[23:25:27.297] [SEVERE ] player 1 placing token on slot 7
[23:25:27.298] [SEVERE ] updating countdown to 37952
[23:25:27.399] [SEVERE ] removing player 1 token from slot 6
[23:25:27.402] [SEVERE ] removing card from slot 6
[23:25:27.503] [SEVERE ] removing player 1 token from slot 7
[23:25:27.504] [SEVERE ] removing card from slot 7
[23:25:27.605] [SEVERE ] removing player 1 token from slot 10
[23:25:27.606] [SEVERE ] removing card from slot 10
[23:25:27.607] [SEVERE ] setting player 1 score to 1
[23:25:27.609] [SEVERE ] setting player 1 freeze to 1000
[23:25:27.707] [SEVERE ] placing card 16 in slot 6
[23:25:27.809] [SEVERE ] placing card 15 in slot 7
[23:25:27.910] [SEVERE ] placing card 4 in slot 10
[23:25:27.936] [SEVERE ] updating countdown to 37314
[23:25:27.937] [SEVERE ] setting player 1 freeze to 670
[23:25:27.967] [SEVERE ] updating countdown to 37283
[23:25:27.968] [SEVERE ] setting player 1 freeze to 639
[23:25:27.994] [SEVERE ] updating countdown to 37256
[23:25:27.995] [SEVERE ] setting player 1 freeze to 612
[23:25:28.022] [SEVERE ] updating countdown to 37228
[23:25:28.023] [SEVERE ] setting player 1 freeze to 584
[23:25:28.048] [SEVERE ] updating countdown to 37202
[23:25:28.068] [SEVERE ] setting player 1 freeze to 539
[23:25:28.095] [SEVERE ] updating countdown to 37155
[23:25:28.095] [SEVERE ] setting player 1 freeze to 512
[23:25:28.121] [SEVERE ] updating countdown to 37129
[23:25:28.122] [SEVERE ] setting player 1 freeze to 485
[23:25:28.148] [SEVERE ] updating countdown to 37102
[23:25:28.149] [SEVERE ] setting player 1 freeze to 458
[23:25:28.177] [SEVERE ] updating countdown to 37073
[23:25:28.178] [SEVERE ] setting player 1 freeze to 429
[23:25:28.204] [SEVERE ] updating countdown to 37046
[23:25:28.209] [SEVERE ] setting player 1 freeze to 398
[23:25:28.235] [SEVERE ] updating countdown to 37015
[23:25:28.236] [SEVERE ] setting player 1 freeze to 371
[23:25:28.261] [SEVERE ] updating countdown to 36989
[23:25:28.262] [SEVERE ] setting player 1 freeze to 345
[23:25:28.287] [SEVERE ] updating countdown to 36963
[23:25:28.288] [SEVERE ] setting player 1 freeze to 319
[23:25:28.314] [SEVERE ] updating countdown to 36936
[23:25:28.318] [SEVERE ] setting player 1 freeze to 289
[23:25:28.345] [SEVERE ] updating countdown to 36905
[23:25:28.345] [SEVERE ] setting player 1 freeze to 262
[23:25:28.370] [SEVERE ] updating countdown to 36880
[23:25:28.371] [SEVERE ] setting player 1 freeze to 236
[23:25:28.399] [SEVERE ] updating countdown to 36851
[23:25:28.400] [SEVERE ] setting player 1 freeze to 207
[23:25:28.426] [SEVERE ] updating countdown to 36824
[23:25:28.427] [SEVERE ] setting player 1 freeze to 180
[23:25:28.453] [SEVERE ] updating countdown to 36797
[23:25:28.454] [SEVERE ] setting player 1 freeze to 153
[23:25:28.539] [SEVERE ] updating countdown to 36711
[23:25:28.539] [SEVERE ] setting player 1 freeze to 68
[23:25:28.565] [SEVERE ] updating countdown to 36685
[23:25:28.567] [SEVERE ] setting player 1 freeze to 40
[23:25:28.593] [SEVERE ] updating countdown to 36657
[23:25:28.594] [SEVERE ] setting player 1 freeze to 13
[23:25:28.622] [SEVERE ] updating countdown to 36628
[23:25:28.623] [SEVERE ] setting player 1 freeze to -16
[23:25:28.650] [SEVERE ] updating countdown to 36600
[23:25:28.676] [SEVERE ] updating countdown to 36574
[23:25:28.702] [SEVERE ] updating countdown to 36548
[23:25:28.727] [SEVERE ] updating countdown to 36523
[23:25:28.754] [SEVERE ] updating countdown to 36497
[23:25:28.779] [SEVERE ] updating countdown to 36471
[23:25:28.829] [SEVERE ] updating countdown to 36421
[23:25:28.856] [SEVERE ] updating countdown to 36394
[23:25:28.882] [SEVERE ] updating countdown to 36368
[23:25:28.908] [SEVERE ] updating countdown to 36342
[23:25:28.935] [SEVERE ] updating countdown to 36315
[23:25:28.961] [SEVERE ] updating countdown to 36289
[23:25:28.990] [SEVERE ] updating countdown to 36260
[23:25:29.016] [SEVERE ] updating countdown to 36234
[23:25:29.043] [SEVERE ] updating countdown to 36207
[23:25:29.069] [SEVERE ] updating countdown to 36181
[23:25:29.118] [SEVERE ] updating countdown to 36132
[23:25:29.144] [SEVERE ] updating countdown to 36106
[23:25:29.171] [SEVERE ] updating countdown to 36079
[23:25:29.197] [SEVERE ] updating countdown to 36053
[23:25:29.223] [SEVERE ] updating countdown to 36027
[23:25:29.250] [SEVERE ] updating countdown to 36000
[23:25:29.300] [SEVERE ] updating countdown to 35950
[23:25:29.327] [SEVERE ] updating countdown to 35923
[23:25:29.361] [SEVERE ] updating countdown to 35889
[23:25:29.400] [SEVERE ] updating countdown to 35850
[23:25:29.426] [SEVERE ] updating countdown to 35824
[23:25:29.452] [SEVERE ] updating countdown to 35798
[23:25:29.478] [SEVERE ] updating countdown to 35772
[23:25:29.504] [SEVERE ] updating countdown to 35746
[23:25:29.532] [SEVERE ] updating countdown to 35718
[23:25:29.559] [SEVERE ] updating countdown to 35691
[23:25:29.585] [SEVERE ] updating countdown to 35665
[23:25:29.613] [SEVERE ] updating countdown to 35637
[23:25:29.639] [SEVERE ] updating countdown to 35611
[23:25:29.665] [SEVERE ] updating countdown to 35585
[23:25:29.691] [SEVERE ] updating countdown to 35559
[23:25:29.717] [SEVERE ] updating countdown to 35533
[23:25:29.743] [SEVERE ] updating countdown to 35507
[23:25:29.769] [SEVERE ] updating countdown to 35481
[23:25:29.795] [SEVERE ] updating countdown to 35455
[23:25:29.822] [SEVERE ] updating countdown to 35428
[23:25:29.848] [SEVERE ] updating countdown to 35402
[23:25:29.874] [SEVERE ] updating countdown to 35376
[23:25:29.906] [SEVERE ] updating countdown to 35344
[23:25:29.932] [SEVERE ] updating countdown to 35318
[23:25:29.958] [SEVERE ] updating countdown to 35292
[23:25:29.984] [SEVERE ] updating countdown to 35266
[23:25:30.012] [SEVERE ] updating countdown to 35238
[23:25:30.038] [SEVERE ] updating countdown to 35212
[23:25:30.064] [SEVERE ] updating countdown to 35186
[23:25:30.089] [SEVERE ] updating countdown to 35161
[23:25:30.118] [SEVERE ] updating countdown to 35132
[23:25:30.144] [SEVERE ] updating countdown to 35106
[23:25:30.210] [SEVERE ] updating countdown to 35040
[23:25:30.236] [SEVERE ] updating countdown to 35014
[23:25:30.262] [SEVERE ] updating countdown to 34988
[23:25:30.288] [SEVERE ] updating countdown to 34962
[23:25:30.315] [SEVERE ] updating countdown to 34935
[23:25:30.340] [SEVERE ] updating countdown to 34910
[23:25:30.366] [SEVERE ] updating countdown to 34884
[23:25:30.392] [SEVERE ] updating countdown to 34858
[23:25:30.417] [SEVERE ] updating countdown to 34833
[23:25:30.443] [SEVERE ] updating countdown to 34807
[23:25:30.468] [SEVERE ] updating countdown to 34782
[23:25:30.494] [SEVERE ] updating countdown to 34756
[23:25:30.520] [SEVERE ] updating countdown to 34730
[23:25:30.545] [SEVERE ] updating countdown to 34705
[23:25:30.571] [SEVERE ] updating countdown to 34679
[23:25:30.596] [SEVERE ] updating countdown to 34654
[23:25:30.622] [SEVERE ] updating countdown to 34628
[23:25:30.649] [SEVERE ] updating countdown to 34601
[23:25:30.674] [SEVERE ] updating countdown to 34576
[23:25:30.700] [SEVERE ] updating countdown to 34550
[23:25:30.726] [SEVERE ] updating countdown to 34524
[23:25:30.752] [SEVERE ] updating countdown to 34498
[23:25:30.777] [SEVERE ] updating countdown to 34473
[23:25:30.803] [SEVERE ] updating countdown to 34447
[23:25:30.832] [SEVERE ] updating countdown to 34418
[23:25:30.858] [SEVERE ] updating countdown to 34392
[23:25:30.884] [SEVERE ] updating countdown to 34366
[23:25:30.910] [SEVERE ] updating countdown to 34340
[23:25:30.936] [SEVERE ] updating countdown to 34314
[23:25:30.962] [SEVERE ] updating countdown to 34288
[23:25:30.987] [SEVERE ] updating countdown to 34263
[23:25:31.013] [SEVERE ] updating countdown to 34237
[23:25:31.039] [SEVERE ] updating countdown to 34211
[23:25:31.065] [SEVERE ] updating countdown to 34185
[23:25:31.090] [SEVERE ] updating countdown to 34160
[23:25:31.116] [SEVERE ] updating countdown to 34134
[23:25:31.142] [SEVERE ] updating countdown to 34108
[23:25:31.168] [SEVERE ] updating countdown to 34082
[23:25:31.193] [SEVERE ] updating countdown to 34057
[23:25:31.220] [SEVERE ] updating countdown to 34030
[23:25:31.245] [SEVERE ] updating countdown to 34005
[23:25:31.271] [SEVERE ] updating countdown to 33979
[23:25:31.297] [SEVERE ] updating countdown to 33953
[23:25:31.323] [SEVERE ] updating countdown to 33927
[23:25:31.349] [SEVERE ] updating countdown to 33901
[23:25:31.375] [SEVERE ] updating countdown to 33875
[23:25:31.400] [SEVERE ] updating countdown to 33850
[23:25:31.426] [SEVERE ] updating countdown to 33824
[23:25:31.453] [SEVERE ] updating countdown to 33797
[23:25:31.478] [SEVERE ] updating countdown to 33772
[23:25:31.504] [SEVERE ] updating countdown to 33746
[23:25:31.530] [SEVERE ] updating countdown to 33720
[23:25:31.558] [SEVERE ] updating countdown to 33692
[23:25:31.584] [SEVERE ] updating countdown to 33666
[23:25:31.610] [SEVERE ] updating countdown to 33640
[23:25:31.635] [SEVERE ] updating countdown to 33615
[23:25:31.661] [SEVERE ] updating countdown to 33589
[23:25:31.689] [SEVERE ] updating countdown to 33561
[23:25:31.714] [SEVERE ] updating countdown to 33536
[23:25:31.744] [SEVERE ] updating countdown to 33506
[23:25:31.770] [SEVERE ] updating countdown to 33480
[23:25:31.795] [SEVERE ] updating countdown to 33455
[23:25:31.821] [SEVERE ] updating countdown to 33429
[23:25:31.847] [SEVERE ] updating countdown to 33403
[23:25:31.873] [SEVERE ] updating countdown to 33377
[23:25:31.899] [SEVERE ] updating countdown to 33351
[23:25:31.924] [SEVERE ] updating countdown to 33326
[23:25:31.950] [SEVERE ] updating countdown to 33300
[23:25:31.977] [SEVERE ] updating countdown to 33273
[23:25:32.002] [SEVERE ] updating countdown to 33248
[23:25:32.028] [SEVERE ] updating countdown to 33222
[23:25:32.054] [SEVERE ] updating countdown to 33196
[23:25:32.080] [SEVERE ] updating countdown to 33170
[23:25:32.105] [SEVERE ] updating countdown to 33145
[23:25:32.133] [SEVERE ] updating countdown to 33117
[23:25:32.159] [SEVERE ] updating countdown to 33091
[23:25:32.188] [SEVERE ] updating countdown to 33062
[23:25:32.214] [SEVERE ] updating countdown to 33036
[23:25:32.240] [SEVERE ] updating countdown to 33010
[23:25:32.266] [SEVERE ] updating countdown to 32984
[23:25:32.292] [SEVERE ] updating countdown to 32958
[23:25:32.318] [SEVERE ] updating countdown to 32932
[23:25:32.344] [SEVERE ] updating countdown to 32906
[23:25:32.370] [SEVERE ] updating countdown to 32880
[23:25:32.397] [SEVERE ] updating countdown to 32854
[23:25:32.422] [SEVERE ] updating countdown to 32828
[23:25:32.448] [SEVERE ] updating countdown to 32802
[23:25:32.475] [SEVERE ] updating countdown to 32775
[23:25:32.501] [SEVERE ] updating countdown to 32749
[23:25:32.526] [SEVERE ] updating countdown to 32724
[23:25:32.552] [SEVERE ] updating countdown to 32698
[23:25:32.591] [SEVERE ] updating countdown to 32659
[23:25:32.617] [SEVERE ] updating countdown to 32633
[23:25:32.644] [SEVERE ] updating countdown to 32606
[23:25:32.669] [SEVERE ] updating countdown to 32581
[23:25:32.695] [SEVERE ] updating countdown to 32555
[23:25:32.724] [SEVERE ] updating countdown to 32526
[23:25:32.757] [SEVERE ] updating countdown to 32493
[23:25:32.783] [SEVERE ] updating countdown to 32467
[23:25:32.809] [SEVERE ] updating countdown to 32441
[23:25:32.835] [SEVERE ] updating countdown to 32415
[23:25:32.892] [SEVERE ] updating countdown to 32358
[23:25:32.918] [SEVERE ] updating countdown to 32332
[23:25:32.944] [SEVERE ] updating countdown to 32306
[23:25:32.970] [SEVERE ] updating countdown to 32280
[23:25:32.997] [SEVERE ] updating countdown to 32253
[23:25:33.023] [SEVERE ] updating countdown to 32227
[23:25:33.049] [SEVERE ] updating countdown to 32201
[23:25:33.075] [SEVERE ] updating countdown to 32175
[23:25:33.100] [SEVERE ] updating countdown to 32150
[23:25:33.126] [SEVERE ] updating countdown to 32124
[23:25:33.151] [SEVERE ] updating countdown to 32099
[23:25:33.180] [SEVERE ] updating countdown to 32070
[23:25:33.205] [SEVERE ] updating countdown to 32045
[23:25:33.231] [SEVERE ] updating countdown to 32019
[23:25:33.258] [SEVERE ] updating countdown to 31992
[23:25:33.284] [SEVERE ] updating countdown to 31966
[23:25:33.310] [SEVERE ] updating countdown to 31940
[23:25:33.336] [SEVERE ] updating countdown to 31914
[23:25:33.361] [SEVERE ] updating countdown to 31889
[23:25:33.387] [SEVERE ] updating countdown to 31863
[23:25:33.414] [SEVERE ] updating countdown to 31836
[23:25:33.440] [SEVERE ] updating countdown to 31810
[23:25:33.467] [SEVERE ] updating countdown to 31783
[23:25:33.493] [SEVERE ] updating countdown to 31757
[23:25:33.519] [SEVERE ] updating countdown to 31731
[23:25:33.546] [SEVERE ] updating countdown to 31704
[23:25:33.604] [SEVERE ] updating countdown to 31646
[23:25:33.630] [SEVERE ] updating countdown to 31620
[23:25:33.656] [SEVERE ] updating countdown to 31594
[23:25:33.682] [SEVERE ] updating countdown to 31568
[23:25:33.708] [SEVERE ] updating countdown to 31542
[23:25:33.734] [SEVERE ] updating countdown to 31516
[23:25:33.759] [SEVERE ] updating countdown to 31491
[23:25:33.785] [SEVERE ] updating countdown to 31465
[23:25:33.810] [SEVERE ] updating countdown to 31440
[23:25:33.836] [SEVERE ] updating countdown to 31414
[23:25:33.862] [SEVERE ] updating countdown to 31388
[23:25:33.889] [SEVERE ] updating countdown to 31361
[23:25:33.916] [SEVERE ] updating countdown to 31334
[23:25:33.943] [SEVERE ] updating countdown to 31307
[23:25:33.969] [SEVERE ] updating countdown to 31281
[23:25:33.993] [SEVERE ] exit button pressed
[23:25:33.993] [INFO   ] thread Thread-2 terminated.
[23:25:33.993] [INFO   ] thread Thread-1 terminated.
[23:25:33.995] [SEVERE ] updating countdown to 31255
[23:25:34.095] [SEVERE ] removing card from slot 0
[23:25:34.196] [SEVERE ] removing card from slot 1
[23:25:34.297] [SEVERE ] removing card from slot 2
[23:25:34.397] [SEVERE ] removing card from slot 3
[23:25:34.498] [SEVERE ] removing card from slot 4
[23:25:34.599] [SEVERE ] removing card from slot 5
[23:25:34.699] [SEVERE ] removing card from slot 6
[23:25:34.800] [SEVERE ] removing card from slot 7
[23:25:34.911] [SEVERE ] removing card from slot 8
[23:25:35.020] [SEVERE ] removing card from slot 9
[23:25:35.122] [SEVERE ] removing card from slot 10
[23:25:35.224] [SEVERE ] removing card from slot 11
[23:25:35.230] [SEVERE ] announcing winner(s): player 1
[23:25:35.231] [INFO   ] thread dealer terminated.
[23:25:35.231] [INFO   ] thread dealer terminated.
[23:25:35.232] [SEVERE ] thanks for playing... it was fun!
[23:25:35.232] [INFO   ] thread bguspl.set.Main.main() terminated.
