[15:39:06.272] [INFO   ] thread bguspl.set.Main.main() starting.
[15:39:06.281] [SEVERE ] cannot read configuration file config.properties trying from resources.
[15:39:06.288] [SEVERE ] configuration file was loaded from resources directory.
[15:39:07.416] [INFO   ] thread dealer starting.
[15:39:07.417] [INFO   ] thread dealer starting.
[15:39:07.420] [INFO   ] thread Thread-1 starting.
[15:39:07.421] [INFO   ] thread Thread-2 starting.
[15:39:07.527] [SEVERE ] placing card 8 in slot 0
[15:39:07.629] [SEVERE ] placing card 10 in slot 1
[15:39:07.730] [SEVERE ] placing card 19 in slot 2
[15:39:07.833] [SEVERE ] placing card 5 in slot 3
[15:39:07.934] [SEVERE ] placing card 18 in slot 4
[15:39:08.037] [SEVERE ] placing card 13 in slot 5
[15:39:08.143] [SEVERE ] placing card 16 in slot 6
[15:39:08.244] [SEVERE ] placing card 1 in slot 7
[15:39:08.348] [SEVERE ] placing card 4 in slot 8
[15:39:08.449] [SEVERE ] placing card 7 in slot 9
[15:39:08.550] [SEVERE ] placing card 12 in slot 10
[15:39:08.656] [SEVERE ] placing card 0 in slot 11
[15:39:08.656] [SEVERE ] updating countdown to 60000
[15:39:08.683] [SEVERE ] updating countdown to 59973
[15:39:08.709] [SEVERE ] updating countdown to 59948
[15:39:08.735] [SEVERE ] updating countdown to 59921
[15:39:08.762] [SEVERE ] updating countdown to 59894
[15:39:08.788] [SEVERE ] updating countdown to 59868
[15:39:08.814] [SEVERE ] updating countdown to 59842
[15:39:08.840] [SEVERE ] updating countdown to 59816
[15:39:08.867] [SEVERE ] updating countdown to 59789
[15:39:08.893] [SEVERE ] updating countdown to 59763
[15:39:08.919] [SEVERE ] updating countdown to 59737
[15:39:08.945] [SEVERE ] updating countdown to 59711
[15:39:08.971] [SEVERE ] updating countdown to 59685
[15:39:08.997] [SEVERE ] updating countdown to 59659
[15:39:09.023] [SEVERE ] updating countdown to 59633
[15:39:09.087] [SEVERE ] updating countdown to 59569
[15:39:09.115] [SEVERE ] updating countdown to 59542
[15:39:09.140] [SEVERE ] updating countdown to 59516
[15:39:09.180] [SEVERE ] updating countdown to 59476
[15:39:09.207] [SEVERE ] updating countdown to 59449
[15:39:09.236] [SEVERE ] updating countdown to 59420
[15:39:09.264] [SEVERE ] updating countdown to 59392
[15:39:09.290] [SEVERE ] updating countdown to 59366
[15:39:09.316] [SEVERE ] updating countdown to 59340
[15:39:09.342] [SEVERE ] updating countdown to 59314
[15:39:09.368] [SEVERE ] updating countdown to 59288
[15:39:09.475] [SEVERE ] updating countdown to 59181
[15:39:09.501] [SEVERE ] updating countdown to 59155
[15:39:09.526] [SEVERE ] updating countdown to 59130
[15:39:09.552] [SEVERE ] updating countdown to 59104
[15:39:09.578] [SEVERE ] updating countdown to 59078
[15:39:09.625] [SEVERE ] updating countdown to 59031
[15:39:09.651] [SEVERE ] updating countdown to 59005
[15:39:09.744] [SEVERE ] updating countdown to 58912
[15:39:09.775] [SEVERE ] updating countdown to 58881
[15:39:09.801] [SEVERE ] updating countdown to 58855
[15:39:09.827] [SEVERE ] updating countdown to 58829
[15:39:09.883] [SEVERE ] updating countdown to 58773
[15:39:09.909] [SEVERE ] updating countdown to 58747
[15:39:09.935] [SEVERE ] updating countdown to 58721
[15:39:09.960] [SEVERE ] updating countdown to 58696
[15:39:09.987] [SEVERE ] updating countdown to 58669
[15:39:10.013] [SEVERE ] updating countdown to 58644
[15:39:10.038] [SEVERE ] updating countdown to 58618
[15:39:10.082] [SEVERE ] updating countdown to 58574
[15:39:10.108] [SEVERE ] updating countdown to 58548
[15:39:10.134] [SEVERE ] updating countdown to 58522
[15:39:10.160] [SEVERE ] updating countdown to 58496
[15:39:10.186] [SEVERE ] updating countdown to 58470
[15:39:10.217] [SEVERE ] updating countdown to 58440
[15:39:10.262] [SEVERE ] updating countdown to 58394
[15:39:10.287] [SEVERE ] updating countdown to 58369
[15:39:10.315] [SEVERE ] updating countdown to 58341
[15:39:10.341] [SEVERE ] updating countdown to 58315
[15:39:10.366] [SEVERE ] updating countdown to 58290
[15:39:10.402] [SEVERE ] updating countdown to 58254
[15:39:10.430] [SEVERE ] updating countdown to 58226
[15:39:10.485] [SEVERE ] updating countdown to 58171
[15:39:10.510] [SEVERE ] updating countdown to 58146
[15:39:10.540] [SEVERE ] updating countdown to 58116
[15:39:10.596] [SEVERE ] updating countdown to 58060
[15:39:10.622] [SEVERE ] updating countdown to 58034
[15:39:10.647] [SEVERE ] updating countdown to 58009
[15:39:10.673] [SEVERE ] updating countdown to 57983
[15:39:10.700] [SEVERE ] updating countdown to 57956
[15:39:10.732] [SEVERE ] updating countdown to 57924
[15:39:10.758] [SEVERE ] updating countdown to 57898
[15:39:10.784] [SEVERE ] updating countdown to 57872
[15:39:10.813] [SEVERE ] updating countdown to 57843
[15:39:10.855] [SEVERE ] updating countdown to 57801
[15:39:10.886] [SEVERE ] updating countdown to 57770
[15:39:10.911] [SEVERE ] updating countdown to 57745
[15:39:10.937] [SEVERE ] updating countdown to 57719
[15:39:10.976] [SEVERE ] updating countdown to 57680
[15:39:11.002] [SEVERE ] updating countdown to 57654
[15:39:11.028] [SEVERE ] updating countdown to 57628
[15:39:11.054] [SEVERE ] updating countdown to 57603
[15:39:11.080] [SEVERE ] updating countdown to 57576
[15:39:11.126] [SEVERE ] updating countdown to 57530
[15:39:11.184] [SEVERE ] updating countdown to 57472
[15:39:11.210] [SEVERE ] updating countdown to 57446
[15:39:11.236] [SEVERE ] updating countdown to 57420
[15:39:11.261] [SEVERE ] updating countdown to 57395
[15:39:11.289] [SEVERE ] updating countdown to 57368
[15:39:11.315] [SEVERE ] updating countdown to 57341
[15:39:11.341] [SEVERE ] updating countdown to 57315
[15:39:11.341] [SEVERE ] key 90 was pressed by player 1
[15:39:11.342] [SEVERE ] player 1 placing token on slot 8
[15:39:11.366] [SEVERE ] updating countdown to 57290
[15:39:11.392] [SEVERE ] updating countdown to 57264
[15:39:11.424] [SEVERE ] updating countdown to 57232
[15:39:11.454] [SEVERE ] updating countdown to 57202
[15:39:11.459] [SEVERE ] key 88 was pressed by player 1
[15:39:11.459] [SEVERE ] player 1 placing token on slot 9
[15:39:11.480] [SEVERE ] updating countdown to 57176
[15:39:11.506] [SEVERE ] updating countdown to 57150
[15:39:11.531] [SEVERE ] updating countdown to 57125
[15:39:11.574] [SEVERE ] updating countdown to 57082
[15:39:11.600] [SEVERE ] updating countdown to 57056
[15:39:11.626] [SEVERE ] updating countdown to 57030
[15:39:11.626] [SEVERE ] key 67 was pressed by player 1
[15:39:11.627] [SEVERE ] player 1 placing token on slot 10
[15:39:11.627] [SEVERE ] updating countdown to 57029
[15:39:11.628] [SEVERE ] setting player 1 freeze to 10000
[15:39:11.653] [SEVERE ] updating countdown to 57003
[15:39:11.684] [SEVERE ] setting player 1 freeze to 9944
[15:39:11.710] [SEVERE ] updating countdown to 56946
[15:39:11.710] [SEVERE ] setting player 1 freeze to 9918
[15:39:11.736] [SEVERE ] updating countdown to 56920
[15:39:11.738] [SEVERE ] setting player 1 freeze to 9890
[15:39:11.817] [SEVERE ] updating countdown to 56839
[15:39:11.818] [SEVERE ] setting player 1 freeze to 9811
[15:39:11.843] [SEVERE ] updating countdown to 56813
[15:39:11.844] [SEVERE ] setting player 1 freeze to 9784
[15:39:11.869] [SEVERE ] updating countdown to 56787
[15:39:11.875] [SEVERE ] setting player 1 freeze to 9753
[15:39:11.901] [SEVERE ] updating countdown to 56755
[15:39:11.902] [SEVERE ] setting player 1 freeze to 9726
[15:39:11.927] [SEVERE ] updating countdown to 56729
[15:39:11.928] [SEVERE ] setting player 1 freeze to 9700
[15:39:11.954] [SEVERE ] updating countdown to 56702
[15:39:11.955] [SEVERE ] setting player 1 freeze to 9673
[15:39:11.981] [SEVERE ] updating countdown to 56675
[15:39:11.981] [SEVERE ] setting player 1 freeze to 9647
[15:39:12.007] [SEVERE ] updating countdown to 56649
[15:39:12.029] [SEVERE ] setting player 1 freeze to 9599
[15:39:12.145] [SEVERE ] updating countdown to 56511
[15:39:12.145] [SEVERE ] setting player 1 freeze to 9483
[15:39:12.171] [SEVERE ] updating countdown to 56485
[15:39:12.172] [SEVERE ] setting player 1 freeze to 9456
[15:39:12.197] [SEVERE ] updating countdown to 56459
[15:39:12.198] [SEVERE ] setting player 1 freeze to 9430
[15:39:12.224] [SEVERE ] updating countdown to 56432
[15:39:12.225] [SEVERE ] setting player 1 freeze to 9403
[15:39:12.273] [SEVERE ] updating countdown to 56383
[15:39:12.274] [SEVERE ] setting player 1 freeze to 9354
[15:39:12.300] [SEVERE ] updating countdown to 56356
[15:39:12.300] [SEVERE ] setting player 1 freeze to 9328
[15:39:12.326] [SEVERE ] updating countdown to 56330
[15:39:12.344] [SEVERE ] setting player 1 freeze to 9284
[15:39:12.370] [SEVERE ] updating countdown to 56286
[15:39:12.371] [SEVERE ] setting player 1 freeze to 9257
[15:39:12.397] [SEVERE ] updating countdown to 56259
[15:39:12.397] [SEVERE ] setting player 1 freeze to 9231
[15:39:12.423] [SEVERE ] updating countdown to 56233
[15:39:12.424] [SEVERE ] setting player 1 freeze to 9204
[15:39:12.449] [SEVERE ] updating countdown to 56207
[15:39:12.450] [SEVERE ] setting player 1 freeze to 9178
[15:39:12.475] [SEVERE ] updating countdown to 56181
[15:39:12.541] [SEVERE ] setting player 1 freeze to 9087
[15:39:12.567] [SEVERE ] updating countdown to 56089
[15:39:12.567] [SEVERE ] setting player 1 freeze to 9061
[15:39:12.592] [SEVERE ] updating countdown to 56064
[15:39:12.593] [SEVERE ] setting player 1 freeze to 9035
[15:39:12.618] [SEVERE ] updating countdown to 56038
[15:39:12.619] [SEVERE ] setting player 1 freeze to 9009
[15:39:12.645] [SEVERE ] updating countdown to 56011
[15:39:12.645] [SEVERE ] setting player 1 freeze to 8983
[15:39:12.671] [SEVERE ] updating countdown to 55985
[15:39:12.678] [SEVERE ] setting player 1 freeze to 8950
[15:39:12.704] [SEVERE ] updating countdown to 55953
[15:39:12.704] [SEVERE ] setting player 1 freeze to 8924
[15:39:12.729] [SEVERE ] updating countdown to 55927
[15:39:12.730] [SEVERE ] setting player 1 freeze to 8898
[15:39:12.755] [SEVERE ] updating countdown to 55901
[15:39:12.779] [SEVERE ] setting player 1 freeze to 8849
[15:39:12.805] [SEVERE ] updating countdown to 55852
[15:39:12.827] [SEVERE ] setting player 1 freeze to 8802
[15:39:12.853] [SEVERE ] updating countdown to 55803
[15:39:12.853] [SEVERE ] setting player 1 freeze to 8775
[15:39:12.879] [SEVERE ] updating countdown to 55777
[15:39:12.881] [SEVERE ] setting player 1 freeze to 8747
[15:39:12.906] [SEVERE ] updating countdown to 55750
[15:39:12.911] [SEVERE ] setting player 1 freeze to 8717
[15:39:12.938] [SEVERE ] updating countdown to 55719
[15:39:12.938] [SEVERE ] setting player 1 freeze to 8690
[15:39:12.964] [SEVERE ] updating countdown to 55692
[15:39:12.964] [SEVERE ] setting player 1 freeze to 8664
[15:39:12.990] [SEVERE ] updating countdown to 55666
[15:39:12.992] [SEVERE ] setting player 1 freeze to 8636
[15:39:13.017] [SEVERE ] updating countdown to 55639
[15:39:13.018] [SEVERE ] setting player 1 freeze to 8610
[15:39:13.043] [SEVERE ] updating countdown to 55613
[15:39:13.044] [SEVERE ] setting player 1 freeze to 8584
[15:39:13.069] [SEVERE ] updating countdown to 55587
[15:39:13.070] [SEVERE ] setting player 1 freeze to 8558
[15:39:13.096] [SEVERE ] updating countdown to 55560
[15:39:13.096] [SEVERE ] setting player 1 freeze to 8532
[15:39:13.121] [SEVERE ] updating countdown to 55535
[15:39:13.122] [SEVERE ] setting player 1 freeze to 8506
[15:39:13.147] [SEVERE ] updating countdown to 55509
[15:39:13.169] [SEVERE ] setting player 1 freeze to 8459
[15:39:13.196] [SEVERE ] updating countdown to 55460
[15:39:13.231] [SEVERE ] setting player 1 freeze to 8397
[15:39:13.256] [SEVERE ] updating countdown to 55400
[15:39:13.257] [SEVERE ] setting player 1 freeze to 8371
[15:39:13.282] [SEVERE ] updating countdown to 55374
[15:39:13.282] [SEVERE ] setting player 1 freeze to 8346
[15:39:13.308] [SEVERE ] updating countdown to 55348
[15:39:13.308] [SEVERE ] setting player 1 freeze to 8320
[15:39:13.331] [SEVERE ] key 83 was pressed by player 1
[15:39:13.334] [SEVERE ] updating countdown to 55322
[15:39:13.334] [SEVERE ] setting player 1 freeze to 8294
[15:39:13.359] [SEVERE ] updating countdown to 55297
[15:39:13.360] [SEVERE ] setting player 1 freeze to 8268
[15:39:13.386] [SEVERE ] updating countdown to 55270
[15:39:13.386] [SEVERE ] setting player 1 freeze to 8242
[15:39:13.412] [SEVERE ] updating countdown to 55244
[15:39:13.412] [SEVERE ] setting player 1 freeze to 8216
[15:39:13.438] [SEVERE ] updating countdown to 55218
[15:39:13.438] [SEVERE ] setting player 1 freeze to 8190
[15:39:13.464] [SEVERE ] updating countdown to 55192
[15:39:13.465] [SEVERE ] setting player 1 freeze to 8163
[15:39:13.490] [SEVERE ] updating countdown to 55166
[15:39:13.491] [SEVERE ] setting player 1 freeze to 8137
[15:39:13.516] [SEVERE ] updating countdown to 55140
[15:39:13.517] [SEVERE ] setting player 1 freeze to 8111
[15:39:13.542] [SEVERE ] updating countdown to 55114
[15:39:13.543] [SEVERE ] setting player 1 freeze to 8085
[15:39:13.569] [SEVERE ] updating countdown to 55087
[15:39:13.569] [SEVERE ] setting player 1 freeze to 8059
[15:39:13.595] [SEVERE ] updating countdown to 55061
[15:39:13.596] [SEVERE ] setting player 1 freeze to 8032
[15:39:13.622] [SEVERE ] updating countdown to 55034
[15:39:13.625] [SEVERE ] setting player 1 freeze to 8003
[15:39:13.651] [SEVERE ] updating countdown to 55005
[15:39:13.652] [SEVERE ] setting player 1 freeze to 7976
[15:39:13.678] [SEVERE ] updating countdown to 54978
[15:39:13.679] [SEVERE ] setting player 1 freeze to 7949
[15:39:13.705] [SEVERE ] updating countdown to 54951
[15:39:13.739] [SEVERE ] setting player 1 freeze to 7889
[15:39:13.765] [SEVERE ] updating countdown to 54891
[15:39:13.769] [SEVERE ] setting player 1 freeze to 7859
[15:39:13.795] [SEVERE ] updating countdown to 54861
[15:39:13.795] [SEVERE ] setting player 1 freeze to 7833
[15:39:13.821] [SEVERE ] updating countdown to 54835
[15:39:13.822] [SEVERE ] setting player 1 freeze to 7806
[15:39:13.848] [SEVERE ] updating countdown to 54809
[15:39:13.848] [SEVERE ] setting player 1 freeze to 7780
[15:39:13.858] [SEVERE ] key 68 was pressed by player 1
[15:39:13.874] [SEVERE ] updating countdown to 54782
[15:39:13.874] [SEVERE ] setting player 1 freeze to 7754
[15:39:13.900] [SEVERE ] updating countdown to 54756
[15:39:13.949] [SEVERE ] setting player 1 freeze to 7679
[15:39:13.975] [SEVERE ] updating countdown to 54681
[15:39:14.010] [SEVERE ] setting player 1 freeze to 7618
[15:39:14.035] [SEVERE ] updating countdown to 54621
[15:39:14.036] [SEVERE ] setting player 1 freeze to 7592
[15:39:14.061] [SEVERE ] updating countdown to 54595
[15:39:14.062] [SEVERE ] setting player 1 freeze to 7566
[15:39:14.087] [SEVERE ] updating countdown to 54569
[15:39:14.088] [SEVERE ] setting player 1 freeze to 7540
[15:39:14.113] [SEVERE ] updating countdown to 54543
[15:39:14.114] [SEVERE ] setting player 1 freeze to 7514
[15:39:14.141] [SEVERE ] updating countdown to 54515
[15:39:14.150] [SEVERE ] setting player 1 freeze to 7478
[15:39:14.177] [SEVERE ] updating countdown to 54479
[15:39:14.177] [SEVERE ] setting player 1 freeze to 7451
[15:39:14.203] [SEVERE ] updating countdown to 54453
[15:39:14.208] [SEVERE ] key 90 was pressed by player 1
[15:39:14.225] [SEVERE ] setting player 1 freeze to 7403
[15:39:14.262] [SEVERE ] updating countdown to 54394
[15:39:14.274] [SEVERE ] setting player 1 freeze to 7354
[15:39:14.300] [SEVERE ] updating countdown to 54356
[15:39:14.318] [SEVERE ] setting player 1 freeze to 7310
[15:39:14.344] [SEVERE ] updating countdown to 54312
[15:39:14.345] [SEVERE ] setting player 1 freeze to 7283
[15:39:14.346] [SEVERE ] key 67 was pressed by player 1
[15:39:14.371] [SEVERE ] updating countdown to 54285
[15:39:14.372] [SEVERE ] setting player 1 freeze to 7256
[15:39:14.399] [SEVERE ] updating countdown to 54257
[15:39:14.400] [SEVERE ] setting player 1 freeze to 7228
[15:39:14.425] [SEVERE ] updating countdown to 54231
[15:39:14.426] [SEVERE ] setting player 1 freeze to 7202
[15:39:14.452] [SEVERE ] updating countdown to 54204
[15:39:14.454] [SEVERE ] setting player 1 freeze to 7174
[15:39:14.479] [SEVERE ] updating countdown to 54177
[15:39:14.489] [SEVERE ] setting player 1 freeze to 7139
[15:39:14.515] [SEVERE ] updating countdown to 54142
[15:39:14.515] [SEVERE ] setting player 1 freeze to 7113
[15:39:14.540] [SEVERE ] updating countdown to 54116
[15:39:14.541] [SEVERE ] setting player 1 freeze to 7087
[15:39:14.567] [SEVERE ] updating countdown to 54089
[15:39:14.567] [SEVERE ] setting player 1 freeze to 7061
[15:39:14.587] [SEVERE ] key 65 was pressed by player 1
[15:39:14.593] [SEVERE ] updating countdown to 54063
[15:39:14.606] [SEVERE ] setting player 1 freeze to 7022
[15:39:14.632] [SEVERE ] updating countdown to 54024
[15:39:14.633] [SEVERE ] setting player 1 freeze to 6995
[15:39:14.659] [SEVERE ] updating countdown to 53998
[15:39:14.659] [SEVERE ] setting player 1 freeze to 6969
[15:39:14.685] [SEVERE ] updating countdown to 53971
[15:39:14.696] [SEVERE ] setting player 1 freeze to 6932
[15:39:14.721] [SEVERE ] updating countdown to 53935
[15:39:14.722] [SEVERE ] setting player 1 freeze to 6906
[15:39:14.747] [SEVERE ] updating countdown to 53909
[15:39:14.879] [SEVERE ] setting player 1 freeze to 6749
[15:39:14.906] [SEVERE ] updating countdown to 53750
[15:39:14.910] [SEVERE ] setting player 1 freeze to 6718
[15:39:14.936] [SEVERE ] updating countdown to 53720
[15:39:14.937] [SEVERE ] setting player 1 freeze to 6691
[15:39:14.938] [SEVERE ] key 86 was pressed by player 1
[15:39:14.964] [SEVERE ] updating countdown to 53692
[15:39:14.966] [SEVERE ] setting player 1 freeze to 6662
[15:39:14.991] [SEVERE ] updating countdown to 53665
[15:39:14.992] [SEVERE ] setting player 1 freeze to 6636
[15:39:15.017] [SEVERE ] updating countdown to 53639
[15:39:15.061] [SEVERE ] setting player 1 freeze to 6567
[15:39:15.087] [SEVERE ] updating countdown to 53569
[15:39:15.092] [SEVERE ] setting player 1 freeze to 6536
[15:39:15.120] [SEVERE ] updating countdown to 53536
[15:39:15.121] [SEVERE ] setting player 1 freeze to 6507
[15:39:15.146] [SEVERE ] updating countdown to 53510
[15:39:15.149] [SEVERE ] setting player 1 freeze to 6479
[15:39:15.174] [SEVERE ] updating countdown to 53482
[15:39:15.175] [SEVERE ] setting player 1 freeze to 6453
[15:39:15.200] [SEVERE ] updating countdown to 53456
[15:39:15.200] [SEVERE ] setting player 1 freeze to 6428
[15:39:15.226] [SEVERE ] updating countdown to 53430
[15:39:15.227] [SEVERE ] setting player 1 freeze to 6401
[15:39:15.253] [SEVERE ] updating countdown to 53403
[15:39:15.253] [SEVERE ] setting player 1 freeze to 6375
[15:39:15.279] [SEVERE ] updating countdown to 53377
[15:39:15.279] [SEVERE ] setting player 1 freeze to 6349
[15:39:15.298] [SEVERE ] key 68 was pressed by player 1
[15:39:15.304] [SEVERE ] updating countdown to 53352
[15:39:15.304] [SEVERE ] setting player 1 freeze to 6324
[15:39:15.330] [SEVERE ] updating countdown to 53326
[15:39:15.348] [SEVERE ] setting player 1 freeze to 6280
[15:39:15.374] [SEVERE ] updating countdown to 53282
[15:39:15.374] [SEVERE ] setting player 1 freeze to 6254
[15:39:15.400] [SEVERE ] updating countdown to 53256
[15:39:15.401] [SEVERE ] setting player 1 freeze to 6227
[15:39:15.427] [SEVERE ] updating countdown to 53229
[15:39:15.429] [SEVERE ] setting player 1 freeze to 6199
[15:39:15.455] [SEVERE ] updating countdown to 53201
[15:39:15.455] [SEVERE ] setting player 1 freeze to 6173
[15:39:15.481] [SEVERE ] updating countdown to 53175
[15:39:15.482] [SEVERE ] setting player 1 freeze to 6146
[15:39:15.483] [SEVERE ] key 83 was pressed by player 1
[15:39:15.507] [SEVERE ] updating countdown to 53149
[15:39:15.541] [SEVERE ] setting player 1 freeze to 6087
[15:39:15.567] [SEVERE ] updating countdown to 53089
[15:39:15.569] [SEVERE ] setting player 1 freeze to 6059
[15:39:15.594] [SEVERE ] updating countdown to 53062
[15:39:15.595] [SEVERE ] setting player 1 freeze to 6033
[15:39:15.620] [SEVERE ] updating countdown to 53036
[15:39:15.623] [SEVERE ] setting player 1 freeze to 6005
[15:39:15.649] [SEVERE ] updating countdown to 53007
[15:39:15.650] [SEVERE ] setting player 1 freeze to 5978
[15:39:15.675] [SEVERE ] updating countdown to 52981
[15:39:15.676] [SEVERE ] setting player 1 freeze to 5952
[15:39:15.702] [SEVERE ] updating countdown to 52954
[15:39:15.702] [SEVERE ] setting player 1 freeze to 5926
[15:39:15.727] [SEVERE ] updating countdown to 52929
[15:39:15.728] [SEVERE ] setting player 1 freeze to 5900
[15:39:15.754] [SEVERE ] updating countdown to 52902
[15:39:15.768] [SEVERE ] setting player 1 freeze to 5860
[15:39:15.794] [SEVERE ] updating countdown to 52862
[15:39:15.795] [SEVERE ] setting player 1 freeze to 5833
[15:39:15.820] [SEVERE ] updating countdown to 52836
[15:39:15.821] [SEVERE ] setting player 1 freeze to 5807
[15:39:15.846] [SEVERE ] updating countdown to 52810
[15:39:15.869] [SEVERE ] setting player 1 freeze to 5759
[15:39:15.894] [SEVERE ] updating countdown to 52762
[15:39:15.900] [SEVERE ] setting player 1 freeze to 5728
[15:39:15.925] [SEVERE ] updating countdown to 52731
[15:39:15.930] [SEVERE ] setting player 1 freeze to 5698
[15:39:15.955] [SEVERE ] updating countdown to 52701
[15:39:15.956] [SEVERE ] setting player 1 freeze to 5672
[15:39:15.982] [SEVERE ] updating countdown to 52674
[15:39:15.983] [SEVERE ] setting player 1 freeze to 5645
[15:39:16.009] [SEVERE ] updating countdown to 52647
[15:39:16.010] [SEVERE ] setting player 1 freeze to 5618
[15:39:16.035] [SEVERE ] updating countdown to 52621
[15:39:16.036] [SEVERE ] setting player 1 freeze to 5592
[15:39:16.062] [SEVERE ] updating countdown to 52594
[15:39:16.062] [SEVERE ] setting player 1 freeze to 5566
[15:39:16.089] [SEVERE ] updating countdown to 52567
[15:39:16.120] [SEVERE ] setting player 1 freeze to 5508
[15:39:16.146] [SEVERE ] updating countdown to 52510
[15:39:16.204] [SEVERE ] setting player 1 freeze to 5424
[15:39:16.230] [SEVERE ] updating countdown to 52426
[15:39:16.230] [SEVERE ] setting player 1 freeze to 5398
[15:39:16.256] [SEVERE ] updating countdown to 52400
[15:39:16.275] [SEVERE ] setting player 1 freeze to 5353
[15:39:16.301] [SEVERE ] updating countdown to 52355
[15:39:16.301] [SEVERE ] setting player 1 freeze to 5327
[15:39:16.327] [SEVERE ] updating countdown to 52329
[15:39:16.328] [SEVERE ] setting player 1 freeze to 5300
[15:39:16.353] [SEVERE ] updating countdown to 52303
[15:39:16.354] [SEVERE ] setting player 1 freeze to 5274
[15:39:16.379] [SEVERE ] updating countdown to 52277
[15:39:16.380] [SEVERE ] setting player 1 freeze to 5248
[15:39:16.406] [SEVERE ] updating countdown to 52250
[15:39:16.408] [SEVERE ] setting player 1 freeze to 5220
[15:39:16.434] [SEVERE ] updating countdown to 52222
[15:39:16.434] [SEVERE ] setting player 1 freeze to 5194
[15:39:16.459] [SEVERE ] updating countdown to 52197
[15:39:16.460] [SEVERE ] setting player 1 freeze to 5168
[15:39:16.486] [SEVERE ] updating countdown to 52170
[15:39:16.487] [SEVERE ] setting player 1 freeze to 5141
[15:39:16.512] [SEVERE ] updating countdown to 52144
[15:39:16.533] [SEVERE ] setting player 1 freeze to 5095
[15:39:16.558] [SEVERE ] updating countdown to 52098
[15:39:16.559] [SEVERE ] setting player 1 freeze to 5069
[15:39:16.585] [SEVERE ] updating countdown to 52071
[15:39:16.586] [SEVERE ] setting player 1 freeze to 5042
[15:39:16.612] [SEVERE ] updating countdown to 52044
[15:39:16.613] [SEVERE ] setting player 1 freeze to 5015
[15:39:16.639] [SEVERE ] updating countdown to 52017
[15:39:16.639] [SEVERE ] setting player 1 freeze to 4989
[15:39:16.666] [SEVERE ] updating countdown to 51990
[15:39:16.666] [SEVERE ] setting player 1 freeze to 4962
[15:39:16.692] [SEVERE ] updating countdown to 51964
[15:39:16.693] [SEVERE ] setting player 1 freeze to 4935
[15:39:16.720] [SEVERE ] updating countdown to 51936
[15:39:16.721] [SEVERE ] setting player 1 freeze to 4907
[15:39:16.746] [SEVERE ] updating countdown to 51910
[15:39:16.776] [SEVERE ] setting player 1 freeze to 4852
[15:39:16.801] [SEVERE ] updating countdown to 51855
[15:39:16.802] [SEVERE ] setting player 1 freeze to 4826
[15:39:16.828] [SEVERE ] updating countdown to 51828
[15:39:16.830] [SEVERE ] setting player 1 freeze to 4798
[15:39:16.856] [SEVERE ] updating countdown to 51800
[15:39:16.856] [SEVERE ] setting player 1 freeze to 4772
[15:39:16.882] [SEVERE ] updating countdown to 51774
[15:39:16.885] [SEVERE ] setting player 1 freeze to 4743
[15:39:16.911] [SEVERE ] updating countdown to 51745
[15:39:16.911] [SEVERE ] setting player 1 freeze to 4717
[15:39:16.937] [SEVERE ] updating countdown to 51719
[15:39:16.938] [SEVERE ] setting player 1 freeze to 4690
[15:39:16.964] [SEVERE ] updating countdown to 51692
[15:39:16.965] [SEVERE ] setting player 1 freeze to 4663
[15:39:16.991] [SEVERE ] updating countdown to 51665
[15:39:16.992] [SEVERE ] setting player 1 freeze to 4636
[15:39:17.018] [SEVERE ] updating countdown to 51638
[15:39:17.019] [SEVERE ] setting player 1 freeze to 4609
[15:39:17.044] [SEVERE ] updating countdown to 51612
[15:39:17.045] [SEVERE ] setting player 1 freeze to 4583
[15:39:17.070] [SEVERE ] updating countdown to 51586
[15:39:17.099] [SEVERE ] setting player 1 freeze to 4529
[15:39:17.125] [SEVERE ] updating countdown to 51531
[15:39:17.125] [SEVERE ] setting player 1 freeze to 4503
[15:39:17.150] [SEVERE ] updating countdown to 51506
[15:39:17.151] [SEVERE ] setting player 1 freeze to 4477
[15:39:17.176] [SEVERE ] updating countdown to 51480
[15:39:17.177] [SEVERE ] setting player 1 freeze to 4451
[15:39:17.202] [SEVERE ] updating countdown to 51454
[15:39:17.205] [SEVERE ] setting player 1 freeze to 4423
[15:39:17.230] [SEVERE ] updating countdown to 51426
[15:39:17.230] [SEVERE ] setting player 1 freeze to 4398
[15:39:17.256] [SEVERE ] updating countdown to 51400
[15:39:17.256] [SEVERE ] setting player 1 freeze to 4372
[15:39:17.282] [SEVERE ] updating countdown to 51374
[15:39:17.302] [SEVERE ] setting player 1 freeze to 4326
[15:39:17.330] [SEVERE ] updating countdown to 51326
[15:39:17.331] [SEVERE ] setting player 1 freeze to 4297
[15:39:17.357] [SEVERE ] updating countdown to 51299
[15:39:17.357] [SEVERE ] setting player 1 freeze to 4271
[15:39:17.383] [SEVERE ] updating countdown to 51273
[15:39:17.384] [SEVERE ] setting player 1 freeze to 4244
[15:39:17.410] [SEVERE ] updating countdown to 51246
[15:39:17.410] [SEVERE ] setting player 1 freeze to 4218
[15:39:17.436] [SEVERE ] updating countdown to 51220
[15:39:17.437] [SEVERE ] setting player 1 freeze to 4191
[15:39:17.462] [SEVERE ] updating countdown to 51194
[15:39:17.463] [SEVERE ] setting player 1 freeze to 4165
[15:39:17.489] [SEVERE ] updating countdown to 51167
[15:39:17.490] [SEVERE ] setting player 1 freeze to 4138
[15:39:17.516] [SEVERE ] updating countdown to 51140
[15:39:17.517] [SEVERE ] setting player 1 freeze to 4111
[15:39:17.542] [SEVERE ] updating countdown to 51114
[15:39:17.543] [SEVERE ] setting player 1 freeze to 4085
[15:39:17.569] [SEVERE ] updating countdown to 51087
[15:39:17.579] [SEVERE ] setting player 1 freeze to 4049
[15:39:17.608] [SEVERE ] updating countdown to 51048
[15:39:17.631] [SEVERE ] setting player 1 freeze to 3997
[15:39:17.656] [SEVERE ] updating countdown to 51000
[15:39:17.666] [SEVERE ] setting player 1 freeze to 3962
[15:39:17.691] [SEVERE ] updating countdown to 50965
[15:39:17.692] [SEVERE ] setting player 1 freeze to 3936
[15:39:17.717] [SEVERE ] updating countdown to 50939
[15:39:17.718] [SEVERE ] setting player 1 freeze to 3910
[15:39:17.743] [SEVERE ] updating countdown to 50913
[15:39:17.744] [SEVERE ] setting player 1 freeze to 3884
[15:39:17.769] [SEVERE ] updating countdown to 50887
[15:39:17.769] [SEVERE ] setting player 1 freeze to 3859
[15:39:17.795] [SEVERE ] updating countdown to 50861
[15:39:17.799] [SEVERE ] setting player 1 freeze to 3829
[15:39:17.825] [SEVERE ] updating countdown to 50831
[15:39:17.825] [SEVERE ] setting player 1 freeze to 3803
[15:39:17.851] [SEVERE ] updating countdown to 50805
[15:39:17.851] [SEVERE ] setting player 1 freeze to 3777
[15:39:17.877] [SEVERE ] updating countdown to 50779
[15:39:17.877] [SEVERE ] setting player 1 freeze to 3751
[15:39:17.903] [SEVERE ] updating countdown to 50753
[15:39:17.903] [SEVERE ] setting player 1 freeze to 3725
[15:39:17.929] [SEVERE ] updating countdown to 50727
[15:39:17.930] [SEVERE ] setting player 1 freeze to 3698
[15:39:17.956] [SEVERE ] updating countdown to 50700
[15:39:17.957] [SEVERE ] setting player 1 freeze to 3671
[15:39:17.982] [SEVERE ] updating countdown to 50674
[15:39:17.983] [SEVERE ] setting player 1 freeze to 3645
[15:39:18.009] [SEVERE ] updating countdown to 50647
[15:39:18.009] [SEVERE ] setting player 1 freeze to 3619
[15:39:18.035] [SEVERE ] updating countdown to 50621
[15:39:18.036] [SEVERE ] setting player 1 freeze to 3592
[15:39:18.063] [SEVERE ] updating countdown to 50593
[15:39:18.063] [SEVERE ] setting player 1 freeze to 3565
[15:39:18.089] [SEVERE ] updating countdown to 50567
[15:39:18.090] [SEVERE ] setting player 1 freeze to 3538
[15:39:18.116] [SEVERE ] updating countdown to 50540
[15:39:18.116] [SEVERE ] setting player 1 freeze to 3512
[15:39:18.142] [SEVERE ] updating countdown to 50514
[15:39:18.143] [SEVERE ] setting player 1 freeze to 3485
[15:39:18.168] [SEVERE ] updating countdown to 50488
[15:39:18.169] [SEVERE ] setting player 1 freeze to 3459
[15:39:18.195] [SEVERE ] updating countdown to 50461
[15:39:18.197] [SEVERE ] setting player 1 freeze to 3431
[15:39:18.224] [SEVERE ] updating countdown to 50432
[15:39:18.225] [SEVERE ] setting player 1 freeze to 3403
[15:39:18.250] [SEVERE ] updating countdown to 50406
[15:39:18.270] [SEVERE ] setting player 1 freeze to 3358
[15:39:18.296] [SEVERE ] updating countdown to 50360
[15:39:18.296] [SEVERE ] setting player 1 freeze to 3332
[15:39:18.322] [SEVERE ] updating countdown to 50334
[15:39:18.322] [SEVERE ] setting player 1 freeze to 3306
[15:39:18.348] [SEVERE ] updating countdown to 50308
[15:39:18.348] [SEVERE ] setting player 1 freeze to 3280
[15:39:18.374] [SEVERE ] updating countdown to 50282
[15:39:18.389] [SEVERE ] setting player 1 freeze to 3239
[15:39:18.422] [SEVERE ] updating countdown to 50234
[15:39:18.449] [SEVERE ] setting player 1 freeze to 3179
[15:39:18.474] [SEVERE ] updating countdown to 50182
[15:39:18.474] [SEVERE ] setting player 1 freeze to 3154
[15:39:18.500] [SEVERE ] updating countdown to 50156
[15:39:18.500] [SEVERE ] setting player 1 freeze to 3128
[15:39:18.526] [SEVERE ] updating countdown to 50130
[15:39:18.526] [SEVERE ] setting player 1 freeze to 3102
[15:39:18.552] [SEVERE ] updating countdown to 50104
[15:39:18.553] [SEVERE ] setting player 1 freeze to 3075
[15:39:18.580] [SEVERE ] updating countdown to 50076
[15:39:18.582] [SEVERE ] setting player 1 freeze to 3046
[15:39:18.607] [SEVERE ] updating countdown to 50049
[15:39:18.608] [SEVERE ] setting player 1 freeze to 3020
[15:39:18.633] [SEVERE ] updating countdown to 50023
[15:39:18.634] [SEVERE ] setting player 1 freeze to 2994
[15:39:18.660] [SEVERE ] updating countdown to 49996
[15:39:18.661] [SEVERE ] setting player 1 freeze to 2967
[15:39:18.687] [SEVERE ] updating countdown to 49969
[15:39:18.688] [SEVERE ] setting player 1 freeze to 2940
[15:39:18.714] [SEVERE ] updating countdown to 49942
[15:39:18.714] [SEVERE ] setting player 1 freeze to 2914
[15:39:18.740] [SEVERE ] updating countdown to 49916
[15:39:18.741] [SEVERE ] setting player 1 freeze to 2887
[15:39:18.767] [SEVERE ] updating countdown to 49889
[15:39:18.768] [SEVERE ] setting player 1 freeze to 2860
[15:39:18.794] [SEVERE ] updating countdown to 49862
[15:39:18.795] [SEVERE ] setting player 1 freeze to 2833
[15:39:18.821] [SEVERE ] updating countdown to 49835
[15:39:18.822] [SEVERE ] setting player 1 freeze to 2806
[15:39:18.848] [SEVERE ] updating countdown to 49808
[15:39:18.848] [SEVERE ] setting player 1 freeze to 2780
[15:39:18.873] [SEVERE ] updating countdown to 49783
[15:39:18.901] [SEVERE ] setting player 1 freeze to 2727
[15:39:18.927] [SEVERE ] updating countdown to 49729
[15:39:18.929] [SEVERE ] setting player 1 freeze to 2699
[15:39:18.955] [SEVERE ] updating countdown to 49701
[15:39:18.960] [SEVERE ] setting player 1 freeze to 2668
[15:39:18.986] [SEVERE ] updating countdown to 49670
[15:39:18.986] [SEVERE ] setting player 1 freeze to 2642
[15:39:19.012] [SEVERE ] updating countdown to 49644
[15:39:19.012] [SEVERE ] setting player 1 freeze to 2616
[15:39:19.038] [SEVERE ] updating countdown to 49618
[15:39:19.038] [SEVERE ] setting player 1 freeze to 2590
[15:39:19.064] [SEVERE ] updating countdown to 49592
[15:39:19.064] [SEVERE ] setting player 1 freeze to 2564
[15:39:19.090] [SEVERE ] updating countdown to 49566
[15:39:19.091] [SEVERE ] setting player 1 freeze to 2537
[15:39:19.117] [SEVERE ] updating countdown to 49539
[15:39:19.117] [SEVERE ] setting player 1 freeze to 2511
[15:39:19.143] [SEVERE ] updating countdown to 49513
[15:39:19.144] [SEVERE ] setting player 1 freeze to 2484
[15:39:19.198] [SEVERE ] updating countdown to 49458
[15:39:19.198] [SEVERE ] setting player 1 freeze to 2430
[15:39:19.224] [SEVERE ] updating countdown to 49432
[15:39:19.224] [SEVERE ] setting player 1 freeze to 2404
[15:39:19.250] [SEVERE ] updating countdown to 49406
[15:39:19.259] [SEVERE ] setting player 1 freeze to 2369
[15:39:19.284] [SEVERE ] updating countdown to 49372
[15:39:19.285] [SEVERE ] setting player 1 freeze to 2343
[15:39:19.311] [SEVERE ] updating countdown to 49345
[15:39:19.312] [SEVERE ] setting player 1 freeze to 2316
[15:39:19.338] [SEVERE ] updating countdown to 49318
[15:39:19.338] [SEVERE ] setting player 1 freeze to 2290
[15:39:19.364] [SEVERE ] updating countdown to 49292
[15:39:19.364] [SEVERE ] setting player 1 freeze to 2264
[15:39:19.389] [SEVERE ] updating countdown to 49267
[15:39:19.390] [SEVERE ] setting player 1 freeze to 2238
[15:39:19.415] [SEVERE ] updating countdown to 49241
[15:39:19.415] [SEVERE ] setting player 1 freeze to 2213
[15:39:19.441] [SEVERE ] updating countdown to 49215
[15:39:19.459] [SEVERE ] setting player 1 freeze to 2169
[15:39:19.485] [SEVERE ] updating countdown to 49171
[15:39:19.485] [SEVERE ] setting player 1 freeze to 2143
[15:39:19.510] [SEVERE ] updating countdown to 49146
[15:39:19.521] [SEVERE ] setting player 1 freeze to 2107
[15:39:19.547] [SEVERE ] updating countdown to 49110
[15:39:19.548] [SEVERE ] setting player 1 freeze to 2081
[15:39:19.597] [SEVERE ] updating countdown to 49059
[15:39:19.598] [SEVERE ] setting player 1 freeze to 2030
[15:39:19.623] [SEVERE ] updating countdown to 49033
[15:39:19.624] [SEVERE ] setting player 1 freeze to 2004
[15:39:19.650] [SEVERE ] updating countdown to 49006
[15:39:19.672] [SEVERE ] setting player 1 freeze to 1956
[15:39:19.698] [SEVERE ] updating countdown to 48958
[15:39:19.699] [SEVERE ] setting player 1 freeze to 1929
[15:39:19.724] [SEVERE ] updating countdown to 48932
[15:39:19.725] [SEVERE ] setting player 1 freeze to 1903
[15:39:19.751] [SEVERE ] updating countdown to 48905
[15:39:19.752] [SEVERE ] setting player 1 freeze to 1876
[15:39:19.777] [SEVERE ] updating countdown to 48879
[15:39:19.778] [SEVERE ] setting player 1 freeze to 1850
[15:39:19.803] [SEVERE ] updating countdown to 48853
[15:39:19.804] [SEVERE ] setting player 1 freeze to 1824
[15:39:19.829] [SEVERE ] updating countdown to 48827
[15:39:19.861] [SEVERE ] setting player 1 freeze to 1767
[15:39:19.886] [SEVERE ] updating countdown to 48770
[15:39:19.894] [SEVERE ] setting player 1 freeze to 1734
[15:39:19.920] [SEVERE ] updating countdown to 48736
[15:39:19.920] [SEVERE ] setting player 1 freeze to 1708
[15:39:19.946] [SEVERE ] updating countdown to 48710
[15:39:19.946] [SEVERE ] setting player 1 freeze to 1682
[15:39:19.972] [SEVERE ] updating countdown to 48684
[15:39:19.973] [SEVERE ] setting player 1 freeze to 1655
[15:39:19.998] [SEVERE ] updating countdown to 48658
[15:39:19.999] [SEVERE ] setting player 1 freeze to 1629
[15:39:20.025] [SEVERE ] updating countdown to 48631
[15:39:20.026] [SEVERE ] setting player 1 freeze to 1602
[15:39:20.051] [SEVERE ] updating countdown to 48605
[15:39:20.053] [SEVERE ] setting player 1 freeze to 1575
[15:39:20.078] [SEVERE ] updating countdown to 48578
[15:39:20.078] [SEVERE ] setting player 1 freeze to 1550
[15:39:20.104] [SEVERE ] updating countdown to 48552
[15:39:20.105] [SEVERE ] setting player 1 freeze to 1523
[15:39:20.131] [SEVERE ] updating countdown to 48525
[15:39:20.164] [SEVERE ] setting player 1 freeze to 1464
[15:39:20.190] [SEVERE ] updating countdown to 48466
[15:39:20.190] [SEVERE ] setting player 1 freeze to 1438
[15:39:20.216] [SEVERE ] updating countdown to 48440
[15:39:20.217] [SEVERE ] setting player 1 freeze to 1411
[15:39:20.243] [SEVERE ] updating countdown to 48413
[15:39:20.243] [SEVERE ] setting player 1 freeze to 1385
[15:39:20.269] [SEVERE ] updating countdown to 48387
[15:39:20.298] [SEVERE ] setting player 1 freeze to 1330
[15:39:20.323] [SEVERE ] updating countdown to 48333
[15:39:20.324] [SEVERE ] setting player 1 freeze to 1304
[15:39:20.349] [SEVERE ] updating countdown to 48307
[15:39:20.350] [SEVERE ] setting player 1 freeze to 1278
[15:39:20.375] [SEVERE ] updating countdown to 48281
[15:39:20.376] [SEVERE ] setting player 1 freeze to 1252
[15:39:20.402] [SEVERE ] updating countdown to 48254
[15:39:20.402] [SEVERE ] setting player 1 freeze to 1226
[15:39:20.431] [SEVERE ] updating countdown to 48225
[15:39:20.432] [SEVERE ] setting player 1 freeze to 1196
[15:39:20.457] [SEVERE ] updating countdown to 48199
[15:39:20.491] [SEVERE ] setting player 1 freeze to 1137
[15:39:20.517] [SEVERE ] updating countdown to 48139
[15:39:20.550] [SEVERE ] setting player 1 freeze to 1078
[15:39:20.575] [SEVERE ] updating countdown to 48081
[15:39:20.576] [SEVERE ] setting player 1 freeze to 1052
[15:39:20.601] [SEVERE ] updating countdown to 48055
[15:39:20.602] [SEVERE ] setting player 1 freeze to 1026
[15:39:20.628] [SEVERE ] updating countdown to 48028
[15:39:20.628] [SEVERE ] setting player 1 freeze to 1000
[15:39:20.654] [SEVERE ] updating countdown to 48002
[15:39:20.654] [SEVERE ] setting player 1 freeze to 974
[15:39:20.680] [SEVERE ] updating countdown to 47976
[15:39:20.682] [SEVERE ] setting player 1 freeze to 946
[15:39:20.709] [SEVERE ] updating countdown to 47947
[15:39:20.709] [SEVERE ] setting player 1 freeze to 919
[15:39:20.735] [SEVERE ] updating countdown to 47921
[15:39:20.735] [SEVERE ] setting player 1 freeze to 893
[15:39:20.761] [SEVERE ] updating countdown to 47895
[15:39:20.762] [SEVERE ] setting player 1 freeze to 866
[15:39:20.788] [SEVERE ] updating countdown to 47868
[15:39:20.789] [SEVERE ] setting player 1 freeze to 839
[15:39:20.815] [SEVERE ] updating countdown to 47841
[15:39:20.815] [SEVERE ] setting player 1 freeze to 813
[15:39:20.841] [SEVERE ] updating countdown to 47815
[15:39:20.841] [SEVERE ] setting player 1 freeze to 787
[15:39:20.867] [SEVERE ] updating countdown to 47789
[15:39:20.867] [SEVERE ] setting player 1 freeze to 761
[15:39:20.893] [SEVERE ] updating countdown to 47763
[15:39:20.917] [SEVERE ] setting player 1 freeze to 711
[15:39:20.943] [SEVERE ] updating countdown to 47713
[15:39:20.969] [SEVERE ] setting player 1 freeze to 659
[15:39:20.995] [SEVERE ] updating countdown to 47661
[15:39:20.995] [SEVERE ] setting player 1 freeze to 633
[15:39:21.021] [SEVERE ] updating countdown to 47635
[15:39:21.021] [SEVERE ] setting player 1 freeze to 607
[15:39:21.047] [SEVERE ] updating countdown to 47609
[15:39:21.047] [SEVERE ] setting player 1 freeze to 581
[15:39:21.073] [SEVERE ] updating countdown to 47583
[15:39:21.076] [SEVERE ] setting player 1 freeze to 552
[15:39:21.102] [SEVERE ] updating countdown to 47554
[15:39:21.102] [SEVERE ] setting player 1 freeze to 526
[15:39:21.128] [SEVERE ] updating countdown to 47528
[15:39:21.129] [SEVERE ] setting player 1 freeze to 499
[15:39:21.154] [SEVERE ] updating countdown to 47502
[15:39:21.155] [SEVERE ] setting player 1 freeze to 473
[15:39:21.180] [SEVERE ] updating countdown to 47476
[15:39:21.181] [SEVERE ] setting player 1 freeze to 447
[15:39:21.206] [SEVERE ] updating countdown to 47450
[15:39:21.239] [SEVERE ] setting player 1 freeze to 389
[15:39:21.265] [SEVERE ] updating countdown to 47391
[15:39:21.299] [SEVERE ] setting player 1 freeze to 329
[15:39:21.325] [SEVERE ] updating countdown to 47331
[15:39:21.326] [SEVERE ] setting player 1 freeze to 302
[15:39:21.351] [SEVERE ] updating countdown to 47305
[15:39:21.352] [SEVERE ] setting player 1 freeze to 276
[15:39:21.377] [SEVERE ] updating countdown to 47279
[15:39:21.378] [SEVERE ] setting player 1 freeze to 250
[15:39:21.403] [SEVERE ] updating countdown to 47253
[15:39:21.440] [SEVERE ] setting player 1 freeze to 188
[15:39:21.465] [SEVERE ] updating countdown to 47191
[15:39:21.466] [SEVERE ] setting player 1 freeze to 162
[15:39:21.492] [SEVERE ] updating countdown to 47164
[15:39:21.492] [SEVERE ] setting player 1 freeze to 136
[15:39:21.518] [SEVERE ] updating countdown to 47138
[15:39:21.518] [SEVERE ] setting player 1 freeze to 110
[15:39:21.544] [SEVERE ] updating countdown to 47112
[15:39:21.544] [SEVERE ] setting player 1 freeze to 84
[15:39:21.570] [SEVERE ] updating countdown to 47086
[15:39:21.570] [SEVERE ] setting player 1 freeze to 58
[15:39:21.595] [SEVERE ] updating countdown to 47061
[15:39:21.609] [SEVERE ] setting player 1 freeze to 19
[15:39:21.634] [SEVERE ] updating countdown to 47022
[15:39:21.661] [SEVERE ] setting player 1 freeze to -33
[15:39:21.687] [SEVERE ] updating countdown to 46969
[15:39:21.725] [SEVERE ] updating countdown to 46931
[15:39:21.751] [SEVERE ] updating countdown to 46905
[15:39:21.776] [SEVERE ] updating countdown to 46880
[15:39:21.802] [SEVERE ] updating countdown to 46854
[15:39:21.827] [SEVERE ] updating countdown to 46829
[15:39:21.853] [SEVERE ] updating countdown to 46803
[15:39:21.879] [SEVERE ] updating countdown to 46777
[15:39:21.906] [SEVERE ] updating countdown to 46750
[15:39:21.935] [SEVERE ] updating countdown to 46721
[15:39:21.961] [SEVERE ] updating countdown to 46695
[15:39:22.044] [SEVERE ] updating countdown to 46612
[15:39:22.070] [SEVERE ] updating countdown to 46587
[15:39:22.104] [SEVERE ] updating countdown to 46552
[15:39:22.130] [SEVERE ] updating countdown to 46526
[15:39:22.156] [SEVERE ] updating countdown to 46500
[15:39:22.181] [SEVERE ] updating countdown to 46475
[15:39:22.207] [SEVERE ] updating countdown to 46449
[15:39:22.263] [SEVERE ] updating countdown to 46393
[15:39:22.314] [SEVERE ] updating countdown to 46342
[15:39:22.344] [SEVERE ] updating countdown to 46312
[15:39:22.370] [SEVERE ] updating countdown to 46286
[15:39:22.396] [SEVERE ] updating countdown to 46260
[15:39:22.421] [SEVERE ] updating countdown to 46235
[15:39:22.447] [SEVERE ] updating countdown to 46209
[15:39:22.472] [SEVERE ] updating countdown to 46184
[15:39:22.498] [SEVERE ] updating countdown to 46158
[15:39:22.523] [SEVERE ] updating countdown to 46133
[15:39:22.585] [SEVERE ] updating countdown to 46071
[15:39:22.704] [SEVERE ] updating countdown to 45952
[15:39:22.730] [SEVERE ] updating countdown to 45926
[15:39:22.755] [SEVERE ] updating countdown to 45901
[15:39:22.787] [SEVERE ] updating countdown to 45869
[15:39:22.815] [SEVERE ] updating countdown to 45841
[15:39:22.886] [SEVERE ] updating countdown to 45770
[15:39:22.920] [SEVERE ] updating countdown to 45736
[15:39:22.946] [SEVERE ] updating countdown to 45710
[15:39:22.971] [SEVERE ] updating countdown to 45685
[15:39:22.997] [SEVERE ] updating countdown to 45659
[15:39:23.023] [SEVERE ] updating countdown to 45633
[15:39:23.049] [SEVERE ] updating countdown to 45607
[15:39:23.095] [SEVERE ] updating countdown to 45561
[15:39:23.120] [SEVERE ] updating countdown to 45536
[15:39:23.152] [SEVERE ] updating countdown to 45504
[15:39:23.178] [SEVERE ] updating countdown to 45478
[15:39:23.204] [SEVERE ] updating countdown to 45452
[15:39:23.230] [SEVERE ] updating countdown to 45426
[15:39:23.255] [SEVERE ] updating countdown to 45401
[15:39:23.281] [SEVERE ] updating countdown to 45375
[15:39:23.334] [SEVERE ] updating countdown to 45322
[15:39:23.364] [SEVERE ] updating countdown to 45292
[15:39:23.390] [SEVERE ] updating countdown to 45266
[15:39:23.415] [SEVERE ] updating countdown to 45241
[15:39:23.441] [SEVERE ] updating countdown to 45215
[15:39:23.467] [SEVERE ] updating countdown to 45189
[15:39:23.493] [SEVERE ] updating countdown to 45163
[15:39:23.518] [SEVERE ] updating countdown to 45138
[15:39:23.586] [SEVERE ] updating countdown to 45070
[15:39:23.616] [SEVERE ] updating countdown to 45040
[15:39:23.641] [SEVERE ] updating countdown to 45015
[15:39:23.667] [SEVERE ] updating countdown to 44989
[15:39:23.693] [SEVERE ] updating countdown to 44963
[15:39:23.718] [SEVERE ] updating countdown to 44938
[15:39:23.744] [SEVERE ] updating countdown to 44912
[15:39:23.785] [SEVERE ] updating countdown to 44871
[15:39:23.810] [SEVERE ] updating countdown to 44846
[15:39:23.836] [SEVERE ] updating countdown to 44820
[15:39:23.861] [SEVERE ] updating countdown to 44795
[15:39:23.887] [SEVERE ] updating countdown to 44769
[15:39:23.912] [SEVERE ] updating countdown to 44744
[15:39:23.953] [SEVERE ] updating countdown to 44703
[15:39:23.979] [SEVERE ] updating countdown to 44677
[15:39:24.056] [SEVERE ] updating countdown to 44600
[15:39:24.081] [SEVERE ] updating countdown to 44575
[15:39:24.114] [SEVERE ] updating countdown to 44542
[15:39:24.140] [SEVERE ] updating countdown to 44516
[15:39:24.173] [SEVERE ] updating countdown to 44483
[15:39:24.204] [SEVERE ] updating countdown to 44452
[15:39:24.230] [SEVERE ] updating countdown to 44426
[15:39:24.281] [SEVERE ] updating countdown to 44375
[15:39:24.306] [SEVERE ] updating countdown to 44350
[15:39:24.332] [SEVERE ] updating countdown to 44324
[15:39:24.359] [SEVERE ] updating countdown to 44297
[15:39:24.384] [SEVERE ] updating countdown to 44272
[15:39:24.410] [SEVERE ] updating countdown to 44246
[15:39:24.476] [SEVERE ] updating countdown to 44180
[15:39:24.536] [SEVERE ] updating countdown to 44120
[15:39:24.572] [SEVERE ] updating countdown to 44084
[15:39:24.598] [SEVERE ] updating countdown to 44058
[15:39:24.623] [SEVERE ] updating countdown to 44033
[15:39:24.648] [SEVERE ] updating countdown to 44008
[15:39:24.674] [SEVERE ] updating countdown to 43982
[15:39:24.700] [SEVERE ] updating countdown to 43956
[15:39:24.743] [SEVERE ] updating countdown to 43913
[15:39:24.774] [SEVERE ] updating countdown to 43882
[15:39:24.834] [SEVERE ] updating countdown to 43822
[15:39:24.850] [SEVERE ] key 83 was pressed by player 1
[15:39:24.864] [SEVERE ] updating countdown to 43792
[15:39:24.889] [SEVERE ] updating countdown to 43767
[15:39:24.915] [SEVERE ] updating countdown to 43741
[15:39:24.946] [SEVERE ] updating countdown to 43710
[15:39:24.972] [SEVERE ] updating countdown to 43684
[15:39:24.997] [SEVERE ] updating countdown to 43659
[15:39:25.047] [SEVERE ] updating countdown to 43609
[15:39:25.075] [SEVERE ] updating countdown to 43581
[15:39:25.100] [SEVERE ] updating countdown to 43556
[15:39:25.126] [SEVERE ] updating countdown to 43530
[15:39:25.151] [SEVERE ] updating countdown to 43505
[15:39:25.190] [SEVERE ] updating countdown to 43466
[15:39:25.215] [SEVERE ] updating countdown to 43441
[15:39:25.315] [SEVERE ] updating countdown to 43341
[15:39:25.347] [SEVERE ] updating countdown to 43309
[15:39:25.373] [SEVERE ] updating countdown to 43283
[15:39:25.399] [SEVERE ] updating countdown to 43257
[15:39:25.424] [SEVERE ] updating countdown to 43232
[15:39:25.450] [SEVERE ] updating countdown to 43206
[15:39:25.476] [SEVERE ] updating countdown to 43180
[15:39:25.525] [SEVERE ] updating countdown to 43131
[15:39:25.556] [SEVERE ] updating countdown to 43100
[15:39:25.582] [SEVERE ] updating countdown to 43074
[15:39:25.607] [SEVERE ] updating countdown to 43049
[15:39:25.633] [SEVERE ] updating countdown to 43023
[15:39:25.659] [SEVERE ] updating countdown to 42997
[15:39:25.685] [SEVERE ] updating countdown to 42971
[15:39:25.710] [SEVERE ] updating countdown to 42946
[15:39:25.736] [SEVERE ] updating countdown to 42920
[15:39:25.798] [SEVERE ] updating countdown to 42858
[15:39:25.854] [SEVERE ] updating countdown to 42802
[15:39:25.880] [SEVERE ] updating countdown to 42776
[15:39:25.905] [SEVERE ] updating countdown to 42751
[15:39:25.931] [SEVERE ] updating countdown to 42725
[15:39:25.957] [SEVERE ] updating countdown to 42699
[15:39:25.982] [SEVERE ] updating countdown to 42674
[15:39:26.008] [SEVERE ] updating countdown to 42648
[15:39:26.033] [SEVERE ] updating countdown to 42623
[15:39:26.059] [SEVERE ] updating countdown to 42597
[15:39:26.090] [SEVERE ] key 83 was pressed by player 1
[15:39:26.093] [SEVERE ] updating countdown to 42563
[15:39:26.118] [SEVERE ] updating countdown to 42538
[15:39:26.143] [SEVERE ] updating countdown to 42513
[15:39:26.185] [SEVERE ] updating countdown to 42471
[15:39:26.211] [SEVERE ] updating countdown to 42445
[15:39:26.237] [SEVERE ] updating countdown to 42419
[15:39:26.287] [SEVERE ] updating countdown to 42369
[15:39:26.313] [SEVERE ] updating countdown to 42343
[15:39:26.315] [SEVERE ] key 68 was pressed by player 1
[15:39:26.338] [SEVERE ] updating countdown to 42318
[15:39:26.364] [SEVERE ] updating countdown to 42292
[15:39:26.391] [SEVERE ] updating countdown to 42265
[15:39:26.417] [SEVERE ] updating countdown to 42239
[15:39:26.443] [SEVERE ] updating countdown to 42213
[15:39:26.484] [SEVERE ] updating countdown to 42172
[15:39:26.515] [SEVERE ] updating countdown to 42141
[15:39:26.541] [SEVERE ] updating countdown to 42115
[15:39:26.566] [SEVERE ] updating countdown to 42090
[15:39:26.600] [SEVERE ] updating countdown to 42056
[15:39:26.627] [SEVERE ] updating countdown to 42029
[15:39:26.652] [SEVERE ] updating countdown to 42004
[15:39:26.678] [SEVERE ] updating countdown to 41978
[15:39:26.705] [SEVERE ] updating countdown to 41951
[15:39:26.731] [SEVERE ] updating countdown to 41925
[15:39:26.756] [SEVERE ] updating countdown to 41900
[15:39:26.782] [SEVERE ] updating countdown to 41874
[15:39:26.881] [SEVERE ] updating countdown to 41775
[15:39:26.891] [SEVERE ] key 65 was pressed by player 1
[15:39:26.911] [SEVERE ] updating countdown to 41745
[15:39:26.999] [SEVERE ] updating countdown to 41657
[15:39:27.025] [SEVERE ] updating countdown to 41631
[15:39:27.050] [SEVERE ] updating countdown to 41606
[15:39:27.115] [SEVERE ] updating countdown to 41541
[15:39:27.141] [SEVERE ] updating countdown to 41515
[15:39:27.166] [SEVERE ] updating countdown to 41490
[15:39:27.192] [SEVERE ] updating countdown to 41464
[15:39:27.218] [SEVERE ] updating countdown to 41438
[15:39:27.243] [SEVERE ] updating countdown to 41413
[15:39:27.269] [SEVERE ] updating countdown to 41387
[15:39:27.302] [SEVERE ] updating countdown to 41354
[15:39:27.327] [SEVERE ] updating countdown to 41329
[15:39:27.353] [SEVERE ] updating countdown to 41303
[15:39:27.379] [SEVERE ] updating countdown to 41277
[15:39:27.404] [SEVERE ] updating countdown to 41252
[15:39:27.451] [SEVERE ] updating countdown to 41205
[15:39:27.488] [SEVERE ] updating countdown to 41168
[15:39:27.513] [SEVERE ] updating countdown to 41143
[15:39:27.539] [SEVERE ] updating countdown to 41117
[15:39:27.564] [SEVERE ] updating countdown to 41092
[15:39:27.599] [SEVERE ] updating countdown to 41057
[15:39:27.624] [SEVERE ] updating countdown to 41032
[15:39:27.650] [SEVERE ] updating countdown to 41006
[15:39:27.716] [SEVERE ] updating countdown to 40940
[15:39:27.742] [SEVERE ] updating countdown to 40914
[15:39:27.768] [SEVERE ] updating countdown to 40889
[15:39:27.793] [SEVERE ] updating countdown to 40863
[15:39:27.821] [SEVERE ] updating countdown to 40835
[15:39:27.846] [SEVERE ] updating countdown to 40810
[15:39:27.894] [SEVERE ] updating countdown to 40762
[15:39:27.920] [SEVERE ] updating countdown to 40736
[15:39:27.945] [SEVERE ] updating countdown to 40711
[15:39:27.971] [SEVERE ] updating countdown to 40685
[15:39:28.002] [SEVERE ] updating countdown to 40654
[15:39:28.028] [SEVERE ] updating countdown to 40628
[15:39:28.058] [SEVERE ] updating countdown to 40598
[15:39:28.089] [SEVERE ] updating countdown to 40567
[15:39:28.115] [SEVERE ] updating countdown to 40541
[15:39:28.140] [SEVERE ] updating countdown to 40516
[15:39:28.166] [SEVERE ] updating countdown to 40490
[15:39:28.191] [SEVERE ] updating countdown to 40465
[15:39:28.224] [SEVERE ] updating countdown to 40432
[15:39:28.284] [SEVERE ] updating countdown to 40372
[15:39:28.316] [SEVERE ] updating countdown to 40340
[15:39:28.357] [SEVERE ] updating countdown to 40299
[15:39:28.382] [SEVERE ] updating countdown to 40274
[15:39:28.408] [SEVERE ] updating countdown to 40248
[15:39:28.454] [SEVERE ] updating countdown to 40202
[15:39:28.479] [SEVERE ] updating countdown to 40177
[15:39:28.549] [SEVERE ] updating countdown to 40107
[15:39:28.575] [SEVERE ] updating countdown to 40081
[15:39:28.601] [SEVERE ] updating countdown to 40055
[15:39:28.626] [SEVERE ] updating countdown to 40030
[15:39:28.651] [SEVERE ] updating countdown to 40005
[15:39:28.683] [SEVERE ] updating countdown to 39973
[15:39:28.737] [SEVERE ] updating countdown to 39919
[15:39:28.774] [SEVERE ] updating countdown to 39882
[15:39:28.799] [SEVERE ] updating countdown to 39857
[15:39:28.834] [SEVERE ] updating countdown to 39822
[15:39:28.874] [SEVERE ] updating countdown to 39782
[15:39:28.900] [SEVERE ] updating countdown to 39756
[15:39:28.927] [SEVERE ] updating countdown to 39729
[15:39:28.952] [SEVERE ] updating countdown to 39704
[15:39:28.978] [SEVERE ] updating countdown to 39678
[15:39:29.004] [SEVERE ] updating countdown to 39652
[15:39:29.030] [SEVERE ] updating countdown to 39626
[15:39:29.057] [SEVERE ] updating countdown to 39599
[15:39:29.096] [SEVERE ] updating countdown to 39560
[15:39:29.122] [SEVERE ] updating countdown to 39534
[15:39:29.148] [SEVERE ] updating countdown to 39508
[15:39:29.173] [SEVERE ] updating countdown to 39483
[15:39:29.199] [SEVERE ] updating countdown to 39457
[15:39:29.225] [SEVERE ] updating countdown to 39431
[15:39:29.250] [SEVERE ] updating countdown to 39406
[15:39:29.277] [SEVERE ] updating countdown to 39379
[15:39:29.306] [SEVERE ] updating countdown to 39350
[15:39:29.331] [SEVERE ] updating countdown to 39325
[15:39:29.357] [SEVERE ] updating countdown to 39300
[15:39:29.393] [SEVERE ] updating countdown to 39263
[15:39:29.434] [SEVERE ] updating countdown to 39222
[15:39:29.460] [SEVERE ] updating countdown to 39196
[15:39:29.485] [SEVERE ] updating countdown to 39171
[15:39:29.511] [SEVERE ] updating countdown to 39145
[15:39:29.576] [SEVERE ] updating countdown to 39080
[15:39:29.601] [SEVERE ] updating countdown to 39055
[15:39:29.626] [SEVERE ] updating countdown to 39030
[15:39:29.653] [SEVERE ] updating countdown to 39003
[15:39:29.678] [SEVERE ] updating countdown to 38978
[15:39:29.704] [SEVERE ] updating countdown to 38952
[15:39:29.729] [SEVERE ] updating countdown to 38927
[15:39:29.774] [SEVERE ] updating countdown to 38882
[15:39:29.799] [SEVERE ] updating countdown to 38857
[15:39:29.825] [SEVERE ] updating countdown to 38831
[15:39:29.851] [SEVERE ] updating countdown to 38805
[15:39:29.876] [SEVERE ] updating countdown to 38780
[15:39:29.903] [SEVERE ] updating countdown to 38753
[15:39:29.928] [SEVERE ] updating countdown to 38728
[15:39:29.994] [SEVERE ] updating countdown to 38662
[15:39:30.056] [SEVERE ] updating countdown to 38600
[15:39:30.082] [SEVERE ] updating countdown to 38574
[15:39:30.107] [SEVERE ] updating countdown to 38549
[15:39:30.133] [SEVERE ] updating countdown to 38523
[15:39:30.159] [SEVERE ] updating countdown to 38497
[15:39:30.184] [SEVERE ] updating countdown to 38472
[15:39:30.211] [SEVERE ] updating countdown to 38445
[15:39:30.237] [SEVERE ] updating countdown to 38419
[15:39:30.262] [SEVERE ] updating countdown to 38394
[15:39:30.287] [SEVERE ] updating countdown to 38369
[15:39:30.313] [SEVERE ] updating countdown to 38343
[15:39:30.338] [SEVERE ] updating countdown to 38318
[15:39:30.364] [SEVERE ] updating countdown to 38292
[15:39:30.389] [SEVERE ] updating countdown to 38267
[15:39:30.415] [SEVERE ] updating countdown to 38241
[15:39:30.440] [SEVERE ] updating countdown to 38216
[15:39:30.466] [SEVERE ] updating countdown to 38190
[15:39:30.491] [SEVERE ] updating countdown to 38165
[15:39:30.517] [SEVERE ] updating countdown to 38139
[15:39:30.664] [SEVERE ] updating countdown to 37992
[15:39:30.693] [SEVERE ] updating countdown to 37963
[15:39:30.719] [SEVERE ] updating countdown to 37937
[15:39:30.745] [SEVERE ] updating countdown to 37911
[15:39:30.770] [SEVERE ] updating countdown to 37886
[15:39:30.805] [SEVERE ] updating countdown to 37851
[15:39:30.865] [SEVERE ] updating countdown to 37791
[15:39:30.890] [SEVERE ] updating countdown to 37766
[15:39:30.916] [SEVERE ] updating countdown to 37740
[15:39:30.941] [SEVERE ] updating countdown to 37715
[15:39:30.968] [SEVERE ] updating countdown to 37688
[15:39:30.993] [SEVERE ] updating countdown to 37663
[15:39:31.020] [SEVERE ] updating countdown to 37636
[15:39:31.045] [SEVERE ] updating countdown to 37611
[15:39:31.071] [SEVERE ] updating countdown to 37585
[15:39:31.096] [SEVERE ] updating countdown to 37560
[15:39:31.122] [SEVERE ] updating countdown to 37534
[15:39:31.148] [SEVERE ] updating countdown to 37508
[15:39:31.173] [SEVERE ] updating countdown to 37483
[15:39:31.199] [SEVERE ] updating countdown to 37457
[15:39:31.245] [SEVERE ] updating countdown to 37411
[15:39:31.270] [SEVERE ] updating countdown to 37386
[15:39:31.296] [SEVERE ] updating countdown to 37360
[15:39:31.322] [SEVERE ] updating countdown to 37334
[15:39:31.348] [SEVERE ] updating countdown to 37308
[15:39:31.412] [SEVERE ] updating countdown to 37244
[15:39:31.437] [SEVERE ] updating countdown to 37219
[15:39:31.463] [SEVERE ] updating countdown to 37193
[15:39:31.495] [SEVERE ] updating countdown to 37161
[15:39:31.520] [SEVERE ] updating countdown to 37136
[15:39:31.546] [SEVERE ] updating countdown to 37110
[15:39:31.572] [SEVERE ] updating countdown to 37084
[15:39:31.646] [SEVERE ] updating countdown to 37010
[15:39:31.672] [SEVERE ] updating countdown to 36984
[15:39:31.697] [SEVERE ] updating countdown to 36959
[15:39:31.749] [SEVERE ] updating countdown to 36907
[15:39:31.787] [SEVERE ] updating countdown to 36869
[15:39:31.813] [SEVERE ] updating countdown to 36843
[15:39:31.838] [SEVERE ] updating countdown to 36818
[15:39:31.864] [SEVERE ] updating countdown to 36792
[15:39:31.901] [SEVERE ] updating countdown to 36755
[15:39:31.926] [SEVERE ] updating countdown to 36730
[15:39:31.952] [SEVERE ] updating countdown to 36704
[15:39:32.005] [SEVERE ] updating countdown to 36651
[15:39:32.064] [SEVERE ] updating countdown to 36592
[15:39:32.094] [SEVERE ] updating countdown to 36562
[15:39:32.120] [SEVERE ] updating countdown to 36536
[15:39:32.146] [SEVERE ] updating countdown to 36510
[15:39:32.171] [SEVERE ] updating countdown to 36485
[15:39:32.252] [SEVERE ] updating countdown to 36404
[15:39:32.278] [SEVERE ] updating countdown to 36378
[15:39:32.303] [SEVERE ] updating countdown to 36353
[15:39:32.330] [SEVERE ] updating countdown to 36326
[15:39:32.356] [SEVERE ] updating countdown to 36300
[15:39:32.384] [SEVERE ] updating countdown to 36272
[15:39:32.422] [SEVERE ] updating countdown to 36234
[15:39:32.448] [SEVERE ] updating countdown to 36208
[15:39:32.474] [SEVERE ] updating countdown to 36182
[15:39:32.499] [SEVERE ] updating countdown to 36157
[15:39:32.525] [SEVERE ] updating countdown to 36131
[15:39:32.550] [SEVERE ] updating countdown to 36106
[15:39:32.576] [SEVERE ] updating countdown to 36080
[15:39:32.602] [SEVERE ] updating countdown to 36054
[15:39:32.627] [SEVERE ] updating countdown to 36029
[15:39:32.654] [SEVERE ] updating countdown to 36002
[15:39:32.680] [SEVERE ] updating countdown to 35976
[15:39:32.705] [SEVERE ] updating countdown to 35951
[15:39:32.742] [SEVERE ] updating countdown to 35914
[15:39:32.768] [SEVERE ] updating countdown to 35888
[15:39:32.843] [SEVERE ] updating countdown to 35813
[15:39:32.868] [SEVERE ] updating countdown to 35788
[15:39:32.930] [SEVERE ] updating countdown to 35726
[15:39:32.967] [SEVERE ] updating countdown to 35689
[15:39:32.992] [SEVERE ] updating countdown to 35664
[15:39:33.018] [SEVERE ] updating countdown to 35638
[15:39:33.043] [SEVERE ] updating countdown to 35613
[15:39:33.069] [SEVERE ] updating countdown to 35587
[15:39:33.094] [SEVERE ] updating countdown to 35562
[15:39:33.120] [SEVERE ] updating countdown to 35536
[15:39:33.176] [SEVERE ] updating countdown to 35480
[15:39:33.202] [SEVERE ] updating countdown to 35454
[15:39:33.256] [SEVERE ] updating countdown to 35400
[15:39:33.281] [SEVERE ] updating countdown to 35375
[15:39:33.306] [SEVERE ] updating countdown to 35350
[15:39:33.332] [SEVERE ] updating countdown to 35324
[15:39:33.368] [SEVERE ] updating countdown to 35288
[15:39:33.394] [SEVERE ] updating countdown to 35262
[15:39:33.420] [SEVERE ] updating countdown to 35236
[15:39:33.447] [SEVERE ] updating countdown to 35209
[15:39:33.473] [SEVERE ] updating countdown to 35183
[15:39:33.499] [SEVERE ] updating countdown to 35157
[15:39:33.524] [SEVERE ] updating countdown to 35132
[15:39:33.550] [SEVERE ] updating countdown to 35106
[15:39:33.577] [SEVERE ] updating countdown to 35079
[15:39:33.604] [SEVERE ] updating countdown to 35052
[15:39:33.629] [SEVERE ] updating countdown to 35027
[15:39:33.670] [SEVERE ] updating countdown to 34986
[15:39:33.750] [SEVERE ] updating countdown to 34906
[15:39:33.820] [SEVERE ] updating countdown to 34836
[15:39:33.846] [SEVERE ] updating countdown to 34810
[15:39:33.871] [SEVERE ] updating countdown to 34785
[15:39:33.897] [SEVERE ] updating countdown to 34759
[15:39:33.984] [SEVERE ] updating countdown to 34672
[15:39:34.018] [SEVERE ] updating countdown to 34638
[15:39:34.044] [SEVERE ] updating countdown to 34612
[15:39:34.070] [SEVERE ] updating countdown to 34586
[15:39:34.096] [SEVERE ] updating countdown to 34560
[15:39:34.122] [SEVERE ] updating countdown to 34534
[15:39:34.148] [SEVERE ] updating countdown to 34508
[15:39:34.174] [SEVERE ] updating countdown to 34482
[15:39:34.199] [SEVERE ] updating countdown to 34457
[15:39:34.241] [SEVERE ] updating countdown to 34415
[15:39:34.305] [SEVERE ] updating countdown to 34351
[15:39:34.331] [SEVERE ] updating countdown to 34325
[15:39:34.357] [SEVERE ] updating countdown to 34299
[15:39:34.382] [SEVERE ] updating countdown to 34274
[15:39:34.408] [SEVERE ] updating countdown to 34248
[15:39:34.434] [SEVERE ] updating countdown to 34222
[15:39:34.460] [SEVERE ] updating countdown to 34196
[15:39:34.492] [SEVERE ] updating countdown to 34164
[15:39:34.517] [SEVERE ] updating countdown to 34139
[15:39:34.544] [SEVERE ] updating countdown to 34112
[15:39:34.570] [SEVERE ] updating countdown to 34086
[15:39:34.599] [SEVERE ] updating countdown to 34057
[15:39:34.625] [SEVERE ] updating countdown to 34031
[15:39:34.651] [SEVERE ] updating countdown to 34005
[15:39:34.676] [SEVERE ] updating countdown to 33980
[15:39:34.698] [SEVERE ] key 67 was pressed by player 1
[15:39:34.702] [SEVERE ] updating countdown to 33954
[15:39:34.728] [SEVERE ] updating countdown to 33928
[15:39:34.754] [SEVERE ] updating countdown to 33902
[15:39:34.780] [SEVERE ] updating countdown to 33876
[15:39:34.805] [SEVERE ] updating countdown to 33851
[15:39:34.833] [SEVERE ] updating countdown to 33823
[15:39:34.881] [SEVERE ] updating countdown to 33775
[15:39:34.906] [SEVERE ] updating countdown to 33750
[15:39:34.932] [SEVERE ] updating countdown to 33724
[15:39:34.958] [SEVERE ] updating countdown to 33698
[15:39:35.005] [SEVERE ] updating countdown to 33651
[15:39:35.030] [SEVERE ] updating countdown to 33626
[15:39:35.056] [SEVERE ] updating countdown to 33600
[15:39:35.092] [SEVERE ] updating countdown to 33564
[15:39:35.118] [SEVERE ] updating countdown to 33538
[15:39:35.184] [SEVERE ] updating countdown to 33472
[15:39:35.216] [SEVERE ] updating countdown to 33440
[15:39:35.242] [SEVERE ] updating countdown to 33414
[15:39:35.305] [SEVERE ] updating countdown to 33351
[15:39:35.330] [SEVERE ] updating countdown to 33326
[15:39:35.356] [SEVERE ] updating countdown to 33300
[15:39:35.381] [SEVERE ] updating countdown to 33275
[15:39:35.407] [SEVERE ] updating countdown to 33249
[15:39:35.450] [SEVERE ] updating countdown to 33206
[15:39:35.476] [SEVERE ] updating countdown to 33180
[15:39:35.501] [SEVERE ] updating countdown to 33155
[15:39:35.527] [SEVERE ] updating countdown to 33129
[15:39:35.574] [SEVERE ] updating countdown to 33082
[15:39:35.628] [SEVERE ] updating countdown to 33028
[15:39:35.654] [SEVERE ] updating countdown to 33002
[15:39:35.679] [SEVERE ] updating countdown to 32977
[15:39:35.724] [SEVERE ] updating countdown to 32932
[15:39:35.751] [SEVERE ] updating countdown to 32905
[15:39:35.777] [SEVERE ] updating countdown to 32879
[15:39:35.805] [SEVERE ] updating countdown to 32851
[15:39:35.832] [SEVERE ] updating countdown to 32824
[15:39:35.858] [SEVERE ] updating countdown to 32798
[15:39:35.909] [SEVERE ] updating countdown to 32747
[15:39:35.935] [SEVERE ] updating countdown to 32721
[15:39:35.960] [SEVERE ] updating countdown to 32696
[15:39:35.986] [SEVERE ] updating countdown to 32670
[15:39:36.011] [SEVERE ] updating countdown to 32645
[15:39:36.043] [SEVERE ] updating countdown to 32613
[15:39:36.069] [SEVERE ] updating countdown to 32587
[15:39:36.094] [SEVERE ] updating countdown to 32562
[15:39:36.150] [SEVERE ] updating countdown to 32506
[15:39:36.176] [SEVERE ] updating countdown to 32480
[15:39:36.201] [SEVERE ] updating countdown to 32455
[15:39:36.227] [SEVERE ] updating countdown to 32429
[15:39:36.253] [SEVERE ] updating countdown to 32403
[15:39:36.279] [SEVERE ] updating countdown to 32377
[15:39:36.410] [SEVERE ] key 88 was pressed by player 1
[15:39:36.434] [SEVERE ] updating countdown to 32222
[15:39:36.460] [SEVERE ] updating countdown to 32196
[15:39:36.486] [SEVERE ] updating countdown to 32170
[15:39:36.511] [SEVERE ] updating countdown to 32145
[15:39:36.537] [SEVERE ] updating countdown to 32119
[15:39:36.570] [SEVERE ] updating countdown to 32086
[15:39:36.596] [SEVERE ] updating countdown to 32060
[15:39:36.714] [SEVERE ] updating countdown to 31942
[15:39:36.739] [SEVERE ] updating countdown to 31917
[15:39:36.774] [SEVERE ] updating countdown to 31882
[15:39:36.800] [SEVERE ] updating countdown to 31856
[15:39:36.826] [SEVERE ] updating countdown to 31830
[15:39:36.851] [SEVERE ] updating countdown to 31805
[15:39:36.877] [SEVERE ] updating countdown to 31779
[15:39:36.903] [SEVERE ] updating countdown to 31753
[15:39:36.929] [SEVERE ] updating countdown to 31727
[15:39:36.954] [SEVERE ] updating countdown to 31702
[15:39:37.047] [SEVERE ] updating countdown to 31609
[15:39:37.075] [SEVERE ] updating countdown to 31581
[15:39:37.101] [SEVERE ] updating countdown to 31555
[15:39:37.126] [SEVERE ] updating countdown to 31530
[15:39:37.152] [SEVERE ] updating countdown to 31504
[15:39:37.177] [SEVERE ] updating countdown to 31479
[15:39:37.231] [SEVERE ] key 90 was pressed by player 1
[15:39:37.255] [SEVERE ] updating countdown to 31401
[15:39:37.285] [SEVERE ] updating countdown to 31371
[15:39:37.346] [SEVERE ] updating countdown to 31310
[15:39:37.384] [SEVERE ] updating countdown to 31272
[15:39:37.409] [SEVERE ] updating countdown to 31247
[15:39:37.436] [SEVERE ] updating countdown to 31220
[15:39:37.492] [SEVERE ] updating countdown to 31164
[15:39:37.518] [SEVERE ] updating countdown to 31138
[15:39:37.544] [SEVERE ] updating countdown to 31113
[15:39:37.569] [SEVERE ] updating countdown to 31087
[15:39:37.595] [SEVERE ] updating countdown to 31061
[15:39:37.681] [SEVERE ] updating countdown to 30975
[15:39:37.710] [SEVERE ] updating countdown to 30946
[15:39:37.766] [SEVERE ] updating countdown to 30890
[15:39:37.803] [SEVERE ] updating countdown to 30853
[15:39:37.829] [SEVERE ] updating countdown to 30827
[15:39:37.856] [SEVERE ] updating countdown to 30800
[15:39:37.882] [SEVERE ] updating countdown to 30774
[15:39:37.908] [SEVERE ] updating countdown to 30748
[15:39:37.933] [SEVERE ] updating countdown to 30723
[15:39:37.959] [SEVERE ] updating countdown to 30697
[15:39:37.985] [SEVERE ] updating countdown to 30671
[15:39:38.010] [SEVERE ] updating countdown to 30646
[15:39:38.124] [SEVERE ] updating countdown to 30532
[15:39:38.150] [SEVERE ] updating countdown to 30506
[15:39:38.176] [SEVERE ] updating countdown to 30480
[15:39:38.202] [SEVERE ] updating countdown to 30454
[15:39:38.248] [SEVERE ] updating countdown to 30408
[15:39:38.273] [SEVERE ] updating countdown to 30383
[15:39:38.299] [SEVERE ] updating countdown to 30357
[15:39:38.327] [SEVERE ] updating countdown to 30329
[15:39:38.353] [SEVERE ] updating countdown to 30303
[15:39:38.394] [SEVERE ] updating countdown to 30262
[15:39:38.420] [SEVERE ] updating countdown to 30236
[15:39:38.445] [SEVERE ] updating countdown to 30211
[15:39:38.471] [SEVERE ] updating countdown to 30185
[15:39:38.496] [SEVERE ] updating countdown to 30160
[15:39:38.522] [SEVERE ] updating countdown to 30134
[15:39:38.610] [SEVERE ] key 90 was pressed by player 1
[15:39:38.637] [SEVERE ] updating countdown to 30019
[15:39:38.672] [SEVERE ] updating countdown to 29984
[15:39:38.702] [SEVERE ] updating countdown to 29954
[15:39:38.728] [SEVERE ] updating countdown to 29928
[15:39:38.753] [SEVERE ] updating countdown to 29903
[15:39:38.779] [SEVERE ] updating countdown to 29877
[15:39:38.804] [SEVERE ] updating countdown to 29852
[15:39:38.830] [SEVERE ] updating countdown to 29826
[15:39:38.855] [SEVERE ] updating countdown to 29801
[15:39:38.874] [SEVERE ] key 67 was pressed by player 1
[15:39:38.881] [SEVERE ] updating countdown to 29775
[15:39:38.906] [SEVERE ] updating countdown to 29750
[15:39:38.932] [SEVERE ] updating countdown to 29724
[15:39:38.964] [SEVERE ] updating countdown to 29692
[15:39:38.994] [SEVERE ] updating countdown to 29662
[15:39:39.035] [SEVERE ] updating countdown to 29621
[15:39:39.065] [SEVERE ] updating countdown to 29591
[15:39:39.090] [SEVERE ] updating countdown to 29566
[15:39:39.116] [SEVERE ] updating countdown to 29540
[15:39:39.142] [SEVERE ] updating countdown to 29514
[15:39:39.168] [SEVERE ] updating countdown to 29488
[15:39:39.195] [SEVERE ] updating countdown to 29461
[15:39:39.221] [SEVERE ] updating countdown to 29435
[15:39:39.242] [SEVERE ] key 83 was pressed by player 1
[15:39:39.265] [SEVERE ] updating countdown to 29391
[15:39:39.291] [SEVERE ] updating countdown to 29365
[15:39:39.316] [SEVERE ] updating countdown to 29340
[15:39:39.342] [SEVERE ] updating countdown to 29314
[15:39:39.368] [SEVERE ] updating countdown to 29288
[15:39:39.395] [SEVERE ] updating countdown to 29261
[15:39:39.421] [SEVERE ] updating countdown to 29235
[15:39:39.447] [SEVERE ] updating countdown to 29209
[15:39:39.473] [SEVERE ] updating countdown to 29183
[15:39:39.499] [SEVERE ] updating countdown to 29157
[15:39:39.524] [SEVERE ] updating countdown to 29132
[15:39:39.550] [SEVERE ] updating countdown to 29106
[15:39:39.594] [SEVERE ] updating countdown to 29062
[15:39:39.684] [SEVERE ] updating countdown to 28972
[15:39:39.710] [SEVERE ] updating countdown to 28946
[15:39:39.735] [SEVERE ] updating countdown to 28921
[15:39:39.761] [SEVERE ] updating countdown to 28895
[15:39:39.787] [SEVERE ] updating countdown to 28869
[15:39:39.812] [SEVERE ] updating countdown to 28844
[15:39:39.837] [SEVERE ] updating countdown to 28819
[15:39:39.870] [SEVERE ] updating countdown to 28786
[15:39:39.906] [SEVERE ] updating countdown to 28750
[15:39:39.932] [SEVERE ] updating countdown to 28724
[15:39:39.983] [SEVERE ] updating countdown to 28673
[15:39:40.009] [SEVERE ] updating countdown to 28647
[15:39:40.034] [SEVERE ] updating countdown to 28622
[15:39:40.060] [SEVERE ] updating countdown to 28596
[15:39:40.086] [SEVERE ] updating countdown to 28570
[15:39:40.091] [SEVERE ] key 67 was pressed by player 1
[15:39:40.112] [SEVERE ] updating countdown to 28544
[15:39:40.137] [SEVERE ] updating countdown to 28519
[15:39:40.163] [SEVERE ] updating countdown to 28493
[15:39:40.189] [SEVERE ] updating countdown to 28467
[15:39:40.214] [SEVERE ] updating countdown to 28442
[15:39:40.240] [SEVERE ] updating countdown to 28416
[15:39:40.265] [SEVERE ] updating countdown to 28391
[15:39:40.291] [SEVERE ] updating countdown to 28365
[15:39:40.316] [SEVERE ] updating countdown to 28340
[15:39:40.342] [SEVERE ] updating countdown to 28314
[15:39:40.375] [SEVERE ] updating countdown to 28281
[15:39:40.400] [SEVERE ] updating countdown to 28256
[15:39:40.436] [SEVERE ] updating countdown to 28220
[15:39:40.494] [SEVERE ] updating countdown to 28162
[15:39:40.520] [SEVERE ] updating countdown to 28136
[15:39:40.568] [SEVERE ] updating countdown to 28088
[15:39:40.586] [SEVERE ] key 67 was pressed by player 1
[15:39:40.594] [SEVERE ] updating countdown to 28062
[15:39:40.675] [SEVERE ] updating countdown to 27981
[15:39:40.701] [SEVERE ] updating countdown to 27955
[15:39:40.746] [SEVERE ] updating countdown to 27910
[15:39:40.775] [SEVERE ] updating countdown to 27881
[15:39:40.800] [SEVERE ] updating countdown to 27856
[15:39:40.826] [SEVERE ] updating countdown to 27830
[15:39:40.874] [SEVERE ] updating countdown to 27782
[15:39:40.899] [SEVERE ] updating countdown to 27757
[15:39:40.976] [SEVERE ] updating countdown to 27680
[15:39:41.002] [SEVERE ] updating countdown to 27654
[15:39:41.027] [SEVERE ] updating countdown to 27629
[15:39:41.058] [SEVERE ] updating countdown to 27598
[15:39:41.131] [SEVERE ] updating countdown to 27525
[15:39:41.174] [SEVERE ] updating countdown to 27482
[15:39:41.200] [SEVERE ] updating countdown to 27456
[15:39:41.226] [SEVERE ] updating countdown to 27430
[15:39:41.251] [SEVERE ] updating countdown to 27405
[15:39:41.277] [SEVERE ] updating countdown to 27379
[15:39:41.302] [SEVERE ] updating countdown to 27354
[15:39:41.329] [SEVERE ] updating countdown to 27327
[15:39:41.355] [SEVERE ] updating countdown to 27301
[15:39:41.380] [SEVERE ] updating countdown to 27276
[15:39:41.406] [SEVERE ] updating countdown to 27250
[15:39:41.446] [SEVERE ] updating countdown to 27210
[15:39:41.471] [SEVERE ] updating countdown to 27185
[15:39:41.497] [SEVERE ] updating countdown to 27159
[15:39:41.523] [SEVERE ] updating countdown to 27133
[15:39:41.548] [SEVERE ] updating countdown to 27108
[15:39:41.573] [SEVERE ] updating countdown to 27083
[15:39:41.610] [SEVERE ] updating countdown to 27046
[15:39:41.635] [SEVERE ] updating countdown to 27021
[15:39:41.661] [SEVERE ] updating countdown to 26995
[15:39:41.687] [SEVERE ] updating countdown to 26969
[15:39:41.713] [SEVERE ] updating countdown to 26943
[15:39:41.738] [SEVERE ] updating countdown to 26918
[15:39:41.764] [SEVERE ] updating countdown to 26892
[15:39:41.790] [SEVERE ] updating countdown to 26866
[15:39:41.815] [SEVERE ] updating countdown to 26841
[15:39:41.876] [SEVERE ] updating countdown to 26780
[15:39:41.902] [SEVERE ] updating countdown to 26754
[15:39:41.927] [SEVERE ] updating countdown to 26729
[15:39:41.954] [SEVERE ] updating countdown to 26702
[15:39:41.981] [SEVERE ] updating countdown to 26675
[15:39:42.007] [SEVERE ] updating countdown to 26649
[15:39:42.032] [SEVERE ] updating countdown to 26624
[15:39:42.087] [SEVERE ] updating countdown to 26569
[15:39:42.114] [SEVERE ] updating countdown to 26542
[15:39:42.151] [SEVERE ] key 67 was pressed by player 1
[15:39:42.152] [SEVERE ] updating countdown to 26504
[15:39:42.230] [SEVERE ] updating countdown to 26426
[15:39:42.266] [SEVERE ] updating countdown to 26390
[15:39:42.291] [SEVERE ] updating countdown to 26365
[15:39:42.357] [SEVERE ] updating countdown to 26299
[15:39:42.383] [SEVERE ] updating countdown to 26273
[15:39:42.394] [SEVERE ] key 88 was pressed by player 1
[15:39:42.423] [SEVERE ] updating countdown to 26233
[15:39:42.448] [SEVERE ] updating countdown to 26208
[15:39:42.473] [SEVERE ] updating countdown to 26183
[15:39:42.501] [SEVERE ] updating countdown to 26155
[15:39:42.526] [SEVERE ] updating countdown to 26130
[15:39:42.552] [SEVERE ] updating countdown to 26104
[15:39:42.599] [SEVERE ] updating countdown to 26057
[15:39:42.625] [SEVERE ] updating countdown to 26031
[15:39:42.650] [SEVERE ] updating countdown to 26006
[15:39:42.676] [SEVERE ] updating countdown to 25980
[15:39:42.702] [SEVERE ] updating countdown to 25954
[15:39:42.727] [SEVERE ] updating countdown to 25929
[15:39:42.753] [SEVERE ] updating countdown to 25903
[15:39:42.778] [SEVERE ] updating countdown to 25878
[15:39:42.803] [SEVERE ] updating countdown to 25853
[15:39:42.829] [SEVERE ] updating countdown to 25827
[15:39:42.865] [SEVERE ] updating countdown to 25791
[15:39:42.924] [SEVERE ] updating countdown to 25732
[15:39:42.950] [SEVERE ] updating countdown to 25706
[15:39:42.987] [SEVERE ] updating countdown to 25669
[15:39:43.012] [SEVERE ] updating countdown to 25644
[15:39:43.038] [SEVERE ] updating countdown to 25618
[15:39:43.064] [SEVERE ] updating countdown to 25592
[15:39:43.089] [SEVERE ] updating countdown to 25567
[15:39:43.115] [SEVERE ] updating countdown to 25541
[15:39:43.140] [SEVERE ] updating countdown to 25516
[15:39:43.168] [SEVERE ] updating countdown to 25488
[15:39:43.194] [SEVERE ] updating countdown to 25462
[15:39:43.219] [SEVERE ] updating countdown to 25437
[15:39:43.285] [SEVERE ] updating countdown to 25371
[15:39:43.310] [SEVERE ] updating countdown to 25346
[15:39:43.336] [SEVERE ] updating countdown to 25320
[15:39:43.378] [SEVERE ] updating countdown to 25278
[15:39:43.404] [SEVERE ] updating countdown to 25252
[15:39:43.430] [SEVERE ] updating countdown to 25226
[15:39:43.456] [SEVERE ] updating countdown to 25200
[15:39:43.481] [SEVERE ] updating countdown to 25175
[15:39:43.524] [SEVERE ] updating countdown to 25132
[15:39:43.550] [SEVERE ] updating countdown to 25106
[15:39:43.576] [SEVERE ] updating countdown to 25080
[15:39:43.601] [SEVERE ] updating countdown to 25055
[15:39:43.641] [SEVERE ] updating countdown to 25015
[15:39:43.666] [SEVERE ] updating countdown to 24990
[15:39:43.795] [SEVERE ] updating countdown to 24861
[15:39:43.821] [SEVERE ] updating countdown to 24835
[15:39:43.846] [SEVERE ] updating countdown to 24810
[15:39:43.872] [SEVERE ] updating countdown to 24784
[15:39:43.897] [SEVERE ] updating countdown to 24759
[15:39:43.947] [SEVERE ] updating countdown to 24709
[15:39:43.973] [SEVERE ] updating countdown to 24683
[15:39:43.998] [SEVERE ] updating countdown to 24658
[15:39:44.024] [SEVERE ] updating countdown to 24632
[15:39:44.050] [SEVERE ] updating countdown to 24606
[15:39:44.075] [SEVERE ] updating countdown to 24581
[15:39:44.124] [SEVERE ] updating countdown to 24532
[15:39:44.154] [SEVERE ] updating countdown to 24502
[15:39:44.179] [SEVERE ] updating countdown to 24477
[15:39:44.206] [SEVERE ] updating countdown to 24450
[15:39:44.223] [SEVERE ] exit button pressed
[15:39:44.227] [INFO   ] thread Thread-2 terminated.
[15:39:44.227] [INFO   ] thread Thread-1 terminated.
[15:39:44.251] [SEVERE ] updating countdown to 24405
[15:39:44.352] [SEVERE ] removing card from slot 0
[15:39:44.453] [SEVERE ] removing card from slot 1
[15:39:44.553] [SEVERE ] removing card from slot 2
[15:39:44.654] [SEVERE ] removing card from slot 3
[15:39:44.769] [SEVERE ] removing card from slot 4
[15:39:44.877] [SEVERE ] removing card from slot 5
[15:39:44.977] [SEVERE ] removing card from slot 6
[15:39:45.078] [SEVERE ] removing card from slot 7
[15:39:45.178] [SEVERE ] removing player 1 token from slot 8
[15:39:45.179] [SEVERE ] removing card from slot 8
[15:39:45.279] [SEVERE ] removing player 1 token from slot 9
[15:39:45.280] [SEVERE ] removing card from slot 9
[15:39:45.380] [SEVERE ] removing player 1 token from slot 10
[15:39:45.381] [SEVERE ] removing card from slot 10
[15:39:45.481] [SEVERE ] removing card from slot 11
[15:39:45.482] [SEVERE ] announcing winner(s): player 1, player 2
[15:39:45.483] [INFO   ] thread dealer terminated.
[15:39:45.483] [INFO   ] thread dealer terminated.
[15:39:45.484] [SEVERE ] thanks for playing... it was fun!
[15:39:45.484] [INFO   ] thread bguspl.set.Main.main() terminated.
