[15:21:28.935] [INFO   ] thread bguspl.set.Main.main() starting.
[15:21:28.948] [SEVERE ] cannot read configuration file config.properties trying from resources.
[15:21:28.965] [SEVERE ] configuration file was loaded from resources directory.
[15:21:30.171] [INFO   ] thread dealer starting.
[15:21:30.172] [INFO   ] thread dealer starting.
[15:21:30.173] [INFO   ] thread Thread-1 starting.
[15:21:30.173] [INFO   ] thread Thread-2 starting.
[15:21:30.280] [SEVERE ] placing card 19 in slot 0
[15:21:30.382] [SEVERE ] placing card 13 in slot 1
[15:21:30.483] [SEVERE ] placing card 15 in slot 2
[15:21:30.586] [SEVERE ] placing card 1 in slot 3
[15:21:30.687] [SEVERE ] placing card 18 in slot 4
[15:21:30.788] [SEVERE ] placing card 3 in slot 5
[15:21:30.901] [SEVERE ] placing card 20 in slot 6
[15:21:31.002] [SEVERE ] placing card 7 in slot 7
[15:21:31.116] [SEVERE ] placing card 2 in slot 8
[15:21:31.216] [SEVERE ] placing card 14 in slot 9
[15:21:31.317] [SEVERE ] placing card 11 in slot 10
[15:21:31.418] [SEVERE ] placing card 9 in slot 11
[15:21:31.419] [SEVERE ] updating countdown to 60000
[15:21:31.445] [SEVERE ] updating countdown to 59974
[15:21:31.471] [SEVERE ] updating countdown to 59948
[15:21:31.497] [SEVERE ] updating countdown to 59922
[15:21:31.523] [SEVERE ] updating countdown to 59896
[15:21:31.552] [SEVERE ] updating countdown to 59867
[15:21:31.578] [SEVERE ] updating countdown to 59841
[15:21:31.604] [SEVERE ] updating countdown to 59815
[15:21:31.630] [SEVERE ] updating countdown to 59789
[15:21:31.656] [SEVERE ] updating countdown to 59763
[15:21:31.682] [SEVERE ] updating countdown to 59738
[15:21:31.707] [SEVERE ] updating countdown to 59712
[15:21:31.733] [SEVERE ] updating countdown to 59686
[15:21:31.759] [SEVERE ] updating countdown to 59660
[15:21:31.785] [SEVERE ] updating countdown to 59634
[15:21:31.812] [SEVERE ] updating countdown to 59607
[15:21:31.841] [SEVERE ] updating countdown to 59578
[15:21:31.866] [SEVERE ] updating countdown to 59553
[15:21:31.923] [SEVERE ] updating countdown to 59496
[15:21:31.949] [SEVERE ] updating countdown to 59470
[15:21:31.975] [SEVERE ] updating countdown to 59444
[15:21:32.001] [SEVERE ] updating countdown to 59418
[15:21:32.028] [SEVERE ] updating countdown to 59392
[15:21:32.054] [SEVERE ] updating countdown to 59365
[15:21:32.080] [SEVERE ] updating countdown to 59339
[15:21:32.105] [SEVERE ] updating countdown to 59314
[15:21:32.132] [SEVERE ] updating countdown to 59287
[15:21:32.157] [SEVERE ] updating countdown to 59262
[15:21:32.183] [SEVERE ] updating countdown to 59236
[15:21:32.215] [SEVERE ] updating countdown to 59204
[15:21:32.240] [SEVERE ] updating countdown to 59179
[15:21:32.266] [SEVERE ] updating countdown to 59153
[15:21:32.292] [SEVERE ] updating countdown to 59127
[15:21:32.319] [SEVERE ] updating countdown to 59100
[15:21:32.346] [SEVERE ] updating countdown to 59073
[15:21:32.371] [SEVERE ] updating countdown to 59048
[15:21:32.397] [SEVERE ] updating countdown to 59022
[15:21:32.424] [SEVERE ] updating countdown to 58995
[15:21:32.450] [SEVERE ] updating countdown to 58969
[15:21:32.476] [SEVERE ] updating countdown to 58943
[15:21:32.502] [SEVERE ] updating countdown to 58917
[15:21:32.529] [SEVERE ] updating countdown to 58890
[15:21:32.554] [SEVERE ] updating countdown to 58865
[15:21:32.580] [SEVERE ] updating countdown to 58839
[15:21:32.606] [SEVERE ] updating countdown to 58813
[15:21:32.632] [SEVERE ] updating countdown to 58787
[15:21:32.661] [SEVERE ] updating countdown to 58758
[15:21:32.688] [SEVERE ] updating countdown to 58731
[15:21:32.785] [SEVERE ] updating countdown to 58634
[15:21:32.811] [SEVERE ] updating countdown to 58608
[15:21:32.837] [SEVERE ] updating countdown to 58582
[15:21:32.862] [SEVERE ] updating countdown to 58557
[15:21:32.888] [SEVERE ] updating countdown to 58531
[15:21:32.914] [SEVERE ] updating countdown to 58505
[15:21:32.940] [SEVERE ] updating countdown to 58479
[15:21:32.965] [SEVERE ] updating countdown to 58454
[15:21:33.014] [SEVERE ] key 90 was pressed by player 1
[15:21:33.019] [SEVERE ] player 1 placing token on slot 8
[15:21:33.043] [SEVERE ] updating countdown to 58376
[15:21:33.084] [SEVERE ] updating countdown to 58335
[15:21:33.100] [SEVERE ] key 88 was pressed by player 1
[15:21:33.110] [SEVERE ] updating countdown to 58309
[15:21:33.117] [SEVERE ] player 1 placing token on slot 9
[15:21:33.144] [SEVERE ] updating countdown to 58275
[15:21:33.171] [SEVERE ] updating countdown to 58248
[15:21:33.197] [SEVERE ] updating countdown to 58222
[15:21:33.223] [SEVERE ] updating countdown to 58196
[15:21:33.249] [SEVERE ] updating countdown to 58170
[15:21:33.251] [SEVERE ] key 67 was pressed by player 1
[15:21:33.251] [SEVERE ] player 1 placing token on slot 10
[15:21:33.252] [SEVERE ] updating countdown to 58167
[15:21:33.252] [SEVERE ] setting player 1 freeze to 10000
[15:21:33.277] [SEVERE ] updating countdown to 58142
[15:21:33.300] [SEVERE ] setting player 1 freeze to 9952
[15:21:33.326] [SEVERE ] updating countdown to 58093
[15:21:33.327] [SEVERE ] setting player 1 freeze to 9925
[15:21:33.353] [SEVERE ] updating countdown to 58066
[15:21:33.353] [SEVERE ] setting player 1 freeze to 9899
[15:21:33.378] [SEVERE ] updating countdown to 58041
[15:21:33.379] [SEVERE ] setting player 1 freeze to 9873
[15:21:33.405] [SEVERE ] updating countdown to 58014
[15:21:33.405] [SEVERE ] setting player 1 freeze to 9847
[15:21:33.430] [SEVERE ] updating countdown to 57989
[15:21:33.431] [SEVERE ] setting player 1 freeze to 9821
[15:21:33.457] [SEVERE ] updating countdown to 57962
[15:21:33.458] [SEVERE ] setting player 1 freeze to 9794
[15:21:33.484] [SEVERE ] updating countdown to 57935
[15:21:33.494] [SEVERE ] setting player 1 freeze to 9758
[15:21:33.519] [SEVERE ] updating countdown to 57900
[15:21:33.520] [SEVERE ] setting player 1 freeze to 9732
[15:21:33.545] [SEVERE ] updating countdown to 57874
[15:21:33.569] [SEVERE ] setting player 1 freeze to 9683
[15:21:33.596] [SEVERE ] updating countdown to 57823
[15:21:33.599] [SEVERE ] setting player 1 freeze to 9653
[15:21:33.624] [SEVERE ] updating countdown to 57795
[15:21:33.625] [SEVERE ] setting player 1 freeze to 9627
[15:21:33.650] [SEVERE ] updating countdown to 57769
[15:21:33.651] [SEVERE ] setting player 1 freeze to 9601
[15:21:33.676] [SEVERE ] updating countdown to 57743
[15:21:33.677] [SEVERE ] setting player 1 freeze to 9575
[15:21:33.702] [SEVERE ] updating countdown to 57717
[15:21:33.702] [SEVERE ] setting player 1 freeze to 9550
[15:21:33.728] [SEVERE ] updating countdown to 57691
[15:21:33.749] [SEVERE ] setting player 1 freeze to 9503
[15:21:33.775] [SEVERE ] updating countdown to 57644
[15:21:33.776] [SEVERE ] setting player 1 freeze to 9476
[15:21:33.802] [SEVERE ] updating countdown to 57617
[15:21:33.805] [SEVERE ] setting player 1 freeze to 9447
[15:21:33.841] [SEVERE ] updating countdown to 57579
[15:21:33.841] [SEVERE ] setting player 1 freeze to 9411
[15:21:33.867] [SEVERE ] updating countdown to 57553
[15:21:33.867] [SEVERE ] setting player 1 freeze to 9385
[15:21:33.893] [SEVERE ] updating countdown to 57527
[15:21:33.893] [SEVERE ] setting player 1 freeze to 9359
[15:21:33.918] [SEVERE ] updating countdown to 57501
[15:21:33.919] [SEVERE ] setting player 1 freeze to 9333
[15:21:33.945] [SEVERE ] updating countdown to 57474
[15:21:33.945] [SEVERE ] setting player 1 freeze to 9307
[15:21:33.971] [SEVERE ] updating countdown to 57448
[15:21:33.972] [SEVERE ] setting player 1 freeze to 9280
[15:21:33.997] [SEVERE ] updating countdown to 57422
[15:21:33.998] [SEVERE ] setting player 1 freeze to 9254
[15:21:34.023] [SEVERE ] updating countdown to 57396
[15:21:34.024] [SEVERE ] setting player 1 freeze to 9228
[15:21:34.050] [SEVERE ] updating countdown to 57369
[15:21:34.050] [SEVERE ] setting player 1 freeze to 9202
[15:21:34.076] [SEVERE ] updating countdown to 57343
[15:21:34.088] [SEVERE ] setting player 1 freeze to 9164
[15:21:34.114] [SEVERE ] updating countdown to 57305
[15:21:34.115] [SEVERE ] setting player 1 freeze to 9137
[15:21:34.141] [SEVERE ] updating countdown to 57278
[15:21:34.200] [SEVERE ] setting player 1 freeze to 9052
[15:21:34.226] [SEVERE ] updating countdown to 57193
[15:21:34.227] [SEVERE ] setting player 1 freeze to 9025
[15:21:34.252] [SEVERE ] updating countdown to 57167
[15:21:34.252] [SEVERE ] setting player 1 freeze to 9000
[15:21:34.278] [SEVERE ] updating countdown to 57141
[15:21:34.279] [SEVERE ] setting player 1 freeze to 8973
[15:21:34.304] [SEVERE ] updating countdown to 57115
[15:21:34.305] [SEVERE ] setting player 1 freeze to 8947
[15:21:34.330] [SEVERE ] updating countdown to 57089
[15:21:34.352] [SEVERE ] setting player 1 freeze to 8900
[15:21:34.378] [SEVERE ] updating countdown to 57041
[15:21:34.379] [SEVERE ] setting player 1 freeze to 8873
[15:21:34.404] [SEVERE ] updating countdown to 57015
[15:21:34.405] [SEVERE ] setting player 1 freeze to 8847
[15:21:34.430] [SEVERE ] updating countdown to 56989
[15:21:34.431] [SEVERE ] setting player 1 freeze to 8821
[15:21:34.458] [SEVERE ] updating countdown to 56961
[15:21:34.499] [SEVERE ] setting player 1 freeze to 8753
[15:21:34.525] [SEVERE ] updating countdown to 56894
[15:21:34.525] [SEVERE ] setting player 1 freeze to 8727
[15:21:34.551] [SEVERE ] updating countdown to 56868
[15:21:34.551] [SEVERE ] setting player 1 freeze to 8701
[15:21:34.577] [SEVERE ] updating countdown to 56843
[15:21:34.577] [SEVERE ] setting player 1 freeze to 8675
[15:21:34.603] [SEVERE ] updating countdown to 56816
[15:21:34.603] [SEVERE ] setting player 1 freeze to 8649
[15:21:34.629] [SEVERE ] updating countdown to 56790
[15:21:34.644] [SEVERE ] setting player 1 freeze to 8608
[15:21:34.670] [SEVERE ] updating countdown to 56749
[15:21:34.672] [SEVERE ] setting player 1 freeze to 8580
[15:21:34.697] [SEVERE ] updating countdown to 56722
[15:21:34.698] [SEVERE ] setting player 1 freeze to 8554
[15:21:34.715] [SEVERE ] key 83 was pressed by player 1
[15:21:34.724] [SEVERE ] updating countdown to 56696
[15:21:34.736] [SEVERE ] setting player 1 freeze to 8516
[15:21:34.761] [SEVERE ] updating countdown to 56658
[15:21:34.762] [SEVERE ] setting player 1 freeze to 8490
[15:21:34.787] [SEVERE ] updating countdown to 56632
[15:21:34.859] [SEVERE ] setting player 1 freeze to 8393
[15:21:34.885] [SEVERE ] updating countdown to 56535
[15:21:34.885] [SEVERE ] setting player 1 freeze to 8367
[15:21:34.911] [SEVERE ] updating countdown to 56508
[15:21:34.921] [SEVERE ] setting player 1 freeze to 8331
[15:21:34.946] [SEVERE ] updating countdown to 56473
[15:21:34.947] [SEVERE ] setting player 1 freeze to 8305
[15:21:34.973] [SEVERE ] updating countdown to 56446
[15:21:34.973] [SEVERE ] setting player 1 freeze to 8279
[15:21:34.999] [SEVERE ] updating countdown to 56420
[15:21:34.999] [SEVERE ] setting player 1 freeze to 8253
[15:21:35.025] [SEVERE ] updating countdown to 56394
[15:21:35.026] [SEVERE ] setting player 1 freeze to 8226
[15:21:35.053] [SEVERE ] updating countdown to 56366
[15:21:35.053] [SEVERE ] setting player 1 freeze to 8199
[15:21:35.079] [SEVERE ] updating countdown to 56340
[15:21:35.080] [SEVERE ] setting player 1 freeze to 8172
[15:21:35.105] [SEVERE ] updating countdown to 56314
[15:21:35.106] [SEVERE ] setting player 1 freeze to 8146
[15:21:35.132] [SEVERE ] updating countdown to 56287
[15:21:35.167] [SEVERE ] setting player 1 freeze to 8085
[15:21:35.170] [SEVERE ] key 68 was pressed by player 1
[15:21:35.193] [SEVERE ] updating countdown to 56226
[15:21:35.194] [SEVERE ] setting player 1 freeze to 8058
[15:21:35.219] [SEVERE ] updating countdown to 56200
[15:21:35.220] [SEVERE ] setting player 1 freeze to 8032
[15:21:35.246] [SEVERE ] updating countdown to 56173
[15:21:35.247] [SEVERE ] setting player 1 freeze to 8005
[15:21:35.273] [SEVERE ] updating countdown to 56147
[15:21:35.273] [SEVERE ] setting player 1 freeze to 7979
[15:21:35.300] [SEVERE ] updating countdown to 56119
[15:21:35.300] [SEVERE ] setting player 1 freeze to 7952
[15:21:35.307] [SEVERE ] key 65 was pressed by player 1
[15:21:35.326] [SEVERE ] updating countdown to 56093
[15:21:35.326] [SEVERE ] setting player 1 freeze to 7926
[15:21:35.352] [SEVERE ] updating countdown to 56067
[15:21:35.369] [SEVERE ] setting player 1 freeze to 7883
[15:21:35.395] [SEVERE ] updating countdown to 56024
[15:21:35.396] [SEVERE ] setting player 1 freeze to 7856
[15:21:35.421] [SEVERE ] updating countdown to 55998
[15:21:35.434] [SEVERE ] setting player 1 freeze to 7818
[15:21:35.460] [SEVERE ] updating countdown to 55960
[15:21:35.473] [SEVERE ] setting player 1 freeze to 7779
[15:21:35.498] [SEVERE ] updating countdown to 55921
[15:21:35.499] [SEVERE ] setting player 1 freeze to 7753
[15:21:35.525] [SEVERE ] updating countdown to 55894
[15:21:35.525] [SEVERE ] setting player 1 freeze to 7727
[15:21:35.551] [SEVERE ] updating countdown to 55868
[15:21:35.551] [SEVERE ] setting player 1 freeze to 7701
[15:21:35.563] [SEVERE ] key 88 was pressed by player 1
[15:21:35.577] [SEVERE ] updating countdown to 55842
[15:21:35.578] [SEVERE ] setting player 1 freeze to 7674
[15:21:35.603] [SEVERE ] updating countdown to 55816
[15:21:35.604] [SEVERE ] setting player 1 freeze to 7648
[15:21:35.629] [SEVERE ] updating countdown to 55790
[15:21:35.630] [SEVERE ] setting player 1 freeze to 7622
[15:21:35.655] [SEVERE ] updating countdown to 55764
[15:21:35.657] [SEVERE ] setting player 1 freeze to 7595
[15:21:35.683] [SEVERE ] updating countdown to 55736
[15:21:35.683] [SEVERE ] setting player 1 freeze to 7569
[15:21:35.708] [SEVERE ] updating countdown to 55711
[15:21:35.709] [SEVERE ] setting player 1 freeze to 7543
[15:21:35.735] [SEVERE ] updating countdown to 55684
[15:21:35.735] [SEVERE ] setting player 1 freeze to 7517
[15:21:35.761] [SEVERE ] updating countdown to 55658
[15:21:35.762] [SEVERE ] setting player 1 freeze to 7490
[15:21:35.788] [SEVERE ] updating countdown to 55632
[15:21:35.789] [SEVERE ] setting player 1 freeze to 7463
[15:21:35.817] [SEVERE ] updating countdown to 55602
[15:21:35.817] [SEVERE ] setting player 1 freeze to 7435
[15:21:35.843] [SEVERE ] updating countdown to 55576
[15:21:35.843] [SEVERE ] setting player 1 freeze to 7409
[15:21:35.869] [SEVERE ] updating countdown to 55550
[15:21:35.870] [SEVERE ] setting player 1 freeze to 7382
[15:21:35.885] [SEVERE ] key 90 was pressed by player 1
[15:21:35.906] [SEVERE ] updating countdown to 55513
[15:21:35.906] [SEVERE ] setting player 1 freeze to 7346
[15:21:35.931] [SEVERE ] updating countdown to 55488
[15:21:35.932] [SEVERE ] setting player 1 freeze to 7320
[15:21:35.957] [SEVERE ] updating countdown to 55462
[15:21:35.961] [SEVERE ] setting player 1 freeze to 7291
[15:21:35.987] [SEVERE ] updating countdown to 55432
[15:21:35.988] [SEVERE ] setting player 1 freeze to 7264
[15:21:36.014] [SEVERE ] updating countdown to 55405
[15:21:36.014] [SEVERE ] setting player 1 freeze to 7238
[15:21:36.040] [SEVERE ] updating countdown to 55379
[15:21:36.051] [SEVERE ] setting player 1 freeze to 7201
[15:21:36.075] [SEVERE ] key 67 was pressed by player 1
[15:21:36.076] [SEVERE ] updating countdown to 55343
[15:21:36.077] [SEVERE ] setting player 1 freeze to 7175
[15:21:36.102] [SEVERE ] updating countdown to 55317
[15:21:36.102] [SEVERE ] setting player 1 freeze to 7150
[15:21:36.128] [SEVERE ] updating countdown to 55291
[15:21:36.134] [SEVERE ] setting player 1 freeze to 7118
[15:21:36.159] [SEVERE ] updating countdown to 55260
[15:21:36.160] [SEVERE ] setting player 1 freeze to 7092
[15:21:36.186] [SEVERE ] updating countdown to 55234
[15:21:36.186] [SEVERE ] setting player 1 freeze to 7066
[15:21:36.212] [SEVERE ] updating countdown to 55207
[15:21:36.217] [SEVERE ] setting player 1 freeze to 7035
[15:21:36.243] [SEVERE ] updating countdown to 55176
[15:21:36.243] [SEVERE ] setting player 1 freeze to 7009
[15:21:36.269] [SEVERE ] updating countdown to 55150
[15:21:36.269] [SEVERE ] setting player 1 freeze to 6983
[15:21:36.295] [SEVERE ] updating countdown to 55124
[15:21:36.299] [SEVERE ] setting player 1 freeze to 6953
[15:21:36.325] [SEVERE ] updating countdown to 55094
[15:21:36.325] [SEVERE ] setting player 1 freeze to 6927
[15:21:36.351] [SEVERE ] updating countdown to 55068
[15:21:36.372] [SEVERE ] setting player 1 freeze to 6880
[15:21:36.397] [SEVERE ] updating countdown to 55022
[15:21:36.398] [SEVERE ] setting player 1 freeze to 6854
[15:21:36.423] [SEVERE ] updating countdown to 54996
[15:21:36.425] [SEVERE ] setting player 1 freeze to 6827
[15:21:36.450] [SEVERE ] updating countdown to 54969
[15:21:36.451] [SEVERE ] setting player 1 freeze to 6801
[15:21:36.476] [SEVERE ] updating countdown to 54943
[15:21:36.476] [SEVERE ] setting player 1 freeze to 6776
[15:21:36.502] [SEVERE ] updating countdown to 54917
[15:21:36.502] [SEVERE ] setting player 1 freeze to 6750
[15:21:36.527] [SEVERE ] updating countdown to 54892
[15:21:36.552] [SEVERE ] setting player 1 freeze to 6700
[15:21:36.577] [SEVERE ] updating countdown to 54842
[15:21:36.578] [SEVERE ] setting player 1 freeze to 6674
[15:21:36.604] [SEVERE ] updating countdown to 54815
[15:21:36.604] [SEVERE ] setting player 1 freeze to 6648
[15:21:36.630] [SEVERE ] updating countdown to 54789
[15:21:36.631] [SEVERE ] setting player 1 freeze to 6621
[15:21:36.656] [SEVERE ] updating countdown to 54763
[15:21:36.657] [SEVERE ] setting player 1 freeze to 6595
[15:21:36.682] [SEVERE ] updating countdown to 54737
[15:21:36.683] [SEVERE ] setting player 1 freeze to 6569
[15:21:36.708] [SEVERE ] updating countdown to 54711
[15:21:36.722] [SEVERE ] setting player 1 freeze to 6530
[15:21:36.748] [SEVERE ] updating countdown to 54671
[15:21:36.748] [SEVERE ] setting player 1 freeze to 6504
[15:21:36.774] [SEVERE ] updating countdown to 54645
[15:21:36.809] [SEVERE ] setting player 1 freeze to 6443
[15:21:36.834] [SEVERE ] updating countdown to 54585
[15:21:36.835] [SEVERE ] setting player 1 freeze to 6417
[15:21:36.860] [SEVERE ] updating countdown to 54559
[15:21:36.861] [SEVERE ] setting player 1 freeze to 6391
[15:21:36.887] [SEVERE ] updating countdown to 54532
[15:21:36.888] [SEVERE ] setting player 1 freeze to 6364
[15:21:36.914] [SEVERE ] updating countdown to 54505
[15:21:36.922] [SEVERE ] setting player 1 freeze to 6330
[15:21:36.948] [SEVERE ] updating countdown to 54471
[15:21:36.949] [SEVERE ] setting player 1 freeze to 6303
[15:21:36.974] [SEVERE ] updating countdown to 54445
[15:21:37.049] [SEVERE ] setting player 1 freeze to 6203
[15:21:37.092] [SEVERE ] updating countdown to 54327
[15:21:37.092] [SEVERE ] setting player 1 freeze to 6160
[15:21:37.119] [SEVERE ] updating countdown to 54300
[15:21:37.149] [SEVERE ] setting player 1 freeze to 6103
[15:21:37.226] [SEVERE ] updating countdown to 54193
[15:21:37.230] [SEVERE ] setting player 1 freeze to 6022
[15:21:37.270] [SEVERE ] updating countdown to 54149
[15:21:37.271] [SEVERE ] setting player 1 freeze to 5981
[15:21:37.297] [SEVERE ] updating countdown to 54122
[15:21:37.297] [SEVERE ] setting player 1 freeze to 5955
[15:21:37.322] [SEVERE ] updating countdown to 54097
[15:21:37.323] [SEVERE ] setting player 1 freeze to 5929
[15:21:37.349] [SEVERE ] updating countdown to 54070
[15:21:37.350] [SEVERE ] setting player 1 freeze to 5902
[15:21:37.376] [SEVERE ] updating countdown to 54043
[15:21:37.377] [SEVERE ] setting player 1 freeze to 5875
[15:21:37.404] [SEVERE ] updating countdown to 54015
[15:21:37.404] [SEVERE ] setting player 1 freeze to 5848
[15:21:37.430] [SEVERE ] updating countdown to 53989
[15:21:37.431] [SEVERE ] setting player 1 freeze to 5821
[15:21:37.457] [SEVERE ] updating countdown to 53962
[15:21:37.458] [SEVERE ] setting player 1 freeze to 5794
[15:21:37.485] [SEVERE ] updating countdown to 53934
[15:21:37.485] [SEVERE ] setting player 1 freeze to 5767
[15:21:37.511] [SEVERE ] updating countdown to 53908
[15:21:37.512] [SEVERE ] setting player 1 freeze to 5741
[15:21:37.537] [SEVERE ] updating countdown to 53882
[15:21:37.539] [SEVERE ] setting player 1 freeze to 5713
[15:21:37.565] [SEVERE ] updating countdown to 53854
[15:21:37.565] [SEVERE ] setting player 1 freeze to 5687
[15:21:37.591] [SEVERE ] updating countdown to 53828
[15:21:37.591] [SEVERE ] setting player 1 freeze to 5661
[15:21:37.617] [SEVERE ] updating countdown to 53802
[15:21:37.618] [SEVERE ] setting player 1 freeze to 5634
[15:21:37.643] [SEVERE ] updating countdown to 53776
[15:21:37.649] [SEVERE ] setting player 1 freeze to 5603
[15:21:37.674] [SEVERE ] updating countdown to 53745
[15:21:37.676] [SEVERE ] setting player 1 freeze to 5576
[15:21:37.701] [SEVERE ] updating countdown to 53718
[15:21:37.702] [SEVERE ] setting player 1 freeze to 5550
[15:21:37.727] [SEVERE ] updating countdown to 53692
[15:21:37.728] [SEVERE ] setting player 1 freeze to 5524
[15:21:37.753] [SEVERE ] updating countdown to 53666
[15:21:37.762] [SEVERE ] setting player 1 freeze to 5490
[15:21:37.788] [SEVERE ] updating countdown to 53631
[15:21:37.789] [SEVERE ] setting player 1 freeze to 5463
[15:21:37.815] [SEVERE ] updating countdown to 53604
[15:21:37.829] [SEVERE ] setting player 1 freeze to 5423
[15:21:37.854] [SEVERE ] updating countdown to 53565
[15:21:37.855] [SEVERE ] setting player 1 freeze to 5397
[15:21:37.881] [SEVERE ] updating countdown to 53538
[15:21:37.892] [SEVERE ] setting player 1 freeze to 5360
[15:21:37.917] [SEVERE ] updating countdown to 53502
[15:21:37.917] [SEVERE ] setting player 1 freeze to 5335
[15:21:37.943] [SEVERE ] updating countdown to 53476
[15:21:37.943] [SEVERE ] setting player 1 freeze to 5309
[15:21:37.969] [SEVERE ] updating countdown to 53450
[15:21:37.970] [SEVERE ] setting player 1 freeze to 5282
[15:21:37.996] [SEVERE ] updating countdown to 53423
[15:21:37.997] [SEVERE ] setting player 1 freeze to 5255
[15:21:38.022] [SEVERE ] updating countdown to 53397
[15:21:38.035] [SEVERE ] setting player 1 freeze to 5217
[15:21:38.061] [SEVERE ] updating countdown to 53358
[15:21:38.061] [SEVERE ] setting player 1 freeze to 5191
[15:21:38.087] [SEVERE ] updating countdown to 53332
[15:21:38.161] [SEVERE ] setting player 1 freeze to 5091
[15:21:38.187] [SEVERE ] updating countdown to 53232
[15:21:38.189] [SEVERE ] setting player 1 freeze to 5063
[15:21:38.215] [SEVERE ] updating countdown to 53204
[15:21:38.215] [SEVERE ] setting player 1 freeze to 5037
[15:21:38.240] [SEVERE ] updating countdown to 53179
[15:21:38.241] [SEVERE ] setting player 1 freeze to 5011
[15:21:38.267] [SEVERE ] updating countdown to 53152
[15:21:38.286] [SEVERE ] setting player 1 freeze to 4966
[15:21:38.312] [SEVERE ] updating countdown to 53107
[15:21:38.313] [SEVERE ] setting player 1 freeze to 4939
[15:21:38.339] [SEVERE ] updating countdown to 53080
[15:21:38.340] [SEVERE ] setting player 1 freeze to 4912
[15:21:38.366] [SEVERE ] updating countdown to 53053
[15:21:38.368] [SEVERE ] setting player 1 freeze to 4884
[15:21:38.393] [SEVERE ] updating countdown to 53026
[15:21:38.394] [SEVERE ] setting player 1 freeze to 4858
[15:21:38.420] [SEVERE ] updating countdown to 52999
[15:21:38.431] [SEVERE ] setting player 1 freeze to 4821
[15:21:38.468] [SEVERE ] updating countdown to 52951
[15:21:38.468] [SEVERE ] setting player 1 freeze to 4784
[15:21:38.494] [SEVERE ] updating countdown to 52925
[15:21:38.519] [SEVERE ] setting player 1 freeze to 4733
[15:21:38.575] [SEVERE ] updating countdown to 52844
[15:21:38.576] [SEVERE ] setting player 1 freeze to 4676
[15:21:38.603] [SEVERE ] updating countdown to 52816
[15:21:38.640] [SEVERE ] setting player 1 freeze to 4612
[15:21:38.611] [SEVERE ] key 81 was pressed by player 1
[15:21:38.665] [SEVERE ] updating countdown to 52754
[15:21:38.669] [SEVERE ] setting player 1 freeze to 4583
[15:21:38.705] [SEVERE ] updating countdown to 52714
[15:21:38.706] [SEVERE ] setting player 1 freeze to 4546
[15:21:38.731] [SEVERE ] updating countdown to 52688
[15:21:38.731] [SEVERE ] setting player 1 freeze to 4521
[15:21:38.757] [SEVERE ] updating countdown to 52662
[15:21:38.758] [SEVERE ] setting player 1 freeze to 4494
[15:21:38.783] [SEVERE ] updating countdown to 52636
[15:21:38.790] [SEVERE ] setting player 1 freeze to 4462
[15:21:38.815] [SEVERE ] updating countdown to 52604
[15:21:38.816] [SEVERE ] setting player 1 freeze to 4436
[15:21:38.842] [SEVERE ] updating countdown to 52577
[15:21:38.842] [SEVERE ] setting player 1 freeze to 4410
[15:21:38.868] [SEVERE ] updating countdown to 52551
[15:21:38.883] [SEVERE ] setting player 1 freeze to 4369
[15:21:38.909] [SEVERE ] updating countdown to 52510
[15:21:38.909] [SEVERE ] setting player 1 freeze to 4343
[15:21:38.935] [SEVERE ] updating countdown to 52484
[15:21:38.936] [SEVERE ] setting player 1 freeze to 4316
[15:21:38.962] [SEVERE ] updating countdown to 52457
[15:21:39.000] [SEVERE ] setting player 1 freeze to 4252
[15:21:39.026] [SEVERE ] updating countdown to 52393
[15:21:39.026] [SEVERE ] setting player 1 freeze to 4226
[15:21:39.052] [SEVERE ] updating countdown to 52367
[15:21:39.072] [SEVERE ] setting player 1 freeze to 4180
[15:21:39.097] [SEVERE ] updating countdown to 52322
[15:21:39.098] [SEVERE ] setting player 1 freeze to 4154
[15:21:39.124] [SEVERE ] updating countdown to 52295
[15:21:39.124] [SEVERE ] setting player 1 freeze to 4128
[15:21:39.149] [SEVERE ] updating countdown to 52270
[15:21:39.211] [SEVERE ] setting player 1 freeze to 4041
[15:21:39.236] [SEVERE ] updating countdown to 52183
[15:21:39.240] [SEVERE ] setting player 1 freeze to 4012
[15:21:39.266] [SEVERE ] updating countdown to 52153
[15:21:39.266] [SEVERE ] setting player 1 freeze to 3986
[15:21:39.292] [SEVERE ] updating countdown to 52127
[15:21:39.293] [SEVERE ] setting player 1 freeze to 3959
[15:21:39.318] [SEVERE ] updating countdown to 52101
[15:21:39.335] [SEVERE ] setting player 1 freeze to 3917
[15:21:39.361] [SEVERE ] updating countdown to 52058
[15:21:39.362] [SEVERE ] setting player 1 freeze to 3890
[15:21:39.389] [SEVERE ] updating countdown to 52030
[15:21:39.389] [SEVERE ] setting player 1 freeze to 3863
[15:21:39.415] [SEVERE ] updating countdown to 52004
[15:21:39.416] [SEVERE ] setting player 1 freeze to 3836
[15:21:39.442] [SEVERE ] updating countdown to 51977
[15:21:39.442] [SEVERE ] setting player 1 freeze to 3810
[15:21:39.468] [SEVERE ] updating countdown to 51951
[15:21:39.468] [SEVERE ] setting player 1 freeze to 3784
[15:21:39.494] [SEVERE ] updating countdown to 51925
[15:21:39.509] [SEVERE ] setting player 1 freeze to 3743
[15:21:39.534] [SEVERE ] updating countdown to 51885
[15:21:39.535] [SEVERE ] setting player 1 freeze to 3717
[15:21:39.560] [SEVERE ] updating countdown to 51859
[15:21:39.561] [SEVERE ] setting player 1 freeze to 3691
[15:21:39.586] [SEVERE ] updating countdown to 51833
[15:21:39.586] [SEVERE ] setting player 1 freeze to 3666
[15:21:39.612] [SEVERE ] updating countdown to 51807
[15:21:39.612] [SEVERE ] setting player 1 freeze to 3640
[15:21:39.638] [SEVERE ] updating countdown to 51781
[15:21:39.638] [SEVERE ] setting player 1 freeze to 3614
[15:21:39.663] [SEVERE ] updating countdown to 51756
[15:21:39.664] [SEVERE ] setting player 1 freeze to 3588
[15:21:39.689] [SEVERE ] updating countdown to 51730
[15:21:39.691] [SEVERE ] setting player 1 freeze to 3561
[15:21:39.717] [SEVERE ] updating countdown to 51702
[15:21:39.718] [SEVERE ] setting player 1 freeze to 3534
[15:21:39.743] [SEVERE ] updating countdown to 51676
[15:21:39.744] [SEVERE ] setting player 1 freeze to 3508
[15:21:39.769] [SEVERE ] updating countdown to 51650
[15:21:39.770] [SEVERE ] setting player 1 freeze to 3482
[15:21:39.796] [SEVERE ] updating countdown to 51623
[15:21:39.796] [SEVERE ] setting player 1 freeze to 3456
[15:21:39.822] [SEVERE ] updating countdown to 51597
[15:21:39.822] [SEVERE ] setting player 1 freeze to 3430
[15:21:39.849] [SEVERE ] updating countdown to 51570
[15:21:39.850] [SEVERE ] setting player 1 freeze to 3402
[15:21:39.875] [SEVERE ] updating countdown to 51544
[15:21:39.876] [SEVERE ] setting player 1 freeze to 3376
[15:21:39.901] [SEVERE ] updating countdown to 51518
[15:21:39.902] [SEVERE ] setting player 1 freeze to 3350
[15:21:39.928] [SEVERE ] updating countdown to 51491
[15:21:39.929] [SEVERE ] setting player 1 freeze to 3323
[15:21:39.955] [SEVERE ] updating countdown to 51464
[15:21:39.959] [SEVERE ] setting player 1 freeze to 3293
[15:21:39.985] [SEVERE ] updating countdown to 51434
[15:21:39.986] [SEVERE ] setting player 1 freeze to 3266
[15:21:40.013] [SEVERE ] updating countdown to 51406
[15:21:40.014] [SEVERE ] setting player 1 freeze to 3238
[15:21:40.040] [SEVERE ] updating countdown to 51379
[15:21:40.041] [SEVERE ] setting player 1 freeze to 3211
[15:21:40.066] [SEVERE ] updating countdown to 51353
[15:21:40.068] [SEVERE ] setting player 1 freeze to 3184
[15:21:40.094] [SEVERE ] updating countdown to 51325
[15:21:40.096] [SEVERE ] setting player 1 freeze to 3156
[15:21:40.122] [SEVERE ] updating countdown to 51297
[15:21:40.123] [SEVERE ] setting player 1 freeze to 3129
[15:21:40.148] [SEVERE ] updating countdown to 51271
[15:21:40.149] [SEVERE ] setting player 1 freeze to 3103
[15:21:40.174] [SEVERE ] updating countdown to 51245
[15:21:40.174] [SEVERE ] setting player 1 freeze to 3078
[15:21:40.200] [SEVERE ] updating countdown to 51219
[15:21:40.202] [SEVERE ] setting player 1 freeze to 3050
[15:21:40.228] [SEVERE ] updating countdown to 51192
[15:21:40.231] [SEVERE ] setting player 1 freeze to 3021
[15:21:40.256] [SEVERE ] updating countdown to 51163
[15:21:40.289] [SEVERE ] setting player 1 freeze to 2963
[15:21:40.315] [SEVERE ] updating countdown to 51104
[15:21:40.316] [SEVERE ] setting player 1 freeze to 2936
[15:21:40.341] [SEVERE ] updating countdown to 51078
[15:21:40.350] [SEVERE ] setting player 1 freeze to 2902
[15:21:40.376] [SEVERE ] updating countdown to 51043
[15:21:40.377] [SEVERE ] setting player 1 freeze to 2875
[15:21:40.430] [SEVERE ] updating countdown to 50989
[15:21:40.431] [SEVERE ] setting player 1 freeze to 2821
[15:21:40.457] [SEVERE ] updating countdown to 50962
[15:21:40.458] [SEVERE ] setting player 1 freeze to 2794
[15:21:40.484] [SEVERE ] updating countdown to 50935
[15:21:40.486] [SEVERE ] setting player 1 freeze to 2766
[15:21:40.511] [SEVERE ] updating countdown to 50908
[15:21:40.512] [SEVERE ] setting player 1 freeze to 2740
[15:21:40.538] [SEVERE ] updating countdown to 50881
[15:21:40.538] [SEVERE ] setting player 1 freeze to 2714
[15:21:40.564] [SEVERE ] updating countdown to 50855
[15:21:40.564] [SEVERE ] setting player 1 freeze to 2688
[15:21:40.590] [SEVERE ] updating countdown to 50829
[15:21:40.592] [SEVERE ] setting player 1 freeze to 2660
[15:21:40.617] [SEVERE ] updating countdown to 50802
[15:21:40.618] [SEVERE ] setting player 1 freeze to 2634
[15:21:40.643] [SEVERE ] updating countdown to 50776
[15:21:40.647] [SEVERE ] setting player 1 freeze to 2605
[15:21:40.675] [SEVERE ] updating countdown to 50744
[15:21:40.689] [SEVERE ] setting player 1 freeze to 2563
[15:21:40.715] [SEVERE ] updating countdown to 50704
[15:21:40.715] [SEVERE ] setting player 1 freeze to 2537
[15:21:40.740] [SEVERE ] updating countdown to 50679
[15:21:40.800] [SEVERE ] setting player 1 freeze to 2452
[15:21:40.826] [SEVERE ] updating countdown to 50593
[15:21:40.905] [SEVERE ] setting player 1 freeze to 2347
[15:21:40.931] [SEVERE ] updating countdown to 50488
[15:21:40.932] [SEVERE ] setting player 1 freeze to 2321
[15:21:40.957] [SEVERE ] updating countdown to 50462
[15:21:40.968] [SEVERE ] setting player 1 freeze to 2284
[15:21:40.993] [SEVERE ] updating countdown to 50426
[15:21:40.995] [SEVERE ] setting player 1 freeze to 2257
[15:21:41.020] [SEVERE ] updating countdown to 50399
[15:21:41.021] [SEVERE ] setting player 1 freeze to 2231
[15:21:41.046] [SEVERE ] updating countdown to 50373
[15:21:41.046] [SEVERE ] setting player 1 freeze to 2206
[15:21:41.072] [SEVERE ] updating countdown to 50347
[15:21:41.072] [SEVERE ] setting player 1 freeze to 2180
[15:21:41.098] [SEVERE ] updating countdown to 50321
[15:21:41.100] [SEVERE ] setting player 1 freeze to 2152
[15:21:41.126] [SEVERE ] updating countdown to 50293
[15:21:41.126] [SEVERE ] setting player 1 freeze to 2126
[15:21:41.152] [SEVERE ] updating countdown to 50267
[15:21:41.152] [SEVERE ] setting player 1 freeze to 2100
[15:21:41.177] [SEVERE ] updating countdown to 50242
[15:21:41.178] [SEVERE ] setting player 1 freeze to 2074
[15:21:41.203] [SEVERE ] updating countdown to 50216
[15:21:41.204] [SEVERE ] setting player 1 freeze to 2048
[15:21:41.229] [SEVERE ] updating countdown to 50190
[15:21:41.232] [SEVERE ] setting player 1 freeze to 2020
[15:21:41.258] [SEVERE ] updating countdown to 50161
[15:21:41.258] [SEVERE ] setting player 1 freeze to 1994
[15:21:41.284] [SEVERE ] updating countdown to 50135
[15:21:41.284] [SEVERE ] setting player 1 freeze to 1968
[15:21:41.310] [SEVERE ] updating countdown to 50109
[15:21:41.310] [SEVERE ] setting player 1 freeze to 1942
[15:21:41.336] [SEVERE ] updating countdown to 50083
[15:21:41.336] [SEVERE ] setting player 1 freeze to 1916
[15:21:41.361] [SEVERE ] updating countdown to 50058
[15:21:41.362] [SEVERE ] setting player 1 freeze to 1890
[15:21:41.388] [SEVERE ] updating countdown to 50031
[15:21:41.400] [SEVERE ] setting player 1 freeze to 1852
[15:21:41.425] [SEVERE ] updating countdown to 49994
[15:21:41.431] [SEVERE ] setting player 1 freeze to 1821
[15:21:41.457] [SEVERE ] updating countdown to 49962
[15:21:41.458] [SEVERE ] setting player 1 freeze to 1795
[15:21:41.483] [SEVERE ] updating countdown to 49936
[15:21:41.485] [SEVERE ] setting player 1 freeze to 1767
[15:21:41.511] [SEVERE ] updating countdown to 49908
[15:21:41.511] [SEVERE ] setting player 1 freeze to 1741
[15:21:41.536] [SEVERE ] updating countdown to 49883
[15:21:41.537] [SEVERE ] setting player 1 freeze to 1715
[15:21:41.562] [SEVERE ] updating countdown to 49857
[15:21:41.580] [SEVERE ] setting player 1 freeze to 1672
[15:21:41.606] [SEVERE ] updating countdown to 49813
[15:21:41.606] [SEVERE ] setting player 1 freeze to 1646
[15:21:41.631] [SEVERE ] updating countdown to 49788
[15:21:41.632] [SEVERE ] setting player 1 freeze to 1620
[15:21:41.657] [SEVERE ] updating countdown to 49762
[15:21:41.658] [SEVERE ] setting player 1 freeze to 1594
[15:21:41.683] [SEVERE ] updating countdown to 49736
[15:21:41.684] [SEVERE ] setting player 1 freeze to 1568
[15:21:41.709] [SEVERE ] updating countdown to 49710
[15:21:41.710] [SEVERE ] setting player 1 freeze to 1542
[15:21:41.735] [SEVERE ] updating countdown to 49684
[15:21:41.735] [SEVERE ] setting player 1 freeze to 1517
[15:21:41.761] [SEVERE ] updating countdown to 49659
[15:21:41.761] [SEVERE ] setting player 1 freeze to 1491
[15:21:41.786] [SEVERE ] updating countdown to 49633
[15:21:41.787] [SEVERE ] setting player 1 freeze to 1465
[15:21:41.812] [SEVERE ] updating countdown to 49607
[15:21:41.819] [SEVERE ] setting player 1 freeze to 1433
[15:21:41.845] [SEVERE ] updating countdown to 49574
[15:21:41.865] [SEVERE ] setting player 1 freeze to 1387
[15:21:41.890] [SEVERE ] updating countdown to 49529
[15:21:41.892] [SEVERE ] setting player 1 freeze to 1360
[15:21:41.918] [SEVERE ] updating countdown to 49501
[15:21:41.919] [SEVERE ] setting player 1 freeze to 1333
[15:21:41.944] [SEVERE ] updating countdown to 49475
[15:21:41.945] [SEVERE ] setting player 1 freeze to 1307
[15:21:41.970] [SEVERE ] updating countdown to 49449
[15:21:41.971] [SEVERE ] setting player 1 freeze to 1281
[15:21:41.996] [SEVERE ] updating countdown to 49423
[15:21:41.997] [SEVERE ] setting player 1 freeze to 1255
[15:21:42.022] [SEVERE ] updating countdown to 49397
[15:21:42.027] [SEVERE ] setting player 1 freeze to 1225
[15:21:42.052] [SEVERE ] updating countdown to 49367
[15:21:42.053] [SEVERE ] setting player 1 freeze to 1199
[15:21:42.079] [SEVERE ] updating countdown to 49340
[15:21:42.080] [SEVERE ] setting player 1 freeze to 1172
[15:21:42.107] [SEVERE ] updating countdown to 49312
[15:21:42.107] [SEVERE ] setting player 1 freeze to 1145
[15:21:42.133] [SEVERE ] updating countdown to 49286
[15:21:42.133] [SEVERE ] setting player 1 freeze to 1119
[15:21:42.158] [SEVERE ] updating countdown to 49261
[15:21:42.159] [SEVERE ] setting player 1 freeze to 1093
[15:21:42.204] [SEVERE ] updating countdown to 49215
[15:21:42.205] [SEVERE ] setting player 1 freeze to 1047
[15:21:42.230] [SEVERE ] updating countdown to 49189
[15:21:42.231] [SEVERE ] setting player 1 freeze to 1021
[15:21:42.256] [SEVERE ] updating countdown to 49163
[15:21:42.257] [SEVERE ] setting player 1 freeze to 995
[15:21:42.282] [SEVERE ] updating countdown to 49137
[15:21:42.283] [SEVERE ] setting player 1 freeze to 969
[15:21:42.309] [SEVERE ] updating countdown to 49110
[15:21:42.309] [SEVERE ] setting player 1 freeze to 943
[15:21:42.335] [SEVERE ] updating countdown to 49084
[15:21:42.336] [SEVERE ] setting player 1 freeze to 916
[15:21:42.362] [SEVERE ] updating countdown to 49057
[15:21:42.363] [SEVERE ] setting player 1 freeze to 889
[15:21:42.389] [SEVERE ] updating countdown to 49030
[15:21:42.390] [SEVERE ] setting player 1 freeze to 862
[15:21:42.416] [SEVERE ] updating countdown to 49003
[15:21:42.417] [SEVERE ] setting player 1 freeze to 835
[15:21:42.443] [SEVERE ] updating countdown to 48976
[15:21:42.446] [SEVERE ] setting player 1 freeze to 806
[15:21:42.544] [SEVERE ] updating countdown to 48875
[15:21:42.544] [SEVERE ] setting player 1 freeze to 708
[15:21:42.569] [SEVERE ] updating countdown to 48850
[15:21:42.570] [SEVERE ] setting player 1 freeze to 682
[15:21:42.596] [SEVERE ] updating countdown to 48823
[15:21:42.599] [SEVERE ] setting player 1 freeze to 653
[15:21:42.624] [SEVERE ] updating countdown to 48795
[15:21:42.625] [SEVERE ] setting player 1 freeze to 627
[15:21:42.650] [SEVERE ] updating countdown to 48769
[15:21:42.651] [SEVERE ] setting player 1 freeze to 601
[15:21:42.676] [SEVERE ] updating countdown to 48743
[15:21:42.677] [SEVERE ] setting player 1 freeze to 575
[15:21:42.703] [SEVERE ] updating countdown to 48716
[15:21:42.704] [SEVERE ] setting player 1 freeze to 548
[15:21:42.730] [SEVERE ] updating countdown to 48689
[15:21:42.734] [SEVERE ] setting player 1 freeze to 518
[15:21:42.759] [SEVERE ] updating countdown to 48660
[15:21:42.760] [SEVERE ] setting player 1 freeze to 492
[15:21:42.785] [SEVERE ] updating countdown to 48634
[15:21:42.786] [SEVERE ] setting player 1 freeze to 466
[15:21:42.811] [SEVERE ] updating countdown to 48608
[15:21:42.841] [SEVERE ] setting player 1 freeze to 411
[15:21:42.867] [SEVERE ] updating countdown to 48552
[15:21:42.867] [SEVERE ] setting player 1 freeze to 385
[15:21:42.893] [SEVERE ] updating countdown to 48526
[15:21:42.894] [SEVERE ] setting player 1 freeze to 358
[15:21:42.920] [SEVERE ] updating countdown to 48499
[15:21:42.924] [SEVERE ] setting player 1 freeze to 328
[15:21:42.950] [SEVERE ] updating countdown to 48469
[15:21:42.951] [SEVERE ] setting player 1 freeze to 301
[15:21:42.977] [SEVERE ] updating countdown to 48442
[15:21:42.977] [SEVERE ] setting player 1 freeze to 275
[15:21:43.003] [SEVERE ] updating countdown to 48416
[15:21:43.003] [SEVERE ] setting player 1 freeze to 249
[15:21:43.029] [SEVERE ] updating countdown to 48390
[15:21:43.030] [SEVERE ] setting player 1 freeze to 222
[15:21:43.059] [SEVERE ] updating countdown to 48360
[15:21:43.060] [SEVERE ] setting player 1 freeze to 192
[15:21:43.086] [SEVERE ] updating countdown to 48333
[15:21:43.086] [SEVERE ] setting player 1 freeze to 166
[15:21:43.112] [SEVERE ] updating countdown to 48307
[15:21:43.112] [SEVERE ] setting player 1 freeze to 140
[15:21:43.138] [SEVERE ] updating countdown to 48281
[15:21:43.139] [SEVERE ] setting player 1 freeze to 113
[15:21:43.164] [SEVERE ] updating countdown to 48255
[15:21:43.164] [SEVERE ] setting player 1 freeze to 88
[15:21:43.189] [SEVERE ] updating countdown to 48230
[15:21:43.229] [SEVERE ] setting player 1 freeze to 23
[15:21:43.255] [SEVERE ] updating countdown to 48164
[15:21:43.256] [SEVERE ] setting player 1 freeze to -4
[15:21:43.282] [SEVERE ] updating countdown to 48137
[15:21:43.307] [SEVERE ] updating countdown to 48112
[15:21:43.333] [SEVERE ] updating countdown to 48086
[15:21:43.358] [SEVERE ] updating countdown to 48061
[15:21:43.384] [SEVERE ] updating countdown to 48035
[15:21:43.434] [SEVERE ] updating countdown to 47985
[15:21:43.467] [SEVERE ] updating countdown to 47952
[15:21:43.495] [SEVERE ] updating countdown to 47924
[15:21:43.520] [SEVERE ] updating countdown to 47899
[15:21:43.546] [SEVERE ] updating countdown to 47873
[15:21:43.571] [SEVERE ] updating countdown to 47848
[15:21:43.597] [SEVERE ] updating countdown to 47822
[15:21:43.623] [SEVERE ] updating countdown to 47796
[15:21:43.648] [SEVERE ] updating countdown to 47771
[15:21:43.674] [SEVERE ] updating countdown to 47745
[15:21:43.734] [SEVERE ] updating countdown to 47685
[15:21:43.760] [SEVERE ] updating countdown to 47659
[15:21:43.791] [SEVERE ] updating countdown to 47628
[15:21:43.817] [SEVERE ] updating countdown to 47602
[15:21:43.855] [SEVERE ] updating countdown to 47564
[15:21:43.881] [SEVERE ] updating countdown to 47538
[15:21:43.907] [SEVERE ] updating countdown to 47512
[15:21:43.933] [SEVERE ] updating countdown to 47486
[15:21:43.959] [SEVERE ] updating countdown to 47460
[15:21:43.985] [SEVERE ] updating countdown to 47434
[15:21:44.012] [SEVERE ] updating countdown to 47407
[15:21:44.038] [SEVERE ] updating countdown to 47381
[15:21:44.065] [SEVERE ] updating countdown to 47354
[15:21:44.134] [SEVERE ] updating countdown to 47285
[15:21:44.162] [SEVERE ] updating countdown to 47257
[15:21:44.208] [SEVERE ] updating countdown to 47211
[15:21:44.234] [SEVERE ] updating countdown to 47185
[15:21:44.260] [SEVERE ] updating countdown to 47159
[15:21:44.286] [SEVERE ] updating countdown to 47133
[15:21:44.312] [SEVERE ] updating countdown to 47107
[15:21:44.338] [SEVERE ] updating countdown to 47081
[15:21:44.364] [SEVERE ] updating countdown to 47055
[15:21:44.390] [SEVERE ] updating countdown to 47029
[15:21:44.427] [SEVERE ] updating countdown to 46992
[15:21:44.453] [SEVERE ] updating countdown to 46966
[15:21:44.479] [SEVERE ] updating countdown to 46940
[15:21:44.505] [SEVERE ] updating countdown to 46914
[15:21:44.531] [SEVERE ] updating countdown to 46888
[15:21:44.557] [SEVERE ] updating countdown to 46862
[15:21:44.607] [SEVERE ] updating countdown to 46812
[15:21:44.635] [SEVERE ] updating countdown to 46784
[15:21:44.660] [SEVERE ] updating countdown to 46759
[15:21:44.695] [SEVERE ] updating countdown to 46724
[15:21:44.728] [SEVERE ] updating countdown to 46691
[15:21:44.754] [SEVERE ] updating countdown to 46665
[15:21:44.780] [SEVERE ] updating countdown to 46639
[15:21:44.806] [SEVERE ] updating countdown to 46613
[15:21:44.831] [SEVERE ] updating countdown to 46588
[15:21:44.857] [SEVERE ] updating countdown to 46562
[15:21:44.886] [SEVERE ] updating countdown to 46533
[15:21:44.911] [SEVERE ] updating countdown to 46508
[15:21:44.937] [SEVERE ] updating countdown to 46482
[15:21:44.968] [SEVERE ] updating countdown to 46451
[15:21:44.993] [SEVERE ] updating countdown to 46426
[15:21:45.030] [SEVERE ] updating countdown to 46389
[15:21:45.099] [SEVERE ] updating countdown to 46320
[15:21:45.125] [SEVERE ] updating countdown to 46294
[15:21:45.151] [SEVERE ] updating countdown to 46268
[15:21:45.176] [SEVERE ] updating countdown to 46243
[15:21:45.202] [SEVERE ] updating countdown to 46217
[15:21:45.230] [SEVERE ] updating countdown to 46189
[15:21:45.255] [SEVERE ] updating countdown to 46164
[15:21:45.281] [SEVERE ] updating countdown to 46138
[15:21:45.307] [SEVERE ] updating countdown to 46112
[15:21:45.355] [SEVERE ] updating countdown to 46064
[15:21:45.380] [SEVERE ] updating countdown to 46039
[15:21:45.475] [SEVERE ] updating countdown to 45944
[15:21:45.501] [SEVERE ] updating countdown to 45918
[15:21:45.526] [SEVERE ] updating countdown to 45893
[15:21:45.552] [SEVERE ] updating countdown to 45867
[15:21:45.578] [SEVERE ] updating countdown to 45841
[15:21:45.603] [SEVERE ] updating countdown to 45816
[15:21:45.629] [SEVERE ] updating countdown to 45790
[15:21:45.654] [SEVERE ] updating countdown to 45765
[15:21:45.687] [SEVERE ] updating countdown to 45732
[15:21:45.713] [SEVERE ] updating countdown to 45706
[15:21:45.745] [SEVERE ] updating countdown to 45674
[15:21:45.770] [SEVERE ] updating countdown to 45649
[15:21:45.796] [SEVERE ] updating countdown to 45623
[15:21:45.830] [SEVERE ] updating countdown to 45589
[15:21:45.856] [SEVERE ] updating countdown to 45563
[15:21:45.900] [SEVERE ] updating countdown to 45519
[15:21:45.925] [SEVERE ] updating countdown to 45494
[15:21:45.986] [SEVERE ] updating countdown to 45433
[15:21:46.014] [SEVERE ] updating countdown to 45405
[15:21:46.045] [SEVERE ] updating countdown to 45374
[15:21:46.071] [SEVERE ] updating countdown to 45348
[15:21:46.096] [SEVERE ] updating countdown to 45323
[15:21:46.131] [SEVERE ] updating countdown to 45288
[15:21:46.157] [SEVERE ] updating countdown to 45262
[15:21:46.257] [SEVERE ] updating countdown to 45162
[15:21:46.283] [SEVERE ] updating countdown to 45136
[15:21:46.308] [SEVERE ] updating countdown to 45111
[15:21:46.334] [SEVERE ] updating countdown to 45085
[15:21:46.362] [SEVERE ] updating countdown to 45057
[15:21:46.388] [SEVERE ] updating countdown to 45031
[15:21:46.413] [SEVERE ] updating countdown to 45006
[15:21:46.470] [SEVERE ] updating countdown to 44949
[15:21:46.495] [SEVERE ] updating countdown to 44924
[15:21:46.521] [SEVERE ] updating countdown to 44898
[15:21:46.547] [SEVERE ] updating countdown to 44872
[15:21:46.574] [SEVERE ] updating countdown to 44845
[15:21:46.599] [SEVERE ] updating countdown to 44820
[15:21:46.625] [SEVERE ] updating countdown to 44794
[15:21:46.674] [SEVERE ] updating countdown to 44745
[15:21:46.705] [SEVERE ] updating countdown to 44714
[15:21:46.730] [SEVERE ] updating countdown to 44689
[15:21:46.756] [SEVERE ] updating countdown to 44663
[15:21:46.781] [SEVERE ] updating countdown to 44638
[15:21:46.807] [SEVERE ] updating countdown to 44612
[15:21:46.833] [SEVERE ] updating countdown to 44586
[15:21:46.859] [SEVERE ] updating countdown to 44560
[15:21:46.885] [SEVERE ] updating countdown to 44534
[15:21:46.910] [SEVERE ] updating countdown to 44509
[15:21:46.954] [SEVERE ] updating countdown to 44465
[15:21:46.980] [SEVERE ] updating countdown to 44439
[15:21:47.005] [SEVERE ] updating countdown to 44414
[15:21:47.031] [SEVERE ] updating countdown to 44388
[15:21:47.057] [SEVERE ] updating countdown to 44362
[15:21:47.082] [SEVERE ] updating countdown to 44337
[15:21:47.185] [SEVERE ] updating countdown to 44234
[15:21:47.245] [SEVERE ] updating countdown to 44174
[15:21:47.270] [SEVERE ] updating countdown to 44149
[15:21:47.317] [SEVERE ] updating countdown to 44102
[15:21:47.342] [SEVERE ] updating countdown to 44077
[15:21:47.368] [SEVERE ] updating countdown to 44051
[15:21:47.394] [SEVERE ] updating countdown to 44025
[15:21:47.420] [SEVERE ] updating countdown to 44000
[15:21:47.446] [SEVERE ] updating countdown to 43973
[15:21:47.472] [SEVERE ] updating countdown to 43947
[15:21:47.498] [SEVERE ] updating countdown to 43921
[15:21:47.524] [SEVERE ] updating countdown to 43895
[15:21:47.574] [SEVERE ] updating countdown to 43845
[15:21:47.608] [SEVERE ] updating countdown to 43811
[15:21:47.634] [SEVERE ] updating countdown to 43785
[15:21:47.660] [SEVERE ] updating countdown to 43759
[15:21:47.687] [SEVERE ] updating countdown to 43732
[15:21:47.713] [SEVERE ] updating countdown to 43706
[15:21:47.784] [SEVERE ] updating countdown to 43635
[15:21:47.815] [SEVERE ] updating countdown to 43604
[15:21:47.840] [SEVERE ] updating countdown to 43579
[15:21:47.866] [SEVERE ] updating countdown to 43553
[15:21:47.891] [SEVERE ] updating countdown to 43528
[15:21:47.917] [SEVERE ] updating countdown to 43502
[15:21:47.942] [SEVERE ] updating countdown to 43477
[15:21:47.969] [SEVERE ] updating countdown to 43450
[15:21:47.971] [SEVERE ] key 83 was pressed by player 1
[15:21:47.972] [SEVERE ] player 1 placing token on slot 5
[15:21:47.995] [SEVERE ] updating countdown to 43424
[15:21:48.020] [SEVERE ] updating countdown to 43399
[15:21:48.046] [SEVERE ] updating countdown to 43373
[15:21:48.085] [SEVERE ] updating countdown to 43334
[15:21:48.110] [SEVERE ] updating countdown to 43309
[15:21:48.136] [SEVERE ] updating countdown to 43283
[15:21:48.162] [SEVERE ] updating countdown to 43257
[15:21:48.189] [SEVERE ] updating countdown to 43230
[15:21:48.214] [SEVERE ] updating countdown to 43205
[15:21:48.240] [SEVERE ] updating countdown to 43179
[15:21:48.266] [SEVERE ] updating countdown to 43153
[15:21:48.292] [SEVERE ] updating countdown to 43127
[15:21:48.324] [SEVERE ] updating countdown to 43095
[15:21:48.350] [SEVERE ] updating countdown to 43069
[15:21:48.375] [SEVERE ] updating countdown to 43044
[15:21:48.401] [SEVERE ] updating countdown to 43018
[15:21:48.427] [SEVERE ] updating countdown to 42992
[15:21:48.452] [SEVERE ] updating countdown to 42967
[15:21:48.478] [SEVERE ] updating countdown to 42941
[15:21:48.503] [SEVERE ] updating countdown to 42916
[15:21:48.529] [SEVERE ] updating countdown to 42890
[15:21:48.554] [SEVERE ] updating countdown to 42865
[15:21:48.580] [SEVERE ] updating countdown to 42839
[15:21:48.606] [SEVERE ] updating countdown to 42813
[15:21:48.632] [SEVERE ] updating countdown to 42787
[15:21:48.657] [SEVERE ] updating countdown to 42762
[15:21:48.683] [SEVERE ] updating countdown to 42736
[15:21:48.708] [SEVERE ] updating countdown to 42711
[15:21:48.746] [SEVERE ] updating countdown to 42673
[15:21:48.771] [SEVERE ] updating countdown to 42648
[15:21:48.797] [SEVERE ] updating countdown to 42622
[15:21:48.823] [SEVERE ] updating countdown to 42596
[15:21:48.848] [SEVERE ] updating countdown to 42571
[15:21:48.874] [SEVERE ] updating countdown to 42545
[15:21:48.899] [SEVERE ] updating countdown to 42520
[15:21:49.016] [SEVERE ] updating countdown to 42403
[15:21:49.042] [SEVERE ] updating countdown to 42377
[15:21:49.067] [SEVERE ] updating countdown to 42352
[15:21:49.102] [SEVERE ] updating countdown to 42317
[15:21:49.128] [SEVERE ] updating countdown to 42291
[15:21:49.154] [SEVERE ] updating countdown to 42265
[15:21:49.190] [SEVERE ] updating countdown to 42229
[15:21:49.216] [SEVERE ] updating countdown to 42203
[15:21:49.257] [SEVERE ] updating countdown to 42162
[15:21:49.286] [SEVERE ] updating countdown to 42133
[15:21:49.311] [SEVERE ] updating countdown to 42108
[15:21:49.344] [SEVERE ] updating countdown to 42075
[15:21:49.370] [SEVERE ] updating countdown to 42049
[15:21:49.396] [SEVERE ] updating countdown to 42023
[15:21:49.421] [SEVERE ] updating countdown to 41998
[15:21:49.447] [SEVERE ] updating countdown to 41972
[15:21:49.525] [SEVERE ] updating countdown to 41894
[15:21:49.554] [SEVERE ] updating countdown to 41865
[15:21:49.580] [SEVERE ] updating countdown to 41839
[15:21:49.606] [SEVERE ] updating countdown to 41813
[15:21:49.631] [SEVERE ] updating countdown to 41788
[15:21:49.657] [SEVERE ] updating countdown to 41762
[15:21:49.682] [SEVERE ] updating countdown to 41737
[15:21:49.708] [SEVERE ] updating countdown to 41711
[15:21:49.733] [SEVERE ] updating countdown to 41686
[15:21:49.766] [SEVERE ] updating countdown to 41653
[15:21:49.791] [SEVERE ] updating countdown to 41628
[15:21:49.817] [SEVERE ] updating countdown to 41602
[15:21:49.842] [SEVERE ] updating countdown to 41577
[15:21:49.868] [SEVERE ] updating countdown to 41551
[15:21:49.918] [SEVERE ] updating countdown to 41501
[15:21:49.944] [SEVERE ] updating countdown to 41475
[15:21:49.970] [SEVERE ] updating countdown to 41449
[15:21:49.996] [SEVERE ] updating countdown to 41423
[15:21:50.022] [SEVERE ] updating countdown to 41397
[15:21:50.048] [SEVERE ] updating countdown to 41371
[15:21:50.073] [SEVERE ] updating countdown to 41346
[15:21:50.128] [SEVERE ] updating countdown to 41291
[15:21:50.154] [SEVERE ] updating countdown to 41265
[15:21:50.184] [SEVERE ] updating countdown to 41235
[15:21:50.215] [SEVERE ] updating countdown to 41204
[15:21:50.240] [SEVERE ] updating countdown to 41179
[15:21:50.266] [SEVERE ] updating countdown to 41153
[15:21:50.291] [SEVERE ] updating countdown to 41128
[15:21:50.317] [SEVERE ] updating countdown to 41102
[15:21:50.365] [SEVERE ] updating countdown to 41054
[15:21:50.390] [SEVERE ] updating countdown to 41029
[15:21:50.417] [SEVERE ] updating countdown to 41002
[15:21:50.443] [SEVERE ] updating countdown to 40976
[15:21:50.469] [SEVERE ] updating countdown to 40950
[15:21:50.495] [SEVERE ] updating countdown to 40924
[15:21:50.520] [SEVERE ] updating countdown to 40899
[15:21:50.546] [SEVERE ] updating countdown to 40873
[15:21:50.572] [SEVERE ] updating countdown to 40847
[15:21:50.606] [SEVERE ] updating countdown to 40813
[15:21:50.632] [SEVERE ] updating countdown to 40787
[15:21:50.671] [SEVERE ] updating countdown to 40748
[15:21:50.699] [SEVERE ] updating countdown to 40720
[15:21:50.763] [SEVERE ] updating countdown to 40656
[15:21:50.788] [SEVERE ] updating countdown to 40631
[15:21:50.814] [SEVERE ] updating countdown to 40605
[15:21:50.841] [SEVERE ] updating countdown to 40578
[15:21:50.868] [SEVERE ] updating countdown to 40551
[15:21:50.894] [SEVERE ] updating countdown to 40525
[15:21:50.920] [SEVERE ] updating countdown to 40499
[15:21:50.946] [SEVERE ] updating countdown to 40473
[15:21:51.031] [SEVERE ] updating countdown to 40388
[15:21:51.056] [SEVERE ] updating countdown to 40363
[15:21:51.082] [SEVERE ] updating countdown to 40337
[15:21:51.107] [SEVERE ] updating countdown to 40312
[15:21:51.133] [SEVERE ] updating countdown to 40286
[15:21:51.175] [SEVERE ] updating countdown to 40244
[15:21:51.200] [SEVERE ] updating countdown to 40219
[15:21:51.226] [SEVERE ] updating countdown to 40193
[15:21:51.252] [SEVERE ] updating countdown to 40167
[15:21:51.283] [SEVERE ] updating countdown to 40136
[15:21:51.309] [SEVERE ] updating countdown to 40110
[15:21:51.414] [SEVERE ] updating countdown to 40005
[15:21:51.440] [SEVERE ] updating countdown to 39979
[15:21:51.467] [SEVERE ] updating countdown to 39952
[15:21:51.492] [SEVERE ] updating countdown to 39927
[15:21:51.518] [SEVERE ] updating countdown to 39901
[15:21:51.544] [SEVERE ] updating countdown to 39875
[15:21:51.570] [SEVERE ] updating countdown to 39849
[15:21:51.608] [SEVERE ] updating countdown to 39811
[15:21:51.656] [SEVERE ] updating countdown to 39763
[15:21:51.682] [SEVERE ] updating countdown to 39737
[15:21:51.711] [SEVERE ] updating countdown to 39708
[15:21:51.737] [SEVERE ] updating countdown to 39682
[15:21:51.762] [SEVERE ] updating countdown to 39657
[15:21:51.788] [SEVERE ] updating countdown to 39631
[15:21:51.814] [SEVERE ] updating countdown to 39605
[15:21:51.840] [SEVERE ] updating countdown to 39579
[15:21:51.873] [SEVERE ] updating countdown to 39546
[15:21:51.899] [SEVERE ] updating countdown to 39520
[15:21:51.924] [SEVERE ] updating countdown to 39495
[15:21:51.954] [SEVERE ] updating countdown to 39465
[15:21:51.980] [SEVERE ] updating countdown to 39440
[15:21:52.005] [SEVERE ] updating countdown to 39414
[15:21:52.030] [SEVERE ] updating countdown to 39389
[15:21:52.056] [SEVERE ] updating countdown to 39363
[15:21:52.083] [SEVERE ] updating countdown to 39336
[15:21:52.109] [SEVERE ] updating countdown to 39310
[15:21:52.135] [SEVERE ] updating countdown to 39284
[15:21:52.160] [SEVERE ] updating countdown to 39259
[15:21:52.186] [SEVERE ] updating countdown to 39233
[15:21:52.225] [SEVERE ] updating countdown to 39194
[15:21:52.250] [SEVERE ] updating countdown to 39169
[15:21:52.276] [SEVERE ] updating countdown to 39143
[15:21:52.302] [SEVERE ] updating countdown to 39117
[15:21:52.328] [SEVERE ] updating countdown to 39091
[15:21:52.354] [SEVERE ] updating countdown to 39065
[15:21:52.380] [SEVERE ] updating countdown to 39039
[15:21:52.406] [SEVERE ] updating countdown to 39013
[15:21:52.431] [SEVERE ] updating countdown to 38988
[15:21:52.458] [SEVERE ] updating countdown to 38961
[15:21:52.484] [SEVERE ] updating countdown to 38935
[15:21:52.555] [SEVERE ] updating countdown to 38864
[15:21:52.592] [SEVERE ] updating countdown to 38827
[15:21:52.618] [SEVERE ] updating countdown to 38801
[15:21:52.650] [SEVERE ] updating countdown to 38769
[15:21:52.680] [SEVERE ] updating countdown to 38739
[15:21:52.705] [SEVERE ] updating countdown to 38714
[15:21:52.731] [SEVERE ] updating countdown to 38688
[15:21:52.757] [SEVERE ] updating countdown to 38662
[15:21:52.782] [SEVERE ] updating countdown to 38637
[15:21:52.857] [SEVERE ] updating countdown to 38562
[15:21:52.914] [SEVERE ] updating countdown to 38505
[15:21:52.940] [SEVERE ] updating countdown to 38479
[15:21:52.965] [SEVERE ] updating countdown to 38454
[15:21:52.991] [SEVERE ] updating countdown to 38428
[15:21:53.017] [SEVERE ] updating countdown to 38402
[15:21:53.043] [SEVERE ] updating countdown to 38376
[15:21:53.069] [SEVERE ] updating countdown to 38350
[15:21:53.080] [SEVERE ] exit button pressed
[15:21:53.080] [INFO   ] thread Thread-1 terminated.
[15:21:53.080] [INFO   ] thread Thread-2 terminated.
[15:21:53.096] [SEVERE ] updating countdown to 38323
[15:21:53.197] [SEVERE ] removing card from slot 0
[15:21:53.298] [SEVERE ] removing card from slot 1
[15:21:53.472] [SEVERE ] removing card from slot 2
[15:21:53.572] [SEVERE ] removing card from slot 3
[15:21:53.673] [SEVERE ] removing card from slot 4
[15:21:53.774] [SEVERE ] removing player 1 token from slot 5
[15:21:53.774] [SEVERE ] removing card from slot 5
[15:21:53.875] [SEVERE ] removing card from slot 6
[15:21:53.982] [SEVERE ] removing card from slot 7
[15:21:54.082] [SEVERE ] removing player 1 token from slot 8
[15:21:54.083] [SEVERE ] removing card from slot 8
[15:21:54.183] [SEVERE ] removing player 1 token from slot 9
[15:21:54.184] [SEVERE ] removing card from slot 9
[15:21:54.285] [SEVERE ] removing player 1 token from slot 10
[15:21:54.396] [SEVERE ] removing card from slot 10
[15:21:54.497] [SEVERE ] removing card from slot 11
[15:21:54.498] [SEVERE ] announcing winner(s): player 1, player 2
[15:21:54.499] [INFO   ] thread dealer terminated.
[15:21:54.500] [INFO   ] thread dealer terminated.
[15:21:54.500] [SEVERE ] thanks for playing... it was fun!
[15:21:54.501] [INFO   ] thread bguspl.set.Main.main() terminated.
