[16:51:24.562] [INFO   ] thread bguspl.set.Main.main() starting.
[16:51:24.569] [SEVERE ] cannot read configuration file config.properties trying from resources.
[16:51:24.666] [SEVERE ] configuration file was loaded from resources directory.
[16:51:27.021] [INFO   ] thread dealer starting.
[16:51:27.022] [INFO   ] thread dealer starting.
[16:51:27.024] [INFO   ] thread Thread-1 starting.
[16:51:27.024] [INFO   ] thread Thread-3 starting.
[16:51:27.024] [INFO   ] thread Thread-2 starting.
[16:51:27.026] [INFO   ] thread computer-2 starting.
[16:51:27.130] [SEVERE ] placing card 15 in slot 0
[16:51:27.259] [SEVERE ] placing card 8 in slot 1
[16:51:27.433] [SEVERE ] placing card 20 in slot 2
[16:51:27.587] [SEVERE ] placing card 7 in slot 3
[16:51:27.820] [SEVERE ] placing card 18 in slot 4
[16:51:27.972] [SEVERE ] placing card 11 in slot 5
[16:51:28.154] [SEVERE ] placing card 2 in slot 6
[16:51:28.406] [SEVERE ] placing card 13 in slot 7
[16:51:28.662] [SEVERE ] placing card 10 in slot 8
[16:51:28.763] [SEVERE ] placing card 14 in slot 9
[16:51:28.934] [SEVERE ] placing card 12 in slot 10
[16:51:29.034] [SEVERE ] placing card 4 in slot 11
[16:51:29.035] [SEVERE ] updating countdown to 60000
[16:51:29.061] [SEVERE ] updating countdown to 59974
[16:51:29.087] [SEVERE ] updating countdown to 59948
[16:51:29.113] [SEVERE ] updating countdown to 59922
[16:51:29.139] [SEVERE ] updating countdown to 59896
[16:51:29.165] [SEVERE ] updating countdown to 59870
[16:51:29.224] [SEVERE ] updating countdown to 59811
[16:51:29.250] [SEVERE ] updating countdown to 59785
[16:51:29.276] [SEVERE ] updating countdown to 59759
[16:51:29.302] [SEVERE ] updating countdown to 59733
[16:51:29.375] [SEVERE ] updating countdown to 59660
[16:51:29.414] [SEVERE ] updating countdown to 59621
[16:51:29.440] [SEVERE ] updating countdown to 59595
[16:51:29.488] [SEVERE ] updating countdown to 59547
[16:51:29.514] [SEVERE ] updating countdown to 59521
[16:51:29.540] [SEVERE ] updating countdown to 59495
[16:51:29.566] [SEVERE ] updating countdown to 59469
[16:51:29.593] [SEVERE ] updating countdown to 59442
[16:51:29.645] [SEVERE ] updating countdown to 59390
[16:51:29.670] [SEVERE ] updating countdown to 59365
[16:51:29.696] [SEVERE ] updating countdown to 59339
[16:51:29.722] [SEVERE ] updating countdown to 59313
[16:51:29.748] [SEVERE ] updating countdown to 59287
[16:51:29.774] [SEVERE ] updating countdown to 59261
[16:51:29.849] [SEVERE ] updating countdown to 59186
[16:51:29.876] [SEVERE ] updating countdown to 59159
[16:51:29.901] [SEVERE ] updating countdown to 59134
[16:51:29.927] [SEVERE ] updating countdown to 59108
[16:51:29.966] [SEVERE ] updating countdown to 59070
[16:51:30.007] [SEVERE ] updating countdown to 59028
[16:51:30.148] [SEVERE ] updating countdown to 58887
[16:51:30.174] [SEVERE ] updating countdown to 58861
[16:51:30.207] [SEVERE ] updating countdown to 58828
[16:51:30.236] [SEVERE ] updating countdown to 58799
[16:51:30.262] [SEVERE ] updating countdown to 58773
[16:51:30.288] [SEVERE ] updating countdown to 58747
[16:51:30.314] [SEVERE ] updating countdown to 58721
[16:51:30.387] [SEVERE ] updating countdown to 58648
[16:51:30.413] [SEVERE ] updating countdown to 58622
[16:51:30.439] [SEVERE ] updating countdown to 58596
[16:51:30.464] [SEVERE ] updating countdown to 58571
[16:51:30.490] [SEVERE ] updating countdown to 58545
[16:51:30.516] [SEVERE ] updating countdown to 58519
[16:51:30.542] [SEVERE ] updating countdown to 58493
[16:51:30.568] [SEVERE ] updating countdown to 58467
[16:51:30.594] [SEVERE ] updating countdown to 58441
[16:51:30.620] [SEVERE ] updating countdown to 58415
[16:51:30.646] [SEVERE ] updating countdown to 58389
[16:51:30.674] [SEVERE ] updating countdown to 58361
[16:51:30.747] [SEVERE ] updating countdown to 58288
[16:51:30.787] [SEVERE ] updating countdown to 58248
[16:51:30.813] [SEVERE ] updating countdown to 58222
[16:51:30.931] [SEVERE ] updating countdown to 58104
[16:51:30.957] [SEVERE ] updating countdown to 58078
[16:51:30.985] [SEVERE ] updating countdown to 58050
[16:51:31.104] [SEVERE ] updating countdown to 57931
[16:51:31.138] [SEVERE ] updating countdown to 57897
[16:51:31.164] [SEVERE ] updating countdown to 57871
[16:51:31.258] [SEVERE ] updating countdown to 57777
[16:51:31.283] [SEVERE ] updating countdown to 57752
[16:51:31.388] [SEVERE ] updating countdown to 57647
[16:51:31.414] [SEVERE ] updating countdown to 57621
[16:51:31.442] [SEVERE ] updating countdown to 57593
[16:51:31.474] [SEVERE ] updating countdown to 57561
[16:51:31.500] [SEVERE ] updating countdown to 57535
[16:51:31.621] [SEVERE ] updating countdown to 57414
[16:51:31.647] [SEVERE ] updating countdown to 57388
[16:51:31.672] [SEVERE ] updating countdown to 57363
[16:51:31.698] [SEVERE ] updating countdown to 57337
[16:51:31.724] [SEVERE ] updating countdown to 57311
[16:51:31.750] [SEVERE ] updating countdown to 57285
[16:51:31.828] [SEVERE ] updating countdown to 57207
[16:51:31.859] [SEVERE ] updating countdown to 57176
[16:51:31.886] [SEVERE ] updating countdown to 57149
[16:51:31.912] [SEVERE ] updating countdown to 57123
[16:51:31.943] [SEVERE ] updating countdown to 57092
[16:51:31.969] [SEVERE ] updating countdown to 57066
[16:51:32.097] [SEVERE ] updating countdown to 56938
[16:51:32.123] [SEVERE ] updating countdown to 56912
[16:51:32.290] [SEVERE ] updating countdown to 56745
[16:51:32.316] [SEVERE ] updating countdown to 56719
[16:51:32.342] [SEVERE ] updating countdown to 56693
[16:51:32.368] [SEVERE ] updating countdown to 56668
[16:51:32.395] [SEVERE ] updating countdown to 56640
[16:51:32.428] [SEVERE ] updating countdown to 56607
[16:51:32.463] [SEVERE ] updating countdown to 56572
[16:51:32.489] [SEVERE ] updating countdown to 56546
[16:51:32.531] [SEVERE ] updating countdown to 56504
[16:51:32.556] [SEVERE ] updating countdown to 56479
[16:51:32.582] [SEVERE ] updating countdown to 56453
[16:51:32.608] [SEVERE ] updating countdown to 56427
[16:51:32.633] [SEVERE ] updating countdown to 56402
[16:51:32.659] [SEVERE ] updating countdown to 56376
[16:51:32.685] [SEVERE ] updating countdown to 56350
[16:51:32.710] [SEVERE ] updating countdown to 56325
[16:51:32.736] [SEVERE ] updating countdown to 56299
[16:51:32.762] [SEVERE ] updating countdown to 56273
[16:51:32.787] [SEVERE ] updating countdown to 56248
[16:51:32.813] [SEVERE ] updating countdown to 56222
[16:51:32.839] [SEVERE ] updating countdown to 56196
[16:51:32.865] [SEVERE ] updating countdown to 56170
[16:51:32.891] [SEVERE ] updating countdown to 56144
[16:51:32.917] [SEVERE ] updating countdown to 56118
[16:51:32.943] [SEVERE ] updating countdown to 56092
[16:51:32.969] [SEVERE ] updating countdown to 56066
[16:51:33.026] [SEVERE ] updating countdown to 56009
[16:51:33.092] [SEVERE ] updating countdown to 55944
[16:51:33.128] [SEVERE ] updating countdown to 55907
[16:51:33.154] [SEVERE ] updating countdown to 55881
[16:51:33.306] [SEVERE ] updating countdown to 55729
[16:51:33.336] [SEVERE ] updating countdown to 55699
[16:51:33.362] [SEVERE ] updating countdown to 55673
[16:51:33.558] [SEVERE ] updating countdown to 55477
[16:51:33.584] [SEVERE ] updating countdown to 55451
[16:51:33.610] [SEVERE ] updating countdown to 55425
[16:51:33.807] [SEVERE ] updating countdown to 55228
[16:51:33.842] [SEVERE ] updating countdown to 55193
[16:51:33.868] [SEVERE ] updating countdown to 55167
[16:51:33.893] [SEVERE ] updating countdown to 55142
[16:51:33.919] [SEVERE ] updating countdown to 55116
[16:51:33.945] [SEVERE ] updating countdown to 55090
[16:51:33.971] [SEVERE ] updating countdown to 55064
[16:51:34.024] [SEVERE ] updating countdown to 55011
[16:51:34.049] [SEVERE ] updating countdown to 54986
[16:51:34.077] [SEVERE ] updating countdown to 54958
[16:51:34.103] [SEVERE ] updating countdown to 54932
[16:51:34.203] [SEVERE ] updating countdown to 54832
[16:51:34.238] [SEVERE ] updating countdown to 54798
[16:51:34.263] [SEVERE ] updating countdown to 54772
[16:51:34.289] [SEVERE ] updating countdown to 54746
[16:51:34.315] [SEVERE ] updating countdown to 54720
[16:51:34.340] [SEVERE ] updating countdown to 54695
[16:51:34.366] [SEVERE ] updating countdown to 54669
[16:51:34.393] [SEVERE ] updating countdown to 54642
[16:51:34.479] [SEVERE ] updating countdown to 54556
[16:51:34.505] [SEVERE ] updating countdown to 54530
[16:51:34.530] [SEVERE ] updating countdown to 54505
[16:51:34.556] [SEVERE ] updating countdown to 54479
[16:51:34.582] [SEVERE ] updating countdown to 54453
[16:51:34.610] [SEVERE ] updating countdown to 54425
[16:51:34.636] [SEVERE ] updating countdown to 54399
[16:51:34.765] [SEVERE ] updating countdown to 54270
[16:51:34.791] [SEVERE ] updating countdown to 54244
[16:51:34.828] [SEVERE ] updating countdown to 54207
[16:51:34.854] [SEVERE ] updating countdown to 54182
[16:51:34.879] [SEVERE ] updating countdown to 54156
[16:51:34.905] [SEVERE ] updating countdown to 54130
[16:51:35.100] [SEVERE ] updating countdown to 53935
[16:51:35.125] [SEVERE ] updating countdown to 53910
[16:51:35.153] [SEVERE ] updating countdown to 53882
[16:51:35.251] [SEVERE ] updating countdown to 53784
[16:51:35.277] [SEVERE ] updating countdown to 53758
[16:51:35.302] [SEVERE ] updating countdown to 53733
[16:51:35.328] [SEVERE ] updating countdown to 53707
[16:51:35.431] [SEVERE ] updating countdown to 53604
[16:51:35.458] [SEVERE ] updating countdown to 53577
[16:51:35.484] [SEVERE ] updating countdown to 53551
[16:51:35.510] [SEVERE ] updating countdown to 53525
[16:51:35.536] [SEVERE ] updating countdown to 53499
[16:51:35.577] [SEVERE ] updating countdown to 53458
[16:51:35.603] [SEVERE ] updating countdown to 53432
[16:51:35.629] [SEVERE ] updating countdown to 53406
[16:51:35.654] [SEVERE ] updating countdown to 53381
[16:51:35.680] [SEVERE ] updating countdown to 53355
[16:51:35.705] [SEVERE ] updating countdown to 53330
[16:51:35.732] [SEVERE ] updating countdown to 53304
[16:51:35.818] [SEVERE ] updating countdown to 53217
[16:51:35.847] [SEVERE ] updating countdown to 53188
[16:51:35.873] [SEVERE ] updating countdown to 53162
[16:51:35.899] [SEVERE ] updating countdown to 53137
[16:51:35.924] [SEVERE ] updating countdown to 53111
[16:51:35.950] [SEVERE ] updating countdown to 53085
[16:51:35.976] [SEVERE ] updating countdown to 53059
[16:51:36.012] [SEVERE ] updating countdown to 53023
[16:51:36.044] [SEVERE ] updating countdown to 52991
[16:51:36.177] [SEVERE ] updating countdown to 52858
[16:51:36.209] [SEVERE ] updating countdown to 52826
[16:51:36.235] [SEVERE ] updating countdown to 52800
[16:51:36.261] [SEVERE ] updating countdown to 52774
[16:51:36.287] [SEVERE ] updating countdown to 52748
[16:51:36.312] [SEVERE ] updating countdown to 52723
[16:51:36.358] [SEVERE ] updating countdown to 52677
[16:51:36.383] [SEVERE ] updating countdown to 52652
[16:51:36.414] [SEVERE ] updating countdown to 52621
[16:51:36.440] [SEVERE ] updating countdown to 52596
[16:51:36.465] [SEVERE ] updating countdown to 52570
[16:51:36.491] [SEVERE ] updating countdown to 52544
[16:51:36.517] [SEVERE ] updating countdown to 52518
[16:51:36.543] [SEVERE ] updating countdown to 52492
[16:51:36.573] [SEVERE ] updating countdown to 52462
[16:51:36.629] [SEVERE ] updating countdown to 52406
[16:51:36.657] [SEVERE ] updating countdown to 52378
[16:51:36.683] [SEVERE ] updating countdown to 52352
[16:51:36.710] [SEVERE ] updating countdown to 52325
[16:51:36.735] [SEVERE ] updating countdown to 52300
[16:51:36.879] [SEVERE ] updating countdown to 52156
[16:51:36.904] [SEVERE ] updating countdown to 52131
[16:51:36.930] [SEVERE ] updating countdown to 52105
[16:51:36.955] [SEVERE ] updating countdown to 52080
[16:51:36.981] [SEVERE ] updating countdown to 52054
[16:51:37.007] [SEVERE ] updating countdown to 52028
[16:51:37.032] [SEVERE ] updating countdown to 52003
[16:51:37.058] [SEVERE ] updating countdown to 51977
[16:51:37.084] [SEVERE ] updating countdown to 51951
[16:51:37.110] [SEVERE ] updating countdown to 51926
[16:51:37.135] [SEVERE ] updating countdown to 51900
[16:51:37.161] [SEVERE ] updating countdown to 51874
[16:51:37.187] [SEVERE ] updating countdown to 51848
[16:51:37.213] [SEVERE ] updating countdown to 51822
[16:51:37.238] [SEVERE ] updating countdown to 51797
[16:51:37.264] [SEVERE ] updating countdown to 51771
[16:51:37.289] [SEVERE ] updating countdown to 51746
[16:51:37.315] [SEVERE ] updating countdown to 51720
[16:51:37.341] [SEVERE ] updating countdown to 51694
[16:51:37.366] [SEVERE ] updating countdown to 51669
[16:51:37.392] [SEVERE ] updating countdown to 51643
[16:51:37.418] [SEVERE ] updating countdown to 51617
[16:51:37.443] [SEVERE ] updating countdown to 51592
[16:51:37.469] [SEVERE ] updating countdown to 51566
[16:51:37.494] [SEVERE ] updating countdown to 51541
[16:51:37.520] [SEVERE ] updating countdown to 51515
[16:51:37.547] [SEVERE ] updating countdown to 51488
[16:51:37.573] [SEVERE ] updating countdown to 51462
[16:51:37.599] [SEVERE ] updating countdown to 51436
[16:51:37.624] [SEVERE ] updating countdown to 51411
[16:51:37.650] [SEVERE ] updating countdown to 51385
[16:51:37.676] [SEVERE ] updating countdown to 51359
[16:51:37.701] [SEVERE ] updating countdown to 51334
[16:51:37.727] [SEVERE ] updating countdown to 51308
[16:51:37.753] [SEVERE ] updating countdown to 51283
[16:51:37.779] [SEVERE ] updating countdown to 51256
[16:51:37.804] [SEVERE ] updating countdown to 51231
[16:51:37.830] [SEVERE ] updating countdown to 51205
[16:51:37.855] [SEVERE ] updating countdown to 51180
[16:51:37.881] [SEVERE ] updating countdown to 51154
[16:51:37.908] [SEVERE ] updating countdown to 51127
[16:51:37.934] [SEVERE ] updating countdown to 51101
[16:51:37.960] [SEVERE ] updating countdown to 51075
[16:51:37.986] [SEVERE ] updating countdown to 51049
[16:51:38.011] [SEVERE ] updating countdown to 51024
[16:51:38.037] [SEVERE ] updating countdown to 50998
[16:51:38.062] [SEVERE ] updating countdown to 50973
[16:51:38.088] [SEVERE ] updating countdown to 50947
[16:51:38.114] [SEVERE ] updating countdown to 50921
[16:51:38.139] [SEVERE ] updating countdown to 50896
[16:51:38.165] [SEVERE ] updating countdown to 50870
[16:51:38.193] [SEVERE ] updating countdown to 50842
[16:51:38.218] [SEVERE ] updating countdown to 50817
[16:51:38.244] [SEVERE ] updating countdown to 50791
[16:51:38.269] [SEVERE ] updating countdown to 50766
[16:51:38.295] [SEVERE ] updating countdown to 50740
[16:51:38.321] [SEVERE ] updating countdown to 50714
[16:51:38.347] [SEVERE ] updating countdown to 50688
[16:51:38.372] [SEVERE ] updating countdown to 50663
[16:51:38.398] [SEVERE ] updating countdown to 50637
[16:51:38.423] [SEVERE ] updating countdown to 50612
[16:51:38.449] [SEVERE ] updating countdown to 50586
[16:51:38.474] [SEVERE ] updating countdown to 50561
[16:51:38.500] [SEVERE ] updating countdown to 50535
[16:51:38.526] [SEVERE ] updating countdown to 50509
[16:51:38.551] [SEVERE ] updating countdown to 50484
[16:51:38.577] [SEVERE ] updating countdown to 50458
[16:51:38.602] [SEVERE ] updating countdown to 50433
[16:51:38.628] [SEVERE ] updating countdown to 50407
[16:51:38.653] [SEVERE ] updating countdown to 50382
[16:51:38.679] [SEVERE ] updating countdown to 50356
[16:51:38.705] [SEVERE ] updating countdown to 50330
[16:51:38.730] [SEVERE ] updating countdown to 50305
[16:51:38.756] [SEVERE ] updating countdown to 50279
[16:51:38.781] [SEVERE ] updating countdown to 50254
[16:51:38.807] [SEVERE ] updating countdown to 50228
[16:51:38.832] [SEVERE ] updating countdown to 50203
[16:51:38.848] [SEVERE ] exit button pressed
[16:51:38.849] [INFO   ] thread Thread-1 terminated.
[16:51:38.849] [INFO   ] thread Thread-2 terminated.
[16:51:38.858] [SEVERE ] updating countdown to 50177
[16:51:38.959] [SEVERE ] removing card from slot 0
[16:51:39.059] [SEVERE ] removing card from slot 1
[16:51:39.160] [SEVERE ] removing card from slot 2
[16:51:39.261] [SEVERE ] removing card from slot 3
[16:51:39.362] [SEVERE ] removing card from slot 4
[16:51:39.462] [SEVERE ] removing card from slot 5
[16:51:39.563] [SEVERE ] removing card from slot 6
[16:51:39.664] [SEVERE ] removing card from slot 7
[16:51:39.764] [SEVERE ] removing card from slot 8
[16:51:39.865] [SEVERE ] removing card from slot 9
[16:51:39.965] [SEVERE ] removing card from slot 10
[16:51:40.066] [SEVERE ] removing card from slot 11
[16:51:40.067] [SEVERE ] announcing winner(s): player 1, player 2, player 3
[16:51:40.068] [INFO   ] thread dealer terminated.
[16:51:40.068] [INFO   ] thread dealer terminated.
[16:51:40.069] [SEVERE ] thanks for playing... it was fun!
[16:51:40.069] [INFO   ] thread bguspl.set.Main.main() terminated.
