[16:28:57.062] [INFO   ] thread bguspl.set.Main.main() starting.
[16:28:57.067] [SEVERE ] cannot read configuration file config.properties trying from resources.
[16:28:57.071] [SEVERE ] configuration file was loaded from resources directory.
[16:28:59.037] [INFO   ] thread dealer starting.
[16:28:59.224] [INFO   ] thread dealer starting.
[16:28:59.403] [INFO   ] thread Thread-1 starting.
[16:28:59.403] [INFO   ] thread Thread-3 starting.
[16:28:59.403] [INFO   ] thread Thread-2 starting.
[16:28:59.405] [INFO   ] thread computer-2 starting.
[16:28:59.506] [SEVERE ] placing card 5 in slot 0
[16:28:59.507] [SEVERE ] player 3 placing token on slot 0
[16:28:59.723] [SEVERE ] placing card 15 in slot 1
[16:28:59.725] [SEVERE ] player 3 placing token on slot 1
[16:28:59.823] [SEVERE ] placing card 4 in slot 2
[16:28:59.827] [SEVERE ] removing player 3 token from slot 1
[16:28:59.955] [SEVERE ] placing card 3 in slot 3
[16:28:59.956] [SEVERE ] player 3 placing token on slot 2
[16:29:00.056] [SEVERE ] placing card 7 in slot 4
[16:29:00.057] [SEVERE ] removing player 3 token from slot 0
[16:29:00.157] [SEVERE ] placing card 13 in slot 5
[16:29:00.158] [SEVERE ] player 3 placing token on slot 1
[16:29:00.258] [SEVERE ] placing card 14 in slot 6
[16:29:00.258] [SEVERE ] removing player 3 token from slot 2
[16:29:00.379] [SEVERE ] placing card 2 in slot 7
[16:29:00.385] [SEVERE ] player 3 placing token on slot 4
[16:29:00.539] [SEVERE ] placing card 11 in slot 8
[16:29:00.541] [SEVERE ] removing player 3 token from slot 4
[16:29:00.703] [SEVERE ] placing card 20 in slot 9
[16:29:00.730] [SEVERE ] player 3 placing token on slot 8
[16:29:00.804] [SEVERE ] placing card 18 in slot 10
[16:29:00.883] [SEVERE ] player 3 placing token on slot 5
[16:29:00.904] [SEVERE ] placing card 0 in slot 11
[16:29:00.934] [SEVERE ] updating countdown to 60000
[16:29:00.960] [SEVERE ] updating countdown to 59974
[16:29:01.067] [SEVERE ] removing player 3 token from slot 1
[16:29:01.067] [SEVERE ] removing card from slot 1
[16:29:01.168] [SEVERE ] removing player 3 token from slot 5
[16:29:01.169] [SEVERE ] removing card from slot 5
[16:29:01.270] [SEVERE ] removing player 3 token from slot 8
[16:29:01.364] [SEVERE ] removing card from slot 8
[16:29:01.365] [SEVERE ] updating countdown to 60000
[16:29:01.366] [SEVERE ] setting player 3 score to 1
[16:29:01.367] [SEVERE ] setting player 3 freeze to 1000
[16:29:01.466] [SEVERE ] placing card 19 in slot 1
[16:29:01.567] [SEVERE ] placing card 6 in slot 5
[16:29:01.668] [SEVERE ] placing card 16 in slot 8
[16:29:01.696] [SEVERE ] updating countdown to 59669
[16:29:01.697] [SEVERE ] setting player 3 freeze to 669
[16:29:01.722] [SEVERE ] updating countdown to 59643
[16:29:01.723] [SEVERE ] setting player 3 freeze to 642
[16:29:01.749] [SEVERE ] updating countdown to 59616
[16:29:01.757] [SEVERE ] setting player 3 freeze to 608
[16:29:01.833] [SEVERE ] updating countdown to 59532
[16:29:01.846] [SEVERE ] setting player 3 freeze to 519
[16:29:01.872] [SEVERE ] updating countdown to 59493
[16:29:01.873] [SEVERE ] setting player 3 freeze to 492
[16:29:01.898] [SEVERE ] updating countdown to 59467
[16:29:01.899] [SEVERE ] setting player 3 freeze to 466
[16:29:01.925] [SEVERE ] updating countdown to 59440
[16:29:02.021] [SEVERE ] setting player 3 freeze to 344
[16:29:02.047] [SEVERE ] updating countdown to 59318
[16:29:02.063] [SEVERE ] setting player 3 freeze to 302
[16:29:02.089] [SEVERE ] updating countdown to 59276
[16:29:02.089] [SEVERE ] setting player 3 freeze to 276
[16:29:02.115] [SEVERE ] updating countdown to 59250
[16:29:02.115] [SEVERE ] setting player 3 freeze to 250
[16:29:02.141] [SEVERE ] updating countdown to 59224
[16:29:02.142] [SEVERE ] setting player 3 freeze to 223
[16:29:02.167] [SEVERE ] updating countdown to 59198
[16:29:02.169] [SEVERE ] setting player 3 freeze to 196
[16:29:02.228] [SEVERE ] updating countdown to 59137
[16:29:02.228] [SEVERE ] setting player 3 freeze to 137
[16:29:02.254] [SEVERE ] updating countdown to 59111
[16:29:02.258] [SEVERE ] setting player 3 freeze to 107
[16:29:02.283] [SEVERE ] updating countdown to 59082
[16:29:02.284] [SEVERE ] setting player 3 freeze to 81
[16:29:02.309] [SEVERE ] updating countdown to 59056
[16:29:02.310] [SEVERE ] setting player 3 freeze to 55
[16:29:02.336] [SEVERE ] updating countdown to 59029
[16:29:02.344] [SEVERE ] setting player 3 freeze to 21
[16:29:02.369] [SEVERE ] updating countdown to 58996
[16:29:02.388] [SEVERE ] setting player 3 freeze to -23
[16:29:02.414] [SEVERE ] updating countdown to 58951
[16:29:02.440] [SEVERE ] updating countdown to 58925
[16:29:02.466] [SEVERE ] updating countdown to 58899
[16:29:02.468] [SEVERE ] player 3 placing token on slot 2
[16:29:02.491] [SEVERE ] updating countdown to 58874
[16:29:02.517] [SEVERE ] updating countdown to 58848
[16:29:02.543] [SEVERE ] updating countdown to 58822
[16:29:02.569] [SEVERE ] player 3 placing token on slot 0
[16:29:02.570] [SEVERE ] updating countdown to 58795
[16:29:02.596] [SEVERE ] updating countdown to 58769
[16:29:02.626] [SEVERE ] updating countdown to 58739
[16:29:02.652] [SEVERE ] updating countdown to 58713
[16:29:02.670] [SEVERE ] player 3 placing token on slot 7
[16:29:02.671] [SEVERE ] updating countdown to 58694
[16:29:02.672] [SEVERE ] setting player 3 freeze to 3000
[16:29:02.697] [SEVERE ] updating countdown to 58668
[16:29:02.699] [SEVERE ] setting player 3 freeze to 2973
[16:29:02.725] [SEVERE ] updating countdown to 58640
[16:29:02.725] [SEVERE ] setting player 3 freeze to 2947
[16:29:02.750] [SEVERE ] updating countdown to 58615
[16:29:02.789] [SEVERE ] setting player 3 freeze to 2883
[16:29:02.816] [SEVERE ] updating countdown to 58549
[16:29:02.817] [SEVERE ] setting player 3 freeze to 2855
[16:29:02.842] [SEVERE ] updating countdown to 58523
[16:29:02.843] [SEVERE ] setting player 3 freeze to 2829
[16:29:02.869] [SEVERE ] updating countdown to 58496
[16:29:02.869] [SEVERE ] setting player 3 freeze to 2803
[16:29:02.895] [SEVERE ] updating countdown to 58470
[16:29:02.895] [SEVERE ] setting player 3 freeze to 2777
[16:29:02.921] [SEVERE ] updating countdown to 58444
[16:29:02.955] [SEVERE ] setting player 3 freeze to 2717
[16:29:02.980] [SEVERE ] updating countdown to 58385
[16:29:03.018] [SEVERE ] setting player 3 freeze to 2654
[16:29:03.043] [SEVERE ] updating countdown to 58322
[16:29:03.044] [SEVERE ] setting player 3 freeze to 2628
[16:29:03.070] [SEVERE ] updating countdown to 58295
[16:29:03.078] [SEVERE ] setting player 3 freeze to 2594
[16:29:03.103] [SEVERE ] updating countdown to 58262
[16:29:03.104] [SEVERE ] setting player 3 freeze to 2568
[16:29:03.129] [SEVERE ] updating countdown to 58236
[16:29:03.130] [SEVERE ] setting player 3 freeze to 2542
[16:29:03.155] [SEVERE ] updating countdown to 58210
[16:29:03.157] [SEVERE ] setting player 3 freeze to 2515
[16:29:03.183] [SEVERE ] updating countdown to 58182
[16:29:03.183] [SEVERE ] setting player 3 freeze to 2489
[16:29:03.209] [SEVERE ] updating countdown to 58156
[16:29:03.333] [SEVERE ] setting player 3 freeze to 2339
[16:29:03.358] [SEVERE ] updating countdown to 58007
[16:29:03.366] [SEVERE ] setting player 3 freeze to 2306
[16:29:03.392] [SEVERE ] updating countdown to 57973
[16:29:03.393] [SEVERE ] setting player 3 freeze to 2279
[16:29:03.418] [SEVERE ] updating countdown to 57947
[16:29:03.419] [SEVERE ] setting player 3 freeze to 2253
[16:29:03.444] [SEVERE ] updating countdown to 57921
[16:29:03.445] [SEVERE ] setting player 3 freeze to 2227
[16:29:03.470] [SEVERE ] updating countdown to 57895
[16:29:03.634] [SEVERE ] setting player 3 freeze to 2038
[16:29:03.667] [SEVERE ] updating countdown to 57698
[16:29:03.669] [SEVERE ] setting player 3 freeze to 2003
[16:29:03.694] [SEVERE ] updating countdown to 57671
[16:29:03.694] [SEVERE ] setting player 3 freeze to 1978
[16:29:03.720] [SEVERE ] updating countdown to 57645
[16:29:03.721] [SEVERE ] setting player 3 freeze to 1951
[16:29:03.746] [SEVERE ] updating countdown to 57619
[16:29:03.747] [SEVERE ] setting player 3 freeze to 1925
[16:29:03.773] [SEVERE ] updating countdown to 57592
[16:29:03.812] [SEVERE ] setting player 3 freeze to 1860
[16:29:03.838] [SEVERE ] updating countdown to 57527
[16:29:03.844] [SEVERE ] setting player 3 freeze to 1828
[16:29:03.870] [SEVERE ] updating countdown to 57495
[16:29:03.870] [SEVERE ] setting player 3 freeze to 1802
[16:29:03.895] [SEVERE ] updating countdown to 57470
[16:29:03.896] [SEVERE ] setting player 3 freeze to 1776
[16:29:03.921] [SEVERE ] updating countdown to 57444
[16:29:03.922] [SEVERE ] setting player 3 freeze to 1750
[16:29:03.948] [SEVERE ] updating countdown to 57417
[16:29:03.949] [SEVERE ] setting player 3 freeze to 1723
[16:29:03.974] [SEVERE ] updating countdown to 57391
[16:29:03.975] [SEVERE ] setting player 3 freeze to 1697
[16:29:04.001] [SEVERE ] updating countdown to 57364
[16:29:04.054] [SEVERE ] setting player 3 freeze to 1618
[16:29:04.080] [SEVERE ] updating countdown to 57285
[16:29:04.080] [SEVERE ] setting player 3 freeze to 1592
[16:29:04.106] [SEVERE ] updating countdown to 57259
[16:29:04.106] [SEVERE ] setting player 3 freeze to 1566
[16:29:04.132] [SEVERE ] updating countdown to 57233
[16:29:04.132] [SEVERE ] setting player 3 freeze to 1540
[16:29:04.158] [SEVERE ] updating countdown to 57207
[16:29:04.174] [SEVERE ] setting player 3 freeze to 1498
[16:29:04.200] [SEVERE ] updating countdown to 57165
[16:29:04.208] [SEVERE ] setting player 3 freeze to 1464
[16:29:04.233] [SEVERE ] updating countdown to 57132
[16:29:04.234] [SEVERE ] setting player 3 freeze to 1438
[16:29:04.260] [SEVERE ] updating countdown to 57106
[16:29:04.260] [SEVERE ] setting player 3 freeze to 1412
[16:29:04.286] [SEVERE ] updating countdown to 57079
[16:29:04.286] [SEVERE ] setting player 3 freeze to 1386
[16:29:04.312] [SEVERE ] updating countdown to 57053
[16:29:04.394] [SEVERE ] setting player 3 freeze to 1278
[16:29:04.421] [SEVERE ] updating countdown to 56944
[16:29:04.421] [SEVERE ] setting player 3 freeze to 1251
[16:29:04.447] [SEVERE ] updating countdown to 56918
[16:29:04.447] [SEVERE ] setting player 3 freeze to 1225
[16:29:04.473] [SEVERE ] updating countdown to 56892
[16:29:04.473] [SEVERE ] setting player 3 freeze to 1199
[16:29:04.499] [SEVERE ] updating countdown to 56866
[16:29:04.499] [SEVERE ] setting player 3 freeze to 1173
[16:29:04.524] [SEVERE ] updating countdown to 56841
[16:29:04.525] [SEVERE ] setting player 3 freeze to 1147
[16:29:04.550] [SEVERE ] updating countdown to 56815
[16:29:04.559] [SEVERE ] setting player 3 freeze to 1113
[16:29:04.584] [SEVERE ] updating countdown to 56781
[16:29:04.592] [SEVERE ] setting player 3 freeze to 1080
[16:29:04.738] [SEVERE ] updating countdown to 56627
[16:29:04.748] [SEVERE ] setting player 3 freeze to 924
[16:29:04.773] [SEVERE ] updating countdown to 56592
[16:29:04.774] [SEVERE ] setting player 3 freeze to 898
[16:29:04.799] [SEVERE ] updating countdown to 56566
[16:29:04.801] [SEVERE ] setting player 3 freeze to 871
[16:29:04.837] [SEVERE ] updating countdown to 56528
[16:29:04.838] [SEVERE ] setting player 3 freeze to 834
[16:29:04.863] [SEVERE ] updating countdown to 56502
[16:29:04.864] [SEVERE ] setting player 3 freeze to 808
[16:29:04.890] [SEVERE ] updating countdown to 56476
[16:29:05.045] [SEVERE ] setting player 3 freeze to 627
[16:29:05.073] [SEVERE ] updating countdown to 56292
[16:29:05.074] [SEVERE ] setting player 3 freeze to 598
[16:29:05.099] [SEVERE ] updating countdown to 56266
[16:29:05.100] [SEVERE ] setting player 3 freeze to 572
[16:29:05.125] [SEVERE ] updating countdown to 56240
[16:29:05.126] [SEVERE ] setting player 3 freeze to 546
[16:29:05.152] [SEVERE ] updating countdown to 56213
[16:29:05.152] [SEVERE ] setting player 3 freeze to 520
[16:29:05.178] [SEVERE ] updating countdown to 56187
[16:29:05.509] [SEVERE ] setting player 3 freeze to 163
[16:29:05.535] [SEVERE ] updating countdown to 55830
[16:29:05.661] [SEVERE ] setting player 3 freeze to 11
[16:29:05.687] [SEVERE ] updating countdown to 55678
[16:29:05.687] [SEVERE ] setting player 3 freeze to -15
[16:29:05.713] [SEVERE ] updating countdown to 55652
[16:29:05.738] [SEVERE ] updating countdown to 55627
[16:29:05.764] [SEVERE ] updating countdown to 55601
[16:29:05.772] [SEVERE ] removing player 3 token from slot 0
[16:29:05.790] [SEVERE ] updating countdown to 55575
[16:29:05.815] [SEVERE ] updating countdown to 55550
[16:29:05.841] [SEVERE ] updating countdown to 55524
[16:29:05.867] [SEVERE ] updating countdown to 55498
[16:29:05.873] [SEVERE ] player 3 placing token on slot 8
[16:29:05.874] [SEVERE ] updating countdown to 55491
[16:29:05.874] [SEVERE ] setting player 3 freeze to 3000
[16:29:05.899] [SEVERE ] updating countdown to 55466
[16:29:05.900] [SEVERE ] setting player 3 freeze to 2974
[16:29:05.925] [SEVERE ] updating countdown to 55440
[16:29:05.926] [SEVERE ] setting player 3 freeze to 2948
[16:29:05.951] [SEVERE ] updating countdown to 55414
[16:29:05.952] [SEVERE ] setting player 3 freeze to 2922
[16:29:05.977] [SEVERE ] updating countdown to 55388
[16:29:05.978] [SEVERE ] setting player 3 freeze to 2896
[16:29:06.004] [SEVERE ] updating countdown to 55361
[16:29:06.005] [SEVERE ] setting player 3 freeze to 2869
[16:29:06.030] [SEVERE ] updating countdown to 55335
[16:29:06.030] [SEVERE ] setting player 3 freeze to 2844
[16:29:06.056] [SEVERE ] updating countdown to 55309
[16:29:06.056] [SEVERE ] setting player 3 freeze to 2818
[16:29:06.082] [SEVERE ] updating countdown to 55283
[16:29:06.082] [SEVERE ] setting player 3 freeze to 2792
[16:29:06.107] [SEVERE ] updating countdown to 55258
[16:29:06.108] [SEVERE ] setting player 3 freeze to 2766
[16:29:06.133] [SEVERE ] updating countdown to 55232
[16:29:06.134] [SEVERE ] setting player 3 freeze to 2740
[16:29:06.160] [SEVERE ] updating countdown to 55206
[16:29:06.160] [SEVERE ] setting player 3 freeze to 2714
[16:29:06.186] [SEVERE ] updating countdown to 55179
[16:29:06.187] [SEVERE ] setting player 3 freeze to 2687
[16:29:06.214] [SEVERE ] updating countdown to 55151
[16:29:06.215] [SEVERE ] setting player 3 freeze to 2659
[16:29:06.241] [SEVERE ] updating countdown to 55124
[16:29:06.241] [SEVERE ] setting player 3 freeze to 2633
[16:29:06.267] [SEVERE ] updating countdown to 55098
[16:29:06.267] [SEVERE ] setting player 3 freeze to 2607
[16:29:06.293] [SEVERE ] updating countdown to 55072
[16:29:06.293] [SEVERE ] setting player 3 freeze to 2581
[16:29:06.319] [SEVERE ] updating countdown to 55046
[16:29:06.320] [SEVERE ] setting player 3 freeze to 2554
[16:29:06.346] [SEVERE ] updating countdown to 55019
[16:29:06.347] [SEVERE ] setting player 3 freeze to 2527
[16:29:06.373] [SEVERE ] updating countdown to 54992
[16:29:06.376] [SEVERE ] setting player 3 freeze to 2498
[16:29:06.402] [SEVERE ] updating countdown to 54963
[16:29:06.403] [SEVERE ] setting player 3 freeze to 2471
[16:29:06.428] [SEVERE ] updating countdown to 54937
[16:29:06.429] [SEVERE ] setting player 3 freeze to 2445
[16:29:06.454] [SEVERE ] updating countdown to 54911
[16:29:06.454] [SEVERE ] setting player 3 freeze to 2420
[16:29:06.480] [SEVERE ] updating countdown to 54885
[16:29:06.480] [SEVERE ] setting player 3 freeze to 2394
[16:29:06.506] [SEVERE ] updating countdown to 54859
[16:29:06.506] [SEVERE ] setting player 3 freeze to 2368
[16:29:06.532] [SEVERE ] updating countdown to 54833
[16:29:06.532] [SEVERE ] setting player 3 freeze to 2342
[16:29:06.558] [SEVERE ] updating countdown to 54807
[16:29:06.560] [SEVERE ] setting player 3 freeze to 2314
[16:29:06.586] [SEVERE ] updating countdown to 54779
[16:29:06.587] [SEVERE ] setting player 3 freeze to 2287
[16:29:06.612] [SEVERE ] updating countdown to 54753
[16:29:06.613] [SEVERE ] setting player 3 freeze to 2261
[16:29:06.638] [SEVERE ] updating countdown to 54727
[16:29:06.638] [SEVERE ] setting player 3 freeze to 2236
[16:29:06.664] [SEVERE ] updating countdown to 54701
[16:29:06.664] [SEVERE ] setting player 3 freeze to 2210
[16:29:06.690] [SEVERE ] updating countdown to 54675
[16:29:06.690] [SEVERE ] setting player 3 freeze to 2184
[16:29:06.716] [SEVERE ] updating countdown to 54649
[16:29:06.716] [SEVERE ] setting player 3 freeze to 2158
[16:29:06.742] [SEVERE ] updating countdown to 54623
[16:29:06.742] [SEVERE ] setting player 3 freeze to 2132
[16:29:06.767] [SEVERE ] updating countdown to 54598
[16:29:06.768] [SEVERE ] setting player 3 freeze to 2106
[16:29:06.794] [SEVERE ] updating countdown to 54571
[16:29:06.794] [SEVERE ] setting player 3 freeze to 2080
[16:29:06.820] [SEVERE ] updating countdown to 54545
[16:29:06.820] [SEVERE ] setting player 3 freeze to 2054
[16:29:06.845] [SEVERE ] updating countdown to 54520
[16:29:06.846] [SEVERE ] setting player 3 freeze to 2028
[16:29:06.872] [SEVERE ] updating countdown to 54493
[16:29:06.872] [SEVERE ] setting player 3 freeze to 2002
[16:29:06.898] [SEVERE ] updating countdown to 54467
[16:29:06.898] [SEVERE ] setting player 3 freeze to 1976
[16:29:06.924] [SEVERE ] updating countdown to 54441
[16:29:06.925] [SEVERE ] setting player 3 freeze to 1949
[16:29:06.950] [SEVERE ] updating countdown to 54415
[16:29:06.951] [SEVERE ] setting player 3 freeze to 1923
[16:29:06.976] [SEVERE ] updating countdown to 54389
[16:29:06.977] [SEVERE ] setting player 3 freeze to 1897
[16:29:07.002] [SEVERE ] updating countdown to 54363
[16:29:07.003] [SEVERE ] setting player 3 freeze to 1871
[16:29:07.028] [SEVERE ] updating countdown to 54337
[16:29:07.029] [SEVERE ] setting player 3 freeze to 1845
[16:29:07.054] [SEVERE ] updating countdown to 54311
[16:29:07.054] [SEVERE ] setting player 3 freeze to 1820
[16:29:07.080] [SEVERE ] updating countdown to 54285
[16:29:07.080] [SEVERE ] setting player 3 freeze to 1794
[16:29:07.105] [SEVERE ] updating countdown to 54260
[16:29:07.106] [SEVERE ] setting player 3 freeze to 1768
[16:29:07.131] [SEVERE ] updating countdown to 54234
[16:29:07.132] [SEVERE ] setting player 3 freeze to 1742
[16:29:07.158] [SEVERE ] updating countdown to 54207
[16:29:07.158] [SEVERE ] setting player 3 freeze to 1716
[16:29:07.183] [SEVERE ] updating countdown to 54182
[16:29:07.184] [SEVERE ] setting player 3 freeze to 1690
[16:29:07.209] [SEVERE ] updating countdown to 54156
[16:29:07.210] [SEVERE ] setting player 3 freeze to 1664
[16:29:07.236] [SEVERE ] updating countdown to 54129
[16:29:07.237] [SEVERE ] setting player 3 freeze to 1637
[16:29:07.263] [SEVERE ] updating countdown to 54102
[16:29:07.265] [SEVERE ] setting player 3 freeze to 1609
[16:29:07.291] [SEVERE ] updating countdown to 54074
[16:29:07.291] [SEVERE ] setting player 3 freeze to 1583
[16:29:07.316] [SEVERE ] updating countdown to 54049
[16:29:07.317] [SEVERE ] setting player 3 freeze to 1557
[16:29:07.342] [SEVERE ] updating countdown to 54023
[16:29:07.343] [SEVERE ] setting player 3 freeze to 1531
[16:29:07.368] [SEVERE ] updating countdown to 53997
[16:29:07.369] [SEVERE ] setting player 3 freeze to 1505
[16:29:07.394] [SEVERE ] updating countdown to 53971
[16:29:07.394] [SEVERE ] setting player 3 freeze to 1480
[16:29:07.420] [SEVERE ] updating countdown to 53945
[16:29:07.421] [SEVERE ] setting player 3 freeze to 1453
[16:29:07.446] [SEVERE ] updating countdown to 53919
[16:29:07.447] [SEVERE ] setting player 3 freeze to 1427
[16:29:07.472] [SEVERE ] updating countdown to 53893
[16:29:07.474] [SEVERE ] setting player 3 freeze to 1400
[16:29:07.500] [SEVERE ] updating countdown to 53865
[16:29:07.500] [SEVERE ] setting player 3 freeze to 1374
[16:29:07.526] [SEVERE ] updating countdown to 53839
[16:29:07.526] [SEVERE ] setting player 3 freeze to 1348
[16:29:07.551] [SEVERE ] updating countdown to 53814
[16:29:07.552] [SEVERE ] setting player 3 freeze to 1322
[16:29:07.577] [SEVERE ] updating countdown to 53788
[16:29:07.578] [SEVERE ] setting player 3 freeze to 1296
[16:29:07.603] [SEVERE ] updating countdown to 53762
[16:29:07.604] [SEVERE ] setting player 3 freeze to 1270
[16:29:07.629] [SEVERE ] updating countdown to 53736
[16:29:07.630] [SEVERE ] setting player 3 freeze to 1244
[16:29:07.655] [SEVERE ] updating countdown to 53710
[16:29:07.656] [SEVERE ] setting player 3 freeze to 1218
[16:29:07.681] [SEVERE ] updating countdown to 53684
[16:29:07.682] [SEVERE ] setting player 3 freeze to 1192
[16:29:07.707] [SEVERE ] updating countdown to 53658
[16:29:07.708] [SEVERE ] setting player 3 freeze to 1166
[16:29:07.733] [SEVERE ] updating countdown to 53632
[16:29:07.733] [SEVERE ] setting player 3 freeze to 1141
[16:29:07.758] [SEVERE ] updating countdown to 53607
[16:29:07.759] [SEVERE ] setting player 3 freeze to 1115
[16:29:07.784] [SEVERE ] updating countdown to 53581
[16:29:07.785] [SEVERE ] setting player 3 freeze to 1089
[16:29:07.810] [SEVERE ] updating countdown to 53555
[16:29:07.811] [SEVERE ] setting player 3 freeze to 1063
[16:29:07.836] [SEVERE ] updating countdown to 53529
[16:29:07.837] [SEVERE ] setting player 3 freeze to 1037
[16:29:07.862] [SEVERE ] updating countdown to 53503
[16:29:07.864] [SEVERE ] setting player 3 freeze to 1010
[16:29:07.890] [SEVERE ] updating countdown to 53475
[16:29:07.890] [SEVERE ] setting player 3 freeze to 984
[16:29:07.916] [SEVERE ] updating countdown to 53449
[16:29:07.916] [SEVERE ] setting player 3 freeze to 958
[16:29:07.941] [SEVERE ] updating countdown to 53424
[16:29:07.942] [SEVERE ] setting player 3 freeze to 932
[16:29:07.967] [SEVERE ] updating countdown to 53398
[16:29:07.967] [SEVERE ] setting player 3 freeze to 907
[16:29:07.993] [SEVERE ] updating countdown to 53372
[16:29:07.994] [SEVERE ] setting player 3 freeze to 880
[16:29:08.019] [SEVERE ] updating countdown to 53346
[16:29:08.020] [SEVERE ] setting player 3 freeze to 854
[16:29:08.046] [SEVERE ] updating countdown to 53319
[16:29:08.046] [SEVERE ] setting player 3 freeze to 828
[16:29:08.072] [SEVERE ] updating countdown to 53293
[16:29:08.072] [SEVERE ] setting player 3 freeze to 802
[16:29:08.098] [SEVERE ] updating countdown to 53267
[16:29:08.098] [SEVERE ] setting player 3 freeze to 776
[16:29:08.124] [SEVERE ] updating countdown to 53241
[16:29:08.125] [SEVERE ] setting player 3 freeze to 749
[16:29:08.150] [SEVERE ] updating countdown to 53215
[16:29:08.151] [SEVERE ] setting player 3 freeze to 723
[16:29:08.176] [SEVERE ] updating countdown to 53189
[16:29:08.176] [SEVERE ] setting player 3 freeze to 698
[16:29:08.202] [SEVERE ] updating countdown to 53163
[16:29:08.202] [SEVERE ] setting player 3 freeze to 672
[16:29:08.227] [SEVERE ] updating countdown to 53138
[16:29:08.228] [SEVERE ] setting player 3 freeze to 646
[16:29:08.254] [SEVERE ] updating countdown to 53111
[16:29:08.254] [SEVERE ] setting player 3 freeze to 620
[16:29:08.280] [SEVERE ] updating countdown to 53085
[16:29:08.281] [SEVERE ] setting player 3 freeze to 593
[16:29:08.307] [SEVERE ] updating countdown to 53058
[16:29:08.308] [SEVERE ] setting player 3 freeze to 566
[16:29:08.334] [SEVERE ] updating countdown to 53031
[16:29:08.334] [SEVERE ] setting player 3 freeze to 540
[16:29:08.359] [SEVERE ] updating countdown to 53006
[16:29:08.372] [SEVERE ] setting player 3 freeze to 502
[16:29:08.397] [SEVERE ] updating countdown to 52968
[16:29:08.398] [SEVERE ] setting player 3 freeze to 476
[16:29:08.424] [SEVERE ] updating countdown to 52941
[16:29:08.424] [SEVERE ] setting player 3 freeze to 450
[16:29:08.450] [SEVERE ] updating countdown to 52915
[16:29:08.450] [SEVERE ] setting player 3 freeze to 424
[16:29:08.476] [SEVERE ] updating countdown to 52889
[16:29:08.477] [SEVERE ] setting player 3 freeze to 397
[16:29:08.502] [SEVERE ] updating countdown to 52863
[16:29:08.503] [SEVERE ] setting player 3 freeze to 371
[16:29:08.528] [SEVERE ] updating countdown to 52837
[16:29:08.528] [SEVERE ] setting player 3 freeze to 346
[16:29:08.553] [SEVERE ] updating countdown to 52812
[16:29:08.554] [SEVERE ] setting player 3 freeze to 320
[16:29:08.579] [SEVERE ] updating countdown to 52786
[16:29:08.579] [SEVERE ] setting player 3 freeze to 295
[16:29:08.604] [SEVERE ] updating countdown to 52761
[16:29:08.605] [SEVERE ] setting player 3 freeze to 269
[16:29:08.630] [SEVERE ] updating countdown to 52735
[16:29:08.631] [SEVERE ] setting player 3 freeze to 243
[16:29:08.656] [SEVERE ] updating countdown to 52709
[16:29:08.657] [SEVERE ] setting player 3 freeze to 217
[16:29:08.682] [SEVERE ] updating countdown to 52683
[16:29:08.683] [SEVERE ] setting player 3 freeze to 191
[16:29:08.708] [SEVERE ] updating countdown to 52657
[16:29:08.709] [SEVERE ] setting player 3 freeze to 165
[16:29:08.735] [SEVERE ] updating countdown to 52630
[16:29:08.735] [SEVERE ] setting player 3 freeze to 139
[16:29:08.761] [SEVERE ] updating countdown to 52604
[16:29:08.764] [SEVERE ] setting player 3 freeze to 110
[16:29:08.789] [SEVERE ] updating countdown to 52576
[16:29:08.789] [SEVERE ] setting player 3 freeze to 85
[16:29:08.815] [SEVERE ] updating countdown to 52550
[16:29:08.815] [SEVERE ] setting player 3 freeze to 59
[16:29:08.840] [SEVERE ] updating countdown to 52525
[16:29:08.841] [SEVERE ] setting player 3 freeze to 33
[16:29:08.866] [SEVERE ] updating countdown to 52499
[16:29:08.867] [SEVERE ] setting player 3 freeze to 7
[16:29:08.892] [SEVERE ] updating countdown to 52473
[16:29:08.892] [SEVERE ] setting player 3 freeze to -18
[16:29:08.918] [SEVERE ] updating countdown to 52447
[16:29:08.943] [SEVERE ] updating countdown to 52422
[16:29:08.969] [SEVERE ] updating countdown to 52396
[16:29:08.975] [SEVERE ] removing player 3 token from slot 7
[16:29:08.994] [SEVERE ] updating countdown to 52371
[16:29:09.020] [SEVERE ] updating countdown to 52345
[16:29:09.045] [SEVERE ] updating countdown to 52320
[16:29:09.071] [SEVERE ] updating countdown to 52294
[16:29:09.085] [SEVERE ] player 3 placing token on slot 5
[16:29:09.087] [SEVERE ] updating countdown to 52278
[16:29:09.087] [SEVERE ] setting player 3 freeze to 3000
[16:29:09.112] [SEVERE ] updating countdown to 52253
[16:29:09.113] [SEVERE ] setting player 3 freeze to 2974
[16:29:09.145] [SEVERE ] updating countdown to 52220
[16:29:09.146] [SEVERE ] setting player 3 freeze to 2941
[16:29:09.171] [SEVERE ] updating countdown to 52194
[16:29:09.172] [SEVERE ] setting player 3 freeze to 2915
[16:29:09.198] [SEVERE ] updating countdown to 52167
[16:29:09.198] [SEVERE ] setting player 3 freeze to 2889
[16:29:09.224] [SEVERE ] updating countdown to 52141
[16:29:09.224] [SEVERE ] setting player 3 freeze to 2863
[16:29:09.249] [SEVERE ] updating countdown to 52116
[16:29:09.250] [SEVERE ] setting player 3 freeze to 2837
[16:29:09.275] [SEVERE ] updating countdown to 52090
[16:29:09.276] [SEVERE ] setting player 3 freeze to 2811
[16:29:09.302] [SEVERE ] updating countdown to 52063
[16:29:09.303] [SEVERE ] setting player 3 freeze to 2784
[16:29:09.328] [SEVERE ] updating countdown to 52037
[16:29:09.329] [SEVERE ] setting player 3 freeze to 2758
[16:29:09.354] [SEVERE ] updating countdown to 52011
[16:29:09.354] [SEVERE ] setting player 3 freeze to 2733
[16:29:09.380] [SEVERE ] updating countdown to 51985
[16:29:09.382] [SEVERE ] setting player 3 freeze to 2705
[16:29:09.407] [SEVERE ] updating countdown to 51958
[16:29:09.408] [SEVERE ] setting player 3 freeze to 2679
[16:29:09.433] [SEVERE ] updating countdown to 51932
[16:29:09.434] [SEVERE ] setting player 3 freeze to 2653
[16:29:09.459] [SEVERE ] updating countdown to 51906
[16:29:09.460] [SEVERE ] setting player 3 freeze to 2627
[16:29:09.485] [SEVERE ] updating countdown to 51880
[16:29:09.486] [SEVERE ] setting player 3 freeze to 2601
[16:29:09.511] [SEVERE ] updating countdown to 51854
[16:29:09.511] [SEVERE ] setting player 3 freeze to 2576
[16:29:09.537] [SEVERE ] updating countdown to 51828
[16:29:09.547] [SEVERE ] setting player 3 freeze to 2540
[16:29:09.572] [SEVERE ] updating countdown to 51793
[16:29:09.573] [SEVERE ] setting player 3 freeze to 2514
[16:29:09.598] [SEVERE ] updating countdown to 51767
[16:29:09.599] [SEVERE ] setting player 3 freeze to 2488
[16:29:09.624] [SEVERE ] updating countdown to 51741
[16:29:09.624] [SEVERE ] setting player 3 freeze to 2463
[16:29:09.650] [SEVERE ] updating countdown to 51715
[16:29:09.650] [SEVERE ] setting player 3 freeze to 2437
[16:29:09.676] [SEVERE ] updating countdown to 51689
[16:29:09.676] [SEVERE ] setting player 3 freeze to 2411
[16:29:09.701] [SEVERE ] updating countdown to 51664
[16:29:09.702] [SEVERE ] setting player 3 freeze to 2385
[16:29:09.727] [SEVERE ] updating countdown to 51638
[16:29:09.728] [SEVERE ] setting player 3 freeze to 2359
[16:29:09.753] [SEVERE ] updating countdown to 51612
[16:29:09.754] [SEVERE ] setting player 3 freeze to 2333
[16:29:09.779] [SEVERE ] updating countdown to 51586
[16:29:09.780] [SEVERE ] setting player 3 freeze to 2307
[16:29:09.806] [SEVERE ] updating countdown to 51559
[16:29:09.807] [SEVERE ] setting player 3 freeze to 2280
[16:29:09.832] [SEVERE ] updating countdown to 51533
[16:29:09.832] [SEVERE ] setting player 3 freeze to 2255
[16:29:09.858] [SEVERE ] updating countdown to 51507
[16:29:09.858] [SEVERE ] setting player 3 freeze to 2229
[16:29:09.884] [SEVERE ] updating countdown to 51481
[16:29:09.884] [SEVERE ] setting player 3 freeze to 2203
[16:29:09.910] [SEVERE ] updating countdown to 51455
[16:29:09.910] [SEVERE ] setting player 3 freeze to 2177
[16:29:09.936] [SEVERE ] updating countdown to 51429
[16:29:09.936] [SEVERE ] setting player 3 freeze to 2151
[16:29:09.962] [SEVERE ] updating countdown to 51403
[16:29:09.962] [SEVERE ] setting player 3 freeze to 2125
[16:29:09.988] [SEVERE ] updating countdown to 51377
[16:29:09.989] [SEVERE ] setting player 3 freeze to 2098
[16:29:10.014] [SEVERE ] updating countdown to 51351
[16:29:10.015] [SEVERE ] setting player 3 freeze to 2072
[16:29:10.041] [SEVERE ] updating countdown to 51324
[16:29:10.041] [SEVERE ] setting player 3 freeze to 2046
[16:29:10.067] [SEVERE ] updating countdown to 51298
[16:29:10.067] [SEVERE ] setting player 3 freeze to 2020
[16:29:10.097] [SEVERE ] updating countdown to 51268
[16:29:10.097] [SEVERE ] setting player 3 freeze to 1990
[16:29:10.123] [SEVERE ] updating countdown to 51242
[16:29:10.123] [SEVERE ] setting player 3 freeze to 1964
[16:29:10.149] [SEVERE ] updating countdown to 51217
[16:29:10.149] [SEVERE ] setting player 3 freeze to 1938
[16:29:10.174] [SEVERE ] updating countdown to 51191
[16:29:10.175] [SEVERE ] setting player 3 freeze to 1912
[16:29:10.200] [SEVERE ] updating countdown to 51165
[16:29:10.201] [SEVERE ] setting player 3 freeze to 1886
[16:29:10.226] [SEVERE ] updating countdown to 51139
[16:29:10.227] [SEVERE ] setting player 3 freeze to 1860
[16:29:10.253] [SEVERE ] updating countdown to 51112
[16:29:10.254] [SEVERE ] setting player 3 freeze to 1833
[16:29:10.279] [SEVERE ] updating countdown to 51086
[16:29:10.280] [SEVERE ] setting player 3 freeze to 1807
[16:29:10.305] [SEVERE ] updating countdown to 51060
[16:29:10.306] [SEVERE ] setting player 3 freeze to 1781
[16:29:10.331] [SEVERE ] updating countdown to 51034
[16:29:10.331] [SEVERE ] setting player 3 freeze to 1756
[16:29:10.357] [SEVERE ] updating countdown to 51008
[16:29:10.358] [SEVERE ] setting player 3 freeze to 1729
[16:29:10.383] [SEVERE ] updating countdown to 50982
[16:29:10.383] [SEVERE ] setting player 3 freeze to 1704
[16:29:10.409] [SEVERE ] updating countdown to 50956
[16:29:10.410] [SEVERE ] setting player 3 freeze to 1677
[16:29:10.435] [SEVERE ] updating countdown to 50930
[16:29:10.435] [SEVERE ] setting player 3 freeze to 1652
[16:29:10.461] [SEVERE ] updating countdown to 50904
[16:29:10.461] [SEVERE ] setting player 3 freeze to 1626
[16:29:10.487] [SEVERE ] updating countdown to 50878
[16:29:10.487] [SEVERE ] setting player 3 freeze to 1600
[16:29:10.512] [SEVERE ] updating countdown to 50853
[16:29:10.513] [SEVERE ] setting player 3 freeze to 1574
[16:29:10.538] [SEVERE ] updating countdown to 50827
[16:29:10.539] [SEVERE ] setting player 3 freeze to 1548
[16:29:10.564] [SEVERE ] updating countdown to 50801
[16:29:10.565] [SEVERE ] setting player 3 freeze to 1522
[16:29:10.590] [SEVERE ] updating countdown to 50775
[16:29:10.590] [SEVERE ] setting player 3 freeze to 1497
[16:29:10.616] [SEVERE ] updating countdown to 50749
[16:29:10.616] [SEVERE ] setting player 3 freeze to 1471
[16:29:10.642] [SEVERE ] updating countdown to 50723
[16:29:10.642] [SEVERE ] setting player 3 freeze to 1445
[16:29:10.668] [SEVERE ] updating countdown to 50697
[16:29:10.668] [SEVERE ] setting player 3 freeze to 1419
[16:29:10.693] [SEVERE ] updating countdown to 50672
[16:29:10.694] [SEVERE ] setting player 3 freeze to 1393
[16:29:10.719] [SEVERE ] updating countdown to 50646
[16:29:10.720] [SEVERE ] setting player 3 freeze to 1367
[16:29:10.745] [SEVERE ] updating countdown to 50620
[16:29:10.746] [SEVERE ] setting player 3 freeze to 1341
[16:29:10.772] [SEVERE ] updating countdown to 50593
[16:29:10.772] [SEVERE ] setting player 3 freeze to 1315
[16:29:10.798] [SEVERE ] updating countdown to 50567
[16:29:10.798] [SEVERE ] setting player 3 freeze to 1289
[16:29:10.823] [SEVERE ] updating countdown to 50542
[16:29:10.832] [SEVERE ] setting player 3 freeze to 1255
[16:29:10.858] [SEVERE ] updating countdown to 50507
[16:29:10.858] [SEVERE ] setting player 3 freeze to 1229
[16:29:10.884] [SEVERE ] updating countdown to 50481
[16:29:10.884] [SEVERE ] setting player 3 freeze to 1203
[16:29:10.912] [SEVERE ] updating countdown to 50453
[16:29:10.913] [SEVERE ] setting player 3 freeze to 1174
[16:29:10.938] [SEVERE ] updating countdown to 50427
[16:29:10.939] [SEVERE ] setting player 3 freeze to 1148
[16:29:10.964] [SEVERE ] updating countdown to 50401
[16:29:10.964] [SEVERE ] setting player 3 freeze to 1123
[16:29:10.990] [SEVERE ] updating countdown to 50376
[16:29:10.990] [SEVERE ] setting player 3 freeze to 1097
[16:29:11.016] [SEVERE ] updating countdown to 50349
[16:29:11.016] [SEVERE ] setting player 3 freeze to 1071
[16:29:11.041] [SEVERE ] updating countdown to 50324
[16:29:11.042] [SEVERE ] setting player 3 freeze to 1045
[16:29:11.067] [SEVERE ] updating countdown to 50298
[16:29:11.067] [SEVERE ] setting player 3 freeze to 1020
[16:29:11.093] [SEVERE ] updating countdown to 50272
[16:29:11.093] [SEVERE ] setting player 3 freeze to 994
[16:29:11.119] [SEVERE ] updating countdown to 50246
[16:29:11.119] [SEVERE ] setting player 3 freeze to 968
[16:29:11.145] [SEVERE ] updating countdown to 50220
[16:29:11.145] [SEVERE ] setting player 3 freeze to 942
[16:29:11.170] [SEVERE ] updating countdown to 50195
[16:29:11.171] [SEVERE ] setting player 3 freeze to 916
[16:29:11.196] [SEVERE ] updating countdown to 50169
[16:29:11.196] [SEVERE ] setting player 3 freeze to 891
[16:29:11.222] [SEVERE ] updating countdown to 50143
[16:29:11.223] [SEVERE ] setting player 3 freeze to 864
[16:29:11.248] [SEVERE ] updating countdown to 50117
[16:29:11.249] [SEVERE ] setting player 3 freeze to 838
[16:29:11.274] [SEVERE ] updating countdown to 50091
[16:29:11.275] [SEVERE ] setting player 3 freeze to 812
[16:29:11.300] [SEVERE ] updating countdown to 50065
[16:29:11.301] [SEVERE ] setting player 3 freeze to 786
[16:29:11.327] [SEVERE ] updating countdown to 50038
[16:29:11.327] [SEVERE ] setting player 3 freeze to 760
[16:29:11.352] [SEVERE ] updating countdown to 50013
[16:29:11.352] [SEVERE ] setting player 3 freeze to 735
[16:29:11.378] [SEVERE ] updating countdown to 49987
[16:29:11.379] [SEVERE ] setting player 3 freeze to 708
[16:29:11.405] [SEVERE ] updating countdown to 49960
[16:29:11.405] [SEVERE ] setting player 3 freeze to 682
[16:29:11.431] [SEVERE ] updating countdown to 49934
[16:29:11.431] [SEVERE ] setting player 3 freeze to 656
[16:29:11.457] [SEVERE ] updating countdown to 49908
[16:29:11.457] [SEVERE ] setting player 3 freeze to 630
[16:29:11.482] [SEVERE ] updating countdown to 49883
[16:29:11.483] [SEVERE ] setting player 3 freeze to 604
[16:29:11.508] [SEVERE ] updating countdown to 49857
[16:29:11.509] [SEVERE ] setting player 3 freeze to 578
[16:29:11.535] [SEVERE ] updating countdown to 49830
[16:29:11.535] [SEVERE ] setting player 3 freeze to 552
[16:29:11.561] [SEVERE ] updating countdown to 49804
[16:29:11.561] [SEVERE ] setting player 3 freeze to 526
[16:29:11.587] [SEVERE ] updating countdown to 49778
[16:29:11.587] [SEVERE ] setting player 3 freeze to 500
[16:29:11.612] [SEVERE ] updating countdown to 49753
[16:29:11.613] [SEVERE ] setting player 3 freeze to 474
[16:29:11.638] [SEVERE ] updating countdown to 49727
[16:29:11.638] [SEVERE ] setting player 3 freeze to 449
[16:29:11.664] [SEVERE ] updating countdown to 49702
[16:29:11.664] [SEVERE ] setting player 3 freeze to 423
[16:29:11.691] [SEVERE ] updating countdown to 49674
[16:29:11.691] [SEVERE ] setting player 3 freeze to 396
[16:29:11.716] [SEVERE ] updating countdown to 49649
[16:29:11.716] [SEVERE ] setting player 3 freeze to 371
[16:29:11.742] [SEVERE ] updating countdown to 49623
[16:29:11.742] [SEVERE ] setting player 3 freeze to 345
[16:29:11.768] [SEVERE ] updating countdown to 49597
[16:29:11.768] [SEVERE ] setting player 3 freeze to 319
[16:29:11.795] [SEVERE ] updating countdown to 49570
[16:29:11.795] [SEVERE ] setting player 3 freeze to 292
[16:29:11.820] [SEVERE ] updating countdown to 49545
[16:29:11.820] [SEVERE ] setting player 3 freeze to 267
[16:29:11.846] [SEVERE ] updating countdown to 49519
[16:29:11.846] [SEVERE ] setting player 3 freeze to 241
[16:29:11.871] [SEVERE ] updating countdown to 49494
[16:29:11.872] [SEVERE ] setting player 3 freeze to 215
[16:29:11.897] [SEVERE ] updating countdown to 49468
[16:29:11.897] [SEVERE ] setting player 3 freeze to 190
[16:29:11.923] [SEVERE ] updating countdown to 49442
[16:29:11.923] [SEVERE ] setting player 3 freeze to 164
[16:29:11.949] [SEVERE ] updating countdown to 49416
[16:29:11.949] [SEVERE ] setting player 3 freeze to 138
[16:29:11.975] [SEVERE ] updating countdown to 49390
[16:29:11.976] [SEVERE ] setting player 3 freeze to 111
[16:29:12.001] [SEVERE ] updating countdown to 49364
[16:29:12.001] [SEVERE ] setting player 3 freeze to 86
[16:29:12.027] [SEVERE ] updating countdown to 49338
[16:29:12.027] [SEVERE ] setting player 3 freeze to 60
[16:29:12.053] [SEVERE ] updating countdown to 49312
[16:29:12.053] [SEVERE ] setting player 3 freeze to 34
[16:29:12.078] [SEVERE ] updating countdown to 49287
[16:29:12.078] [SEVERE ] setting player 3 freeze to 9
[16:29:12.104] [SEVERE ] updating countdown to 49261
[16:29:12.104] [SEVERE ] setting player 3 freeze to -17
[16:29:12.130] [SEVERE ] updating countdown to 49235
[16:29:12.155] [SEVERE ] updating countdown to 49210
[16:29:12.181] [SEVERE ] updating countdown to 49184
[16:29:12.207] [SEVERE ] updating countdown to 49158
[16:29:12.232] [SEVERE ] updating countdown to 49133
[16:29:12.258] [SEVERE ] updating countdown to 49107
[16:29:12.283] [SEVERE ] updating countdown to 49082
[16:29:12.309] [SEVERE ] updating countdown to 49056
[16:29:12.334] [SEVERE ] updating countdown to 49031
[16:29:12.360] [SEVERE ] updating countdown to 49005
[16:29:12.386] [SEVERE ] updating countdown to 48979
[16:29:12.412] [SEVERE ] updating countdown to 48953
[16:29:12.437] [SEVERE ] updating countdown to 48928
[16:29:12.463] [SEVERE ] updating countdown to 48902
[16:29:12.488] [SEVERE ] updating countdown to 48877
[16:29:12.514] [SEVERE ] updating countdown to 48851
[16:29:12.540] [SEVERE ] updating countdown to 48825
[16:29:12.566] [SEVERE ] updating countdown to 48799
[16:29:12.591] [SEVERE ] updating countdown to 48774
[16:29:12.617] [SEVERE ] updating countdown to 48748
[16:29:12.642] [SEVERE ] updating countdown to 48723
[16:29:12.668] [SEVERE ] updating countdown to 48697
[16:29:12.694] [SEVERE ] updating countdown to 48671
[16:29:12.719] [SEVERE ] updating countdown to 48646
[16:29:12.745] [SEVERE ] updating countdown to 48620
[16:29:12.771] [SEVERE ] updating countdown to 48594
[16:29:12.796] [SEVERE ] updating countdown to 48569
[16:29:12.822] [SEVERE ] updating countdown to 48543
[16:29:12.847] [SEVERE ] updating countdown to 48518
[16:29:12.873] [SEVERE ] updating countdown to 48492
[16:29:12.890] [SEVERE ] removing player 3 token from slot 2
[16:29:12.899] [SEVERE ] updating countdown to 48466
[16:29:12.924] [SEVERE ] updating countdown to 48441
[16:29:12.950] [SEVERE ] updating countdown to 48415
[16:29:12.975] [SEVERE ] updating countdown to 48390
[16:29:12.991] [SEVERE ] player 3 placing token on slot 1
[16:29:12.991] [SEVERE ] updating countdown to 48374
[16:29:12.992] [SEVERE ] setting player 3 freeze to 3000
[16:29:13.017] [SEVERE ] updating countdown to 48348
[16:29:13.019] [SEVERE ] setting player 3 freeze to 2973
[16:29:13.044] [SEVERE ] updating countdown to 48321
[16:29:13.045] [SEVERE ] setting player 3 freeze to 2947
[16:29:13.070] [SEVERE ] updating countdown to 48295
[16:29:13.070] [SEVERE ] setting player 3 freeze to 2922
[16:29:13.096] [SEVERE ] updating countdown to 48269
[16:29:13.096] [SEVERE ] setting player 3 freeze to 2896
[16:29:13.122] [SEVERE ] updating countdown to 48243
[16:29:13.122] [SEVERE ] setting player 3 freeze to 2870
[16:29:13.147] [SEVERE ] updating countdown to 48218
[16:29:13.148] [SEVERE ] setting player 3 freeze to 2844
[16:29:13.174] [SEVERE ] updating countdown to 48191
[16:29:13.174] [SEVERE ] setting player 3 freeze to 2818
[16:29:13.200] [SEVERE ] updating countdown to 48165
[16:29:13.200] [SEVERE ] setting player 3 freeze to 2792
[16:29:13.225] [SEVERE ] updating countdown to 48140
[16:29:13.226] [SEVERE ] setting player 3 freeze to 2766
[16:29:13.251] [SEVERE ] updating countdown to 48114
[16:29:13.252] [SEVERE ] setting player 3 freeze to 2740
[16:29:13.277] [SEVERE ] updating countdown to 48088
[16:29:13.278] [SEVERE ] setting player 3 freeze to 2714
[16:29:13.303] [SEVERE ] updating countdown to 48062
[16:29:13.305] [SEVERE ] setting player 3 freeze to 2687
[16:29:13.330] [SEVERE ] updating countdown to 48035
[16:29:13.352] [SEVERE ] setting player 3 freeze to 2640
[16:29:13.378] [SEVERE ] updating countdown to 47987
[16:29:13.388] [SEVERE ] setting player 3 freeze to 2604
[16:29:13.414] [SEVERE ] updating countdown to 47951
[16:29:13.414] [SEVERE ] setting player 3 freeze to 2578
[16:29:13.439] [SEVERE ] updating countdown to 47926
[16:29:13.451] [SEVERE ] setting player 3 freeze to 2541
[16:29:13.476] [SEVERE ] updating countdown to 47889
[16:29:13.476] [SEVERE ] setting player 3 freeze to 2516
[16:29:13.502] [SEVERE ] updating countdown to 47863
[16:29:13.502] [SEVERE ] setting player 3 freeze to 2490
[16:29:13.528] [SEVERE ] updating countdown to 47837
[16:29:13.528] [SEVERE ] setting player 3 freeze to 2464
[16:29:13.554] [SEVERE ] updating countdown to 47811
[16:29:13.554] [SEVERE ] setting player 3 freeze to 2438
[16:29:13.580] [SEVERE ] updating countdown to 47785
[16:29:13.622] [SEVERE ] setting player 3 freeze to 2370
[16:29:13.654] [SEVERE ] updating countdown to 47711
[16:29:13.654] [SEVERE ] setting player 3 freeze to 2338
[16:29:13.679] [SEVERE ] updating countdown to 47686
[16:29:13.680] [SEVERE ] setting player 3 freeze to 2312
[16:29:13.705] [SEVERE ] updating countdown to 47660
[16:29:13.706] [SEVERE ] setting player 3 freeze to 2286
[16:29:13.731] [SEVERE ] updating countdown to 47634
[16:29:13.732] [SEVERE ] setting player 3 freeze to 2260
[16:29:13.757] [SEVERE ] updating countdown to 47608
[16:29:13.758] [SEVERE ] setting player 3 freeze to 2234
[16:29:13.783] [SEVERE ] updating countdown to 47582
[16:29:13.783] [SEVERE ] setting player 3 freeze to 2209
[16:29:13.808] [SEVERE ] updating countdown to 47557
[16:29:13.832] [SEVERE ] setting player 3 freeze to 2160
[16:29:13.889] [SEVERE ] updating countdown to 47476
[16:29:13.890] [SEVERE ] setting player 3 freeze to 2102
[16:29:13.915] [SEVERE ] updating countdown to 47450
[16:29:13.915] [SEVERE ] setting player 3 freeze to 2077
[16:29:13.941] [SEVERE ] updating countdown to 47424
[16:29:13.941] [SEVERE ] setting player 3 freeze to 2051
[16:29:13.967] [SEVERE ] updating countdown to 47398
[16:29:13.981] [SEVERE ] setting player 3 freeze to 2011
[16:29:14.006] [SEVERE ] updating countdown to 47359
[16:29:14.007] [SEVERE ] setting player 3 freeze to 1985
[16:29:14.032] [SEVERE ] updating countdown to 47333
[16:29:14.032] [SEVERE ] setting player 3 freeze to 1960
[16:29:14.058] [SEVERE ] updating countdown to 47307
[16:29:14.059] [SEVERE ] setting player 3 freeze to 1933
[16:29:14.217] [SEVERE ] updating countdown to 47148
[16:29:14.235] [SEVERE ] setting player 3 freeze to 1757
[16:29:14.260] [SEVERE ] updating countdown to 47105
[16:29:14.261] [SEVERE ] setting player 3 freeze to 1731
[16:29:14.286] [SEVERE ] updating countdown to 47079
[16:29:14.287] [SEVERE ] setting player 3 freeze to 1705
[16:29:14.312] [SEVERE ] updating countdown to 47053
[16:29:14.313] [SEVERE ] setting player 3 freeze to 1679
[16:29:14.338] [SEVERE ] updating countdown to 47027
[16:29:14.339] [SEVERE ] setting player 3 freeze to 1653
[16:29:14.365] [SEVERE ] updating countdown to 47001
[16:29:14.371] [SEVERE ] setting player 3 freeze to 1621
[16:29:14.397] [SEVERE ] updating countdown to 46968
[16:29:14.402] [SEVERE ] setting player 3 freeze to 1590
[16:29:14.428] [SEVERE ] updating countdown to 46937
[16:29:14.432] [SEVERE ] setting player 3 freeze to 1560
[16:29:14.457] [SEVERE ] updating countdown to 46908
[16:29:14.458] [SEVERE ] setting player 3 freeze to 1534
[16:29:14.484] [SEVERE ] updating countdown to 46881
[16:29:14.484] [SEVERE ] setting player 3 freeze to 1508
[16:29:14.509] [SEVERE ] updating countdown to 46856
[16:29:14.597] [SEVERE ] setting player 3 freeze to 1395
[16:29:14.623] [SEVERE ] updating countdown to 46742
[16:29:14.642] [SEVERE ] setting player 3 freeze to 1350
[16:29:14.667] [SEVERE ] updating countdown to 46698
[16:29:14.667] [SEVERE ] setting player 3 freeze to 1325
[16:29:14.693] [SEVERE ] updating countdown to 46672
[16:29:14.694] [SEVERE ] setting player 3 freeze to 1298
[16:29:14.719] [SEVERE ] updating countdown to 46646
[16:29:14.719] [SEVERE ] setting player 3 freeze to 1273
[16:29:14.745] [SEVERE ] updating countdown to 46621
[16:29:14.745] [SEVERE ] setting player 3 freeze to 1247
[16:29:14.770] [SEVERE ] updating countdown to 46595
[16:29:14.771] [SEVERE ] setting player 3 freeze to 1221
[16:29:14.796] [SEVERE ] updating countdown to 46569
[16:29:14.797] [SEVERE ] setting player 3 freeze to 1195
[16:29:14.822] [SEVERE ] updating countdown to 46543
[16:29:14.823] [SEVERE ] setting player 3 freeze to 1169
[16:29:14.848] [SEVERE ] updating countdown to 46517
[16:29:14.912] [SEVERE ] setting player 3 freeze to 1080
[16:29:14.937] [SEVERE ] updating countdown to 46428
[16:29:14.938] [SEVERE ] setting player 3 freeze to 1054
[16:29:14.963] [SEVERE ] updating countdown to 46402
[16:29:14.964] [SEVERE ] setting player 3 freeze to 1028
[16:29:14.989] [SEVERE ] updating countdown to 46376
[16:29:14.990] [SEVERE ] setting player 3 freeze to 1002
[16:29:15.015] [SEVERE ] updating countdown to 46350
[16:29:15.015] [SEVERE ] setting player 3 freeze to 977
[16:29:15.041] [SEVERE ] updating countdown to 46324
[16:29:15.041] [SEVERE ] setting player 3 freeze to 951
[16:29:15.067] [SEVERE ] updating countdown to 46298
[16:29:15.068] [SEVERE ] setting player 3 freeze to 924
[16:29:15.093] [SEVERE ] updating countdown to 46272
[16:29:15.094] [SEVERE ] setting player 3 freeze to 898
[16:29:15.119] [SEVERE ] updating countdown to 46246
[16:29:15.120] [SEVERE ] setting player 3 freeze to 872
[16:29:15.145] [SEVERE ] updating countdown to 46220
[16:29:15.153] [SEVERE ] setting player 3 freeze to 839
[16:29:15.220] [SEVERE ] updating countdown to 46145
[16:29:15.223] [SEVERE ] setting player 3 freeze to 769
[16:29:15.248] [SEVERE ] updating countdown to 46117
[16:29:15.249] [SEVERE ] setting player 3 freeze to 743
[16:29:15.274] [SEVERE ] updating countdown to 46091
[16:29:15.274] [SEVERE ] setting player 3 freeze to 718
[16:29:15.300] [SEVERE ] updating countdown to 46065
[16:29:15.367] [SEVERE ] setting player 3 freeze to 625
[16:29:15.392] [SEVERE ] updating countdown to 45973
[16:29:15.393] [SEVERE ] setting player 3 freeze to 599
[16:29:15.420] [SEVERE ] updating countdown to 45945
[16:29:15.499] [SEVERE ] setting player 3 freeze to 493
[16:29:15.526] [SEVERE ] updating countdown to 45839
[16:29:15.531] [SEVERE ] setting player 3 freeze to 461
[16:29:15.556] [SEVERE ] updating countdown to 45809
[16:29:15.557] [SEVERE ] setting player 3 freeze to 435
[16:29:15.582] [SEVERE ] updating countdown to 45783
[16:29:15.583] [SEVERE ] setting player 3 freeze to 409
[16:29:15.608] [SEVERE ] updating countdown to 45757
[16:29:15.609] [SEVERE ] setting player 3 freeze to 383
[16:29:15.634] [SEVERE ] updating countdown to 45731
[16:29:15.736] [SEVERE ] setting player 3 freeze to 256
[16:29:15.762] [SEVERE ] updating countdown to 45603
[16:29:15.762] [SEVERE ] setting player 3 freeze to 230
[16:29:15.787] [SEVERE ] updating countdown to 45578
[16:29:15.788] [SEVERE ] setting player 3 freeze to 204
[16:29:15.813] [SEVERE ] updating countdown to 45552
[16:29:15.816] [SEVERE ] setting player 3 freeze to 176
[16:29:15.841] [SEVERE ] updating countdown to 45524
[16:29:15.855] [SEVERE ] setting player 3 freeze to 137
[16:29:15.880] [SEVERE ] updating countdown to 45485
[16:29:15.881] [SEVERE ] setting player 3 freeze to 111
[16:29:15.907] [SEVERE ] updating countdown to 45458
[16:29:15.907] [SEVERE ] setting player 3 freeze to 85
[16:29:15.932] [SEVERE ] updating countdown to 45433
[16:29:15.933] [SEVERE ] setting player 3 freeze to 59
[16:29:15.959] [SEVERE ] updating countdown to 45406
[16:29:15.959] [SEVERE ] setting player 3 freeze to 33
[16:29:15.985] [SEVERE ] updating countdown to 45380
[16:29:15.986] [SEVERE ] setting player 3 freeze to 6
[16:29:16.012] [SEVERE ] updating countdown to 45353
[16:29:16.079] [SEVERE ] setting player 3 freeze to -87
[16:29:16.143] [SEVERE ] updating countdown to 45222
[16:29:16.169] [SEVERE ] updating countdown to 45196
[16:29:16.194] [SEVERE ] removing player 3 token from slot 8
[16:29:16.254] [SEVERE ] updating countdown to 45111
[16:29:16.281] [SEVERE ] updating countdown to 45084
[16:29:16.307] [SEVERE ] updating countdown to 45058
[16:29:16.332] [SEVERE ] updating countdown to 45033
[16:29:16.334] [SEVERE ] removing player 3 token from slot 5
[16:29:16.358] [SEVERE ] updating countdown to 45007
[16:29:16.383] [SEVERE ] updating countdown to 44982
[16:29:16.409] [SEVERE ] updating countdown to 44956
[16:29:16.434] [SEVERE ] updating countdown to 44931
[16:29:16.435] [SEVERE ] player 3 placing token on slot 4
[16:29:16.460] [SEVERE ] updating countdown to 44905
[16:29:16.486] [SEVERE ] updating countdown to 44879
[16:29:16.536] [SEVERE ] player 3 placing token on slot 0
[16:29:16.536] [SEVERE ] updating countdown to 44829
[16:29:16.537] [SEVERE ] setting player 3 freeze to 3000
[16:29:16.562] [SEVERE ] updating countdown to 44803
[16:29:16.563] [SEVERE ] setting player 3 freeze to 2974
[16:29:16.588] [SEVERE ] updating countdown to 44777
[16:29:16.689] [SEVERE ] setting player 3 freeze to 2848
[16:29:16.715] [SEVERE ] updating countdown to 44650
[16:29:16.716] [SEVERE ] setting player 3 freeze to 2821
[16:29:16.741] [SEVERE ] updating countdown to 44624
[16:29:16.741] [SEVERE ] setting player 3 freeze to 2796
[16:29:16.767] [SEVERE ] updating countdown to 44598
[16:29:16.767] [SEVERE ] setting player 3 freeze to 2770
[16:29:16.793] [SEVERE ] updating countdown to 44572
[16:29:16.793] [SEVERE ] setting player 3 freeze to 2744
[16:29:16.818] [SEVERE ] updating countdown to 44547
[16:29:16.819] [SEVERE ] setting player 3 freeze to 2718
[16:29:16.844] [SEVERE ] updating countdown to 44521
[16:29:16.844] [SEVERE ] setting player 3 freeze to 2693
[16:29:16.870] [SEVERE ] updating countdown to 44495
[16:29:16.870] [SEVERE ] setting player 3 freeze to 2667
[16:29:16.896] [SEVERE ] updating countdown to 44469
[16:29:16.896] [SEVERE ] setting player 3 freeze to 2641
[16:29:16.922] [SEVERE ] updating countdown to 44443
[16:29:16.922] [SEVERE ] setting player 3 freeze to 2615
[16:29:16.948] [SEVERE ] updating countdown to 44417
[16:29:16.948] [SEVERE ] setting player 3 freeze to 2589
[16:29:16.974] [SEVERE ] updating countdown to 44391
[16:29:16.974] [SEVERE ] setting player 3 freeze to 2563
[16:29:17.000] [SEVERE ] updating countdown to 44365
[16:29:17.000] [SEVERE ] setting player 3 freeze to 2537
[16:29:17.025] [SEVERE ] updating countdown to 44340
[16:29:17.026] [SEVERE ] setting player 3 freeze to 2511
[16:29:17.051] [SEVERE ] updating countdown to 44314
[16:29:17.051] [SEVERE ] setting player 3 freeze to 2486
[16:29:17.077] [SEVERE ] updating countdown to 44288
[16:29:17.077] [SEVERE ] setting player 3 freeze to 2460
[16:29:17.103] [SEVERE ] updating countdown to 44262
[16:29:17.103] [SEVERE ] setting player 3 freeze to 2434
[16:29:17.129] [SEVERE ] updating countdown to 44236
[16:29:17.129] [SEVERE ] setting player 3 freeze to 2408
[16:29:17.155] [SEVERE ] updating countdown to 44210
[16:29:17.155] [SEVERE ] setting player 3 freeze to 2382
[16:29:17.181] [SEVERE ] updating countdown to 44184
[16:29:17.181] [SEVERE ] setting player 3 freeze to 2356
[16:29:17.206] [SEVERE ] updating countdown to 44159
[16:29:17.207] [SEVERE ] setting player 3 freeze to 2330
[16:29:17.232] [SEVERE ] updating countdown to 44133
[16:29:17.232] [SEVERE ] setting player 3 freeze to 2305
[16:29:17.258] [SEVERE ] updating countdown to 44107
[16:29:17.258] [SEVERE ] setting player 3 freeze to 2279
[16:29:17.283] [SEVERE ] updating countdown to 44082
[16:29:17.284] [SEVERE ] setting player 3 freeze to 2253
[16:29:17.309] [SEVERE ] updating countdown to 44056
[16:29:17.309] [SEVERE ] setting player 3 freeze to 2228
[16:29:17.335] [SEVERE ] updating countdown to 44030
[16:29:17.339] [SEVERE ] setting player 3 freeze to 2198
[16:29:17.371] [SEVERE ] updating countdown to 43994
[16:29:17.372] [SEVERE ] setting player 3 freeze to 2165
[16:29:17.402] [SEVERE ] updating countdown to 43963
[16:29:17.402] [SEVERE ] setting player 3 freeze to 2135
[16:29:17.428] [SEVERE ] updating countdown to 43937
[16:29:17.429] [SEVERE ] setting player 3 freeze to 2108
[16:29:17.455] [SEVERE ] updating countdown to 43910
[16:29:17.455] [SEVERE ] setting player 3 freeze to 2082
[16:29:17.480] [SEVERE ] updating countdown to 43885
[16:29:17.481] [SEVERE ] setting player 3 freeze to 2056
[16:29:17.506] [SEVERE ] updating countdown to 43859
[16:29:17.506] [SEVERE ] setting player 3 freeze to 2031
[16:29:17.532] [SEVERE ] updating countdown to 43833
[16:29:17.532] [SEVERE ] setting player 3 freeze to 2005
[16:29:17.557] [SEVERE ] updating countdown to 43808
[16:29:17.557] [SEVERE ] setting player 3 freeze to 1980
[16:29:17.583] [SEVERE ] updating countdown to 43782
[16:29:17.583] [SEVERE ] setting player 3 freeze to 1954
[16:29:17.612] [SEVERE ] updating countdown to 43753
[16:29:17.612] [SEVERE ] setting player 3 freeze to 1925
[16:29:17.638] [SEVERE ] updating countdown to 43727
[16:29:17.638] [SEVERE ] setting player 3 freeze to 1899
[16:29:17.664] [SEVERE ] updating countdown to 43701
[16:29:17.664] [SEVERE ] setting player 3 freeze to 1873
[16:29:17.690] [SEVERE ] updating countdown to 43675
[16:29:17.690] [SEVERE ] setting player 3 freeze to 1847
[16:29:17.716] [SEVERE ] updating countdown to 43649
[16:29:17.717] [SEVERE ] setting player 3 freeze to 1820
[16:29:17.742] [SEVERE ] updating countdown to 43623
[16:29:17.743] [SEVERE ] setting player 3 freeze to 1794
[16:29:17.768] [SEVERE ] updating countdown to 43597
[16:29:17.769] [SEVERE ] setting player 3 freeze to 1768
[16:29:17.794] [SEVERE ] updating countdown to 43571
[16:29:17.794] [SEVERE ] setting player 3 freeze to 1743
[16:29:17.832] [SEVERE ] updating countdown to 43535
[16:29:17.832] [SEVERE ] setting player 3 freeze to 1705
[16:29:17.858] [SEVERE ] updating countdown to 43507
[16:29:17.858] [SEVERE ] setting player 3 freeze to 1679
[16:29:17.884] [SEVERE ] updating countdown to 43481
[16:29:17.884] [SEVERE ] setting player 3 freeze to 1653
[16:29:17.909] [SEVERE ] updating countdown to 43456
[16:29:17.910] [SEVERE ] setting player 3 freeze to 1627
[16:29:17.935] [SEVERE ] updating countdown to 43430
[16:29:17.935] [SEVERE ] setting player 3 freeze to 1602
[16:29:17.961] [SEVERE ] updating countdown to 43404
[16:29:17.963] [SEVERE ] setting player 3 freeze to 1574
[16:29:17.989] [SEVERE ] updating countdown to 43376
[16:29:17.989] [SEVERE ] setting player 3 freeze to 1548
[16:29:18.015] [SEVERE ] updating countdown to 43350
[16:29:18.015] [SEVERE ] setting player 3 freeze to 1522
[16:29:18.062] [SEVERE ] updating countdown to 43303
[16:29:18.062] [SEVERE ] setting player 3 freeze to 1475
[16:29:18.087] [SEVERE ] updating countdown to 43278
[16:29:18.088] [SEVERE ] setting player 3 freeze to 1449
[16:29:18.113] [SEVERE ] updating countdown to 43252
[16:29:18.114] [SEVERE ] setting player 3 freeze to 1423
[16:29:18.139] [SEVERE ] updating countdown to 43226
[16:29:18.140] [SEVERE ] setting player 3 freeze to 1397
[16:29:18.166] [SEVERE ] updating countdown to 43199
[16:29:18.167] [SEVERE ] setting player 3 freeze to 1370
[16:29:18.192] [SEVERE ] updating countdown to 43173
[16:29:18.192] [SEVERE ] setting player 3 freeze to 1345
[16:29:18.218] [SEVERE ] updating countdown to 43147
[16:29:18.218] [SEVERE ] setting player 3 freeze to 1319
[16:29:18.244] [SEVERE ] updating countdown to 43121
[16:29:18.244] [SEVERE ] setting player 3 freeze to 1293
[16:29:18.270] [SEVERE ] updating countdown to 43095
[16:29:18.270] [SEVERE ] setting player 3 freeze to 1267
[16:29:18.295] [SEVERE ] updating countdown to 43070
[16:29:18.296] [SEVERE ] setting player 3 freeze to 1241
[16:29:18.321] [SEVERE ] updating countdown to 43044
[16:29:18.322] [SEVERE ] setting player 3 freeze to 1215
[16:29:18.348] [SEVERE ] updating countdown to 43017
[16:29:18.348] [SEVERE ] setting player 3 freeze to 1189
[16:29:18.374] [SEVERE ] updating countdown to 42991
[16:29:18.375] [SEVERE ] setting player 3 freeze to 1162
[16:29:18.400] [SEVERE ] updating countdown to 42965
[16:29:18.401] [SEVERE ] setting player 3 freeze to 1136
[16:29:18.427] [SEVERE ] updating countdown to 42938
[16:29:18.428] [SEVERE ] setting player 3 freeze to 1109
[16:29:18.454] [SEVERE ] updating countdown to 42911
[16:29:18.454] [SEVERE ] setting player 3 freeze to 1083
[16:29:18.480] [SEVERE ] updating countdown to 42885
[16:29:18.480] [SEVERE ] setting player 3 freeze to 1057
[16:29:18.506] [SEVERE ] updating countdown to 42859
[16:29:18.506] [SEVERE ] setting player 3 freeze to 1031
[16:29:18.531] [SEVERE ] updating countdown to 42834
[16:29:18.532] [SEVERE ] setting player 3 freeze to 1005
[16:29:18.557] [SEVERE ] updating countdown to 42808
[16:29:18.557] [SEVERE ] setting player 3 freeze to 980
[16:29:18.583] [SEVERE ] updating countdown to 42782
[16:29:18.583] [SEVERE ] setting player 3 freeze to 954
[16:29:18.609] [SEVERE ] updating countdown to 42756
[16:29:18.609] [SEVERE ] setting player 3 freeze to 928
[16:29:18.634] [SEVERE ] updating countdown to 42731
[16:29:18.635] [SEVERE ] setting player 3 freeze to 902
[16:29:18.660] [SEVERE ] updating countdown to 42705
[16:29:18.660] [SEVERE ] setting player 3 freeze to 877
[16:29:18.686] [SEVERE ] updating countdown to 42679
[16:29:18.686] [SEVERE ] setting player 3 freeze to 851
[16:29:18.711] [SEVERE ] updating countdown to 42654
[16:29:18.712] [SEVERE ] setting player 3 freeze to 825
[16:29:18.737] [SEVERE ] updating countdown to 42628
[16:29:18.738] [SEVERE ] setting player 3 freeze to 799
[16:29:18.763] [SEVERE ] updating countdown to 42602
[16:29:18.763] [SEVERE ] setting player 3 freeze to 774
[16:29:18.789] [SEVERE ] updating countdown to 42576
[16:29:18.795] [SEVERE ] setting player 3 freeze to 742
[16:29:18.820] [SEVERE ] updating countdown to 42545
[16:29:18.821] [SEVERE ] setting player 3 freeze to 716
[16:29:18.846] [SEVERE ] updating countdown to 42519
[16:29:18.846] [SEVERE ] setting player 3 freeze to 691
[16:29:18.872] [SEVERE ] updating countdown to 42493
[16:29:18.872] [SEVERE ] setting player 3 freeze to 665
[16:29:18.900] [SEVERE ] updating countdown to 42465
[16:29:18.900] [SEVERE ] setting player 3 freeze to 637
[16:29:18.925] [SEVERE ] updating countdown to 42440
[16:29:18.926] [SEVERE ] setting player 3 freeze to 611
[16:29:18.951] [SEVERE ] updating countdown to 42414
[16:29:18.951] [SEVERE ] setting player 3 freeze to 586
[16:29:18.977] [SEVERE ] updating countdown to 42388
[16:29:18.977] [SEVERE ] setting player 3 freeze to 560
[16:29:19.003] [SEVERE ] updating countdown to 42362
[16:29:19.003] [SEVERE ] setting player 3 freeze to 534
[16:29:19.029] [SEVERE ] updating countdown to 42336
[16:29:19.030] [SEVERE ] setting player 3 freeze to 507
[16:29:19.057] [SEVERE ] updating countdown to 42308
[16:29:19.057] [SEVERE ] setting player 3 freeze to 480
[16:29:19.082] [SEVERE ] updating countdown to 42283
[16:29:19.083] [SEVERE ] setting player 3 freeze to 454
[16:29:19.108] [SEVERE ] updating countdown to 42257
[16:29:19.108] [SEVERE ] setting player 3 freeze to 429
[16:29:19.134] [SEVERE ] updating countdown to 42231
[16:29:19.134] [SEVERE ] setting player 3 freeze to 403
[16:29:19.159] [SEVERE ] updating countdown to 42206
[16:29:19.160] [SEVERE ] setting player 3 freeze to 377
[16:29:19.185] [SEVERE ] updating countdown to 42180
[16:29:19.186] [SEVERE ] setting player 3 freeze to 351
[16:29:19.211] [SEVERE ] updating countdown to 42154
[16:29:19.212] [SEVERE ] setting player 3 freeze to 325
[16:29:19.237] [SEVERE ] updating countdown to 42128
[16:29:19.238] [SEVERE ] setting player 3 freeze to 299
[16:29:19.264] [SEVERE ] updating countdown to 42101
[16:29:19.329] [SEVERE ] setting player 3 freeze to 208
[16:29:19.354] [SEVERE ] updating countdown to 42011
[16:29:19.357] [SEVERE ] setting player 3 freeze to 180
[16:29:19.383] [SEVERE ] updating countdown to 41982
[16:29:19.383] [SEVERE ] setting player 3 freeze to 154
[16:29:19.409] [SEVERE ] updating countdown to 41956
[16:29:19.409] [SEVERE ] setting player 3 freeze to 128
[16:29:19.435] [SEVERE ] updating countdown to 41930
[16:29:19.435] [SEVERE ] setting player 3 freeze to 102
[16:29:19.461] [SEVERE ] updating countdown to 41904
[16:29:19.461] [SEVERE ] setting player 3 freeze to 76
[16:29:19.488] [SEVERE ] updating countdown to 41877
[16:29:19.489] [SEVERE ] setting player 3 freeze to 48
[16:29:19.515] [SEVERE ] updating countdown to 41850
[16:29:19.516] [SEVERE ] setting player 3 freeze to 21
[16:29:19.541] [SEVERE ] updating countdown to 41824
[16:29:19.541] [SEVERE ] setting player 3 freeze to -4
[16:29:19.566] [SEVERE ] updating countdown to 41799
[16:29:19.592] [SEVERE ] updating countdown to 41773
[16:29:19.617] [SEVERE ] updating countdown to 41748
[16:29:19.643] [SEVERE ] updating countdown to 41722
[16:29:19.668] [SEVERE ] updating countdown to 41697
[16:29:19.694] [SEVERE ] updating countdown to 41671
[16:29:19.719] [SEVERE ] updating countdown to 41646
[16:29:19.745] [SEVERE ] updating countdown to 41620
[16:29:19.770] [SEVERE ] updating countdown to 41595
[16:29:19.796] [SEVERE ] updating countdown to 41569
[16:29:19.821] [SEVERE ] updating countdown to 41544
[16:29:19.839] [SEVERE ] removing player 3 token from slot 0
[16:29:19.847] [SEVERE ] updating countdown to 41518
[16:29:19.872] [SEVERE ] updating countdown to 41493
[16:29:19.898] [SEVERE ] updating countdown to 41467
[16:29:19.924] [SEVERE ] updating countdown to 41441
[16:29:19.939] [SEVERE ] player 3 placing token on slot 10
[16:29:19.940] [SEVERE ] updating countdown to 41425
[16:29:19.941] [SEVERE ] setting player 3 freeze to 3000
[16:29:19.966] [SEVERE ] updating countdown to 41399
[16:29:19.966] [SEVERE ] setting player 3 freeze to 2975
[16:29:19.992] [SEVERE ] updating countdown to 41373
[16:29:19.993] [SEVERE ] setting player 3 freeze to 2948
[16:29:20.018] [SEVERE ] updating countdown to 41347
[16:29:20.019] [SEVERE ] setting player 3 freeze to 2922
[16:29:20.044] [SEVERE ] updating countdown to 41321
[16:29:20.044] [SEVERE ] setting player 3 freeze to 2897
[16:29:20.070] [SEVERE ] updating countdown to 41295
[16:29:20.071] [SEVERE ] setting player 3 freeze to 2870
[16:29:20.097] [SEVERE ] updating countdown to 41268
[16:29:20.099] [SEVERE ] setting player 3 freeze to 2842
[16:29:20.125] [SEVERE ] updating countdown to 41240
[16:29:20.125] [SEVERE ] setting player 3 freeze to 2816
[16:29:20.151] [SEVERE ] updating countdown to 41214
[16:29:20.151] [SEVERE ] setting player 3 freeze to 2790
[16:29:20.177] [SEVERE ] updating countdown to 41188
[16:29:20.177] [SEVERE ] setting player 3 freeze to 2764
[16:29:20.202] [SEVERE ] updating countdown to 41163
[16:29:20.203] [SEVERE ] setting player 3 freeze to 2738
[16:29:20.229] [SEVERE ] updating countdown to 41136
[16:29:20.229] [SEVERE ] setting player 3 freeze to 2712
[16:29:20.255] [SEVERE ] updating countdown to 41110
[16:29:20.255] [SEVERE ] setting player 3 freeze to 2686
[16:29:20.280] [SEVERE ] updating countdown to 41085
[16:29:20.281] [SEVERE ] setting player 3 freeze to 2660
[16:29:20.306] [SEVERE ] updating countdown to 41059
[16:29:20.306] [SEVERE ] setting player 3 freeze to 2635
[16:29:20.331] [SEVERE ] updating countdown to 41034
[16:29:20.332] [SEVERE ] setting player 3 freeze to 2609
[16:29:20.357] [SEVERE ] updating countdown to 41008
[16:29:20.358] [SEVERE ] setting player 3 freeze to 2583
[16:29:20.383] [SEVERE ] updating countdown to 40982
[16:29:20.383] [SEVERE ] setting player 3 freeze to 2558
[16:29:20.409] [SEVERE ] updating countdown to 40956
[16:29:20.409] [SEVERE ] setting player 3 freeze to 2532
[16:29:20.435] [SEVERE ] updating countdown to 40930
[16:29:20.435] [SEVERE ] setting player 3 freeze to 2506
[16:29:20.461] [SEVERE ] updating countdown to 40904
[16:29:20.461] [SEVERE ] setting player 3 freeze to 2480
[16:29:20.486] [SEVERE ] updating countdown to 40879
[16:29:20.487] [SEVERE ] setting player 3 freeze to 2454
[16:29:20.512] [SEVERE ] updating countdown to 40853
[16:29:20.513] [SEVERE ] setting player 3 freeze to 2428
[16:29:20.538] [SEVERE ] updating countdown to 40827
[16:29:20.539] [SEVERE ] setting player 3 freeze to 2402
[16:29:20.564] [SEVERE ] updating countdown to 40801
[16:29:20.609] [SEVERE ] setting player 3 freeze to 2332
[16:29:20.634] [SEVERE ] updating countdown to 40731
[16:29:20.635] [SEVERE ] setting player 3 freeze to 2306
[16:29:20.660] [SEVERE ] updating countdown to 40705
[16:29:20.660] [SEVERE ] setting player 3 freeze to 2281
[16:29:20.685] [SEVERE ] updating countdown to 40680
[16:29:20.686] [SEVERE ] setting player 3 freeze to 2255
[16:29:20.712] [SEVERE ] updating countdown to 40653
[16:29:20.712] [SEVERE ] setting player 3 freeze to 2229
[16:29:20.737] [SEVERE ] updating countdown to 40628
[16:29:20.738] [SEVERE ] setting player 3 freeze to 2203
[16:29:20.765] [SEVERE ] updating countdown to 40600
[16:29:20.766] [SEVERE ] setting player 3 freeze to 2175
[16:29:20.792] [SEVERE ] updating countdown to 40573
[16:29:20.793] [SEVERE ] setting player 3 freeze to 2148
[16:29:20.818] [SEVERE ] updating countdown to 40547
[16:29:20.818] [SEVERE ] setting player 3 freeze to 2123
[16:29:20.844] [SEVERE ] updating countdown to 40521
[16:29:20.844] [SEVERE ] setting player 3 freeze to 2097
[16:29:20.869] [SEVERE ] updating countdown to 40496
[16:29:20.870] [SEVERE ] setting player 3 freeze to 2071
[16:29:20.895] [SEVERE ] updating countdown to 40470
[16:29:20.895] [SEVERE ] setting player 3 freeze to 2046
[16:29:20.921] [SEVERE ] updating countdown to 40444
[16:29:20.921] [SEVERE ] setting player 3 freeze to 2020
[16:29:20.946] [SEVERE ] updating countdown to 40419
[16:29:20.947] [SEVERE ] setting player 3 freeze to 1994
[16:29:20.972] [SEVERE ] updating countdown to 40393
[16:29:20.973] [SEVERE ] setting player 3 freeze to 1968
[16:29:20.998] [SEVERE ] updating countdown to 40367
[16:29:20.998] [SEVERE ] setting player 3 freeze to 1943
[16:29:21.024] [SEVERE ] updating countdown to 40341
[16:29:21.025] [SEVERE ] setting player 3 freeze to 1917
[16:29:21.050] [SEVERE ] updating countdown to 40315
[16:29:21.050] [SEVERE ] setting player 3 freeze to 1891
[16:29:21.076] [SEVERE ] updating countdown to 40289
[16:29:21.076] [SEVERE ] setting player 3 freeze to 1865
[16:29:21.102] [SEVERE ] updating countdown to 40263
[16:29:21.102] [SEVERE ] setting player 3 freeze to 1839
[16:29:21.127] [SEVERE ] updating countdown to 40238
[16:29:21.127] [SEVERE ] setting player 3 freeze to 1814
[16:29:21.153] [SEVERE ] updating countdown to 40212
[16:29:21.153] [SEVERE ] setting player 3 freeze to 1788
[16:29:21.179] [SEVERE ] updating countdown to 40186
[16:29:21.179] [SEVERE ] setting player 3 freeze to 1762
[16:29:21.205] [SEVERE ] updating countdown to 40160
[16:29:21.205] [SEVERE ] setting player 3 freeze to 1736
[16:29:21.231] [SEVERE ] updating countdown to 40134
[16:29:21.231] [SEVERE ] setting player 3 freeze to 1710
[16:29:21.257] [SEVERE ] updating countdown to 40108
[16:29:21.259] [SEVERE ] setting player 3 freeze to 1683
[16:29:21.285] [SEVERE ] updating countdown to 40080
[16:29:21.286] [SEVERE ] setting player 3 freeze to 1655
[16:29:21.311] [SEVERE ] updating countdown to 40054
[16:29:21.312] [SEVERE ] setting player 3 freeze to 1629
[16:29:21.337] [SEVERE ] updating countdown to 40028
[16:29:21.337] [SEVERE ] setting player 3 freeze to 1604
[16:29:21.363] [SEVERE ] updating countdown to 40002
[16:29:21.363] [SEVERE ] setting player 3 freeze to 1578
[16:29:21.388] [SEVERE ] updating countdown to 39977
[16:29:21.389] [SEVERE ] setting player 3 freeze to 1552
[16:29:21.414] [SEVERE ] updating countdown to 39951
[16:29:21.415] [SEVERE ] setting player 3 freeze to 1526
[16:29:21.440] [SEVERE ] updating countdown to 39925
[16:29:21.441] [SEVERE ] setting player 3 freeze to 1500
[16:29:21.467] [SEVERE ] updating countdown to 39898
[16:29:21.467] [SEVERE ] setting player 3 freeze to 1474
[16:29:21.493] [SEVERE ] updating countdown to 39872
[16:29:21.493] [SEVERE ] setting player 3 freeze to 1448
[16:29:21.518] [SEVERE ] updating countdown to 39847
[16:29:21.518] [SEVERE ] setting player 3 freeze to 1423
[16:29:21.544] [SEVERE ] updating countdown to 39821
[16:29:21.544] [SEVERE ] setting player 3 freeze to 1397
[16:29:21.569] [SEVERE ] updating countdown to 39796
[16:29:21.569] [SEVERE ] setting player 3 freeze to 1372
[16:29:21.594] [SEVERE ] updating countdown to 39771
[16:29:21.595] [SEVERE ] setting player 3 freeze to 1346
[16:29:21.620] [SEVERE ] updating countdown to 39745
[16:29:21.621] [SEVERE ] setting player 3 freeze to 1320
[16:29:21.646] [SEVERE ] updating countdown to 39719
[16:29:21.646] [SEVERE ] setting player 3 freeze to 1295
[16:29:21.672] [SEVERE ] updating countdown to 39693
[16:29:21.672] [SEVERE ] setting player 3 freeze to 1269
[16:29:21.697] [SEVERE ] updating countdown to 39668
[16:29:21.698] [SEVERE ] setting player 3 freeze to 1243
[16:29:21.723] [SEVERE ] updating countdown to 39642
[16:29:21.724] [SEVERE ] setting player 3 freeze to 1217
[16:29:21.749] [SEVERE ] updating countdown to 39616
[16:29:21.750] [SEVERE ] setting player 3 freeze to 1191
[16:29:21.775] [SEVERE ] updating countdown to 39590
[16:29:21.775] [SEVERE ] setting player 3 freeze to 1166
[16:29:21.801] [SEVERE ] updating countdown to 39564
[16:29:21.801] [SEVERE ] setting player 3 freeze to 1140
[16:29:21.827] [SEVERE ] updating countdown to 39538
[16:29:21.827] [SEVERE ] setting player 3 freeze to 1114
[16:29:21.852] [SEVERE ] updating countdown to 39513
[16:29:21.853] [SEVERE ] setting player 3 freeze to 1088
[16:29:21.878] [SEVERE ] updating countdown to 39487
[16:29:21.878] [SEVERE ] setting player 3 freeze to 1063
[16:29:21.904] [SEVERE ] updating countdown to 39461
[16:29:21.904] [SEVERE ] setting player 3 freeze to 1037
[16:29:21.929] [SEVERE ] updating countdown to 39436
[16:29:21.930] [SEVERE ] setting player 3 freeze to 1011
[16:29:21.955] [SEVERE ] updating countdown to 39410
[16:29:21.955] [SEVERE ] setting player 3 freeze to 986
[16:29:21.981] [SEVERE ] updating countdown to 39384
[16:29:21.981] [SEVERE ] setting player 3 freeze to 960
[16:29:22.007] [SEVERE ] updating countdown to 39358
[16:29:22.007] [SEVERE ] setting player 3 freeze to 934
[16:29:22.032] [SEVERE ] updating countdown to 39333
[16:29:22.033] [SEVERE ] setting player 3 freeze to 908
[16:29:22.058] [SEVERE ] updating countdown to 39307
[16:29:22.058] [SEVERE ] setting player 3 freeze to 883
[16:29:22.084] [SEVERE ] updating countdown to 39281
[16:29:22.084] [SEVERE ] setting player 3 freeze to 857
[16:29:22.110] [SEVERE ] updating countdown to 39255
[16:29:22.110] [SEVERE ] setting player 3 freeze to 831
[16:29:22.136] [SEVERE ] updating countdown to 39229
[16:29:22.137] [SEVERE ] setting player 3 freeze to 804
[16:29:22.163] [SEVERE ] updating countdown to 39202
[16:29:22.163] [SEVERE ] setting player 3 freeze to 778
[16:29:22.188] [SEVERE ] updating countdown to 39177
[16:29:22.189] [SEVERE ] setting player 3 freeze to 752
[16:29:22.214] [SEVERE ] updating countdown to 39151
[16:29:22.215] [SEVERE ] setting player 3 freeze to 726
[16:29:22.241] [SEVERE ] updating countdown to 39124
[16:29:22.241] [SEVERE ] setting player 3 freeze to 700
[16:29:22.267] [SEVERE ] updating countdown to 39098
[16:29:22.267] [SEVERE ] setting player 3 freeze to 674
[16:29:22.293] [SEVERE ] updating countdown to 39072
[16:29:22.293] [SEVERE ] setting player 3 freeze to 648
[16:29:22.318] [SEVERE ] updating countdown to 39047
[16:29:22.319] [SEVERE ] setting player 3 freeze to 622
[16:29:22.344] [SEVERE ] updating countdown to 39021
[16:29:22.345] [SEVERE ] setting player 3 freeze to 596
[16:29:22.371] [SEVERE ] updating countdown to 38994
[16:29:22.371] [SEVERE ] setting player 3 freeze to 570
[16:29:22.397] [SEVERE ] updating countdown to 38968
[16:29:22.397] [SEVERE ] setting player 3 freeze to 544
[16:29:22.423] [SEVERE ] updating countdown to 38942
[16:29:22.423] [SEVERE ] setting player 3 freeze to 518
[16:29:22.449] [SEVERE ] updating countdown to 38916
[16:29:22.449] [SEVERE ] setting player 3 freeze to 492
[16:29:22.475] [SEVERE ] updating countdown to 38890
[16:29:22.475] [SEVERE ] setting player 3 freeze to 466
[16:29:22.500] [SEVERE ] updating countdown to 38865
[16:29:22.501] [SEVERE ] setting player 3 freeze to 440
[16:29:22.526] [SEVERE ] updating countdown to 38839
[16:29:22.526] [SEVERE ] setting player 3 freeze to 415
[16:29:22.552] [SEVERE ] updating countdown to 38813
[16:29:22.552] [SEVERE ] setting player 3 freeze to 389
[16:29:22.577] [SEVERE ] updating countdown to 38788
[16:29:22.578] [SEVERE ] setting player 3 freeze to 363
[16:29:22.604] [SEVERE ] updating countdown to 38762
[16:29:22.604] [SEVERE ] setting player 3 freeze to 337
[16:29:22.630] [SEVERE ] updating countdown to 38735
[16:29:22.630] [SEVERE ] setting player 3 freeze to 311
[16:29:22.656] [SEVERE ] updating countdown to 38709
[16:29:22.657] [SEVERE ] setting player 3 freeze to 284
[16:29:22.682] [SEVERE ] updating countdown to 38683
[16:29:22.682] [SEVERE ] setting player 3 freeze to 259
[16:29:22.707] [SEVERE ] updating countdown to 38658
[16:29:22.708] [SEVERE ] setting player 3 freeze to 233
[16:29:22.733] [SEVERE ] updating countdown to 38632
[16:29:22.734] [SEVERE ] setting player 3 freeze to 207
[16:29:22.759] [SEVERE ] updating countdown to 38606
[16:29:22.759] [SEVERE ] setting player 3 freeze to 182
[16:29:22.784] [SEVERE ] updating countdown to 38581
[16:29:22.785] [SEVERE ] setting player 3 freeze to 156
[16:29:22.810] [SEVERE ] updating countdown to 38555
[16:29:22.811] [SEVERE ] setting player 3 freeze to 130
[16:29:22.836] [SEVERE ] updating countdown to 38529
[16:29:22.837] [SEVERE ] setting player 3 freeze to 104
[16:29:22.862] [SEVERE ] updating countdown to 38503
[16:29:22.862] [SEVERE ] setting player 3 freeze to 79
[16:29:22.888] [SEVERE ] updating countdown to 38477
[16:29:22.891] [SEVERE ] setting player 3 freeze to 50
[16:29:22.916] [SEVERE ] updating countdown to 38449
[16:29:22.917] [SEVERE ] setting player 3 freeze to 24
[16:29:22.942] [SEVERE ] updating countdown to 38423
[16:29:22.942] [SEVERE ] setting player 3 freeze to -1
[16:29:22.968] [SEVERE ] updating countdown to 38397
[16:29:22.993] [SEVERE ] updating countdown to 38372
[16:29:23.019] [SEVERE ] updating countdown to 38346
[16:29:23.044] [SEVERE ] updating countdown to 38321
[16:29:23.069] [SEVERE ] updating countdown to 38296
[16:29:23.095] [SEVERE ] updating countdown to 38270
[16:29:23.120] [SEVERE ] updating countdown to 38245
[16:29:23.142] [SEVERE ] removing player 3 token from slot 10
[16:29:23.146] [SEVERE ] updating countdown to 38219
[16:29:23.171] [SEVERE ] updating countdown to 38194
[16:29:23.197] [SEVERE ] updating countdown to 38168
[16:29:23.222] [SEVERE ] updating countdown to 38143
[16:29:23.243] [SEVERE ] player 3 placing token on slot 3
[16:29:23.244] [SEVERE ] updating countdown to 38121
[16:29:23.244] [SEVERE ] setting player 3 freeze to 3000
[16:29:23.269] [SEVERE ] updating countdown to 38096
[16:29:23.270] [SEVERE ] setting player 3 freeze to 2974
[16:29:23.295] [SEVERE ] updating countdown to 38070
[16:29:23.296] [SEVERE ] setting player 3 freeze to 2948
[16:29:23.322] [SEVERE ] updating countdown to 38043
[16:29:23.322] [SEVERE ] setting player 3 freeze to 2922
[16:29:23.347] [SEVERE ] updating countdown to 38018
[16:29:23.348] [SEVERE ] setting player 3 freeze to 2896
[16:29:23.373] [SEVERE ] updating countdown to 37992
[16:29:23.374] [SEVERE ] setting player 3 freeze to 2870
[16:29:23.399] [SEVERE ] updating countdown to 37966
[16:29:23.400] [SEVERE ] setting player 3 freeze to 2844
[16:29:23.425] [SEVERE ] updating countdown to 37940
[16:29:23.426] [SEVERE ] setting player 3 freeze to 2818
[16:29:23.453] [SEVERE ] updating countdown to 37912
[16:29:23.453] [SEVERE ] setting player 3 freeze to 2791
[16:29:23.478] [SEVERE ] updating countdown to 37887
[16:29:23.478] [SEVERE ] setting player 3 freeze to 2766
[16:29:23.504] [SEVERE ] updating countdown to 37861
[16:29:23.504] [SEVERE ] setting player 3 freeze to 2740
[16:29:23.529] [SEVERE ] updating countdown to 37836
[16:29:23.530] [SEVERE ] setting player 3 freeze to 2714
[16:29:23.555] [SEVERE ] updating countdown to 37810
[16:29:23.555] [SEVERE ] setting player 3 freeze to 2689
[16:29:23.581] [SEVERE ] updating countdown to 37784
[16:29:23.581] [SEVERE ] setting player 3 freeze to 2663
[16:29:23.607] [SEVERE ] updating countdown to 37758
[16:29:23.607] [SEVERE ] setting player 3 freeze to 2637
[16:29:23.632] [SEVERE ] updating countdown to 37733
[16:29:23.633] [SEVERE ] setting player 3 freeze to 2611
[16:29:23.658] [SEVERE ] updating countdown to 37707
[16:29:23.659] [SEVERE ] setting player 3 freeze to 2585
[16:29:23.684] [SEVERE ] updating countdown to 37681
[16:29:23.684] [SEVERE ] setting player 3 freeze to 2560
[16:29:23.710] [SEVERE ] updating countdown to 37655
[16:29:23.710] [SEVERE ] setting player 3 freeze to 2534
[16:29:23.735] [SEVERE ] updating countdown to 37630
[16:29:23.735] [SEVERE ] setting player 3 freeze to 2509
[16:29:23.761] [SEVERE ] updating countdown to 37604
[16:29:23.761] [SEVERE ] setting player 3 freeze to 2483
[16:29:23.787] [SEVERE ] updating countdown to 37578
[16:29:23.787] [SEVERE ] setting player 3 freeze to 2457
[16:29:23.812] [SEVERE ] updating countdown to 37553
[16:29:23.813] [SEVERE ] setting player 3 freeze to 2431
[16:29:23.838] [SEVERE ] updating countdown to 37527
[16:29:23.839] [SEVERE ] setting player 3 freeze to 2405
[16:29:23.864] [SEVERE ] updating countdown to 37501
[16:29:23.865] [SEVERE ] setting player 3 freeze to 2379
[16:29:23.890] [SEVERE ] updating countdown to 37475
[16:29:23.891] [SEVERE ] setting player 3 freeze to 2353
[16:29:23.942] [SEVERE ] updating countdown to 37423
[16:29:23.943] [SEVERE ] setting player 3 freeze to 2301
[16:29:23.968] [SEVERE ] updating countdown to 37397
[16:29:23.968] [SEVERE ] setting player 3 freeze to 2276
[16:29:23.993] [SEVERE ] updating countdown to 37372
[16:29:23.994] [SEVERE ] setting player 3 freeze to 2250
[16:29:24.019] [SEVERE ] updating countdown to 37346
[16:29:24.019] [SEVERE ] setting player 3 freeze to 2225
[16:29:24.045] [SEVERE ] updating countdown to 37320
[16:29:24.045] [SEVERE ] setting player 3 freeze to 2199
[16:29:24.070] [SEVERE ] updating countdown to 37295
[16:29:24.071] [SEVERE ] setting player 3 freeze to 2173
[16:29:24.096] [SEVERE ] updating countdown to 37269
[16:29:24.096] [SEVERE ] setting player 3 freeze to 2148
[16:29:24.122] [SEVERE ] updating countdown to 37243
[16:29:24.122] [SEVERE ] setting player 3 freeze to 2122
[16:29:24.147] [SEVERE ] updating countdown to 37218
[16:29:24.148] [SEVERE ] setting player 3 freeze to 2096
[16:29:24.173] [SEVERE ] updating countdown to 37192
[16:29:24.174] [SEVERE ] setting player 3 freeze to 2070
[16:29:24.199] [SEVERE ] updating countdown to 37166
[16:29:24.200] [SEVERE ] setting player 3 freeze to 2044
[16:29:24.226] [SEVERE ] updating countdown to 37139
[16:29:24.227] [SEVERE ] setting player 3 freeze to 2017
[16:29:24.253] [SEVERE ] updating countdown to 37112
[16:29:24.272] [SEVERE ] setting player 3 freeze to 1972
[16:29:24.298] [SEVERE ] updating countdown to 37067
[16:29:24.334] [SEVERE ] setting player 3 freeze to 1910
[16:29:24.360] [SEVERE ] updating countdown to 37005
[16:29:24.360] [SEVERE ] setting player 3 freeze to 1884
[16:29:24.386] [SEVERE ] updating countdown to 36979
[16:29:24.386] [SEVERE ] setting player 3 freeze to 1858
[16:29:24.411] [SEVERE ] updating countdown to 36954
[16:29:24.412] [SEVERE ] setting player 3 freeze to 1832
[16:29:24.437] [SEVERE ] updating countdown to 36928
[16:29:24.438] [SEVERE ] setting player 3 freeze to 1806
[16:29:24.464] [SEVERE ] updating countdown to 36901
[16:29:24.464] [SEVERE ] setting player 3 freeze to 1780
[16:29:24.490] [SEVERE ] updating countdown to 36875
[16:29:24.490] [SEVERE ] setting player 3 freeze to 1754
[16:29:24.516] [SEVERE ] updating countdown to 36849
[16:29:24.539] [SEVERE ] setting player 3 freeze to 1705
[16:29:24.624] [SEVERE ] updating countdown to 36741
[16:29:24.625] [SEVERE ] setting player 3 freeze to 1619
[16:29:24.650] [SEVERE ] updating countdown to 36715
[16:29:24.651] [SEVERE ] setting player 3 freeze to 1593
[16:29:24.676] [SEVERE ] updating countdown to 36689
[16:29:24.676] [SEVERE ] setting player 3 freeze to 1568
[16:29:24.702] [SEVERE ] updating countdown to 36663
[16:29:24.702] [SEVERE ] setting player 3 freeze to 1542
[16:29:24.728] [SEVERE ] updating countdown to 36637
[16:29:24.872] [SEVERE ] setting player 3 freeze to 1372
[16:29:24.908] [SEVERE ] updating countdown to 36457
[16:29:24.908] [SEVERE ] setting player 3 freeze to 1336
[16:29:24.933] [SEVERE ] updating countdown to 36432
[16:29:25.042] [SEVERE ] setting player 3 freeze to 1202
[16:29:25.077] [SEVERE ] updating countdown to 36288
[16:29:25.078] [SEVERE ] setting player 3 freeze to 1166
[16:29:25.103] [SEVERE ] updating countdown to 36262
[16:29:25.106] [SEVERE ] setting player 3 freeze to 1138
[16:29:25.132] [SEVERE ] updating countdown to 36233
[16:29:25.132] [SEVERE ] setting player 3 freeze to 1112
[16:29:25.158] [SEVERE ] updating countdown to 36207
[16:29:25.158] [SEVERE ] setting player 3 freeze to 1086
[16:29:25.183] [SEVERE ] updating countdown to 36182
[16:29:25.184] [SEVERE ] setting player 3 freeze to 1060
[16:29:25.209] [SEVERE ] updating countdown to 36156
[16:29:25.306] [SEVERE ] setting player 3 freeze to 938
[16:29:25.334] [SEVERE ] updating countdown to 36031
[16:29:25.353] [SEVERE ] setting player 3 freeze to 891
[16:29:25.378] [SEVERE ] updating countdown to 35987
[16:29:25.379] [SEVERE ] setting player 3 freeze to 865
[16:29:25.570] [SEVERE ] updating countdown to 35795
[16:29:25.571] [SEVERE ] setting player 3 freeze to 673
[16:29:25.863] [SEVERE ] updating countdown to 35502
[16:29:25.954] [SEVERE ] setting player 3 freeze to 290
[16:29:25.980] [SEVERE ] updating countdown to 35385
[16:29:25.985] [SEVERE ] setting player 3 freeze to 259
[16:29:26.011] [SEVERE ] updating countdown to 35354
[16:29:26.109] [SEVERE ] setting player 3 freeze to 135
[16:29:26.134] [SEVERE ] updating countdown to 35231
[16:29:26.135] [SEVERE ] setting player 3 freeze to 109
[16:29:26.160] [SEVERE ] updating countdown to 35205
[16:29:26.160] [SEVERE ] setting player 3 freeze to 84
[16:29:26.186] [SEVERE ] updating countdown to 35179
[16:29:26.257] [SEVERE ] setting player 3 freeze to -13
[16:29:26.318] [SEVERE ] updating countdown to 35047
[16:29:26.347] [SEVERE ] updating countdown to 35018
[16:29:26.458] [SEVERE ] updating countdown to 34907
[16:29:26.485] [SEVERE ] updating countdown to 34880
[16:29:26.492] [SEVERE ] exit button pressed
[16:29:26.514] [SEVERE ] updating countdown to 34851
[16:29:26.646] [INFO   ] thread Thread-2 terminated.
[16:29:26.650] [INFO   ] thread Thread-1 terminated.
[16:29:26.746] [SEVERE ] removing card from slot 0
[16:29:26.927] [SEVERE ] removing player 3 token from slot 1
[16:29:26.928] [SEVERE ] removing card from slot 1
[16:29:27.028] [SEVERE ] removing card from slot 2
[16:29:27.129] [SEVERE ] removing player 3 token from slot 3
[16:29:27.161] [SEVERE ] removing card from slot 3
[16:29:27.261] [SEVERE ] removing player 3 token from slot 4
[16:29:27.262] [SEVERE ] removing card from slot 4
[16:29:27.362] [SEVERE ] removing card from slot 5
[16:29:27.504] [SEVERE ] removing card from slot 6
[16:29:27.616] [SEVERE ] removing card from slot 7
[16:29:27.716] [SEVERE ] removing card from slot 8
[16:29:27.854] [SEVERE ] removing card from slot 9
[16:29:27.955] [SEVERE ] removing card from slot 10
[16:29:28.059] [SEVERE ] removing card from slot 11
[16:29:28.064] [SEVERE ] announcing winner(s): player 3
[16:29:28.065] [INFO   ] thread dealer terminated.
[16:29:28.066] [INFO   ] thread dealer terminated.
[16:29:28.067] [SEVERE ] thanks for playing... it was fun!
[16:29:28.067] [INFO   ] thread bguspl.set.Main.main() terminated.
