[19:20:42.844] [INFO   ] thread bguspl.set.Main.main() starting.
[19:20:42.871] [SEVERE ] cannot read configuration file config.properties trying from resources.
[19:20:42.876] [SEVERE ] configuration file was loaded from resources directory.
[19:20:44.069] [INFO   ] thread dealer starting.
[19:20:44.070] [INFO   ] thread dealer starting.
[19:20:44.073] [INFO   ] thread Thread-1 starting.
[19:20:44.074] [INFO   ] thread Thread-3 starting.
[19:20:44.074] [INFO   ] thread Thread-2 starting.
[19:20:44.095] [INFO   ] thread computer-2 starting.
[19:20:44.201] [SEVERE ] placing card 79 in slot 0
[19:20:44.320] [SEVERE ] placing card 0 in slot 1
[19:20:44.427] [SEVERE ] placing card 18 in slot 2
[19:20:44.528] [SEVERE ] placing card 46 in slot 3
[19:20:44.638] [SEVERE ] placing card 60 in slot 4
[19:20:44.740] [SEVERE ] placing card 2 in slot 5
[19:20:44.842] [SEVERE ] placing card 45 in slot 6
[19:20:44.943] [SEVERE ] placing card 78 in slot 7
[19:20:45.044] [SEVERE ] placing card 27 in slot 8
[19:20:45.145] [SEVERE ] placing card 48 in slot 9
[19:20:45.252] [SEVERE ] placing card 58 in slot 10
[19:20:45.354] [SEVERE ] placing card 25 in slot 11
[19:20:45.358] [SEVERE ] updating countdown to 60000
[19:20:45.388] [SEVERE ] updating countdown to 59970
[19:20:45.414] [SEVERE ] updating countdown to 59944
[19:20:45.440] [SEVERE ] updating countdown to 59918
[19:20:45.466] [SEVERE ] updating countdown to 59892
[19:20:45.493] [SEVERE ] updating countdown to 59865
[19:20:45.523] [SEVERE ] updating countdown to 59835
[19:20:45.550] [SEVERE ] updating countdown to 59808
[19:20:45.578] [SEVERE ] updating countdown to 59780
[19:20:45.606] [SEVERE ] updating countdown to 59752
[19:20:45.634] [SEVERE ] updating countdown to 59724
[19:20:45.686] [SEVERE ] updating countdown to 59672
[19:20:45.712] [SEVERE ] updating countdown to 59646
[19:20:45.739] [SEVERE ] updating countdown to 59620
[19:20:45.770] [SEVERE ] updating countdown to 59588
[19:20:45.797] [SEVERE ] updating countdown to 59561
[19:20:45.824] [SEVERE ] updating countdown to 59534
[19:20:45.911] [SEVERE ] updating countdown to 59447
[19:20:45.938] [SEVERE ] updating countdown to 59420
[19:20:45.966] [SEVERE ] updating countdown to 59392
[19:20:45.992] [SEVERE ] updating countdown to 59366
[19:20:46.018] [SEVERE ] updating countdown to 59340
[19:20:46.060] [SEVERE ] updating countdown to 59298
[19:20:46.086] [SEVERE ] updating countdown to 59272
[19:20:46.112] [SEVERE ] updating countdown to 59246
[19:20:46.138] [SEVERE ] updating countdown to 59220
[19:20:46.163] [SEVERE ] updating countdown to 59195
[19:20:46.189] [SEVERE ] updating countdown to 59169
[19:20:46.215] [SEVERE ] updating countdown to 59143
[19:20:46.240] [SEVERE ] updating countdown to 59118
[19:20:46.266] [SEVERE ] updating countdown to 59092
[19:20:46.292] [SEVERE ] updating countdown to 59066
[19:20:46.318] [SEVERE ] updating countdown to 59040
[19:20:46.344] [SEVERE ] updating countdown to 59014
[19:20:46.371] [SEVERE ] updating countdown to 58988
[19:20:46.397] [SEVERE ] updating countdown to 58961
[19:20:46.423] [SEVERE ] updating countdown to 58935
[19:20:46.449] [SEVERE ] updating countdown to 58909
[19:20:46.475] [SEVERE ] updating countdown to 58883
[19:20:46.501] [SEVERE ] updating countdown to 58857
[19:20:46.527] [SEVERE ] updating countdown to 58831
[19:20:46.553] [SEVERE ] updating countdown to 58805
[19:20:46.579] [SEVERE ] updating countdown to 58779
[19:20:46.604] [SEVERE ] updating countdown to 58754
[19:20:46.630] [SEVERE ] updating countdown to 58728
[19:20:46.656] [SEVERE ] updating countdown to 58702
[19:20:46.682] [SEVERE ] updating countdown to 58676
[19:20:46.707] [SEVERE ] updating countdown to 58651
[19:20:46.733] [SEVERE ] updating countdown to 58625
[19:20:46.759] [SEVERE ] updating countdown to 58599
[19:20:46.785] [SEVERE ] updating countdown to 58573
[19:20:46.811] [SEVERE ] updating countdown to 58547
[19:20:46.836] [SEVERE ] updating countdown to 58522
[19:20:46.863] [SEVERE ] updating countdown to 58495
[19:20:46.889] [SEVERE ] updating countdown to 58469
[19:20:46.916] [SEVERE ] updating countdown to 58442
[19:20:46.942] [SEVERE ] updating countdown to 58416
[19:20:46.968] [SEVERE ] updating countdown to 58390
[19:20:46.994] [SEVERE ] updating countdown to 58364
[19:20:47.019] [SEVERE ] updating countdown to 58339
[19:20:47.045] [SEVERE ] updating countdown to 58313
[19:20:47.071] [SEVERE ] updating countdown to 58287
[19:20:47.096] [SEVERE ] updating countdown to 58262
[19:20:47.122] [SEVERE ] updating countdown to 58236
[19:20:47.148] [SEVERE ] updating countdown to 58210
[19:20:47.174] [SEVERE ] updating countdown to 58184
[19:20:47.199] [SEVERE ] updating countdown to 58159
[19:20:47.225] [SEVERE ] updating countdown to 58133
[19:20:47.251] [SEVERE ] updating countdown to 58107
[19:20:47.277] [SEVERE ] updating countdown to 58081
[19:20:47.303] [SEVERE ] updating countdown to 58055
[19:20:47.332] [SEVERE ] updating countdown to 58026
[19:20:47.357] [SEVERE ] updating countdown to 58001
[19:20:47.384] [SEVERE ] updating countdown to 57974
[19:20:47.410] [SEVERE ] updating countdown to 57948
[19:20:47.442] [SEVERE ] updating countdown to 57916
[19:20:47.467] [SEVERE ] updating countdown to 57891
[19:20:47.493] [SEVERE ] updating countdown to 57865
[19:20:47.519] [SEVERE ] updating countdown to 57839
[19:20:47.546] [SEVERE ] updating countdown to 57813
[19:20:47.575] [SEVERE ] updating countdown to 57783
[19:20:47.601] [SEVERE ] updating countdown to 57757
[19:20:47.626] [SEVERE ] updating countdown to 57732
[19:20:47.652] [SEVERE ] updating countdown to 57706
[19:20:47.678] [SEVERE ] updating countdown to 57680
[19:20:47.703] [SEVERE ] updating countdown to 57655
[19:20:47.730] [SEVERE ] updating countdown to 57628
[19:20:47.757] [SEVERE ] updating countdown to 57601
[19:20:47.783] [SEVERE ] updating countdown to 57575
[19:20:47.809] [SEVERE ] updating countdown to 57549
[19:20:47.837] [SEVERE ] updating countdown to 57521
[19:20:47.863] [SEVERE ] updating countdown to 57495
[19:20:47.890] [SEVERE ] updating countdown to 57468
[19:20:47.916] [SEVERE ] updating countdown to 57442
[19:20:47.942] [SEVERE ] updating countdown to 57416
[19:20:47.968] [SEVERE ] updating countdown to 57390
[19:20:47.994] [SEVERE ] updating countdown to 57364
[19:20:48.019] [SEVERE ] updating countdown to 57339
[19:20:48.045] [SEVERE ] updating countdown to 57313
[19:20:48.071] [SEVERE ] updating countdown to 57287
[19:20:48.096] [SEVERE ] updating countdown to 57262
[19:20:48.122] [SEVERE ] updating countdown to 57236
[19:20:48.148] [SEVERE ] updating countdown to 57210
[19:20:48.174] [SEVERE ] updating countdown to 57184
[19:20:48.200] [SEVERE ] updating countdown to 57158
[19:20:48.225] [SEVERE ] updating countdown to 57133
[19:20:48.251] [SEVERE ] updating countdown to 57107
[19:20:48.278] [SEVERE ] updating countdown to 57080
[19:20:48.305] [SEVERE ] updating countdown to 57053
[19:20:48.330] [SEVERE ] updating countdown to 57028
[19:20:48.356] [SEVERE ] updating countdown to 57002
[19:20:48.383] [SEVERE ] updating countdown to 56975
[19:20:48.409] [SEVERE ] updating countdown to 56949
[19:20:48.435] [SEVERE ] updating countdown to 56923
[19:20:48.461] [SEVERE ] updating countdown to 56897
[19:20:48.487] [SEVERE ] updating countdown to 56871
[19:20:48.513] [SEVERE ] updating countdown to 56845
[19:20:48.539] [SEVERE ] updating countdown to 56819
[19:20:48.565] [SEVERE ] updating countdown to 56793
[19:20:48.590] [SEVERE ] updating countdown to 56768
[19:20:48.616] [SEVERE ] updating countdown to 56742
[19:20:48.642] [SEVERE ] updating countdown to 56716
[19:20:48.667] [SEVERE ] updating countdown to 56691
[19:20:48.693] [SEVERE ] updating countdown to 56665
[19:20:48.719] [SEVERE ] updating countdown to 56639
[19:20:48.745] [SEVERE ] updating countdown to 56613
[19:20:48.771] [SEVERE ] updating countdown to 56587
[19:20:48.797] [SEVERE ] updating countdown to 56561
[19:20:48.823] [SEVERE ] updating countdown to 56535
[19:20:48.851] [SEVERE ] updating countdown to 56507
[19:20:48.885] [SEVERE ] updating countdown to 56473
[19:20:48.910] [SEVERE ] updating countdown to 56448
[19:20:48.936] [SEVERE ] updating countdown to 56422
[19:20:48.962] [SEVERE ] updating countdown to 56396
[19:20:48.988] [SEVERE ] updating countdown to 56370
[19:20:49.013] [SEVERE ] updating countdown to 56345
[19:20:49.039] [SEVERE ] updating countdown to 56319
[19:20:49.066] [SEVERE ] updating countdown to 56292
[19:20:49.091] [SEVERE ] updating countdown to 56267
[19:20:49.117] [SEVERE ] updating countdown to 56241
[19:20:49.143] [SEVERE ] updating countdown to 56215
[19:20:49.169] [SEVERE ] updating countdown to 56189
[19:20:49.195] [SEVERE ] updating countdown to 56163
[19:20:49.220] [SEVERE ] updating countdown to 56138
[19:20:49.246] [SEVERE ] updating countdown to 56112
[19:20:49.272] [SEVERE ] updating countdown to 56086
[19:20:49.297] [SEVERE ] updating countdown to 56061
[19:20:49.323] [SEVERE ] updating countdown to 56035
[19:20:49.348] [SEVERE ] updating countdown to 56010
[19:20:49.374] [SEVERE ] updating countdown to 55984
[19:20:49.400] [SEVERE ] updating countdown to 55958
[19:20:49.426] [SEVERE ] updating countdown to 55932
[19:20:49.452] [SEVERE ] updating countdown to 55906
[19:20:49.479] [SEVERE ] updating countdown to 55879
[19:20:49.505] [SEVERE ] updating countdown to 55853
[19:20:49.531] [SEVERE ] updating countdown to 55827
[19:20:49.557] [SEVERE ] updating countdown to 55801
[19:20:49.583] [SEVERE ] updating countdown to 55775
[19:20:49.609] [SEVERE ] updating countdown to 55749
[19:20:49.635] [SEVERE ] updating countdown to 55723
[19:20:49.661] [SEVERE ] updating countdown to 55697
[19:20:49.686] [SEVERE ] updating countdown to 55672
[19:20:49.712] [SEVERE ] updating countdown to 55646
[19:20:49.738] [SEVERE ] updating countdown to 55620
[19:20:49.763] [SEVERE ] updating countdown to 55595
[19:20:49.789] [SEVERE ] updating countdown to 55569
[19:20:49.815] [SEVERE ] updating countdown to 55543
[19:20:49.841] [SEVERE ] updating countdown to 55517
[19:20:49.866] [SEVERE ] updating countdown to 55492
[19:20:49.892] [SEVERE ] updating countdown to 55466
[19:20:49.918] [SEVERE ] updating countdown to 55440
[19:20:49.944] [SEVERE ] updating countdown to 55414
[19:20:49.971] [SEVERE ] updating countdown to 55388
[19:20:49.996] [SEVERE ] updating countdown to 55362
[19:20:50.022] [SEVERE ] updating countdown to 55336
[19:20:50.049] [SEVERE ] updating countdown to 55309
[19:20:50.074] [SEVERE ] updating countdown to 55284
[19:20:50.100] [SEVERE ] updating countdown to 55258
[19:20:50.126] [SEVERE ] updating countdown to 55232
[19:20:50.152] [SEVERE ] updating countdown to 55206
[19:20:50.178] [SEVERE ] updating countdown to 55180
[19:20:50.203] [SEVERE ] updating countdown to 55155
[19:20:50.229] [SEVERE ] updating countdown to 55129
[19:20:50.255] [SEVERE ] updating countdown to 55103
[19:20:50.281] [SEVERE ] updating countdown to 55077
[19:20:50.307] [SEVERE ] updating countdown to 55051
[19:20:50.333] [SEVERE ] updating countdown to 55025
[19:20:50.358] [SEVERE ] updating countdown to 55000
[19:20:50.385] [SEVERE ] updating countdown to 54973
[19:20:50.413] [SEVERE ] updating countdown to 54945
[19:20:50.440] [SEVERE ] updating countdown to 54918
[19:20:50.466] [SEVERE ] updating countdown to 54892
[19:20:50.492] [SEVERE ] updating countdown to 54866
[19:20:50.519] [SEVERE ] updating countdown to 54839
[19:20:50.545] [SEVERE ] updating countdown to 54813
[19:20:50.571] [SEVERE ] updating countdown to 54787
[19:20:50.597] [SEVERE ] updating countdown to 54761
[19:20:50.623] [SEVERE ] updating countdown to 54735
[19:20:50.649] [SEVERE ] updating countdown to 54709
[19:20:50.675] [SEVERE ] updating countdown to 54683
[19:20:50.701] [SEVERE ] updating countdown to 54657
[19:20:50.727] [SEVERE ] updating countdown to 54632
[19:20:50.752] [SEVERE ] updating countdown to 54606
[19:20:50.778] [SEVERE ] updating countdown to 54580
[19:20:50.803] [SEVERE ] updating countdown to 54555
[19:20:50.829] [SEVERE ] updating countdown to 54529
[19:20:50.855] [SEVERE ] updating countdown to 54503
[19:20:50.880] [SEVERE ] updating countdown to 54478
[19:20:50.906] [SEVERE ] updating countdown to 54452
[19:20:50.932] [SEVERE ] updating countdown to 54426
[19:20:50.958] [SEVERE ] updating countdown to 54400
[19:20:50.984] [SEVERE ] updating countdown to 54374
[19:20:51.009] [SEVERE ] updating countdown to 54349
[19:20:51.035] [SEVERE ] updating countdown to 54323
[19:20:51.061] [SEVERE ] updating countdown to 54297
[19:20:51.087] [SEVERE ] updating countdown to 54271
[19:20:51.112] [SEVERE ] updating countdown to 54246
[19:20:51.138] [SEVERE ] updating countdown to 54220
[19:20:51.164] [SEVERE ] updating countdown to 54194
[19:20:51.190] [SEVERE ] updating countdown to 54168
[19:20:51.215] [SEVERE ] updating countdown to 54143
[19:20:51.241] [SEVERE ] updating countdown to 54117
[19:20:51.267] [SEVERE ] updating countdown to 54091
[19:20:51.293] [SEVERE ] updating countdown to 54065
[19:20:51.319] [SEVERE ] updating countdown to 54039
[19:20:51.346] [SEVERE ] updating countdown to 54012
[19:20:51.371] [SEVERE ] updating countdown to 53987
[19:20:51.397] [SEVERE ] updating countdown to 53961
[19:20:51.423] [SEVERE ] updating countdown to 53935
[19:20:51.450] [SEVERE ] updating countdown to 53908
[19:20:51.476] [SEVERE ] updating countdown to 53882
[19:20:51.501] [SEVERE ] updating countdown to 53857
[19:20:51.532] [SEVERE ] updating countdown to 53826
[19:20:51.558] [SEVERE ] updating countdown to 53800
[19:20:51.584] [SEVERE ] updating countdown to 53774
[19:20:51.611] [SEVERE ] updating countdown to 53747
[19:20:51.637] [SEVERE ] updating countdown to 53721
[19:20:51.663] [SEVERE ] updating countdown to 53695
[19:20:51.689] [SEVERE ] updating countdown to 53669
[19:20:51.718] [SEVERE ] updating countdown to 53640
[19:20:51.744] [SEVERE ] updating countdown to 53614
[19:20:51.770] [SEVERE ] updating countdown to 53588
[19:20:51.797] [SEVERE ] updating countdown to 53561
[19:20:51.823] [SEVERE ] updating countdown to 53535
[19:20:51.849] [SEVERE ] updating countdown to 53509
[19:20:51.874] [SEVERE ] updating countdown to 53484
[19:20:51.900] [SEVERE ] updating countdown to 53458
[19:20:51.926] [SEVERE ] updating countdown to 53432
[19:20:51.951] [SEVERE ] updating countdown to 53407
[19:20:51.977] [SEVERE ] updating countdown to 53381
[19:20:52.003] [SEVERE ] updating countdown to 53355
[19:20:52.029] [SEVERE ] updating countdown to 53329
[19:20:52.054] [SEVERE ] updating countdown to 53304
[19:20:52.080] [SEVERE ] updating countdown to 53278
[19:20:52.106] [SEVERE ] updating countdown to 53252
[19:20:52.135] [SEVERE ] updating countdown to 53223
[19:20:52.161] [SEVERE ] updating countdown to 53197
[19:20:52.187] [SEVERE ] updating countdown to 53171
[19:20:52.220] [SEVERE ] updating countdown to 53138
[19:20:52.245] [SEVERE ] updating countdown to 53113
[19:20:52.271] [SEVERE ] updating countdown to 53087
[19:20:52.296] [SEVERE ] updating countdown to 53062
[19:20:52.322] [SEVERE ] updating countdown to 53036
[19:20:52.348] [SEVERE ] updating countdown to 53010
[19:20:52.373] [SEVERE ] updating countdown to 52985
[19:20:52.399] [SEVERE ] updating countdown to 52959
[19:20:52.426] [SEVERE ] updating countdown to 52932
[19:20:52.452] [SEVERE ] updating countdown to 52906
[19:20:52.478] [SEVERE ] updating countdown to 52880
[19:20:52.504] [SEVERE ] updating countdown to 52854
[19:20:52.530] [SEVERE ] updating countdown to 52828
[19:20:52.556] [SEVERE ] updating countdown to 52802
[19:20:52.582] [SEVERE ] updating countdown to 52776
[19:20:52.608] [SEVERE ] updating countdown to 52750
[19:20:52.633] [SEVERE ] updating countdown to 52725
[19:20:52.659] [SEVERE ] updating countdown to 52699
[19:20:52.684] [SEVERE ] updating countdown to 52674
[19:20:52.710] [SEVERE ] updating countdown to 52648
[19:20:52.736] [SEVERE ] updating countdown to 52622
[19:20:52.761] [SEVERE ] updating countdown to 52597
[19:20:52.788] [SEVERE ] updating countdown to 52570
[19:20:52.814] [SEVERE ] updating countdown to 52544
[19:20:52.840] [SEVERE ] updating countdown to 52518
[19:20:52.866] [SEVERE ] updating countdown to 52492
[19:20:52.892] [SEVERE ] updating countdown to 52466
[19:20:52.918] [SEVERE ] updating countdown to 52440
[19:20:52.943] [SEVERE ] updating countdown to 52415
[19:20:52.969] [SEVERE ] updating countdown to 52389
[19:20:52.996] [SEVERE ] updating countdown to 52362
[19:20:53.023] [SEVERE ] updating countdown to 52335
[19:20:53.049] [SEVERE ] updating countdown to 52309
[19:20:53.074] [SEVERE ] updating countdown to 52284
[19:20:53.100] [SEVERE ] updating countdown to 52258
[19:20:53.125] [SEVERE ] updating countdown to 52233
[19:20:53.151] [SEVERE ] updating countdown to 52207
[19:20:53.176] [SEVERE ] updating countdown to 52182
[19:20:53.203] [SEVERE ] updating countdown to 52155
[19:20:53.228] [SEVERE ] updating countdown to 52130
[19:20:53.254] [SEVERE ] updating countdown to 52104
[19:20:53.281] [SEVERE ] updating countdown to 52077
[19:20:53.307] [SEVERE ] updating countdown to 52051
[19:20:53.333] [SEVERE ] updating countdown to 52025
[19:20:53.360] [SEVERE ] updating countdown to 51998
[19:20:53.387] [SEVERE ] updating countdown to 51971
[19:20:53.412] [SEVERE ] updating countdown to 51946
[19:20:53.440] [SEVERE ] updating countdown to 51918
[19:20:53.467] [SEVERE ] updating countdown to 51891
[19:20:53.493] [SEVERE ] updating countdown to 51865
[19:20:53.520] [SEVERE ] updating countdown to 51838
[19:20:53.547] [SEVERE ] updating countdown to 51811
[19:20:53.573] [SEVERE ] updating countdown to 51785
[19:20:53.600] [SEVERE ] updating countdown to 51758
[19:20:53.626] [SEVERE ] updating countdown to 51732
[19:20:53.653] [SEVERE ] updating countdown to 51705
[19:20:53.679] [SEVERE ] updating countdown to 51679
[19:20:53.706] [SEVERE ] updating countdown to 51652
[19:20:53.732] [SEVERE ] updating countdown to 51626
[19:20:53.757] [SEVERE ] updating countdown to 51601
[19:20:53.784] [SEVERE ] updating countdown to 51574
[19:20:53.810] [SEVERE ] updating countdown to 51548
[19:20:53.836] [SEVERE ] updating countdown to 51522
[19:20:53.861] [SEVERE ] updating countdown to 51497
[19:20:53.887] [SEVERE ] updating countdown to 51471
[19:20:53.913] [SEVERE ] updating countdown to 51445
[19:20:53.939] [SEVERE ] updating countdown to 51419
[19:20:53.964] [SEVERE ] updating countdown to 51394
[19:20:53.990] [SEVERE ] updating countdown to 51368
[19:20:54.016] [SEVERE ] updating countdown to 51342
[19:20:54.042] [SEVERE ] updating countdown to 51316
[19:20:54.068] [SEVERE ] updating countdown to 51290
[19:20:54.094] [SEVERE ] updating countdown to 51264
[19:20:54.120] [SEVERE ] updating countdown to 51238
[19:20:54.146] [SEVERE ] updating countdown to 51212
[19:20:54.173] [SEVERE ] updating countdown to 51185
[19:20:54.199] [SEVERE ] updating countdown to 51159
[19:20:54.225] [SEVERE ] updating countdown to 51133
[19:20:54.251] [SEVERE ] updating countdown to 51107
[19:20:54.277] [SEVERE ] updating countdown to 51082
[19:20:54.302] [SEVERE ] updating countdown to 51056
[19:20:54.328] [SEVERE ] updating countdown to 51030
[19:20:54.354] [SEVERE ] updating countdown to 51004
[19:20:54.380] [SEVERE ] updating countdown to 50978
[19:20:54.406] [SEVERE ] updating countdown to 50952
[19:20:54.431] [SEVERE ] updating countdown to 50927
[19:20:54.458] [SEVERE ] updating countdown to 50900
[19:20:54.483] [SEVERE ] updating countdown to 50875
[19:20:54.509] [SEVERE ] updating countdown to 50849
[19:20:54.535] [SEVERE ] updating countdown to 50823
[19:20:54.562] [SEVERE ] updating countdown to 50796
[19:20:54.588] [SEVERE ] updating countdown to 50770
[19:20:54.614] [SEVERE ] updating countdown to 50744
[19:20:54.641] [SEVERE ] updating countdown to 50717
[19:20:54.667] [SEVERE ] updating countdown to 50691
[19:20:54.693] [SEVERE ] updating countdown to 50665
[19:20:54.720] [SEVERE ] updating countdown to 50638
[19:20:54.747] [SEVERE ] updating countdown to 50611
[19:20:54.774] [SEVERE ] updating countdown to 50584
[19:20:54.800] [SEVERE ] updating countdown to 50558
[19:20:54.827] [SEVERE ] updating countdown to 50531
[19:20:54.853] [SEVERE ] updating countdown to 50505
[19:20:54.879] [SEVERE ] updating countdown to 50479
[19:20:54.905] [SEVERE ] updating countdown to 50453
[19:20:54.932] [SEVERE ] updating countdown to 50426
[19:20:54.958] [SEVERE ] updating countdown to 50400
[19:20:54.984] [SEVERE ] updating countdown to 50374
[19:20:55.009] [SEVERE ] updating countdown to 50349
[19:20:55.035] [SEVERE ] updating countdown to 50323
[19:20:55.060] [SEVERE ] updating countdown to 50298
[19:20:55.086] [SEVERE ] updating countdown to 50272
[19:20:55.111] [SEVERE ] updating countdown to 50247
[19:20:55.137] [SEVERE ] updating countdown to 50221
[19:20:55.163] [SEVERE ] updating countdown to 50195
[19:20:55.188] [SEVERE ] updating countdown to 50170
[19:20:55.214] [SEVERE ] updating countdown to 50144
[19:20:55.242] [SEVERE ] updating countdown to 50116
[19:20:55.267] [SEVERE ] updating countdown to 50091
[19:20:55.293] [SEVERE ] updating countdown to 50065
[19:20:55.322] [SEVERE ] updating countdown to 50036
[19:20:55.348] [SEVERE ] updating countdown to 50010
[19:20:55.373] [SEVERE ] updating countdown to 49985
[19:20:55.399] [SEVERE ] updating countdown to 49959
[19:20:55.425] [SEVERE ] updating countdown to 49933
[19:20:55.451] [SEVERE ] updating countdown to 49907
[19:20:55.477] [SEVERE ] updating countdown to 49881
[19:20:55.506] [SEVERE ] updating countdown to 49852
[19:20:55.532] [SEVERE ] updating countdown to 49826
[19:20:55.558] [SEVERE ] updating countdown to 49800
[19:20:55.583] [SEVERE ] updating countdown to 49775
[19:20:55.609] [SEVERE ] updating countdown to 49749
[19:20:55.635] [SEVERE ] updating countdown to 49723
[19:20:55.660] [SEVERE ] updating countdown to 49698
[19:20:55.686] [SEVERE ] updating countdown to 49672
[19:20:55.712] [SEVERE ] updating countdown to 49646
[19:20:55.738] [SEVERE ] updating countdown to 49620
[19:20:55.764] [SEVERE ] updating countdown to 49594
[19:20:55.790] [SEVERE ] updating countdown to 49568
[19:20:55.816] [SEVERE ] updating countdown to 49542
[19:20:55.841] [SEVERE ] updating countdown to 49517
[19:20:55.868] [SEVERE ] updating countdown to 49490
[19:20:55.894] [SEVERE ] updating countdown to 49464
[19:20:55.920] [SEVERE ] updating countdown to 49438
[19:20:55.946] [SEVERE ] updating countdown to 49412
[19:20:55.972] [SEVERE ] updating countdown to 49386
[19:20:55.998] [SEVERE ] updating countdown to 49360
[19:20:56.023] [SEVERE ] updating countdown to 49335
[19:20:56.049] [SEVERE ] updating countdown to 49309
[19:20:56.075] [SEVERE ] updating countdown to 49283
[19:20:56.100] [SEVERE ] updating countdown to 49258
[19:20:56.126] [SEVERE ] updating countdown to 49232
[19:20:56.151] [SEVERE ] updating countdown to 49207
[19:20:56.177] [SEVERE ] updating countdown to 49181
[19:20:56.203] [SEVERE ] updating countdown to 49155
[19:20:56.228] [SEVERE ] updating countdown to 49130
[19:20:56.254] [SEVERE ] updating countdown to 49104
[19:20:56.281] [SEVERE ] updating countdown to 49077
[19:20:56.306] [SEVERE ] updating countdown to 49052
[19:20:56.332] [SEVERE ] updating countdown to 49026
[19:20:56.361] [SEVERE ] updating countdown to 48997
[19:20:56.387] [SEVERE ] updating countdown to 48971
[19:20:56.413] [SEVERE ] updating countdown to 48945
[19:20:56.438] [SEVERE ] updating countdown to 48920
[19:20:56.464] [SEVERE ] updating countdown to 48894
[19:20:56.490] [SEVERE ] updating countdown to 48868
[19:20:56.515] [SEVERE ] updating countdown to 48843
[19:20:56.541] [SEVERE ] updating countdown to 48817
[19:20:56.566] [SEVERE ] updating countdown to 48792
[19:20:56.592] [SEVERE ] updating countdown to 48766
[19:20:56.618] [SEVERE ] updating countdown to 48740
[19:20:56.643] [SEVERE ] updating countdown to 48715
[19:20:56.669] [SEVERE ] updating countdown to 48689
[19:20:56.695] [SEVERE ] updating countdown to 48663
[19:20:56.721] [SEVERE ] updating countdown to 48637
[19:20:56.747] [SEVERE ] updating countdown to 48611
[19:20:56.774] [SEVERE ] updating countdown to 48584
[19:20:56.803] [SEVERE ] updating countdown to 48555
[19:20:56.829] [SEVERE ] updating countdown to 48529
[19:20:56.854] [SEVERE ] updating countdown to 48504
[19:20:56.880] [SEVERE ] updating countdown to 48478
[19:20:56.906] [SEVERE ] updating countdown to 48452
[19:20:56.932] [SEVERE ] updating countdown to 48426
[19:20:56.958] [SEVERE ] updating countdown to 48400
[19:20:56.983] [SEVERE ] updating countdown to 48375
[19:20:57.009] [SEVERE ] updating countdown to 48349
[19:20:57.034] [SEVERE ] updating countdown to 48324
[19:20:57.060] [SEVERE ] updating countdown to 48298
[19:20:57.085] [SEVERE ] updating countdown to 48273
[19:20:57.111] [SEVERE ] updating countdown to 48247
[19:20:57.137] [SEVERE ] updating countdown to 48221
[19:20:57.163] [SEVERE ] updating countdown to 48195
[19:20:57.189] [SEVERE ] updating countdown to 48169
[19:20:57.214] [SEVERE ] updating countdown to 48144
[19:20:57.240] [SEVERE ] updating countdown to 48118
[19:20:57.267] [SEVERE ] updating countdown to 48091
[19:20:57.293] [SEVERE ] updating countdown to 48065
[19:20:57.319] [SEVERE ] updating countdown to 48039
[19:20:57.345] [SEVERE ] updating countdown to 48014
[19:20:57.370] [SEVERE ] updating countdown to 47988
[19:20:57.396] [SEVERE ] updating countdown to 47962
[19:20:57.422] [SEVERE ] updating countdown to 47936
[19:20:57.448] [SEVERE ] updating countdown to 47910
[19:20:57.474] [SEVERE ] updating countdown to 47884
[19:20:57.500] [SEVERE ] updating countdown to 47858
[19:20:57.526] [SEVERE ] updating countdown to 47832
[19:20:57.551] [SEVERE ] updating countdown to 47807
[19:20:57.577] [SEVERE ] updating countdown to 47781
[19:20:57.602] [SEVERE ] updating countdown to 47756
[19:20:57.628] [SEVERE ] updating countdown to 47730
[19:20:57.654] [SEVERE ] updating countdown to 47704
[19:20:57.680] [SEVERE ] updating countdown to 47678
[19:20:57.706] [SEVERE ] updating countdown to 47652
[19:20:57.731] [SEVERE ] updating countdown to 47627
[19:20:57.757] [SEVERE ] updating countdown to 47601
[19:20:57.782] [SEVERE ] updating countdown to 47576
[19:20:57.808] [SEVERE ] updating countdown to 47550
[19:20:57.833] [SEVERE ] updating countdown to 47525
[19:20:57.859] [SEVERE ] updating countdown to 47499
[19:20:57.884] [SEVERE ] updating countdown to 47474
[19:20:57.910] [SEVERE ] updating countdown to 47448
[19:20:57.936] [SEVERE ] updating countdown to 47422
[19:20:57.962] [SEVERE ] updating countdown to 47396
[19:20:57.988] [SEVERE ] updating countdown to 47370
[19:20:58.014] [SEVERE ] updating countdown to 47344
[19:20:58.040] [SEVERE ] updating countdown to 47318
[19:20:58.066] [SEVERE ] updating countdown to 47292
[19:20:58.092] [SEVERE ] updating countdown to 47266
[19:20:58.118] [SEVERE ] updating countdown to 47240
[19:20:58.143] [SEVERE ] updating countdown to 47215
[19:20:58.169] [SEVERE ] updating countdown to 47189
[19:20:58.194] [SEVERE ] updating countdown to 47164
[19:20:58.220] [SEVERE ] updating countdown to 47138
[19:20:58.245] [SEVERE ] updating countdown to 47113
[19:20:58.271] [SEVERE ] updating countdown to 47087
[19:20:58.297] [SEVERE ] updating countdown to 47061
[19:20:58.322] [SEVERE ] updating countdown to 47036
[19:20:58.349] [SEVERE ] updating countdown to 47009
[19:20:58.374] [SEVERE ] updating countdown to 46984
[19:20:58.400] [SEVERE ] updating countdown to 46958
[19:20:58.426] [SEVERE ] updating countdown to 46932
[19:20:58.452] [SEVERE ] updating countdown to 46906
[19:20:58.477] [SEVERE ] updating countdown to 46881
[19:20:58.503] [SEVERE ] updating countdown to 46855
[19:20:58.529] [SEVERE ] updating countdown to 46830
[19:20:58.554] [SEVERE ] updating countdown to 46804
[19:20:58.580] [SEVERE ] updating countdown to 46778
[19:20:58.605] [SEVERE ] updating countdown to 46753
[19:20:58.632] [SEVERE ] updating countdown to 46726
[19:20:58.657] [SEVERE ] updating countdown to 46701
[19:20:58.691] [SEVERE ] updating countdown to 46667
[19:20:58.717] [SEVERE ] updating countdown to 46641
[19:20:58.743] [SEVERE ] updating countdown to 46615
[19:20:58.768] [SEVERE ] updating countdown to 46590
[19:20:58.794] [SEVERE ] updating countdown to 46564
[19:20:58.819] [SEVERE ] updating countdown to 46539
[19:20:58.845] [SEVERE ] updating countdown to 46513
[19:20:58.870] [SEVERE ] updating countdown to 46488
[19:20:58.896] [SEVERE ] updating countdown to 46462
[19:20:58.922] [SEVERE ] updating countdown to 46436
[19:20:58.948] [SEVERE ] updating countdown to 46410
[19:20:58.973] [SEVERE ] updating countdown to 46385
[19:20:59.000] [SEVERE ] updating countdown to 46358
[19:20:59.026] [SEVERE ] updating countdown to 46332
[19:20:59.052] [SEVERE ] updating countdown to 46306
[19:20:59.079] [SEVERE ] updating countdown to 46280
[19:20:59.105] [SEVERE ] updating countdown to 46253
[19:20:59.130] [SEVERE ] updating countdown to 46228
[19:20:59.156] [SEVERE ] updating countdown to 46202
[19:20:59.181] [SEVERE ] updating countdown to 46177
[19:20:59.208] [SEVERE ] updating countdown to 46150
[19:20:59.233] [SEVERE ] updating countdown to 46125
[19:20:59.259] [SEVERE ] updating countdown to 46099
[19:20:59.284] [SEVERE ] updating countdown to 46074
[19:20:59.310] [SEVERE ] updating countdown to 46048
[19:20:59.335] [SEVERE ] updating countdown to 46023
[19:20:59.361] [SEVERE ] updating countdown to 45997
[19:20:59.388] [SEVERE ] updating countdown to 45970
[19:20:59.414] [SEVERE ] updating countdown to 45944
[19:20:59.436] [SEVERE ] exit button pressed
[19:20:59.436] [INFO   ] thread Thread-2 terminated.
[19:20:59.436] [INFO   ] thread Thread-1 terminated.
[19:20:59.439] [SEVERE ] updating countdown to 45919
[19:20:59.540] [SEVERE ] removing card from slot 0
[19:20:59.641] [SEVERE ] removing card from slot 1
[19:20:59.742] [SEVERE ] removing card from slot 2
[19:20:59.843] [SEVERE ] removing card from slot 3
[19:20:59.944] [SEVERE ] removing card from slot 4
[19:21:00.047] [SEVERE ] removing card from slot 5
[19:21:00.148] [SEVERE ] removing card from slot 6
[19:21:00.249] [SEVERE ] removing card from slot 7
[19:21:00.349] [SEVERE ] removing card from slot 8
[19:21:00.450] [SEVERE ] removing card from slot 9
[19:21:00.550] [SEVERE ] removing card from slot 10
[19:21:00.681] [SEVERE ] removing card from slot 11
[19:21:00.683] [SEVERE ] announcing winner(s): player 1, player 2, player 3
[19:21:00.684] [INFO   ] thread dealer terminated.
[19:21:00.685] [INFO   ] thread dealer terminated.
[19:21:00.686] [SEVERE ] thanks for playing... it was fun!
[19:21:00.686] [INFO   ] thread bguspl.set.Main.main() terminated.
