[19:00:17.013] [INFO   ] thread bguspl.set.Main.main() starting.
[19:00:17.065] [SEVERE ] cannot read configuration file config.properties trying from resources.
[19:00:17.109] [SEVERE ] configuration file was loaded from resources directory.
[19:00:18.374] [INFO   ] thread dealer starting.
[19:00:18.375] [INFO   ] thread dealer starting.
[19:00:18.376] [INFO   ] thread Thread-1 starting.
[19:00:18.376] [INFO   ] thread Thread-4 starting.
[19:00:18.376] [INFO   ] thread Thread-3 starting.
[19:00:18.376] [INFO   ] thread Thread-2 starting.
[19:00:18.378] [INFO   ] thread computer-3 starting.
[19:00:18.378] [INFO   ] thread computer-2 starting.
[19:00:18.482] [SEVERE ] placing card 61 in slot 0
[19:00:18.584] [SEVERE ] placing card 17 in slot 1
[19:00:18.685] [SEVERE ] placing card 29 in slot 2
[19:00:18.786] [SEVERE ] placing card 30 in slot 3
[19:00:18.888] [SEVERE ] placing card 68 in slot 4
[19:00:18.989] [SEVERE ] placing card 27 in slot 5
[19:00:19.124] [SEVERE ] placing card 43 in slot 6
[19:00:19.225] [SEVERE ] placing card 40 in slot 7
[19:00:19.328] [SEVERE ] placing card 74 in slot 8
[19:00:19.429] [SEVERE ] placing card 0 in slot 9
[19:00:19.553] [SEVERE ] placing card 63 in slot 10
[19:00:19.687] [SEVERE ] placing card 65 in slot 11
[19:00:19.697] [SEVERE ] updating countdown to 60000
[19:00:19.726] [SEVERE ] updating countdown to 59971
[19:00:19.752] [SEVERE ] updating countdown to 59945
[19:00:19.778] [SEVERE ] updating countdown to 59919
[19:00:19.811] [SEVERE ] updating countdown to 59886
[19:00:19.838] [SEVERE ] updating countdown to 59859
[19:00:19.872] [SEVERE ] updating countdown to 59825
[19:00:19.898] [SEVERE ] updating countdown to 59799
[19:00:19.924] [SEVERE ] updating countdown to 59773
[19:00:19.950] [SEVERE ] updating countdown to 59747
[19:00:19.981] [SEVERE ] updating countdown to 59716
[19:00:20.008] [SEVERE ] updating countdown to 59689
[19:00:20.034] [SEVERE ] updating countdown to 59663
[19:00:20.060] [SEVERE ] updating countdown to 59637
[19:00:20.086] [SEVERE ] updating countdown to 59611
[19:00:20.112] [SEVERE ] updating countdown to 59585
[19:00:20.141] [SEVERE ] updating countdown to 59556
[19:00:20.167] [SEVERE ] updating countdown to 59530
[19:00:20.193] [SEVERE ] updating countdown to 59504
[19:00:20.219] [SEVERE ] updating countdown to 59478
[19:00:20.246] [SEVERE ] updating countdown to 59451
[19:00:20.272] [SEVERE ] updating countdown to 59425
[19:00:20.297] [SEVERE ] updating countdown to 59400
[19:00:20.324] [SEVERE ] updating countdown to 59373
[19:00:20.351] [SEVERE ] updating countdown to 59346
[19:00:20.378] [SEVERE ] updating countdown to 59319
[19:00:20.450] [SEVERE ] updating countdown to 59247
[19:00:20.476] [SEVERE ] updating countdown to 59221
[19:00:20.502] [SEVERE ] updating countdown to 59195
[19:00:20.528] [SEVERE ] updating countdown to 59169
[19:00:20.555] [SEVERE ] updating countdown to 59142
[19:00:20.581] [SEVERE ] updating countdown to 59116
[19:00:20.607] [SEVERE ] updating countdown to 59090
[19:00:20.633] [SEVERE ] updating countdown to 59064
[19:00:20.659] [SEVERE ] updating countdown to 59038
[19:00:20.685] [SEVERE ] updating countdown to 59012
[19:00:20.715] [SEVERE ] updating countdown to 58982
[19:00:20.741] [SEVERE ] updating countdown to 58956
[19:00:20.767] [SEVERE ] updating countdown to 58930
[19:00:20.793] [SEVERE ] updating countdown to 58904
[19:00:20.819] [SEVERE ] updating countdown to 58878
[19:00:20.845] [SEVERE ] updating countdown to 58852
[19:00:20.870] [SEVERE ] updating countdown to 58827
[19:00:20.897] [SEVERE ] updating countdown to 58801
[19:00:20.923] [SEVERE ] updating countdown to 58774
[19:00:20.949] [SEVERE ] updating countdown to 58748
[19:00:20.975] [SEVERE ] updating countdown to 58722
[19:00:21.002] [SEVERE ] updating countdown to 58695
[19:00:21.031] [SEVERE ] updating countdown to 58666
[19:00:21.063] [SEVERE ] updating countdown to 58634
[19:00:21.089] [SEVERE ] updating countdown to 58608
[19:00:21.115] [SEVERE ] updating countdown to 58582
[19:00:21.141] [SEVERE ] updating countdown to 58556
[19:00:21.168] [SEVERE ] updating countdown to 58529
[19:00:21.221] [SEVERE ] updating countdown to 58476
[19:00:21.246] [SEVERE ] updating countdown to 58451
[19:00:21.272] [SEVERE ] updating countdown to 58425
[19:00:21.298] [SEVERE ] updating countdown to 58399
[19:00:21.324] [SEVERE ] updating countdown to 58373
[19:00:21.350] [SEVERE ] updating countdown to 58347
[19:00:21.377] [SEVERE ] updating countdown to 58320
[19:00:21.403] [SEVERE ] updating countdown to 58294
[19:00:21.436] [SEVERE ] updating countdown to 58261
[19:00:21.462] [SEVERE ] updating countdown to 58235
[19:00:21.489] [SEVERE ] updating countdown to 58208
[19:00:21.543] [SEVERE ] updating countdown to 58154
[19:00:21.569] [SEVERE ] updating countdown to 58128
[19:00:21.595] [SEVERE ] updating countdown to 58102
[19:00:21.621] [SEVERE ] updating countdown to 58076
[19:00:21.661] [SEVERE ] updating countdown to 58036
[19:00:21.688] [SEVERE ] updating countdown to 58009
[19:00:21.714] [SEVERE ] updating countdown to 57983
[19:00:21.740] [SEVERE ] updating countdown to 57957
[19:00:21.767] [SEVERE ] updating countdown to 57931
[19:00:21.798] [SEVERE ] updating countdown to 57899
[19:00:21.824] [SEVERE ] updating countdown to 57873
[19:00:21.859] [SEVERE ] updating countdown to 57838
[19:00:21.886] [SEVERE ] updating countdown to 57811
[19:00:21.914] [SEVERE ] updating countdown to 57783
[19:00:21.940] [SEVERE ] updating countdown to 57757
[19:00:21.982] [SEVERE ] updating countdown to 57715
[19:00:22.009] [SEVERE ] updating countdown to 57688
[19:00:22.044] [SEVERE ] updating countdown to 57653
[19:00:22.073] [SEVERE ] updating countdown to 57624
[19:00:22.098] [SEVERE ] updating countdown to 57599
[19:00:22.125] [SEVERE ] updating countdown to 57572
[19:00:22.151] [SEVERE ] updating countdown to 57546
[19:00:22.177] [SEVERE ] updating countdown to 57520
[19:00:22.203] [SEVERE ] updating countdown to 57494
[19:00:22.230] [SEVERE ] updating countdown to 57467
[19:00:22.256] [SEVERE ] updating countdown to 57441
[19:00:22.281] [SEVERE ] updating countdown to 57416
[19:00:22.307] [SEVERE ] updating countdown to 57390
[19:00:22.333] [SEVERE ] updating countdown to 57364
[19:00:22.398] [SEVERE ] updating countdown to 57300
[19:00:22.424] [SEVERE ] updating countdown to 57273
[19:00:22.450] [SEVERE ] updating countdown to 57247
[19:00:22.476] [SEVERE ] updating countdown to 57221
[19:00:22.502] [SEVERE ] updating countdown to 57195
[19:00:22.550] [SEVERE ] updating countdown to 57147
[19:00:22.575] [SEVERE ] updating countdown to 57122
[19:00:22.602] [SEVERE ] updating countdown to 57095
[19:00:22.627] [SEVERE ] updating countdown to 57070
[19:00:22.656] [SEVERE ] updating countdown to 57041
[19:00:22.684] [SEVERE ] updating countdown to 57013
[19:00:22.710] [SEVERE ] updating countdown to 56987
[19:00:22.736] [SEVERE ] updating countdown to 56961
[19:00:22.771] [SEVERE ] updating countdown to 56926
[19:00:22.799] [SEVERE ] updating countdown to 56898
[19:00:22.832] [SEVERE ] updating countdown to 56866
[19:00:22.857] [SEVERE ] updating countdown to 56840
[19:00:22.883] [SEVERE ] updating countdown to 56814
[19:00:22.909] [SEVERE ] updating countdown to 56788
[19:00:22.939] [SEVERE ] updating countdown to 56758
[19:00:22.965] [SEVERE ] updating countdown to 56732
[19:00:22.993] [SEVERE ] updating countdown to 56704
[19:00:23.019] [SEVERE ] updating countdown to 56678
[19:00:23.046] [SEVERE ] updating countdown to 56651
[19:00:23.072] [SEVERE ] updating countdown to 56625
[19:00:23.134] [SEVERE ] updating countdown to 56563
[19:00:23.160] [SEVERE ] updating countdown to 56537
[19:00:23.186] [SEVERE ] updating countdown to 56511
[19:00:23.211] [SEVERE ] updating countdown to 56486
[19:00:23.237] [SEVERE ] updating countdown to 56460
[19:00:23.263] [SEVERE ] updating countdown to 56434
[19:00:23.289] [SEVERE ] updating countdown to 56408
[19:00:23.315] [SEVERE ] updating countdown to 56382
[19:00:23.344] [SEVERE ] updating countdown to 56353
[19:00:23.370] [SEVERE ] updating countdown to 56327
[19:00:23.396] [SEVERE ] updating countdown to 56301
[19:00:23.422] [SEVERE ] updating countdown to 56275
[19:00:23.448] [SEVERE ] updating countdown to 56249
[19:00:23.473] [SEVERE ] updating countdown to 56224
[19:00:23.499] [SEVERE ] updating countdown to 56198
[19:00:23.533] [SEVERE ] updating countdown to 56164
[19:00:23.564] [SEVERE ] updating countdown to 56133
[19:00:23.590] [SEVERE ] updating countdown to 56107
[19:00:23.615] [SEVERE ] updating countdown to 56082
[19:00:23.642] [SEVERE ] updating countdown to 56055
[19:00:23.669] [SEVERE ] updating countdown to 56028
[19:00:23.695] [SEVERE ] updating countdown to 56002
[19:00:23.721] [SEVERE ] updating countdown to 55976
[19:00:23.750] [SEVERE ] updating countdown to 55947
[19:00:23.776] [SEVERE ] updating countdown to 55921
[19:00:23.802] [SEVERE ] updating countdown to 55895
[19:00:23.828] [SEVERE ] updating countdown to 55869
[19:00:23.854] [SEVERE ] updating countdown to 55843
[19:00:23.881] [SEVERE ] updating countdown to 55816
[19:00:23.908] [SEVERE ] updating countdown to 55789
[19:00:23.934] [SEVERE ] updating countdown to 55763
[19:00:23.960] [SEVERE ] updating countdown to 55737
[19:00:23.986] [SEVERE ] updating countdown to 55711
[19:00:24.012] [SEVERE ] updating countdown to 55685
[19:00:24.038] [SEVERE ] updating countdown to 55659
[19:00:24.064] [SEVERE ] updating countdown to 55633
[19:00:24.090] [SEVERE ] updating countdown to 55607
[19:00:24.117] [SEVERE ] updating countdown to 55581
[19:00:24.142] [SEVERE ] updating countdown to 55555
[19:00:24.168] [SEVERE ] updating countdown to 55529
[19:00:24.194] [SEVERE ] updating countdown to 55503
[19:00:24.223] [SEVERE ] updating countdown to 55474
[19:00:24.255] [SEVERE ] updating countdown to 55442
[19:00:24.281] [SEVERE ] updating countdown to 55416
[19:00:24.307] [SEVERE ] updating countdown to 55390
[19:00:24.362] [SEVERE ] updating countdown to 55335
[19:00:24.388] [SEVERE ] updating countdown to 55309
[19:00:24.414] [SEVERE ] updating countdown to 55283
[19:00:24.439] [SEVERE ] updating countdown to 55258
[19:00:24.465] [SEVERE ] updating countdown to 55232
[19:00:24.491] [SEVERE ] updating countdown to 55206
[19:00:24.518] [SEVERE ] updating countdown to 55179
[19:00:24.548] [SEVERE ] updating countdown to 55149
[19:00:24.574] [SEVERE ] updating countdown to 55123
[19:00:24.600] [SEVERE ] updating countdown to 55097
[19:00:24.632] [SEVERE ] updating countdown to 55065
[19:00:24.658] [SEVERE ] updating countdown to 55039
[19:00:24.684] [SEVERE ] updating countdown to 55013
[19:00:24.710] [SEVERE ] updating countdown to 54987
[19:00:24.738] [SEVERE ] updating countdown to 54959
[19:00:24.767] [SEVERE ] updating countdown to 54930
[19:00:24.793] [SEVERE ] updating countdown to 54904
[19:00:24.819] [SEVERE ] updating countdown to 54878
[19:00:24.857] [SEVERE ] updating countdown to 54840
[19:00:24.883] [SEVERE ] updating countdown to 54814
[19:00:24.909] [SEVERE ] updating countdown to 54788
[19:00:24.936] [SEVERE ] updating countdown to 54761
[19:00:24.962] [SEVERE ] updating countdown to 54735
[19:00:25.002] [SEVERE ] updating countdown to 54695
[19:00:25.028] [SEVERE ] updating countdown to 54669
[19:00:25.057] [SEVERE ] updating countdown to 54640
[19:00:25.083] [SEVERE ] updating countdown to 54614
[19:00:25.124] [SEVERE ] updating countdown to 54573
[19:00:25.150] [SEVERE ] updating countdown to 54547
[19:00:25.176] [SEVERE ] updating countdown to 54521
[19:00:25.202] [SEVERE ] updating countdown to 54495
[19:00:25.229] [SEVERE ] updating countdown to 54468
[19:00:25.255] [SEVERE ] updating countdown to 54442
[19:00:25.283] [SEVERE ] updating countdown to 54414
[19:00:25.308] [SEVERE ] updating countdown to 54389
[19:00:25.337] [SEVERE ] updating countdown to 54360
[19:00:25.363] [SEVERE ] updating countdown to 54334
[19:00:25.410] [SEVERE ] updating countdown to 54287
[19:00:25.436] [SEVERE ] updating countdown to 54261
[19:00:25.461] [SEVERE ] updating countdown to 54236
[19:00:25.487] [SEVERE ] updating countdown to 54210
[19:00:25.513] [SEVERE ] updating countdown to 54184
[19:00:25.539] [SEVERE ] updating countdown to 54158
[19:00:25.564] [SEVERE ] updating countdown to 54133
[19:00:25.590] [SEVERE ] updating countdown to 54107
[19:00:25.616] [SEVERE ] updating countdown to 54081
[19:00:25.642] [SEVERE ] updating countdown to 54055
[19:00:25.703] [SEVERE ] updating countdown to 53994
[19:00:25.729] [SEVERE ] updating countdown to 53968
[19:00:25.756] [SEVERE ] updating countdown to 53941
[19:00:25.781] [SEVERE ] updating countdown to 53916
[19:00:25.809] [SEVERE ] updating countdown to 53888
[19:00:25.856] [SEVERE ] updating countdown to 53841
[19:00:25.882] [SEVERE ] updating countdown to 53815
[19:00:25.908] [SEVERE ] updating countdown to 53789
[19:00:25.934] [SEVERE ] updating countdown to 53763
[19:00:25.961] [SEVERE ] updating countdown to 53736
[19:00:25.987] [SEVERE ] updating countdown to 53710
[19:00:26.013] [SEVERE ] updating countdown to 53684
[19:00:26.039] [SEVERE ] updating countdown to 53658
[19:00:26.065] [SEVERE ] updating countdown to 53632
[19:00:26.093] [SEVERE ] updating countdown to 53604
[19:00:26.119] [SEVERE ] updating countdown to 53578
[19:00:26.145] [SEVERE ] updating countdown to 53552
[19:00:26.171] [SEVERE ] updating countdown to 53526
[19:00:26.197] [SEVERE ] updating countdown to 53500
[19:00:26.223] [SEVERE ] updating countdown to 53474
[19:00:26.260] [SEVERE ] updating countdown to 53437
[19:00:26.286] [SEVERE ] updating countdown to 53411
[19:00:26.330] [SEVERE ] updating countdown to 53367
[19:00:26.356] [SEVERE ] updating countdown to 53341
[19:00:26.382] [SEVERE ] updating countdown to 53315
[19:00:26.409] [SEVERE ] updating countdown to 53289
[19:00:26.472] [SEVERE ] updating countdown to 53225
[19:00:26.498] [SEVERE ] updating countdown to 53199
[19:00:26.524] [SEVERE ] updating countdown to 53173
[19:00:26.549] [SEVERE ] updating countdown to 53148
[19:00:26.583] [SEVERE ] updating countdown to 53114
[19:00:26.609] [SEVERE ] updating countdown to 53088
[19:00:26.635] [SEVERE ] updating countdown to 53062
[19:00:26.665] [SEVERE ] updating countdown to 53032
[19:00:26.691] [SEVERE ] updating countdown to 53006
[19:00:26.737] [SEVERE ] updating countdown to 52960
[19:00:26.763] [SEVERE ] updating countdown to 52934
[19:00:26.789] [SEVERE ] updating countdown to 52908
[19:00:26.814] [SEVERE ] updating countdown to 52883
[19:00:26.841] [SEVERE ] updating countdown to 52856
[19:00:26.867] [SEVERE ] updating countdown to 52830
[19:00:26.892] [SEVERE ] updating countdown to 52805
[19:00:26.919] [SEVERE ] updating countdown to 52778
[19:00:26.963] [SEVERE ] updating countdown to 52734
[19:00:26.989] [SEVERE ] updating countdown to 52708
[19:00:27.015] [SEVERE ] updating countdown to 52682
[19:00:27.042] [SEVERE ] updating countdown to 52655
[19:00:27.068] [SEVERE ] updating countdown to 52629
[19:00:27.099] [SEVERE ] updating countdown to 52598
[19:00:27.125] [SEVERE ] updating countdown to 52572
[19:00:27.150] [SEVERE ] updating countdown to 52547
[19:00:27.194] [SEVERE ] updating countdown to 52503
[19:00:27.219] [SEVERE ] updating countdown to 52478
[19:00:27.245] [SEVERE ] updating countdown to 52452
[19:00:27.271] [SEVERE ] updating countdown to 52426
[19:00:27.298] [SEVERE ] updating countdown to 52399
[19:00:27.324] [SEVERE ] updating countdown to 52373
[19:00:27.350] [SEVERE ] updating countdown to 52347
[19:00:27.375] [SEVERE ] updating countdown to 52322
[19:00:27.401] [SEVERE ] updating countdown to 52296
[19:00:27.427] [SEVERE ] updating countdown to 52270
[19:00:27.453] [SEVERE ] updating countdown to 52244
[19:00:27.479] [SEVERE ] updating countdown to 52218
[19:00:27.505] [SEVERE ] updating countdown to 52192
[19:00:27.531] [SEVERE ] updating countdown to 52166
[19:00:27.556] [SEVERE ] updating countdown to 52141
[19:00:27.582] [SEVERE ] updating countdown to 52115
[19:00:27.607] [SEVERE ] updating countdown to 52090
[19:00:27.633] [SEVERE ] updating countdown to 52064
[19:00:27.659] [SEVERE ] updating countdown to 52038
[19:00:27.685] [SEVERE ] updating countdown to 52012
[19:00:27.710] [SEVERE ] updating countdown to 51987
[19:00:27.740] [SEVERE ] updating countdown to 51957
[19:00:27.766] [SEVERE ] updating countdown to 51931
[19:00:27.798] [SEVERE ] updating countdown to 51899
[19:00:27.824] [SEVERE ] updating countdown to 51873
[19:00:27.850] [SEVERE ] updating countdown to 51847
[19:00:27.876] [SEVERE ] updating countdown to 51821
[19:00:27.904] [SEVERE ] updating countdown to 51793
[19:00:27.930] [SEVERE ] updating countdown to 51767
[19:00:27.956] [SEVERE ] updating countdown to 51741
[19:00:27.982] [SEVERE ] updating countdown to 51715
[19:00:28.008] [SEVERE ] updating countdown to 51689
[19:00:28.034] [SEVERE ] updating countdown to 51663
[19:00:28.060] [SEVERE ] updating countdown to 51637
[19:00:28.086] [SEVERE ] updating countdown to 51611
[19:00:28.115] [SEVERE ] updating countdown to 51582
[19:00:28.151] [SEVERE ] updating countdown to 51546
[19:00:28.176] [SEVERE ] updating countdown to 51521
[19:00:28.202] [SEVERE ] updating countdown to 51495
[19:00:28.228] [SEVERE ] updating countdown to 51469
[19:00:28.254] [SEVERE ] updating countdown to 51443
[19:00:28.279] [SEVERE ] updating countdown to 51418
[19:00:28.305] [SEVERE ] updating countdown to 51392
[19:00:28.331] [SEVERE ] updating countdown to 51366
[19:00:28.357] [SEVERE ] updating countdown to 51340
[19:00:28.383] [SEVERE ] updating countdown to 51314
[19:00:28.409] [SEVERE ] updating countdown to 51288
[19:00:28.434] [SEVERE ] updating countdown to 51263
[19:00:28.461] [SEVERE ] updating countdown to 51236
[19:00:28.486] [SEVERE ] updating countdown to 51211
[19:00:28.512] [SEVERE ] updating countdown to 51185
[19:00:28.538] [SEVERE ] updating countdown to 51159
[19:00:28.564] [SEVERE ] updating countdown to 51133
[19:00:28.595] [SEVERE ] updating countdown to 51102
[19:00:28.621] [SEVERE ] updating countdown to 51076
[19:00:28.647] [SEVERE ] updating countdown to 51050
[19:00:28.672] [SEVERE ] updating countdown to 51025
[19:00:28.698] [SEVERE ] updating countdown to 50999
[19:00:28.724] [SEVERE ] updating countdown to 50973
[19:00:28.750] [SEVERE ] updating countdown to 50947
[19:00:28.776] [SEVERE ] updating countdown to 50921
[19:00:28.803] [SEVERE ] updating countdown to 50894
[19:00:28.829] [SEVERE ] updating countdown to 50868
[19:00:28.856] [SEVERE ] updating countdown to 50841
[19:00:28.882] [SEVERE ] updating countdown to 50815
[19:00:28.908] [SEVERE ] updating countdown to 50789
[19:00:28.933] [SEVERE ] updating countdown to 50764
[19:00:28.959] [SEVERE ] updating countdown to 50738
[19:00:28.984] [SEVERE ] updating countdown to 50713
[19:00:29.010] [SEVERE ] updating countdown to 50687
[19:00:29.036] [SEVERE ] updating countdown to 50661
[19:00:29.061] [SEVERE ] updating countdown to 50636
[19:00:29.087] [SEVERE ] updating countdown to 50610
[19:00:29.112] [SEVERE ] updating countdown to 50585
[19:00:29.149] [SEVERE ] updating countdown to 50548
[19:00:29.174] [SEVERE ] updating countdown to 50523
[19:00:29.200] [SEVERE ] updating countdown to 50497
[19:00:29.226] [SEVERE ] updating countdown to 50471
[19:00:29.251] [SEVERE ] updating countdown to 50446
[19:00:29.277] [SEVERE ] updating countdown to 50420
[19:00:29.303] [SEVERE ] updating countdown to 50394
[19:00:29.329] [SEVERE ] updating countdown to 50368
[19:00:29.354] [SEVERE ] updating countdown to 50343
[19:00:29.380] [SEVERE ] updating countdown to 50317
[19:00:29.406] [SEVERE ] updating countdown to 50291
[19:00:29.431] [SEVERE ] updating countdown to 50266
[19:00:29.457] [SEVERE ] updating countdown to 50240
[19:00:29.482] [SEVERE ] updating countdown to 50215
[19:00:29.509] [SEVERE ] updating countdown to 50189
[19:00:29.535] [SEVERE ] updating countdown to 50162
[19:00:29.561] [SEVERE ] updating countdown to 50136
[19:00:29.593] [SEVERE ] updating countdown to 50104
[19:00:29.619] [SEVERE ] updating countdown to 50078
[19:00:29.652] [SEVERE ] updating countdown to 50045
[19:00:29.678] [SEVERE ] updating countdown to 50019
[19:00:29.704] [SEVERE ] updating countdown to 49993
[19:00:29.729] [SEVERE ] updating countdown to 49968
[19:00:29.755] [SEVERE ] updating countdown to 49942
[19:00:29.781] [SEVERE ] updating countdown to 49916
[19:00:29.807] [SEVERE ] updating countdown to 49890
[19:00:29.832] [SEVERE ] updating countdown to 49865
[19:00:29.858] [SEVERE ] updating countdown to 49839
[19:00:29.884] [SEVERE ] updating countdown to 49813
[19:00:29.911] [SEVERE ] updating countdown to 49786
[19:00:29.940] [SEVERE ] updating countdown to 49757
[19:00:29.965] [SEVERE ] updating countdown to 49732
[19:00:29.991] [SEVERE ] updating countdown to 49706
[19:00:30.029] [SEVERE ] updating countdown to 49668
[19:00:30.055] [SEVERE ] updating countdown to 49642
[19:00:30.080] [SEVERE ] updating countdown to 49617
[19:00:30.106] [SEVERE ] updating countdown to 49591
[19:00:30.132] [SEVERE ] updating countdown to 49565
[19:00:30.158] [SEVERE ] updating countdown to 49539
[19:00:30.185] [SEVERE ] updating countdown to 49512
[19:00:30.210] [SEVERE ] updating countdown to 49487
[19:00:30.236] [SEVERE ] updating countdown to 49461
[19:00:30.263] [SEVERE ] updating countdown to 49435
[19:00:30.289] [SEVERE ] updating countdown to 49408
[19:00:30.314] [SEVERE ] updating countdown to 49383
[19:00:30.340] [SEVERE ] updating countdown to 49357
[19:00:30.366] [SEVERE ] updating countdown to 49331
[19:00:30.392] [SEVERE ] updating countdown to 49305
[19:00:30.441] [SEVERE ] updating countdown to 49256
[19:00:30.467] [SEVERE ] updating countdown to 49230
[19:00:30.493] [SEVERE ] updating countdown to 49204
[19:00:30.518] [SEVERE ] updating countdown to 49179
[19:00:30.544] [SEVERE ] updating countdown to 49153
[19:00:30.570] [SEVERE ] updating countdown to 49127
[19:00:30.596] [SEVERE ] updating countdown to 49101
[19:00:30.623] [SEVERE ] updating countdown to 49074
[19:00:30.649] [SEVERE ] updating countdown to 49048
[19:00:30.704] [SEVERE ] updating countdown to 48993
[19:00:30.736] [SEVERE ] updating countdown to 48961
[19:00:30.761] [SEVERE ] updating countdown to 48936
[19:00:30.787] [SEVERE ] updating countdown to 48910
[19:00:30.814] [SEVERE ] updating countdown to 48883
[19:00:30.840] [SEVERE ] updating countdown to 48857
[19:00:30.870] [SEVERE ] updating countdown to 48827
[19:00:30.896] [SEVERE ] updating countdown to 48801
[19:00:30.946] [SEVERE ] updating countdown to 48751
[19:00:30.989] [SEVERE ] updating countdown to 48708
[19:00:31.014] [SEVERE ] updating countdown to 48683
[19:00:31.040] [SEVERE ] updating countdown to 48657
[19:00:31.041] [SEVERE ] exit button pressed
[19:00:31.041] [INFO   ] thread Thread-1 terminated.
[19:00:31.041] [INFO   ] thread Thread-2 terminated.
[19:00:31.066] [SEVERE ] updating countdown to 48631
[19:00:31.183] [SEVERE ] removing card from slot 0
[19:00:31.283] [SEVERE ] removing card from slot 1
[19:00:31.386] [SEVERE ] removing card from slot 2
[19:00:31.487] [SEVERE ] removing card from slot 3
[19:00:31.588] [SEVERE ] removing card from slot 4
[19:00:31.694] [SEVERE ] removing card from slot 5
[19:00:31.796] [SEVERE ] removing card from slot 6
[19:00:31.900] [SEVERE ] removing card from slot 7
[19:00:32.001] [SEVERE ] removing card from slot 8
[19:00:32.102] [SEVERE ] removing card from slot 9
[19:00:32.203] [SEVERE ] removing card from slot 10
[19:00:32.304] [SEVERE ] removing card from slot 11
[19:00:32.308] [SEVERE ] announcing winner(s): player 1, player 2, player 3, player 4
[19:00:32.310] [INFO   ] thread dealer terminated.
[19:00:32.310] [INFO   ] thread dealer terminated.
[19:00:32.311] [SEVERE ] thanks for playing... it was fun!
[19:00:32.312] [INFO   ] thread bguspl.set.Main.main() terminated.
