[20:04:54.538] [INFO   ] thread bguspl.set.Main.main() starting.
[20:04:54.543] [SEVERE ] cannot read configuration file config.properties trying from resources.
[20:04:54.547] [SEVERE ] configuration file was loaded from resources directory.
[20:04:55.773] [INFO   ] thread dealer starting.
[20:04:55.775] [INFO   ] thread dealer starting.
[20:04:55.776] [INFO   ] thread Thread-1 starting.
[20:04:55.777] [INFO   ] thread Thread-3 starting.
[20:04:55.777] [INFO   ] thread Thread-2 starting.
[20:04:55.778] [INFO   ] thread computer-2 starting.
[20:04:55.777] [INFO   ] thread computer-0 starting.
[20:04:55.777] [INFO   ] thread Thread-6 starting.
[20:04:55.777] [INFO   ] thread Thread-5 starting.
[20:04:55.777] [INFO   ] thread Thread-4 starting.
[20:04:55.782] [INFO   ] thread computer-4 starting.
[20:04:55.782] [INFO   ] thread computer-5 starting.
[20:04:55.778] [INFO   ] thread Thread-10 starting.
[20:04:55.778] [INFO   ] thread Thread-9 starting.
[20:04:55.784] [INFO   ] thread computer-9 starting.
[20:04:55.778] [INFO   ] thread Thread-8 starting.
[20:04:55.778] [INFO   ] thread computer-1 starting.
[20:04:55.778] [INFO   ] thread Thread-7 starting.
[20:04:55.784] [INFO   ] thread computer-7 starting.
[20:04:55.784] [INFO   ] thread computer-8 starting.
[20:04:55.782] [INFO   ] thread computer-3 starting.
[20:04:55.785] [INFO   ] thread computer-6 starting.
[20:04:55.833] [SEVERE ] placing card 17 in slot 0
[20:04:55.884] [SEVERE ] placing card 22 in slot 1
[20:04:55.935] [SEVERE ] placing card 3 in slot 2
[20:04:55.988] [SEVERE ] placing card 35 in slot 3
[20:04:56.039] [SEVERE ] placing card 27 in slot 4
[20:04:56.093] [SEVERE ] placing card 30 in slot 5
[20:04:56.144] [SEVERE ] placing card 20 in slot 6
[20:04:56.195] [SEVERE ] placing card 51 in slot 7
[20:04:56.285] [SEVERE ] placing card 19 in slot 8
[20:04:56.336] [SEVERE ] placing card 69 in slot 9
[20:04:56.387] [SEVERE ] placing card 33 in slot 10
[20:04:56.443] [SEVERE ] placing card 80 in slot 11
[20:04:56.444] [SEVERE ] updating countdown to 20000
[20:04:56.471] [SEVERE ] updating countdown to 19973
[20:04:56.486] [SEVERE ] player 1 placing token on slot 9
[20:04:56.486] [SEVERE ] player 5 placing token on slot 3
[20:04:56.487] [SEVERE ] player 10 placing token on slot 3
[20:04:56.486] [SEVERE ] player 2 placing token on slot 9
[20:04:56.486] [SEVERE ] player 6 placing token on slot 7
[20:04:56.486] [SEVERE ] player 3 placing token on slot 1
[20:04:56.499] [SEVERE ] updating countdown to 19945
[20:04:56.488] [SEVERE ] player 7 placing token on slot 8
[20:04:56.488] [SEVERE ] player 9 placing token on slot 6
[20:04:56.488] [SEVERE ] player 4 placing token on slot 6
[20:04:56.487] [SEVERE ] player 8 placing token on slot 8
[20:04:56.537] [SEVERE ] player 10 placing token on slot 2
[20:04:56.537] [SEVERE ] player 2 placing token on slot 1
[20:04:56.536] [SEVERE ] player 3 placing token on slot 5
[20:04:56.536] [SEVERE ] removing player 5 token from slot 3
[20:04:56.536] [SEVERE ] player 6 placing token on slot 1
[20:04:56.536] [SEVERE ] player 1 placing token on slot 7
[20:04:56.559] [SEVERE ] updating countdown to 19885
[20:04:56.584] [SEVERE ] updating countdown to 19860
[20:04:56.586] [SEVERE ] player 1 placing token on slot 6
[20:04:56.588] [SEVERE ] player 4 placing token on slot 2
[20:04:56.587] [SEVERE ] player 10 placing token on slot 9
[20:04:56.587] [SEVERE ] player 2 placing token on slot 7
[20:04:56.586] [SEVERE ] player 3 placing token on slot 11
[20:04:56.586] [SEVERE ] removing player 6 token from slot 1
[20:04:56.586] [SEVERE ] player 5 placing token on slot 8
[20:04:56.638] [SEVERE ] player 4 placing token on slot 8
[20:04:56.589] [SEVERE ] removing player 7 token from slot 8
[20:04:56.588] [SEVERE ] updating countdown to 19856
[20:04:56.588] [SEVERE ] player 9 placing token on slot 7
[20:04:56.588] [SEVERE ] player 8 placing token on slot 10
[20:04:56.660] [SEVERE ] setting player 3 freeze to 0
[20:04:56.660] [SEVERE ] setting player 4 freeze to 0
[20:04:56.660] [SEVERE ] setting player 10 freeze to 0
[20:04:56.660] [SEVERE ] setting player 2 freeze to 0
[20:04:56.660] [SEVERE ] setting player 1 freeze to 0
[20:04:56.685] [SEVERE ] updating countdown to 19759
[20:04:56.686] [SEVERE ] setting player 1 freeze to -26
[20:04:56.688] [SEVERE ] removing player 10 token from slot 9
[20:04:56.687] [SEVERE ] player 6 placing token on slot 9
[20:04:56.689] [SEVERE ] player 7 placing token on slot 1
[20:04:56.689] [SEVERE ] player 9 placing token on slot 4
[20:04:56.688] [SEVERE ] removing player 8 token from slot 10
[20:04:56.688] [SEVERE ] setting player 1 freeze to 0
[20:04:56.688] [SEVERE ] player 5 placing token on slot 5
[20:04:56.692] [SEVERE ] setting player 2 freeze to -32
[20:04:56.692] [SEVERE ] setting player 2 freeze to 0
[20:04:56.693] [SEVERE ] setting player 3 freeze to -33
[20:04:56.693] [SEVERE ] setting player 3 freeze to 0
[20:04:56.693] [SEVERE ] setting player 4 freeze to -33
[20:04:56.694] [SEVERE ] setting player 4 freeze to 0
[20:04:56.694] [SEVERE ] setting player 10 freeze to -34
[20:04:56.694] [SEVERE ] setting player 10 freeze to 0
[20:04:56.695] [SEVERE ] setting player 9 freeze to 0
[20:04:56.720] [SEVERE ] updating countdown to 19724
[20:04:56.721] [SEVERE ] setting player 9 freeze to -26
[20:04:56.722] [SEVERE ] setting player 9 freeze to 0
[20:04:56.737] [SEVERE ] player 6 placing token on slot 1
[20:04:56.738] [SEVERE ] player 10 placing token on slot 1
[20:04:56.737] [SEVERE ] player 5 placing token on slot 6
[20:04:56.739] [SEVERE ] player 7 placing token on slot 0
[20:04:56.739] [SEVERE ] player 8 placing token on slot 7
[20:04:56.738] [SEVERE ] updating countdown to 19706
[20:04:56.745] [SEVERE ] setting player 6 freeze to 0
[20:04:56.746] [SEVERE ] setting player 5 freeze to 0
[20:04:56.746] [SEVERE ] setting player 10 freeze to 0
[20:04:56.771] [SEVERE ] updating countdown to 19673
[20:04:56.772] [SEVERE ] setting player 5 freeze to -27
[20:04:56.772] [SEVERE ] setting player 5 freeze to 0
[20:04:56.773] [SEVERE ] setting player 6 freeze to -28
[20:04:56.774] [SEVERE ] setting player 6 freeze to 0
[20:04:56.775] [SEVERE ] setting player 10 freeze to -30
[20:04:56.775] [SEVERE ] setting player 10 freeze to 0
[20:04:56.788] [SEVERE ] removing player 3 token from slot 1
[20:04:56.789] [SEVERE ] player 8 placing token on slot 3
[20:04:56.790] [SEVERE ] updating countdown to 19654
[20:04:56.790] [SEVERE ] removing player 7 token from slot 1
[20:04:56.818] [SEVERE ] updating countdown to 19627
[20:04:56.792] [SEVERE ] setting player 8 freeze to 0
[20:04:56.837] [SEVERE ] setting player 8 freeze to -45
[20:04:56.839] [SEVERE ] setting player 8 freeze to 0
[20:04:56.838] [SEVERE ] player 3 placing token on slot 1
[20:04:56.840] [SEVERE ] player 7 placing token on slot 3
[20:04:56.839] [SEVERE ] removing player 4 token from slot 8
[20:04:56.839] [SEVERE ] removing player 8 token from slot 7
[20:04:56.841] [SEVERE ] updating countdown to 19603
[20:04:56.842] [SEVERE ] setting player 3 freeze to 0
[20:04:56.868] [SEVERE ] updating countdown to 19576
[20:04:56.870] [SEVERE ] setting player 3 freeze to -27
[20:04:56.870] [SEVERE ] setting player 3 freeze to 0
[20:04:56.888] [SEVERE ] removing player 1 token from slot 6
[20:04:56.889] [SEVERE ] removing player 4 token from slot 2
[20:04:56.889] [SEVERE ] removing player 9 token from slot 4
[20:04:56.889] [SEVERE ] removing player 8 token from slot 8
[20:04:56.888] [SEVERE ] removing player 3 token from slot 1
[20:04:56.888] [SEVERE ] removing player 6 token from slot 7
[20:04:56.891] [SEVERE ] player 7 placing token on slot 4
[20:04:56.896] [SEVERE ] updating countdown to 19548
[20:04:56.897] [SEVERE ] setting player 7 freeze to 0
[20:04:56.922] [SEVERE ] updating countdown to 19522
[20:04:56.927] [SEVERE ] setting player 7 freeze to -30
[20:04:56.929] [SEVERE ] setting player 7 freeze to 0
[20:04:56.938] [SEVERE ] player 6 placing token on slot 10
[20:04:56.940] [SEVERE ] player 4 placing token on slot 7
[20:04:56.939] [SEVERE ] removing player 8 token from slot 3
[20:04:56.938] [SEVERE ] player 3 placing token on slot 8
[20:04:56.938] [SEVERE ] removing player 1 token from slot 7
[20:04:56.940] [SEVERE ] updating countdown to 19504
[20:04:56.940] [SEVERE ] player 9 placing token on slot 11
[20:04:56.943] [SEVERE ] setting player 3 freeze to 0
[20:04:56.943] [SEVERE ] setting player 6 freeze to 0
[20:04:56.943] [SEVERE ] updating countdown to 19501
[20:04:56.944] [SEVERE ] setting player 3 freeze to -1
[20:04:56.945] [SEVERE ] setting player 3 freeze to 0
[20:04:56.945] [SEVERE ] setting player 6 freeze to -2
[20:04:56.945] [SEVERE ] setting player 6 freeze to 0
[20:04:56.946] [SEVERE ] setting player 9 freeze to 0
[20:04:56.971] [SEVERE ] updating countdown to 19473
[20:04:56.971] [SEVERE ] setting player 9 freeze to -25
[20:04:56.972] [SEVERE ] setting player 9 freeze to 0
[20:04:56.988] [SEVERE ] player 1 placing token on slot 6
[20:04:56.989] [SEVERE ] removing player 5 token from slot 6
[20:04:56.989] [SEVERE ] removing player 10 token from slot 3
[20:04:56.990] [SEVERE ] player 8 placing token on slot 6
[20:04:56.990] [SEVERE ] player 4 placing token on slot 5
[20:04:56.992] [SEVERE ] updating countdown to 19452
[20:04:56.992] [SEVERE ] setting player 4 freeze to 0
[20:04:57.018] [SEVERE ] updating countdown to 19426
[20:04:57.018] [SEVERE ] setting player 4 freeze to -26
[20:04:57.019] [SEVERE ] setting player 4 freeze to 0
[20:04:57.039] [SEVERE ] removing player 1 token from slot 6
[20:04:57.040] [SEVERE ] player 8 placing token on slot 4
[20:04:57.039] [SEVERE ] player 10 placing token on slot 4
[20:04:57.039] [SEVERE ] player 5 placing token on slot 0
[20:04:57.039] [SEVERE ] removing player 6 token from slot 9
[20:04:57.041] [SEVERE ] updating countdown to 19403
[20:04:57.043] [SEVERE ] setting player 10 freeze to 0
[20:04:57.043] [SEVERE ] setting player 5 freeze to 0
[20:04:57.069] [SEVERE ] updating countdown to 19376
[20:04:57.069] [SEVERE ] setting player 5 freeze to -26
[20:04:57.070] [SEVERE ] setting player 5 freeze to 0
[20:04:57.070] [SEVERE ] setting player 10 freeze to -27
[20:04:57.071] [SEVERE ] setting player 10 freeze to 0
[20:04:57.089] [SEVERE ] player 1 placing token on slot 4
[20:04:57.097] [SEVERE ] updating countdown to 19347
[20:04:57.091] [SEVERE ] removing player 4 token from slot 7
[20:04:57.090] [SEVERE ] player 8 placing token on slot 0
[20:04:57.089] [SEVERE ] player 6 placing token on slot 7
[20:04:57.111] [SEVERE ] updating countdown to 19333
[20:04:57.112] [SEVERE ] setting player 6 freeze to 0
[20:04:57.112] [SEVERE ] setting player 8 freeze to 0
[20:04:57.137] [SEVERE ] updating countdown to 19307
[20:04:57.139] [SEVERE ] setting player 6 freeze to -27
[20:04:57.139] [SEVERE ] setting player 6 freeze to 0
[20:04:57.139] [SEVERE ] player 1 placing token on slot 11
[20:04:57.140] [SEVERE ] removing player 8 token from slot 4
[20:04:57.140] [SEVERE ] setting player 8 freeze to -28
[20:04:57.141] [SEVERE ] player 4 placing token on slot 8
[20:04:57.143] [SEVERE ] setting player 8 freeze to 0
[20:04:57.144] [SEVERE ] setting player 1 freeze to 0
[20:04:57.144] [SEVERE ] setting player 4 freeze to 0
[20:04:57.169] [SEVERE ] updating countdown to 19275
[20:04:57.170] [SEVERE ] setting player 1 freeze to -26
[20:04:57.171] [SEVERE ] setting player 1 freeze to 0
[20:04:57.172] [SEVERE ] setting player 4 freeze to -28
[20:04:57.173] [SEVERE ] setting player 4 freeze to 0
[20:04:57.190] [SEVERE ] removing player 2 token from slot 7
[20:04:57.190] [SEVERE ] player 8 placing token on slot 10
[20:04:57.190] [SEVERE ] removing player 10 token from slot 4
[20:04:57.193] [SEVERE ] updating countdown to 19251
[20:04:57.196] [SEVERE ] setting player 8 freeze to 0
[20:04:57.221] [SEVERE ] updating countdown to 19223
[20:04:57.222] [SEVERE ] setting player 8 freeze to -26
[20:04:57.222] [SEVERE ] setting player 8 freeze to 0
[20:04:57.239] [SEVERE ] removing player 1 token from slot 11
[20:04:57.240] [SEVERE ] removing player 6 token from slot 7
[20:04:57.242] [SEVERE ] removing player 7 token from slot 4
[20:04:57.241] [SEVERE ] player 10 placing token on slot 4
[20:04:57.240] [SEVERE ] player 2 placing token on slot 7
[20:04:57.245] [SEVERE ] updating countdown to 19199
[20:04:57.246] [SEVERE ] setting player 10 freeze to 0
[20:04:57.246] [SEVERE ] setting player 2 freeze to 0
[20:04:57.272] [SEVERE ] updating countdown to 19172
[20:04:57.274] [SEVERE ] setting player 2 freeze to -28
[20:04:57.274] [SEVERE ] setting player 2 freeze to 0
[20:04:57.275] [SEVERE ] setting player 10 freeze to -29
[20:04:57.275] [SEVERE ] setting player 10 freeze to 0
[20:04:57.289] [SEVERE ] player 1 placing token on slot 8
[20:04:57.290] [SEVERE ] player 6 placing token on slot 4
[20:04:57.291] [SEVERE ] removing player 8 token from slot 6
[20:04:57.290] [SEVERE ] updating countdown to 19154
[20:04:57.292] [SEVERE ] setting player 1 freeze to 0
[20:04:57.292] [SEVERE ] player 7 placing token on slot 7
[20:04:57.292] [SEVERE ] setting player 6 freeze to 0
[20:04:57.293] [SEVERE ] updating countdown to 19151
[20:04:57.295] [SEVERE ] setting player 1 freeze to -2
[20:04:57.295] [SEVERE ] setting player 1 freeze to 0
[20:04:57.296] [SEVERE ] setting player 6 freeze to -4
[20:04:57.296] [SEVERE ] setting player 6 freeze to 0
[20:04:57.297] [SEVERE ] setting player 7 freeze to 0
[20:04:57.322] [SEVERE ] updating countdown to 19122
[20:04:57.341] [SEVERE ] player 8 placing token on slot 6
[20:04:57.349] [SEVERE ] setting player 7 freeze to -52
[20:04:57.350] [SEVERE ] setting player 7 freeze to 0
[20:04:57.351] [SEVERE ] setting player 8 freeze to 0
[20:04:57.376] [SEVERE ] updating countdown to 19068
[20:04:57.377] [SEVERE ] setting player 8 freeze to -26
[20:04:57.377] [SEVERE ] setting player 8 freeze to 0
[20:04:57.390] [SEVERE ] removing player 6 token from slot 1
[20:04:57.391] [SEVERE ] removing player 4 token from slot 5
[20:04:57.403] [SEVERE ] updating countdown to 19041
[20:04:57.429] [SEVERE ] updating countdown to 19015
[20:04:57.441] [SEVERE ] player 6 placing token on slot 5
[20:04:57.441] [SEVERE ] removing player 4 token from slot 8
[20:04:57.441] [SEVERE ] removing player 8 token from slot 6
[20:04:57.441] [SEVERE ] removing player 2 token from slot 1
[20:04:57.442] [SEVERE ] updating countdown to 19002
[20:04:57.491] [SEVERE ] removing player 1 token from slot 8
[20:04:57.501] [SEVERE ] removing player 1 token from slot 4
[20:04:57.492] [SEVERE ] player 4 placing token on slot 5
[20:04:57.491] [SEVERE ] player 8 placing token on slot 1
[20:04:57.491] [SEVERE ] player 2 placing token on slot 10
[20:04:57.506] [SEVERE ] removing player 6 token from slot 4
[20:04:57.508] [SEVERE ] removing player 10 token from slot 4
[20:04:57.509] [SEVERE ] removing card from slot 4
[20:04:57.541] [SEVERE ] player 1 placing token on slot 7
[20:04:57.542] [SEVERE ] player 10 placing token on slot 9
[20:04:57.542] [SEVERE ] player 4 placing token on slot 2
[20:04:57.542] [SEVERE ] removing player 9 token from slot 7
[20:04:57.541] [SEVERE ] removing player 5 token from slot 0
[20:04:57.559] [SEVERE ] removing player 3 token from slot 5
[20:04:57.560] [SEVERE ] removing player 4 token from slot 5
[20:04:57.560] [SEVERE ] removing player 5 token from slot 5
[20:04:57.561] [SEVERE ] removing player 6 token from slot 5
[20:04:57.561] [SEVERE ] removing card from slot 5
[20:04:57.591] [SEVERE ] player 3 placing token on slot 0
[20:04:57.612] [SEVERE ] removing player 2 token from slot 10
[20:04:57.619] [SEVERE ] removing player 6 token from slot 10
[20:04:57.592] [SEVERE ] player 9 placing token on slot 9
[20:04:57.592] [SEVERE ] player 5 placing token on slot 3
[20:04:57.591] [SEVERE ] player 1 placing token on slot 3
[20:04:57.620] [SEVERE ] removing player 8 token from slot 10
[20:04:57.622] [SEVERE ] removing card from slot 10
[20:04:57.623] [SEVERE ] updating countdown to 20000
[20:04:57.623] [SEVERE ] setting player 6 score to 1
[20:04:57.624] [SEVERE ] setting player 6 freeze to 0
[20:04:57.641] [SEVERE ] player 6 placing token on slot 1
[20:04:57.642] [SEVERE ] player 5 placing token on slot 0
[20:04:57.673] [SEVERE ] placing card 36 in slot 4
[20:04:57.691] [SEVERE ] player 6 placing token on slot 9
[20:04:57.693] [SEVERE ] removing player 7 token from slot 0
[20:04:57.725] [SEVERE ] placing card 78 in slot 5
[20:04:57.741] [SEVERE ] removing player 6 token from slot 9
[20:04:57.743] [SEVERE ] player 7 placing token on slot 5
[20:04:57.778] [SEVERE ] placing card 21 in slot 10
[20:04:57.792] [SEVERE ] player 6 placing token on slot 3
[20:04:57.804] [SEVERE ] updating countdown to 19819
[20:04:57.805] [SEVERE ] setting player 6 freeze to -182
[20:04:57.805] [SEVERE ] setting player 6 freeze to 0
[20:04:57.806] [SEVERE ] setting player 10 freeze to 0
[20:04:57.806] [SEVERE ] setting player 5 freeze to 0
[20:04:57.806] [SEVERE ] setting player 1 freeze to 0
[20:04:57.806] [SEVERE ] setting player 7 freeze to 0
[20:04:57.806] [SEVERE ] setting player 9 freeze to 0
[20:04:57.806] [SEVERE ] setting player 3 freeze to 0
[20:04:57.831] [SEVERE ] updating countdown to 19792
[20:04:57.832] [SEVERE ] setting player 1 freeze to -26
[20:04:57.832] [SEVERE ] setting player 1 freeze to 0
[20:04:57.833] [SEVERE ] setting player 3 freeze to -27
[20:04:57.833] [SEVERE ] setting player 3 freeze to 0
[20:04:57.835] [SEVERE ] setting player 5 freeze to -29
[20:04:57.835] [SEVERE ] setting player 5 freeze to 0
[20:04:57.836] [SEVERE ] setting player 7 freeze to -30
[20:04:57.837] [SEVERE ] setting player 7 freeze to 0
[20:04:57.840] [SEVERE ] setting player 9 freeze to -34
[20:04:57.840] [SEVERE ] setting player 9 freeze to 0
[20:04:57.840] [SEVERE ] setting player 10 freeze to -34
[20:04:57.841] [SEVERE ] setting player 10 freeze to 0
[20:04:57.842] [SEVERE ] removing player 1 token from slot 9
[20:04:57.842] [SEVERE ] player 8 placing token on slot 10
[20:04:57.843] [SEVERE ] removing player 4 token from slot 6
[20:04:57.842] [SEVERE ] player 2 placing token on slot 2
[20:04:57.842] [SEVERE ] player 6 placing token on slot 2
[20:04:57.844] [SEVERE ] removing player 7 token from slot 5
[20:04:57.843] [SEVERE ] updating countdown to 19780
[20:04:57.842] [SEVERE ] removing player 9 token from slot 11
[20:04:57.844] [SEVERE ] setting player 6 freeze to 0
[20:04:57.844] [SEVERE ] setting player 2 freeze to 0
[20:04:57.844] [SEVERE ] setting player 8 freeze to 0
[20:04:57.869] [SEVERE ] updating countdown to 19754
[20:04:57.870] [SEVERE ] setting player 2 freeze to -26
[20:04:57.871] [SEVERE ] setting player 2 freeze to 0
[20:04:57.871] [SEVERE ] setting player 6 freeze to -27
[20:04:57.872] [SEVERE ] setting player 6 freeze to 0
[20:04:57.872] [SEVERE ] setting player 8 freeze to -28
[20:04:57.873] [SEVERE ] setting player 8 freeze to 0
[20:04:57.892] [SEVERE ] removing player 3 token from slot 11
[20:04:57.899] [SEVERE ] updating countdown to 19724
[20:04:57.894] [SEVERE ] player 7 placing token on slot 1
[20:04:57.893] [SEVERE ] player 4 placing token on slot 0
[20:04:57.892] [SEVERE ] removing player 1 token from slot 7
[20:04:57.893] [SEVERE ] player 9 placing token on slot 10
[20:04:57.893] [SEVERE ] removing player 6 token from slot 3
[20:04:57.901] [SEVERE ] updating countdown to 19722
[20:04:57.904] [SEVERE ] setting player 7 freeze to 0
[20:04:57.904] [SEVERE ] setting player 9 freeze to 0
[20:04:57.929] [SEVERE ] updating countdown to 19694
[20:04:57.930] [SEVERE ] setting player 7 freeze to -26
[20:04:57.931] [SEVERE ] setting player 7 freeze to 0
[20:04:57.931] [SEVERE ] setting player 9 freeze to -27
[20:04:57.937] [SEVERE ] setting player 9 freeze to 0
[20:04:57.942] [SEVERE ] player 3 placing token on slot 4
[20:04:57.942] [SEVERE ] player 6 placing token on slot 4
[20:04:57.942] [SEVERE ] player 1 placing token on slot 7
[20:04:57.944] [SEVERE ] removing player 7 token from slot 7
[20:04:57.943] [SEVERE ] removing player 10 token from slot 1
[20:04:57.943] [SEVERE ] player 4 placing token on slot 1
[20:04:57.943] [SEVERE ] updating countdown to 19680
[20:04:57.948] [SEVERE ] setting player 3 freeze to 0
[20:04:57.948] [SEVERE ] setting player 4 freeze to 0
[20:04:57.948] [SEVERE ] setting player 6 freeze to 0
[20:04:57.973] [SEVERE ] updating countdown to 19650
[20:04:57.973] [SEVERE ] setting player 3 freeze to -26
[20:04:57.973] [SEVERE ] setting player 3 freeze to 0
[20:04:57.974] [SEVERE ] setting player 4 freeze to -26
[20:04:57.974] [SEVERE ] setting player 4 freeze to 0
[20:04:57.974] [SEVERE ] setting player 6 freeze to -27
[20:04:57.975] [SEVERE ] setting player 6 freeze to 0
[20:04:57.992] [SEVERE ] removing player 1 token from slot 7
[20:04:57.994] [SEVERE ] removing player 7 token from slot 3
[20:04:57.993] [SEVERE ] player 10 placing token on slot 8
[20:04:57.996] [SEVERE ] updating countdown to 19627
[20:04:57.997] [SEVERE ] setting player 10 freeze to 0
[20:04:58.022] [SEVERE ] updating countdown to 19601
[20:04:58.025] [SEVERE ] setting player 10 freeze to -28
[20:04:58.025] [SEVERE ] setting player 10 freeze to 0
[20:04:58.043] [SEVERE ] player 1 placing token on slot 4
[20:04:58.044] [SEVERE ] player 7 placing token on slot 11
[20:04:58.043] [SEVERE ] removing player 8 token from slot 10
[20:04:58.051] [SEVERE ] updating countdown to 19572
[20:04:58.077] [SEVERE ] updating countdown to 19546
[20:04:58.093] [SEVERE ] player 1 placing token on slot 9
[20:04:58.095] [SEVERE ] player 7 placing token on slot 5
[20:04:58.094] [SEVERE ] removing player 10 token from slot 8
[20:04:58.093] [SEVERE ] player 8 placing token on slot 4
[20:04:58.096] [SEVERE ] updating countdown to 19527
[20:04:58.104] [SEVERE ] setting player 1 freeze to 0
[20:04:58.105] [SEVERE ] setting player 8 freeze to 0
[20:04:58.105] [SEVERE ] setting player 7 freeze to 0
[20:04:58.130] [SEVERE ] updating countdown to 19493
[20:04:58.145] [SEVERE ] setting player 1 freeze to -41
[20:04:58.146] [SEVERE ] setting player 1 freeze to 0
[20:04:58.147] [SEVERE ] setting player 7 freeze to -43
[20:04:58.147] [SEVERE ] setting player 7 freeze to 0
[20:04:58.147] [SEVERE ] setting player 8 freeze to -43
[20:04:58.144] [SEVERE ] player 10 placing token on slot 6
[20:04:58.148] [SEVERE ] setting player 8 freeze to 0
[20:04:58.145] [SEVERE ] removing player 7 token from slot 5
[20:04:58.149] [SEVERE ] setting player 10 freeze to 0
[20:04:58.174] [SEVERE ] updating countdown to 19449
[20:04:58.175] [SEVERE ] setting player 10 freeze to -26
[20:04:58.175] [SEVERE ] setting player 10 freeze to 0
[20:04:58.194] [SEVERE ] removing player 8 token from slot 0
[20:04:58.195] [SEVERE ] removing player 4 token from slot 0
[20:04:58.196] [SEVERE ] player 7 placing token on slot 6
[20:04:58.196] [SEVERE ] updating countdown to 19427
[20:04:58.197] [SEVERE ] setting player 7 freeze to 0
[20:04:58.223] [SEVERE ] updating countdown to 19400
[20:04:58.237] [SEVERE ] setting player 7 freeze to -40
[20:04:58.238] [SEVERE ] setting player 7 freeze to 0
[20:04:58.244] [SEVERE ] player 8 placing token on slot 6
[20:04:58.244] [SEVERE ] removing player 2 token from slot 9
[20:04:58.245] [SEVERE ] player 4 placing token on slot 0
[20:04:58.245] [SEVERE ] updating countdown to 19378
[20:04:58.249] [SEVERE ] setting player 8 freeze to 0
[20:04:58.249] [SEVERE ] setting player 4 freeze to 0
[20:04:58.274] [SEVERE ] updating countdown to 19349
[20:04:58.295] [SEVERE ] player 2 placing token on slot 10
[20:04:58.294] [SEVERE ] removing player 8 token from slot 1
[20:04:58.347] [SEVERE ] removing player 7 token from slot 1
[20:04:58.299] [SEVERE ] setting player 4 freeze to -50
[20:04:58.352] [SEVERE ] setting player 4 freeze to 0
[20:04:58.352] [SEVERE ] setting player 8 freeze to -103
[20:04:58.353] [SEVERE ] setting player 8 freeze to 0
[20:04:58.353] [SEVERE ] setting player 2 freeze to 0
[20:04:58.379] [SEVERE ] updating countdown to 19244
[20:04:58.379] [SEVERE ] setting player 2 freeze to -26
[20:04:58.380] [SEVERE ] setting player 2 freeze to 0
[20:04:58.395] [SEVERE ] player 8 placing token on slot 1
[20:04:58.395] [SEVERE ] removing player 10 token from slot 9
[20:04:58.397] [SEVERE ] player 7 placing token on slot 1
[20:04:58.396] [SEVERE ] updating countdown to 19227
[20:04:58.399] [SEVERE ] setting player 8 freeze to 0
[20:04:58.399] [SEVERE ] setting player 7 freeze to 0
[20:04:58.424] [SEVERE ] updating countdown to 19199
[20:04:58.425] [SEVERE ] setting player 7 freeze to -26
[20:04:58.426] [SEVERE ] setting player 7 freeze to 0
[20:04:58.427] [SEVERE ] setting player 8 freeze to -28
[20:04:58.427] [SEVERE ] setting player 8 freeze to 0
[20:04:58.445] [SEVERE ] removing player 3 token from slot 4
[20:04:58.445] [SEVERE ] player 10 placing token on slot 1
[20:04:58.445] [SEVERE ] removing player 2 token from slot 10
[20:04:58.446] [SEVERE ] updating countdown to 19177
[20:04:58.448] [SEVERE ] setting player 10 freeze to 0
[20:04:58.473] [SEVERE ] updating countdown to 19150
[20:04:58.473] [SEVERE ] setting player 10 freeze to -25
[20:04:58.474] [SEVERE ] setting player 10 freeze to 0
[20:04:58.495] [SEVERE ] player 3 placing token on slot 5
[20:04:58.496] [SEVERE ] removing player 5 token from slot 3
[20:04:58.497] [SEVERE ] removing player 7 token from slot 11
[20:04:58.495] [SEVERE ] player 2 placing token on slot 3
[20:04:58.496] [SEVERE ] updating countdown to 19127
[20:04:58.498] [SEVERE ] setting player 3 freeze to 0
[20:04:58.498] [SEVERE ] setting player 2 freeze to 0
[20:04:58.524] [SEVERE ] updating countdown to 19099
[20:04:58.524] [SEVERE ] setting player 2 freeze to -26
[20:04:58.524] [SEVERE ] setting player 2 freeze to 0
[20:04:58.525] [SEVERE ] setting player 3 freeze to -27
[20:04:58.525] [SEVERE ] setting player 3 freeze to 0
[20:04:58.546] [SEVERE ] removing player 10 token from slot 2
[20:04:58.547] [SEVERE ] player 7 placing token on slot 9
[20:04:58.546] [SEVERE ] removing player 1 token from slot 9
[20:04:58.546] [SEVERE ] removing player 4 token from slot 1
[20:04:58.546] [SEVERE ] removing player 5 token from slot 0
[20:04:58.550] [SEVERE ] updating countdown to 19073
[20:04:58.552] [SEVERE ] setting player 7 freeze to 0
[20:04:58.577] [SEVERE ] updating countdown to 19046
[20:04:58.578] [SEVERE ] setting player 7 freeze to -26
[20:04:58.579] [SEVERE ] setting player 7 freeze to 0
[20:04:58.597] [SEVERE ] player 10 placing token on slot 7
[20:04:58.605] [SEVERE ] updating countdown to 19018
[20:04:58.598] [SEVERE ] player 5 placing token on slot 6
[20:04:58.598] [SEVERE ] removing player 4 token from slot 2
[20:04:58.597] [SEVERE ] player 1 placing token on slot 10
[20:04:58.634] [SEVERE ] setting player 10 freeze to 0
[20:04:58.636] [SEVERE ] updating countdown to 18987
[20:04:58.638] [SEVERE ] setting player 10 freeze to -4
[20:04:58.638] [SEVERE ] setting player 10 freeze to 0
[20:04:58.638] [SEVERE ] setting player 1 freeze to 0
[20:04:58.647] [SEVERE ] removing player 6 token from slot 2
[20:04:58.647] [SEVERE ] removing player 10 token from slot 6
[20:04:58.647] [SEVERE ] removing player 2 token from slot 3
[20:04:58.647] [SEVERE ] player 4 placing token on slot 9
[20:04:58.648] [SEVERE ] player 5 placing token on slot 10
[20:04:58.648] [SEVERE ] removing player 3 token from slot 8
[20:04:58.649] [SEVERE ] updating countdown to 18974
[20:04:58.650] [SEVERE ] setting player 1 freeze to -12
[20:04:58.651] [SEVERE ] setting player 1 freeze to 0
[20:04:58.652] [SEVERE ] setting player 5 freeze to 0
[20:04:58.677] [SEVERE ] updating countdown to 18946
[20:04:58.679] [SEVERE ] setting player 5 freeze to -27
[20:04:58.680] [SEVERE ] setting player 5 freeze to 0
[20:04:58.697] [SEVERE ] player 6 placing token on slot 8
[20:04:58.698] [SEVERE ] player 3 placing token on slot 6
[20:04:58.697] [SEVERE ] player 10 placing token on slot 0
[20:04:58.697] [SEVERE ] player 2 placing token on slot 5
[20:04:58.697] [SEVERE ] removing player 4 token from slot 9
[20:04:58.698] [SEVERE ] updating countdown to 18925
[20:04:58.703] [SEVERE ] setting player 3 freeze to 0
[20:04:58.703] [SEVERE ] setting player 2 freeze to 0
[20:04:58.703] [SEVERE ] setting player 6 freeze to 0
[20:04:58.703] [SEVERE ] setting player 10 freeze to 0
[20:04:58.728] [SEVERE ] updating countdown to 18895
[20:04:58.731] [SEVERE ] setting player 2 freeze to -28
[20:04:58.733] [SEVERE ] setting player 2 freeze to 0
[20:04:58.736] [SEVERE ] setting player 3 freeze to -33
[20:04:58.737] [SEVERE ] setting player 3 freeze to 0
[20:04:58.737] [SEVERE ] setting player 6 freeze to -34
[20:04:58.738] [SEVERE ] setting player 6 freeze to 0
[20:04:58.739] [SEVERE ] setting player 10 freeze to -36
[20:04:58.740] [SEVERE ] setting player 10 freeze to 0
[20:04:58.747] [SEVERE ] removing player 8 token from slot 1
[20:04:58.748] [SEVERE ] removing player 10 token from slot 7
[20:04:58.747] [SEVERE ] player 4 placing token on slot 6
[20:04:58.747] [SEVERE ] removing player 9 token from slot 6
[20:04:58.766] [SEVERE ] updating countdown to 18857
[20:04:58.792] [SEVERE ] updating countdown to 18832
[20:04:58.797] [SEVERE ] removing player 6 token from slot 1
[20:04:58.798] [SEVERE ] removing player 7 token from slot 1
[20:04:58.798] [SEVERE ] player 10 placing token on slot 8
[20:04:58.797] [SEVERE ] removing player 9 token from slot 10
[20:04:58.797] [SEVERE ] removing player 1 token from slot 10
[20:04:58.797] [SEVERE ] removing player 8 token from slot 4
[20:04:58.797] [SEVERE ] player 4 placing token on slot 2
[20:04:58.800] [SEVERE ] updating countdown to 18823
[20:04:58.808] [SEVERE ] setting player 10 freeze to 0
[20:04:58.808] [SEVERE ] setting player 4 freeze to 0
[20:04:58.834] [SEVERE ] updating countdown to 18789
[20:04:58.839] [SEVERE ] setting player 4 freeze to -31
[20:04:58.840] [SEVERE ] setting player 4 freeze to 0
[20:04:58.841] [SEVERE ] setting player 10 freeze to -33
[20:04:58.841] [SEVERE ] setting player 10 freeze to 0
[20:04:58.848] [SEVERE ] removing player 2 token from slot 7
[20:04:58.848] [SEVERE ] player 7 placing token on slot 8
[20:04:58.848] [SEVERE ] player 1 placing token on slot 1
[20:04:58.848] [SEVERE ] player 9 placing token on slot 4
[20:04:58.848] [SEVERE ] player 6 placing token on slot 7
[20:04:58.848] [SEVERE ] player 8 placing token on slot 3
[20:04:58.850] [SEVERE ] updating countdown to 18773
[20:04:58.849] [SEVERE ] removing player 5 token from slot 10
[20:04:58.855] [SEVERE ] setting player 6 freeze to 0
[20:04:58.854] [SEVERE ] setting player 7 freeze to 0
[20:04:58.854] [SEVERE ] setting player 1 freeze to 0
[20:04:58.880] [SEVERE ] updating countdown to 18743
[20:04:58.881] [SEVERE ] setting player 1 freeze to -27
[20:04:58.881] [SEVERE ] setting player 1 freeze to 0
[20:04:58.882] [SEVERE ] setting player 6 freeze to -28
[20:04:58.882] [SEVERE ] setting player 6 freeze to 0
[20:04:58.883] [SEVERE ] setting player 7 freeze to -29
[20:04:58.883] [SEVERE ] setting player 7 freeze to 0
[20:04:58.898] [SEVERE ] removing player 2 token from slot 2
[20:04:58.909] [SEVERE ] updating countdown to 18714
[20:04:58.899] [SEVERE ] player 5 placing token on slot 11
[20:04:58.898] [SEVERE ] removing player 10 token from slot 1
[20:04:58.898] [SEVERE ] player 9 placing token on slot 2
[20:04:58.898] [SEVERE ] removing player 4 token from slot 6
[20:04:58.898] [SEVERE ] player 8 placing token on slot 9
[20:04:58.898] [SEVERE ] removing player 6 token from slot 7
[20:04:58.913] [SEVERE ] updating countdown to 18710
[20:04:58.916] [SEVERE ] setting player 5 freeze to 0
[20:04:58.916] [SEVERE ] setting player 8 freeze to 0
[20:04:58.916] [SEVERE ] setting player 9 freeze to 0
[20:04:58.941] [SEVERE ] updating countdown to 18682
[20:04:58.942] [SEVERE ] setting player 5 freeze to -26
[20:04:58.943] [SEVERE ] setting player 5 freeze to 0
[20:04:58.944] [SEVERE ] setting player 8 freeze to -28
[20:04:58.944] [SEVERE ] setting player 8 freeze to 0
[20:04:58.945] [SEVERE ] setting player 9 freeze to -29
[20:04:58.946] [SEVERE ] setting player 9 freeze to 0
[20:04:58.948] [SEVERE ] player 2 placing token on slot 0
[20:04:58.948] [SEVERE ] player 10 placing token on slot 4
[20:04:58.949] [SEVERE ] removing player 5 token from slot 11
[20:04:58.948] [SEVERE ] removing player 4 token from slot 2
[20:04:58.948] [SEVERE ] player 6 placing token on slot 10
[20:04:58.949] [SEVERE ] updating countdown to 18674
[20:04:58.965] [SEVERE ] setting player 10 freeze to 0
[20:04:58.965] [SEVERE ] setting player 6 freeze to 0
[20:04:58.990] [SEVERE ] updating countdown to 18633
[20:04:58.991] [SEVERE ] setting player 6 freeze to -26
[20:04:58.991] [SEVERE ] setting player 6 freeze to 0
[20:04:58.992] [SEVERE ] setting player 10 freeze to -27
[20:04:58.992] [SEVERE ] setting player 10 freeze to 0
[20:04:58.998] [SEVERE ] player 2 placing token on slot 9
[20:04:58.998] [SEVERE ] removing player 10 token from slot 4
[20:04:58.998] [SEVERE ] removing player 6 token from slot 8
[20:04:58.998] [SEVERE ] player 4 placing token on slot 8
[20:04:58.999] [SEVERE ] player 5 placing token on slot 0
[20:04:58.999] [SEVERE ] removing player 7 token from slot 9
[20:04:58.999] [SEVERE ] updating countdown to 18624
[20:04:59.004] [SEVERE ] setting player 2 freeze to 0
[20:04:59.004] [SEVERE ] setting player 5 freeze to 0
[20:04:59.029] [SEVERE ] updating countdown to 18594
[20:04:59.030] [SEVERE ] setting player 2 freeze to -26
[20:04:59.030] [SEVERE ] setting player 2 freeze to 0
[20:04:59.031] [SEVERE ] setting player 5 freeze to -27
[20:04:59.031] [SEVERE ] setting player 5 freeze to 0
[20:04:59.048] [SEVERE ] removing player 8 token from slot 9
[20:04:59.049] [SEVERE ] removing player 9 token from slot 4
[20:04:59.048] [SEVERE ] removing player 6 token from slot 4
[20:04:59.048] [SEVERE ] player 4 placing token on slot 1
[20:04:59.048] [SEVERE ] removing player 2 token from slot 5
[20:04:59.050] [SEVERE ] updating countdown to 18573
[20:04:59.049] [SEVERE ] removing player 3 token from slot 5
[20:04:59.049] [SEVERE ] player 7 placing token on slot 4
[20:04:59.049] [SEVERE ] player 10 placing token on slot 2
[20:04:59.052] [SEVERE ] updating countdown to 18571
[20:04:59.051] [SEVERE ] setting player 4 freeze to 0
[20:04:59.053] [SEVERE ] setting player 4 freeze to -2
[20:04:59.054] [SEVERE ] setting player 4 freeze to 0
[20:04:59.055] [SEVERE ] setting player 7 freeze to 0
[20:04:59.098] [SEVERE ] removing player 8 token from slot 6
[20:04:59.100] [SEVERE ] removing player 5 token from slot 6
[20:04:59.099] [SEVERE ] player 3 placing token on slot 10
[20:04:59.099] [SEVERE ] removing player 7 token from slot 8
[20:04:59.099] [SEVERE ] player 9 placing token on slot 1
[20:04:59.099] [SEVERE ] player 6 placing token on slot 4
[20:04:59.098] [SEVERE ] removing player 2 token from slot 0
[20:04:59.105] [SEVERE ] removing player 2 token from slot 0
[20:04:59.112] [SEVERE ] removing player 3 token from slot 0
[20:04:59.113] [SEVERE ] removing player 4 token from slot 0
[20:04:59.113] [SEVERE ] removing player 5 token from slot 0
[20:04:59.114] [SEVERE ] removing player 10 token from slot 0
[20:04:59.114] [SEVERE ] removing card from slot 0
[20:04:59.148] [SEVERE ] player 8 placing token on slot 2
[20:04:59.149] [SEVERE ] player 6 placing token on slot 1
[20:04:59.148] [SEVERE ] player 2 placing token on slot 2
[20:04:59.148] [SEVERE ] player 4 placing token on slot 10
[20:04:59.150] [SEVERE ] player 5 placing token on slot 7
[20:04:59.149] [SEVERE ] player 7 placing token on slot 9
[20:04:59.165] [SEVERE ] removing player 2 token from slot 2
[20:04:59.165] [SEVERE ] removing player 8 token from slot 2
[20:04:59.166] [SEVERE ] removing player 9 token from slot 2
[20:04:59.166] [SEVERE ] removing player 10 token from slot 2
[20:04:59.167] [SEVERE ] removing card from slot 2
[20:04:59.199] [SEVERE ] player 8 placing token on slot 10
[20:04:59.199] [SEVERE ] removing player 1 token from slot 3
[20:04:59.199] [SEVERE ] player 2 placing token on slot 5
[20:04:59.200] [SEVERE ] player 5 placing token on slot 4
[20:04:59.217] [SEVERE ] removing player 4 token from slot 8
[20:04:59.218] [SEVERE ] removing player 5 token from slot 8
[20:04:59.218] [SEVERE ] removing player 10 token from slot 8
[20:04:59.219] [SEVERE ] removing card from slot 8
[20:04:59.219] [SEVERE ] updating countdown to 20000
[20:04:59.220] [SEVERE ] setting player 10 score to 1
[20:04:59.220] [SEVERE ] setting player 10 freeze to 0
[20:04:59.249] [SEVERE ] player 8 placing token on slot 9
[20:04:59.249] [SEVERE ] removing player 1 token from slot 4
[20:04:59.249] [SEVERE ] player 10 placing token on slot 1
[20:04:59.249] [SEVERE ] player 2 placing token on slot 4
[20:04:59.300] [SEVERE ] player 1 placing token on slot 3
[20:04:59.300] [SEVERE ] player 10 placing token on slot 3
[20:04:59.270] [SEVERE ] placing card 47 in slot 0
[20:04:59.350] [SEVERE ] removing player 2 token from slot 5
[20:04:59.350] [SEVERE ] player 1 placing token on slot 4
[20:04:59.350] [SEVERE ] player 10 placing token on slot 4
[20:04:59.378] [SEVERE ] placing card 24 in slot 2
[20:04:59.400] [SEVERE ] player 2 placing token on slot 7
[20:04:59.434] [SEVERE ] placing card 57 in slot 8
[20:04:59.450] [SEVERE ] player 2 placing token on slot 5
[20:04:59.451] [SEVERE ] updating countdown to 19768
[20:04:59.452] [SEVERE ] setting player 7 freeze to -397
[20:04:59.452] [SEVERE ] setting player 7 freeze to 0
[20:04:59.452] [SEVERE ] setting player 10 freeze to -233
[20:04:59.453] [SEVERE ] setting player 10 freeze to 0
[20:04:59.453] [SEVERE ] setting player 6 freeze to 0
[20:04:59.453] [SEVERE ] setting player 10 freeze to 0
[20:04:59.453] [SEVERE ] setting player 1 freeze to 0
[20:04:59.453] [SEVERE ] setting player 7 freeze to 0
[20:04:59.453] [SEVERE ] setting player 8 freeze to 0
[20:04:59.455] [INFO   ] thread dealer terminated.
[20:04:59.500] [SEVERE ] player 4 placing token on slot 0
[20:04:59.500] [SEVERE ] player 9 placing token on slot 6
[20:04:59.500] [SEVERE ] player 3 placing token on slot 11
[20:04:59.501] [SEVERE ] player 5 placing token on slot 9
[20:04:59.601] [SEVERE ] removing player 1 token from slot 4
[20:04:59.652] [SEVERE ] removing player 6 token from slot 1
[20:04:59.652] [SEVERE ] removing player 1 token from slot 1
[20:04:59.702] [SEVERE ] removing player 8 token from slot 9
[20:04:59.703] [SEVERE ] player 1 placing token on slot 0
[20:04:59.703] [SEVERE ] player 6 placing token on slot 11
[20:04:59.702] [SEVERE ] removing player 7 token from slot 4
[20:04:59.752] [SEVERE ] removing player 10 token from slot 3
[20:04:59.754] [SEVERE ] player 1 placing token on slot 9
[20:04:59.753] [SEVERE ] player 7 placing token on slot 0
[20:04:59.753] [SEVERE ] player 8 placing token on slot 7
[20:04:59.803] [SEVERE ] player 10 placing token on slot 11
[20:05:04.455] [SEVERE ] thanks for playing... it was fun!
[20:05:04.458] [INFO   ] thread bguspl.set.Main.main() terminated.
[20:05:04.459] [SEVERE ] disposing of user interface elements
