[19:08:36.953] [INFO   ] thread bguspl.set.Main.main() starting.
[19:08:36.967] [SEVERE ] cannot read configuration file config.properties trying from resources.
[19:08:36.974] [SEVERE ] configuration file was loaded from resources directory.
[19:08:38.315] [INFO   ] thread dealer starting.
[19:08:38.317] [INFO   ] thread dealer starting.
[19:08:38.319] [INFO   ] thread Thread-1 starting.
[19:08:38.319] [INFO   ] thread Thread-2 starting.
[19:08:38.319] [INFO   ] thread Thread-3 starting.
[19:08:38.320] [INFO   ] thread Thread-4 starting.
[19:08:38.321] [INFO   ] thread computer-2 starting.
[19:08:38.322] [INFO   ] thread computer-3 starting.
[19:08:38.425] [SEVERE ] placing card 75 in slot 0
[19:08:38.528] [SEVERE ] placing card 65 in slot 1
[19:08:38.630] [SEVERE ] placing card 25 in slot 2
[19:08:38.762] [SEVERE ] placing card 33 in slot 3
[19:08:38.867] [SEVERE ] placing card 73 in slot 4
[19:08:38.968] [SEVERE ] placing card 35 in slot 5
[19:08:39.069] [SEVERE ] placing card 31 in slot 6
[19:08:39.174] [SEVERE ] placing card 42 in slot 7
[19:08:39.276] [SEVERE ] placing card 17 in slot 8
[19:08:39.377] [SEVERE ] placing card 2 in slot 9
[19:08:39.494] [SEVERE ] placing card 36 in slot 10
[19:08:39.608] [SEVERE ] placing card 55 in slot 11
[19:08:39.615] [SEVERE ] updating countdown to 60000
[19:08:39.676] [SEVERE ] updating countdown to 59939
[19:08:39.702] [SEVERE ] updating countdown to 59913
[19:08:39.729] [SEVERE ] updating countdown to 59886
[19:08:39.758] [SEVERE ] updating countdown to 59858
[19:08:39.798] [SEVERE ] updating countdown to 59817
[19:08:39.825] [SEVERE ] updating countdown to 59790
[19:08:39.876] [SEVERE ] updating countdown to 59739
[19:08:39.902] [SEVERE ] updating countdown to 59713
[19:08:39.928] [SEVERE ] updating countdown to 59687
[19:08:39.954] [SEVERE ] updating countdown to 59661
[19:08:39.980] [SEVERE ] updating countdown to 59636
[19:08:40.006] [SEVERE ] updating countdown to 59609
[19:08:40.032] [SEVERE ] updating countdown to 59583
[19:08:40.058] [SEVERE ] updating countdown to 59557
[19:08:40.084] [SEVERE ] updating countdown to 59531
[19:08:40.111] [SEVERE ] updating countdown to 59505
[19:08:40.138] [SEVERE ] updating countdown to 59477
[19:08:40.164] [SEVERE ] updating countdown to 59451
[19:08:40.191] [SEVERE ] updating countdown to 59424
[19:08:40.216] [SEVERE ] updating countdown to 59399
[19:08:40.242] [SEVERE ] updating countdown to 59373
[19:08:40.269] [SEVERE ] updating countdown to 59346
[19:08:40.295] [SEVERE ] updating countdown to 59320
[19:08:40.323] [SEVERE ] updating countdown to 59292
[19:08:40.349] [SEVERE ] updating countdown to 59266
[19:08:40.377] [SEVERE ] updating countdown to 59238
[19:08:40.403] [SEVERE ] updating countdown to 59212
[19:08:40.429] [SEVERE ] updating countdown to 59186
[19:08:40.455] [SEVERE ] updating countdown to 59160
[19:08:40.482] [SEVERE ] updating countdown to 59133
[19:08:40.508] [SEVERE ] updating countdown to 59107
[19:08:40.534] [SEVERE ] updating countdown to 59081
[19:08:40.561] [SEVERE ] updating countdown to 59054
[19:08:40.587] [SEVERE ] updating countdown to 59028
[19:08:40.613] [SEVERE ] updating countdown to 59002
[19:08:40.639] [SEVERE ] updating countdown to 58976
[19:08:40.665] [SEVERE ] updating countdown to 58950
[19:08:40.692] [SEVERE ] updating countdown to 58923
[19:08:40.718] [SEVERE ] updating countdown to 58897
[19:08:40.744] [SEVERE ] updating countdown to 58871
[19:08:40.770] [SEVERE ] updating countdown to 58845
[19:08:40.796] [SEVERE ] updating countdown to 58819
[19:08:40.827] [SEVERE ] updating countdown to 58788
[19:08:40.853] [SEVERE ] updating countdown to 58762
[19:08:40.879] [SEVERE ] updating countdown to 58736
[19:08:40.906] [SEVERE ] updating countdown to 58709
[19:08:40.934] [SEVERE ] updating countdown to 58681
[19:08:40.960] [SEVERE ] updating countdown to 58655
[19:08:40.986] [SEVERE ] updating countdown to 58629
[19:08:41.020] [SEVERE ] updating countdown to 58595
[19:08:41.047] [SEVERE ] updating countdown to 58568
[19:08:41.073] [SEVERE ] updating countdown to 58543
[19:08:41.099] [SEVERE ] updating countdown to 58516
[19:08:41.126] [SEVERE ] updating countdown to 58489
[19:08:41.153] [SEVERE ] updating countdown to 58462
[19:08:41.191] [SEVERE ] updating countdown to 58424
[19:08:41.217] [SEVERE ] updating countdown to 58398
[19:08:41.243] [SEVERE ] updating countdown to 58372
[19:08:41.270] [SEVERE ] updating countdown to 58345
[19:08:41.310] [SEVERE ] updating countdown to 58305
[19:08:41.336] [SEVERE ] updating countdown to 58279
[19:08:41.363] [SEVERE ] updating countdown to 58252
[19:08:41.389] [SEVERE ] updating countdown to 58226
[19:08:41.417] [SEVERE ] updating countdown to 58198
[19:08:41.443] [SEVERE ] updating countdown to 58172
[19:08:41.469] [SEVERE ] updating countdown to 58146
[19:08:41.495] [SEVERE ] updating countdown to 58120
[19:08:41.522] [SEVERE ] updating countdown to 58093
[19:08:41.585] [SEVERE ] updating countdown to 58030
[19:08:41.619] [SEVERE ] updating countdown to 57996
[19:08:41.645] [SEVERE ] updating countdown to 57970
[19:08:41.671] [SEVERE ] updating countdown to 57944
[19:08:41.698] [SEVERE ] updating countdown to 57917
[19:08:41.724] [SEVERE ] updating countdown to 57891
[19:08:41.750] [SEVERE ] updating countdown to 57865
[19:08:41.828] [SEVERE ] updating countdown to 57787
[19:08:41.855] [SEVERE ] updating countdown to 57760
[19:08:41.881] [SEVERE ] updating countdown to 57734
[19:08:41.907] [SEVERE ] updating countdown to 57708
[19:08:41.933] [SEVERE ] updating countdown to 57682
[19:08:41.978] [SEVERE ] updating countdown to 57637
[19:08:42.004] [SEVERE ] updating countdown to 57611
[19:08:42.030] [SEVERE ] updating countdown to 57585
[19:08:42.056] [SEVERE ] updating countdown to 57559
[19:08:42.088] [SEVERE ] updating countdown to 57527
[19:08:42.114] [SEVERE ] updating countdown to 57501
[19:08:42.140] [SEVERE ] updating countdown to 57475
[19:08:42.172] [SEVERE ] updating countdown to 57443
[19:08:42.198] [SEVERE ] updating countdown to 57417
[19:08:42.251] [SEVERE ] updating countdown to 57364
[19:08:42.277] [SEVERE ] updating countdown to 57338
[19:08:42.304] [SEVERE ] updating countdown to 57311
[19:08:42.329] [SEVERE ] updating countdown to 57286
[19:08:42.356] [SEVERE ] updating countdown to 57259
[19:08:42.382] [SEVERE ] updating countdown to 57233
[19:08:42.408] [SEVERE ] updating countdown to 57207
[19:08:42.434] [SEVERE ] updating countdown to 57181
[19:08:42.489] [SEVERE ] updating countdown to 57126
[19:08:42.515] [SEVERE ] updating countdown to 57100
[19:08:42.541] [SEVERE ] updating countdown to 57074
[19:08:42.567] [SEVERE ] updating countdown to 57048
[19:08:42.629] [SEVERE ] updating countdown to 56986
[19:08:42.655] [SEVERE ] updating countdown to 56960
[19:08:42.681] [SEVERE ] updating countdown to 56935
[19:08:42.706] [SEVERE ] updating countdown to 56909
[19:08:42.732] [SEVERE ] updating countdown to 56883
[19:08:42.758] [SEVERE ] updating countdown to 56857
[19:08:42.784] [SEVERE ] updating countdown to 56831
[19:08:42.810] [SEVERE ] updating countdown to 56805
[19:08:42.836] [SEVERE ] updating countdown to 56779
[19:08:42.862] [SEVERE ] updating countdown to 56753
[19:08:42.888] [SEVERE ] updating countdown to 56727
[19:08:42.914] [SEVERE ] updating countdown to 56701
[19:08:42.940] [SEVERE ] updating countdown to 56675
[19:08:42.966] [SEVERE ] updating countdown to 56649
[19:08:42.993] [SEVERE ] updating countdown to 56622
[19:08:43.019] [SEVERE ] updating countdown to 56596
[19:08:43.051] [SEVERE ] updating countdown to 56564
[19:08:43.077] [SEVERE ] updating countdown to 56538
[19:08:43.108] [SEVERE ] updating countdown to 56507
[19:08:43.134] [SEVERE ] updating countdown to 56481
[19:08:43.160] [SEVERE ] updating countdown to 56455
[19:08:43.189] [SEVERE ] updating countdown to 56426
[19:08:43.215] [SEVERE ] updating countdown to 56400
[19:08:43.241] [SEVERE ] updating countdown to 56374
[19:08:43.273] [SEVERE ] updating countdown to 56342
[19:08:43.299] [SEVERE ] updating countdown to 56316
[19:08:43.335] [SEVERE ] updating countdown to 56280
[19:08:43.361] [SEVERE ] updating countdown to 56254
[19:08:43.388] [SEVERE ] updating countdown to 56227
[19:08:43.414] [SEVERE ] updating countdown to 56201
[19:08:43.440] [SEVERE ] updating countdown to 56175
[19:08:43.466] [SEVERE ] updating countdown to 56149
[19:08:43.496] [SEVERE ] updating countdown to 56119
[19:08:43.522] [SEVERE ] updating countdown to 56093
[19:08:43.557] [SEVERE ] updating countdown to 56058
[19:08:43.583] [SEVERE ] updating countdown to 56032
[19:08:43.609] [SEVERE ] updating countdown to 56006
[19:08:43.635] [SEVERE ] updating countdown to 55980
[19:08:43.662] [SEVERE ] updating countdown to 55953
[19:08:43.688] [SEVERE ] updating countdown to 55927
[19:08:43.722] [SEVERE ] updating countdown to 55893
[19:08:43.748] [SEVERE ] updating countdown to 55867
[19:08:43.774] [SEVERE ] updating countdown to 55841
[19:08:43.800] [SEVERE ] updating countdown to 55815
[19:08:43.826] [SEVERE ] updating countdown to 55789
[19:08:43.852] [SEVERE ] updating countdown to 55763
[19:08:43.878] [SEVERE ] updating countdown to 55737
[19:08:43.904] [SEVERE ] updating countdown to 55711
[19:08:43.929] [SEVERE ] updating countdown to 55686
[19:08:43.956] [SEVERE ] updating countdown to 55659
[19:08:43.986] [SEVERE ] updating countdown to 55629
[19:08:44.012] [SEVERE ] updating countdown to 55603
[19:08:44.038] [SEVERE ] updating countdown to 55577
[19:08:44.064] [SEVERE ] updating countdown to 55551
[19:08:44.091] [SEVERE ] updating countdown to 55524
[19:08:44.116] [SEVERE ] updating countdown to 55499
[19:08:44.142] [SEVERE ] updating countdown to 55473
[19:08:44.169] [SEVERE ] updating countdown to 55446
[19:08:44.195] [SEVERE ] updating countdown to 55420
[19:08:44.221] [SEVERE ] updating countdown to 55394
[19:08:44.247] [SEVERE ] updating countdown to 55368
[19:08:44.273] [SEVERE ] updating countdown to 55342
[19:08:44.299] [SEVERE ] updating countdown to 55316
[19:08:44.326] [SEVERE ] updating countdown to 55289
[19:08:44.352] [SEVERE ] updating countdown to 55264
[19:08:44.378] [SEVERE ] updating countdown to 55237
[19:08:44.403] [SEVERE ] updating countdown to 55212
[19:08:44.429] [SEVERE ] updating countdown to 55186
[19:08:44.455] [SEVERE ] updating countdown to 55160
[19:08:44.480] [SEVERE ] updating countdown to 55135
[19:08:44.506] [SEVERE ] updating countdown to 55109
[19:08:44.532] [SEVERE ] updating countdown to 55083
[19:08:44.557] [SEVERE ] updating countdown to 55058
[19:08:44.583] [SEVERE ] updating countdown to 55032
[19:08:44.609] [SEVERE ] updating countdown to 55006
[19:08:44.634] [SEVERE ] updating countdown to 54981
[19:08:44.661] [SEVERE ] updating countdown to 54954
[19:08:44.686] [SEVERE ] updating countdown to 54929
[19:08:44.712] [SEVERE ] updating countdown to 54903
[19:08:44.738] [SEVERE ] updating countdown to 54877
[19:08:44.764] [SEVERE ] updating countdown to 54851
[19:08:44.791] [SEVERE ] updating countdown to 54824
[19:08:44.816] [SEVERE ] updating countdown to 54799
[19:08:44.842] [SEVERE ] updating countdown to 54773
[19:08:44.868] [SEVERE ] updating countdown to 54747
[19:08:44.894] [SEVERE ] updating countdown to 54721
[19:08:44.920] [SEVERE ] updating countdown to 54695
[19:08:44.952] [SEVERE ] updating countdown to 54663
[19:08:44.979] [SEVERE ] updating countdown to 54636
[19:08:45.039] [SEVERE ] updating countdown to 54576
[19:08:45.065] [SEVERE ] updating countdown to 54550
[19:08:45.090] [SEVERE ] updating countdown to 54525
[19:08:45.117] [SEVERE ] updating countdown to 54498
[19:08:45.143] [SEVERE ] updating countdown to 54472
[19:08:45.169] [SEVERE ] updating countdown to 54446
[19:08:45.195] [SEVERE ] updating countdown to 54420
[19:08:45.222] [SEVERE ] updating countdown to 54394
[19:08:45.248] [SEVERE ] updating countdown to 54367
[19:08:45.274] [SEVERE ] updating countdown to 54341
[19:08:45.300] [SEVERE ] updating countdown to 54315
[19:08:45.326] [SEVERE ] updating countdown to 54289
[19:08:45.352] [SEVERE ] updating countdown to 54263
[19:08:45.378] [SEVERE ] updating countdown to 54237
[19:08:45.404] [SEVERE ] updating countdown to 54211
[19:08:45.431] [SEVERE ] updating countdown to 54184
[19:08:45.457] [SEVERE ] updating countdown to 54158
[19:08:45.483] [SEVERE ] updating countdown to 54132
[19:08:45.509] [SEVERE ] updating countdown to 54106
[19:08:45.536] [SEVERE ] updating countdown to 54079
[19:08:45.562] [SEVERE ] updating countdown to 54053
[19:08:45.588] [SEVERE ] updating countdown to 54027
[19:08:45.613] [SEVERE ] updating countdown to 54002
[19:08:45.639] [SEVERE ] updating countdown to 53976
[19:08:45.665] [SEVERE ] updating countdown to 53950
[19:08:45.690] [SEVERE ] updating countdown to 53925
[19:08:45.716] [SEVERE ] updating countdown to 53899
[19:08:45.742] [SEVERE ] updating countdown to 53874
[19:08:45.773] [SEVERE ] updating countdown to 53842
[19:08:45.799] [SEVERE ] updating countdown to 53816
[19:08:45.833] [SEVERE ] updating countdown to 53782
[19:08:45.869] [SEVERE ] updating countdown to 53746
[19:08:45.895] [SEVERE ] updating countdown to 53720
[19:08:45.921] [SEVERE ] updating countdown to 53695
[19:08:45.947] [SEVERE ] updating countdown to 53668
[19:08:45.976] [SEVERE ] updating countdown to 53639
[19:08:46.002] [SEVERE ] updating countdown to 53613
[19:08:46.028] [SEVERE ] updating countdown to 53587
[19:08:46.054] [SEVERE ] updating countdown to 53561
[19:08:46.080] [SEVERE ] updating countdown to 53535
[19:08:46.106] [SEVERE ] updating countdown to 53509
[19:08:46.132] [SEVERE ] updating countdown to 53484
[19:08:46.157] [SEVERE ] updating countdown to 53458
[19:08:46.183] [SEVERE ] updating countdown to 53432
[19:08:46.209] [SEVERE ] updating countdown to 53406
[19:08:46.234] [SEVERE ] updating countdown to 53381
[19:08:46.260] [SEVERE ] updating countdown to 53355
[19:08:46.286] [SEVERE ] updating countdown to 53329
[19:08:46.312] [SEVERE ] updating countdown to 53303
[19:08:46.338] [SEVERE ] updating countdown to 53277
[19:08:46.363] [SEVERE ] updating countdown to 53252
[19:08:46.389] [SEVERE ] updating countdown to 53226
[19:08:46.414] [SEVERE ] updating countdown to 53201
[19:08:46.440] [SEVERE ] updating countdown to 53175
[19:08:46.471] [SEVERE ] updating countdown to 53144
[19:08:46.497] [SEVERE ] updating countdown to 53118
[19:08:46.522] [SEVERE ] updating countdown to 53093
[19:08:46.552] [SEVERE ] updating countdown to 53063
[19:08:46.578] [SEVERE ] updating countdown to 53037
[19:08:46.604] [SEVERE ] updating countdown to 53011
[19:08:46.630] [SEVERE ] updating countdown to 52985
[19:08:46.657] [SEVERE ] updating countdown to 52958
[19:08:46.689] [SEVERE ] updating countdown to 52927
[19:08:46.715] [SEVERE ] updating countdown to 52900
[19:08:46.740] [SEVERE ] updating countdown to 52875
[19:08:46.769] [SEVERE ] updating countdown to 52846
[19:08:46.795] [SEVERE ] updating countdown to 52820
[19:08:46.820] [SEVERE ] updating countdown to 52795
[19:08:46.847] [SEVERE ] updating countdown to 52768
[19:08:46.872] [SEVERE ] updating countdown to 52743
[19:08:46.898] [SEVERE ] updating countdown to 52717
[19:08:46.924] [SEVERE ] updating countdown to 52691
[19:08:46.949] [SEVERE ] updating countdown to 52666
[19:08:46.976] [SEVERE ] updating countdown to 52639
[19:08:47.001] [SEVERE ] updating countdown to 52614
[19:08:47.027] [SEVERE ] updating countdown to 52588
[19:08:47.053] [SEVERE ] updating countdown to 52562
[19:08:47.079] [SEVERE ] updating countdown to 52536
[19:08:47.119] [SEVERE ] updating countdown to 52496
[19:08:47.145] [SEVERE ] updating countdown to 52470
[19:08:47.182] [SEVERE ] updating countdown to 52433
[19:08:47.209] [SEVERE ] updating countdown to 52406
[19:08:47.234] [SEVERE ] updating countdown to 52381
[19:08:47.260] [SEVERE ] updating countdown to 52355
[19:08:47.286] [SEVERE ] updating countdown to 52329
[19:08:47.312] [SEVERE ] updating countdown to 52303
[19:08:47.338] [SEVERE ] updating countdown to 52277
[19:08:47.367] [SEVERE ] updating countdown to 52248
[19:08:47.393] [SEVERE ] updating countdown to 52222
[19:08:47.450] [SEVERE ] updating countdown to 52165
[19:08:47.476] [SEVERE ] updating countdown to 52139
[19:08:47.502] [SEVERE ] updating countdown to 52113
[19:08:47.528] [SEVERE ] updating countdown to 52087
[19:08:47.553] [SEVERE ] updating countdown to 52062
[19:08:47.579] [SEVERE ] updating countdown to 52036
[19:08:47.606] [SEVERE ] updating countdown to 52009
[19:08:47.631] [SEVERE ] updating countdown to 51984
[19:08:47.657] [SEVERE ] updating countdown to 51958
[19:08:47.683] [SEVERE ] updating countdown to 51932
[19:08:47.709] [SEVERE ] updating countdown to 51906
[19:08:47.735] [SEVERE ] updating countdown to 51880
[19:08:47.760] [SEVERE ] updating countdown to 51855
[19:08:47.786] [SEVERE ] updating countdown to 51829
[19:08:47.812] [SEVERE ] updating countdown to 51803
[19:08:47.838] [SEVERE ] updating countdown to 51777
[19:08:47.864] [SEVERE ] updating countdown to 51752
[19:08:47.889] [SEVERE ] updating countdown to 51726
[19:08:47.915] [SEVERE ] updating countdown to 51700
[19:08:47.941] [SEVERE ] updating countdown to 51674
[19:08:47.966] [SEVERE ] updating countdown to 51649
[19:08:47.992] [SEVERE ] updating countdown to 51623
[19:08:48.021] [SEVERE ] updating countdown to 51594
[19:08:48.047] [SEVERE ] updating countdown to 51568
[19:08:48.073] [SEVERE ] updating countdown to 51542
[19:08:48.099] [SEVERE ] updating countdown to 51516
[19:08:48.126] [SEVERE ] updating countdown to 51489
[19:08:48.151] [SEVERE ] updating countdown to 51464
[19:08:48.177] [SEVERE ] updating countdown to 51438
[19:08:48.203] [SEVERE ] updating countdown to 51412
[19:08:48.242] [SEVERE ] updating countdown to 51373
[19:08:48.268] [SEVERE ] updating countdown to 51347
[19:08:48.294] [SEVERE ] updating countdown to 51321
[19:08:48.331] [SEVERE ] updating countdown to 51284
[19:08:48.357] [SEVERE ] updating countdown to 51258
[19:08:48.384] [SEVERE ] updating countdown to 51231
[19:08:48.410] [SEVERE ] updating countdown to 51205
[19:08:48.505] [SEVERE ] updating countdown to 51110
[19:08:48.531] [SEVERE ] updating countdown to 51084
[19:08:48.596] [SEVERE ] updating countdown to 51019
[19:08:48.622] [SEVERE ] updating countdown to 50993
[19:08:48.648] [SEVERE ] updating countdown to 50967
[19:08:48.674] [SEVERE ] updating countdown to 50941
[19:08:48.700] [SEVERE ] updating countdown to 50915
[19:08:48.735] [SEVERE ] updating countdown to 50880
[19:08:48.760] [SEVERE ] updating countdown to 50855
[19:08:48.786] [SEVERE ] updating countdown to 50829
[19:08:48.812] [SEVERE ] updating countdown to 50803
[19:08:48.838] [SEVERE ] updating countdown to 50777
[19:08:48.863] [SEVERE ] updating countdown to 50752
[19:08:48.890] [SEVERE ] updating countdown to 50725
[19:08:48.916] [SEVERE ] updating countdown to 50699
[19:08:48.941] [SEVERE ] updating countdown to 50674
[19:08:48.967] [SEVERE ] updating countdown to 50648
[19:08:48.993] [SEVERE ] updating countdown to 50622
[19:08:49.018] [SEVERE ] updating countdown to 50597
[19:08:49.044] [SEVERE ] updating countdown to 50571
[19:08:49.069] [SEVERE ] updating countdown to 50546
[19:08:49.095] [SEVERE ] updating countdown to 50520
[19:08:49.121] [SEVERE ] updating countdown to 50494
[19:08:49.153] [SEVERE ] updating countdown to 50462
[19:08:49.179] [SEVERE ] updating countdown to 50436
[19:08:49.205] [SEVERE ] updating countdown to 50410
[19:08:49.230] [SEVERE ] updating countdown to 50385
[19:08:49.256] [SEVERE ] updating countdown to 50359
[19:08:49.281] [SEVERE ] updating countdown to 50334
[19:08:49.307] [SEVERE ] updating countdown to 50308
[19:08:49.338] [SEVERE ] updating countdown to 50277
[19:08:49.364] [SEVERE ] updating countdown to 50251
[19:08:49.389] [SEVERE ] updating countdown to 50226
[19:08:49.417] [SEVERE ] updating countdown to 50198
[19:08:49.443] [SEVERE ] updating countdown to 50172
[19:08:49.468] [SEVERE ] updating countdown to 50147
[19:08:49.494] [SEVERE ] updating countdown to 50121
[19:08:49.520] [SEVERE ] updating countdown to 50095
[19:08:49.545] [SEVERE ] updating countdown to 50070
[19:08:49.571] [SEVERE ] updating countdown to 50044
[19:08:49.596] [SEVERE ] updating countdown to 50019
[19:08:49.622] [SEVERE ] updating countdown to 49993
[19:08:49.648] [SEVERE ] updating countdown to 49967
[19:08:49.673] [SEVERE ] updating countdown to 49942
[19:08:49.699] [SEVERE ] updating countdown to 49916
[19:08:49.725] [SEVERE ] updating countdown to 49890
[19:08:49.761] [SEVERE ] updating countdown to 49854
[19:08:49.786] [SEVERE ] updating countdown to 49829
[19:08:49.812] [SEVERE ] updating countdown to 49803
[19:08:49.839] [SEVERE ] updating countdown to 49776
[19:08:49.865] [SEVERE ] updating countdown to 49750
[19:08:49.890] [SEVERE ] updating countdown to 49725
[19:08:49.916] [SEVERE ] updating countdown to 49699
[19:08:49.942] [SEVERE ] updating countdown to 49673
[19:08:49.967] [SEVERE ] updating countdown to 49648
[19:08:49.993] [SEVERE ] updating countdown to 49622
[19:08:50.018] [SEVERE ] updating countdown to 49597
[19:08:50.044] [SEVERE ] updating countdown to 49571
[19:08:50.070] [SEVERE ] updating countdown to 49545
[19:08:50.095] [SEVERE ] updating countdown to 49520
[19:08:50.121] [SEVERE ] updating countdown to 49494
[19:08:50.146] [SEVERE ] updating countdown to 49469
[19:08:50.172] [SEVERE ] updating countdown to 49443
[19:08:50.198] [SEVERE ] updating countdown to 49417
[19:08:50.224] [SEVERE ] updating countdown to 49391
[19:08:50.249] [SEVERE ] updating countdown to 49366
[19:08:50.275] [SEVERE ] updating countdown to 49340
[19:08:50.302] [SEVERE ] updating countdown to 49313
[19:08:50.327] [SEVERE ] updating countdown to 49288
[19:08:50.353] [SEVERE ] updating countdown to 49262
[19:08:50.379] [SEVERE ] updating countdown to 49236
[19:08:50.404] [SEVERE ] updating countdown to 49211
[19:08:50.430] [SEVERE ] updating countdown to 49185
[19:08:50.456] [SEVERE ] updating countdown to 49159
[19:08:50.481] [SEVERE ] updating countdown to 49134
[19:08:50.507] [SEVERE ] updating countdown to 49108
[19:08:50.533] [SEVERE ] updating countdown to 49082
[19:08:50.558] [SEVERE ] updating countdown to 49057
[19:08:50.584] [SEVERE ] updating countdown to 49031
[19:08:50.610] [SEVERE ] updating countdown to 49005
[19:08:50.635] [SEVERE ] updating countdown to 48980
[19:08:50.661] [SEVERE ] updating countdown to 48954
[19:08:50.687] [SEVERE ] updating countdown to 48928
[19:08:50.712] [SEVERE ] updating countdown to 48903
[19:08:50.738] [SEVERE ] updating countdown to 48877
[19:08:50.764] [SEVERE ] updating countdown to 48851
[19:08:50.790] [SEVERE ] updating countdown to 48825
[19:08:50.816] [SEVERE ] updating countdown to 48799
[19:08:50.842] [SEVERE ] updating countdown to 48773
[19:08:50.867] [SEVERE ] updating countdown to 48748
[19:08:50.893] [SEVERE ] updating countdown to 48722
[19:08:50.918] [SEVERE ] updating countdown to 48697
[19:08:50.944] [SEVERE ] updating countdown to 48671
[19:08:50.970] [SEVERE ] updating countdown to 48645
[19:08:50.995] [SEVERE ] updating countdown to 48620
[19:08:51.021] [SEVERE ] updating countdown to 48594
[19:08:51.047] [SEVERE ] updating countdown to 48568
[19:08:51.073] [SEVERE ] updating countdown to 48542
[19:08:51.099] [SEVERE ] updating countdown to 48516
[19:08:51.124] [SEVERE ] updating countdown to 48491
[19:08:51.150] [SEVERE ] updating countdown to 48465
[19:08:51.176] [SEVERE ] updating countdown to 48439
[19:08:51.201] [SEVERE ] updating countdown to 48414
[19:08:51.227] [SEVERE ] updating countdown to 48388
[19:08:51.252] [SEVERE ] updating countdown to 48363
[19:08:51.278] [SEVERE ] updating countdown to 48337
[19:08:51.303] [SEVERE ] updating countdown to 48312
[19:08:51.329] [SEVERE ] updating countdown to 48286
[19:08:51.349] [SEVERE ] exit button pressed
[19:08:51.350] [INFO   ] thread Thread-1 terminated.
[19:08:51.350] [INFO   ] thread Thread-2 terminated.
[19:08:51.357] [SEVERE ] updating countdown to 48258
[19:08:51.458] [SEVERE ] removing card from slot 0
[19:08:51.559] [SEVERE ] removing card from slot 1
[19:08:51.659] [SEVERE ] removing card from slot 2
[19:08:51.760] [SEVERE ] removing card from slot 3
[19:08:51.861] [SEVERE ] removing card from slot 4
[19:08:51.961] [SEVERE ] removing card from slot 5
[19:08:52.062] [SEVERE ] removing card from slot 6
[19:08:52.163] [SEVERE ] removing card from slot 7
[19:08:52.270] [SEVERE ] removing card from slot 8
[19:08:52.371] [SEVERE ] removing card from slot 9
[19:08:52.479] [SEVERE ] removing card from slot 10
[19:08:52.580] [SEVERE ] removing card from slot 11
[19:08:52.580] [SEVERE ] announcing winner(s): player 1, player 2, player 3, player 4
[19:08:52.582] [INFO   ] thread dealer terminated.
[19:08:52.582] [INFO   ] thread dealer terminated.
[19:08:52.583] [SEVERE ] thanks for playing... it was fun!
[19:08:52.583] [INFO   ] thread bguspl.set.Main.main() terminated.
