[18:58:07.248] [INFO   ] thread bguspl.set.Main.main() starting.
[18:58:07.259] [SEVERE ] cannot read configuration file config.properties trying from resources.
[18:58:07.267] [SEVERE ] configuration file was loaded from resources directory.
[18:58:08.439] [INFO   ] thread dealer starting.
[18:58:08.440] [INFO   ] thread dealer starting.
[18:58:08.442] [INFO   ] thread Thread-1 starting.
[18:58:08.443] [INFO   ] thread Thread-4 starting.
[18:58:08.442] [INFO   ] thread Thread-3 starting.
[18:58:08.442] [INFO   ] thread Thread-2 starting.
[18:58:08.444] [INFO   ] thread computer-3 starting.
[18:58:08.446] [INFO   ] thread computer-2 starting.
[18:58:08.457] [SEVERE ] placing card 13 in slot 0
[18:58:08.469] [SEVERE ] placing card 50 in slot 1
[18:58:08.480] [SEVERE ] placing card 11 in slot 2
[18:58:08.492] [SEVERE ] placing card 49 in slot 3
[18:58:08.504] [SEVERE ] placing card 58 in slot 4
[18:58:08.515] [SEVERE ] placing card 3 in slot 5
[18:58:08.527] [SEVERE ] placing card 12 in slot 6
[18:58:08.538] [SEVERE ] placing card 32 in slot 7
[18:58:08.550] [SEVERE ] placing card 39 in slot 8
[18:58:08.562] [SEVERE ] placing card 5 in slot 9
[18:58:08.573] [SEVERE ] placing card 26 in slot 10
[18:58:08.584] [SEVERE ] placing card 75 in slot 11
[18:58:08.585] [SEVERE ] updating countdown to 60000
[18:58:08.611] [SEVERE ] updating countdown to 59974
[18:58:08.637] [SEVERE ] updating countdown to 59948
[18:58:08.663] [SEVERE ] updating countdown to 59922
[18:58:08.689] [SEVERE ] updating countdown to 59896
[18:58:08.715] [SEVERE ] updating countdown to 59870
[18:58:08.741] [SEVERE ] updating countdown to 59844
[18:58:08.767] [SEVERE ] updating countdown to 59818
[18:58:08.793] [SEVERE ] updating countdown to 59792
[18:58:08.820] [SEVERE ] updating countdown to 59765
[18:58:08.847] [SEVERE ] updating countdown to 59738
[18:58:08.874] [SEVERE ] updating countdown to 59711
[18:58:08.901] [SEVERE ] updating countdown to 59684
[18:58:08.927] [SEVERE ] updating countdown to 59658
[18:58:08.954] [SEVERE ] updating countdown to 59631
[18:58:08.979] [SEVERE ] updating countdown to 59606
[18:58:09.006] [SEVERE ] updating countdown to 59579
[18:58:09.032] [SEVERE ] updating countdown to 59553
[18:58:09.058] [SEVERE ] updating countdown to 59527
[18:58:09.084] [SEVERE ] updating countdown to 59501
[18:58:09.110] [SEVERE ] updating countdown to 59475
[18:58:09.136] [SEVERE ] updating countdown to 59449
[18:58:09.162] [SEVERE ] updating countdown to 59423
[18:58:09.188] [SEVERE ] updating countdown to 59397
[18:58:09.214] [SEVERE ] updating countdown to 59371
[18:58:09.240] [SEVERE ] updating countdown to 59345
[18:58:09.266] [SEVERE ] updating countdown to 59319
[18:58:09.292] [SEVERE ] updating countdown to 59293
[18:58:09.319] [SEVERE ] updating countdown to 59266
[18:58:09.345] [SEVERE ] updating countdown to 59240
[18:58:09.370] [SEVERE ] updating countdown to 59215
[18:58:09.396] [SEVERE ] updating countdown to 59189
[18:58:09.422] [SEVERE ] updating countdown to 59163
[18:58:09.448] [SEVERE ] updating countdown to 59137
[18:58:09.476] [SEVERE ] updating countdown to 59109
[18:58:09.502] [SEVERE ] updating countdown to 59083
[18:58:09.528] [SEVERE ] updating countdown to 59057
[18:58:09.554] [SEVERE ] updating countdown to 59031
[18:58:09.580] [SEVERE ] updating countdown to 59005
[18:58:09.606] [SEVERE ] updating countdown to 58979
[18:58:09.632] [SEVERE ] updating countdown to 58953
[18:58:09.659] [SEVERE ] updating countdown to 58926
[18:58:09.685] [SEVERE ] updating countdown to 58900
[18:58:09.711] [SEVERE ] updating countdown to 58874
[18:58:09.737] [SEVERE ] updating countdown to 58848
[18:58:09.763] [SEVERE ] updating countdown to 58822
[18:58:09.789] [SEVERE ] updating countdown to 58796
[18:58:09.817] [SEVERE ] updating countdown to 58768
[18:58:09.843] [SEVERE ] updating countdown to 58742
[18:58:09.869] [SEVERE ] updating countdown to 58716
[18:58:09.895] [SEVERE ] updating countdown to 58690
[18:58:09.922] [SEVERE ] updating countdown to 58663
[18:58:09.948] [SEVERE ] updating countdown to 58637
[18:58:09.974] [SEVERE ] updating countdown to 58611
[18:58:10.000] [SEVERE ] updating countdown to 58585
[18:58:10.027] [SEVERE ] updating countdown to 58558
[18:58:10.053] [SEVERE ] updating countdown to 58532
[18:58:10.079] [SEVERE ] updating countdown to 58506
[18:58:10.106] [SEVERE ] updating countdown to 58479
[18:58:10.132] [SEVERE ] updating countdown to 58453
[18:58:10.158] [SEVERE ] updating countdown to 58427
[18:58:10.184] [SEVERE ] updating countdown to 58401
[18:58:10.210] [SEVERE ] updating countdown to 58375
[18:58:10.237] [SEVERE ] updating countdown to 58348
[18:58:10.263] [SEVERE ] updating countdown to 58322
[18:58:10.289] [SEVERE ] updating countdown to 58296
[18:58:10.319] [SEVERE ] updating countdown to 58266
[18:58:10.345] [SEVERE ] updating countdown to 58240
[18:58:10.371] [SEVERE ] updating countdown to 58214
[18:58:10.397] [SEVERE ] updating countdown to 58188
[18:58:10.423] [SEVERE ] updating countdown to 58163
[18:58:10.449] [SEVERE ] updating countdown to 58136
[18:58:10.475] [SEVERE ] updating countdown to 58110
[18:58:10.501] [SEVERE ] updating countdown to 58084
[18:58:10.527] [SEVERE ] updating countdown to 58058
[18:58:10.553] [SEVERE ] updating countdown to 58032
[18:58:10.579] [SEVERE ] updating countdown to 58006
[18:58:10.606] [SEVERE ] updating countdown to 57979
[18:58:10.633] [SEVERE ] updating countdown to 57952
[18:58:10.659] [SEVERE ] updating countdown to 57926
[18:58:10.685] [SEVERE ] updating countdown to 57900
[18:58:10.711] [SEVERE ] updating countdown to 57874
[18:58:10.737] [SEVERE ] updating countdown to 57848
[18:58:10.763] [SEVERE ] updating countdown to 57822
[18:58:10.789] [SEVERE ] updating countdown to 57796
[18:58:10.816] [SEVERE ] updating countdown to 57769
[18:58:10.843] [SEVERE ] updating countdown to 57742
[18:58:10.869] [SEVERE ] updating countdown to 57716
[18:58:10.895] [SEVERE ] updating countdown to 57690
[18:58:10.921] [SEVERE ] updating countdown to 57664
[18:58:10.946] [SEVERE ] updating countdown to 57639
[18:58:10.972] [SEVERE ] updating countdown to 57613
[18:58:10.999] [SEVERE ] updating countdown to 57586
[18:58:11.025] [SEVERE ] updating countdown to 57560
[18:58:11.052] [SEVERE ] updating countdown to 57533
[18:58:11.078] [SEVERE ] updating countdown to 57508
[18:58:11.104] [SEVERE ] updating countdown to 57481
[18:58:11.132] [SEVERE ] updating countdown to 57453
[18:58:11.158] [SEVERE ] updating countdown to 57427
[18:58:11.184] [SEVERE ] updating countdown to 57401
[18:58:11.210] [SEVERE ] updating countdown to 57375
[18:58:11.236] [SEVERE ] updating countdown to 57349
[18:58:11.263] [SEVERE ] updating countdown to 57322
[18:58:11.289] [SEVERE ] updating countdown to 57296
[18:58:11.316] [SEVERE ] updating countdown to 57269
[18:58:11.342] [SEVERE ] updating countdown to 57243
[18:58:11.367] [SEVERE ] updating countdown to 57218
[18:58:11.394] [SEVERE ] updating countdown to 57191
[18:58:11.420] [SEVERE ] updating countdown to 57165
[18:58:11.447] [SEVERE ] updating countdown to 57138
[18:58:11.473] [SEVERE ] updating countdown to 57112
[18:58:11.498] [SEVERE ] updating countdown to 57087
[18:58:11.524] [SEVERE ] updating countdown to 57061
[18:58:11.550] [SEVERE ] updating countdown to 57035
[18:58:11.576] [SEVERE ] updating countdown to 57009
[18:58:11.602] [SEVERE ] updating countdown to 56983
[18:58:11.628] [SEVERE ] updating countdown to 56957
[18:58:11.654] [SEVERE ] updating countdown to 56931
[18:58:11.680] [SEVERE ] updating countdown to 56905
[18:58:11.707] [SEVERE ] updating countdown to 56878
[18:58:11.733] [SEVERE ] updating countdown to 56852
[18:58:11.758] [SEVERE ] updating countdown to 56827
[18:58:11.785] [SEVERE ] updating countdown to 56800
[18:58:11.811] [SEVERE ] updating countdown to 56774
[18:58:11.837] [SEVERE ] updating countdown to 56748
[18:58:11.863] [SEVERE ] updating countdown to 56722
[18:58:11.889] [SEVERE ] updating countdown to 56696
[18:58:11.915] [SEVERE ] updating countdown to 56670
[18:58:11.942] [SEVERE ] updating countdown to 56643
[18:58:11.968] [SEVERE ] updating countdown to 56618
[18:58:11.993] [SEVERE ] updating countdown to 56592
[18:58:12.019] [SEVERE ] updating countdown to 56566
[18:58:12.045] [SEVERE ] updating countdown to 56540
[18:58:12.071] [SEVERE ] updating countdown to 56514
[18:58:12.097] [SEVERE ] updating countdown to 56488
[18:58:12.123] [SEVERE ] updating countdown to 56462
[18:58:12.149] [SEVERE ] updating countdown to 56436
[18:58:12.176] [SEVERE ] updating countdown to 56409
[18:58:12.202] [SEVERE ] updating countdown to 56383
[18:58:12.229] [SEVERE ] updating countdown to 56356
[18:58:12.255] [SEVERE ] updating countdown to 56330
[18:58:12.281] [SEVERE ] updating countdown to 56304
[18:58:12.307] [SEVERE ] updating countdown to 56278
[18:58:12.334] [SEVERE ] updating countdown to 56251
[18:58:12.360] [SEVERE ] updating countdown to 56225
[18:58:12.387] [SEVERE ] updating countdown to 56198
[18:58:12.413] [SEVERE ] updating countdown to 56172
[18:58:12.439] [SEVERE ] updating countdown to 56146
[18:58:12.465] [SEVERE ] updating countdown to 56120
[18:58:12.492] [SEVERE ] updating countdown to 56093
[18:58:12.518] [SEVERE ] updating countdown to 56067
[18:58:12.544] [SEVERE ] updating countdown to 56041
[18:58:12.570] [SEVERE ] updating countdown to 56015
[18:58:12.596] [SEVERE ] updating countdown to 55989
[18:58:12.622] [SEVERE ] updating countdown to 55963
[18:58:12.648] [SEVERE ] updating countdown to 55937
[18:58:12.674] [SEVERE ] updating countdown to 55911
[18:58:12.701] [SEVERE ] updating countdown to 55884
[18:58:12.727] [SEVERE ] updating countdown to 55858
[18:58:12.753] [SEVERE ] updating countdown to 55832
[18:58:12.779] [SEVERE ] updating countdown to 55806
[18:58:12.806] [SEVERE ] updating countdown to 55779
[18:58:12.831] [SEVERE ] updating countdown to 55754
[18:58:12.857] [SEVERE ] updating countdown to 55728
[18:58:12.883] [SEVERE ] updating countdown to 55702
[18:58:12.909] [SEVERE ] updating countdown to 55676
[18:58:12.935] [SEVERE ] updating countdown to 55650
[18:58:12.961] [SEVERE ] updating countdown to 55624
[18:58:12.988] [SEVERE ] updating countdown to 55597
[18:58:13.014] [SEVERE ] updating countdown to 55571
[18:58:13.040] [SEVERE ] updating countdown to 55545
[18:58:13.066] [SEVERE ] updating countdown to 55519
[18:58:13.092] [SEVERE ] updating countdown to 55493
[18:58:13.118] [SEVERE ] updating countdown to 55467
[18:58:13.144] [SEVERE ] updating countdown to 55441
[18:58:13.170] [SEVERE ] updating countdown to 55415
[18:58:13.197] [SEVERE ] updating countdown to 55388
[18:58:13.223] [SEVERE ] updating countdown to 55362
[18:58:13.249] [SEVERE ] updating countdown to 55336
[18:58:13.275] [SEVERE ] updating countdown to 55310
[18:58:13.302] [SEVERE ] updating countdown to 55283
[18:58:13.327] [SEVERE ] updating countdown to 55258
[18:58:13.353] [SEVERE ] updating countdown to 55232
[18:58:13.380] [SEVERE ] updating countdown to 55205
[18:58:13.405] [SEVERE ] updating countdown to 55180
[18:58:13.432] [SEVERE ] updating countdown to 55153
[18:58:13.458] [SEVERE ] updating countdown to 55127
[18:58:13.485] [SEVERE ] updating countdown to 55100
[18:58:13.511] [SEVERE ] updating countdown to 55074
[18:58:13.537] [SEVERE ] updating countdown to 55048
[18:58:13.562] [SEVERE ] updating countdown to 55023
[18:58:13.588] [SEVERE ] updating countdown to 54997
[18:58:13.614] [SEVERE ] updating countdown to 54971
[18:58:13.640] [SEVERE ] updating countdown to 54945
[18:58:13.666] [SEVERE ] updating countdown to 54919
[18:58:13.692] [SEVERE ] updating countdown to 54893
[18:58:13.718] [SEVERE ] updating countdown to 54867
[18:58:13.744] [SEVERE ] updating countdown to 54841
[18:58:13.770] [SEVERE ] updating countdown to 54815
[18:58:13.796] [SEVERE ] updating countdown to 54789
[18:58:13.822] [SEVERE ] updating countdown to 54763
[18:58:13.848] [SEVERE ] updating countdown to 54737
[18:58:13.874] [SEVERE ] updating countdown to 54711
[18:58:13.901] [SEVERE ] updating countdown to 54684
[18:58:13.926] [SEVERE ] updating countdown to 54659
[18:58:13.952] [SEVERE ] updating countdown to 54633
[18:58:13.978] [SEVERE ] updating countdown to 54607
[18:58:14.005] [SEVERE ] updating countdown to 54580
[18:58:14.031] [SEVERE ] updating countdown to 54554
[18:58:14.057] [SEVERE ] updating countdown to 54528
[18:58:14.083] [SEVERE ] updating countdown to 54502
[18:58:14.109] [SEVERE ] updating countdown to 54476
[18:58:14.136] [SEVERE ] updating countdown to 54449
[18:58:14.162] [SEVERE ] updating countdown to 54423
[18:58:14.188] [SEVERE ] updating countdown to 54397
[18:58:14.213] [SEVERE ] updating countdown to 54372
[18:58:14.240] [SEVERE ] updating countdown to 54345
[18:58:14.266] [SEVERE ] updating countdown to 54319
[18:58:14.292] [SEVERE ] updating countdown to 54293
[18:58:14.318] [SEVERE ] updating countdown to 54267
[18:58:14.344] [SEVERE ] updating countdown to 54241
[18:58:14.370] [SEVERE ] updating countdown to 54215
[18:58:14.397] [SEVERE ] updating countdown to 54188
[18:58:14.424] [SEVERE ] updating countdown to 54161
[18:58:14.450] [SEVERE ] updating countdown to 54135
[18:58:14.476] [SEVERE ] updating countdown to 54109
[18:58:14.502] [SEVERE ] updating countdown to 54083
[18:58:14.528] [SEVERE ] updating countdown to 54057
[18:58:14.554] [SEVERE ] updating countdown to 54031
[18:58:14.580] [SEVERE ] updating countdown to 54005
[18:58:14.606] [SEVERE ] updating countdown to 53979
[18:58:14.632] [SEVERE ] updating countdown to 53953
[18:58:14.658] [SEVERE ] updating countdown to 53927
[18:58:14.685] [SEVERE ] updating countdown to 53901
[18:58:14.710] [SEVERE ] updating countdown to 53875
[18:58:14.737] [SEVERE ] updating countdown to 53849
[18:58:14.762] [SEVERE ] updating countdown to 53823
[18:58:14.789] [SEVERE ] updating countdown to 53796
[18:58:14.816] [SEVERE ] updating countdown to 53769
[18:58:14.842] [SEVERE ] updating countdown to 53743
[18:58:14.869] [SEVERE ] updating countdown to 53716
[18:58:14.895] [SEVERE ] updating countdown to 53690
[18:58:14.922] [SEVERE ] updating countdown to 53663
[18:58:14.948] [SEVERE ] updating countdown to 53637
[18:58:14.974] [SEVERE ] updating countdown to 53611
[18:58:15.000] [SEVERE ] updating countdown to 53585
[18:58:15.026] [SEVERE ] updating countdown to 53559
[18:58:15.052] [SEVERE ] updating countdown to 53533
[18:58:15.078] [SEVERE ] updating countdown to 53507
[18:58:15.105] [SEVERE ] updating countdown to 53480
[18:58:15.131] [SEVERE ] updating countdown to 53454
[18:58:15.156] [SEVERE ] updating countdown to 53429
[18:58:15.183] [SEVERE ] updating countdown to 53402
[18:58:15.209] [SEVERE ] updating countdown to 53376
[18:58:15.235] [SEVERE ] updating countdown to 53350
[18:58:15.262] [SEVERE ] updating countdown to 53323
[18:58:15.288] [SEVERE ] updating countdown to 53297
[18:58:15.314] [SEVERE ] updating countdown to 53271
[18:58:15.341] [SEVERE ] updating countdown to 53244
[18:58:15.367] [SEVERE ] updating countdown to 53218
[18:58:15.393] [SEVERE ] updating countdown to 53192
[18:58:15.421] [SEVERE ] updating countdown to 53164
[18:58:15.448] [SEVERE ] updating countdown to 53137
[18:58:15.475] [SEVERE ] updating countdown to 53110
[18:58:15.501] [SEVERE ] updating countdown to 53084
[18:58:15.526] [SEVERE ] updating countdown to 53059
[18:58:15.553] [SEVERE ] updating countdown to 53032
[18:58:15.579] [SEVERE ] updating countdown to 53006
[18:58:15.605] [SEVERE ] updating countdown to 52980
[18:58:15.631] [SEVERE ] updating countdown to 52954
[18:58:15.657] [SEVERE ] updating countdown to 52928
[18:58:15.682] [SEVERE ] updating countdown to 52903
[18:58:15.708] [SEVERE ] updating countdown to 52877
[18:58:15.734] [SEVERE ] updating countdown to 52851
[18:58:15.760] [SEVERE ] updating countdown to 52825
[18:58:15.786] [SEVERE ] updating countdown to 52799
[18:58:15.811] [SEVERE ] updating countdown to 52774
[18:58:15.837] [SEVERE ] updating countdown to 52748
[18:58:15.864] [SEVERE ] updating countdown to 52721
[18:58:15.889] [SEVERE ] updating countdown to 52696
[18:58:15.916] [SEVERE ] updating countdown to 52669
[18:58:15.942] [SEVERE ] updating countdown to 52643
[18:58:15.968] [SEVERE ] updating countdown to 52617
[18:58:15.994] [SEVERE ] updating countdown to 52591
[18:58:16.020] [SEVERE ] updating countdown to 52565
[18:58:16.046] [SEVERE ] updating countdown to 52539
[18:58:16.073] [SEVERE ] updating countdown to 52512
[18:58:16.099] [SEVERE ] updating countdown to 52486
[18:58:16.126] [SEVERE ] updating countdown to 52459
[18:58:16.152] [SEVERE ] updating countdown to 52433
[18:58:16.178] [SEVERE ] updating countdown to 52407
[18:58:16.204] [SEVERE ] updating countdown to 52381
[18:58:16.231] [SEVERE ] updating countdown to 52354
[18:58:16.257] [SEVERE ] updating countdown to 52328
[18:58:16.283] [SEVERE ] updating countdown to 52302
[18:58:16.309] [SEVERE ] updating countdown to 52276
[18:58:16.335] [SEVERE ] updating countdown to 52250
[18:58:16.361] [SEVERE ] updating countdown to 52224
[18:58:16.388] [SEVERE ] updating countdown to 52197
[18:58:16.414] [SEVERE ] updating countdown to 52171
[18:58:16.440] [SEVERE ] updating countdown to 52145
[18:58:16.469] [SEVERE ] updating countdown to 52116
[18:58:16.495] [SEVERE ] updating countdown to 52090
[18:58:16.522] [SEVERE ] updating countdown to 52063
[18:58:16.548] [SEVERE ] updating countdown to 52037
[18:58:16.574] [SEVERE ] updating countdown to 52011
[18:58:16.601] [SEVERE ] updating countdown to 51984
[18:58:16.628] [SEVERE ] updating countdown to 51957
[18:58:16.654] [SEVERE ] updating countdown to 51931
[18:58:16.680] [SEVERE ] updating countdown to 51905
[18:58:16.706] [SEVERE ] updating countdown to 51879
[18:58:16.732] [SEVERE ] updating countdown to 51853
[18:58:16.757] [SEVERE ] updating countdown to 51828
[18:58:16.783] [SEVERE ] updating countdown to 51802
[18:58:16.810] [SEVERE ] updating countdown to 51776
[18:58:16.836] [SEVERE ] updating countdown to 51749
[18:58:16.862] [SEVERE ] updating countdown to 51723
[18:58:16.888] [SEVERE ] updating countdown to 51697
[18:58:16.914] [SEVERE ] updating countdown to 51671
[18:58:16.940] [SEVERE ] updating countdown to 51645
[18:58:16.966] [SEVERE ] updating countdown to 51619
[18:58:16.992] [SEVERE ] updating countdown to 51593
[18:58:17.018] [SEVERE ] updating countdown to 51567
[18:58:17.044] [SEVERE ] updating countdown to 51541
[18:58:17.070] [SEVERE ] updating countdown to 51515
[18:58:17.096] [SEVERE ] updating countdown to 51489
[18:58:17.122] [SEVERE ] updating countdown to 51463
[18:58:17.148] [SEVERE ] updating countdown to 51437
[18:58:17.174] [SEVERE ] updating countdown to 51411
[18:58:17.200] [SEVERE ] updating countdown to 51385
[18:58:17.226] [SEVERE ] updating countdown to 51359
[18:58:17.253] [SEVERE ] updating countdown to 51332
[18:58:17.279] [SEVERE ] updating countdown to 51306
[18:58:17.305] [SEVERE ] updating countdown to 51280
[18:58:17.331] [SEVERE ] updating countdown to 51254
[18:58:17.357] [SEVERE ] updating countdown to 51228
[18:58:17.383] [SEVERE ] updating countdown to 51202
[18:58:17.409] [SEVERE ] updating countdown to 51176
[18:58:17.435] [SEVERE ] updating countdown to 51150
[18:58:17.461] [SEVERE ] updating countdown to 51124
[18:58:17.487] [SEVERE ] updating countdown to 51098
[18:58:17.513] [SEVERE ] updating countdown to 51072
[18:58:17.539] [SEVERE ] updating countdown to 51046
[18:58:17.564] [SEVERE ] updating countdown to 51021
[18:58:17.590] [SEVERE ] updating countdown to 50995
[18:58:17.617] [SEVERE ] updating countdown to 50968
[18:58:17.642] [SEVERE ] updating countdown to 50943
[18:58:17.668] [SEVERE ] updating countdown to 50917
[18:58:17.694] [SEVERE ] updating countdown to 50891
[18:58:17.721] [SEVERE ] updating countdown to 50864
[18:58:17.747] [SEVERE ] updating countdown to 50838
[18:58:17.772] [SEVERE ] updating countdown to 50813
[18:58:17.798] [SEVERE ] updating countdown to 50787
[18:58:17.824] [SEVERE ] updating countdown to 50761
[18:58:17.849] [SEVERE ] updating countdown to 50736
[18:58:17.875] [SEVERE ] updating countdown to 50710
[18:58:17.901] [SEVERE ] updating countdown to 50684
[18:58:17.927] [SEVERE ] updating countdown to 50658
[18:58:17.953] [SEVERE ] updating countdown to 50632
[18:58:17.978] [SEVERE ] updating countdown to 50607
[18:58:18.005] [SEVERE ] updating countdown to 50580
[18:58:18.031] [SEVERE ] updating countdown to 50554
[18:58:18.057] [SEVERE ] updating countdown to 50528
[18:58:18.083] [SEVERE ] updating countdown to 50502
[18:58:18.109] [SEVERE ] updating countdown to 50476
[18:58:18.135] [SEVERE ] updating countdown to 50450
[18:58:18.161] [SEVERE ] updating countdown to 50424
[18:58:18.186] [SEVERE ] updating countdown to 50399
[18:58:18.212] [SEVERE ] updating countdown to 50373
[18:58:18.238] [SEVERE ] updating countdown to 50347
[18:58:18.264] [SEVERE ] updating countdown to 50321
[18:58:18.289] [SEVERE ] updating countdown to 50296
[18:58:18.316] [SEVERE ] updating countdown to 50269
[18:58:18.342] [SEVERE ] updating countdown to 50243
[18:58:18.368] [SEVERE ] updating countdown to 50217
[18:58:18.393] [SEVERE ] updating countdown to 50192
[18:58:18.420] [SEVERE ] updating countdown to 50165
[18:58:18.446] [SEVERE ] updating countdown to 50139
[18:58:18.472] [SEVERE ] updating countdown to 50113
[18:58:18.498] [SEVERE ] updating countdown to 50087
[18:58:18.524] [SEVERE ] updating countdown to 50061
[18:58:18.550] [SEVERE ] updating countdown to 50035
[18:58:18.576] [SEVERE ] updating countdown to 50009
[18:58:18.601] [SEVERE ] updating countdown to 49984
[18:58:18.628] [SEVERE ] updating countdown to 49957
[18:58:18.654] [SEVERE ] updating countdown to 49931
[18:58:18.680] [SEVERE ] updating countdown to 49905
[18:58:18.706] [SEVERE ] updating countdown to 49879
[18:58:18.732] [SEVERE ] updating countdown to 49853
[18:58:18.757] [SEVERE ] updating countdown to 49828
[18:58:18.784] [SEVERE ] updating countdown to 49801
[18:58:18.810] [SEVERE ] updating countdown to 49775
[18:58:18.836] [SEVERE ] updating countdown to 49749
[18:58:18.862] [SEVERE ] updating countdown to 49723
[18:58:18.887] [SEVERE ] updating countdown to 49698
[18:58:18.913] [SEVERE ] updating countdown to 49672
[18:58:18.939] [SEVERE ] updating countdown to 49646
[18:58:18.964] [SEVERE ] updating countdown to 49621
[18:58:18.991] [SEVERE ] updating countdown to 49594
[18:58:19.017] [SEVERE ] updating countdown to 49568
[18:58:19.043] [SEVERE ] updating countdown to 49542
[18:58:19.069] [SEVERE ] updating countdown to 49516
[18:58:19.094] [SEVERE ] updating countdown to 49491
[18:58:19.120] [SEVERE ] updating countdown to 49465
[18:58:19.146] [SEVERE ] updating countdown to 49439
[18:58:19.172] [SEVERE ] updating countdown to 49413
[18:58:19.198] [SEVERE ] updating countdown to 49387
[18:58:19.224] [SEVERE ] updating countdown to 49361
[18:58:19.251] [SEVERE ] updating countdown to 49334
[18:58:19.278] [SEVERE ] updating countdown to 49307
[18:58:19.304] [SEVERE ] updating countdown to 49281
[18:58:19.330] [SEVERE ] updating countdown to 49255
[18:58:19.356] [SEVERE ] updating countdown to 49229
[18:58:19.382] [SEVERE ] updating countdown to 49203
[18:58:19.408] [SEVERE ] updating countdown to 49177
[18:58:19.433] [SEVERE ] updating countdown to 49152
[18:58:19.459] [SEVERE ] updating countdown to 49126
[18:58:19.485] [SEVERE ] updating countdown to 49100
[18:58:19.511] [SEVERE ] updating countdown to 49074
[18:58:19.537] [SEVERE ] updating countdown to 49048
[18:58:19.563] [SEVERE ] updating countdown to 49022
[18:58:19.589] [SEVERE ] updating countdown to 48996
[18:58:19.615] [SEVERE ] updating countdown to 48970
[18:58:19.641] [SEVERE ] updating countdown to 48944
[18:58:19.666] [SEVERE ] updating countdown to 48919
[18:58:19.693] [SEVERE ] updating countdown to 48892
[18:58:19.719] [SEVERE ] updating countdown to 48866
[18:58:19.745] [SEVERE ] updating countdown to 48840
[18:58:19.771] [SEVERE ] updating countdown to 48814
[18:58:19.797] [SEVERE ] updating countdown to 48788
[18:58:19.823] [SEVERE ] updating countdown to 48762
[18:58:19.849] [SEVERE ] updating countdown to 48736
[18:58:19.874] [SEVERE ] updating countdown to 48711
[18:58:19.900] [SEVERE ] updating countdown to 48685
[18:58:19.926] [SEVERE ] updating countdown to 48659
[18:58:19.952] [SEVERE ] updating countdown to 48633
[18:58:19.977] [SEVERE ] updating countdown to 48608
[18:58:20.003] [SEVERE ] updating countdown to 48582
[18:58:20.029] [SEVERE ] updating countdown to 48556
[18:58:20.055] [SEVERE ] updating countdown to 48530
[18:58:20.080] [SEVERE ] updating countdown to 48505
[18:58:20.106] [SEVERE ] updating countdown to 48479
[18:58:20.132] [SEVERE ] updating countdown to 48453
[18:58:20.158] [SEVERE ] updating countdown to 48427
[18:58:20.184] [SEVERE ] updating countdown to 48401
[18:58:20.209] [SEVERE ] updating countdown to 48376
[18:58:20.235] [SEVERE ] updating countdown to 48350
[18:58:20.261] [SEVERE ] updating countdown to 48324
[18:58:20.287] [SEVERE ] updating countdown to 48298
[18:58:20.313] [SEVERE ] updating countdown to 48272
[18:58:20.339] [SEVERE ] updating countdown to 48246
[18:58:20.365] [SEVERE ] updating countdown to 48220
[18:58:20.391] [SEVERE ] updating countdown to 48194
[18:58:20.417] [SEVERE ] updating countdown to 48168
[18:58:20.443] [SEVERE ] updating countdown to 48142
[18:58:20.469] [SEVERE ] updating countdown to 48116
[18:58:20.494] [SEVERE ] updating countdown to 48091
[18:58:20.521] [SEVERE ] updating countdown to 48065
[18:58:20.547] [SEVERE ] updating countdown to 48038
[18:58:20.574] [SEVERE ] updating countdown to 48011
[18:58:20.599] [SEVERE ] updating countdown to 47986
[18:58:20.625] [SEVERE ] updating countdown to 47960
[18:58:20.651] [SEVERE ] updating countdown to 47934
[18:58:20.677] [SEVERE ] updating countdown to 47908
[18:58:20.704] [SEVERE ] updating countdown to 47881
[18:58:20.730] [SEVERE ] updating countdown to 47855
[18:58:20.756] [SEVERE ] updating countdown to 47829
[18:58:20.782] [SEVERE ] updating countdown to 47803
[18:58:20.808] [SEVERE ] updating countdown to 47777
[18:58:20.834] [SEVERE ] updating countdown to 47751
[18:58:20.860] [SEVERE ] updating countdown to 47725
[18:58:20.885] [SEVERE ] updating countdown to 47700
[18:58:20.911] [SEVERE ] updating countdown to 47674
[18:58:20.937] [SEVERE ] updating countdown to 47648
[18:58:20.963] [SEVERE ] updating countdown to 47622
[18:58:20.989] [SEVERE ] updating countdown to 47596
[18:58:21.015] [SEVERE ] updating countdown to 47570
[18:58:21.040] [SEVERE ] updating countdown to 47545
[18:58:21.066] [SEVERE ] updating countdown to 47519
[18:58:21.092] [SEVERE ] updating countdown to 47493
[18:58:21.117] [SEVERE ] updating countdown to 47468
[18:58:21.144] [SEVERE ] updating countdown to 47441
[18:58:21.169] [SEVERE ] updating countdown to 47416
[18:58:21.195] [SEVERE ] updating countdown to 47390
[18:58:21.221] [SEVERE ] updating countdown to 47364
[18:58:21.247] [SEVERE ] updating countdown to 47338
[18:58:21.273] [SEVERE ] updating countdown to 47312
[18:58:21.299] [SEVERE ] updating countdown to 47286
[18:58:21.325] [SEVERE ] updating countdown to 47260
[18:58:21.351] [SEVERE ] updating countdown to 47234
[18:58:21.376] [SEVERE ] updating countdown to 47209
[18:58:21.402] [SEVERE ] updating countdown to 47183
[18:58:21.428] [SEVERE ] updating countdown to 47157
[18:58:21.455] [SEVERE ] updating countdown to 47130
[18:58:21.481] [SEVERE ] updating countdown to 47104
[18:58:21.507] [SEVERE ] updating countdown to 47078
[18:58:21.532] [SEVERE ] updating countdown to 47053
[18:58:21.558] [SEVERE ] updating countdown to 47027
[18:58:21.584] [SEVERE ] updating countdown to 47001
[18:58:21.609] [SEVERE ] updating countdown to 46976
[18:58:21.636] [SEVERE ] updating countdown to 46949
[18:58:21.662] [SEVERE ] updating countdown to 46923
[18:58:21.689] [SEVERE ] updating countdown to 46896
[18:58:21.714] [SEVERE ] updating countdown to 46871
[18:58:21.740] [SEVERE ] updating countdown to 46845
[18:58:21.766] [SEVERE ] updating countdown to 46819
[18:58:21.792] [SEVERE ] updating countdown to 46793
[18:58:21.818] [SEVERE ] updating countdown to 46767
[18:58:21.844] [SEVERE ] updating countdown to 46741
[18:58:21.870] [SEVERE ] updating countdown to 46715
[18:58:21.896] [SEVERE ] updating countdown to 46689
[18:58:21.923] [SEVERE ] updating countdown to 46662
[18:58:21.948] [SEVERE ] updating countdown to 46637
[18:58:21.974] [SEVERE ] updating countdown to 46611
[18:58:22.000] [SEVERE ] updating countdown to 46585
[18:58:22.026] [SEVERE ] updating countdown to 46559
[18:58:22.052] [SEVERE ] updating countdown to 46533
[18:58:22.077] [SEVERE ] updating countdown to 46508
[18:58:22.103] [SEVERE ] updating countdown to 46482
[18:58:22.129] [SEVERE ] updating countdown to 46456
[18:58:22.154] [SEVERE ] updating countdown to 46431
[18:58:22.180] [SEVERE ] updating countdown to 46405
[18:58:22.206] [SEVERE ] updating countdown to 46379
[18:58:22.233] [SEVERE ] updating countdown to 46352
[18:58:22.259] [SEVERE ] updating countdown to 46326
[18:58:22.285] [SEVERE ] updating countdown to 46300
[18:58:22.311] [SEVERE ] updating countdown to 46274
[18:58:22.338] [SEVERE ] updating countdown to 46247
[18:58:22.364] [SEVERE ] updating countdown to 46221
[18:58:22.390] [SEVERE ] updating countdown to 46195
[18:58:22.416] [SEVERE ] updating countdown to 46169
[18:58:22.442] [SEVERE ] updating countdown to 46143
[18:58:22.468] [SEVERE ] updating countdown to 46117
[18:58:22.493] [SEVERE ] updating countdown to 46092
[18:58:22.520] [SEVERE ] updating countdown to 46065
[18:58:22.546] [SEVERE ] updating countdown to 46039
[18:58:22.572] [SEVERE ] updating countdown to 46013
[18:58:22.597] [SEVERE ] updating countdown to 45988
[18:58:22.624] [SEVERE ] updating countdown to 45961
[18:58:22.650] [SEVERE ] updating countdown to 45935
[18:58:22.677] [SEVERE ] updating countdown to 45908
[18:58:22.703] [SEVERE ] updating countdown to 45882
[18:58:22.729] [SEVERE ] updating countdown to 45856
[18:58:22.754] [SEVERE ] updating countdown to 45831
[18:58:22.780] [SEVERE ] updating countdown to 45805
[18:58:22.808] [SEVERE ] updating countdown to 45777
[18:58:22.835] [SEVERE ] updating countdown to 45750
[18:58:22.860] [SEVERE ] updating countdown to 45725
[18:58:22.886] [SEVERE ] updating countdown to 45699
[18:58:22.913] [SEVERE ] updating countdown to 45672
[18:58:22.938] [SEVERE ] updating countdown to 45647
[18:58:22.964] [SEVERE ] updating countdown to 45621
[18:58:22.990] [SEVERE ] updating countdown to 45595
[18:58:23.015] [SEVERE ] updating countdown to 45570
[18:58:23.041] [SEVERE ] updating countdown to 45544
[18:58:23.067] [SEVERE ] updating countdown to 45518
[18:58:23.093] [SEVERE ] updating countdown to 45492
[18:58:23.119] [SEVERE ] updating countdown to 45466
[18:58:23.146] [SEVERE ] updating countdown to 45439
[18:58:23.172] [SEVERE ] updating countdown to 45413
[18:58:23.198] [SEVERE ] updating countdown to 45387
[18:58:23.225] [SEVERE ] updating countdown to 45360
[18:58:23.251] [SEVERE ] updating countdown to 45334
[18:58:23.277] [SEVERE ] updating countdown to 45308
[18:58:23.303] [SEVERE ] updating countdown to 45282
[18:58:23.328] [SEVERE ] updating countdown to 45257
[18:58:23.355] [SEVERE ] updating countdown to 45230
[18:58:23.382] [SEVERE ] updating countdown to 45203
[18:58:23.408] [SEVERE ] updating countdown to 45177
[18:58:23.434] [SEVERE ] updating countdown to 45151
[18:58:23.460] [SEVERE ] updating countdown to 45125
[18:58:23.486] [SEVERE ] updating countdown to 45099
[18:58:23.512] [SEVERE ] updating countdown to 45073
[18:58:23.538] [SEVERE ] updating countdown to 45047
[18:58:23.564] [SEVERE ] updating countdown to 45021
[18:58:23.590] [SEVERE ] updating countdown to 44995
[18:58:23.616] [SEVERE ] updating countdown to 44969
[18:58:23.642] [SEVERE ] updating countdown to 44943
[18:58:23.669] [SEVERE ] updating countdown to 44916
[18:58:23.695] [SEVERE ] updating countdown to 44890
[18:58:23.721] [SEVERE ] updating countdown to 44864
[18:58:23.747] [SEVERE ] updating countdown to 44838
[18:58:23.773] [SEVERE ] updating countdown to 44812
[18:58:23.803] [SEVERE ] updating countdown to 44782
[18:58:23.829] [SEVERE ] updating countdown to 44756
[18:58:23.855] [SEVERE ] updating countdown to 44730
[18:58:23.881] [SEVERE ] updating countdown to 44704
[18:58:23.907] [SEVERE ] updating countdown to 44678
[18:58:23.934] [SEVERE ] updating countdown to 44651
[18:58:23.960] [SEVERE ] updating countdown to 44625
[18:58:23.986] [SEVERE ] updating countdown to 44599
[18:58:24.012] [SEVERE ] updating countdown to 44573
[18:58:24.038] [SEVERE ] updating countdown to 44547
[18:58:24.064] [SEVERE ] updating countdown to 44521
[18:58:24.090] [SEVERE ] updating countdown to 44495
[18:58:24.117] [SEVERE ] updating countdown to 44468
[18:58:24.143] [SEVERE ] updating countdown to 44442
[18:58:24.169] [SEVERE ] updating countdown to 44416
[18:58:24.194] [SEVERE ] updating countdown to 44391
[18:58:24.221] [SEVERE ] updating countdown to 44364
[18:58:24.246] [SEVERE ] updating countdown to 44339
[18:58:24.272] [SEVERE ] updating countdown to 44313
[18:58:24.298] [SEVERE ] updating countdown to 44287
[18:58:24.323] [SEVERE ] updating countdown to 44262
[18:58:24.349] [SEVERE ] updating countdown to 44236
[18:58:24.374] [SEVERE ] updating countdown to 44211
[18:58:24.400] [SEVERE ] updating countdown to 44185
[18:58:24.426] [SEVERE ] updating countdown to 44159
[18:58:24.452] [SEVERE ] updating countdown to 44133
[18:58:24.478] [SEVERE ] updating countdown to 44107
[18:58:24.504] [SEVERE ] updating countdown to 44081
[18:58:24.529] [SEVERE ] updating countdown to 44056
[18:58:24.556] [SEVERE ] updating countdown to 44029
[18:58:24.583] [SEVERE ] updating countdown to 44002
[18:58:24.609] [SEVERE ] updating countdown to 43976
[18:58:24.635] [SEVERE ] updating countdown to 43950
[18:58:24.660] [SEVERE ] updating countdown to 43925
[18:58:24.687] [SEVERE ] updating countdown to 43898
[18:58:24.713] [SEVERE ] updating countdown to 43872
[18:58:24.739] [SEVERE ] updating countdown to 43846
[18:58:24.765] [SEVERE ] updating countdown to 43820
[18:58:24.791] [SEVERE ] updating countdown to 43794
[18:58:24.817] [SEVERE ] updating countdown to 43768
[18:58:24.843] [SEVERE ] updating countdown to 43742
[18:58:24.869] [SEVERE ] updating countdown to 43716
[18:58:24.895] [SEVERE ] updating countdown to 43690
[18:58:24.921] [SEVERE ] updating countdown to 43664
[18:58:24.947] [SEVERE ] updating countdown to 43638
[18:58:24.973] [SEVERE ] updating countdown to 43612
[18:58:25.000] [SEVERE ] updating countdown to 43585
[18:58:25.026] [SEVERE ] updating countdown to 43559
[18:58:25.053] [SEVERE ] updating countdown to 43532
[18:58:25.079] [SEVERE ] updating countdown to 43506
[18:58:25.104] [SEVERE ] updating countdown to 43481
[18:58:25.131] [SEVERE ] updating countdown to 43454
[18:58:25.157] [SEVERE ] updating countdown to 43428
[18:58:25.183] [SEVERE ] updating countdown to 43402
[18:58:25.209] [SEVERE ] updating countdown to 43376
[18:58:25.235] [SEVERE ] updating countdown to 43350
[18:58:25.260] [SEVERE ] updating countdown to 43325
[18:58:25.286] [SEVERE ] updating countdown to 43299
[18:58:25.312] [SEVERE ] updating countdown to 43273
[18:58:25.338] [SEVERE ] updating countdown to 43247
[18:58:25.363] [SEVERE ] updating countdown to 43222
[18:58:25.390] [SEVERE ] updating countdown to 43195
[18:58:25.416] [SEVERE ] updating countdown to 43169
[18:58:25.442] [SEVERE ] updating countdown to 43143
[18:58:25.468] [SEVERE ] updating countdown to 43117
[18:58:25.494] [SEVERE ] updating countdown to 43091
[18:58:25.520] [SEVERE ] updating countdown to 43065
[18:58:25.549] [SEVERE ] updating countdown to 43036
[18:58:25.578] [SEVERE ] updating countdown to 43008
[18:58:25.603] [SEVERE ] updating countdown to 42982
[18:58:25.629] [SEVERE ] updating countdown to 42956
[18:58:25.655] [SEVERE ] updating countdown to 42930
[18:58:25.680] [SEVERE ] updating countdown to 42905
[18:58:25.707] [SEVERE ] updating countdown to 42878
[18:58:25.733] [SEVERE ] updating countdown to 42852
[18:58:25.759] [SEVERE ] updating countdown to 42826
[18:58:25.785] [SEVERE ] updating countdown to 42800
[18:58:25.810] [SEVERE ] updating countdown to 42775
[18:58:25.837] [SEVERE ] updating countdown to 42748
[18:58:25.862] [SEVERE ] updating countdown to 42723
[18:58:25.889] [SEVERE ] updating countdown to 42696
[18:58:25.915] [SEVERE ] updating countdown to 42670
[18:58:25.941] [SEVERE ] updating countdown to 42644
[18:58:25.967] [SEVERE ] updating countdown to 42618
[18:58:25.993] [SEVERE ] updating countdown to 42592
[18:58:26.019] [SEVERE ] updating countdown to 42566
[18:58:26.045] [SEVERE ] updating countdown to 42540
[18:58:26.071] [SEVERE ] updating countdown to 42514
[18:58:26.097] [SEVERE ] updating countdown to 42488
[18:58:26.123] [SEVERE ] updating countdown to 42462
[18:58:26.149] [SEVERE ] updating countdown to 42436
[18:58:26.175] [SEVERE ] updating countdown to 42410
[18:58:26.201] [SEVERE ] updating countdown to 42384
[18:58:26.227] [SEVERE ] updating countdown to 42358
[18:58:26.253] [SEVERE ] updating countdown to 42332
[18:58:26.278] [SEVERE ] updating countdown to 42307
[18:58:26.304] [SEVERE ] updating countdown to 42281
[18:58:26.329] [SEVERE ] updating countdown to 42256
[18:58:26.355] [SEVERE ] updating countdown to 42230
[18:58:26.381] [SEVERE ] updating countdown to 42204
[18:58:26.407] [SEVERE ] updating countdown to 42178
[18:58:26.433] [SEVERE ] updating countdown to 42152
[18:58:26.459] [SEVERE ] updating countdown to 42126
[18:58:26.484] [SEVERE ] updating countdown to 42101
[18:58:26.510] [SEVERE ] updating countdown to 42075
[18:58:26.536] [SEVERE ] updating countdown to 42049
[18:58:26.562] [SEVERE ] updating countdown to 42023
[18:58:26.588] [SEVERE ] updating countdown to 41997
[18:58:26.614] [SEVERE ] updating countdown to 41971
[18:58:26.640] [SEVERE ] updating countdown to 41945
[18:58:26.666] [SEVERE ] updating countdown to 41919
[18:58:26.692] [SEVERE ] updating countdown to 41893
[18:58:26.718] [SEVERE ] updating countdown to 41867
[18:58:26.744] [SEVERE ] updating countdown to 41841
[18:58:26.769] [SEVERE ] updating countdown to 41816
[18:58:26.796] [SEVERE ] updating countdown to 41789
[18:58:26.822] [SEVERE ] updating countdown to 41763
[18:58:26.848] [SEVERE ] updating countdown to 41737
[18:58:26.874] [SEVERE ] updating countdown to 41711
[18:58:26.899] [SEVERE ] updating countdown to 41686
[18:58:26.925] [SEVERE ] updating countdown to 41660
[18:58:26.950] [SEVERE ] updating countdown to 41635
[18:58:26.976] [SEVERE ] updating countdown to 41609
[18:58:27.002] [SEVERE ] updating countdown to 41583
[18:58:27.028] [SEVERE ] updating countdown to 41557
[18:58:27.054] [SEVERE ] updating countdown to 41531
[18:58:27.080] [SEVERE ] updating countdown to 41505
[18:58:27.106] [SEVERE ] updating countdown to 41479
[18:58:27.132] [SEVERE ] updating countdown to 41453
[18:58:27.158] [SEVERE ] updating countdown to 41427
[18:58:27.183] [SEVERE ] updating countdown to 41402
[18:58:27.209] [SEVERE ] updating countdown to 41376
[18:58:27.235] [SEVERE ] updating countdown to 41350
[18:58:27.262] [SEVERE ] updating countdown to 41323
[18:58:27.287] [SEVERE ] updating countdown to 41298
[18:58:27.313] [SEVERE ] updating countdown to 41272
[18:58:27.338] [SEVERE ] updating countdown to 41247
[18:58:27.364] [SEVERE ] updating countdown to 41221
[18:58:27.389] [SEVERE ] updating countdown to 41196
[18:58:27.415] [SEVERE ] updating countdown to 41170
[18:58:27.441] [SEVERE ] updating countdown to 41144
[18:58:27.467] [SEVERE ] updating countdown to 41118
[18:58:27.493] [SEVERE ] updating countdown to 41092
[18:58:27.519] [SEVERE ] updating countdown to 41066
[18:58:27.545] [SEVERE ] updating countdown to 41040
[18:58:27.571] [SEVERE ] updating countdown to 41014
[18:58:27.597] [SEVERE ] updating countdown to 40988
[18:58:27.623] [SEVERE ] updating countdown to 40962
[18:58:27.649] [SEVERE ] updating countdown to 40936
[18:58:27.675] [SEVERE ] updating countdown to 40910
[18:58:27.701] [SEVERE ] updating countdown to 40884
[18:58:27.728] [SEVERE ] updating countdown to 40857
[18:58:27.754] [SEVERE ] updating countdown to 40831
[18:58:27.780] [SEVERE ] updating countdown to 40805
[18:58:27.806] [SEVERE ] updating countdown to 40779
[18:58:27.832] [SEVERE ] updating countdown to 40753
[18:58:27.858] [SEVERE ] updating countdown to 40727
[18:58:27.885] [SEVERE ] updating countdown to 40701
[18:58:27.910] [SEVERE ] updating countdown to 40675
[18:58:27.936] [SEVERE ] updating countdown to 40649
[18:58:27.962] [SEVERE ] updating countdown to 40623
[18:58:27.988] [SEVERE ] updating countdown to 40597
[18:58:28.014] [SEVERE ] updating countdown to 40571
[18:58:28.040] [SEVERE ] updating countdown to 40545
[18:58:28.066] [SEVERE ] updating countdown to 40519
[18:58:28.093] [SEVERE ] updating countdown to 40492
[18:58:28.119] [SEVERE ] updating countdown to 40466
[18:58:28.145] [SEVERE ] updating countdown to 40440
[18:58:28.171] [SEVERE ] updating countdown to 40414
[18:58:28.197] [SEVERE ] updating countdown to 40388
[18:58:28.223] [SEVERE ] updating countdown to 40362
[18:58:28.249] [SEVERE ] updating countdown to 40336
[18:58:28.276] [SEVERE ] updating countdown to 40309
[18:58:28.302] [SEVERE ] updating countdown to 40283
[18:58:28.328] [SEVERE ] updating countdown to 40257
[18:58:28.354] [SEVERE ] updating countdown to 40231
[18:58:28.379] [SEVERE ] updating countdown to 40206
[18:58:28.405] [SEVERE ] updating countdown to 40180
[18:58:28.430] [SEVERE ] updating countdown to 40155
[18:58:28.456] [SEVERE ] updating countdown to 40129
[18:58:28.482] [SEVERE ] updating countdown to 40103
[18:58:28.508] [SEVERE ] updating countdown to 40077
[18:58:28.533] [SEVERE ] updating countdown to 40052
[18:58:28.560] [SEVERE ] updating countdown to 40025
[18:58:28.586] [SEVERE ] updating countdown to 39999
[18:58:28.612] [SEVERE ] updating countdown to 39973
[18:58:28.638] [SEVERE ] updating countdown to 39947
[18:58:28.664] [SEVERE ] updating countdown to 39921
[18:58:28.690] [SEVERE ] updating countdown to 39895
[18:58:28.717] [SEVERE ] updating countdown to 39868
[18:58:28.743] [SEVERE ] updating countdown to 39842
[18:58:28.769] [SEVERE ] updating countdown to 39816
[18:58:28.795] [SEVERE ] updating countdown to 39790
[18:58:28.821] [SEVERE ] updating countdown to 39764
[18:58:28.848] [SEVERE ] updating countdown to 39737
[18:58:28.873] [SEVERE ] updating countdown to 39712
[18:58:28.899] [SEVERE ] updating countdown to 39686
[18:58:28.926] [SEVERE ] updating countdown to 39659
[18:58:28.952] [SEVERE ] updating countdown to 39633
[18:58:28.979] [SEVERE ] updating countdown to 39606
[18:58:29.004] [SEVERE ] updating countdown to 39581
[18:58:29.030] [SEVERE ] updating countdown to 39555
[18:58:29.057] [SEVERE ] updating countdown to 39528
[18:58:29.083] [SEVERE ] updating countdown to 39502
[18:58:29.109] [SEVERE ] updating countdown to 39476
[18:58:29.135] [SEVERE ] updating countdown to 39450
[18:58:29.161] [SEVERE ] updating countdown to 39424
[18:58:29.187] [SEVERE ] updating countdown to 39398
[18:58:29.214] [SEVERE ] updating countdown to 39371
[18:58:29.240] [SEVERE ] updating countdown to 39345
[18:58:29.266] [SEVERE ] updating countdown to 39319
[18:58:29.292] [SEVERE ] updating countdown to 39293
[18:58:29.318] [SEVERE ] updating countdown to 39267
[18:58:29.344] [SEVERE ] updating countdown to 39241
[18:58:29.370] [SEVERE ] updating countdown to 39215
[18:58:29.396] [SEVERE ] updating countdown to 39189
[18:58:29.421] [SEVERE ] updating countdown to 39164
[18:58:29.447] [SEVERE ] updating countdown to 39138
[18:58:29.473] [SEVERE ] updating countdown to 39112
[18:58:29.499] [SEVERE ] updating countdown to 39086
[18:58:29.525] [SEVERE ] updating countdown to 39060
[18:58:29.553] [SEVERE ] updating countdown to 39032
[18:58:29.579] [SEVERE ] updating countdown to 39006
[18:58:29.605] [SEVERE ] updating countdown to 38980
[18:58:29.631] [SEVERE ] updating countdown to 38954
[18:58:29.656] [SEVERE ] updating countdown to 38929
[18:58:29.683] [SEVERE ] updating countdown to 38902
[18:58:29.709] [SEVERE ] updating countdown to 38876
[18:58:29.719] [SEVERE ] exit button pressed
[18:58:29.719] [INFO   ] thread Thread-1 terminated.
[18:58:29.719] [INFO   ] thread Thread-2 terminated.
[18:58:29.735] [SEVERE ] updating countdown to 38850
[18:58:29.745] [SEVERE ] removing card from slot 0
[18:58:29.756] [SEVERE ] removing card from slot 1
[18:58:29.767] [SEVERE ] removing card from slot 2
[18:58:29.777] [SEVERE ] removing card from slot 3
[18:58:29.788] [SEVERE ] removing card from slot 4
[18:58:29.799] [SEVERE ] removing card from slot 5
[18:58:29.811] [SEVERE ] removing card from slot 6
[18:58:29.823] [SEVERE ] removing card from slot 7
[18:58:29.836] [SEVERE ] removing card from slot 8
[18:58:29.848] [SEVERE ] removing card from slot 9
[18:58:29.860] [SEVERE ] removing card from slot 10
[18:58:29.872] [SEVERE ] removing card from slot 11
[18:58:29.874] [SEVERE ] announcing winner(s): player 1, player 2, player 3, player 4
[18:58:29.880] [INFO   ] thread dealer terminated.
[18:58:29.881] [INFO   ] thread dealer terminated.
[18:58:29.882] [SEVERE ] thanks for playing... it was fun!
[18:58:29.883] [INFO   ] thread bguspl.set.Main.main() terminated.
