[19:11:31.562] [INFO   ] thread bguspl.set.Main.main() starting.
[19:11:31.569] [SEVERE ] cannot read configuration file config.properties trying from resources.
[19:11:31.575] [SEVERE ] configuration file was loaded from resources directory.
[19:11:32.875] [INFO   ] thread dealer starting.
[19:11:32.876] [INFO   ] thread dealer starting.
[19:11:32.878] [INFO   ] thread Thread-1 starting.
[19:11:32.878] [INFO   ] thread Thread-3 starting.
[19:11:32.878] [INFO   ] thread Thread-2 starting.
[19:11:32.880] [INFO   ] thread computer-2 starting.
[19:11:32.984] [SEVERE ] placing card 25 in slot 0
[19:11:33.086] [SEVERE ] placing card 46 in slot 1
[19:11:33.188] [SEVERE ] placing card 24 in slot 2
[19:11:33.289] [SEVERE ] placing card 39 in slot 3
[19:11:33.390] [SEVERE ] placing card 20 in slot 4
[19:11:33.492] [SEVERE ] placing card 7 in slot 5
[19:11:33.594] [SEVERE ] placing card 50 in slot 6
[19:11:33.695] [SEVERE ] placing card 64 in slot 7
[19:11:33.796] [SEVERE ] placing card 63 in slot 8
[19:11:33.901] [SEVERE ] placing card 8 in slot 9
[19:11:34.003] [SEVERE ] placing card 41 in slot 10
[19:11:34.104] [SEVERE ] placing card 54 in slot 11
[19:11:34.105] [SEVERE ] updating countdown to 60000
[19:11:34.135] [SEVERE ] updating countdown to 59970
[19:11:34.231] [SEVERE ] updating countdown to 59874
[19:11:34.257] [SEVERE ] updating countdown to 59848
[19:11:34.283] [SEVERE ] updating countdown to 59822
[19:11:34.311] [SEVERE ] updating countdown to 59794
[19:11:34.337] [SEVERE ] updating countdown to 59768
[19:11:34.365] [SEVERE ] updating countdown to 59740
[19:11:34.413] [SEVERE ] updating countdown to 59692
[19:11:34.439] [SEVERE ] updating countdown to 59666
[19:11:34.465] [SEVERE ] updating countdown to 59640
[19:11:34.491] [SEVERE ] updating countdown to 59614
[19:11:34.518] [SEVERE ] updating countdown to 59587
[19:11:34.602] [SEVERE ] updating countdown to 59503
[19:11:34.628] [SEVERE ] updating countdown to 59477
[19:11:34.654] [SEVERE ] updating countdown to 59451
[19:11:34.681] [SEVERE ] updating countdown to 59424
[19:11:34.764] [SEVERE ] updating countdown to 59341
[19:11:34.790] [SEVERE ] updating countdown to 59315
[19:11:34.816] [SEVERE ] updating countdown to 59289
[19:11:34.842] [SEVERE ] updating countdown to 59264
[19:11:34.867] [SEVERE ] updating countdown to 59238
[19:11:34.893] [SEVERE ] updating countdown to 59212
[19:11:34.920] [SEVERE ] updating countdown to 59185
[19:11:34.959] [SEVERE ] updating countdown to 59146
[19:11:34.985] [SEVERE ] updating countdown to 59120
[19:11:35.012] [SEVERE ] updating countdown to 59093
[19:11:35.038] [SEVERE ] updating countdown to 59067
[19:11:35.064] [SEVERE ] updating countdown to 59041
[19:11:35.090] [SEVERE ] updating countdown to 59015
[19:11:35.117] [SEVERE ] updating countdown to 58988
[19:11:35.144] [SEVERE ] updating countdown to 58961
[19:11:35.170] [SEVERE ] updating countdown to 58935
[19:11:35.196] [SEVERE ] updating countdown to 58909
[19:11:35.222] [SEVERE ] updating countdown to 58883
[19:11:35.280] [SEVERE ] updating countdown to 58825
[19:11:35.305] [SEVERE ] updating countdown to 58800
[19:11:35.332] [SEVERE ] updating countdown to 58773
[19:11:35.358] [SEVERE ] updating countdown to 58747
[19:11:35.399] [SEVERE ] updating countdown to 58706
[19:11:35.425] [SEVERE ] updating countdown to 58680
[19:11:35.451] [SEVERE ] updating countdown to 58654
[19:11:35.477] [SEVERE ] updating countdown to 58628
[19:11:35.503] [SEVERE ] updating countdown to 58602
[19:11:35.531] [SEVERE ] updating countdown to 58574
[19:11:35.557] [SEVERE ] updating countdown to 58548
[19:11:35.583] [SEVERE ] updating countdown to 58522
[19:11:35.620] [SEVERE ] updating countdown to 58485
[19:11:35.646] [SEVERE ] updating countdown to 58459
[19:11:35.672] [SEVERE ] updating countdown to 58433
[19:11:35.698] [SEVERE ] updating countdown to 58407
[19:11:35.723] [SEVERE ] updating countdown to 58382
[19:11:35.750] [SEVERE ] updating countdown to 58355
[19:11:35.777] [SEVERE ] updating countdown to 58328
[19:11:35.803] [SEVERE ] updating countdown to 58302
[19:11:35.828] [SEVERE ] updating countdown to 58277
[19:11:35.854] [SEVERE ] updating countdown to 58251
[19:11:35.880] [SEVERE ] updating countdown to 58225
[19:11:35.906] [SEVERE ] updating countdown to 58199
[19:11:35.932] [SEVERE ] updating countdown to 58174
[19:11:35.958] [SEVERE ] updating countdown to 58147
[19:11:35.985] [SEVERE ] updating countdown to 58120
[19:11:36.018] [SEVERE ] updating countdown to 58087
[19:11:36.044] [SEVERE ] updating countdown to 58061
[19:11:36.070] [SEVERE ] updating countdown to 58035
[19:11:36.149] [SEVERE ] updating countdown to 57956
[19:11:36.175] [SEVERE ] updating countdown to 57930
[19:11:36.200] [SEVERE ] updating countdown to 57905
[19:11:36.227] [SEVERE ] updating countdown to 57879
[19:11:36.253] [SEVERE ] updating countdown to 57852
[19:11:36.278] [SEVERE ] updating countdown to 57827
[19:11:36.304] [SEVERE ] updating countdown to 57801
[19:11:36.330] [SEVERE ] updating countdown to 57775
[19:11:36.356] [SEVERE ] updating countdown to 57749
[19:11:36.384] [SEVERE ] updating countdown to 57721
[19:11:36.410] [SEVERE ] updating countdown to 57695
[19:11:36.436] [SEVERE ] updating countdown to 57669
[19:11:36.462] [SEVERE ] updating countdown to 57643
[19:11:36.497] [SEVERE ] updating countdown to 57608
[19:11:36.523] [SEVERE ] updating countdown to 57582
[19:11:36.568] [SEVERE ] updating countdown to 57537
[19:11:36.612] [SEVERE ] updating countdown to 57493
[19:11:36.637] [SEVERE ] updating countdown to 57468
[19:11:36.663] [SEVERE ] updating countdown to 57442
[19:11:36.689] [SEVERE ] updating countdown to 57416
[19:11:36.715] [SEVERE ] updating countdown to 57390
[19:11:36.741] [SEVERE ] updating countdown to 57364
[19:11:36.767] [SEVERE ] updating countdown to 57338
[19:11:36.819] [SEVERE ] updating countdown to 57286
[19:11:36.844] [SEVERE ] updating countdown to 57261
[19:11:36.870] [SEVERE ] updating countdown to 57235
[19:11:36.898] [SEVERE ] updating countdown to 57207
[19:11:36.926] [SEVERE ] updating countdown to 57179
[19:11:36.951] [SEVERE ] updating countdown to 57154
[19:11:36.977] [SEVERE ] updating countdown to 57128
[19:11:37.003] [SEVERE ] updating countdown to 57102
[19:11:37.030] [SEVERE ] updating countdown to 57075
[19:11:37.056] [SEVERE ] updating countdown to 57049
[19:11:37.082] [SEVERE ] updating countdown to 57023
[19:11:37.108] [SEVERE ] updating countdown to 56997
[19:11:37.134] [SEVERE ] updating countdown to 56971
[19:11:37.181] [SEVERE ] updating countdown to 56924
[19:11:37.207] [SEVERE ] updating countdown to 56898
[19:11:37.233] [SEVERE ] updating countdown to 56872
[19:11:37.259] [SEVERE ] updating countdown to 56846
[19:11:37.284] [SEVERE ] updating countdown to 56821
[19:11:37.315] [SEVERE ] updating countdown to 56790
[19:11:37.341] [SEVERE ] updating countdown to 56764
[19:11:37.404] [SEVERE ] updating countdown to 56701
[19:11:37.430] [SEVERE ] updating countdown to 56675
[19:11:37.456] [SEVERE ] updating countdown to 56649
[19:11:37.482] [SEVERE ] updating countdown to 56623
[19:11:37.508] [SEVERE ] updating countdown to 56597
[19:11:37.534] [SEVERE ] updating countdown to 56571
[19:11:37.601] [SEVERE ] updating countdown to 56504
[19:11:37.627] [SEVERE ] updating countdown to 56478
[19:11:37.653] [SEVERE ] updating countdown to 56452
[19:11:37.680] [SEVERE ] updating countdown to 56425
[19:11:37.706] [SEVERE ] updating countdown to 56399
[19:11:37.732] [SEVERE ] updating countdown to 56373
[19:11:37.758] [SEVERE ] updating countdown to 56347
[19:11:37.784] [SEVERE ] updating countdown to 56321
[19:11:37.810] [SEVERE ] updating countdown to 56295
[19:11:37.836] [SEVERE ] updating countdown to 56269
[19:11:37.874] [SEVERE ] updating countdown to 56231
[19:11:37.902] [SEVERE ] updating countdown to 56203
[19:11:37.928] [SEVERE ] updating countdown to 56177
[19:11:37.954] [SEVERE ] updating countdown to 56151
[19:11:37.991] [SEVERE ] updating countdown to 56114
[19:11:38.017] [SEVERE ] updating countdown to 56088
[19:11:38.043] [SEVERE ] updating countdown to 56062
[19:11:38.069] [SEVERE ] updating countdown to 56036
[19:11:38.094] [SEVERE ] updating countdown to 56011
[19:11:38.120] [SEVERE ] updating countdown to 55985
[19:11:38.146] [SEVERE ] updating countdown to 55959
[19:11:38.172] [SEVERE ] updating countdown to 55933
[19:11:38.197] [SEVERE ] updating countdown to 55908
[19:11:38.273] [SEVERE ] updating countdown to 55832
[19:11:38.299] [SEVERE ] updating countdown to 55806
[19:11:38.325] [SEVERE ] updating countdown to 55780
[19:11:38.351] [SEVERE ] updating countdown to 55754
[19:11:38.377] [SEVERE ] updating countdown to 55728
[19:11:38.413] [SEVERE ] updating countdown to 55692
[19:11:38.439] [SEVERE ] updating countdown to 55666
[19:11:38.473] [SEVERE ] updating countdown to 55632
[19:11:38.500] [SEVERE ] updating countdown to 55605
[19:11:38.569] [SEVERE ] updating countdown to 55536
[19:11:38.595] [SEVERE ] updating countdown to 55510
[19:11:38.620] [SEVERE ] updating countdown to 55485
[19:11:38.646] [SEVERE ] updating countdown to 55459
[19:11:38.672] [SEVERE ] updating countdown to 55433
[19:11:38.698] [SEVERE ] updating countdown to 55407
[19:11:38.724] [SEVERE ] updating countdown to 55381
[19:11:38.750] [SEVERE ] updating countdown to 55355
[19:11:38.776] [SEVERE ] updating countdown to 55329
[19:11:38.811] [SEVERE ] updating countdown to 55294
[19:11:38.837] [SEVERE ] updating countdown to 55268
[19:11:38.875] [SEVERE ] updating countdown to 55230
[19:11:38.901] [SEVERE ] updating countdown to 55204
[19:11:38.927] [SEVERE ] updating countdown to 55178
[19:11:38.981] [SEVERE ] updating countdown to 55124
[19:11:39.007] [SEVERE ] updating countdown to 55098
[19:11:39.032] [SEVERE ] updating countdown to 55073
[19:11:39.058] [SEVERE ] updating countdown to 55047
[19:11:39.084] [SEVERE ] updating countdown to 55021
[19:11:39.110] [SEVERE ] updating countdown to 54995
[19:11:39.136] [SEVERE ] updating countdown to 54969
[19:11:39.161] [SEVERE ] updating countdown to 54944
[19:11:39.188] [SEVERE ] updating countdown to 54917
[19:11:39.214] [SEVERE ] updating countdown to 54891
[19:11:39.240] [SEVERE ] updating countdown to 54865
[19:11:39.267] [SEVERE ] updating countdown to 54839
[19:11:39.293] [SEVERE ] updating countdown to 54812
[19:11:39.319] [SEVERE ] updating countdown to 54786
[19:11:39.355] [SEVERE ] updating countdown to 54750
[19:11:39.381] [SEVERE ] updating countdown to 54724
[19:11:39.407] [SEVERE ] updating countdown to 54698
[19:11:39.432] [SEVERE ] updating countdown to 54673
[19:11:39.458] [SEVERE ] updating countdown to 54647
[19:11:39.500] [SEVERE ] updating countdown to 54605
[19:11:39.567] [SEVERE ] updating countdown to 54538
[19:11:39.593] [SEVERE ] updating countdown to 54512
[19:11:39.618] [SEVERE ] updating countdown to 54487
[19:11:39.646] [SEVERE ] updating countdown to 54459
[19:11:39.675] [SEVERE ] updating countdown to 54430
[19:11:39.701] [SEVERE ] updating countdown to 54404
[19:11:39.734] [SEVERE ] updating countdown to 54371
[19:11:39.760] [SEVERE ] updating countdown to 54345
[19:11:39.803] [SEVERE ] updating countdown to 54302
[19:11:39.829] [SEVERE ] updating countdown to 54276
[19:11:39.854] [SEVERE ] updating countdown to 54251
[19:11:39.880] [SEVERE ] updating countdown to 54225
[19:11:39.907] [SEVERE ] updating countdown to 54199
[19:11:39.932] [SEVERE ] updating countdown to 54173
[19:11:39.981] [SEVERE ] updating countdown to 54124
[19:11:40.007] [SEVERE ] updating countdown to 54098
[19:11:40.033] [SEVERE ] updating countdown to 54072
[19:11:40.058] [SEVERE ] updating countdown to 54047
[19:11:40.084] [SEVERE ] updating countdown to 54021
[19:11:40.111] [SEVERE ] updating countdown to 53994
[19:11:40.136] [SEVERE ] updating countdown to 53969
[19:11:40.162] [SEVERE ] updating countdown to 53943
[19:11:40.188] [SEVERE ] updating countdown to 53917
[19:11:40.230] [SEVERE ] updating countdown to 53875
[19:11:40.256] [SEVERE ] updating countdown to 53849
[19:11:40.283] [SEVERE ] updating countdown to 53822
[19:11:40.308] [SEVERE ] updating countdown to 53797
[19:11:40.342] [SEVERE ] updating countdown to 53763
[19:11:40.368] [SEVERE ] updating countdown to 53737
[19:11:40.396] [SEVERE ] updating countdown to 53709
[19:11:40.444] [SEVERE ] updating countdown to 53661
[19:11:40.470] [SEVERE ] updating countdown to 53635
[19:11:40.496] [SEVERE ] updating countdown to 53609
[19:11:40.522] [SEVERE ] updating countdown to 53583
[19:11:40.548] [SEVERE ] updating countdown to 53557
[19:11:40.591] [SEVERE ] updating countdown to 53514
[19:11:40.617] [SEVERE ] updating countdown to 53488
[19:11:40.643] [SEVERE ] updating countdown to 53462
[19:11:40.669] [SEVERE ] updating countdown to 53436
[19:11:40.696] [SEVERE ] updating countdown to 53409
[19:11:40.722] [SEVERE ] updating countdown to 53383
[19:11:40.750] [SEVERE ] updating countdown to 53355
[19:11:40.776] [SEVERE ] updating countdown to 53329
[19:11:40.809] [SEVERE ] updating countdown to 53296
[19:11:40.835] [SEVERE ] updating countdown to 53270
[19:11:40.861] [SEVERE ] updating countdown to 53244
[19:11:40.887] [SEVERE ] updating countdown to 53218
[19:11:40.913] [SEVERE ] updating countdown to 53192
[19:11:40.939] [SEVERE ] updating countdown to 53166
[19:11:40.965] [SEVERE ] updating countdown to 53140
[19:11:40.999] [SEVERE ] updating countdown to 53106
[19:11:41.027] [SEVERE ] updating countdown to 53078
[19:11:41.053] [SEVERE ] updating countdown to 53052
[19:11:41.081] [SEVERE ] updating countdown to 53024
[19:11:41.106] [SEVERE ] updating countdown to 52999
[19:11:41.133] [SEVERE ] updating countdown to 52972
[19:11:41.158] [SEVERE ] updating countdown to 52947
[19:11:41.184] [SEVERE ] updating countdown to 52921
[19:11:41.210] [SEVERE ] updating countdown to 52895
[19:11:41.236] [SEVERE ] updating countdown to 52869
[19:11:41.272] [SEVERE ] updating countdown to 52833
[19:11:41.298] [SEVERE ] updating countdown to 52807
[19:11:41.324] [SEVERE ] updating countdown to 52781
[19:11:41.349] [SEVERE ] updating countdown to 52756
[19:11:41.377] [SEVERE ] updating countdown to 52728
[19:11:41.403] [SEVERE ] updating countdown to 52702
[19:11:41.428] [SEVERE ] updating countdown to 52677
[19:11:41.454] [SEVERE ] updating countdown to 52651
[19:11:41.483] [SEVERE ] updating countdown to 52622
[19:11:41.509] [SEVERE ] updating countdown to 52596
[19:11:41.535] [SEVERE ] updating countdown to 52570
[19:11:41.571] [SEVERE ] updating countdown to 52534
[19:11:41.597] [SEVERE ] updating countdown to 52508
[19:11:41.624] [SEVERE ] updating countdown to 52481
[19:11:41.650] [SEVERE ] updating countdown to 52455
[19:11:41.677] [SEVERE ] updating countdown to 52428
[19:11:41.704] [SEVERE ] updating countdown to 52401
[19:11:41.730] [SEVERE ] updating countdown to 52375
[19:11:41.757] [SEVERE ] updating countdown to 52348
[19:11:41.784] [SEVERE ] updating countdown to 52321
[19:11:41.810] [SEVERE ] updating countdown to 52295
[19:11:41.837] [SEVERE ] updating countdown to 52268
[19:11:41.863] [SEVERE ] updating countdown to 52242
[19:11:41.889] [SEVERE ] updating countdown to 52216
[19:11:41.915] [SEVERE ] updating countdown to 52190
[19:11:41.940] [SEVERE ] updating countdown to 52165
[19:11:41.966] [SEVERE ] updating countdown to 52139
[19:11:41.998] [SEVERE ] updating countdown to 52107
[19:11:42.023] [SEVERE ] updating countdown to 52082
[19:11:42.049] [SEVERE ] updating countdown to 52056
[19:11:42.075] [SEVERE ] updating countdown to 52030
[19:11:42.101] [SEVERE ] updating countdown to 52004
[19:11:42.126] [SEVERE ] updating countdown to 51979
[19:11:42.153] [SEVERE ] updating countdown to 51952
[19:11:42.182] [SEVERE ] updating countdown to 51923
[19:11:42.212] [SEVERE ] updating countdown to 51893
[19:11:42.238] [SEVERE ] updating countdown to 51867
[19:11:42.265] [SEVERE ] updating countdown to 51841
[19:11:42.290] [SEVERE ] updating countdown to 51815
[19:11:42.316] [SEVERE ] updating countdown to 51789
[19:11:42.342] [SEVERE ] updating countdown to 51763
[19:11:42.368] [SEVERE ] updating countdown to 51737
[19:11:42.394] [SEVERE ] updating countdown to 51711
[19:11:42.420] [SEVERE ] updating countdown to 51685
[19:11:42.446] [SEVERE ] updating countdown to 51659
[19:11:42.472] [SEVERE ] updating countdown to 51633
[19:11:42.497] [SEVERE ] updating countdown to 51608
[19:11:42.523] [SEVERE ] updating countdown to 51582
[19:11:42.594] [SEVERE ] updating countdown to 51511
[19:11:42.619] [SEVERE ] updating countdown to 51486
[19:11:42.646] [SEVERE ] updating countdown to 51459
[19:11:42.672] [SEVERE ] updating countdown to 51433
[19:11:42.699] [SEVERE ] updating countdown to 51406
[19:11:42.725] [SEVERE ] updating countdown to 51380
[19:11:42.751] [SEVERE ] updating countdown to 51354
[19:11:42.776] [SEVERE ] updating countdown to 51329
[19:11:42.815] [SEVERE ] updating countdown to 51290
[19:11:42.841] [SEVERE ] updating countdown to 51264
[19:11:42.867] [SEVERE ] updating countdown to 51238
[19:11:42.893] [SEVERE ] updating countdown to 51212
[19:11:42.919] [SEVERE ] updating countdown to 51186
[19:11:42.945] [SEVERE ] updating countdown to 51160
[19:11:42.971] [SEVERE ] updating countdown to 51134
[19:11:42.997] [SEVERE ] updating countdown to 51108
[19:11:43.030] [SEVERE ] updating countdown to 51075
[19:11:43.056] [SEVERE ] updating countdown to 51049
[19:11:43.081] [SEVERE ] updating countdown to 51024
[19:11:43.108] [SEVERE ] updating countdown to 50997
[19:11:43.134] [SEVERE ] updating countdown to 50971
[19:11:43.160] [SEVERE ] updating countdown to 50945
[19:11:43.186] [SEVERE ] updating countdown to 50919
[19:11:43.212] [SEVERE ] updating countdown to 50893
[19:11:43.237] [SEVERE ] updating countdown to 50868
[19:11:43.267] [SEVERE ] updating countdown to 50838
[19:11:43.293] [SEVERE ] updating countdown to 50812
[19:11:43.318] [SEVERE ] updating countdown to 50787
[19:11:43.344] [SEVERE ] updating countdown to 50761
[19:11:43.370] [SEVERE ] updating countdown to 50735
[19:11:43.401] [SEVERE ] updating countdown to 50704
[19:11:43.427] [SEVERE ] updating countdown to 50678
[19:11:43.453] [SEVERE ] updating countdown to 50652
[19:11:43.479] [SEVERE ] updating countdown to 50626
[19:11:43.551] [SEVERE ] updating countdown to 50554
[19:11:43.577] [SEVERE ] updating countdown to 50528
[19:11:43.604] [SEVERE ] updating countdown to 50501
[19:11:43.630] [SEVERE ] updating countdown to 50475
[19:11:43.670] [SEVERE ] updating countdown to 50435
[19:11:43.696] [SEVERE ] updating countdown to 50409
[19:11:43.722] [SEVERE ] updating countdown to 50383
[19:11:43.748] [SEVERE ] updating countdown to 50357
[19:11:43.781] [SEVERE ] updating countdown to 50324
[19:11:43.807] [SEVERE ] updating countdown to 50298
[19:11:43.834] [SEVERE ] updating countdown to 50271
[19:11:43.860] [SEVERE ] updating countdown to 50245
[19:11:43.928] [SEVERE ] updating countdown to 50177
[19:11:43.954] [SEVERE ] updating countdown to 50151
[19:11:43.980] [SEVERE ] updating countdown to 50125
[19:11:44.012] [SEVERE ] updating countdown to 50093
[19:11:44.038] [SEVERE ] updating countdown to 50067
[19:11:44.064] [SEVERE ] updating countdown to 50041
[19:11:44.090] [SEVERE ] updating countdown to 50015
[19:11:44.117] [SEVERE ] updating countdown to 49988
[19:11:44.144] [SEVERE ] updating countdown to 49961
[19:11:44.170] [SEVERE ] updating countdown to 49935
[19:11:44.196] [SEVERE ] updating countdown to 49909
[19:11:44.222] [SEVERE ] updating countdown to 49883
[19:11:44.248] [SEVERE ] updating countdown to 49857
[19:11:44.274] [SEVERE ] updating countdown to 49831
[19:11:44.300] [SEVERE ] updating countdown to 49805
[19:11:44.367] [SEVERE ] updating countdown to 49738
[19:11:44.393] [SEVERE ] updating countdown to 49712
[19:11:44.418] [SEVERE ] updating countdown to 49687
[19:11:44.444] [SEVERE ] updating countdown to 49661
[19:11:44.470] [SEVERE ] updating countdown to 49635
[19:11:44.496] [SEVERE ] updating countdown to 49609
[19:11:44.522] [SEVERE ] updating countdown to 49583
[19:11:44.548] [SEVERE ] updating countdown to 49557
[19:11:44.574] [SEVERE ] updating countdown to 49531
[19:11:44.604] [SEVERE ] updating countdown to 49501
[19:11:44.630] [SEVERE ] updating countdown to 49475
[19:11:44.656] [SEVERE ] updating countdown to 49449
[19:11:44.682] [SEVERE ] updating countdown to 49423
[19:11:44.705] [SEVERE ] exit button pressed
[19:11:44.724] [INFO   ] thread Thread-2 terminated.
[19:11:44.724] [INFO   ] thread Thread-1 terminated.
[19:11:44.749] [SEVERE ] updating countdown to 49356
[19:11:44.849] [SEVERE ] removing card from slot 0
[19:11:44.956] [SEVERE ] removing card from slot 1
[19:11:45.058] [SEVERE ] removing card from slot 2
[19:11:45.159] [SEVERE ] removing card from slot 3
[19:11:45.260] [SEVERE ] removing card from slot 4
[19:11:45.360] [SEVERE ] removing card from slot 5
[19:11:45.461] [SEVERE ] removing card from slot 6
[19:11:45.562] [SEVERE ] removing card from slot 7
[19:11:45.665] [SEVERE ] removing card from slot 8
[19:11:45.767] [SEVERE ] removing card from slot 9
[19:11:45.868] [SEVERE ] removing card from slot 10
[19:11:45.969] [SEVERE ] removing card from slot 11
[19:11:45.971] [SEVERE ] announcing winner(s): player 1, player 2, player 3
[19:11:45.972] [INFO   ] thread dealer terminated.
[19:11:45.973] [INFO   ] thread dealer terminated.
[19:11:45.973] [SEVERE ] thanks for playing... it was fun!
[19:11:45.974] [INFO   ] thread bguspl.set.Main.main() terminated.
