[19:05:34.747] [INFO   ] thread bguspl.set.Main.main() starting.
[19:05:34.767] [SEVERE ] cannot read configuration file config.properties trying from resources.
[19:05:34.784] [SEVERE ] configuration file was loaded from resources directory.
[19:05:35.832] [INFO   ] thread dealer starting.
[19:05:35.835] [INFO   ] thread dealer starting.
[19:05:35.836] [INFO   ] thread Thread-1 starting.
[19:05:35.837] [INFO   ] thread Thread-4 starting.
[19:05:35.837] [INFO   ] thread Thread-3 starting.
[19:05:35.837] [INFO   ] thread Thread-2 starting.
[19:05:35.838] [INFO   ] thread computer-2 starting.
[19:05:35.838] [INFO   ] thread computer-3 starting.
[19:05:35.944] [SEVERE ] placing card 42 in slot 0
[19:05:36.045] [SEVERE ] placing card 55 in slot 1
[19:05:36.147] [SEVERE ] placing card 52 in slot 2
[19:05:36.248] [SEVERE ] placing card 29 in slot 3
[19:05:36.349] [SEVERE ] placing card 13 in slot 4
[19:05:36.455] [SEVERE ] placing card 33 in slot 5
[19:05:36.562] [SEVERE ] placing card 27 in slot 6
[19:05:36.663] [SEVERE ] placing card 48 in slot 7
[19:05:36.764] [SEVERE ] placing card 70 in slot 8
[19:05:36.884] [SEVERE ] placing card 66 in slot 9
[19:05:37.005] [SEVERE ] placing card 5 in slot 10
[19:05:37.114] [SEVERE ] placing card 17 in slot 11
[19:05:37.120] [SEVERE ] updating countdown to 60000
[19:05:37.147] [SEVERE ] updating countdown to 59973
[19:05:37.197] [SEVERE ] updating countdown to 59923
[19:05:37.223] [SEVERE ] updating countdown to 59897
[19:05:37.251] [SEVERE ] updating countdown to 59869
[19:05:37.279] [SEVERE ] updating countdown to 59841
[19:05:37.312] [SEVERE ] updating countdown to 59808
[19:05:37.339] [SEVERE ] updating countdown to 59781
[19:05:37.366] [SEVERE ] updating countdown to 59754
[19:05:37.392] [SEVERE ] updating countdown to 59728
[19:05:37.419] [SEVERE ] updating countdown to 59701
[19:05:37.489] [SEVERE ] updating countdown to 59631
[19:05:37.514] [SEVERE ] updating countdown to 59606
[19:05:37.541] [SEVERE ] updating countdown to 59580
[19:05:37.566] [SEVERE ] updating countdown to 59554
[19:05:37.592] [SEVERE ] updating countdown to 59528
[19:05:37.618] [SEVERE ] updating countdown to 59502
[19:05:37.644] [SEVERE ] updating countdown to 59476
[19:05:37.670] [SEVERE ] updating countdown to 59450
[19:05:37.708] [SEVERE ] updating countdown to 59412
[19:05:37.734] [SEVERE ] updating countdown to 59386
[19:05:37.760] [SEVERE ] updating countdown to 59360
[19:05:37.786] [SEVERE ] updating countdown to 59334
[19:05:37.814] [SEVERE ] updating countdown to 59306
[19:05:37.839] [SEVERE ] updating countdown to 59281
[19:05:37.865] [SEVERE ] updating countdown to 59255
[19:05:37.896] [SEVERE ] updating countdown to 59224
[19:05:37.922] [SEVERE ] updating countdown to 59198
[19:05:37.961] [SEVERE ] updating countdown to 59159
[19:05:37.987] [SEVERE ] updating countdown to 59133
[19:05:38.013] [SEVERE ] updating countdown to 59107
[19:05:38.039] [SEVERE ] updating countdown to 59082
[19:05:38.065] [SEVERE ] updating countdown to 59055
[19:05:38.091] [SEVERE ] updating countdown to 59029
[19:05:38.117] [SEVERE ] updating countdown to 59003
[19:05:38.143] [SEVERE ] updating countdown to 58977
[19:05:38.190] [SEVERE ] updating countdown to 58930
[19:05:38.217] [SEVERE ] updating countdown to 58903
[19:05:38.243] [SEVERE ] updating countdown to 58877
[19:05:38.272] [SEVERE ] updating countdown to 58848
[19:05:38.352] [SEVERE ] updating countdown to 58768
[19:05:38.378] [SEVERE ] updating countdown to 58742
[19:05:38.405] [SEVERE ] updating countdown to 58715
[19:05:38.430] [SEVERE ] updating countdown to 58690
[19:05:38.457] [SEVERE ] updating countdown to 58663
[19:05:38.509] [SEVERE ] updating countdown to 58611
[19:05:38.535] [SEVERE ] updating countdown to 58585
[19:05:38.561] [SEVERE ] updating countdown to 58559
[19:05:38.588] [SEVERE ] updating countdown to 58532
[19:05:38.618] [SEVERE ] updating countdown to 58502
[19:05:38.644] [SEVERE ] updating countdown to 58476
[19:05:38.670] [SEVERE ] updating countdown to 58450
[19:05:38.699] [SEVERE ] updating countdown to 58421
[19:05:38.726] [SEVERE ] updating countdown to 58394
[19:05:38.758] [SEVERE ] updating countdown to 58362
[19:05:38.784] [SEVERE ] updating countdown to 58336
[19:05:38.811] [SEVERE ] updating countdown to 58309
[19:05:38.837] [SEVERE ] updating countdown to 58283
[19:05:38.863] [SEVERE ] updating countdown to 58257
[19:05:38.890] [SEVERE ] updating countdown to 58230
[19:05:38.917] [SEVERE ] updating countdown to 58203
[19:05:38.943] [SEVERE ] updating countdown to 58177
[19:05:38.970] [SEVERE ] updating countdown to 58150
[19:05:38.996] [SEVERE ] updating countdown to 58124
[19:05:39.022] [SEVERE ] updating countdown to 58098
[19:05:39.049] [SEVERE ] updating countdown to 58071
[19:05:39.075] [SEVERE ] updating countdown to 58045
[19:05:39.101] [SEVERE ] updating countdown to 58019
[19:05:39.127] [SEVERE ] updating countdown to 57993
[19:05:39.153] [SEVERE ] updating countdown to 57967
[19:05:39.179] [SEVERE ] updating countdown to 57941
[19:05:39.205] [SEVERE ] updating countdown to 57915
[19:05:39.231] [SEVERE ] updating countdown to 57889
[19:05:39.258] [SEVERE ] updating countdown to 57862
[19:05:39.310] [SEVERE ] updating countdown to 57810
[19:05:39.336] [SEVERE ] updating countdown to 57784
[19:05:39.363] [SEVERE ] updating countdown to 57757
[19:05:39.390] [SEVERE ] updating countdown to 57730
[19:05:39.417] [SEVERE ] updating countdown to 57703
[19:05:39.443] [SEVERE ] updating countdown to 57677
[19:05:39.469] [SEVERE ] updating countdown to 57651
[19:05:39.500] [SEVERE ] updating countdown to 57620
[19:05:39.526] [SEVERE ] updating countdown to 57594
[19:05:39.580] [SEVERE ] updating countdown to 57540
[19:05:39.606] [SEVERE ] updating countdown to 57514
[19:05:39.632] [SEVERE ] updating countdown to 57488
[19:05:39.658] [SEVERE ] updating countdown to 57462
[19:05:39.686] [SEVERE ] updating countdown to 57434
[19:05:39.712] [SEVERE ] updating countdown to 57408
[19:05:39.738] [SEVERE ] updating countdown to 57382
[19:05:39.763] [SEVERE ] updating countdown to 57357
[19:05:39.790] [SEVERE ] updating countdown to 57331
[19:05:39.816] [SEVERE ] updating countdown to 57305
[19:05:39.842] [SEVERE ] updating countdown to 57278
[19:05:39.868] [SEVERE ] updating countdown to 57252
[19:05:39.894] [SEVERE ] updating countdown to 57226
[19:05:39.927] [SEVERE ] updating countdown to 57193
[19:05:39.952] [SEVERE ] updating countdown to 57168
[19:05:39.988] [SEVERE ] updating countdown to 57132
[19:05:40.030] [SEVERE ] updating countdown to 57090
[19:05:40.056] [SEVERE ] updating countdown to 57064
[19:05:40.082] [SEVERE ] updating countdown to 57038
[19:05:40.108] [SEVERE ] updating countdown to 57012
[19:05:40.135] [SEVERE ] updating countdown to 56985
[19:05:40.161] [SEVERE ] updating countdown to 56959
[19:05:40.187] [SEVERE ] updating countdown to 56933
[19:05:40.213] [SEVERE ] updating countdown to 56907
[19:05:40.239] [SEVERE ] updating countdown to 56881
[19:05:40.265] [SEVERE ] updating countdown to 56855
[19:05:40.291] [SEVERE ] updating countdown to 56829
[19:05:40.316] [SEVERE ] updating countdown to 56804
[19:05:40.343] [SEVERE ] updating countdown to 56777
[19:05:40.370] [SEVERE ] updating countdown to 56750
[19:05:40.396] [SEVERE ] updating countdown to 56724
[19:05:40.427] [SEVERE ] updating countdown to 56693
[19:05:40.453] [SEVERE ] updating countdown to 56667
[19:05:40.479] [SEVERE ] updating countdown to 56641
[19:05:40.505] [SEVERE ] updating countdown to 56615
[19:05:40.532] [SEVERE ] updating countdown to 56588
[19:05:40.558] [SEVERE ] updating countdown to 56562
[19:05:40.584] [SEVERE ] updating countdown to 56536
[19:05:40.609] [SEVERE ] updating countdown to 56511
[19:05:40.635] [SEVERE ] updating countdown to 56485
[19:05:40.662] [SEVERE ] updating countdown to 56458
[19:05:40.687] [SEVERE ] updating countdown to 56433
[19:05:40.713] [SEVERE ] updating countdown to 56407
[19:05:40.740] [SEVERE ] updating countdown to 56380
[19:05:40.766] [SEVERE ] updating countdown to 56354
[19:05:40.792] [SEVERE ] updating countdown to 56328
[19:05:40.819] [SEVERE ] updating countdown to 56301
[19:05:40.845] [SEVERE ] updating countdown to 56275
[19:05:40.871] [SEVERE ] updating countdown to 56249
[19:05:40.897] [SEVERE ] updating countdown to 56223
[19:05:40.923] [SEVERE ] updating countdown to 56197
[19:05:40.951] [SEVERE ] updating countdown to 56170
[19:05:40.980] [SEVERE ] updating countdown to 56140
[19:05:41.008] [SEVERE ] updating countdown to 56112
[19:05:41.024] [SEVERE ] exit button pressed
[19:05:41.025] [INFO   ] thread Thread-2 terminated.
[19:05:41.025] [INFO   ] thread Thread-1 terminated.
[19:05:41.034] [SEVERE ] updating countdown to 56086
[19:05:41.135] [SEVERE ] removing card from slot 0
[19:05:41.236] [SEVERE ] removing card from slot 1
[19:05:41.340] [SEVERE ] removing card from slot 2
[19:05:41.442] [SEVERE ] removing card from slot 3
[19:05:41.543] [SEVERE ] removing card from slot 4
[19:05:41.645] [SEVERE ] removing card from slot 5
[19:05:41.749] [SEVERE ] removing card from slot 6
[19:05:41.863] [SEVERE ] removing card from slot 7
[19:05:41.966] [SEVERE ] removing card from slot 8
[19:05:42.068] [SEVERE ] removing card from slot 9
[19:05:42.171] [SEVERE ] removing card from slot 10
[19:05:42.272] [SEVERE ] removing card from slot 11
[19:05:42.273] [SEVERE ] announcing winner(s): player 1, player 2, player 3, player 4
[19:05:42.275] [INFO   ] thread dealer terminated.
[19:05:42.275] [INFO   ] thread dealer terminated.
[19:05:42.275] [SEVERE ] thanks for playing... it was fun!
[19:05:42.276] [INFO   ] thread bguspl.set.Main.main() terminated.
