[20:35:09.610] [INFO   ] thread bguspl.set.Main.main() starting.
[20:35:09.618] [SEVERE ] cannot read configuration file config.properties trying from resources.
[20:35:09.624] [SEVERE ] configuration file was loaded from resources directory.
[20:35:10.769] [INFO   ] thread dealer starting.
[20:35:10.770] [INFO   ] thread dealer starting.
[20:35:10.772] [INFO   ] thread Thread-1 starting.
[20:35:10.773] [INFO   ] thread Thread-6 starting.
[20:35:10.773] [INFO   ] thread Thread-5 starting.
[20:35:10.773] [INFO   ] thread Thread-4 starting.
[20:35:10.773] [INFO   ] thread Thread-3 starting.
[20:35:10.772] [INFO   ] thread Thread-2 starting.
[20:35:10.775] [INFO   ] thread computer-3 starting.
[20:35:10.775] [INFO   ] thread computer-5 starting.
[20:35:10.775] [INFO   ] thread computer-4 starting.
[20:35:10.774] [INFO   ] thread computer-0 starting.
[20:35:10.774] [INFO   ] thread Thread-10 starting.
[20:35:10.774] [INFO   ] thread Thread-9 starting.
[20:35:10.781] [INFO   ] thread computer-9 starting.
[20:35:10.774] [INFO   ] thread Thread-8 starting.
[20:35:10.773] [INFO   ] thread Thread-7 starting.
[20:35:10.781] [INFO   ] thread computer-8 starting.
[20:35:10.779] [SEVERE ] placing card 67 in slot 0
[20:35:10.778] [INFO   ] thread computer-1 starting.
[20:35:10.778] [INFO   ] thread computer-2 starting.
[20:35:10.783] [INFO   ] thread computer-6 starting.
[20:35:10.783] [INFO   ] thread computer-7 starting.
[20:35:10.786] [SEVERE ] placing card 48 in slot 1
[20:35:10.788] [SEVERE ] placing card 56 in slot 2
[20:35:10.793] [SEVERE ] placing card 78 in slot 3
[20:35:10.800] [SEVERE ] placing card 32 in slot 4
[20:35:10.806] [SEVERE ] placing card 62 in slot 5
[20:35:10.816] [SEVERE ] placing card 64 in slot 6
[20:35:10.820] [SEVERE ] placing card 41 in slot 7
[20:35:10.825] [SEVERE ] placing card 3 in slot 8
[20:35:10.831] [SEVERE ] placing card 15 in slot 9
[20:35:10.835] [SEVERE ] placing card 54 in slot 10
[20:35:10.838] [SEVERE ] placing card 42 in slot 11
[20:35:10.841] [SEVERE ] updating countdown to 20000
[20:35:10.869] [SEVERE ] updating countdown to 19972
[20:35:10.880] [SEVERE ] player 6 placing token on slot 10
[20:35:10.880] [SEVERE ] player 5 placing token on slot 0
[20:35:10.880] [SEVERE ] player 4 placing token on slot 11
[20:35:10.886] [SEVERE ] player 3 placing token on slot 5
[20:35:10.885] [SEVERE ] player 2 placing token on slot 2
[20:35:10.883] [SEVERE ] player 9 placing token on slot 7
[20:35:10.882] [SEVERE ] player 10 placing token on slot 7
[20:35:10.881] [SEVERE ] player 1 placing token on slot 2
[20:35:10.888] [SEVERE ] player 7 placing token on slot 9
[20:35:10.888] [SEVERE ] player 8 placing token on slot 2
[20:35:10.895] [SEVERE ] updating countdown to 19946
[20:35:10.923] [SEVERE ] updating countdown to 19918
[20:35:10.930] [SEVERE ] removing player 6 token from slot 10
[20:35:10.938] [SEVERE ] player 8 placing token on slot 5
[20:35:10.938] [SEVERE ] player 7 placing token on slot 8
[20:35:10.936] [SEVERE ] player 3 placing token on slot 7
[20:35:10.936] [SEVERE ] removing player 2 token from slot 2
[20:35:10.933] [SEVERE ] player 9 placing token on slot 3
[20:35:10.932] [SEVERE ] player 10 placing token on slot 9
[20:35:10.931] [SEVERE ] player 1 placing token on slot 6
[20:35:10.930] [SEVERE ] player 5 placing token on slot 6
[20:35:10.930] [SEVERE ] player 4 placing token on slot 9
[20:35:10.950] [SEVERE ] updating countdown to 19891
[20:35:10.980] [SEVERE ] player 5 placing token on slot 7
[20:35:10.981] [SEVERE ] removing player 1 token from slot 2
[20:35:10.980] [SEVERE ] player 6 placing token on slot 8
[20:35:10.980] [SEVERE ] player 4 placing token on slot 8
[20:35:10.983] [SEVERE ] player 10 placing token on slot 1
[20:35:10.981] [SEVERE ] updating countdown to 19860
[20:35:10.984] [SEVERE ] player 9 placing token on slot 5
[20:35:10.985] [SEVERE ] setting player 10 freeze to 0
[20:35:10.985] [SEVERE ] setting player 4 freeze to 0
[20:35:10.985] [SEVERE ] setting player 5 freeze to 0
[20:35:10.988] [SEVERE ] player 8 placing token on slot 7
[20:35:10.988] [SEVERE ] player 7 placing token on slot 5
[20:35:10.987] [SEVERE ] removing player 3 token from slot 7
[20:35:10.986] [SEVERE ] player 2 placing token on slot 4
[20:35:10.985] [SEVERE ] updating countdown to 19856
[20:35:10.994] [SEVERE ] setting player 4 freeze to -9
[20:35:10.995] [SEVERE ] setting player 4 freeze to 0
[20:35:10.995] [SEVERE ] setting player 5 freeze to -10
[20:35:10.996] [SEVERE ] setting player 5 freeze to 0
[20:35:10.996] [SEVERE ] setting player 10 freeze to -11
[20:35:10.996] [SEVERE ] setting player 10 freeze to 0
[20:35:10.996] [SEVERE ] setting player 9 freeze to 0
[20:35:10.997] [SEVERE ] setting player 7 freeze to 0
[20:35:10.997] [SEVERE ] setting player 8 freeze to 0
[20:35:11.022] [SEVERE ] updating countdown to 19819
[20:35:11.022] [SEVERE ] setting player 7 freeze to -26
[20:35:11.023] [SEVERE ] setting player 7 freeze to 0
[20:35:11.023] [SEVERE ] setting player 8 freeze to -27
[20:35:11.024] [SEVERE ] setting player 8 freeze to 0
[20:35:11.025] [SEVERE ] setting player 9 freeze to -29
[20:35:11.025] [SEVERE ] setting player 9 freeze to 0
[20:35:11.030] [SEVERE ] player 6 placing token on slot 3
[20:35:11.031] [SEVERE ] player 1 placing token on slot 9
[20:35:11.036] [SEVERE ] player 2 placing token on slot 1
[20:35:11.037] [SEVERE ] player 3 placing token on slot 10
[20:35:11.038] [SEVERE ] removing player 8 token from slot 5
[20:35:11.051] [SEVERE ] updating countdown to 19790
[20:35:11.077] [SEVERE ] updating countdown to 19764
[20:35:11.081] [SEVERE ] player 6 placing token on slot 10
[20:35:11.081] [SEVERE ] player 1 placing token on slot 2
[20:35:11.083] [SEVERE ] removing player 10 token from slot 1
[20:35:11.082] [SEVERE ] updating countdown to 19759
[20:35:11.084] [SEVERE ] removing player 9 token from slot 7
[20:35:11.086] [SEVERE ] setting player 6 freeze to 0
[20:35:11.087] [SEVERE ] player 2 placing token on slot 11
[20:35:11.086] [SEVERE ] setting player 1 freeze to 0
[20:35:11.089] [SEVERE ] updating countdown to 19752
[20:35:11.088] [SEVERE ] player 8 placing token on slot 5
[20:35:11.088] [SEVERE ] player 3 placing token on slot 6
[20:35:11.091] [SEVERE ] setting player 1 freeze to -5
[20:35:11.093] [SEVERE ] setting player 1 freeze to 0
[20:35:11.093] [SEVERE ] setting player 6 freeze to -7
[20:35:11.094] [SEVERE ] setting player 6 freeze to 0
[20:35:11.094] [SEVERE ] setting player 2 freeze to 0
[20:35:11.094] [SEVERE ] setting player 3 freeze to 0
[20:35:11.094] [SEVERE ] setting player 8 freeze to 0
[20:35:11.120] [SEVERE ] updating countdown to 19722
[20:35:11.120] [SEVERE ] setting player 2 freeze to -26
[20:35:11.120] [SEVERE ] setting player 2 freeze to 0
[20:35:11.121] [SEVERE ] setting player 3 freeze to -27
[20:35:11.121] [SEVERE ] setting player 3 freeze to 0
[20:35:11.121] [SEVERE ] setting player 8 freeze to -27
[20:35:11.122] [SEVERE ] setting player 8 freeze to 0
[20:35:11.131] [SEVERE ] removing player 4 token from slot 11
[20:35:11.131] [SEVERE ] removing player 1 token from slot 2
[20:35:11.133] [SEVERE ] player 10 placing token on slot 8
[20:35:11.134] [SEVERE ] updating countdown to 19707
[20:35:11.134] [SEVERE ] player 9 placing token on slot 11
[20:35:11.134] [SEVERE ] setting player 10 freeze to 0
[20:35:11.135] [SEVERE ] updating countdown to 19706
[20:35:11.135] [SEVERE ] setting player 10 freeze to -1
[20:35:11.136] [SEVERE ] setting player 10 freeze to 0
[20:35:11.136] [SEVERE ] setting player 9 freeze to 0
[20:35:11.137] [SEVERE ] removing player 2 token from slot 11
[20:35:11.138] [SEVERE ] removing player 3 token from slot 6
[20:35:11.161] [SEVERE ] updating countdown to 19680
[20:35:11.162] [SEVERE ] setting player 9 freeze to -26
[20:35:11.165] [SEVERE ] setting player 9 freeze to 0
[20:35:11.181] [SEVERE ] player 4 placing token on slot 5
[20:35:11.182] [SEVERE ] player 1 placing token on slot 2
[20:35:11.184] [SEVERE ] updating countdown to 19657
[20:35:11.185] [SEVERE ] setting player 4 freeze to 0
[20:35:11.185] [SEVERE ] setting player 1 freeze to 0
[20:35:11.187] [SEVERE ] player 2 placing token on slot 7
[20:35:11.187] [SEVERE ] updating countdown to 19654
[20:35:11.188] [SEVERE ] player 3 placing token on slot 2
[20:35:11.188] [SEVERE ] setting player 1 freeze to -3
[20:35:11.189] [SEVERE ] setting player 1 freeze to 0
[20:35:11.189] [SEVERE ] setting player 4 freeze to -4
[20:35:11.190] [SEVERE ] setting player 4 freeze to 0
[20:35:11.190] [SEVERE ] setting player 2 freeze to 0
[20:35:11.191] [SEVERE ] setting player 3 freeze to 0
[20:35:11.216] [SEVERE ] updating countdown to 19625
[20:35:11.222] [SEVERE ] setting player 2 freeze to -32
[20:35:11.224] [SEVERE ] setting player 2 freeze to 0
[20:35:11.225] [SEVERE ] setting player 3 freeze to -34
[20:35:11.228] [SEVERE ] setting player 3 freeze to 0
[20:35:11.237] [SEVERE ] removing player 2 token from slot 4
[20:35:11.254] [SEVERE ] updating countdown to 19587
[20:35:11.280] [SEVERE ] updating countdown to 19561
[20:35:11.282] [SEVERE ] removing player 6 token from slot 3
[20:35:11.284] [SEVERE ] removing player 10 token from slot 8
[20:35:11.287] [SEVERE ] player 2 placing token on slot 8
[20:35:11.288] [SEVERE ] removing player 3 token from slot 5
[20:35:11.288] [SEVERE ] updating countdown to 19553
[20:35:11.289] [SEVERE ] removing player 8 token from slot 7
[20:35:11.289] [SEVERE ] setting player 2 freeze to 0
[20:35:11.315] [SEVERE ] updating countdown to 19526
[20:35:11.316] [SEVERE ] setting player 2 freeze to -27
[20:35:11.317] [SEVERE ] setting player 2 freeze to 0
[20:35:11.332] [SEVERE ] player 6 placing token on slot 11
[20:35:11.333] [SEVERE ] updating countdown to 19508
[20:35:11.334] [SEVERE ] player 10 placing token on slot 4
[20:35:11.334] [SEVERE ] setting player 6 freeze to 0
[20:35:11.334] [SEVERE ] updating countdown to 19507
[20:35:11.335] [SEVERE ] setting player 6 freeze to -2
[20:35:11.336] [SEVERE ] setting player 6 freeze to 0
[20:35:11.337] [SEVERE ] setting player 10 freeze to 0
[20:35:11.338] [SEVERE ] player 3 placing token on slot 6
[20:35:11.339] [SEVERE ] updating countdown to 19502
[20:35:11.339] [SEVERE ] player 8 placing token on slot 3
[20:35:11.340] [SEVERE ] setting player 10 freeze to -4
[20:35:11.341] [SEVERE ] setting player 10 freeze to 0
[20:35:11.342] [SEVERE ] setting player 3 freeze to 0
[20:35:11.342] [SEVERE ] setting player 8 freeze to 0
[20:35:11.367] [SEVERE ] updating countdown to 19474
[20:35:11.369] [SEVERE ] setting player 3 freeze to -27
[20:35:11.370] [SEVERE ] setting player 3 freeze to 0
[20:35:11.371] [SEVERE ] setting player 8 freeze to -29
[20:35:11.372] [SEVERE ] setting player 8 freeze to 0
[20:35:11.382] [SEVERE ] removing player 5 token from slot 6
[20:35:11.398] [SEVERE ] updating countdown to 19443
[20:35:11.424] [SEVERE ] updating countdown to 19417
[20:35:11.433] [SEVERE ] player 5 placing token on slot 1
[20:35:11.434] [SEVERE ] updating countdown to 19407
[20:35:11.435] [SEVERE ] setting player 5 freeze to 0
[20:35:11.439] [SEVERE ] removing player 7 token from slot 5
[20:35:11.439] [SEVERE ] removing player 8 token from slot 5
[20:35:11.461] [SEVERE ] updating countdown to 19380
[20:35:11.462] [SEVERE ] setting player 5 freeze to -27
[20:35:11.463] [SEVERE ] setting player 5 freeze to 0
[20:35:11.483] [SEVERE ] removing player 6 token from slot 8
[20:35:11.483] [SEVERE ] removing player 4 token from slot 5
[20:35:11.485] [SEVERE ] removing player 9 token from slot 11
[20:35:11.489] [SEVERE ] removing player 3 token from slot 6
[20:35:11.490] [SEVERE ] player 8 placing token on slot 10
[20:35:11.489] [SEVERE ] player 7 placing token on slot 6
[20:35:11.489] [SEVERE ] updating countdown to 19352
[20:35:11.539] [SEVERE ] player 3 placing token on slot 0
[20:35:11.538] [SEVERE ] removing player 2 token from slot 7
[20:35:11.535] [SEVERE ] player 9 placing token on slot 0
[20:35:11.533] [SEVERE ] player 6 placing token on slot 2
[20:35:11.533] [SEVERE ] player 4 placing token on slot 5
[20:35:11.564] [SEVERE ] updating countdown to 19277
[20:35:11.563] [SEVERE ] setting player 7 freeze to 0
[20:35:11.563] [SEVERE ] setting player 8 freeze to 0
[20:35:11.567] [SEVERE ] setting player 7 freeze to -4
[20:35:11.568] [SEVERE ] setting player 7 freeze to 0
[20:35:11.569] [SEVERE ] setting player 8 freeze to -6
[20:35:11.569] [SEVERE ] setting player 8 freeze to 0
[20:35:11.569] [SEVERE ] setting player 9 freeze to 0
[20:35:11.569] [SEVERE ] setting player 4 freeze to 0
[20:35:11.569] [SEVERE ] setting player 6 freeze to 0
[20:35:11.569] [SEVERE ] setting player 3 freeze to 0
[20:35:11.583] [SEVERE ] removing player 6 token from slot 11
[20:35:11.588] [SEVERE ] player 2 placing token on slot 10
[20:35:11.588] [SEVERE ] updating countdown to 19253
[20:35:11.589] [SEVERE ] setting player 3 freeze to -20
[20:35:11.589] [SEVERE ] setting player 3 freeze to 0
[20:35:11.589] [SEVERE ] setting player 4 freeze to -20
[20:35:11.589] [SEVERE ] setting player 4 freeze to 0
[20:35:11.590] [SEVERE ] setting player 6 freeze to -21
[20:35:11.590] [SEVERE ] setting player 6 freeze to 0
[20:35:11.590] [SEVERE ] setting player 9 freeze to -21
[20:35:11.591] [SEVERE ] setting player 9 freeze to 0
[20:35:11.591] [SEVERE ] setting player 2 freeze to 0
[20:35:11.616] [SEVERE ] updating countdown to 19225
[20:35:11.617] [SEVERE ] setting player 2 freeze to -26
[20:35:11.618] [SEVERE ] setting player 2 freeze to 0
[20:35:11.634] [SEVERE ] removing player 1 token from slot 6
[20:35:11.634] [SEVERE ] player 6 placing token on slot 9
[20:35:11.635] [SEVERE ] updating countdown to 19206
[20:35:11.636] [SEVERE ] setting player 6 freeze to 0
[20:35:11.640] [SEVERE ] removing player 7 token from slot 9
[20:35:11.661] [SEVERE ] updating countdown to 19180
[20:35:11.663] [SEVERE ] setting player 6 freeze to -28
[20:35:11.663] [SEVERE ] setting player 6 freeze to 0
[20:35:11.684] [SEVERE ] removing player 5 token from slot 1
[20:35:11.684] [SEVERE ] removing player 10 token from slot 9
[20:35:11.684] [SEVERE ] player 1 placing token on slot 3
[20:35:11.687] [SEVERE ] updating countdown to 19154
[20:35:11.687] [SEVERE ] setting player 1 freeze to 0
[20:35:11.690] [SEVERE ] player 7 placing token on slot 10
[20:35:11.690] [SEVERE ] updating countdown to 19151
[20:35:11.691] [SEVERE ] setting player 1 freeze to -4
[20:35:11.691] [SEVERE ] setting player 1 freeze to 0
[20:35:11.692] [SEVERE ] setting player 7 freeze to 0
[20:35:11.717] [SEVERE ] updating countdown to 19124
[20:35:11.720] [SEVERE ] setting player 7 freeze to -27
[20:35:11.721] [SEVERE ] setting player 7 freeze to 0
[20:35:11.734] [SEVERE ] player 5 placing token on slot 8
[20:35:11.734] [SEVERE ] removing player 1 token from slot 9
[20:35:11.734] [SEVERE ] removing player 6 token from slot 9
[20:35:11.735] [SEVERE ] updating countdown to 19106
[20:35:11.734] [SEVERE ] player 10 placing token on slot 11
[20:35:11.737] [SEVERE ] setting player 5 freeze to 0
[20:35:11.738] [SEVERE ] updating countdown to 19103
[20:35:11.739] [SEVERE ] setting player 5 freeze to -2
[20:35:11.739] [SEVERE ] setting player 5 freeze to 0
[20:35:11.740] [SEVERE ] setting player 10 freeze to 0
[20:35:11.765] [SEVERE ] updating countdown to 19076
[20:35:11.780] [SEVERE ] setting player 10 freeze to -40
[20:35:11.781] [SEVERE ] setting player 10 freeze to 0
[20:35:11.784] [SEVERE ] removing player 4 token from slot 5
[20:35:11.784] [SEVERE ] player 6 placing token on slot 1
[20:35:11.784] [SEVERE ] removing player 1 token from slot 2
[20:35:11.785] [SEVERE ] updating countdown to 19056
[20:35:11.786] [SEVERE ] setting player 6 freeze to 0
[20:35:11.811] [SEVERE ] updating countdown to 19030
[20:35:11.812] [SEVERE ] setting player 6 freeze to -26
[20:35:11.813] [SEVERE ] setting player 6 freeze to 0
[20:35:11.834] [SEVERE ] player 4 placing token on slot 3
[20:35:11.836] [SEVERE ] removing player 9 token from slot 3
[20:35:11.834] [SEVERE ] removing player 6 token from slot 1
[20:35:11.834] [SEVERE ] removing player 1 token from slot 3
[20:35:11.837] [SEVERE ] updating countdown to 19004
[20:35:11.840] [SEVERE ] setting player 4 freeze to 0
[20:35:11.865] [SEVERE ] updating countdown to 18976
[20:35:11.866] [SEVERE ] setting player 4 freeze to -26
[20:35:11.867] [SEVERE ] setting player 4 freeze to 0
[20:35:11.885] [SEVERE ] player 1 placing token on slot 9
[20:35:11.892] [SEVERE ] updating countdown to 18949
[20:35:11.891] [SEVERE ] removing player 8 token from slot 10
[20:35:11.886] [SEVERE ] player 9 placing token on slot 8
[20:35:11.885] [SEVERE ] removing player 4 token from slot 8
[20:35:11.885] [SEVERE ] removing player 5 token from slot 8
[20:35:11.885] [SEVERE ] player 6 placing token on slot 9
[20:35:11.901] [SEVERE ] updating countdown to 18940
[20:35:11.902] [SEVERE ] setting player 9 freeze to 0
[20:35:11.902] [SEVERE ] setting player 6 freeze to 0
[20:35:11.928] [SEVERE ] updating countdown to 18913
[20:35:11.928] [SEVERE ] setting player 6 freeze to -26
[20:35:11.929] [SEVERE ] setting player 6 freeze to 0
[20:35:11.929] [SEVERE ] setting player 9 freeze to -27
[20:35:11.929] [SEVERE ] setting player 9 freeze to 0
[20:35:11.935] [SEVERE ] player 5 placing token on slot 11
[20:35:11.935] [SEVERE ] removing player 10 token from slot 4
[20:35:11.935] [SEVERE ] player 4 placing token on slot 11
[20:35:11.935] [SEVERE ] player 1 placing token on slot 10
[20:35:11.936] [SEVERE ] updating countdown to 18905
[20:35:11.940] [SEVERE ] setting player 5 freeze to 0
[20:35:11.940] [SEVERE ] setting player 4 freeze to 0
[20:35:11.941] [SEVERE ] player 8 placing token on slot 8
[20:35:11.942] [SEVERE ] updating countdown to 18899
[20:35:11.942] [SEVERE ] setting player 4 freeze to -3
[20:35:11.943] [SEVERE ] setting player 4 freeze to 0
[20:35:11.944] [SEVERE ] setting player 5 freeze to -5
[20:35:11.945] [SEVERE ] setting player 5 freeze to 0
[20:35:11.945] [SEVERE ] setting player 8 freeze to 0
[20:35:11.971] [SEVERE ] updating countdown to 18870
[20:35:11.972] [SEVERE ] setting player 8 freeze to -27
[20:35:11.973] [SEVERE ] setting player 8 freeze to 0
[20:35:11.985] [SEVERE ] player 1 placing token on slot 3
[20:35:11.985] [SEVERE ] player 10 placing token on slot 0
[20:35:11.985] [SEVERE ] removing player 4 token from slot 11
[20:35:11.987] [SEVERE ] updating countdown to 18854
[20:35:11.990] [SEVERE ] setting player 1 freeze to 0
[20:35:11.990] [SEVERE ] setting player 10 freeze to 0
[20:35:11.991] [SEVERE ] removing player 8 token from slot 3
[20:35:12.015] [SEVERE ] updating countdown to 18826
[20:35:12.016] [SEVERE ] setting player 1 freeze to -26
[20:35:12.017] [SEVERE ] setting player 1 freeze to 0
[20:35:12.017] [SEVERE ] setting player 10 freeze to -27
[20:35:12.017] [SEVERE ] setting player 10 freeze to 0
[20:35:12.035] [SEVERE ] player 4 placing token on slot 1
[20:35:12.035] [SEVERE ] removing player 10 token from slot 11
[20:35:12.037] [SEVERE ] updating countdown to 18804
[20:35:12.037] [SEVERE ] setting player 4 freeze to 0
[20:35:12.041] [SEVERE ] player 8 placing token on slot 4
[20:35:12.042] [SEVERE ] updating countdown to 18799
[20:35:12.042] [SEVERE ] setting player 4 freeze to -5
[20:35:12.043] [SEVERE ] setting player 4 freeze to 0
[20:35:12.043] [SEVERE ] setting player 8 freeze to 0
[20:35:12.068] [SEVERE ] updating countdown to 18773
[20:35:12.069] [SEVERE ] setting player 8 freeze to -26
[20:35:12.070] [SEVERE ] setting player 8 freeze to 0
[20:35:12.086] [SEVERE ] player 10 placing token on slot 9
[20:35:12.086] [SEVERE ] removing player 1 token from slot 9
[20:35:12.087] [SEVERE ] updating countdown to 18754
[20:35:12.088] [SEVERE ] setting player 10 freeze to 0
[20:35:12.090] [SEVERE ] removing player 3 token from slot 10
[20:35:12.113] [SEVERE ] updating countdown to 18728
[20:35:12.114] [SEVERE ] setting player 10 freeze to -26
[20:35:12.115] [SEVERE ] setting player 10 freeze to 0
[20:35:12.136] [SEVERE ] player 1 placing token on slot 11
[20:35:12.137] [SEVERE ] updating countdown to 18704
[20:35:12.137] [SEVERE ] removing player 9 token from slot 0
[20:35:12.138] [SEVERE ] setting player 1 freeze to 0
[20:35:12.140] [SEVERE ] removing player 3 token from slot 2
[20:35:12.141] [SEVERE ] removing player 7 token from slot 8
[20:35:12.163] [SEVERE ] updating countdown to 18678
[20:35:12.164] [SEVERE ] setting player 1 freeze to -26
[20:35:12.164] [SEVERE ] setting player 1 freeze to 0
[20:35:12.187] [SEVERE ] player 9 placing token on slot 7
[20:35:12.188] [SEVERE ] updating countdown to 18653
[20:35:12.189] [SEVERE ] setting player 9 freeze to 0
[20:35:12.191] [SEVERE ] player 3 placing token on slot 4
[20:35:12.191] [SEVERE ] player 7 placing token on slot 1
[20:35:12.192] [SEVERE ] updating countdown to 18649
[20:35:12.192] [SEVERE ] setting player 9 freeze to -3
[20:35:12.193] [SEVERE ] setting player 9 freeze to 0
[20:35:12.193] [SEVERE ] setting player 7 freeze to 0
[20:35:12.218] [SEVERE ] updating countdown to 18623
[20:35:12.219] [SEVERE ] setting player 7 freeze to -26
[20:35:12.220] [SEVERE ] setting player 7 freeze to 0
[20:35:12.236] [SEVERE ] removing player 10 token from slot 7
[20:35:12.241] [SEVERE ] removing player 3 token from slot 0
[20:35:12.246] [SEVERE ] updating countdown to 18595
[20:35:12.272] [SEVERE ] updating countdown to 18569
[20:35:12.286] [SEVERE ] player 10 placing token on slot 5
[20:35:12.286] [SEVERE ] removing player 6 token from slot 9
[20:35:12.287] [SEVERE ] updating countdown to 18554
[20:35:12.288] [SEVERE ] setting player 10 freeze to 0
[20:35:12.291] [SEVERE ] player 3 placing token on slot 10
[20:35:12.292] [SEVERE ] removing player 8 token from slot 4
[20:35:12.313] [SEVERE ] updating countdown to 18528
[20:35:12.314] [SEVERE ] setting player 10 freeze to -26
[20:35:12.314] [SEVERE ] setting player 10 freeze to 0
[20:35:12.337] [SEVERE ] player 6 placing token on slot 1
[20:35:12.337] [SEVERE ] removing player 1 token from slot 11
[20:35:12.338] [SEVERE ] updating countdown to 18503
[20:35:12.340] [SEVERE ] setting player 6 freeze to 0
[20:35:12.341] [SEVERE ] player 3 placing token on slot 2
[20:35:12.342] [SEVERE ] updating countdown to 18499
[20:35:12.342] [SEVERE ] player 8 placing token on slot 0
[20:35:12.343] [SEVERE ] setting player 6 freeze to -3
[20:35:12.345] [SEVERE ] setting player 6 freeze to 0
[20:35:12.345] [SEVERE ] setting player 3 freeze to 0
[20:35:12.345] [SEVERE ] setting player 8 freeze to 0
[20:35:12.370] [SEVERE ] updating countdown to 18471
[20:35:12.371] [SEVERE ] setting player 3 freeze to -26
[20:35:12.372] [SEVERE ] setting player 3 freeze to 0
[20:35:12.372] [SEVERE ] setting player 8 freeze to -27
[20:35:12.373] [SEVERE ] setting player 8 freeze to 0
[20:35:12.387] [SEVERE ] player 1 placing token on slot 5
[20:35:12.391] [SEVERE ] removing player 2 token from slot 10
[20:35:12.392] [SEVERE ] updating countdown to 18449
[20:35:12.393] [SEVERE ] removing player 8 token from slot 0
[20:35:12.393] [SEVERE ] setting player 1 freeze to 0
[20:35:12.418] [SEVERE ] updating countdown to 18423
[20:35:12.420] [SEVERE ] setting player 1 freeze to -27
[20:35:12.420] [SEVERE ] setting player 1 freeze to 0
[20:35:12.438] [SEVERE ] removing player 9 token from slot 7
[20:35:12.441] [SEVERE ] player 2 placing token on slot 0
[20:35:12.441] [SEVERE ] removing player 3 token from slot 2
[20:35:12.442] [SEVERE ] updating countdown to 18399
[20:35:12.442] [SEVERE ] setting player 2 freeze to 0
[20:35:12.443] [SEVERE ] player 8 placing token on slot 6
[20:35:12.443] [SEVERE ] updating countdown to 18398
[20:35:12.444] [SEVERE ] setting player 2 freeze to -2
[20:35:12.444] [SEVERE ] setting player 2 freeze to 0
[20:35:12.445] [SEVERE ] setting player 8 freeze to 0
[20:35:12.470] [SEVERE ] updating countdown to 18371
[20:35:12.472] [SEVERE ] setting player 8 freeze to -27
[20:35:12.473] [SEVERE ] setting player 8 freeze to 0
[20:35:12.488] [SEVERE ] removing player 9 token from slot 5
[20:35:12.491] [SEVERE ] player 3 placing token on slot 5
[20:35:12.493] [SEVERE ] updating countdown to 18348
[20:35:12.494] [SEVERE ] setting player 3 freeze to 0
[20:35:12.519] [SEVERE ] updating countdown to 18322
[20:35:12.520] [SEVERE ] setting player 3 freeze to -26
[20:35:12.521] [SEVERE ] setting player 3 freeze to 0
[20:35:12.537] [SEVERE ] removing player 10 token from slot 5
[20:35:12.538] [SEVERE ] player 9 placing token on slot 6
[20:35:12.547] [SEVERE ] updating countdown to 18294
[20:35:12.573] [SEVERE ] updating countdown to 18268
[20:35:12.587] [SEVERE ] player 10 placing token on slot 11
[20:35:12.588] [SEVERE ] removing player 9 token from slot 6
[20:35:12.588] [SEVERE ] removing player 5 token from slot 0
[20:35:12.588] [SEVERE ] updating countdown to 18253
[20:35:12.590] [SEVERE ] setting player 10 freeze to 0
[20:35:12.592] [SEVERE ] removing player 3 token from slot 5
[20:35:12.615] [SEVERE ] updating countdown to 18226
[20:35:12.616] [SEVERE ] setting player 10 freeze to -26
[20:35:12.616] [SEVERE ] setting player 10 freeze to 0
[20:35:12.638] [SEVERE ] removing player 10 token from slot 11
[20:35:12.638] [SEVERE ] player 9 placing token on slot 9
[20:35:12.638] [SEVERE ] player 5 placing token on slot 2
[20:35:12.641] [SEVERE ] updating countdown to 18200
[20:35:12.641] [SEVERE ] setting player 5 freeze to 0
[20:35:12.642] [SEVERE ] removing player 3 token from slot 10
[20:35:12.642] [SEVERE ] removing player 2 token from slot 0
[20:35:12.643] [SEVERE ] removing player 7 token from slot 1
[20:35:12.666] [SEVERE ] updating countdown to 18175
[20:35:12.667] [SEVERE ] setting player 5 freeze to -26
[20:35:12.667] [SEVERE ] setting player 5 freeze to 0
[20:35:12.688] [SEVERE ] player 10 placing token on slot 10
[20:35:12.688] [SEVERE ] player 9 placing token on slot 1
[20:35:12.689] [SEVERE ] updating countdown to 18152
[20:35:12.690] [SEVERE ] setting player 10 freeze to 0
[20:35:12.690] [SEVERE ] setting player 9 freeze to 0
[20:35:12.692] [SEVERE ] player 3 placing token on slot 5
[20:35:12.693] [SEVERE ] player 7 placing token on slot 11
[20:35:12.692] [SEVERE ] player 2 placing token on slot 5
[20:35:12.694] [SEVERE ] updating countdown to 18147
[20:35:12.696] [SEVERE ] setting player 9 freeze to -6
[20:35:12.697] [SEVERE ] setting player 9 freeze to 0
[20:35:12.698] [SEVERE ] setting player 10 freeze to -8
[20:35:12.698] [SEVERE ] setting player 10 freeze to 0
[20:35:12.699] [SEVERE ] setting player 7 freeze to 0
[20:35:12.699] [SEVERE ] setting player 2 freeze to 0
[20:35:12.724] [SEVERE ] updating countdown to 18117
[20:35:12.725] [SEVERE ] setting player 2 freeze to -26
[20:35:12.732] [SEVERE ] setting player 2 freeze to 0
[20:35:12.734] [SEVERE ] setting player 7 freeze to -35
[20:35:12.735] [SEVERE ] setting player 7 freeze to 0
[20:35:12.738] [SEVERE ] removing player 1 token from slot 10
[20:35:12.738] [SEVERE ] removing player 5 token from slot 11
[20:35:12.742] [SEVERE ] player 3 placing token on slot 8
[20:35:12.743] [SEVERE ] updating countdown to 18098
[20:35:12.745] [SEVERE ] setting player 3 freeze to 0
[20:35:12.770] [SEVERE ] updating countdown to 18071
[20:35:12.779] [SEVERE ] setting player 3 freeze to -34
[20:35:12.781] [SEVERE ] setting player 3 freeze to 0
[20:35:12.788] [SEVERE ] removing player 1 token from slot 3
[20:35:12.788] [SEVERE ] removing player 9 token from slot 8
[20:35:12.788] [SEVERE ] player 5 placing token on slot 11
[20:35:12.788] [SEVERE ] removing player 4 token from slot 9
[20:35:12.788] [SEVERE ] removing player 6 token from slot 2
[20:35:12.790] [SEVERE ] updating countdown to 18051
[20:35:12.792] [SEVERE ] setting player 5 freeze to 0
[20:35:12.793] [SEVERE ] removing player 7 token from slot 11
[20:35:12.793] [SEVERE ] removing player 2 token from slot 8
[20:35:12.817] [SEVERE ] updating countdown to 18024
[20:35:12.818] [SEVERE ] setting player 5 freeze to -26
[20:35:12.818] [SEVERE ] setting player 5 freeze to 0
[20:35:12.838] [SEVERE ] player 6 placing token on slot 11
[20:35:12.839] [SEVERE ] player 9 placing token on slot 11
[20:35:12.839] [SEVERE ] removing player 10 token from slot 0
[20:35:12.838] [SEVERE ] player 1 placing token on slot 10
[20:35:12.838] [SEVERE ] player 4 placing token on slot 7
[20:35:12.839] [SEVERE ] updating countdown to 18002
[20:35:12.842] [SEVERE ] setting player 6 freeze to 0
[20:35:12.842] [SEVERE ] setting player 4 freeze to 0
[20:35:12.842] [SEVERE ] setting player 9 freeze to 0
[20:35:12.843] [SEVERE ] player 7 placing token on slot 2
[20:35:12.843] [SEVERE ] player 2 placing token on slot 10
[20:35:12.845] [SEVERE ] updating countdown to 17996
[20:35:12.844] [SEVERE ] removing player 8 token from slot 8
[20:35:12.850] [SEVERE ] setting player 4 freeze to -8
[20:35:12.851] [SEVERE ] setting player 4 freeze to 0
[20:35:12.851] [SEVERE ] setting player 6 freeze to -9
[20:35:12.852] [SEVERE ] setting player 6 freeze to 0
[20:35:12.853] [SEVERE ] setting player 9 freeze to -11
[20:35:12.853] [SEVERE ] setting player 9 freeze to 0
[20:35:12.854] [SEVERE ] setting player 7 freeze to 0
[20:35:12.854] [SEVERE ] setting player 2 freeze to 0
[20:35:12.879] [SEVERE ] updating countdown to 17962
[20:35:12.881] [SEVERE ] setting player 2 freeze to -27
[20:35:12.881] [SEVERE ] setting player 2 freeze to 0
[20:35:12.882] [SEVERE ] setting player 7 freeze to -28
[20:35:12.883] [SEVERE ] setting player 7 freeze to 0
[20:35:12.888] [SEVERE ] removing player 4 token from slot 1
[20:35:12.889] [SEVERE ] player 10 placing token on slot 1
[20:35:12.888] [SEVERE ] player 1 placing token on slot 7
[20:35:12.909] [SEVERE ] updating countdown to 17932
[20:35:12.894] [SEVERE ] player 8 placing token on slot 3
[20:35:12.928] [SEVERE ] removing player 2 token from slot 1
[20:35:12.928] [SEVERE ] removing player 6 token from slot 1
[20:35:12.929] [SEVERE ] removing player 9 token from slot 1
[20:35:12.929] [SEVERE ] removing player 10 token from slot 1
[20:35:12.930] [SEVERE ] removing card from slot 1
[20:35:12.930] [SEVERE ] removing player 9 token from slot 9
[20:35:12.931] [SEVERE ] removing player 10 token from slot 9
[20:35:12.931] [SEVERE ] removing card from slot 9
[20:35:12.932] [SEVERE ] removing player 1 token from slot 10
[20:35:12.933] [SEVERE ] removing player 2 token from slot 10
[20:35:12.934] [SEVERE ] removing player 6 token from slot 10
[20:35:12.934] [SEVERE ] removing player 7 token from slot 10
[20:35:12.935] [SEVERE ] removing player 10 token from slot 10
[20:35:12.935] [SEVERE ] removing card from slot 10
[20:35:12.935] [SEVERE ] updating countdown to 20000
[20:35:12.935] [SEVERE ] setting player 10 score to 1
[20:35:12.935] [SEVERE ] placing card 55 in slot 1
[20:35:12.936] [SEVERE ] setting player 10 freeze to 0
[20:35:12.936] [SEVERE ] placing card 58 in slot 9
[20:35:12.939] [SEVERE ] removing player 5 token from slot 2
[20:35:12.939] [SEVERE ] placing card 5 in slot 10
[20:35:12.939] [SEVERE ] player 10 placing token on slot 0
[20:35:12.939] [SEVERE ] removing player 9 token from slot 11
[20:35:12.939] [SEVERE ] player 6 placing token on slot 1
[20:35:12.939] [SEVERE ] removing player 4 token from slot 7
[20:35:12.939] [SEVERE ] removing player 1 token from slot 5
[20:35:12.943] [SEVERE ] player 2 placing token on slot 2
[20:35:12.943] [SEVERE ] removing player 3 token from slot 8
[20:35:12.944] [SEVERE ] player 7 placing token on slot 11
[20:35:12.970] [SEVERE ] updating countdown to 19965
[20:35:12.971] [SEVERE ] setting player 10 freeze to -36
[20:35:12.971] [SEVERE ] setting player 10 freeze to 0
[20:35:12.972] [SEVERE ] setting player 8 freeze to 0
[20:35:12.972] [SEVERE ] setting player 7 freeze to 0
[20:35:12.989] [SEVERE ] player 6 placing token on slot 4
[20:35:12.989] [SEVERE ] player 10 placing token on slot 5
[20:35:12.989] [SEVERE ] player 4 placing token on slot 4
[20:35:12.989] [SEVERE ] player 9 placing token on slot 7
[20:35:12.989] [SEVERE ] player 1 placing token on slot 10
[20:35:12.994] [SEVERE ] player 2 placing token on slot 9
[20:35:12.989] [SEVERE ] player 5 placing token on slot 10
[20:35:12.993] [SEVERE ] player 3 placing token on slot 1
[20:35:12.990] [SEVERE ] updating countdown to 19945
[20:35:12.998] [SEVERE ] setting player 7 freeze to -26
[20:35:12.998] [SEVERE ] setting player 7 freeze to 0
[20:35:12.999] [SEVERE ] setting player 8 freeze to -27
[20:35:12.999] [SEVERE ] setting player 8 freeze to 0
[20:35:12.999] [SEVERE ] setting player 6 freeze to 0
[20:35:12.999] [SEVERE ] setting player 3 freeze to 0
[20:35:12.999] [SEVERE ] setting player 2 freeze to 0
[20:35:12.999] [SEVERE ] setting player 5 freeze to 0
[20:35:13.025] [SEVERE ] updating countdown to 19911
[20:35:13.026] [SEVERE ] setting player 2 freeze to -27
[20:35:13.026] [SEVERE ] setting player 2 freeze to 0
[20:35:13.028] [SEVERE ] setting player 3 freeze to -29
[20:35:13.028] [SEVERE ] setting player 3 freeze to 0
[20:35:13.029] [SEVERE ] setting player 5 freeze to -30
[20:35:13.029] [SEVERE ] setting player 5 freeze to 0
[20:35:13.030] [SEVERE ] setting player 6 freeze to -31
[20:35:13.030] [SEVERE ] setting player 6 freeze to 0
[20:35:13.039] [SEVERE ] removing player 4 token from slot 4
[20:35:13.039] [SEVERE ] player 9 placing token on slot 0
[20:35:13.039] [SEVERE ] player 1 placing token on slot 0
[20:35:13.039] [SEVERE ] removing player 6 token from slot 4
[20:35:13.041] [SEVERE ] updating countdown to 19894
[20:35:13.039] [SEVERE ] player 10 placing token on slot 10
[20:35:13.041] [SEVERE ] setting player 1 freeze to 0
[20:35:13.042] [SEVERE ] updating countdown to 19893
[20:35:13.043] [SEVERE ] setting player 1 freeze to -2
[20:35:13.043] [SEVERE ] setting player 1 freeze to 0
[20:35:13.044] [SEVERE ] setting player 10 freeze to 0
[20:35:13.044] [SEVERE ] removing player 7 token from slot 11
[20:35:13.044] [SEVERE ] removing player 2 token from slot 2
[20:35:13.069] [SEVERE ] updating countdown to 19866
[20:35:13.069] [SEVERE ] setting player 10 freeze to -25
[20:35:13.070] [SEVERE ] setting player 10 freeze to 0
[20:35:13.089] [SEVERE ] removing player 1 token from slot 0
[20:35:13.089] [SEVERE ] removing player 9 token from slot 0
[20:35:13.089] [SEVERE ] removing player 6 token from slot 11
[20:35:13.089] [SEVERE ] player 4 placing token on slot 4
[20:35:13.093] [SEVERE ] removing player 3 token from slot 5
[20:35:13.094] [SEVERE ] player 2 placing token on slot 1
[20:35:13.094] [SEVERE ] player 7 placing token on slot 9
[20:35:13.095] [SEVERE ] updating countdown to 19840
[20:35:13.097] [SEVERE ] setting player 2 freeze to 0
[20:35:13.097] [SEVERE ] setting player 7 freeze to 0
[20:35:13.122] [SEVERE ] updating countdown to 19813
[20:35:13.128] [SEVERE ] setting player 2 freeze to -32
[20:35:13.129] [SEVERE ] setting player 2 freeze to 0
[20:35:13.129] [SEVERE ] setting player 7 freeze to -32
[20:35:13.130] [SEVERE ] setting player 7 freeze to 0
[20:35:13.139] [SEVERE ] player 4 placing token on slot 0
[20:35:13.155] [SEVERE ] updating countdown to 19780
[20:35:13.144] [SEVERE ] player 3 placing token on slot 8
[20:35:13.139] [SEVERE ] player 9 placing token on slot 6
[20:35:13.139] [SEVERE ] player 1 placing token on slot 4
[20:35:13.139] [SEVERE ] player 6 placing token on slot 0
[20:35:13.168] [SEVERE ] updating countdown to 19767
[20:35:13.168] [SEVERE ] setting player 4 freeze to 0
[20:35:13.170] [SEVERE ] setting player 4 freeze to -2
[20:35:13.170] [SEVERE ] setting player 4 freeze to 0
[20:35:13.171] [SEVERE ] setting player 3 freeze to 0
[20:35:13.171] [SEVERE ] setting player 1 freeze to 0
[20:35:13.189] [SEVERE ] player 6 placing token on slot 3
[20:35:13.190] [SEVERE ] removing player 10 token from slot 10
[20:35:13.189] [SEVERE ] removing player 9 token from slot 6
[20:35:13.189] [SEVERE ] removing player 1 token from slot 7
[20:35:13.190] [SEVERE ] updating countdown to 19745
[20:35:13.192] [SEVERE ] setting player 1 freeze to -21
[20:35:13.192] [SEVERE ] setting player 1 freeze to 0
[20:35:13.192] [SEVERE ] setting player 3 freeze to -21
[20:35:13.193] [SEVERE ] setting player 3 freeze to 0
[20:35:13.193] [SEVERE ] setting player 6 freeze to 0
[20:35:13.218] [SEVERE ] updating countdown to 19717
[20:35:13.219] [SEVERE ] setting player 6 freeze to -26
[20:35:13.220] [SEVERE ] setting player 6 freeze to 0
[20:35:13.239] [SEVERE ] player 1 placing token on slot 6
[20:35:13.240] [SEVERE ] removing player 10 token from slot 0
[20:35:13.240] [SEVERE ] player 9 placing token on slot 5
[20:35:13.239] [SEVERE ] removing player 6 token from slot 1
[20:35:13.241] [SEVERE ] updating countdown to 19694
[20:35:13.244] [SEVERE ] removing player 3 token from slot 8
[20:35:13.244] [SEVERE ] setting player 1 freeze to 0
[20:35:13.245] [SEVERE ] removing player 8 token from slot 2
[20:35:13.269] [SEVERE ] updating countdown to 19666
[20:35:13.271] [SEVERE ] setting player 1 freeze to -27
[20:35:13.271] [SEVERE ] setting player 1 freeze to 0
[20:35:13.278] [SEVERE ] exit button pressed
[20:35:13.290] [INFO   ] thread computer-3 terminated.
[20:35:13.290] [INFO   ] thread computer-8 terminated.
[20:35:13.290] [INFO   ] thread computer-4 terminated.
[20:35:13.290] [INFO   ] thread computer-0 terminated.
[20:35:13.290] [INFO   ] thread computer-5 terminated.
[20:35:13.292] [INFO   ] thread Thread-1 terminated.
[20:35:13.291] [INFO   ] thread Thread-5 terminated.
[20:35:13.291] [INFO   ] thread Thread-9 terminated.
[20:35:13.290] [INFO   ] thread Thread-4 terminated.
[20:35:13.290] [INFO   ] thread computer-9 terminated.
[20:35:13.292] [INFO   ] thread Thread-6 terminated.
[20:35:13.293] [INFO   ] thread Thread-10 terminated.
[20:35:13.294] [INFO   ] thread computer-2 terminated.
[20:35:13.294] [INFO   ] thread Thread-3 terminated.
[20:35:13.295] [INFO   ] thread computer-1 terminated.
[20:35:13.295] [INFO   ] thread computer-6 terminated.
[20:35:13.295] [INFO   ] thread Thread-2 terminated.
[20:35:13.295] [INFO   ] thread Thread-7 terminated.
[20:35:13.295] [INFO   ] thread computer-7 terminated.
[20:35:13.296] [INFO   ] thread Thread-8 terminated.
[20:35:13.297] [SEVERE ] updating countdown to 19638
[20:35:13.297] [SEVERE ] removing player 4 token from slot 0
[20:35:13.298] [SEVERE ] removing player 6 token from slot 0
[20:35:13.298] [SEVERE ] removing card from slot 0
[20:35:13.298] [SEVERE ] removing player 2 token from slot 1
[20:35:13.299] [SEVERE ] removing player 3 token from slot 1
[20:35:13.299] [SEVERE ] removing card from slot 1
[20:35:13.299] [SEVERE ] removing player 7 token from slot 2
[20:35:13.300] [SEVERE ] removing card from slot 2
[20:35:13.300] [SEVERE ] removing player 4 token from slot 3
[20:35:13.300] [SEVERE ] removing player 6 token from slot 3
[20:35:13.300] [SEVERE ] removing player 8 token from slot 3
[20:35:13.300] [SEVERE ] removing card from slot 3
[20:35:13.301] [SEVERE ] removing player 1 token from slot 4
[20:35:13.301] [SEVERE ] removing player 3 token from slot 4
[20:35:13.301] [SEVERE ] removing player 4 token from slot 4
[20:35:13.301] [SEVERE ] removing card from slot 4
[20:35:13.302] [SEVERE ] removing player 2 token from slot 5
[20:35:13.302] [SEVERE ] removing player 9 token from slot 5
[20:35:13.302] [SEVERE ] removing player 10 token from slot 5
[20:35:13.303] [SEVERE ] removing card from slot 5
[20:35:13.303] [SEVERE ] removing player 1 token from slot 6
[20:35:13.303] [SEVERE ] removing player 7 token from slot 6
[20:35:13.304] [SEVERE ] removing player 8 token from slot 6
[20:35:13.304] [SEVERE ] removing card from slot 6
[20:35:13.304] [SEVERE ] removing player 5 token from slot 7
[20:35:13.305] [SEVERE ] removing player 9 token from slot 7
[20:35:13.305] [SEVERE ] removing card from slot 7
[20:35:13.305] [SEVERE ] removing card from slot 8
[20:35:13.305] [SEVERE ] removing player 2 token from slot 9
[20:35:13.306] [SEVERE ] removing player 7 token from slot 9
[20:35:13.306] [SEVERE ] removing card from slot 9
[20:35:13.306] [SEVERE ] removing player 1 token from slot 10
[20:35:13.306] [SEVERE ] removing player 5 token from slot 10
[20:35:13.306] [SEVERE ] removing card from slot 10
[20:35:13.307] [SEVERE ] removing player 5 token from slot 11
[20:35:13.307] [SEVERE ] removing card from slot 11
[20:35:13.310] [SEVERE ] announcing winner(s): player 10
[20:35:13.310] [INFO   ] thread dealer terminated.
[20:35:13.311] [INFO   ] thread dealer terminated.
[20:35:13.311] [SEVERE ] thanks for playing... it was fun!
[20:35:13.311] [INFO   ] thread bguspl.set.Main.main() terminated.
