[19:17:03.062] [INFO   ] thread bguspl.set.Main.main() starting.
[19:17:03.074] [SEVERE ] cannot read configuration file config.properties trying from resources.
[19:17:03.083] [SEVERE ] configuration file was loaded from resources directory.
[19:17:04.498] [INFO   ] thread dealer starting.
[19:17:04.499] [INFO   ] thread dealer starting.
[19:17:04.502] [INFO   ] thread Thread-1 starting.
[19:17:04.502] [INFO   ] thread Thread-3 starting.
[19:17:04.502] [INFO   ] thread Thread-2 starting.
[19:17:04.503] [INFO   ] thread computer-2 starting.
[19:17:04.606] [SEVERE ] placing card 20 in slot 0
[19:17:04.711] [SEVERE ] placing card 54 in slot 1
[19:17:04.812] [SEVERE ] placing card 29 in slot 2
[19:17:04.913] [SEVERE ] placing card 47 in slot 3
[19:17:05.014] [SEVERE ] placing card 60 in slot 4
[19:17:05.115] [SEVERE ] placing card 6 in slot 5
[19:17:05.216] [SEVERE ] placing card 9 in slot 6
[19:17:05.318] [SEVERE ] placing card 56 in slot 7
[19:17:05.420] [SEVERE ] placing card 76 in slot 8
[19:17:05.537] [SEVERE ] placing card 32 in slot 9
[19:17:05.662] [SEVERE ] placing card 31 in slot 10
[19:17:05.787] [SEVERE ] placing card 16 in slot 11
[19:17:05.788] [SEVERE ] updating countdown to 60000
[19:17:05.818] [SEVERE ] updating countdown to 59970
[19:17:05.846] [SEVERE ] updating countdown to 59942
[19:17:05.893] [SEVERE ] updating countdown to 59895
[19:17:05.919] [SEVERE ] updating countdown to 59869
[19:17:05.945] [SEVERE ] updating countdown to 59843
[19:17:05.975] [SEVERE ] updating countdown to 59813
[19:17:06.019] [SEVERE ] updating countdown to 59769
[19:17:06.045] [SEVERE ] updating countdown to 59743
[19:17:06.071] [SEVERE ] updating countdown to 59717
[19:17:06.097] [SEVERE ] updating countdown to 59691
[19:17:06.123] [SEVERE ] updating countdown to 59665
[19:17:06.149] [SEVERE ] updating countdown to 59639
[19:17:06.175] [SEVERE ] updating countdown to 59613
[19:17:06.201] [SEVERE ] updating countdown to 59587
[19:17:06.228] [SEVERE ] updating countdown to 59560
[19:17:06.254] [SEVERE ] updating countdown to 59534
[19:17:06.280] [SEVERE ] updating countdown to 59508
[19:17:06.306] [SEVERE ] updating countdown to 59482
[19:17:06.332] [SEVERE ] updating countdown to 59456
[19:17:06.359] [SEVERE ] updating countdown to 59429
[19:17:06.385] [SEVERE ] updating countdown to 59403
[19:17:06.411] [SEVERE ] updating countdown to 59377
[19:17:06.438] [SEVERE ] updating countdown to 59350
[19:17:06.470] [SEVERE ] updating countdown to 59318
[19:17:06.496] [SEVERE ] updating countdown to 59292
[19:17:06.521] [SEVERE ] updating countdown to 59267
[19:17:06.548] [SEVERE ] updating countdown to 59240
[19:17:06.574] [SEVERE ] updating countdown to 59214
[19:17:06.640] [SEVERE ] updating countdown to 59148
[19:17:06.667] [SEVERE ] updating countdown to 59121
[19:17:06.692] [SEVERE ] updating countdown to 59096
[19:17:06.718] [SEVERE ] updating countdown to 59070
[19:17:06.745] [SEVERE ] updating countdown to 59043
[19:17:06.771] [SEVERE ] updating countdown to 59017
[19:17:06.797] [SEVERE ] updating countdown to 58991
[19:17:06.823] [SEVERE ] updating countdown to 58965
[19:17:06.850] [SEVERE ] updating countdown to 58938
[19:17:06.876] [SEVERE ] updating countdown to 58912
[19:17:06.902] [SEVERE ] updating countdown to 58886
[19:17:06.928] [SEVERE ] updating countdown to 58860
[19:17:06.959] [SEVERE ] updating countdown to 58829
[19:17:06.985] [SEVERE ] updating countdown to 58803
[19:17:07.041] [SEVERE ] updating countdown to 58747
[19:17:07.067] [SEVERE ] updating countdown to 58721
[19:17:07.093] [SEVERE ] updating countdown to 58695
[19:17:07.119] [SEVERE ] updating countdown to 58669
[19:17:07.145] [SEVERE ] updating countdown to 58643
[19:17:07.170] [SEVERE ] updating countdown to 58618
[19:17:07.197] [SEVERE ] updating countdown to 58591
[19:17:07.223] [SEVERE ] updating countdown to 58565
[19:17:07.249] [SEVERE ] updating countdown to 58539
[19:17:07.276] [SEVERE ] updating countdown to 58512
[19:17:07.302] [SEVERE ] updating countdown to 58486
[19:17:07.330] [SEVERE ] updating countdown to 58458
[19:17:07.357] [SEVERE ] updating countdown to 58431
[19:17:07.395] [SEVERE ] updating countdown to 58393
[19:17:07.439] [SEVERE ] updating countdown to 58349
[19:17:07.465] [SEVERE ] updating countdown to 58323
[19:17:07.492] [SEVERE ] updating countdown to 58296
[19:17:07.518] [SEVERE ] updating countdown to 58270
[19:17:07.552] [SEVERE ] updating countdown to 58236
[19:17:07.578] [SEVERE ] updating countdown to 58210
[19:17:07.604] [SEVERE ] updating countdown to 58184
[19:17:07.631] [SEVERE ] updating countdown to 58157
[19:17:07.676] [SEVERE ] updating countdown to 58112
[19:17:07.702] [SEVERE ] updating countdown to 58086
[19:17:07.728] [SEVERE ] updating countdown to 58060
[19:17:07.763] [SEVERE ] updating countdown to 58025
[19:17:07.789] [SEVERE ] updating countdown to 57999
[19:17:07.815] [SEVERE ] updating countdown to 57973
[19:17:07.841] [SEVERE ] updating countdown to 57947
[19:17:07.867] [SEVERE ] updating countdown to 57921
[19:17:07.893] [SEVERE ] updating countdown to 57895
[19:17:07.919] [SEVERE ] updating countdown to 57869
[19:17:07.945] [SEVERE ] updating countdown to 57843
[19:17:07.976] [SEVERE ] updating countdown to 57812
[19:17:08.028] [SEVERE ] updating countdown to 57760
[19:17:08.054] [SEVERE ] updating countdown to 57734
[19:17:08.079] [SEVERE ] updating countdown to 57709
[19:17:08.105] [SEVERE ] updating countdown to 57683
[19:17:08.198] [SEVERE ] updating countdown to 57591
[19:17:08.223] [SEVERE ] updating countdown to 57565
[19:17:08.249] [SEVERE ] updating countdown to 57539
[19:17:08.274] [SEVERE ] updating countdown to 57514
[19:17:08.300] [SEVERE ] updating countdown to 57488
[19:17:08.326] [SEVERE ] updating countdown to 57462
[19:17:08.362] [SEVERE ] updating countdown to 57426
[19:17:08.388] [SEVERE ] updating countdown to 57400
[19:17:08.414] [SEVERE ] updating countdown to 57374
[19:17:08.440] [SEVERE ] updating countdown to 57348
[19:17:08.519] [SEVERE ] updating countdown to 57269
[19:17:08.545] [SEVERE ] updating countdown to 57243
[19:17:08.571] [SEVERE ] updating countdown to 57217
[19:17:08.597] [SEVERE ] updating countdown to 57191
[19:17:08.626] [SEVERE ] updating countdown to 57162
[19:17:08.652] [SEVERE ] updating countdown to 57136
[19:17:08.677] [SEVERE ] updating countdown to 57111
[19:17:08.703] [SEVERE ] updating countdown to 57085
[19:17:08.737] [SEVERE ] updating countdown to 57051
[19:17:08.769] [SEVERE ] updating countdown to 57019
[19:17:08.795] [SEVERE ] updating countdown to 56993
[19:17:08.822] [SEVERE ] updating countdown to 56966
[19:17:08.848] [SEVERE ] updating countdown to 56940
[19:17:08.878] [SEVERE ] updating countdown to 56910
[19:17:08.904] [SEVERE ] updating countdown to 56884
[19:17:08.931] [SEVERE ] updating countdown to 56857
[19:17:08.956] [SEVERE ] updating countdown to 56832
[19:17:08.983] [SEVERE ] updating countdown to 56805
[19:17:09.009] [SEVERE ] updating countdown to 56779
[19:17:09.035] [SEVERE ] updating countdown to 56753
[19:17:09.062] [SEVERE ] updating countdown to 56726
[19:17:09.088] [SEVERE ] updating countdown to 56700
[19:17:09.114] [SEVERE ] updating countdown to 56674
[19:17:09.142] [SEVERE ] updating countdown to 56646
[19:17:09.168] [SEVERE ] updating countdown to 56620
[19:17:09.194] [SEVERE ] updating countdown to 56594
[19:17:09.220] [SEVERE ] updating countdown to 56568
[19:17:09.252] [SEVERE ] updating countdown to 56536
[19:17:09.279] [SEVERE ] updating countdown to 56509
[19:17:09.305] [SEVERE ] updating countdown to 56483
[19:17:09.331] [SEVERE ] updating countdown to 56457
[19:17:09.357] [SEVERE ] updating countdown to 56431
[19:17:09.383] [SEVERE ] updating countdown to 56405
[19:17:09.408] [SEVERE ] updating countdown to 56380
[19:17:09.435] [SEVERE ] updating countdown to 56353
[19:17:09.461] [SEVERE ] updating countdown to 56327
[19:17:09.505] [SEVERE ] updating countdown to 56283
[19:17:09.530] [SEVERE ] updating countdown to 56258
[19:17:09.556] [SEVERE ] updating countdown to 56232
[19:17:09.582] [SEVERE ] updating countdown to 56206
[19:17:09.611] [SEVERE ] updating countdown to 56177
[19:17:09.637] [SEVERE ] updating countdown to 56151
[19:17:09.664] [SEVERE ] updating countdown to 56124
[19:17:09.690] [SEVERE ] updating countdown to 56099
[19:17:09.715] [SEVERE ] updating countdown to 56073
[19:17:09.757] [SEVERE ] updating countdown to 56031
[19:17:09.783] [SEVERE ] updating countdown to 56005
[19:17:09.812] [SEVERE ] updating countdown to 55976
[19:17:09.844] [SEVERE ] updating countdown to 55944
[19:17:09.870] [SEVERE ] updating countdown to 55918
[19:17:09.896] [SEVERE ] updating countdown to 55892
[19:17:09.921] [SEVERE ] updating countdown to 55867
[19:17:09.947] [SEVERE ] updating countdown to 55841
[19:17:09.973] [SEVERE ] updating countdown to 55815
[19:17:09.999] [SEVERE ] updating countdown to 55789
[19:17:10.025] [SEVERE ] updating countdown to 55763
[19:17:10.061] [SEVERE ] updating countdown to 55727
[19:17:10.096] [SEVERE ] updating countdown to 55692
[19:17:10.141] [SEVERE ] updating countdown to 55647
[19:17:10.167] [SEVERE ] updating countdown to 55621
[19:17:10.194] [SEVERE ] updating countdown to 55594
[19:17:10.220] [SEVERE ] updating countdown to 55568
[19:17:10.246] [SEVERE ] updating countdown to 55542
[19:17:10.271] [SEVERE ] updating countdown to 55517
[19:17:10.297] [SEVERE ] updating countdown to 55491
[19:17:10.324] [SEVERE ] updating countdown to 55464
[19:17:10.350] [SEVERE ] updating countdown to 55438
[19:17:10.399] [SEVERE ] updating countdown to 55389
[19:17:10.439] [SEVERE ] updating countdown to 55349
[19:17:10.465] [SEVERE ] updating countdown to 55323
[19:17:10.491] [SEVERE ] updating countdown to 55297
[19:17:10.518] [SEVERE ] updating countdown to 55270
[19:17:10.549] [SEVERE ] updating countdown to 55239
[19:17:10.575] [SEVERE ] updating countdown to 55213
[19:17:10.601] [SEVERE ] updating countdown to 55187
[19:17:10.627] [SEVERE ] updating countdown to 55161
[19:17:10.653] [SEVERE ] updating countdown to 55135
[19:17:10.679] [SEVERE ] updating countdown to 55109
[19:17:10.731] [SEVERE ] updating countdown to 55057
[19:17:10.757] [SEVERE ] updating countdown to 55031
[19:17:10.783] [SEVERE ] updating countdown to 55005
[19:17:10.809] [SEVERE ] updating countdown to 54979
[19:17:10.836] [SEVERE ] updating countdown to 54952
[19:17:10.902] [SEVERE ] updating countdown to 54886
[19:17:10.928] [SEVERE ] updating countdown to 54860
[19:17:10.955] [SEVERE ] updating countdown to 54833
[19:17:10.981] [SEVERE ] updating countdown to 54807
[19:17:11.016] [SEVERE ] updating countdown to 54772
[19:17:11.042] [SEVERE ] updating countdown to 54746
[19:17:11.068] [SEVERE ] updating countdown to 54720
[19:17:11.096] [SEVERE ] updating countdown to 54692
[19:17:11.122] [SEVERE ] updating countdown to 54666
[19:17:11.147] [SEVERE ] updating countdown to 54641
[19:17:11.174] [SEVERE ] updating countdown to 54614
[19:17:11.200] [SEVERE ] updating countdown to 54588
[19:17:11.226] [SEVERE ] updating countdown to 54562
[19:17:11.252] [SEVERE ] updating countdown to 54536
[19:17:11.278] [SEVERE ] updating countdown to 54510
[19:17:11.304] [SEVERE ] updating countdown to 54484
[19:17:11.329] [SEVERE ] updating countdown to 54459
[19:17:11.355] [SEVERE ] updating countdown to 54433
[19:17:11.389] [SEVERE ] updating countdown to 54399
[19:17:11.415] [SEVERE ] updating countdown to 54373
[19:17:11.440] [SEVERE ] updating countdown to 54348
[19:17:11.467] [SEVERE ] updating countdown to 54321
[19:17:11.527] [SEVERE ] updating countdown to 54261
[19:17:11.552] [SEVERE ] updating countdown to 54236
[19:17:11.578] [SEVERE ] updating countdown to 54210
[19:17:11.604] [SEVERE ] updating countdown to 54184
[19:17:11.635] [SEVERE ] updating countdown to 54153
[19:17:11.679] [SEVERE ] updating countdown to 54109
[19:17:11.705] [SEVERE ] updating countdown to 54083
[19:17:11.731] [SEVERE ] updating countdown to 54057
[19:17:11.757] [SEVERE ] updating countdown to 54031
[19:17:11.783] [SEVERE ] updating countdown to 54005
[19:17:11.809] [SEVERE ] updating countdown to 53979
[19:17:11.835] [SEVERE ] updating countdown to 53953
[19:17:11.865] [SEVERE ] updating countdown to 53923
[19:17:11.927] [SEVERE ] updating countdown to 53861
[19:17:11.953] [SEVERE ] updating countdown to 53835
[19:17:11.980] [SEVERE ] updating countdown to 53808
[19:17:12.005] [SEVERE ] updating countdown to 53783
[19:17:12.050] [SEVERE ] updating countdown to 53738
[19:17:12.076] [SEVERE ] updating countdown to 53712
[19:17:12.103] [SEVERE ] updating countdown to 53685
[19:17:12.129] [SEVERE ] updating countdown to 53659
[19:17:12.169] [SEVERE ] updating countdown to 53619
[19:17:12.195] [SEVERE ] updating countdown to 53593
[19:17:12.237] [SEVERE ] updating countdown to 53551
[19:17:12.272] [SEVERE ] updating countdown to 53516
[19:17:12.297] [SEVERE ] updating countdown to 53491
[19:17:12.324] [SEVERE ] updating countdown to 53464
[19:17:12.349] [SEVERE ] updating countdown to 53439
[19:17:12.375] [SEVERE ] updating countdown to 53413
[19:17:12.430] [SEVERE ] updating countdown to 53358
[19:17:12.456] [SEVERE ] updating countdown to 53332
[19:17:12.483] [SEVERE ] updating countdown to 53306
[19:17:12.508] [SEVERE ] updating countdown to 53280
[19:17:12.569] [SEVERE ] updating countdown to 53219
[19:17:12.594] [SEVERE ] updating countdown to 53194
[19:17:12.621] [SEVERE ] updating countdown to 53167
[19:17:12.651] [SEVERE ] updating countdown to 53137
[19:17:12.676] [SEVERE ] updating countdown to 53112
[19:17:12.702] [SEVERE ] updating countdown to 53086
[19:17:12.729] [SEVERE ] updating countdown to 53059
[19:17:12.762] [SEVERE ] updating countdown to 53026
[19:17:12.788] [SEVERE ] updating countdown to 53000
[19:17:12.814] [SEVERE ] updating countdown to 52974
[19:17:12.851] [SEVERE ] updating countdown to 52937
[19:17:12.877] [SEVERE ] updating countdown to 52911
[19:17:12.903] [SEVERE ] updating countdown to 52885
[19:17:12.929] [SEVERE ] updating countdown to 52859
[19:17:12.955] [SEVERE ] updating countdown to 52833
[19:17:12.981] [SEVERE ] updating countdown to 52807
[19:17:13.007] [SEVERE ] updating countdown to 52781
[19:17:13.035] [SEVERE ] updating countdown to 52753
[19:17:13.063] [SEVERE ] updating countdown to 52725
[19:17:13.089] [SEVERE ] updating countdown to 52699
[19:17:13.126] [SEVERE ] updating countdown to 52662
[19:17:13.156] [SEVERE ] updating countdown to 52632
[19:17:13.182] [SEVERE ] updating countdown to 52606
[19:17:13.221] [SEVERE ] updating countdown to 52567
[19:17:13.252] [SEVERE ] updating countdown to 52536
[19:17:13.281] [SEVERE ] updating countdown to 52507
[19:17:13.307] [SEVERE ] updating countdown to 52481
[19:17:13.333] [SEVERE ] updating countdown to 52455
[19:17:13.360] [SEVERE ] updating countdown to 52428
[19:17:13.386] [SEVERE ] updating countdown to 52402
[19:17:13.411] [SEVERE ] updating countdown to 52377
[19:17:13.442] [SEVERE ] updating countdown to 52346
[19:17:13.468] [SEVERE ] updating countdown to 52320
[19:17:13.493] [SEVERE ] updating countdown to 52295
[19:17:13.519] [SEVERE ] updating countdown to 52269
[19:17:13.545] [SEVERE ] updating countdown to 52243
[19:17:13.570] [SEVERE ] updating countdown to 52218
[19:17:13.596] [SEVERE ] updating countdown to 52192
[19:17:13.623] [SEVERE ] updating countdown to 52165
[19:17:13.649] [SEVERE ] updating countdown to 52139
[19:17:13.675] [SEVERE ] updating countdown to 52113
[19:17:13.701] [SEVERE ] updating countdown to 52087
[19:17:13.727] [SEVERE ] updating countdown to 52061
[19:17:13.752] [SEVERE ] updating countdown to 52036
[19:17:13.778] [SEVERE ] updating countdown to 52010
[19:17:13.815] [SEVERE ] updating countdown to 51973
[19:17:13.853] [SEVERE ] updating countdown to 51935
[19:17:13.879] [SEVERE ] updating countdown to 51909
[19:17:13.905] [SEVERE ] updating countdown to 51883
[19:17:13.931] [SEVERE ] updating countdown to 51857
[19:17:13.956] [SEVERE ] updating countdown to 51832
[19:17:13.982] [SEVERE ] updating countdown to 51806
[19:17:14.008] [SEVERE ] updating countdown to 51780
[19:17:14.034] [SEVERE ] updating countdown to 51754
[19:17:14.060] [SEVERE ] updating countdown to 51728
[19:17:14.086] [SEVERE ] updating countdown to 51702
[19:17:14.114] [SEVERE ] updating countdown to 51674
[19:17:14.141] [SEVERE ] updating countdown to 51647
[19:17:14.166] [SEVERE ] updating countdown to 51622
[19:17:14.193] [SEVERE ] updating countdown to 51595
[19:17:14.219] [SEVERE ] updating countdown to 51569
[19:17:14.273] [SEVERE ] updating countdown to 51515
[19:17:14.299] [SEVERE ] updating countdown to 51489
[19:17:14.325] [SEVERE ] updating countdown to 51463
[19:17:14.351] [SEVERE ] updating countdown to 51437
[19:17:14.377] [SEVERE ] updating countdown to 51411
[19:17:14.403] [SEVERE ] updating countdown to 51385
[19:17:14.429] [SEVERE ] updating countdown to 51359
[19:17:14.455] [SEVERE ] updating countdown to 51333
[19:17:14.481] [SEVERE ] updating countdown to 51307
[19:17:14.506] [SEVERE ] updating countdown to 51282
[19:17:14.532] [SEVERE ] updating countdown to 51256
[19:17:14.558] [SEVERE ] updating countdown to 51230
[19:17:14.584] [SEVERE ] updating countdown to 51204
[19:17:14.611] [SEVERE ] updating countdown to 51177
[19:17:14.652] [SEVERE ] updating countdown to 51136
[19:17:14.678] [SEVERE ] updating countdown to 51110
[19:17:14.704] [SEVERE ] updating countdown to 51084
[19:17:14.748] [SEVERE ] updating countdown to 51040
[19:17:14.778] [SEVERE ] updating countdown to 51010
[19:17:14.825] [SEVERE ] updating countdown to 50963
[19:17:14.851] [SEVERE ] updating countdown to 50937
[19:17:14.877] [SEVERE ] updating countdown to 50911
[19:17:14.904] [SEVERE ] updating countdown to 50884
[19:17:14.977] [SEVERE ] updating countdown to 50811
[19:17:15.003] [SEVERE ] updating countdown to 50785
[19:17:15.029] [SEVERE ] updating countdown to 50759
[19:17:15.058] [SEVERE ] updating countdown to 50730
[19:17:15.084] [SEVERE ] updating countdown to 50704
[19:17:15.110] [SEVERE ] updating countdown to 50678
[19:17:15.136] [SEVERE ] updating countdown to 50652
[19:17:15.181] [SEVERE ] updating countdown to 50607
[19:17:15.207] [SEVERE ] updating countdown to 50581
[19:17:15.233] [SEVERE ] updating countdown to 50555
[19:17:15.259] [SEVERE ] updating countdown to 50529
[19:17:15.285] [SEVERE ] updating countdown to 50503
[19:17:15.311] [SEVERE ] updating countdown to 50477
[19:17:15.337] [SEVERE ] updating countdown to 50451
[19:17:15.376] [SEVERE ] updating countdown to 50412
[19:17:15.402] [SEVERE ] updating countdown to 50386
[19:17:15.428] [SEVERE ] updating countdown to 50360
[19:17:15.478] [SEVERE ] updating countdown to 50310
[19:17:15.503] [SEVERE ] updating countdown to 50285
[19:17:15.529] [SEVERE ] updating countdown to 50259
[19:17:15.566] [SEVERE ] updating countdown to 50222
[19:17:15.591] [SEVERE ] updating countdown to 50197
[19:17:15.638] [SEVERE ] updating countdown to 50150
[19:17:15.663] [SEVERE ] updating countdown to 50125
[19:17:15.691] [SEVERE ] updating countdown to 50097
[19:17:15.717] [SEVERE ] updating countdown to 50071
[19:17:15.750] [SEVERE ] updating countdown to 50038
[19:17:15.776] [SEVERE ] updating countdown to 50012
[19:17:15.802] [SEVERE ] updating countdown to 49986
[19:17:15.828] [SEVERE ] updating countdown to 49960
[19:17:15.853] [SEVERE ] updating countdown to 49935
[19:17:15.880] [SEVERE ] updating countdown to 49908
[19:17:15.924] [SEVERE ] updating countdown to 49864
[19:17:15.950] [SEVERE ] updating countdown to 49838
[19:17:15.976] [SEVERE ] updating countdown to 49812
[19:17:16.009] [SEVERE ] updating countdown to 49779
[19:17:16.053] [SEVERE ] updating countdown to 49735
[19:17:16.079] [SEVERE ] updating countdown to 49709
[19:17:16.105] [SEVERE ] updating countdown to 49683
[19:17:16.132] [SEVERE ] updating countdown to 49656
[19:17:16.157] [SEVERE ] updating countdown to 49631
[19:17:16.184] [SEVERE ] updating countdown to 49604
[19:17:16.219] [SEVERE ] updating countdown to 49569
[19:17:16.245] [SEVERE ] updating countdown to 49543
[19:17:16.279] [SEVERE ] updating countdown to 49509
[19:17:16.305] [SEVERE ] updating countdown to 49483
[19:17:16.332] [SEVERE ] updating countdown to 49456
[19:17:16.359] [SEVERE ] updating countdown to 49429
[19:17:16.386] [SEVERE ] updating countdown to 49402
[19:17:16.413] [SEVERE ] updating countdown to 49375
[19:17:16.439] [SEVERE ] updating countdown to 49349
[19:17:16.465] [SEVERE ] updating countdown to 49323
[19:17:16.491] [SEVERE ] updating countdown to 49297
[19:17:16.552] [SEVERE ] updating countdown to 49236
[19:17:16.577] [SEVERE ] updating countdown to 49211
[19:17:16.603] [SEVERE ] updating countdown to 49185
[19:17:16.629] [SEVERE ] updating countdown to 49159
[19:17:16.655] [SEVERE ] updating countdown to 49133
[19:17:16.681] [SEVERE ] updating countdown to 49107
[19:17:16.707] [SEVERE ] updating countdown to 49081
[19:17:16.734] [SEVERE ] updating countdown to 49054
[19:17:16.771] [SEVERE ] updating countdown to 49017
[19:17:16.797] [SEVERE ] updating countdown to 48991
[19:17:16.840] [SEVERE ] updating countdown to 48948
[19:17:16.884] [SEVERE ] updating countdown to 48904
[19:17:16.910] [SEVERE ] updating countdown to 48878
[19:17:16.936] [SEVERE ] updating countdown to 48852
[19:17:16.962] [SEVERE ] updating countdown to 48826
[19:17:17.007] [SEVERE ] updating countdown to 48781
[19:17:17.033] [SEVERE ] updating countdown to 48755
[19:17:17.059] [SEVERE ] updating countdown to 48729
[19:17:17.086] [SEVERE ] updating countdown to 48702
[19:17:17.112] [SEVERE ] updating countdown to 48676
[19:17:17.138] [SEVERE ] updating countdown to 48650
[19:17:17.164] [SEVERE ] updating countdown to 48624
[19:17:17.191] [SEVERE ] updating countdown to 48597
[19:17:17.216] [SEVERE ] updating countdown to 48572
[19:17:17.272] [SEVERE ] updating countdown to 48516
[19:17:17.297] [SEVERE ] updating countdown to 48491
[19:17:17.323] [SEVERE ] updating countdown to 48465
[19:17:17.350] [SEVERE ] updating countdown to 48438
[19:17:17.432] [SEVERE ] updating countdown to 48356
[19:17:17.458] [SEVERE ] updating countdown to 48330
[19:17:17.484] [SEVERE ] updating countdown to 48304
[19:17:17.510] [SEVERE ] updating countdown to 48278
[19:17:17.595] [SEVERE ] updating countdown to 48193
[19:17:17.620] [SEVERE ] updating countdown to 48168
[19:17:17.647] [SEVERE ] updating countdown to 48141
[19:17:17.673] [SEVERE ] updating countdown to 48115
[19:17:17.699] [SEVERE ] updating countdown to 48089
[19:17:17.725] [SEVERE ] updating countdown to 48064
[19:17:17.750] [SEVERE ] updating countdown to 48038
[19:17:17.777] [SEVERE ] updating countdown to 48011
[19:17:17.803] [SEVERE ] updating countdown to 47985
[19:17:17.858] [SEVERE ] updating countdown to 47930
[19:17:17.884] [SEVERE ] updating countdown to 47904
[19:17:17.910] [SEVERE ] updating countdown to 47878
[19:17:17.936] [SEVERE ] updating countdown to 47852
[19:17:17.963] [SEVERE ] updating countdown to 47825
[19:17:17.989] [SEVERE ] updating countdown to 47799
[19:17:18.015] [SEVERE ] updating countdown to 47773
[19:17:18.041] [SEVERE ] updating countdown to 47747
[19:17:18.067] [SEVERE ] updating countdown to 47721
[19:17:18.093] [SEVERE ] updating countdown to 47695
[19:17:18.119] [SEVERE ] updating countdown to 47669
[19:17:18.151] [SEVERE ] updating countdown to 47637
[19:17:18.223] [SEVERE ] updating countdown to 47565
[19:17:18.250] [SEVERE ] updating countdown to 47538
[19:17:18.275] [SEVERE ] updating countdown to 47513
[19:17:18.300] [SEVERE ] updating countdown to 47488
[19:17:18.326] [SEVERE ] updating countdown to 47462
[19:17:18.352] [SEVERE ] updating countdown to 47436
[19:17:18.378] [SEVERE ] updating countdown to 47410
[19:17:18.404] [SEVERE ] updating countdown to 47384
[19:17:18.435] [SEVERE ] updating countdown to 47353
[19:17:18.461] [SEVERE ] updating countdown to 47327
[19:17:18.486] [SEVERE ] updating countdown to 47302
[19:17:18.513] [SEVERE ] updating countdown to 47275
[19:17:18.587] [SEVERE ] updating countdown to 47201
[19:17:18.613] [SEVERE ] updating countdown to 47175
[19:17:18.639] [SEVERE ] updating countdown to 47149
[19:17:18.665] [SEVERE ] updating countdown to 47123
[19:17:18.691] [SEVERE ] updating countdown to 47097
[19:17:18.717] [SEVERE ] updating countdown to 47071
[19:17:18.742] [SEVERE ] updating countdown to 47046
[19:17:18.775] [SEVERE ] updating countdown to 47013
[19:17:18.802] [SEVERE ] updating countdown to 46986
[19:17:18.829] [SEVERE ] updating countdown to 46959
[19:17:18.855] [SEVERE ] updating countdown to 46933
[19:17:18.881] [SEVERE ] updating countdown to 46907
[19:17:18.907] [SEVERE ] updating countdown to 46881
[19:17:18.933] [SEVERE ] updating countdown to 46855
[19:17:18.959] [SEVERE ] updating countdown to 46829
[19:17:18.986] [SEVERE ] updating countdown to 46802
[19:17:19.013] [SEVERE ] updating countdown to 46775
[19:17:19.039] [SEVERE ] updating countdown to 46749
[19:17:19.065] [SEVERE ] updating countdown to 46724
[19:17:19.091] [SEVERE ] updating countdown to 46697
[19:17:19.117] [SEVERE ] updating countdown to 46671
[19:17:19.136] [SEVERE ] exit button pressed
[19:17:19.137] [INFO   ] thread Thread-2 terminated.
[19:17:19.137] [INFO   ] thread Thread-1 terminated.
[19:17:19.149] [SEVERE ] updating countdown to 46639
[19:17:19.250] [SEVERE ] removing card from slot 0
[19:17:19.359] [SEVERE ] removing card from slot 1
[19:17:19.472] [SEVERE ] removing card from slot 2
[19:17:19.586] [SEVERE ] removing card from slot 3
[19:17:19.691] [SEVERE ] removing card from slot 4
[19:17:19.792] [SEVERE ] removing card from slot 5
[19:17:19.893] [SEVERE ] removing card from slot 6
[19:17:19.994] [SEVERE ] removing card from slot 7
[19:17:20.095] [SEVERE ] removing card from slot 8
[19:17:20.195] [SEVERE ] removing card from slot 9
[19:17:20.306] [SEVERE ] removing card from slot 10
[19:17:20.413] [SEVERE ] removing card from slot 11
[19:17:20.415] [SEVERE ] announcing winner(s): player 1, player 2, player 3
[19:17:20.418] [INFO   ] thread dealer terminated.
[19:17:20.419] [INFO   ] thread dealer terminated.
[19:17:20.420] [SEVERE ] thanks for playing... it was fun!
[19:17:20.421] [INFO   ] thread bguspl.set.Main.main() terminated.
