[19:07:07.519] [INFO   ] thread bguspl.set.Main.main() starting.
[19:07:07.528] [SEVERE ] cannot read configuration file config.properties trying from resources.
[19:07:07.535] [SEVERE ] configuration file was loaded from resources directory.
[19:07:08.701] [INFO   ] thread dealer starting.
[19:07:08.702] [INFO   ] thread dealer starting.
[19:07:08.703] [INFO   ] thread Thread-1 starting.
[19:07:08.703] [INFO   ] thread Thread-2 starting.
[19:07:08.703] [INFO   ] thread Thread-3 starting.
[19:07:08.704] [INFO   ] thread Thread-4 starting.
[19:07:08.706] [INFO   ] thread computer-2 starting.
[19:07:08.706] [INFO   ] thread computer-3 starting.
[19:07:08.810] [SEVERE ] placing card 71 in slot 0
[19:07:08.912] [SEVERE ] placing card 48 in slot 1
[19:07:09.034] [SEVERE ] placing card 72 in slot 2
[19:07:09.136] [SEVERE ] placing card 73 in slot 3
[19:07:09.238] [SEVERE ] placing card 14 in slot 4
[19:07:09.341] [SEVERE ] placing card 63 in slot 5
[19:07:09.445] [SEVERE ] placing card 21 in slot 6
[19:07:09.546] [SEVERE ] placing card 38 in slot 7
[19:07:09.670] [SEVERE ] placing card 32 in slot 8
[19:07:09.771] [SEVERE ] placing card 61 in slot 9
[19:07:09.873] [SEVERE ] placing card 18 in slot 10
[19:07:09.975] [SEVERE ] placing card 70 in slot 11
[19:07:09.976] [SEVERE ] updating countdown to 60000
[19:07:10.004] [SEVERE ] updating countdown to 59972
[19:07:10.030] [SEVERE ] updating countdown to 59946
[19:07:10.057] [SEVERE ] updating countdown to 59919
[19:07:10.084] [SEVERE ] updating countdown to 59892
[19:07:10.119] [SEVERE ] updating countdown to 59857
[19:07:10.146] [SEVERE ] updating countdown to 59830
[19:07:10.173] [SEVERE ] updating countdown to 59803
[19:07:10.201] [SEVERE ] updating countdown to 59775
[19:07:10.227] [SEVERE ] updating countdown to 59749
[19:07:10.253] [SEVERE ] updating countdown to 59723
[19:07:10.279] [SEVERE ] updating countdown to 59697
[19:07:10.308] [SEVERE ] updating countdown to 59668
[19:07:10.334] [SEVERE ] updating countdown to 59642
[19:07:10.360] [SEVERE ] updating countdown to 59616
[19:07:10.387] [SEVERE ] updating countdown to 59589
[19:07:10.414] [SEVERE ] updating countdown to 59562
[19:07:10.439] [SEVERE ] updating countdown to 59537
[19:07:10.465] [SEVERE ] updating countdown to 59511
[19:07:10.492] [SEVERE ] updating countdown to 59484
[19:07:10.518] [SEVERE ] updating countdown to 59458
[19:07:10.545] [SEVERE ] updating countdown to 59431
[19:07:10.572] [SEVERE ] updating countdown to 59404
[19:07:10.598] [SEVERE ] updating countdown to 59378
[19:07:10.625] [SEVERE ] updating countdown to 59351
[19:07:10.651] [SEVERE ] updating countdown to 59325
[19:07:10.677] [SEVERE ] updating countdown to 59299
[19:07:10.704] [SEVERE ] updating countdown to 59272
[19:07:10.730] [SEVERE ] updating countdown to 59246
[19:07:10.756] [SEVERE ] updating countdown to 59220
[19:07:10.782] [SEVERE ] updating countdown to 59194
[19:07:10.809] [SEVERE ] updating countdown to 59167
[19:07:10.854] [SEVERE ] updating countdown to 59122
[19:07:10.880] [SEVERE ] updating countdown to 59096
[19:07:10.907] [SEVERE ] updating countdown to 59069
[19:07:10.937] [SEVERE ] updating countdown to 59039
[19:07:10.964] [SEVERE ] updating countdown to 59012
[19:07:11.013] [SEVERE ] updating countdown to 58963
[19:07:11.040] [SEVERE ] updating countdown to 58937
[19:07:11.066] [SEVERE ] updating countdown to 58910
[19:07:11.092] [SEVERE ] updating countdown to 58885
[19:07:11.118] [SEVERE ] updating countdown to 58858
[19:07:11.144] [SEVERE ] updating countdown to 58832
[19:07:11.170] [SEVERE ] updating countdown to 58806
[19:07:11.196] [SEVERE ] updating countdown to 58780
[19:07:11.223] [SEVERE ] updating countdown to 58753
[19:07:11.249] [SEVERE ] updating countdown to 58727
[19:07:11.286] [SEVERE ] updating countdown to 58690
[19:07:11.312] [SEVERE ] updating countdown to 58664
[19:07:11.338] [SEVERE ] updating countdown to 58638
[19:07:11.364] [SEVERE ] updating countdown to 58612
[19:07:11.391] [SEVERE ] updating countdown to 58585
[19:07:11.417] [SEVERE ] updating countdown to 58559
[19:07:11.444] [SEVERE ] updating countdown to 58533
[19:07:11.470] [SEVERE ] updating countdown to 58506
[19:07:11.496] [SEVERE ] updating countdown to 58480
[19:07:11.522] [SEVERE ] updating countdown to 58454
[19:07:11.548] [SEVERE ] updating countdown to 58428
[19:07:11.574] [SEVERE ] updating countdown to 58402
[19:07:11.600] [SEVERE ] updating countdown to 58376
[19:07:11.626] [SEVERE ] updating countdown to 58350
[19:07:11.652] [SEVERE ] updating countdown to 58324
[19:07:11.679] [SEVERE ] updating countdown to 58297
[19:07:11.705] [SEVERE ] updating countdown to 58271
[19:07:11.731] [SEVERE ] updating countdown to 58245
[19:07:11.758] [SEVERE ] updating countdown to 58218
[19:07:11.784] [SEVERE ] updating countdown to 58192
[19:07:11.811] [SEVERE ] updating countdown to 58166
[19:07:11.837] [SEVERE ] updating countdown to 58139
[19:07:11.863] [SEVERE ] updating countdown to 58113
[19:07:11.889] [SEVERE ] updating countdown to 58087
[19:07:11.915] [SEVERE ] updating countdown to 58061
[19:07:11.941] [SEVERE ] updating countdown to 58035
[19:07:11.968] [SEVERE ] updating countdown to 58008
[19:07:11.994] [SEVERE ] updating countdown to 57982
[19:07:12.022] [SEVERE ] updating countdown to 57954
[19:07:12.052] [SEVERE ] updating countdown to 57924
[19:07:12.078] [SEVERE ] updating countdown to 57898
[19:07:12.108] [SEVERE ] updating countdown to 57869
[19:07:12.134] [SEVERE ] updating countdown to 57842
[19:07:12.201] [SEVERE ] updating countdown to 57775
[19:07:12.227] [SEVERE ] updating countdown to 57749
[19:07:12.253] [SEVERE ] updating countdown to 57723
[19:07:12.279] [SEVERE ] updating countdown to 57697
[19:07:12.305] [SEVERE ] updating countdown to 57671
[19:07:12.331] [SEVERE ] updating countdown to 57645
[19:07:12.357] [SEVERE ] updating countdown to 57619
[19:07:12.383] [SEVERE ] updating countdown to 57593
[19:07:12.409] [SEVERE ] updating countdown to 57567
[19:07:12.435] [SEVERE ] updating countdown to 57541
[19:07:12.462] [SEVERE ] updating countdown to 57514
[19:07:12.492] [SEVERE ] updating countdown to 57484
[19:07:12.519] [SEVERE ] updating countdown to 57457
[19:07:12.545] [SEVERE ] updating countdown to 57431
[19:07:12.570] [SEVERE ] updating countdown to 57406
[19:07:12.596] [SEVERE ] updating countdown to 57380
[19:07:12.622] [SEVERE ] updating countdown to 57354
[19:07:12.652] [SEVERE ] updating countdown to 57324
[19:07:12.678] [SEVERE ] updating countdown to 57298
[19:07:12.704] [SEVERE ] updating countdown to 57272
[19:07:12.730] [SEVERE ] updating countdown to 57246
[19:07:12.759] [SEVERE ] updating countdown to 57217
[19:07:12.785] [SEVERE ] updating countdown to 57191
[19:07:12.811] [SEVERE ] updating countdown to 57165
[19:07:12.838] [SEVERE ] updating countdown to 57138
[19:07:12.864] [SEVERE ] updating countdown to 57112
[19:07:12.890] [SEVERE ] updating countdown to 57086
[19:07:12.916] [SEVERE ] updating countdown to 57060
[19:07:12.943] [SEVERE ] updating countdown to 57033
[19:07:12.969] [SEVERE ] updating countdown to 57007
[19:07:12.995] [SEVERE ] updating countdown to 56981
[19:07:13.021] [SEVERE ] updating countdown to 56955
[19:07:13.054] [SEVERE ] updating countdown to 56923
[19:07:13.080] [SEVERE ] updating countdown to 56896
[19:07:13.106] [SEVERE ] updating countdown to 56870
[19:07:13.132] [SEVERE ] updating countdown to 56844
[19:07:13.162] [SEVERE ] updating countdown to 56814
[19:07:13.188] [SEVERE ] updating countdown to 56788
[19:07:13.214] [SEVERE ] updating countdown to 56762
[19:07:13.241] [SEVERE ] updating countdown to 56735
[19:07:13.267] [SEVERE ] updating countdown to 56709
[19:07:13.293] [SEVERE ] updating countdown to 56683
[19:07:13.319] [SEVERE ] updating countdown to 56657
[19:07:13.345] [SEVERE ] updating countdown to 56631
[19:07:13.398] [SEVERE ] updating countdown to 56578
[19:07:13.425] [SEVERE ] updating countdown to 56551
[19:07:13.452] [SEVERE ] updating countdown to 56524
[19:07:13.478] [SEVERE ] updating countdown to 56498
[19:07:13.505] [SEVERE ] updating countdown to 56471
[19:07:13.509] [SEVERE ] key 65 was pressed by player 1
[19:07:13.510] [SEVERE ] player 1 placing token on slot 4
[19:07:13.532] [SEVERE ] updating countdown to 56444
[19:07:13.557] [SEVERE ] updating countdown to 56419
[19:07:13.584] [SEVERE ] updating countdown to 56392
[19:07:13.609] [SEVERE ] updating countdown to 56367
[19:07:13.635] [SEVERE ] updating countdown to 56341
[19:07:13.661] [SEVERE ] updating countdown to 56315
[19:07:13.687] [SEVERE ] updating countdown to 56289
[19:07:13.713] [SEVERE ] updating countdown to 56263
[19:07:13.738] [SEVERE ] updating countdown to 56238
[19:07:13.764] [SEVERE ] updating countdown to 56212
[19:07:13.791] [SEVERE ] updating countdown to 56185
[19:07:13.817] [SEVERE ] updating countdown to 56159
[19:07:13.842] [SEVERE ] updating countdown to 56134
[19:07:13.869] [SEVERE ] updating countdown to 56107
[19:07:13.895] [SEVERE ] updating countdown to 56081
[19:07:13.921] [SEVERE ] updating countdown to 56055
[19:07:13.949] [SEVERE ] updating countdown to 56027
[19:07:13.975] [SEVERE ] updating countdown to 56001
[19:07:14.001] [SEVERE ] updating countdown to 55975
[19:07:14.027] [SEVERE ] updating countdown to 55949
[19:07:14.053] [SEVERE ] updating countdown to 55923
[19:07:14.079] [SEVERE ] updating countdown to 55897
[19:07:14.105] [SEVERE ] updating countdown to 55871
[19:07:14.132] [SEVERE ] updating countdown to 55844
[19:07:14.158] [SEVERE ] updating countdown to 55818
[19:07:14.185] [SEVERE ] updating countdown to 55791
[19:07:14.211] [SEVERE ] updating countdown to 55765
[19:07:14.237] [SEVERE ] updating countdown to 55739
[19:07:14.266] [SEVERE ] updating countdown to 55711
[19:07:14.313] [SEVERE ] key 83 was pressed by player 1
[19:07:14.314] [SEVERE ] player 1 placing token on slot 5
[19:07:14.338] [SEVERE ] updating countdown to 55638
[19:07:14.364] [SEVERE ] updating countdown to 55612
[19:07:14.390] [SEVERE ] updating countdown to 55586
[19:07:14.416] [SEVERE ] updating countdown to 55560
[19:07:14.442] [SEVERE ] updating countdown to 55534
[19:07:14.468] [SEVERE ] updating countdown to 55508
[19:07:14.494] [SEVERE ] updating countdown to 55482
[19:07:14.521] [SEVERE ] updating countdown to 55455
[19:07:14.582] [SEVERE ] updating countdown to 55394
[19:07:14.608] [SEVERE ] updating countdown to 55368
[19:07:14.634] [SEVERE ] updating countdown to 55342
[19:07:14.660] [SEVERE ] updating countdown to 55317
[19:07:14.685] [SEVERE ] updating countdown to 55291
[19:07:14.711] [SEVERE ] updating countdown to 55265
[19:07:14.737] [SEVERE ] updating countdown to 55239
[19:07:14.802] [SEVERE ] updating countdown to 55174
[19:07:14.829] [SEVERE ] updating countdown to 55147
[19:07:14.855] [SEVERE ] updating countdown to 55121
[19:07:14.881] [SEVERE ] updating countdown to 55095
[19:07:14.924] [SEVERE ] updating countdown to 55052
[19:07:14.950] [SEVERE ] updating countdown to 55026
[19:07:14.988] [SEVERE ] updating countdown to 54988
[19:07:15.043] [SEVERE ] updating countdown to 54933
[19:07:15.069] [SEVERE ] updating countdown to 54907
[19:07:15.116] [SEVERE ] updating countdown to 54860
[19:07:15.204] [SEVERE ] updating countdown to 54772
[19:07:15.230] [SEVERE ] updating countdown to 54746
[19:07:15.256] [SEVERE ] updating countdown to 54720
[19:07:15.281] [SEVERE ] updating countdown to 54695
[19:07:15.307] [SEVERE ] updating countdown to 54669
[19:07:15.333] [SEVERE ] updating countdown to 54643
[19:07:15.358] [SEVERE ] updating countdown to 54618
[19:07:15.385] [SEVERE ] updating countdown to 54591
[19:07:15.410] [SEVERE ] updating countdown to 54566
[19:07:15.436] [SEVERE ] updating countdown to 54540
[19:07:15.464] [SEVERE ] updating countdown to 54512
[19:07:15.490] [SEVERE ] updating countdown to 54487
[19:07:15.516] [SEVERE ] updating countdown to 54460
[19:07:15.541] [SEVERE ] updating countdown to 54435
[19:07:15.567] [SEVERE ] updating countdown to 54409
[19:07:15.593] [SEVERE ] updating countdown to 54383
[19:07:15.619] [SEVERE ] updating countdown to 54357
[19:07:15.645] [SEVERE ] updating countdown to 54331
[19:07:15.671] [SEVERE ] updating countdown to 54305
[19:07:15.697] [SEVERE ] updating countdown to 54279
[19:07:15.724] [SEVERE ] updating countdown to 54252
[19:07:15.750] [SEVERE ] updating countdown to 54226
[19:07:15.776] [SEVERE ] updating countdown to 54200
[19:07:15.802] [SEVERE ] updating countdown to 54174
[19:07:15.828] [SEVERE ] updating countdown to 54148
[19:07:15.854] [SEVERE ] updating countdown to 54122
[19:07:15.880] [SEVERE ] updating countdown to 54096
[19:07:15.907] [SEVERE ] updating countdown to 54069
[19:07:15.934] [SEVERE ] updating countdown to 54042
[19:07:15.960] [SEVERE ] updating countdown to 54016
[19:07:15.986] [SEVERE ] updating countdown to 53990
[19:07:16.013] [SEVERE ] updating countdown to 53963
[19:07:16.038] [SEVERE ] updating countdown to 53938
[19:07:16.064] [SEVERE ] updating countdown to 53912
[19:07:16.089] [SEVERE ] updating countdown to 53887
[19:07:16.115] [SEVERE ] updating countdown to 53861
[19:07:16.143] [SEVERE ] updating countdown to 53833
[19:07:16.169] [SEVERE ] updating countdown to 53807
[19:07:16.195] [SEVERE ] updating countdown to 53781
[19:07:16.220] [SEVERE ] updating countdown to 53756
[19:07:16.246] [SEVERE ] updating countdown to 53730
[19:07:16.281] [SEVERE ] updating countdown to 53695
[19:07:16.307] [SEVERE ] updating countdown to 53669
[19:07:16.332] [SEVERE ] updating countdown to 53644
[19:07:16.359] [SEVERE ] updating countdown to 53617
[19:07:16.386] [SEVERE ] updating countdown to 53590
[19:07:16.412] [SEVERE ] updating countdown to 53564
[19:07:16.438] [SEVERE ] updating countdown to 53538
[19:07:16.467] [SEVERE ] updating countdown to 53509
[19:07:16.493] [SEVERE ] updating countdown to 53483
[19:07:16.519] [SEVERE ] updating countdown to 53457
[19:07:16.545] [SEVERE ] updating countdown to 53431
[19:07:16.571] [SEVERE ] updating countdown to 53405
[19:07:16.597] [SEVERE ] updating countdown to 53379
[19:07:16.623] [SEVERE ] updating countdown to 53353
[19:07:16.649] [SEVERE ] updating countdown to 53327
[19:07:16.677] [SEVERE ] updating countdown to 53299
[19:07:16.703] [SEVERE ] updating countdown to 53273
[19:07:16.729] [SEVERE ] updating countdown to 53247
[19:07:16.755] [SEVERE ] updating countdown to 53221
[19:07:16.780] [SEVERE ] updating countdown to 53196
[19:07:16.806] [SEVERE ] updating countdown to 53170
[19:07:16.832] [SEVERE ] updating countdown to 53144
[19:07:16.858] [SEVERE ] updating countdown to 53118
[19:07:16.884] [SEVERE ] updating countdown to 53092
[19:07:16.909] [SEVERE ] updating countdown to 53067
[19:07:16.935] [SEVERE ] updating countdown to 53041
[19:07:16.961] [SEVERE ] updating countdown to 53015
[19:07:16.987] [SEVERE ] updating countdown to 52989
[19:07:17.020] [SEVERE ] updating countdown to 52956
[19:07:17.046] [SEVERE ] updating countdown to 52930
[19:07:17.074] [SEVERE ] updating countdown to 52902
[19:07:17.137] [SEVERE ] updating countdown to 52839
[19:07:17.163] [SEVERE ] updating countdown to 52813
[19:07:17.189] [SEVERE ] updating countdown to 52787
[19:07:17.215] [SEVERE ] updating countdown to 52761
[19:07:17.264] [SEVERE ] updating countdown to 52712
[19:07:17.290] [SEVERE ] updating countdown to 52686
[19:07:17.317] [SEVERE ] updating countdown to 52659
[19:07:17.343] [SEVERE ] updating countdown to 52633
[19:07:17.390] [SEVERE ] updating countdown to 52586
[19:07:17.416] [SEVERE ] updating countdown to 52560
[19:07:17.442] [SEVERE ] updating countdown to 52534
[19:07:17.469] [SEVERE ] updating countdown to 52507
[19:07:17.494] [SEVERE ] updating countdown to 52482
[19:07:17.520] [SEVERE ] updating countdown to 52456
[19:07:17.568] [SEVERE ] updating countdown to 52408
[19:07:17.596] [SEVERE ] updating countdown to 52380
[19:07:17.622] [SEVERE ] updating countdown to 52354
[19:07:17.648] [SEVERE ] updating countdown to 52328
[19:07:17.674] [SEVERE ] updating countdown to 52302
[19:07:17.700] [SEVERE ] updating countdown to 52276
[19:07:17.726] [SEVERE ] updating countdown to 52250
[19:07:17.752] [SEVERE ] updating countdown to 52224
[19:07:17.778] [SEVERE ] updating countdown to 52198
[19:07:17.804] [SEVERE ] updating countdown to 52172
[19:07:17.833] [SEVERE ] updating countdown to 52143
[19:07:17.858] [SEVERE ] updating countdown to 52118
[19:07:17.884] [SEVERE ] updating countdown to 52092
[19:07:17.918] [SEVERE ] updating countdown to 52058
[19:07:17.944] [SEVERE ] updating countdown to 52032
[19:07:17.970] [SEVERE ] updating countdown to 52006
[19:07:17.995] [SEVERE ] updating countdown to 51981
[19:07:18.029] [SEVERE ] updating countdown to 51947
[19:07:18.058] [SEVERE ] updating countdown to 51918
[19:07:18.084] [SEVERE ] updating countdown to 51892
[19:07:18.110] [SEVERE ] updating countdown to 51866
[19:07:18.137] [SEVERE ] updating countdown to 51839
[19:07:18.192] [SEVERE ] updating countdown to 51784
[19:07:18.218] [SEVERE ] updating countdown to 51758
[19:07:18.253] [SEVERE ] updating countdown to 51723
[19:07:18.279] [SEVERE ] updating countdown to 51697
[19:07:18.344] [SEVERE ] updating countdown to 51632
[19:07:18.370] [SEVERE ] updating countdown to 51606
[19:07:18.396] [SEVERE ] updating countdown to 51580
[19:07:18.421] [SEVERE ] updating countdown to 51555
[19:07:18.458] [SEVERE ] updating countdown to 51518
[19:07:18.484] [SEVERE ] updating countdown to 51492
[19:07:18.511] [SEVERE ] updating countdown to 51465
[19:07:18.536] [SEVERE ] updating countdown to 51440
[19:07:18.562] [SEVERE ] updating countdown to 51414
[19:07:18.588] [SEVERE ] updating countdown to 51388
[19:07:18.614] [SEVERE ] updating countdown to 51362
[19:07:18.640] [SEVERE ] updating countdown to 51336
[19:07:18.666] [SEVERE ] updating countdown to 51310
[19:07:18.692] [SEVERE ] updating countdown to 51284
[19:07:18.718] [SEVERE ] updating countdown to 51258
[19:07:18.744] [SEVERE ] updating countdown to 51232
[19:07:18.770] [SEVERE ] updating countdown to 51206
[19:07:18.796] [SEVERE ] updating countdown to 51180
[19:07:18.864] [SEVERE ] updating countdown to 51112
[19:07:18.890] [SEVERE ] updating countdown to 51086
[19:07:18.916] [SEVERE ] updating countdown to 51060
[19:07:18.942] [SEVERE ] updating countdown to 51034
[19:07:18.969] [SEVERE ] updating countdown to 51007
[19:07:19.031] [SEVERE ] updating countdown to 50945
[19:07:19.057] [SEVERE ] updating countdown to 50919
[19:07:19.083] [SEVERE ] updating countdown to 50893
[19:07:19.108] [SEVERE ] updating countdown to 50868
[19:07:19.134] [SEVERE ] updating countdown to 50842
[19:07:19.167] [SEVERE ] updating countdown to 50809
[19:07:19.193] [SEVERE ] updating countdown to 50783
[19:07:19.225] [SEVERE ] updating countdown to 50751
[19:07:19.251] [SEVERE ] updating countdown to 50725
[19:07:19.298] [SEVERE ] updating countdown to 50678
[19:07:19.324] [SEVERE ] updating countdown to 50652
[19:07:19.350] [SEVERE ] updating countdown to 50626
[19:07:19.378] [SEVERE ] updating countdown to 50598
[19:07:19.404] [SEVERE ] updating countdown to 50572
[19:07:19.459] [SEVERE ] updating countdown to 50517
[19:07:19.485] [SEVERE ] updating countdown to 50491
[19:07:19.511] [SEVERE ] updating countdown to 50465
[19:07:19.538] [SEVERE ] updating countdown to 50438
[19:07:19.570] [SEVERE ] updating countdown to 50406
[19:07:19.602] [SEVERE ] updating countdown to 50374
[19:07:19.628] [SEVERE ] updating countdown to 50348
[19:07:19.654] [SEVERE ] updating countdown to 50322
[19:07:19.682] [SEVERE ] updating countdown to 50294
[19:07:19.708] [SEVERE ] updating countdown to 50268
[19:07:19.735] [SEVERE ] updating countdown to 50241
[19:07:19.770] [SEVERE ] updating countdown to 50206
[19:07:19.796] [SEVERE ] updating countdown to 50180
[19:07:19.822] [SEVERE ] updating countdown to 50154
[19:07:19.848] [SEVERE ] updating countdown to 50128
[19:07:19.873] [SEVERE ] updating countdown to 50103
[19:07:19.899] [SEVERE ] updating countdown to 50077
[19:07:19.925] [SEVERE ] updating countdown to 50051
[19:07:19.956] [SEVERE ] updating countdown to 50020
[19:07:19.981] [SEVERE ] updating countdown to 49995
[19:07:20.007] [SEVERE ] updating countdown to 49969
[19:07:20.035] [SEVERE ] updating countdown to 49941
[19:07:20.061] [SEVERE ] updating countdown to 49915
[19:07:20.089] [SEVERE ] updating countdown to 49887
[19:07:20.115] [SEVERE ] updating countdown to 49861
[19:07:20.141] [SEVERE ] updating countdown to 49835
[19:07:20.169] [SEVERE ] key 90 was pressed by player 1
[19:07:20.171] [SEVERE ] updating countdown to 49805
[19:07:20.177] [SEVERE ] player 1 placing token on slot 8
[19:07:20.179] [SEVERE ] updating countdown to 49797
[19:07:20.180] [SEVERE ] setting player 1 freeze to 3000
[19:07:20.205] [SEVERE ] updating countdown to 49771
[19:07:20.205] [SEVERE ] setting player 1 freeze to 2974
[19:07:20.231] [SEVERE ] updating countdown to 49745
[19:07:20.232] [SEVERE ] setting player 1 freeze to 2947
[19:07:20.261] [SEVERE ] updating countdown to 49715
[19:07:20.262] [SEVERE ] setting player 1 freeze to 2917
[19:07:20.288] [SEVERE ] updating countdown to 49688
[19:07:20.303] [SEVERE ] setting player 1 freeze to 2876
[19:07:20.329] [SEVERE ] updating countdown to 49647
[19:07:20.330] [SEVERE ] setting player 1 freeze to 2849
[19:07:20.355] [SEVERE ] updating countdown to 49621
[19:07:20.356] [SEVERE ] setting player 1 freeze to 2823
[19:07:20.385] [SEVERE ] updating countdown to 49591
[19:07:20.385] [SEVERE ] setting player 1 freeze to 2794
[19:07:20.411] [SEVERE ] updating countdown to 49565
[19:07:20.434] [SEVERE ] setting player 1 freeze to 2745
[19:07:20.460] [SEVERE ] updating countdown to 49516
[19:07:20.461] [SEVERE ] setting player 1 freeze to 2718
[19:07:20.487] [SEVERE ] updating countdown to 49489
[19:07:20.492] [SEVERE ] setting player 1 freeze to 2687
[19:07:20.563] [SEVERE ] updating countdown to 49413
[19:07:20.564] [SEVERE ] setting player 1 freeze to 2615
[19:07:20.589] [SEVERE ] updating countdown to 49387
[19:07:20.590] [SEVERE ] setting player 1 freeze to 2589
[19:07:20.615] [SEVERE ] updating countdown to 49361
[19:07:20.617] [SEVERE ] setting player 1 freeze to 2562
[19:07:20.648] [SEVERE ] updating countdown to 49328
[19:07:20.649] [SEVERE ] setting player 1 freeze to 2530
[19:07:20.675] [SEVERE ] updating countdown to 49301
[19:07:20.675] [SEVERE ] setting player 1 freeze to 2504
[19:07:20.701] [SEVERE ] updating countdown to 49275
[19:07:20.706] [SEVERE ] setting player 1 freeze to 2473
[19:07:20.731] [SEVERE ] updating countdown to 49245
[19:07:20.732] [SEVERE ] setting player 1 freeze to 2447
[19:07:20.759] [SEVERE ] updating countdown to 49217
[19:07:20.759] [SEVERE ] setting player 1 freeze to 2420
[19:07:20.785] [SEVERE ] updating countdown to 49191
[19:07:20.786] [SEVERE ] setting player 1 freeze to 2393
[19:07:20.812] [SEVERE ] updating countdown to 49164
[19:07:20.816] [SEVERE ] setting player 1 freeze to 2363
[19:07:20.843] [SEVERE ] updating countdown to 49133
[19:07:20.843] [SEVERE ] setting player 1 freeze to 2336
[19:07:20.874] [SEVERE ] updating countdown to 49102
[19:07:20.875] [SEVERE ] setting player 1 freeze to 2304
[19:07:20.900] [SEVERE ] updating countdown to 49076
[19:07:20.901] [SEVERE ] setting player 1 freeze to 2278
[19:07:20.927] [SEVERE ] updating countdown to 49049
[19:07:20.928] [SEVERE ] setting player 1 freeze to 2251
[19:07:20.954] [SEVERE ] updating countdown to 49022
[19:07:20.955] [SEVERE ] setting player 1 freeze to 2224
[19:07:20.977] [SEVERE ] key 88 was pressed by player 1
[19:07:20.982] [SEVERE ] updating countdown to 48994
[19:07:20.983] [SEVERE ] setting player 1 freeze to 2196
[19:07:21.008] [SEVERE ] updating countdown to 48968
[19:07:21.009] [SEVERE ] setting player 1 freeze to 2170
[19:07:21.035] [SEVERE ] updating countdown to 48941
[19:07:21.036] [SEVERE ] setting player 1 freeze to 2143
[19:07:21.061] [SEVERE ] updating countdown to 48915
[19:07:21.061] [SEVERE ] setting player 1 freeze to 2118
[19:07:21.087] [SEVERE ] updating countdown to 48889
[19:07:21.089] [SEVERE ] setting player 1 freeze to 2090
[19:07:21.115] [SEVERE ] updating countdown to 48861
[19:07:21.116] [SEVERE ] setting player 1 freeze to 2063
[19:07:21.141] [SEVERE ] updating countdown to 48835
[19:07:21.142] [SEVERE ] setting player 1 freeze to 2037
[19:07:21.168] [SEVERE ] updating countdown to 48808
[19:07:21.170] [SEVERE ] setting player 1 freeze to 2009
[19:07:21.196] [SEVERE ] updating countdown to 48780
[19:07:21.197] [SEVERE ] setting player 1 freeze to 1982
[19:07:21.223] [SEVERE ] updating countdown to 48753
[19:07:21.244] [SEVERE ] setting player 1 freeze to 1935
[19:07:21.279] [SEVERE ] updating countdown to 48697
[19:07:21.280] [SEVERE ] setting player 1 freeze to 1899
[19:07:21.306] [SEVERE ] updating countdown to 48670
[19:07:21.307] [SEVERE ] setting player 1 freeze to 1872
[19:07:21.333] [SEVERE ] updating countdown to 48643
[19:07:21.334] [SEVERE ] setting player 1 freeze to 1845
[19:07:21.360] [SEVERE ] updating countdown to 48616
[19:07:21.361] [SEVERE ] setting player 1 freeze to 1818
[19:07:21.387] [SEVERE ] updating countdown to 48589
[19:07:21.388] [SEVERE ] setting player 1 freeze to 1791
[19:07:21.414] [SEVERE ] updating countdown to 48562
[19:07:21.416] [SEVERE ] setting player 1 freeze to 1763
[19:07:21.442] [SEVERE ] updating countdown to 48534
[19:07:21.443] [SEVERE ] setting player 1 freeze to 1736
[19:07:21.469] [SEVERE ] updating countdown to 48507
[19:07:21.469] [SEVERE ] setting player 1 freeze to 1710
[19:07:21.495] [SEVERE ] updating countdown to 48481
[19:07:21.496] [SEVERE ] setting player 1 freeze to 1683
[19:07:21.522] [SEVERE ] updating countdown to 48454
[19:07:21.577] [SEVERE ] setting player 1 freeze to 1602
[19:07:21.603] [SEVERE ] updating countdown to 48373
[19:07:21.604] [SEVERE ] setting player 1 freeze to 1575
[19:07:21.630] [SEVERE ] updating countdown to 48346
[19:07:21.630] [SEVERE ] setting player 1 freeze to 1549
[19:07:21.656] [SEVERE ] updating countdown to 48320
[19:07:21.656] [SEVERE ] setting player 1 freeze to 1523
[19:07:21.681] [SEVERE ] updating countdown to 48295
[19:07:21.682] [SEVERE ] setting player 1 freeze to 1497
[19:07:21.708] [SEVERE ] updating countdown to 48268
[19:07:21.708] [SEVERE ] setting player 1 freeze to 1471
[19:07:21.734] [SEVERE ] updating countdown to 48242
[19:07:21.735] [SEVERE ] setting player 1 freeze to 1444
[19:07:21.762] [SEVERE ] updating countdown to 48214
[19:07:21.763] [SEVERE ] setting player 1 freeze to 1416
[19:07:21.789] [SEVERE ] updating countdown to 48187
[19:07:21.797] [SEVERE ] setting player 1 freeze to 1382
[19:07:21.827] [SEVERE ] updating countdown to 48149
[19:07:21.829] [SEVERE ] setting player 1 freeze to 1350
[19:07:21.855] [SEVERE ] updating countdown to 48121
[19:07:21.855] [SEVERE ] setting player 1 freeze to 1324
[19:07:21.881] [SEVERE ] updating countdown to 48095
[19:07:21.881] [SEVERE ] setting player 1 freeze to 1298
[19:07:21.907] [SEVERE ] updating countdown to 48069
[19:07:21.921] [SEVERE ] setting player 1 freeze to 1258
[19:07:21.948] [SEVERE ] updating countdown to 48028
[19:07:21.949] [SEVERE ] setting player 1 freeze to 1230
[19:07:21.975] [SEVERE ] updating countdown to 48001
[19:07:21.976] [SEVERE ] setting player 1 freeze to 1203
[19:07:22.002] [SEVERE ] updating countdown to 47974
[19:07:22.004] [SEVERE ] setting player 1 freeze to 1175
[19:07:22.030] [SEVERE ] updating countdown to 47946
[19:07:22.053] [SEVERE ] setting player 1 freeze to 1126
[19:07:22.080] [SEVERE ] updating countdown to 47896
[19:07:22.080] [SEVERE ] setting player 1 freeze to 1099
[19:07:22.105] [SEVERE ] updating countdown to 47871
[19:07:22.106] [SEVERE ] setting player 1 freeze to 1073
[19:07:22.131] [SEVERE ] updating countdown to 47845
[19:07:22.132] [SEVERE ] setting player 1 freeze to 1047
[19:07:22.158] [SEVERE ] updating countdown to 47818
[19:07:22.158] [SEVERE ] setting player 1 freeze to 1021
[19:07:22.184] [SEVERE ] updating countdown to 47792
[19:07:22.185] [SEVERE ] setting player 1 freeze to 994
[19:07:22.211] [SEVERE ] updating countdown to 47765
[19:07:22.212] [SEVERE ] setting player 1 freeze to 967
[19:07:22.237] [SEVERE ] updating countdown to 47739
[19:07:22.238] [SEVERE ] setting player 1 freeze to 941
[19:07:22.264] [SEVERE ] updating countdown to 47712
[19:07:22.267] [SEVERE ] setting player 1 freeze to 912
[19:07:22.293] [SEVERE ] updating countdown to 47683
[19:07:22.294] [SEVERE ] setting player 1 freeze to 885
[19:07:22.320] [SEVERE ] updating countdown to 47656
[19:07:22.348] [SEVERE ] setting player 1 freeze to 831
[19:07:22.375] [SEVERE ] updating countdown to 47601
[19:07:22.376] [SEVERE ] setting player 1 freeze to 803
[19:07:22.402] [SEVERE ] updating countdown to 47574
[19:07:22.403] [SEVERE ] setting player 1 freeze to 776
[19:07:22.430] [SEVERE ] updating countdown to 47546
[19:07:22.431] [SEVERE ] setting player 1 freeze to 748
[19:07:22.456] [SEVERE ] updating countdown to 47520
[19:07:22.481] [SEVERE ] setting player 1 freeze to 698
[19:07:22.536] [SEVERE ] updating countdown to 47440
[19:07:22.537] [SEVERE ] setting player 1 freeze to 642
[19:07:22.563] [SEVERE ] updating countdown to 47413
[19:07:22.565] [SEVERE ] setting player 1 freeze to 614
[19:07:22.590] [SEVERE ] updating countdown to 47386
[19:07:22.591] [SEVERE ] setting player 1 freeze to 588
[19:07:22.616] [SEVERE ] updating countdown to 47360
[19:07:22.618] [SEVERE ] setting player 1 freeze to 561
[19:07:22.644] [SEVERE ] updating countdown to 47332
[19:07:22.662] [SEVERE ] setting player 1 freeze to 518
[19:07:22.687] [SEVERE ] updating countdown to 47289
[19:07:22.688] [SEVERE ] setting player 1 freeze to 491
[19:07:22.713] [SEVERE ] updating countdown to 47263
[19:07:22.714] [SEVERE ] setting player 1 freeze to 465
[19:07:22.740] [SEVERE ] updating countdown to 47236
[19:07:22.741] [SEVERE ] setting player 1 freeze to 438
[19:07:22.766] [SEVERE ] updating countdown to 47210
[19:07:22.767] [SEVERE ] setting player 1 freeze to 412
[19:07:22.793] [SEVERE ] updating countdown to 47183
[19:07:22.793] [SEVERE ] setting player 1 freeze to 386
[19:07:22.818] [SEVERE ] updating countdown to 47158
[19:07:22.822] [SEVERE ] setting player 1 freeze to 357
[19:07:22.849] [SEVERE ] updating countdown to 47127
[19:07:22.850] [SEVERE ] setting player 1 freeze to 329
[19:07:22.875] [SEVERE ] updating countdown to 47101
[19:07:22.876] [SEVERE ] setting player 1 freeze to 303
[19:07:22.905] [SEVERE ] updating countdown to 47071
[19:07:22.905] [SEVERE ] setting player 1 freeze to 274
[19:07:22.931] [SEVERE ] updating countdown to 47046
[19:07:22.931] [SEVERE ] setting player 1 freeze to 248
[19:07:22.957] [SEVERE ] updating countdown to 47019
[19:07:22.958] [SEVERE ] setting player 1 freeze to 221
[19:07:22.984] [SEVERE ] updating countdown to 46992
[19:07:22.985] [SEVERE ] setting player 1 freeze to 194
[19:07:23.011] [SEVERE ] updating countdown to 46965
[19:07:23.014] [SEVERE ] setting player 1 freeze to 165
[19:07:23.041] [SEVERE ] updating countdown to 46935
[19:07:23.042] [SEVERE ] setting player 1 freeze to 137
[19:07:23.067] [SEVERE ] updating countdown to 46909
[19:07:23.068] [SEVERE ] setting player 1 freeze to 111
[19:07:23.093] [SEVERE ] updating countdown to 46883
[19:07:23.095] [SEVERE ] setting player 1 freeze to 84
[19:07:23.121] [SEVERE ] updating countdown to 46855
[19:07:23.122] [SEVERE ] setting player 1 freeze to 57
[19:07:23.148] [SEVERE ] updating countdown to 46828
[19:07:23.154] [SEVERE ] setting player 1 freeze to 25
[19:07:23.180] [SEVERE ] updating countdown to 46796
[19:07:23.180] [SEVERE ] setting player 1 freeze to -1
[19:07:23.181] [SEVERE ] setting player 1 freeze to 0
[19:07:23.206] [SEVERE ] updating countdown to 46770
[19:07:23.232] [SEVERE ] updating countdown to 46744
[19:07:23.288] [SEVERE ] updating countdown to 46688
[19:07:23.315] [SEVERE ] updating countdown to 46661
[19:07:23.341] [SEVERE ] updating countdown to 46635
[19:07:23.374] [SEVERE ] updating countdown to 46602
[19:07:23.400] [SEVERE ] updating countdown to 46576
[19:07:23.426] [SEVERE ] updating countdown to 46550
[19:07:23.453] [SEVERE ] updating countdown to 46523
[19:07:23.479] [SEVERE ] updating countdown to 46497
[19:07:23.538] [SEVERE ] updating countdown to 46438
[19:07:23.564] [SEVERE ] updating countdown to 46412
[19:07:23.590] [SEVERE ] updating countdown to 46386
[19:07:23.616] [SEVERE ] updating countdown to 46360
[19:07:23.687] [SEVERE ] updating countdown to 46289
[19:07:23.713] [SEVERE ] updating countdown to 46263
[19:07:23.740] [SEVERE ] updating countdown to 46236
[19:07:23.766] [SEVERE ] updating countdown to 46210
[19:07:23.810] [SEVERE ] updating countdown to 46166
[19:07:23.836] [SEVERE ] updating countdown to 46140
[19:07:23.862] [SEVERE ] updating countdown to 46114
[19:07:23.888] [SEVERE ] updating countdown to 46088
[19:07:23.914] [SEVERE ] updating countdown to 46062
[19:07:23.941] [SEVERE ] updating countdown to 46035
[19:07:23.972] [SEVERE ] updating countdown to 46004
[19:07:23.998] [SEVERE ] updating countdown to 45978
[19:07:24.026] [SEVERE ] updating countdown to 45950
[19:07:24.051] [SEVERE ] updating countdown to 45925
[19:07:24.080] [SEVERE ] updating countdown to 45896
[19:07:24.106] [SEVERE ] updating countdown to 45870
[19:07:24.149] [SEVERE ] updating countdown to 45827
[19:07:24.175] [SEVERE ] updating countdown to 45801
[19:07:24.200] [SEVERE ] updating countdown to 45776
[19:07:24.211] [SEVERE ] exit button pressed
[19:07:24.212] [INFO   ] thread Thread-2 terminated.
[19:07:24.212] [INFO   ] thread Thread-1 terminated.
[19:07:24.227] [SEVERE ] updating countdown to 45749
[19:07:24.328] [SEVERE ] removing card from slot 0
[19:07:24.429] [SEVERE ] removing card from slot 1
[19:07:24.530] [SEVERE ] removing card from slot 2
[19:07:24.630] [SEVERE ] removing card from slot 3
[19:07:24.732] [SEVERE ] removing player 1 token from slot 4
[19:07:24.733] [SEVERE ] removing card from slot 4
[19:07:24.834] [SEVERE ] removing player 1 token from slot 5
[19:07:24.834] [SEVERE ] removing card from slot 5
[19:07:24.935] [SEVERE ] removing card from slot 6
[19:07:25.036] [SEVERE ] removing card from slot 7
[19:07:25.138] [SEVERE ] removing player 1 token from slot 8
[19:07:25.139] [SEVERE ] removing card from slot 8
[19:07:25.241] [SEVERE ] removing card from slot 9
[19:07:25.341] [SEVERE ] removing card from slot 10
[19:07:25.443] [SEVERE ] removing card from slot 11
[19:07:25.444] [SEVERE ] announcing winner(s): player 1, player 2, player 3, player 4
[19:07:25.446] [INFO   ] thread dealer terminated.
[19:07:25.447] [INFO   ] thread dealer terminated.
[19:07:25.448] [SEVERE ] thanks for playing... it was fun!
[19:07:25.450] [INFO   ] thread bguspl.set.Main.main() terminated.
