[19:10:52.016] [INFO   ] thread bguspl.set.Main.main() starting.
[19:10:52.025] [SEVERE ] cannot read configuration file config.properties trying from resources.
[19:10:52.033] [SEVERE ] configuration file was loaded from resources directory.
[19:10:53.222] [INFO   ] thread dealer starting.
[19:10:53.223] [INFO   ] thread dealer starting.
[19:10:53.224] [INFO   ] thread Thread-1 starting.
[19:10:53.225] [INFO   ] thread Thread-4 starting.
[19:10:53.225] [INFO   ] thread Thread-3 starting.
[19:10:53.224] [INFO   ] thread Thread-2 starting.
[19:10:53.226] [INFO   ] thread computer-3 starting.
[19:10:53.227] [INFO   ] thread computer-2 starting.
[19:10:53.332] [SEVERE ] placing card 73 in slot 0
[19:10:53.433] [SEVERE ] placing card 50 in slot 1
[19:10:53.535] [SEVERE ] placing card 35 in slot 2
[19:10:53.636] [SEVERE ] placing card 68 in slot 3
[19:10:53.754] [SEVERE ] placing card 55 in slot 4
[19:10:53.856] [SEVERE ] placing card 70 in slot 5
[19:10:53.958] [SEVERE ] placing card 64 in slot 6
[19:10:54.070] [SEVERE ] placing card 25 in slot 7
[19:10:54.172] [SEVERE ] placing card 32 in slot 8
[19:10:54.273] [SEVERE ] placing card 5 in slot 9
[19:10:54.408] [SEVERE ] placing card 75 in slot 10
[19:10:54.511] [SEVERE ] placing card 67 in slot 11
[19:10:54.512] [SEVERE ] updating countdown to 60000
[19:10:54.538] [SEVERE ] updating countdown to 59974
[19:10:54.571] [SEVERE ] updating countdown to 59941
[19:10:54.597] [SEVERE ] updating countdown to 59915
[19:10:54.657] [SEVERE ] updating countdown to 59855
[19:10:54.683] [SEVERE ] updating countdown to 59829
[19:10:54.710] [SEVERE ] updating countdown to 59802
[19:10:54.735] [SEVERE ] updating countdown to 59777
[19:10:54.761] [SEVERE ] updating countdown to 59751
[19:10:54.787] [SEVERE ] updating countdown to 59725
[19:10:54.813] [SEVERE ] updating countdown to 59699
[19:10:54.839] [SEVERE ] updating countdown to 59673
[19:10:54.866] [SEVERE ] updating countdown to 59646
[19:10:54.892] [SEVERE ] updating countdown to 59620
[19:10:54.917] [SEVERE ] updating countdown to 59595
[19:10:54.944] [SEVERE ] updating countdown to 59568
[19:10:54.971] [SEVERE ] updating countdown to 59541
[19:10:54.997] [SEVERE ] updating countdown to 59515
[19:10:55.024] [SEVERE ] updating countdown to 59488
[19:10:55.050] [SEVERE ] updating countdown to 59462
[19:10:55.076] [SEVERE ] updating countdown to 59436
[19:10:55.102] [SEVERE ] updating countdown to 59410
[19:10:55.128] [SEVERE ] updating countdown to 59384
[19:10:55.155] [SEVERE ] updating countdown to 59358
[19:10:55.181] [SEVERE ] updating countdown to 59331
[19:10:55.206] [SEVERE ] updating countdown to 59306
[19:10:55.233] [SEVERE ] updating countdown to 59279
[19:10:55.259] [SEVERE ] updating countdown to 59253
[19:10:55.285] [SEVERE ] updating countdown to 59227
[19:10:55.311] [SEVERE ] updating countdown to 59201
[19:10:55.338] [SEVERE ] updating countdown to 59174
[19:10:55.366] [SEVERE ] updating countdown to 59146
[19:10:55.392] [SEVERE ] updating countdown to 59120
[19:10:55.428] [SEVERE ] updating countdown to 59084
[19:10:55.454] [SEVERE ] updating countdown to 59058
[19:10:55.481] [SEVERE ] updating countdown to 59031
[19:10:55.507] [SEVERE ] updating countdown to 59005
[19:10:55.544] [SEVERE ] updating countdown to 58968
[19:10:55.570] [SEVERE ] updating countdown to 58942
[19:10:55.596] [SEVERE ] updating countdown to 58916
[19:10:55.621] [SEVERE ] updating countdown to 58891
[19:10:55.647] [SEVERE ] updating countdown to 58865
[19:10:55.674] [SEVERE ] updating countdown to 58838
[19:10:55.700] [SEVERE ] updating countdown to 58812
[19:10:55.741] [SEVERE ] updating countdown to 58771
[19:10:55.767] [SEVERE ] updating countdown to 58745
[19:10:55.795] [SEVERE ] updating countdown to 58717
[19:10:55.821] [SEVERE ] updating countdown to 58691
[19:10:55.847] [SEVERE ] updating countdown to 58665
[19:10:55.889] [SEVERE ] updating countdown to 58623
[19:10:55.916] [SEVERE ] updating countdown to 58596
[19:10:55.942] [SEVERE ] updating countdown to 58570
[19:10:55.968] [SEVERE ] updating countdown to 58544
[19:10:55.995] [SEVERE ] updating countdown to 58518
[19:10:56.020] [SEVERE ] updating countdown to 58492
[19:10:56.046] [SEVERE ] updating countdown to 58466
[19:10:56.072] [SEVERE ] updating countdown to 58440
[19:10:56.098] [SEVERE ] updating countdown to 58414
[19:10:56.124] [SEVERE ] updating countdown to 58388
[19:10:56.150] [SEVERE ] updating countdown to 58362
[19:10:56.177] [SEVERE ] updating countdown to 58335
[19:10:56.235] [SEVERE ] updating countdown to 58277
[19:10:56.261] [SEVERE ] updating countdown to 58251
[19:10:56.288] [SEVERE ] updating countdown to 58224
[19:10:56.314] [SEVERE ] updating countdown to 58198
[19:10:56.343] [SEVERE ] updating countdown to 58169
[19:10:56.368] [SEVERE ] updating countdown to 58144
[19:10:56.394] [SEVERE ] updating countdown to 58118
[19:10:56.427] [SEVERE ] updating countdown to 58085
[19:10:56.471] [SEVERE ] updating countdown to 58041
[19:10:56.497] [SEVERE ] updating countdown to 58015
[19:10:56.523] [SEVERE ] updating countdown to 57989
[19:10:56.551] [SEVERE ] updating countdown to 57961
[19:10:56.577] [SEVERE ] updating countdown to 57935
[19:10:56.636] [SEVERE ] updating countdown to 57876
[19:10:56.661] [SEVERE ] updating countdown to 57851
[19:10:56.687] [SEVERE ] updating countdown to 57825
[19:10:56.713] [SEVERE ] updating countdown to 57799
[19:10:56.739] [SEVERE ] updating countdown to 57773
[19:10:56.765] [SEVERE ] updating countdown to 57747
[19:10:56.792] [SEVERE ] updating countdown to 57720
[19:10:56.819] [SEVERE ] updating countdown to 57693
[19:10:56.855] [SEVERE ] updating countdown to 57657
[19:10:56.881] [SEVERE ] updating countdown to 57631
[19:10:56.907] [SEVERE ] updating countdown to 57605
[19:10:56.952] [SEVERE ] updating countdown to 57560
[19:10:57.011] [SEVERE ] updating countdown to 57501
[19:10:57.037] [SEVERE ] updating countdown to 57475
[19:10:57.064] [SEVERE ] updating countdown to 57448
[19:10:57.090] [SEVERE ] updating countdown to 57422
[19:10:57.118] [SEVERE ] updating countdown to 57394
[19:10:57.168] [SEVERE ] updating countdown to 57344
[19:10:57.194] [SEVERE ] updating countdown to 57318
[19:10:57.221] [SEVERE ] updating countdown to 57291
[19:10:57.247] [SEVERE ] updating countdown to 57265
[19:10:57.290] [SEVERE ] updating countdown to 57222
[19:10:57.316] [SEVERE ] updating countdown to 57196
[19:10:57.342] [SEVERE ] updating countdown to 57170
[19:10:57.369] [SEVERE ] updating countdown to 57143
[19:10:57.408] [SEVERE ] updating countdown to 57104
[19:10:57.434] [SEVERE ] updating countdown to 57078
[19:10:57.460] [SEVERE ] updating countdown to 57052
[19:10:57.486] [SEVERE ] updating countdown to 57026
[19:10:57.513] [SEVERE ] updating countdown to 56999
[19:10:57.539] [SEVERE ] updating countdown to 56973
[19:10:57.565] [SEVERE ] updating countdown to 56947
[19:10:57.592] [SEVERE ] updating countdown to 56921
[19:10:57.617] [SEVERE ] updating countdown to 56895
[19:10:57.643] [SEVERE ] updating countdown to 56869
[19:10:57.669] [SEVERE ] updating countdown to 56843
[19:10:57.695] [SEVERE ] updating countdown to 56817
[19:10:57.721] [SEVERE ] updating countdown to 56791
[19:10:57.749] [SEVERE ] updating countdown to 56763
[19:10:57.775] [SEVERE ] updating countdown to 56737
[19:10:57.802] [SEVERE ] updating countdown to 56711
[19:10:57.828] [SEVERE ] updating countdown to 56684
[19:10:57.854] [SEVERE ] updating countdown to 56658
[19:10:57.889] [SEVERE ] updating countdown to 56623
[19:10:57.915] [SEVERE ] updating countdown to 56597
[19:10:57.941] [SEVERE ] updating countdown to 56571
[19:10:57.967] [SEVERE ] updating countdown to 56545
[19:10:58.009] [SEVERE ] updating countdown to 56503
[19:10:58.035] [SEVERE ] updating countdown to 56477
[19:10:58.061] [SEVERE ] updating countdown to 56451
[19:10:58.087] [SEVERE ] updating countdown to 56425
[19:10:58.113] [SEVERE ] updating countdown to 56399
[19:10:58.139] [SEVERE ] updating countdown to 56373
[19:10:58.165] [SEVERE ] updating countdown to 56347
[19:10:58.191] [SEVERE ] updating countdown to 56321
[19:10:58.218] [SEVERE ] updating countdown to 56294
[19:10:58.244] [SEVERE ] updating countdown to 56268
[19:10:58.271] [SEVERE ] updating countdown to 56241
[19:10:58.298] [SEVERE ] updating countdown to 56214
[19:10:58.323] [SEVERE ] updating countdown to 56189
[19:10:58.349] [SEVERE ] updating countdown to 56163
[19:10:58.375] [SEVERE ] updating countdown to 56137
[19:10:58.401] [SEVERE ] updating countdown to 56111
[19:10:58.427] [SEVERE ] updating countdown to 56085
[19:10:58.455] [SEVERE ] updating countdown to 56057
[19:10:58.480] [SEVERE ] updating countdown to 56032
[19:10:58.510] [SEVERE ] updating countdown to 56002
[19:10:58.570] [SEVERE ] updating countdown to 55942
[19:10:58.596] [SEVERE ] updating countdown to 55916
[19:10:58.622] [SEVERE ] updating countdown to 55890
[19:10:58.648] [SEVERE ] updating countdown to 55864
[19:10:58.713] [SEVERE ] updating countdown to 55799
[19:10:58.738] [SEVERE ] updating countdown to 55774
[19:10:58.766] [SEVERE ] updating countdown to 55746
[19:10:58.792] [SEVERE ] updating countdown to 55720
[19:10:58.818] [SEVERE ] updating countdown to 55694
[19:10:58.844] [SEVERE ] updating countdown to 55668
[19:10:58.869] [SEVERE ] updating countdown to 55643
[19:10:58.895] [SEVERE ] updating countdown to 55617
[19:10:58.921] [SEVERE ] updating countdown to 55591
[19:10:58.946] [SEVERE ] updating countdown to 55566
[19:10:58.973] [SEVERE ] updating countdown to 55539
[19:10:58.999] [SEVERE ] updating countdown to 55513
[19:10:59.025] [SEVERE ] updating countdown to 55487
[19:10:59.051] [SEVERE ] updating countdown to 55461
[19:10:59.076] [SEVERE ] updating countdown to 55436
[19:10:59.103] [SEVERE ] updating countdown to 55409
[19:10:59.137] [SEVERE ] updating countdown to 55375
[19:10:59.163] [SEVERE ] updating countdown to 55349
[19:10:59.191] [SEVERE ] updating countdown to 55321
[19:10:59.217] [SEVERE ] updating countdown to 55295
[19:10:59.243] [SEVERE ] updating countdown to 55269
[19:10:59.269] [SEVERE ] updating countdown to 55243
[19:10:59.298] [SEVERE ] updating countdown to 55214
[19:10:59.324] [SEVERE ] updating countdown to 55188
[19:10:59.349] [SEVERE ] updating countdown to 55163
[19:10:59.376] [SEVERE ] updating countdown to 55136
[19:10:59.411] [SEVERE ] updating countdown to 55101
[19:10:59.453] [SEVERE ] updating countdown to 55059
[19:10:59.479] [SEVERE ] updating countdown to 55033
[19:10:59.505] [SEVERE ] updating countdown to 55007
[19:10:59.532] [SEVERE ] updating countdown to 54980
[19:10:59.558] [SEVERE ] updating countdown to 54954
[19:10:59.583] [SEVERE ] updating countdown to 54929
[19:10:59.609] [SEVERE ] updating countdown to 54903
[19:10:59.635] [SEVERE ] updating countdown to 54877
[19:10:59.661] [SEVERE ] updating countdown to 54851
[19:10:59.686] [SEVERE ] updating countdown to 54826
[19:10:59.714] [SEVERE ] updating countdown to 54798
[19:10:59.739] [SEVERE ] updating countdown to 54773
[19:10:59.765] [SEVERE ] updating countdown to 54747
[19:10:59.791] [SEVERE ] updating countdown to 54721
[19:10:59.817] [SEVERE ] updating countdown to 54695
[19:10:59.843] [SEVERE ] updating countdown to 54669
[19:10:59.869] [SEVERE ] updating countdown to 54643
[19:10:59.895] [SEVERE ] updating countdown to 54617
[19:10:59.921] [SEVERE ] updating countdown to 54591
[19:10:59.946] [SEVERE ] updating countdown to 54566
[19:10:59.973] [SEVERE ] updating countdown to 54540
[19:10:59.998] [SEVERE ] updating countdown to 54514
[19:11:00.024] [SEVERE ] updating countdown to 54488
[19:11:00.050] [SEVERE ] updating countdown to 54462
[19:11:00.075] [SEVERE ] updating countdown to 54437
[19:11:00.101] [SEVERE ] updating countdown to 54411
[19:11:00.127] [SEVERE ] updating countdown to 54385
[19:11:00.153] [SEVERE ] updating countdown to 54359
[19:11:00.178] [SEVERE ] updating countdown to 54334
[19:11:00.204] [SEVERE ] updating countdown to 54308
[19:11:00.230] [SEVERE ] updating countdown to 54282
[19:11:00.257] [SEVERE ] updating countdown to 54255
[19:11:00.283] [SEVERE ] updating countdown to 54229
[19:11:00.309] [SEVERE ] updating countdown to 54203
[19:11:00.340] [SEVERE ] updating countdown to 54172
[19:11:00.366] [SEVERE ] updating countdown to 54146
[19:11:00.392] [SEVERE ] updating countdown to 54120
[19:11:00.417] [SEVERE ] updating countdown to 54095
[19:11:00.443] [SEVERE ] updating countdown to 54069
[19:11:00.469] [SEVERE ] updating countdown to 54043
[19:11:00.494] [SEVERE ] updating countdown to 54018
[19:11:00.520] [SEVERE ] updating countdown to 53992
[19:11:00.546] [SEVERE ] updating countdown to 53966
[19:11:00.572] [SEVERE ] updating countdown to 53940
[19:11:00.598] [SEVERE ] updating countdown to 53914
[19:11:00.624] [SEVERE ] updating countdown to 53888
[19:11:00.649] [SEVERE ] updating countdown to 53863
[19:11:00.675] [SEVERE ] updating countdown to 53837
[19:11:00.701] [SEVERE ] updating countdown to 53811
[19:11:00.727] [SEVERE ] updating countdown to 53785
[19:11:00.752] [SEVERE ] updating countdown to 53760
[19:11:00.778] [SEVERE ] updating countdown to 53734
[19:11:00.804] [SEVERE ] updating countdown to 53708
[19:11:00.829] [SEVERE ] updating countdown to 53683
[19:11:00.855] [SEVERE ] updating countdown to 53657
[19:11:00.881] [SEVERE ] updating countdown to 53631
[19:11:00.907] [SEVERE ] updating countdown to 53605
[19:11:00.932] [SEVERE ] updating countdown to 53580
[19:11:00.958] [SEVERE ] updating countdown to 53554
[19:11:00.984] [SEVERE ] updating countdown to 53528
[19:11:01.010] [SEVERE ] updating countdown to 53503
[19:11:01.035] [SEVERE ] updating countdown to 53477
[19:11:01.061] [SEVERE ] updating countdown to 53451
[19:11:01.087] [SEVERE ] updating countdown to 53425
[19:11:01.113] [SEVERE ] updating countdown to 53399
[19:11:01.139] [SEVERE ] updating countdown to 53373
[19:11:01.165] [SEVERE ] updating countdown to 53347
[19:11:01.199] [SEVERE ] updating countdown to 53313
[19:11:01.225] [SEVERE ] updating countdown to 53287
[19:11:01.251] [SEVERE ] updating countdown to 53262
[19:11:01.276] [SEVERE ] updating countdown to 53236
[19:11:01.302] [SEVERE ] updating countdown to 53210
[19:11:01.328] [SEVERE ] updating countdown to 53184
[19:11:01.354] [SEVERE ] updating countdown to 53158
[19:11:01.379] [SEVERE ] updating countdown to 53133
[19:11:01.406] [SEVERE ] updating countdown to 53106
[19:11:01.431] [SEVERE ] updating countdown to 53081
[19:11:01.457] [SEVERE ] updating countdown to 53055
[19:11:01.483] [SEVERE ] updating countdown to 53029
[19:11:01.510] [SEVERE ] updating countdown to 53002
[19:11:01.536] [SEVERE ] updating countdown to 52976
[19:11:01.563] [SEVERE ] updating countdown to 52949
[19:11:01.588] [SEVERE ] updating countdown to 52924
[19:11:01.614] [SEVERE ] updating countdown to 52898
[19:11:01.640] [SEVERE ] updating countdown to 52872
[19:11:01.665] [SEVERE ] updating countdown to 52847
[19:11:01.691] [SEVERE ] updating countdown to 52821
[19:11:01.716] [SEVERE ] updating countdown to 52796
[19:11:01.742] [SEVERE ] updating countdown to 52770
[19:11:01.768] [SEVERE ] updating countdown to 52744
[19:11:01.793] [SEVERE ] updating countdown to 52719
[19:11:01.819] [SEVERE ] updating countdown to 52693
[19:11:01.845] [SEVERE ] updating countdown to 52667
[19:11:01.871] [SEVERE ] updating countdown to 52641
[19:11:01.896] [SEVERE ] updating countdown to 52616
[19:11:01.922] [SEVERE ] updating countdown to 52590
[19:11:01.948] [SEVERE ] updating countdown to 52564
[19:11:01.974] [SEVERE ] updating countdown to 52539
[19:11:01.999] [SEVERE ] updating countdown to 52513
[19:11:02.025] [SEVERE ] updating countdown to 52487
[19:11:02.051] [SEVERE ] updating countdown to 52461
[19:11:02.076] [SEVERE ] updating countdown to 52436
[19:11:02.102] [SEVERE ] updating countdown to 52410
[19:11:02.127] [SEVERE ] updating countdown to 52385
[19:11:02.153] [SEVERE ] updating countdown to 52359
[19:11:02.179] [SEVERE ] updating countdown to 52333
[19:11:02.205] [SEVERE ] updating countdown to 52307
[19:11:02.231] [SEVERE ] updating countdown to 52281
[19:11:02.256] [SEVERE ] updating countdown to 52256
[19:11:02.282] [SEVERE ] updating countdown to 52230
[19:11:02.307] [SEVERE ] updating countdown to 52205
[19:11:02.333] [SEVERE ] updating countdown to 52179
[19:11:02.359] [SEVERE ] updating countdown to 52153
[19:11:02.384] [SEVERE ] updating countdown to 52128
[19:11:02.410] [SEVERE ] updating countdown to 52102
[19:11:02.436] [SEVERE ] updating countdown to 52076
[19:11:02.461] [SEVERE ] updating countdown to 52051
[19:11:02.487] [SEVERE ] updating countdown to 52025
[19:11:02.513] [SEVERE ] updating countdown to 51999
[19:11:02.538] [SEVERE ] updating countdown to 51974
[19:11:02.564] [SEVERE ] updating countdown to 51948
[19:11:02.590] [SEVERE ] updating countdown to 51922
[19:11:02.615] [SEVERE ] updating countdown to 51897
[19:11:02.641] [SEVERE ] updating countdown to 51871
[19:11:02.667] [SEVERE ] updating countdown to 51845
[19:11:02.693] [SEVERE ] updating countdown to 51819
[19:11:02.718] [SEVERE ] updating countdown to 51794
[19:11:02.744] [SEVERE ] updating countdown to 51768
[19:11:02.770] [SEVERE ] updating countdown to 51742
[19:11:02.796] [SEVERE ] updating countdown to 51716
[19:11:02.821] [SEVERE ] updating countdown to 51691
[19:11:02.847] [SEVERE ] updating countdown to 51665
[19:11:02.873] [SEVERE ] updating countdown to 51639
[19:11:02.898] [SEVERE ] updating countdown to 51614
[19:11:02.924] [SEVERE ] updating countdown to 51588
[19:11:02.950] [SEVERE ] updating countdown to 51562
[19:11:02.975] [SEVERE ] updating countdown to 51537
[19:11:03.001] [SEVERE ] updating countdown to 51511
[19:11:03.027] [SEVERE ] updating countdown to 51485
[19:11:03.053] [SEVERE ] updating countdown to 51459
[19:11:03.079] [SEVERE ] updating countdown to 51433
[19:11:03.104] [SEVERE ] updating countdown to 51408
[19:11:03.130] [SEVERE ] updating countdown to 51382
[19:11:03.156] [SEVERE ] updating countdown to 51356
[19:11:03.181] [SEVERE ] updating countdown to 51331
[19:11:03.207] [SEVERE ] updating countdown to 51305
[19:11:03.232] [SEVERE ] updating countdown to 51280
[19:11:03.258] [SEVERE ] updating countdown to 51254
[19:11:03.284] [SEVERE ] updating countdown to 51228
[19:11:03.310] [SEVERE ] updating countdown to 51202
[19:11:03.335] [SEVERE ] updating countdown to 51177
[19:11:03.361] [SEVERE ] updating countdown to 51151
[19:11:03.387] [SEVERE ] updating countdown to 51125
[19:11:03.413] [SEVERE ] updating countdown to 51099
[19:11:03.440] [SEVERE ] updating countdown to 51072
[19:11:03.466] [SEVERE ] updating countdown to 51046
[19:11:03.492] [SEVERE ] updating countdown to 51020
[19:11:03.518] [SEVERE ] updating countdown to 50994
[19:11:03.548] [SEVERE ] updating countdown to 50964
[19:11:03.574] [SEVERE ] updating countdown to 50938
[19:11:03.611] [SEVERE ] updating countdown to 50901
[19:11:03.637] [SEVERE ] updating countdown to 50875
[19:11:03.663] [SEVERE ] updating countdown to 50849
[19:11:03.689] [SEVERE ] updating countdown to 50823
[19:11:03.715] [SEVERE ] updating countdown to 50797
[19:11:03.754] [SEVERE ] updating countdown to 50758
[19:11:03.779] [SEVERE ] updating countdown to 50733
[19:11:03.805] [SEVERE ] updating countdown to 50707
[19:11:03.831] [SEVERE ] updating countdown to 50681
[19:11:03.856] [SEVERE ] updating countdown to 50656
[19:11:03.882] [SEVERE ] updating countdown to 50630
[19:11:03.908] [SEVERE ] updating countdown to 50604
[19:11:03.933] [SEVERE ] updating countdown to 50579
[19:11:03.959] [SEVERE ] updating countdown to 50553
[19:11:03.985] [SEVERE ] updating countdown to 50527
[19:11:04.010] [SEVERE ] updating countdown to 50502
[19:11:04.036] [SEVERE ] updating countdown to 50476
[19:11:04.062] [SEVERE ] updating countdown to 50450
[19:11:04.087] [SEVERE ] updating countdown to 50425
[19:11:04.113] [SEVERE ] updating countdown to 50399
[19:11:04.139] [SEVERE ] updating countdown to 50373
[19:11:04.164] [SEVERE ] updating countdown to 50348
[19:11:04.190] [SEVERE ] updating countdown to 50322
[19:11:04.216] [SEVERE ] updating countdown to 50296
[19:11:04.242] [SEVERE ] updating countdown to 50270
[19:11:04.268] [SEVERE ] updating countdown to 50244
[19:11:04.294] [SEVERE ] updating countdown to 50218
[19:11:04.320] [SEVERE ] updating countdown to 50192
[19:11:04.345] [SEVERE ] updating countdown to 50167
[19:11:04.371] [SEVERE ] updating countdown to 50141
[19:11:04.397] [SEVERE ] updating countdown to 50115
[19:11:04.423] [SEVERE ] updating countdown to 50089
[19:11:04.448] [SEVERE ] updating countdown to 50064
[19:11:04.478] [SEVERE ] updating countdown to 50034
[19:11:04.503] [SEVERE ] updating countdown to 50009
[19:11:04.529] [SEVERE ] updating countdown to 49983
[19:11:04.555] [SEVERE ] updating countdown to 49957
[19:11:04.581] [SEVERE ] updating countdown to 49931
[19:11:04.608] [SEVERE ] updating countdown to 49904
[19:11:04.667] [SEVERE ] updating countdown to 49845
[19:11:04.692] [SEVERE ] updating countdown to 49820
[19:11:04.718] [SEVERE ] updating countdown to 49794
[19:11:04.743] [SEVERE ] updating countdown to 49769
[19:11:04.773] [SEVERE ] updating countdown to 49739
[19:11:04.799] [SEVERE ] updating countdown to 49713
[19:11:04.824] [SEVERE ] updating countdown to 49688
[19:11:04.850] [SEVERE ] updating countdown to 49662
[19:11:04.876] [SEVERE ] updating countdown to 49636
[19:11:04.901] [SEVERE ] updating countdown to 49611
[19:11:04.927] [SEVERE ] updating countdown to 49585
[19:11:04.957] [SEVERE ] updating countdown to 49555
[19:11:04.983] [SEVERE ] updating countdown to 49529
[19:11:05.008] [SEVERE ] updating countdown to 49504
[19:11:05.034] [SEVERE ] updating countdown to 49478
[19:11:05.060] [SEVERE ] updating countdown to 49452
[19:11:05.085] [SEVERE ] updating countdown to 49427
[19:11:05.111] [SEVERE ] updating countdown to 49401
[19:11:05.136] [SEVERE ] updating countdown to 49376
[19:11:05.162] [SEVERE ] updating countdown to 49350
[19:11:05.188] [SEVERE ] updating countdown to 49324
[19:11:05.214] [SEVERE ] updating countdown to 49298
[19:11:05.240] [SEVERE ] updating countdown to 49272
[19:11:05.266] [SEVERE ] updating countdown to 49246
[19:11:05.292] [SEVERE ] updating countdown to 49220
[19:11:05.318] [SEVERE ] updating countdown to 49194
[19:11:05.344] [SEVERE ] updating countdown to 49168
[19:11:05.371] [SEVERE ] updating countdown to 49141
[19:11:05.399] [SEVERE ] updating countdown to 49113
[19:11:05.424] [SEVERE ] updating countdown to 49088
[19:11:05.450] [SEVERE ] updating countdown to 49062
[19:11:05.476] [SEVERE ] updating countdown to 49036
[19:11:05.503] [SEVERE ] updating countdown to 49009
[19:11:05.529] [SEVERE ] updating countdown to 48983
[19:11:05.560] [SEVERE ] updating countdown to 48952
[19:11:05.586] [SEVERE ] updating countdown to 48926
[19:11:05.612] [SEVERE ] updating countdown to 48900
[19:11:05.638] [SEVERE ] updating countdown to 48874
[19:11:05.664] [SEVERE ] updating countdown to 48848
[19:11:05.691] [SEVERE ] updating countdown to 48821
[19:11:05.717] [SEVERE ] updating countdown to 48795
[19:11:05.743] [SEVERE ] updating countdown to 48769
[19:11:05.769] [SEVERE ] updating countdown to 48743
[19:11:05.796] [SEVERE ] updating countdown to 48716
[19:11:05.822] [SEVERE ] updating countdown to 48690
[19:11:05.849] [SEVERE ] updating countdown to 48663
[19:11:05.875] [SEVERE ] updating countdown to 48637
[19:11:05.901] [SEVERE ] updating countdown to 48611
[19:11:05.927] [SEVERE ] updating countdown to 48585
[19:11:05.953] [SEVERE ] updating countdown to 48559
[19:11:05.984] [SEVERE ] updating countdown to 48528
[19:11:06.010] [SEVERE ] updating countdown to 48502
[19:11:06.037] [SEVERE ] updating countdown to 48475
[19:11:06.063] [SEVERE ] updating countdown to 48449
[19:11:06.090] [SEVERE ] updating countdown to 48422
[19:11:06.116] [SEVERE ] updating countdown to 48396
[19:11:06.142] [SEVERE ] updating countdown to 48370
[19:11:06.169] [SEVERE ] updating countdown to 48343
[19:11:06.195] [SEVERE ] updating countdown to 48317
[19:11:06.221] [SEVERE ] updating countdown to 48291
[19:11:06.248] [SEVERE ] updating countdown to 48264
[19:11:06.274] [SEVERE ] updating countdown to 48238
[19:11:06.300] [SEVERE ] updating countdown to 48212
[19:11:06.326] [SEVERE ] updating countdown to 48186
[19:11:06.352] [SEVERE ] updating countdown to 48160
[19:11:06.377] [SEVERE ] updating countdown to 48135
[19:11:06.403] [SEVERE ] updating countdown to 48109
[19:11:06.429] [SEVERE ] updating countdown to 48083
[19:11:06.455] [SEVERE ] updating countdown to 48057
[19:11:06.481] [SEVERE ] updating countdown to 48031
[19:11:06.507] [SEVERE ] updating countdown to 48005
[19:11:06.540] [SEVERE ] updating countdown to 47972
[19:11:06.566] [SEVERE ] updating countdown to 47946
[19:11:06.592] [SEVERE ] updating countdown to 47920
[19:11:06.618] [SEVERE ] updating countdown to 47894
[19:11:06.644] [SEVERE ] updating countdown to 47868
[19:11:06.681] [SEVERE ] updating countdown to 47831
[19:11:06.707] [SEVERE ] updating countdown to 47805
[19:11:06.733] [SEVERE ] updating countdown to 47779
[19:11:06.759] [SEVERE ] updating countdown to 47753
[19:11:06.785] [SEVERE ] updating countdown to 47727
[19:11:06.814] [SEVERE ] updating countdown to 47698
[19:11:06.841] [SEVERE ] updating countdown to 47671
[19:11:06.868] [SEVERE ] updating countdown to 47644
[19:11:06.894] [SEVERE ] updating countdown to 47618
[19:11:06.920] [SEVERE ] updating countdown to 47592
[19:11:06.958] [SEVERE ] updating countdown to 47554
[19:11:06.984] [SEVERE ] updating countdown to 47528
[19:11:07.010] [SEVERE ] updating countdown to 47502
[19:11:07.036] [SEVERE ] updating countdown to 47476
[19:11:07.062] [SEVERE ] updating countdown to 47450
[19:11:07.088] [SEVERE ] updating countdown to 47424
[19:11:07.114] [SEVERE ] updating countdown to 47398
[19:11:07.139] [SEVERE ] updating countdown to 47373
[19:11:07.166] [SEVERE ] updating countdown to 47346
[19:11:07.191] [SEVERE ] updating countdown to 47321
[19:11:07.217] [SEVERE ] updating countdown to 47295
[19:11:07.242] [SEVERE ] updating countdown to 47270
[19:11:07.268] [SEVERE ] updating countdown to 47244
[19:11:07.294] [SEVERE ] updating countdown to 47218
[19:11:07.320] [SEVERE ] updating countdown to 47192
[19:11:07.346] [SEVERE ] updating countdown to 47166
[19:11:07.372] [SEVERE ] updating countdown to 47140
[19:11:07.398] [SEVERE ] updating countdown to 47114
[19:11:07.424] [SEVERE ] updating countdown to 47088
[19:11:07.450] [SEVERE ] updating countdown to 47062
[19:11:07.476] [SEVERE ] updating countdown to 47036
[19:11:07.502] [SEVERE ] updating countdown to 47010
[19:11:07.528] [SEVERE ] updating countdown to 46984
[19:11:07.563] [SEVERE ] updating countdown to 46949
[19:11:07.589] [SEVERE ] updating countdown to 46923
[19:11:07.615] [SEVERE ] updating countdown to 46897
[19:11:07.641] [SEVERE ] updating countdown to 46871
[19:11:07.667] [SEVERE ] updating countdown to 46845
[19:11:07.694] [SEVERE ] updating countdown to 46818
[19:11:07.720] [SEVERE ] updating countdown to 46792
[19:11:07.754] [SEVERE ] updating countdown to 46758
[19:11:07.781] [SEVERE ] updating countdown to 46731
[19:11:07.806] [SEVERE ] updating countdown to 46706
[19:11:07.832] [SEVERE ] updating countdown to 46680
[19:11:07.859] [SEVERE ] updating countdown to 46653
[19:11:07.885] [SEVERE ] updating countdown to 46627
[19:11:07.924] [SEVERE ] updating countdown to 46588
[19:11:07.950] [SEVERE ] updating countdown to 46562
[19:11:07.976] [SEVERE ] updating countdown to 46536
[19:11:08.011] [SEVERE ] updating countdown to 46501
[19:11:08.061] [SEVERE ] updating countdown to 46451
[19:11:08.087] [SEVERE ] updating countdown to 46425
[19:11:08.113] [SEVERE ] updating countdown to 46399
[19:11:08.139] [SEVERE ] updating countdown to 46373
[19:11:08.171] [SEVERE ] updating countdown to 46341
[19:11:08.196] [SEVERE ] updating countdown to 46316
[19:11:08.222] [SEVERE ] updating countdown to 46290
[19:11:08.248] [SEVERE ] updating countdown to 46264
[19:11:08.273] [SEVERE ] updating countdown to 46239
[19:11:08.299] [SEVERE ] updating countdown to 46213
[19:11:08.325] [SEVERE ] updating countdown to 46187
[19:11:08.353] [SEVERE ] updating countdown to 46159
[19:11:08.379] [SEVERE ] updating countdown to 46133
[19:11:08.410] [SEVERE ] updating countdown to 46102
[19:11:08.436] [SEVERE ] updating countdown to 46076
[19:11:08.462] [SEVERE ] updating countdown to 46050
[19:11:08.488] [SEVERE ] updating countdown to 46024
[19:11:08.556] [SEVERE ] updating countdown to 45956
[19:11:08.582] [SEVERE ] updating countdown to 45930
[19:11:08.610] [SEVERE ] updating countdown to 45902
[19:11:08.636] [SEVERE ] updating countdown to 45876
[19:11:08.662] [SEVERE ] updating countdown to 45850
[19:11:08.688] [SEVERE ] updating countdown to 45824
[19:11:08.714] [SEVERE ] updating countdown to 45798
[19:11:08.740] [SEVERE ] updating countdown to 45772
[19:11:08.765] [SEVERE ] updating countdown to 45747
[19:11:08.791] [SEVERE ] updating countdown to 45721
[19:11:08.818] [SEVERE ] updating countdown to 45694
[19:11:08.844] [SEVERE ] updating countdown to 45668
[19:11:08.876] [SEVERE ] updating countdown to 45636
[19:11:08.901] [SEVERE ] updating countdown to 45611
[19:11:08.927] [SEVERE ] updating countdown to 45585
[19:11:08.953] [SEVERE ] updating countdown to 45559
[19:11:08.981] [SEVERE ] updating countdown to 45531
[19:11:09.007] [SEVERE ] updating countdown to 45505
[19:11:09.033] [SEVERE ] updating countdown to 45479
[19:11:09.059] [SEVERE ] updating countdown to 45453
[19:11:09.085] [SEVERE ] updating countdown to 45427
[19:11:09.111] [SEVERE ] updating countdown to 45401
[19:11:09.159] [SEVERE ] updating countdown to 45353
[19:11:09.185] [SEVERE ] updating countdown to 45327
[19:11:09.210] [SEVERE ] updating countdown to 45302
[19:11:09.236] [SEVERE ] updating countdown to 45276
[19:11:09.262] [SEVERE ] updating countdown to 45250
[19:11:09.287] [SEVERE ] updating countdown to 45225
[19:11:09.314] [SEVERE ] updating countdown to 45198
[19:11:09.339] [SEVERE ] updating countdown to 45173
[19:11:09.365] [SEVERE ] updating countdown to 45147
[19:11:09.390] [SEVERE ] updating countdown to 45122
[19:11:09.417] [SEVERE ] updating countdown to 45095
[19:11:09.442] [SEVERE ] updating countdown to 45070
[19:11:09.481] [SEVERE ] updating countdown to 45031
[19:11:09.506] [SEVERE ] updating countdown to 45006
[19:11:09.535] [SEVERE ] updating countdown to 44977
[19:11:09.562] [SEVERE ] updating countdown to 44950
[19:11:09.592] [SEVERE ] updating countdown to 44920
[19:11:09.618] [SEVERE ] updating countdown to 44894
[19:11:09.656] [SEVERE ] updating countdown to 44856
[19:11:09.683] [SEVERE ] updating countdown to 44829
[19:11:09.717] [SEVERE ] updating countdown to 44795
[19:11:09.743] [SEVERE ] updating countdown to 44769
[19:11:09.769] [SEVERE ] updating countdown to 44743
[19:11:09.796] [SEVERE ] updating countdown to 44716
[19:11:09.822] [SEVERE ] updating countdown to 44690
[19:11:09.851] [SEVERE ] updating countdown to 44661
[19:11:09.876] [SEVERE ] updating countdown to 44636
[19:11:09.903] [SEVERE ] updating countdown to 44609
[19:11:09.929] [SEVERE ] updating countdown to 44583
[19:11:09.962] [SEVERE ] updating countdown to 44550
[19:11:09.988] [SEVERE ] updating countdown to 44524
[19:11:10.014] [SEVERE ] updating countdown to 44498
[19:11:10.040] [SEVERE ] updating countdown to 44472
[19:11:10.066] [SEVERE ] updating countdown to 44446
[19:11:10.092] [SEVERE ] updating countdown to 44420
[19:11:10.117] [SEVERE ] updating countdown to 44395
[19:11:10.143] [SEVERE ] updating countdown to 44369
[19:11:10.170] [SEVERE ] updating countdown to 44342
[19:11:10.223] [SEVERE ] updating countdown to 44289
[19:11:10.248] [SEVERE ] updating countdown to 44264
[19:11:10.274] [SEVERE ] updating countdown to 44238
[19:11:10.301] [SEVERE ] updating countdown to 44211
[19:11:10.326] [SEVERE ] updating countdown to 44186
[19:11:10.352] [SEVERE ] updating countdown to 44160
[19:11:10.378] [SEVERE ] updating countdown to 44134
[19:11:10.403] [SEVERE ] updating countdown to 44109
[19:11:10.429] [SEVERE ] updating countdown to 44083
[19:11:10.475] [SEVERE ] updating countdown to 44037
[19:11:10.507] [SEVERE ] updating countdown to 44005
[19:11:10.533] [SEVERE ] updating countdown to 43979
[19:11:10.564] [SEVERE ] updating countdown to 43948
[19:11:10.590] [SEVERE ] updating countdown to 43922
[19:11:10.616] [SEVERE ] updating countdown to 43896
[19:11:10.672] [SEVERE ] updating countdown to 43840
[19:11:10.698] [SEVERE ] updating countdown to 43814
[19:11:10.724] [SEVERE ] updating countdown to 43788
[19:11:10.751] [SEVERE ] updating countdown to 43761
[19:11:10.778] [SEVERE ] updating countdown to 43734
[19:11:10.821] [SEVERE ] updating countdown to 43691
[19:11:10.847] [SEVERE ] updating countdown to 43665
[19:11:10.873] [SEVERE ] updating countdown to 43639
[19:11:10.905] [SEVERE ] updating countdown to 43607
[19:11:10.931] [SEVERE ] updating countdown to 43581
[19:11:10.957] [SEVERE ] updating countdown to 43555
[19:11:10.986] [SEVERE ] updating countdown to 43526
[19:11:11.012] [SEVERE ] updating countdown to 43500
[19:11:11.042] [SEVERE ] updating countdown to 43470
[19:11:11.068] [SEVERE ] updating countdown to 43444
[19:11:11.094] [SEVERE ] updating countdown to 43418
[19:11:11.121] [SEVERE ] updating countdown to 43391
[19:11:11.179] [SEVERE ] updating countdown to 43333
[19:11:11.205] [SEVERE ] updating countdown to 43307
[19:11:11.231] [SEVERE ] updating countdown to 43281
[19:11:11.258] [SEVERE ] updating countdown to 43254
[19:11:11.283] [SEVERE ] updating countdown to 43229
[19:11:11.309] [SEVERE ] updating countdown to 43203
[19:11:11.335] [SEVERE ] updating countdown to 43177
[19:11:11.361] [SEVERE ] updating countdown to 43151
[19:11:11.392] [SEVERE ] updating countdown to 43120
[19:11:11.424] [SEVERE ] updating countdown to 43088
[19:11:11.450] [SEVERE ] updating countdown to 43062
[19:11:11.476] [SEVERE ] updating countdown to 43036
[19:11:11.502] [SEVERE ] updating countdown to 43010
[19:11:11.527] [SEVERE ] updating countdown to 42985
[19:11:11.554] [SEVERE ] updating countdown to 42958
[19:11:11.581] [SEVERE ] updating countdown to 42931
[19:11:11.607] [SEVERE ] updating countdown to 42905
[19:11:11.633] [SEVERE ] updating countdown to 42879
[19:11:11.660] [SEVERE ] updating countdown to 42852
[19:11:11.692] [SEVERE ] updating countdown to 42820
[19:11:11.717] [SEVERE ] updating countdown to 42795
[19:11:11.744] [SEVERE ] updating countdown to 42768
[19:11:11.772] [SEVERE ] updating countdown to 42740
[19:11:11.803] [SEVERE ] updating countdown to 42709
[19:11:11.853] [SEVERE ] updating countdown to 42659
[19:11:11.879] [SEVERE ] updating countdown to 42633
[19:11:11.905] [SEVERE ] updating countdown to 42607
[19:11:11.931] [SEVERE ] updating countdown to 42581
[19:11:11.956] [SEVERE ] updating countdown to 42556
[19:11:11.992] [SEVERE ] updating countdown to 42520
[19:11:12.018] [SEVERE ] updating countdown to 42494
[19:11:12.044] [SEVERE ] updating countdown to 42468
[19:11:12.069] [SEVERE ] updating countdown to 42443
[19:11:12.100] [SEVERE ] updating countdown to 42412
[19:11:12.127] [SEVERE ] updating countdown to 42385
[19:11:12.173] [SEVERE ] updating countdown to 42339
[19:11:12.199] [SEVERE ] updating countdown to 42313
[19:11:12.225] [SEVERE ] updating countdown to 42287
[19:11:12.251] [SEVERE ] updating countdown to 42261
[19:11:12.279] [SEVERE ] updating countdown to 42233
[19:11:12.305] [SEVERE ] updating countdown to 42207
[19:11:12.330] [SEVERE ] updating countdown to 42182
[19:11:12.356] [SEVERE ] updating countdown to 42156
[19:11:12.390] [SEVERE ] updating countdown to 42122
[19:11:12.416] [SEVERE ] updating countdown to 42096
[19:11:12.470] [SEVERE ] updating countdown to 42042
[19:11:12.496] [SEVERE ] updating countdown to 42016
[19:11:12.521] [SEVERE ] updating countdown to 41991
[19:11:12.547] [SEVERE ] updating countdown to 41965
[19:11:12.573] [SEVERE ] updating countdown to 41939
[19:11:12.599] [SEVERE ] updating countdown to 41913
[19:11:12.624] [SEVERE ] updating countdown to 41888
[19:11:12.650] [SEVERE ] updating countdown to 41862
[19:11:12.676] [SEVERE ] updating countdown to 41836
[19:11:12.703] [SEVERE ] updating countdown to 41809
[19:11:12.729] [SEVERE ] updating countdown to 41783
[19:11:12.754] [SEVERE ] updating countdown to 41758
[19:11:12.784] [SEVERE ] updating countdown to 41728
[19:11:12.827] [SEVERE ] updating countdown to 41685
[19:11:12.852] [SEVERE ] updating countdown to 41660
[19:11:12.882] [SEVERE ] updating countdown to 41630
[19:11:12.908] [SEVERE ] updating countdown to 41604
[19:11:12.934] [SEVERE ] updating countdown to 41578
[19:11:12.959] [SEVERE ] updating countdown to 41553
[19:11:12.985] [SEVERE ] updating countdown to 41527
[19:11:13.010] [SEVERE ] updating countdown to 41502
[19:11:13.036] [SEVERE ] updating countdown to 41476
[19:11:13.062] [SEVERE ] updating countdown to 41450
[19:11:13.088] [SEVERE ] updating countdown to 41424
[19:11:13.113] [SEVERE ] updating countdown to 41399
[19:11:13.139] [SEVERE ] updating countdown to 41373
[19:11:13.165] [SEVERE ] updating countdown to 41347
[19:11:13.191] [SEVERE ] updating countdown to 41321
[19:11:13.216] [SEVERE ] updating countdown to 41296
[19:11:13.242] [SEVERE ] updating countdown to 41270
[19:11:13.270] [SEVERE ] updating countdown to 41242
[19:11:13.321] [SEVERE ] updating countdown to 41191
[19:11:13.346] [SEVERE ] updating countdown to 41166
[19:11:13.374] [SEVERE ] updating countdown to 41138
[19:11:13.400] [SEVERE ] updating countdown to 41112
[19:11:13.426] [SEVERE ] updating countdown to 41086
[19:11:13.452] [SEVERE ] updating countdown to 41060
[19:11:13.478] [SEVERE ] updating countdown to 41034
[19:11:13.504] [SEVERE ] updating countdown to 41008
[19:11:13.530] [SEVERE ] updating countdown to 40982
[19:11:13.556] [SEVERE ] updating countdown to 40956
[19:11:13.599] [SEVERE ] updating countdown to 40913
[19:11:13.624] [SEVERE ] updating countdown to 40888
[19:11:13.650] [SEVERE ] updating countdown to 40862
[19:11:13.678] [SEVERE ] updating countdown to 40834
[19:11:13.704] [SEVERE ] updating countdown to 40808
[19:11:13.730] [SEVERE ] updating countdown to 40782
[19:11:13.756] [SEVERE ] updating countdown to 40756
[19:11:13.782] [SEVERE ] updating countdown to 40730
[19:11:13.807] [SEVERE ] updating countdown to 40705
[19:11:13.833] [SEVERE ] updating countdown to 40679
[19:11:13.862] [SEVERE ] updating countdown to 40650
[19:11:13.888] [SEVERE ] updating countdown to 40624
[19:11:13.914] [SEVERE ] updating countdown to 40598
[19:11:13.940] [SEVERE ] updating countdown to 40572
[19:11:13.966] [SEVERE ] updating countdown to 40546
[19:11:13.994] [SEVERE ] updating countdown to 40518
[19:11:14.020] [SEVERE ] updating countdown to 40492
[19:11:14.046] [SEVERE ] updating countdown to 40466
[19:11:14.072] [SEVERE ] updating countdown to 40440
[19:11:14.098] [SEVERE ] updating countdown to 40414
[19:11:14.124] [SEVERE ] updating countdown to 40388
[19:11:14.150] [SEVERE ] updating countdown to 40362
[19:11:14.175] [SEVERE ] updating countdown to 40337
[19:11:14.201] [SEVERE ] updating countdown to 40311
[19:11:14.227] [SEVERE ] updating countdown to 40285
[19:11:14.262] [SEVERE ] updating countdown to 40250
[19:11:14.288] [SEVERE ] updating countdown to 40224
[19:11:14.314] [SEVERE ] updating countdown to 40198
[19:11:14.359] [SEVERE ] updating countdown to 40153
[19:11:14.384] [SEVERE ] updating countdown to 40128
[19:11:14.411] [SEVERE ] updating countdown to 40101
[19:11:14.437] [SEVERE ] updating countdown to 40075
[19:11:14.483] [SEVERE ] updating countdown to 40029
[19:11:14.509] [SEVERE ] updating countdown to 40003
[19:11:14.536] [SEVERE ] updating countdown to 39976
[19:11:14.562] [SEVERE ] updating countdown to 39950
[19:11:14.591] [SEVERE ] updating countdown to 39921
[19:11:14.663] [SEVERE ] updating countdown to 39849
[19:11:14.688] [SEVERE ] updating countdown to 39824
[19:11:14.714] [SEVERE ] updating countdown to 39798
[19:11:14.740] [SEVERE ] updating countdown to 39772
[19:11:14.766] [SEVERE ] updating countdown to 39746
[19:11:14.791] [SEVERE ] updating countdown to 39721
[19:11:14.817] [SEVERE ] updating countdown to 39695
[19:11:14.843] [SEVERE ] updating countdown to 39669
[19:11:14.869] [SEVERE ] updating countdown to 39643
[19:11:14.895] [SEVERE ] updating countdown to 39617
[19:11:14.921] [SEVERE ] updating countdown to 39591
[19:11:14.946] [SEVERE ] updating countdown to 39566
[19:11:14.972] [SEVERE ] updating countdown to 39540
[19:11:15.028] [SEVERE ] updating countdown to 39484
[19:11:15.054] [SEVERE ] updating countdown to 39458
[19:11:15.080] [SEVERE ] updating countdown to 39432
[19:11:15.106] [SEVERE ] updating countdown to 39406
[19:11:15.133] [SEVERE ] updating countdown to 39379
[19:11:15.160] [SEVERE ] updating countdown to 39352
[19:11:15.186] [SEVERE ] updating countdown to 39326
[19:11:15.212] [SEVERE ] updating countdown to 39300
[19:11:15.239] [SEVERE ] updating countdown to 39273
[19:11:15.265] [SEVERE ] updating countdown to 39247
[19:11:15.300] [SEVERE ] updating countdown to 39212
[19:11:15.325] [SEVERE ] updating countdown to 39187
[19:11:15.351] [SEVERE ] updating countdown to 39161
[19:11:15.376] [SEVERE ] updating countdown to 39136
[19:11:15.404] [SEVERE ] updating countdown to 39108
[19:11:15.430] [SEVERE ] updating countdown to 39082
[19:11:15.455] [SEVERE ] updating countdown to 39057
[19:11:15.482] [SEVERE ] updating countdown to 39030
[19:11:15.507] [SEVERE ] updating countdown to 39005
[19:11:15.533] [SEVERE ] updating countdown to 38979
[19:11:15.561] [SEVERE ] updating countdown to 38951
[19:11:15.587] [SEVERE ] updating countdown to 38925
[19:11:15.612] [SEVERE ] updating countdown to 38900
[19:11:15.639] [SEVERE ] updating countdown to 38873
[19:11:15.665] [SEVERE ] updating countdown to 38847
[19:11:15.691] [SEVERE ] updating countdown to 38821
[19:11:15.717] [SEVERE ] updating countdown to 38795
[19:11:15.756] [SEVERE ] updating countdown to 38756
[19:11:15.781] [SEVERE ] updating countdown to 38731
[19:11:15.807] [SEVERE ] updating countdown to 38705
[19:11:15.833] [SEVERE ] updating countdown to 38679
[19:11:15.859] [SEVERE ] updating countdown to 38653
[19:11:15.885] [SEVERE ] updating countdown to 38627
[19:11:15.910] [SEVERE ] updating countdown to 38602
[19:11:15.937] [SEVERE ] updating countdown to 38575
[19:11:15.965] [SEVERE ] updating countdown to 38547
[19:11:15.991] [SEVERE ] updating countdown to 38521
[19:11:16.017] [SEVERE ] updating countdown to 38495
[19:11:16.043] [SEVERE ] updating countdown to 38469
[19:11:16.069] [SEVERE ] updating countdown to 38443
[19:11:16.095] [SEVERE ] updating countdown to 38417
[19:11:16.120] [SEVERE ] updating countdown to 38392
[19:11:16.146] [SEVERE ] updating countdown to 38366
[19:11:16.173] [SEVERE ] updating countdown to 38339
[19:11:16.199] [SEVERE ] updating countdown to 38313
[19:11:16.225] [SEVERE ] updating countdown to 38287
[19:11:16.252] [SEVERE ] updating countdown to 38260
[19:11:16.278] [SEVERE ] updating countdown to 38234
[19:11:16.304] [SEVERE ] updating countdown to 38208
[19:11:16.330] [SEVERE ] updating countdown to 38182
[19:11:16.356] [SEVERE ] updating countdown to 38156
[19:11:16.382] [SEVERE ] updating countdown to 38130
[19:11:16.411] [SEVERE ] updating countdown to 38101
[19:11:16.436] [SEVERE ] updating countdown to 38076
[19:11:16.462] [SEVERE ] updating countdown to 38050
[19:11:16.488] [SEVERE ] updating countdown to 38024
[19:11:16.515] [SEVERE ] updating countdown to 37997
[19:11:16.541] [SEVERE ] updating countdown to 37971
[19:11:16.566] [SEVERE ] updating countdown to 37946
[19:11:16.592] [SEVERE ] updating countdown to 37920
[19:11:16.618] [SEVERE ] updating countdown to 37894
[19:11:16.669] [SEVERE ] updating countdown to 37843
[19:11:16.695] [SEVERE ] updating countdown to 37817
[19:11:16.722] [SEVERE ] updating countdown to 37790
[19:11:16.748] [SEVERE ] updating countdown to 37764
[19:11:16.784] [SEVERE ] updating countdown to 37728
[19:11:16.810] [SEVERE ] updating countdown to 37702
[19:11:16.836] [SEVERE ] updating countdown to 37676
[19:11:16.862] [SEVERE ] updating countdown to 37650
[19:11:16.888] [SEVERE ] updating countdown to 37624
[19:11:16.914] [SEVERE ] updating countdown to 37598
[19:11:16.940] [SEVERE ] updating countdown to 37572
[19:11:16.965] [SEVERE ] updating countdown to 37547
[19:11:16.991] [SEVERE ] updating countdown to 37521
[19:11:17.017] [SEVERE ] updating countdown to 37495
[19:11:17.042] [SEVERE ] updating countdown to 37470
[19:11:17.068] [SEVERE ] updating countdown to 37444
[19:11:17.094] [SEVERE ] updating countdown to 37418
[19:11:17.120] [SEVERE ] updating countdown to 37392
[19:11:17.146] [SEVERE ] updating countdown to 37366
[19:11:17.172] [SEVERE ] updating countdown to 37340
[19:11:17.198] [SEVERE ] updating countdown to 37314
[19:11:17.223] [SEVERE ] updating countdown to 37289
[19:11:17.249] [SEVERE ] updating countdown to 37263
[19:11:17.280] [SEVERE ] updating countdown to 37232
[19:11:17.306] [SEVERE ] updating countdown to 37206
[19:11:17.332] [SEVERE ] updating countdown to 37180
[19:11:17.357] [SEVERE ] updating countdown to 37155
[19:11:17.383] [SEVERE ] updating countdown to 37129
[19:11:17.408] [SEVERE ] updating countdown to 37104
[19:11:17.434] [SEVERE ] updating countdown to 37078
[19:11:17.460] [SEVERE ] updating countdown to 37052
[19:11:17.486] [SEVERE ] updating countdown to 37026
[19:11:17.513] [SEVERE ] updating countdown to 36999
[19:11:17.539] [SEVERE ] updating countdown to 36973
[19:11:17.565] [SEVERE ] updating countdown to 36947
[19:11:17.591] [SEVERE ] updating countdown to 36921
[19:11:17.617] [SEVERE ] updating countdown to 36895
[19:11:17.644] [SEVERE ] updating countdown to 36868
[19:11:17.670] [SEVERE ] updating countdown to 36842
[19:11:17.700] [SEVERE ] updating countdown to 36812
[19:11:17.726] [SEVERE ] updating countdown to 36786
[19:11:17.752] [SEVERE ] updating countdown to 36760
[19:11:17.779] [SEVERE ] updating countdown to 36734
[19:11:17.818] [SEVERE ] updating countdown to 36694
[19:11:17.844] [SEVERE ] updating countdown to 36668
[19:11:17.870] [SEVERE ] updating countdown to 36642
[19:11:17.896] [SEVERE ] updating countdown to 36616
[19:11:17.928] [SEVERE ] updating countdown to 36584
[19:11:17.953] [SEVERE ] updating countdown to 36559
[19:11:17.979] [SEVERE ] updating countdown to 36533
[19:11:18.005] [SEVERE ] updating countdown to 36507
[19:11:18.030] [SEVERE ] updating countdown to 36482
[19:11:18.056] [SEVERE ] updating countdown to 36456
[19:11:18.082] [SEVERE ] updating countdown to 36430
[19:11:18.108] [SEVERE ] updating countdown to 36404
[19:11:18.134] [SEVERE ] updating countdown to 36378
[19:11:18.160] [SEVERE ] updating countdown to 36352
[19:11:18.187] [SEVERE ] updating countdown to 36325
[19:11:18.213] [SEVERE ] updating countdown to 36299
[19:11:18.241] [SEVERE ] updating countdown to 36271
[19:11:18.266] [SEVERE ] updating countdown to 36246
[19:11:18.292] [SEVERE ] updating countdown to 36220
[19:11:18.318] [SEVERE ] updating countdown to 36194
[19:11:18.345] [SEVERE ] updating countdown to 36167
[19:11:18.371] [SEVERE ] updating countdown to 36141
[19:11:18.397] [SEVERE ] updating countdown to 36115
[19:11:18.424] [SEVERE ] updating countdown to 36088
[19:11:18.426] [SEVERE ] exit button pressed
[19:11:18.426] [INFO   ] thread Thread-1 terminated.
[19:11:18.427] [INFO   ] thread Thread-2 terminated.
[19:11:18.449] [SEVERE ] updating countdown to 36063
[19:11:18.550] [SEVERE ] removing card from slot 0
[19:11:18.662] [SEVERE ] removing card from slot 1
[19:11:18.801] [SEVERE ] removing card from slot 2
[19:11:18.904] [SEVERE ] removing card from slot 3
[19:11:19.008] [SEVERE ] removing card from slot 4
[19:11:19.109] [SEVERE ] removing card from slot 5
[19:11:19.216] [SEVERE ] removing card from slot 6
[19:11:19.339] [SEVERE ] removing card from slot 7
[19:11:19.441] [SEVERE ] removing card from slot 8
[19:11:19.542] [SEVERE ] removing card from slot 9
[19:11:19.643] [SEVERE ] removing card from slot 10
[19:11:19.760] [SEVERE ] removing card from slot 11
[19:11:19.762] [SEVERE ] announcing winner(s): player 1, player 2, player 3, player 4
[19:11:19.767] [INFO   ] thread dealer terminated.
[19:11:19.770] [INFO   ] thread dealer terminated.
[19:11:19.781] [SEVERE ] thanks for playing... it was fun!
[19:11:19.782] [INFO   ] thread bguspl.set.Main.main() terminated.
