[14:02:00.976] [INFO   ] thread bguspl.set.Main.main() starting.
[14:02:00.992] [SEVERE ] cannot read configuration file config.properties trying from resources.
[14:02:01.017] [SEVERE ] configuration file was loaded from resources directory.
[14:02:02.398] [INFO   ] thread dealer starting.
[14:02:02.399] [INFO   ] thread dealer starting.
[14:02:02.400] [INFO   ] thread Thread-1 starting.
[14:02:02.400] [INFO   ] thread Thread-2 starting.
[14:02:02.507] [SEVERE ] placing card 10 in slot 0
[14:02:02.608] [SEVERE ] placing card 8 in slot 1
[14:02:02.710] [SEVERE ] placing card 6 in slot 2
[14:02:02.812] [SEVERE ] placing card 20 in slot 3
[14:02:02.914] [SEVERE ] placing card 2 in slot 4
[14:02:03.016] [SEVERE ] placing card 11 in slot 5
[14:02:03.118] [SEVERE ] placing card 17 in slot 6
[14:02:03.220] [SEVERE ] placing card 7 in slot 7
[14:02:03.322] [SEVERE ] placing card 19 in slot 8
[14:02:03.423] [SEVERE ] placing card 0 in slot 9
[14:02:03.525] [SEVERE ] placing card 15 in slot 10
[14:02:03.627] [SEVERE ] placing card 16 in slot 11
[14:02:03.629] [SEVERE ] updating countdown to 60000
[14:02:04.632] [SEVERE ] updating countdown to 58997
[14:02:05.633] [SEVERE ] updating countdown to 57996
[14:02:06.635] [SEVERE ] updating countdown to 56994
[14:02:07.637] [SEVERE ] updating countdown to 55992
[14:02:08.639] [SEVERE ] updating countdown to 54990
[14:02:09.640] [SEVERE ] updating countdown to 53989
[14:02:10.644] [SEVERE ] updating countdown to 52985
[14:02:11.646] [SEVERE ] updating countdown to 51983
[14:02:12.648] [SEVERE ] updating countdown to 50981
[14:02:12.827] [SEVERE ] exit button pressed
[14:02:12.828] [INFO   ] thread Thread-1 terminated.
[14:02:12.828] [INFO   ] thread Thread-2 terminated.
[14:02:13.650] [SEVERE ] updating countdown to 49979
[14:02:13.751] [SEVERE ] removing card from slot 0
[14:02:13.853] [SEVERE ] removing card from slot 1
[14:02:13.955] [SEVERE ] removing card from slot 2
[14:02:14.056] [SEVERE ] removing card from slot 3
[14:02:14.157] [SEVERE ] removing card from slot 4
[14:02:14.258] [SEVERE ] removing card from slot 5
[14:02:14.359] [SEVERE ] removing card from slot 6
[14:02:14.460] [SEVERE ] removing card from slot 7
[14:02:14.562] [SEVERE ] removing card from slot 8
[14:02:14.662] [SEVERE ] removing card from slot 9
[14:02:14.764] [SEVERE ] removing card from slot 10
[14:02:14.865] [SEVERE ] removing card from slot 11
[14:02:14.867] [SEVERE ] announcing winner(s): player 1, player 2
[14:02:14.869] [INFO   ] thread dealer terminated.
[14:02:14.870] [INFO   ] thread dealer terminated.
[14:02:14.871] [SEVERE ] thanks for playing... it was fun!
[14:02:14.872] [INFO   ] thread bguspl.set.Main.main() terminated.
