[19:46:15.819] [INFO   ] thread bguspl.set.Main.main() starting.
[19:46:15.830] [SEVERE ] cannot read configuration file config.properties trying from resources.
[19:46:15.841] [SEVERE ] configuration file was loaded from resources directory.
[19:46:17.084] [INFO   ] thread dealer starting.
[19:46:17.085] [INFO   ] thread dealer starting.
[19:46:17.088] [INFO   ] thread Thread-1 starting.
[19:46:17.089] [INFO   ] thread Thread-10 starting.
[19:46:17.092] [INFO   ] thread computer-0 starting.
[19:46:17.089] [INFO   ] thread Thread-9 starting.
[19:46:17.089] [INFO   ] thread Thread-8 starting.
[19:46:17.089] [INFO   ] thread Thread-7 starting.
[19:46:17.089] [INFO   ] thread Thread-6 starting.
[19:46:17.089] [INFO   ] thread Thread-5 starting.
[19:46:17.097] [INFO   ] thread computer-5 starting.
[19:46:17.089] [INFO   ] thread Thread-4 starting.
[19:46:17.089] [INFO   ] thread Thread-3 starting.
[19:46:17.088] [INFO   ] thread Thread-2 starting.
[19:46:17.099] [INFO   ] thread computer-3 starting.
[19:46:17.098] [INFO   ] thread computer-4 starting.
[19:46:17.096] [INFO   ] thread computer-6 starting.
[19:46:17.096] [INFO   ] thread computer-7 starting.
[19:46:17.094] [INFO   ] thread computer-8 starting.
[19:46:17.093] [INFO   ] thread computer-9 starting.
[19:46:17.100] [INFO   ] thread computer-1 starting.
[19:46:17.099] [INFO   ] thread computer-2 starting.
[19:46:17.194] [SEVERE ] placing card 75 in slot 0
[19:46:17.295] [SEVERE ] placing card 31 in slot 1
[19:46:17.423] [SEVERE ] placing card 57 in slot 2
[19:46:17.525] [SEVERE ] placing card 32 in slot 3
[19:46:17.672] [SEVERE ] placing card 56 in slot 4
[19:46:17.773] [SEVERE ] placing card 9 in slot 5
[19:46:17.874] [SEVERE ] placing card 15 in slot 6
[19:46:17.976] [SEVERE ] placing card 44 in slot 7
[19:46:18.077] [SEVERE ] placing card 2 in slot 8
[19:46:18.180] [SEVERE ] placing card 26 in slot 9
[19:46:18.282] [SEVERE ] placing card 3 in slot 10
[19:46:18.385] [SEVERE ] placing card 0 in slot 11
[19:46:18.386] [SEVERE ] updating countdown to 20000
[19:46:18.400] [SEVERE ] player 8 placing token on slot 11
[19:46:18.401] [SEVERE ] player 10 placing token on slot 7
[19:46:18.401] [SEVERE ] player 2 placing token on slot 2
[19:46:18.401] [SEVERE ] player 1 placing token on slot 7
[19:46:18.401] [SEVERE ] player 9 placing token on slot 7
[19:46:18.401] [SEVERE ] player 3 placing token on slot 5
[19:46:18.401] [SEVERE ] player 5 placing token on slot 6
[19:46:18.401] [SEVERE ] player 7 placing token on slot 8
[19:46:18.401] [SEVERE ] player 4 placing token on slot 2
[19:46:18.400] [SEVERE ] player 6 placing token on slot 7
[19:46:18.413] [SEVERE ] updating countdown to 19973
[19:46:18.439] [SEVERE ] updating countdown to 19947
[19:46:18.451] [SEVERE ] player 8 placing token on slot 1
[19:46:18.451] [SEVERE ] player 5 placing token on slot 8
[19:46:18.451] [SEVERE ] player 7 placing token on slot 6
[19:46:18.451] [SEVERE ] player 4 placing token on slot 1
[19:46:18.451] [SEVERE ] player 6 placing token on slot 3
[19:46:18.451] [SEVERE ] player 10 placing token on slot 9
[19:46:18.451] [SEVERE ] player 2 placing token on slot 5
[19:46:18.451] [SEVERE ] player 1 placing token on slot 2
[19:46:18.451] [SEVERE ] player 3 placing token on slot 6
[19:46:18.451] [SEVERE ] player 9 placing token on slot 11
[19:46:18.466] [SEVERE ] updating countdown to 19920
[19:46:18.492] [SEVERE ] updating countdown to 19894
[19:46:18.501] [SEVERE ] player 8 placing token on slot 0
[19:46:18.502] [SEVERE ] player 10 placing token on slot 10
[19:46:18.502] [SEVERE ] player 1 placing token on slot 1
[19:46:18.501] [SEVERE ] player 9 placing token on slot 4
[19:46:18.501] [SEVERE ] player 5 placing token on slot 5
[19:46:18.501] [SEVERE ] player 4 placing token on slot 8
[19:46:18.501] [SEVERE ] player 7 placing token on slot 2
[19:46:18.501] [SEVERE ] player 2 placing token on slot 1
[19:46:18.501] [SEVERE ] player 3 placing token on slot 0
[19:46:18.501] [SEVERE ] player 6 placing token on slot 4
[19:46:18.506] [SEVERE ] updating countdown to 19880
[19:46:18.524] [SEVERE ] setting player 10 freeze to 50
[19:46:18.524] [SEVERE ] setting player 8 freeze to 50
[19:46:18.524] [SEVERE ] setting player 4 freeze to 50
[19:46:18.524] [SEVERE ] setting player 6 freeze to 50
[19:46:18.524] [SEVERE ] setting player 5 freeze to 50
[19:46:18.524] [SEVERE ] setting player 3 freeze to 50
[19:46:18.524] [SEVERE ] setting player 2 freeze to 50
[19:46:18.524] [SEVERE ] setting player 7 freeze to 50
[19:46:18.524] [SEVERE ] setting player 9 freeze to 50
[19:46:18.524] [SEVERE ] setting player 1 freeze to 50
[19:46:18.549] [SEVERE ] updating countdown to 19837
[19:46:18.557] [SEVERE ] setting player 1 freeze to 16
[19:46:18.558] [SEVERE ] setting player 2 freeze to 16
[19:46:18.558] [SEVERE ] setting player 3 freeze to 16
[19:46:18.559] [SEVERE ] setting player 4 freeze to 15
[19:46:18.559] [SEVERE ] setting player 5 freeze to 15
[19:46:18.559] [SEVERE ] setting player 6 freeze to 15
[19:46:18.560] [SEVERE ] setting player 7 freeze to 14
[19:46:18.560] [SEVERE ] setting player 8 freeze to 13
[19:46:18.560] [SEVERE ] setting player 9 freeze to 14
[19:46:18.561] [SEVERE ] setting player 10 freeze to 12
[19:46:18.586] [SEVERE ] updating countdown to 19800
[19:46:18.587] [SEVERE ] setting player 1 freeze to -14
[19:46:18.588] [SEVERE ] setting player 1 freeze to 0
[19:46:18.589] [SEVERE ] setting player 2 freeze to -15
[19:46:18.589] [SEVERE ] setting player 2 freeze to 0
[19:46:18.589] [SEVERE ] setting player 3 freeze to -15
[19:46:18.590] [SEVERE ] setting player 3 freeze to 0
[19:46:18.590] [SEVERE ] setting player 4 freeze to -16
[19:46:18.591] [SEVERE ] setting player 4 freeze to 0
[19:46:18.591] [SEVERE ] setting player 5 freeze to -17
[19:46:18.591] [SEVERE ] setting player 5 freeze to 0
[19:46:18.592] [SEVERE ] setting player 6 freeze to -18
[19:46:18.592] [SEVERE ] setting player 6 freeze to 0
[19:46:18.593] [SEVERE ] setting player 7 freeze to -19
[19:46:18.593] [SEVERE ] setting player 7 freeze to 0
[19:46:18.594] [SEVERE ] setting player 8 freeze to -21
[19:46:18.594] [SEVERE ] setting player 8 freeze to 0
[19:46:18.594] [SEVERE ] setting player 9 freeze to -20
[19:46:18.595] [SEVERE ] setting player 9 freeze to 0
[19:46:18.595] [SEVERE ] setting player 10 freeze to -22
[19:46:18.595] [SEVERE ] setting player 10 freeze to 0
[19:46:18.621] [SEVERE ] updating countdown to 19765
[19:46:18.647] [SEVERE ] updating countdown to 19739
[19:46:18.673] [SEVERE ] updating countdown to 19714
[19:46:18.730] [SEVERE ] updating countdown to 19656
[19:46:18.756] [SEVERE ] updating countdown to 19630
[19:46:18.782] [SEVERE ] updating countdown to 19604
[19:46:18.808] [SEVERE ] updating countdown to 19578
[19:46:18.834] [SEVERE ] updating countdown to 19552
[19:46:18.864] [SEVERE ] updating countdown to 19522
[19:46:18.890] [SEVERE ] updating countdown to 19496
[19:46:18.927] [SEVERE ] updating countdown to 19459
[19:46:18.953] [SEVERE ] updating countdown to 19433
[19:46:18.979] [SEVERE ] updating countdown to 19407
[19:46:19.006] [SEVERE ] updating countdown to 19380
[19:46:19.032] [SEVERE ] updating countdown to 19354
[19:46:19.061] [SEVERE ] updating countdown to 19325
[19:46:19.087] [SEVERE ] updating countdown to 19300
[19:46:19.113] [SEVERE ] updating countdown to 19273
[19:46:19.139] [SEVERE ] updating countdown to 19247
[19:46:19.166] [SEVERE ] updating countdown to 19220
[19:46:19.193] [SEVERE ] updating countdown to 19193
[19:46:19.219] [SEVERE ] updating countdown to 19167
[19:46:19.245] [SEVERE ] updating countdown to 19141
[19:46:19.273] [SEVERE ] updating countdown to 19113
[19:46:19.299] [SEVERE ] updating countdown to 19087
[19:46:19.325] [SEVERE ] updating countdown to 19061
[19:46:19.361] [SEVERE ] updating countdown to 19025
[19:46:19.388] [SEVERE ] updating countdown to 18998
[19:46:19.414] [SEVERE ] updating countdown to 18972
[19:46:19.440] [SEVERE ] updating countdown to 18946
[19:46:19.467] [SEVERE ] updating countdown to 18919
[19:46:19.493] [SEVERE ] updating countdown to 18893
[19:46:19.553] [SEVERE ] updating countdown to 18833
[19:46:19.582] [SEVERE ] updating countdown to 18804
[19:46:19.608] [SEVERE ] updating countdown to 18778
[19:46:19.634] [SEVERE ] updating countdown to 18752
[19:46:19.661] [SEVERE ] updating countdown to 18725
[19:46:19.687] [SEVERE ] updating countdown to 18699
[19:46:19.714] [SEVERE ] updating countdown to 18672
[19:46:19.741] [SEVERE ] updating countdown to 18645
[19:46:19.767] [SEVERE ] updating countdown to 18619
[19:46:19.794] [SEVERE ] updating countdown to 18593
[19:46:19.821] [SEVERE ] updating countdown to 18565
[19:46:19.847] [SEVERE ] updating countdown to 18539
[19:46:19.873] [SEVERE ] updating countdown to 18513
[19:46:19.900] [SEVERE ] updating countdown to 18486
[19:46:19.927] [SEVERE ] updating countdown to 18459
[19:46:19.954] [SEVERE ] updating countdown to 18432
[19:46:19.981] [SEVERE ] updating countdown to 18405
[19:46:20.007] [SEVERE ] updating countdown to 18379
[19:46:20.033] [SEVERE ] updating countdown to 18353
[19:46:20.061] [SEVERE ] updating countdown to 18325
[19:46:20.087] [SEVERE ] updating countdown to 18299
[19:46:20.114] [SEVERE ] updating countdown to 18272
[19:46:20.145] [SEVERE ] updating countdown to 18241
[19:46:20.171] [SEVERE ] updating countdown to 18215
[19:46:20.201] [SEVERE ] updating countdown to 18185
[19:46:20.229] [SEVERE ] updating countdown to 18157
[19:46:20.262] [SEVERE ] updating countdown to 18124
[19:46:20.288] [SEVERE ] updating countdown to 18098
[19:46:20.315] [SEVERE ] updating countdown to 18071
[19:46:20.342] [SEVERE ] updating countdown to 18044
[19:46:20.369] [SEVERE ] updating countdown to 18017
[19:46:20.397] [SEVERE ] updating countdown to 17989
[19:46:20.424] [SEVERE ] updating countdown to 17962
[19:46:20.450] [SEVERE ] updating countdown to 17936
[19:46:20.476] [SEVERE ] updating countdown to 17910
[19:46:20.502] [SEVERE ] updating countdown to 17884
[19:46:20.528] [SEVERE ] updating countdown to 17858
[19:46:20.567] [SEVERE ] updating countdown to 17819
[19:46:20.593] [SEVERE ] updating countdown to 17793
[19:46:20.620] [SEVERE ] updating countdown to 17766
[19:46:20.646] [SEVERE ] updating countdown to 17740
[19:46:20.675] [SEVERE ] updating countdown to 17711
[19:46:20.718] [SEVERE ] updating countdown to 17668
[19:46:20.744] [SEVERE ] updating countdown to 17642
[19:46:20.775] [SEVERE ] updating countdown to 17611
[19:46:20.801] [SEVERE ] updating countdown to 17585
[19:46:20.832] [SEVERE ] updating countdown to 17554
[19:46:20.858] [SEVERE ] updating countdown to 17528
[19:46:20.885] [SEVERE ] updating countdown to 17501
[19:46:20.911] [SEVERE ] updating countdown to 17475
[19:46:20.940] [SEVERE ] updating countdown to 17446
[19:46:20.966] [SEVERE ] updating countdown to 17420
[19:46:20.992] [SEVERE ] updating countdown to 17394
[19:46:21.019] [SEVERE ] updating countdown to 17367
[19:46:21.045] [SEVERE ] updating countdown to 17341
[19:46:21.086] [SEVERE ] updating countdown to 17300
[19:46:21.112] [SEVERE ] updating countdown to 17274
[19:46:21.138] [SEVERE ] updating countdown to 17248
[19:46:21.164] [SEVERE ] updating countdown to 17222
[19:46:21.190] [SEVERE ] updating countdown to 17196
[19:46:21.216] [SEVERE ] updating countdown to 17170
[19:46:21.244] [SEVERE ] updating countdown to 17142
[19:46:21.274] [SEVERE ] updating countdown to 17112
[19:46:21.301] [SEVERE ] updating countdown to 17085
[19:46:21.327] [SEVERE ] updating countdown to 17059
[19:46:21.354] [SEVERE ] updating countdown to 17032
[19:46:21.380] [SEVERE ] updating countdown to 17006
[19:46:21.407] [SEVERE ] updating countdown to 16979
[19:46:21.441] [SEVERE ] updating countdown to 16945
[19:46:21.467] [SEVERE ] updating countdown to 16919
[19:46:21.494] [SEVERE ] updating countdown to 16892
[19:46:21.556] [SEVERE ] updating countdown to 16830
[19:46:21.582] [SEVERE ] updating countdown to 16804
[19:46:21.608] [SEVERE ] updating countdown to 16778
[19:46:21.650] [SEVERE ] updating countdown to 16736
[19:46:21.676] [SEVERE ] updating countdown to 16710
[19:46:21.701] [SEVERE ] updating countdown to 16685
[19:46:21.727] [SEVERE ] updating countdown to 16659
[19:46:21.753] [SEVERE ] updating countdown to 16633
[19:46:21.788] [SEVERE ] updating countdown to 16598
[19:46:21.814] [SEVERE ] updating countdown to 16572
[19:46:21.841] [SEVERE ] updating countdown to 16545
[19:46:21.867] [SEVERE ] updating countdown to 16519
[19:46:21.894] [SEVERE ] updating countdown to 16492
[19:46:21.920] [SEVERE ] updating countdown to 16467
[19:46:21.945] [SEVERE ] updating countdown to 16441
[19:46:21.971] [SEVERE ] updating countdown to 16415
[19:46:21.997] [SEVERE ] updating countdown to 16389
[19:46:22.023] [SEVERE ] updating countdown to 16363
[19:46:22.058] [SEVERE ] updating countdown to 16328
[19:46:22.085] [SEVERE ] updating countdown to 16301
[19:46:22.111] [SEVERE ] updating countdown to 16275
[19:46:22.138] [SEVERE ] updating countdown to 16248
[19:46:22.164] [SEVERE ] updating countdown to 16222
[19:46:22.190] [SEVERE ] updating countdown to 16196
[19:46:22.216] [SEVERE ] updating countdown to 16170
[19:46:22.242] [SEVERE ] updating countdown to 16144
[19:46:22.271] [SEVERE ] updating countdown to 16115
[19:46:22.298] [SEVERE ] updating countdown to 16089
[19:46:22.325] [SEVERE ] updating countdown to 16061
[19:46:22.351] [SEVERE ] updating countdown to 16035
[19:46:22.377] [SEVERE ] updating countdown to 16009
[19:46:22.404] [SEVERE ] updating countdown to 15982
[19:46:22.430] [SEVERE ] updating countdown to 15956
[19:46:22.463] [SEVERE ] updating countdown to 15923
[19:46:22.490] [SEVERE ] updating countdown to 15896
[19:46:22.539] [SEVERE ] updating countdown to 15847
[19:46:22.565] [SEVERE ] updating countdown to 15821
[19:46:22.591] [SEVERE ] updating countdown to 15795
[19:46:22.617] [SEVERE ] updating countdown to 15769
[19:46:22.646] [SEVERE ] updating countdown to 15740
[19:46:22.672] [SEVERE ] updating countdown to 15714
[19:46:22.701] [SEVERE ] updating countdown to 15685
[19:46:22.746] [SEVERE ] updating countdown to 15640
[19:46:22.783] [SEVERE ] updating countdown to 15603
[19:46:22.809] [SEVERE ] updating countdown to 15577
[19:46:22.835] [SEVERE ] updating countdown to 15551
[19:46:22.860] [SEVERE ] updating countdown to 15526
[19:46:22.894] [SEVERE ] updating countdown to 15492
[19:46:22.920] [SEVERE ] updating countdown to 15466
[19:46:22.947] [SEVERE ] updating countdown to 15439
[19:46:22.973] [SEVERE ] updating countdown to 15413
[19:46:22.999] [SEVERE ] updating countdown to 15387
[19:46:23.025] [SEVERE ] updating countdown to 15361
[19:46:23.050] [SEVERE ] updating countdown to 15336
[19:46:23.077] [SEVERE ] updating countdown to 15309
[19:46:23.104] [SEVERE ] updating countdown to 15282
[19:46:23.130] [SEVERE ] updating countdown to 15256
[19:46:23.160] [SEVERE ] updating countdown to 15226
[19:46:23.186] [SEVERE ] updating countdown to 15200
[19:46:23.211] [SEVERE ] updating countdown to 15175
[19:46:23.238] [SEVERE ] updating countdown to 15148
[19:46:23.264] [SEVERE ] updating countdown to 15122
[19:46:23.290] [SEVERE ] updating countdown to 15096
[19:46:23.316] [SEVERE ] updating countdown to 15070
[19:46:23.342] [SEVERE ] updating countdown to 15044
[19:46:23.368] [SEVERE ] updating countdown to 15018
[19:46:23.415] [SEVERE ] updating countdown to 14971
[19:46:23.442] [SEVERE ] updating countdown to 14945
[19:46:23.468] [SEVERE ] updating countdown to 14918
[19:46:23.494] [SEVERE ] updating countdown to 14892
[19:46:23.520] [SEVERE ] updating countdown to 14866
[19:46:23.553] [SEVERE ] updating countdown to 14833
[19:46:23.579] [SEVERE ] updating countdown to 14807
[19:46:23.605] [SEVERE ] updating countdown to 14781
[19:46:23.631] [SEVERE ] updating countdown to 14755
[19:46:23.659] [SEVERE ] updating countdown to 14727
[19:46:23.685] [SEVERE ] updating countdown to 14701
[19:46:23.711] [SEVERE ] updating countdown to 14675
[19:46:23.738] [SEVERE ] updating countdown to 14648
[19:46:23.764] [SEVERE ] updating countdown to 14622
[19:46:23.790] [SEVERE ] updating countdown to 14596
[19:46:23.816] [SEVERE ] updating countdown to 14570
[19:46:23.841] [SEVERE ] updating countdown to 14545
[19:46:23.867] [SEVERE ] updating countdown to 14519
[19:46:23.893] [SEVERE ] updating countdown to 14493
[19:46:23.919] [SEVERE ] updating countdown to 14468
[19:46:23.944] [SEVERE ] updating countdown to 14442
[19:46:23.970] [SEVERE ] updating countdown to 14416
[19:46:23.996] [SEVERE ] updating countdown to 14390
[19:46:24.036] [SEVERE ] updating countdown to 14350
[19:46:24.062] [SEVERE ] updating countdown to 14324
[19:46:24.089] [SEVERE ] updating countdown to 14297
[19:46:24.114] [SEVERE ] updating countdown to 14272
[19:46:24.160] [SEVERE ] updating countdown to 14226
[19:46:24.186] [SEVERE ] updating countdown to 14200
[19:46:24.213] [SEVERE ] updating countdown to 14174
[19:46:24.239] [SEVERE ] updating countdown to 14147
[19:46:24.265] [SEVERE ] updating countdown to 14121
[19:46:24.291] [SEVERE ] updating countdown to 14095
[19:46:24.316] [SEVERE ] updating countdown to 14070
[19:46:24.342] [SEVERE ] updating countdown to 14044
[19:46:24.368] [SEVERE ] updating countdown to 14018
[19:46:24.402] [SEVERE ] updating countdown to 13984
[19:46:24.428] [SEVERE ] updating countdown to 13958
[19:46:24.454] [SEVERE ] updating countdown to 13932
[19:46:24.480] [SEVERE ] updating countdown to 13906
[19:46:24.522] [SEVERE ] updating countdown to 13864
[19:46:24.548] [SEVERE ] updating countdown to 13838
[19:46:24.588] [SEVERE ] updating countdown to 13798
[19:46:24.614] [SEVERE ] updating countdown to 13772
[19:46:24.639] [SEVERE ] updating countdown to 13747
[19:46:24.665] [SEVERE ] updating countdown to 13721
[19:46:24.691] [SEVERE ] updating countdown to 13695
[19:46:24.717] [SEVERE ] updating countdown to 13669
[19:46:24.742] [SEVERE ] updating countdown to 13644
[19:46:24.768] [SEVERE ] updating countdown to 13618
[19:46:24.794] [SEVERE ] updating countdown to 13592
[19:46:24.849] [SEVERE ] updating countdown to 13537
[19:46:24.874] [SEVERE ] updating countdown to 13512
[19:46:24.901] [SEVERE ] updating countdown to 13485
[19:46:24.927] [SEVERE ] updating countdown to 13459
[19:46:24.954] [SEVERE ] updating countdown to 13432
[19:46:24.992] [SEVERE ] updating countdown to 13394
[19:46:25.017] [SEVERE ] updating countdown to 13369
[19:46:25.043] [SEVERE ] updating countdown to 13343
[19:46:25.069] [SEVERE ] updating countdown to 13317
[19:46:25.099] [SEVERE ] updating countdown to 13287
[19:46:25.125] [SEVERE ] updating countdown to 13261
[19:46:25.163] [SEVERE ] updating countdown to 13223
[19:46:25.210] [SEVERE ] updating countdown to 13176
[19:46:25.236] [SEVERE ] updating countdown to 13150
[19:46:25.262] [SEVERE ] updating countdown to 13124
[19:46:25.289] [SEVERE ] updating countdown to 13097
[19:46:25.316] [SEVERE ] updating countdown to 13070
[19:46:25.343] [SEVERE ] updating countdown to 13043
[19:46:25.369] [SEVERE ] updating countdown to 13017
[19:46:25.395] [SEVERE ] updating countdown to 12991
[19:46:25.421] [SEVERE ] updating countdown to 12965
[19:46:25.449] [SEVERE ] updating countdown to 12937
[19:46:25.475] [SEVERE ] updating countdown to 12911
[19:46:25.500] [SEVERE ] updating countdown to 12886
[19:46:25.526] [SEVERE ] updating countdown to 12860
[19:46:25.560] [SEVERE ] updating countdown to 12826
[19:46:25.586] [SEVERE ] updating countdown to 12800
[19:46:25.611] [SEVERE ] updating countdown to 12775
[19:46:25.637] [SEVERE ] updating countdown to 12749
[19:46:25.663] [SEVERE ] updating countdown to 12723
[19:46:25.696] [SEVERE ] updating countdown to 12690
[19:46:25.722] [SEVERE ] updating countdown to 12664
[19:46:25.748] [SEVERE ] updating countdown to 12638
[19:46:25.774] [SEVERE ] updating countdown to 12612
[19:46:25.801] [SEVERE ] updating countdown to 12585
[19:46:25.827] [SEVERE ] updating countdown to 12559
[19:46:25.853] [SEVERE ] updating countdown to 12533
[19:46:25.893] [SEVERE ] updating countdown to 12493
[19:46:25.919] [SEVERE ] updating countdown to 12467
[19:46:25.955] [SEVERE ] updating countdown to 12431
[19:46:26.003] [SEVERE ] updating countdown to 12383
[19:46:26.030] [SEVERE ] updating countdown to 12356
[19:46:26.056] [SEVERE ] updating countdown to 12330
[19:46:26.092] [SEVERE ] updating countdown to 12294
[19:46:26.118] [SEVERE ] updating countdown to 12268
[19:46:26.144] [SEVERE ] updating countdown to 12242
[19:46:26.170] [SEVERE ] updating countdown to 12216
[19:46:26.196] [SEVERE ] updating countdown to 12190
[19:46:26.222] [SEVERE ] updating countdown to 12164
[19:46:26.248] [SEVERE ] updating countdown to 12138
[19:46:26.274] [SEVERE ] updating countdown to 12112
[19:46:26.300] [SEVERE ] updating countdown to 12086
[19:46:26.334] [SEVERE ] updating countdown to 12052
[19:46:26.360] [SEVERE ] updating countdown to 12026
[19:46:26.393] [SEVERE ] updating countdown to 11993
[19:46:26.431] [SEVERE ] updating countdown to 11955
[19:46:26.444] [SEVERE ] exit button pressed
[19:46:26.457] [SEVERE ] updating countdown to 11929
[19:46:26.488] [INFO   ] thread computer-1 terminated.
[19:46:26.488] [INFO   ] thread computer-0 terminated.
[19:46:26.488] [INFO   ] thread computer-5 terminated.
[19:46:26.488] [INFO   ] thread computer-6 terminated.
[19:46:26.488] [INFO   ] thread computer-4 terminated.
[19:46:26.488] [INFO   ] thread computer-7 terminated.
[19:46:26.488] [INFO   ] thread computer-8 terminated.
[19:46:26.488] [INFO   ] thread computer-3 terminated.
[19:46:26.488] [INFO   ] thread computer-2 terminated.
[19:46:26.488] [INFO   ] thread computer-9 terminated.
[19:46:26.491] [INFO   ] thread Thread-3 terminated.
[19:46:26.491] [INFO   ] thread Thread-4 terminated.
[19:46:26.490] [INFO   ] thread Thread-9 terminated.
[19:46:26.490] [INFO   ] thread Thread-8 terminated.
[19:46:26.490] [INFO   ] thread Thread-5 terminated.
[19:46:26.490] [INFO   ] thread Thread-7 terminated.
[19:46:26.489] [INFO   ] thread Thread-6 terminated.
[19:46:26.489] [INFO   ] thread Thread-1 terminated.
[19:46:26.488] [INFO   ] thread Thread-2 terminated.
[19:46:26.491] [INFO   ] thread Thread-10 terminated.
[19:46:26.559] [SEVERE ] removing player 3 token from slot 0
[19:46:26.563] [SEVERE ] removing player 8 token from slot 0
[19:46:26.569] [SEVERE ] removing card from slot 0
[19:46:26.671] [SEVERE ] removing player 1 token from slot 1
[19:46:26.689] [SEVERE ] removing player 2 token from slot 1
[19:46:26.690] [SEVERE ] removing player 4 token from slot 1
[19:46:26.691] [SEVERE ] removing player 8 token from slot 1
[19:46:26.692] [SEVERE ] removing card from slot 1
[19:46:26.792] [SEVERE ] removing player 1 token from slot 2
[19:46:26.793] [SEVERE ] removing player 2 token from slot 2
[19:46:26.794] [SEVERE ] removing player 4 token from slot 2
[19:46:26.795] [SEVERE ] removing player 7 token from slot 2
[19:46:26.795] [SEVERE ] removing card from slot 2
[19:46:26.896] [SEVERE ] removing player 6 token from slot 3
[19:46:26.897] [SEVERE ] removing card from slot 3
[19:46:26.998] [SEVERE ] removing player 6 token from slot 4
[19:46:26.998] [SEVERE ] removing player 9 token from slot 4
[19:46:26.999] [SEVERE ] removing card from slot 4
[19:46:27.099] [SEVERE ] removing player 2 token from slot 5
[19:46:27.106] [SEVERE ] removing player 3 token from slot 5
[19:46:27.108] [SEVERE ] removing player 5 token from slot 5
[19:46:27.108] [SEVERE ] removing card from slot 5
[19:46:27.209] [SEVERE ] removing player 3 token from slot 6
[19:46:27.209] [SEVERE ] removing player 5 token from slot 6
[19:46:27.210] [SEVERE ] removing player 7 token from slot 6
[19:46:27.210] [SEVERE ] removing card from slot 6
[19:46:27.311] [SEVERE ] removing player 1 token from slot 7
[19:46:27.342] [SEVERE ] removing player 6 token from slot 7
[19:46:27.343] [SEVERE ] removing player 9 token from slot 7
[19:46:27.345] [SEVERE ] removing player 10 token from slot 7
[19:46:27.346] [SEVERE ] removing card from slot 7
[19:46:27.446] [SEVERE ] removing player 4 token from slot 8
[19:46:27.448] [SEVERE ] removing player 5 token from slot 8
[19:46:27.452] [SEVERE ] removing player 7 token from slot 8
[19:46:27.455] [SEVERE ] removing card from slot 8
[19:46:27.556] [SEVERE ] removing player 10 token from slot 9
[19:46:27.567] [SEVERE ] removing card from slot 9
[19:46:27.678] [SEVERE ] removing player 10 token from slot 10
[19:46:27.679] [SEVERE ] removing card from slot 10
[19:46:27.780] [SEVERE ] removing player 8 token from slot 11
[19:46:27.789] [SEVERE ] removing player 9 token from slot 11
[19:46:27.792] [SEVERE ] removing card from slot 11
[19:46:27.793] [SEVERE ] announcing winner(s): player 1, player 2, player 3, player 4, player 5, player 6, player 7, player 8, player 9, player 10
[19:46:27.794] [INFO   ] thread dealer terminated.
[19:46:27.796] [INFO   ] thread dealer terminated.
[19:46:27.796] [SEVERE ] thanks for playing... it was fun!
[19:46:27.800] [INFO   ] thread bguspl.set.Main.main() terminated.
