[18:55:46.312] [INFO   ] thread bguspl.set.Main.main() starting.
[18:55:46.331] [SEVERE ] cannot read configuration file config.properties trying from resources.
[18:55:46.348] [SEVERE ] configuration file was loaded from resources directory.
[18:55:47.579] [INFO   ] thread dealer starting.
[18:55:47.580] [INFO   ] thread dealer starting.
[18:55:47.582] [INFO   ] thread Thread-1 starting.
[18:55:47.582] [INFO   ] thread Thread-2 starting.
[18:55:49.589] [SEVERE ] placing card 31 in slot 0
[18:55:51.593] [SEVERE ] placing card 1 in slot 1
[18:55:53.594] [SEVERE ] placing card 20 in slot 2
[18:55:55.597] [SEVERE ] placing card 76 in slot 3
[18:55:57.599] [SEVERE ] placing card 37 in slot 4
[18:55:58.314] [SEVERE ] exit button pressed
[18:55:58.315] [INFO   ] thread Thread-1 terminated.
[18:55:58.315] [INFO   ] thread Thread-2 terminated.
[18:55:59.600] [SEVERE ] placing card 73 in slot 5
[18:56:01.607] [SEVERE ] placing card 63 in slot 6
[18:56:03.607] [SEVERE ] placing card 54 in slot 7
[18:56:05.609] [SEVERE ] placing card 15 in slot 8
[18:56:07.612] [SEVERE ] placing card 7 in slot 9
[18:56:09.613] [SEVERE ] placing card 22 in slot 10
[18:56:11.614] [SEVERE ] placing card 43 in slot 11
[18:56:11.616] [SEVERE ] updating countdown to 60000
[18:56:13.620] [SEVERE ] removing card from slot 0
[18:56:15.622] [SEVERE ] removing card from slot 1
[18:56:17.623] [SEVERE ] removing card from slot 2
[18:56:19.624] [SEVERE ] removing card from slot 3
[18:56:21.626] [SEVERE ] removing card from slot 4
[18:56:23.628] [SEVERE ] removing card from slot 5
