[19:18:27.127] [INFO   ] thread bguspl.set.Main.main() starting.
[19:18:27.147] [SEVERE ] cannot read configuration file config.properties trying from resources.
[19:18:27.163] [SEVERE ] configuration file was loaded from resources directory.
[19:18:28.496] [INFO   ] thread dealer starting.
[19:18:28.497] [INFO   ] thread dealer starting.
[19:18:28.498] [INFO   ] thread Thread-1 starting.
[19:18:28.499] [INFO   ] thread Thread-3 starting.
[19:18:28.498] [INFO   ] thread Thread-2 starting.
[19:18:28.500] [INFO   ] thread computer-2 starting.
[19:18:28.604] [SEVERE ] placing card 72 in slot 0
[19:18:28.721] [SEVERE ] placing card 46 in slot 1
[19:18:28.822] [SEVERE ] placing card 55 in slot 2
[19:18:28.923] [SEVERE ] placing card 70 in slot 3
[19:18:29.025] [SEVERE ] placing card 61 in slot 4
[19:18:29.127] [SEVERE ] placing card 63 in slot 5
[19:18:29.229] [SEVERE ] placing card 4 in slot 6
[19:18:29.331] [SEVERE ] placing card 53 in slot 7
[19:18:29.432] [SEVERE ] placing card 51 in slot 8
[19:18:29.533] [SEVERE ] placing card 41 in slot 9
[19:18:29.635] [SEVERE ] placing card 42 in slot 10
[19:18:29.745] [SEVERE ] placing card 73 in slot 11
[19:18:29.753] [SEVERE ] updating countdown to 60000
[19:18:29.784] [SEVERE ] updating countdown to 59969
[19:18:29.812] [SEVERE ] updating countdown to 59942
[19:18:29.838] [SEVERE ] updating countdown to 59916
[19:18:29.864] [SEVERE ] updating countdown to 59889
[19:18:29.891] [SEVERE ] updating countdown to 59862
[19:18:29.917] [SEVERE ] updating countdown to 59836
[19:18:29.943] [SEVERE ] updating countdown to 59810
[19:18:29.969] [SEVERE ] updating countdown to 59784
[19:18:29.995] [SEVERE ] updating countdown to 59758
[19:18:30.021] [SEVERE ] updating countdown to 59732
[19:18:30.047] [SEVERE ] updating countdown to 59706
[19:18:30.073] [SEVERE ] updating countdown to 59680
[19:18:30.099] [SEVERE ] updating countdown to 59654
[19:18:30.126] [SEVERE ] updating countdown to 59627
[19:18:30.157] [SEVERE ] updating countdown to 59597
[19:18:30.183] [SEVERE ] updating countdown to 59570
[19:18:30.211] [SEVERE ] updating countdown to 59542
[19:18:30.240] [SEVERE ] updating countdown to 59513
[19:18:30.312] [SEVERE ] updating countdown to 59441
[19:18:30.338] [SEVERE ] updating countdown to 59415
[19:18:30.365] [SEVERE ] updating countdown to 59388
[19:18:30.391] [SEVERE ] updating countdown to 59362
[19:18:30.435] [SEVERE ] updating countdown to 59318
[19:18:30.461] [SEVERE ] updating countdown to 59292
[19:18:30.542] [SEVERE ] updating countdown to 59211
[19:18:30.568] [SEVERE ] updating countdown to 59185
[19:18:30.594] [SEVERE ] updating countdown to 59159
[19:18:30.620] [SEVERE ] updating countdown to 59133
[19:18:30.647] [SEVERE ] updating countdown to 59106
[19:18:30.673] [SEVERE ] updating countdown to 59080
[19:18:30.699] [SEVERE ] updating countdown to 59054
[19:18:30.725] [SEVERE ] updating countdown to 59028
[19:18:30.751] [SEVERE ] updating countdown to 59002
[19:18:30.777] [SEVERE ] updating countdown to 58976
[19:18:30.816] [SEVERE ] updating countdown to 58937
[19:18:30.842] [SEVERE ] updating countdown to 58911
[19:18:30.869] [SEVERE ] updating countdown to 58884
[19:18:30.896] [SEVERE ] updating countdown to 58858
[19:18:30.921] [SEVERE ] updating countdown to 58832
[19:18:30.947] [SEVERE ] updating countdown to 58806
[19:18:30.978] [SEVERE ] updating countdown to 58775
[19:18:31.003] [SEVERE ] updating countdown to 58750
[19:18:31.033] [SEVERE ] updating countdown to 58720
[19:18:31.059] [SEVERE ] updating countdown to 58694
[19:18:31.086] [SEVERE ] updating countdown to 58667
[19:18:31.112] [SEVERE ] updating countdown to 58641
[19:18:31.138] [SEVERE ] updating countdown to 58615
[19:18:31.165] [SEVERE ] updating countdown to 58588
[19:18:31.191] [SEVERE ] updating countdown to 58562
[19:18:31.217] [SEVERE ] updating countdown to 58536
[19:18:31.243] [SEVERE ] updating countdown to 58510
[19:18:31.271] [SEVERE ] updating countdown to 58482
[19:18:31.298] [SEVERE ] updating countdown to 58455
[19:18:31.337] [SEVERE ] updating countdown to 58417
[19:18:31.363] [SEVERE ] updating countdown to 58390
[19:18:31.389] [SEVERE ] updating countdown to 58364
[19:18:31.415] [SEVERE ] updating countdown to 58338
[19:18:31.442] [SEVERE ] updating countdown to 58311
[19:18:31.480] [SEVERE ] updating countdown to 58273
[19:18:31.506] [SEVERE ] updating countdown to 58247
[19:18:31.532] [SEVERE ] updating countdown to 58221
[19:18:31.558] [SEVERE ] updating countdown to 58195
[19:18:31.585] [SEVERE ] updating countdown to 58168
[19:18:31.611] [SEVERE ] updating countdown to 58142
[19:18:31.637] [SEVERE ] updating countdown to 58116
[19:18:31.664] [SEVERE ] updating countdown to 58089
[19:18:31.690] [SEVERE ] updating countdown to 58063
[19:18:31.716] [SEVERE ] updating countdown to 58037
[19:18:31.743] [SEVERE ] updating countdown to 58010
[19:18:31.769] [SEVERE ] updating countdown to 57984
[19:18:31.804] [SEVERE ] updating countdown to 57949
[19:18:31.830] [SEVERE ] updating countdown to 57923
[19:18:31.857] [SEVERE ] updating countdown to 57896
[19:18:31.884] [SEVERE ] updating countdown to 57869
[19:18:31.922] [SEVERE ] updating countdown to 57831
[19:18:31.948] [SEVERE ] updating countdown to 57805
[19:18:31.974] [SEVERE ] updating countdown to 57779
[19:18:32.000] [SEVERE ] updating countdown to 57753
[19:18:32.026] [SEVERE ] updating countdown to 57727
[19:18:32.067] [SEVERE ] updating countdown to 57686
[19:18:32.092] [SEVERE ] updating countdown to 57661
[19:18:32.118] [SEVERE ] updating countdown to 57635
[19:18:32.144] [SEVERE ] updating countdown to 57609
[19:18:32.170] [SEVERE ] updating countdown to 57583
[19:18:32.196] [SEVERE ] updating countdown to 57557
[19:18:32.221] [SEVERE ] updating countdown to 57532
[19:18:32.247] [SEVERE ] updating countdown to 57506
[19:18:32.275] [SEVERE ] updating countdown to 57478
[19:18:32.301] [SEVERE ] updating countdown to 57452
[19:18:32.330] [SEVERE ] updating countdown to 57423
[19:18:32.356] [SEVERE ] updating countdown to 57397
[19:18:32.385] [SEVERE ] updating countdown to 57368
[19:18:32.411] [SEVERE ] updating countdown to 57342
[19:18:32.438] [SEVERE ] updating countdown to 57315
[19:18:32.504] [SEVERE ] updating countdown to 57249
[19:18:32.530] [SEVERE ] updating countdown to 57223
[19:18:32.556] [SEVERE ] updating countdown to 57197
[19:18:32.582] [SEVERE ] updating countdown to 57171
[19:18:32.608] [SEVERE ] updating countdown to 57145
[19:18:32.634] [SEVERE ] updating countdown to 57119
[19:18:32.661] [SEVERE ] updating countdown to 57092
[19:18:32.687] [SEVERE ] updating countdown to 57066
[19:18:32.713] [SEVERE ] updating countdown to 57040
[19:18:32.739] [SEVERE ] updating countdown to 57014
[19:18:32.765] [SEVERE ] updating countdown to 56988
[19:18:32.791] [SEVERE ] updating countdown to 56962
[19:18:32.818] [SEVERE ] updating countdown to 56936
[19:18:32.844] [SEVERE ] updating countdown to 56910
[19:18:32.869] [SEVERE ] updating countdown to 56884
[19:18:32.895] [SEVERE ] updating countdown to 56858
[19:18:32.921] [SEVERE ] updating countdown to 56832
[19:18:32.960] [SEVERE ] updating countdown to 56793
[19:18:32.986] [SEVERE ] updating countdown to 56767
[19:18:33.012] [SEVERE ] updating countdown to 56741
[19:18:33.040] [SEVERE ] updating countdown to 56713
[19:18:33.066] [SEVERE ] updating countdown to 56687
[19:18:33.092] [SEVERE ] updating countdown to 56661
[19:18:33.118] [SEVERE ] updating countdown to 56635
[19:18:33.144] [SEVERE ] updating countdown to 56609
[19:18:33.169] [SEVERE ] updating countdown to 56584
[19:18:33.195] [SEVERE ] updating countdown to 56558
[19:18:33.221] [SEVERE ] updating countdown to 56532
[19:18:33.248] [SEVERE ] updating countdown to 56505
[19:18:33.273] [SEVERE ] updating countdown to 56480
[19:18:33.299] [SEVERE ] updating countdown to 56454
[19:18:33.325] [SEVERE ] updating countdown to 56428
[19:18:33.351] [SEVERE ] updating countdown to 56402
[19:18:33.377] [SEVERE ] updating countdown to 56376
[19:18:33.424] [SEVERE ] updating countdown to 56329
[19:18:33.449] [SEVERE ] updating countdown to 56304
[19:18:33.475] [SEVERE ] updating countdown to 56278
[19:18:33.501] [SEVERE ] updating countdown to 56252
[19:18:33.531] [SEVERE ] updating countdown to 56222
[19:18:33.563] [SEVERE ] updating countdown to 56190
[19:18:33.595] [SEVERE ] updating countdown to 56158
[19:18:33.621] [SEVERE ] updating countdown to 56132
[19:18:33.647] [SEVERE ] updating countdown to 56106
[19:18:33.674] [SEVERE ] updating countdown to 56079
[19:18:33.699] [SEVERE ] updating countdown to 56054
[19:18:33.725] [SEVERE ] updating countdown to 56028
[19:18:33.751] [SEVERE ] updating countdown to 56002
[19:18:33.776] [SEVERE ] updating countdown to 55977
[19:18:33.802] [SEVERE ] updating countdown to 55951
[19:18:33.828] [SEVERE ] updating countdown to 55925
[19:18:33.854] [SEVERE ] updating countdown to 55899
[19:18:33.910] [SEVERE ] updating countdown to 55843
[19:18:33.936] [SEVERE ] updating countdown to 55817
[19:18:33.963] [SEVERE ] updating countdown to 55790
[19:18:33.989] [SEVERE ] updating countdown to 55764
[19:18:34.017] [SEVERE ] updating countdown to 55736
[19:18:34.043] [SEVERE ] updating countdown to 55710
[19:18:34.069] [SEVERE ] updating countdown to 55684
[19:18:34.110] [SEVERE ] updating countdown to 55643
[19:18:34.135] [SEVERE ] updating countdown to 55618
[19:18:34.161] [SEVERE ] updating countdown to 55592
[19:18:34.187] [SEVERE ] updating countdown to 55566
[19:18:34.212] [SEVERE ] updating countdown to 55541
[19:18:34.238] [SEVERE ] updating countdown to 55515
[19:18:34.265] [SEVERE ] updating countdown to 55488
[19:18:34.291] [SEVERE ] updating countdown to 55462
[19:18:34.317] [SEVERE ] updating countdown to 55436
[19:18:34.343] [SEVERE ] updating countdown to 55410
[19:18:34.369] [SEVERE ] updating countdown to 55384
[19:18:34.409] [SEVERE ] updating countdown to 55344
[19:18:34.436] [SEVERE ] updating countdown to 55317
[19:18:34.462] [SEVERE ] updating countdown to 55291
[19:18:34.488] [SEVERE ] updating countdown to 55265
[19:18:34.523] [SEVERE ] updating countdown to 55230
[19:18:34.548] [SEVERE ] updating countdown to 55205
[19:18:34.574] [SEVERE ] updating countdown to 55179
[19:18:34.665] [SEVERE ] updating countdown to 55088
[19:18:34.691] [SEVERE ] updating countdown to 55062
[19:18:34.717] [SEVERE ] updating countdown to 55036
[19:18:34.743] [SEVERE ] updating countdown to 55010
[19:18:34.778] [SEVERE ] updating countdown to 54975
[19:18:34.839] [SEVERE ] updating countdown to 54914
[19:18:34.865] [SEVERE ] updating countdown to 54888
[19:18:34.890] [SEVERE ] updating countdown to 54863
[19:18:34.916] [SEVERE ] updating countdown to 54837
[19:18:34.942] [SEVERE ] updating countdown to 54811
[19:18:34.968] [SEVERE ] updating countdown to 54785
[19:18:34.994] [SEVERE ] updating countdown to 54759
[19:18:35.020] [SEVERE ] updating countdown to 54733
[19:18:35.064] [SEVERE ] updating countdown to 54689
[19:18:35.094] [SEVERE ] updating countdown to 54659
[19:18:35.120] [SEVERE ] updating countdown to 54633
[19:18:35.146] [SEVERE ] updating countdown to 54607
[19:18:35.172] [SEVERE ] updating countdown to 54581
[19:18:35.217] [SEVERE ] updating countdown to 54536
[19:18:35.243] [SEVERE ] updating countdown to 54510
[19:18:35.269] [SEVERE ] updating countdown to 54484
[19:18:35.295] [SEVERE ] updating countdown to 54458
[19:18:35.339] [SEVERE ] updating countdown to 54414
[19:18:35.365] [SEVERE ] updating countdown to 54388
[19:18:35.391] [SEVERE ] updating countdown to 54362
[19:18:35.417] [SEVERE ] updating countdown to 54336
[19:18:35.478] [SEVERE ] updating countdown to 54275
[19:18:35.504] [SEVERE ] updating countdown to 54249
[19:18:35.530] [SEVERE ] updating countdown to 54223
[19:18:35.556] [SEVERE ] updating countdown to 54197
[19:18:35.581] [SEVERE ] updating countdown to 54172
[19:18:35.607] [SEVERE ] updating countdown to 54146
[19:18:35.633] [SEVERE ] updating countdown to 54120
[19:18:35.659] [SEVERE ] updating countdown to 54094
[19:18:35.685] [SEVERE ] updating countdown to 54069
[19:18:35.710] [SEVERE ] updating countdown to 54043
[19:18:35.736] [SEVERE ] updating countdown to 54017
[19:18:35.762] [SEVERE ] updating countdown to 53991
[19:18:35.788] [SEVERE ] updating countdown to 53965
[19:18:35.814] [SEVERE ] updating countdown to 53939
[19:18:35.840] [SEVERE ] updating countdown to 53913
[19:18:35.866] [SEVERE ] updating countdown to 53887
[19:18:35.892] [SEVERE ] updating countdown to 53861
[19:18:35.918] [SEVERE ] updating countdown to 53835
[19:18:35.944] [SEVERE ] updating countdown to 53809
[19:18:35.970] [SEVERE ] updating countdown to 53783
[19:18:35.996] [SEVERE ] updating countdown to 53757
[19:18:36.022] [SEVERE ] updating countdown to 53731
[19:18:36.054] [SEVERE ] updating countdown to 53699
[19:18:36.080] [SEVERE ] updating countdown to 53673
[19:18:36.111] [SEVERE ] updating countdown to 53643
[19:18:36.136] [SEVERE ] updating countdown to 53617
[19:18:36.162] [SEVERE ] updating countdown to 53591
[19:18:36.195] [SEVERE ] updating countdown to 53558
[19:18:36.221] [SEVERE ] updating countdown to 53532
[19:18:36.288] [SEVERE ] updating countdown to 53465
[19:18:36.314] [SEVERE ] updating countdown to 53439
[19:18:36.339] [SEVERE ] updating countdown to 53414
[19:18:36.365] [SEVERE ] updating countdown to 53388
[19:18:36.394] [SEVERE ] updating countdown to 53359
[19:18:36.420] [SEVERE ] updating countdown to 53333
[19:18:36.446] [SEVERE ] updating countdown to 53307
[19:18:36.472] [SEVERE ] updating countdown to 53281
[19:18:36.506] [SEVERE ] updating countdown to 53247
[19:18:36.532] [SEVERE ] updating countdown to 53221
[19:18:36.589] [SEVERE ] updating countdown to 53164
[19:18:36.616] [SEVERE ] updating countdown to 53137
[19:18:36.641] [SEVERE ] updating countdown to 53112
[19:18:36.667] [SEVERE ] updating countdown to 53086
[19:18:36.700] [SEVERE ] updating countdown to 53053
[19:18:36.758] [SEVERE ] updating countdown to 52995
[19:18:36.784] [SEVERE ] updating countdown to 52969
[19:18:36.810] [SEVERE ] updating countdown to 52943
[19:18:36.836] [SEVERE ] updating countdown to 52917
[19:18:36.863] [SEVERE ] updating countdown to 52890
[19:18:36.889] [SEVERE ] updating countdown to 52864
[19:18:36.915] [SEVERE ] updating countdown to 52838
[19:18:36.941] [SEVERE ] updating countdown to 52812
[19:18:37.016] [SEVERE ] updating countdown to 52737
[19:18:37.042] [SEVERE ] updating countdown to 52711
[19:18:37.068] [SEVERE ] updating countdown to 52685
[19:18:37.095] [SEVERE ] updating countdown to 52658
[19:18:37.121] [SEVERE ] updating countdown to 52632
[19:18:37.151] [SEVERE ] updating countdown to 52602
[19:18:37.177] [SEVERE ] updating countdown to 52576
[19:18:37.203] [SEVERE ] updating countdown to 52550
[19:18:37.229] [SEVERE ] updating countdown to 52524
[19:18:37.259] [SEVERE ] updating countdown to 52494
[19:18:37.318] [SEVERE ] updating countdown to 52435
[19:18:37.344] [SEVERE ] updating countdown to 52409
[19:18:37.369] [SEVERE ] updating countdown to 52384
[19:18:37.395] [SEVERE ] updating countdown to 52358
[19:18:37.420] [SEVERE ] updating countdown to 52333
[19:18:37.446] [SEVERE ] updating countdown to 52307
[19:18:37.472] [SEVERE ] updating countdown to 52281
[19:18:37.499] [SEVERE ] updating countdown to 52254
[19:18:37.574] [SEVERE ] updating countdown to 52179
[19:18:37.600] [SEVERE ] updating countdown to 52153
[19:18:37.626] [SEVERE ] updating countdown to 52127
[19:18:37.659] [SEVERE ] updating countdown to 52094
[19:18:37.708] [SEVERE ] updating countdown to 52045
[19:18:37.734] [SEVERE ] updating countdown to 52019
[19:18:37.760] [SEVERE ] updating countdown to 51993
[19:18:37.786] [SEVERE ] updating countdown to 51967
[19:18:37.818] [SEVERE ] updating countdown to 51935
[19:18:37.846] [SEVERE ] updating countdown to 51907
[19:18:37.873] [SEVERE ] updating countdown to 51881
[19:18:37.899] [SEVERE ] updating countdown to 51854
[19:18:37.924] [SEVERE ] updating countdown to 51829
[19:18:37.950] [SEVERE ] updating countdown to 51803
[19:18:37.976] [SEVERE ] updating countdown to 51777
[19:18:38.025] [SEVERE ] updating countdown to 51728
[19:18:38.051] [SEVERE ] updating countdown to 51702
[19:18:38.080] [SEVERE ] updating countdown to 51673
[19:18:38.105] [SEVERE ] updating countdown to 51648
[19:18:38.131] [SEVERE ] updating countdown to 51622
[19:18:38.158] [SEVERE ] updating countdown to 51595
[19:18:38.183] [SEVERE ] updating countdown to 51570
[19:18:38.209] [SEVERE ] updating countdown to 51544
[19:18:38.235] [SEVERE ] updating countdown to 51518
[19:18:38.261] [SEVERE ] updating countdown to 51492
[19:18:38.288] [SEVERE ] updating countdown to 51465
[19:18:38.313] [SEVERE ] updating countdown to 51440
[19:18:38.339] [SEVERE ] updating countdown to 51414
[19:18:38.366] [SEVERE ] updating countdown to 51387
[19:18:38.392] [SEVERE ] updating countdown to 51361
[19:18:38.443] [SEVERE ] updating countdown to 51310
[19:18:38.469] [SEVERE ] updating countdown to 51284
[19:18:38.494] [SEVERE ] updating countdown to 51259
[19:18:38.520] [SEVERE ] updating countdown to 51233
[19:18:38.553] [SEVERE ] updating countdown to 51200
[19:18:38.579] [SEVERE ] updating countdown to 51174
[19:18:38.609] [SEVERE ] updating countdown to 51144
[19:18:38.635] [SEVERE ] updating countdown to 51118
[19:18:38.667] [SEVERE ] updating countdown to 51086
[19:18:38.693] [SEVERE ] updating countdown to 51060
[19:18:38.718] [SEVERE ] updating countdown to 51035
[19:18:38.744] [SEVERE ] updating countdown to 51009
[19:18:38.777] [SEVERE ] updating countdown to 50976
[19:18:38.804] [SEVERE ] updating countdown to 50949
[19:18:38.829] [SEVERE ] updating countdown to 50924
[19:18:38.856] [SEVERE ] updating countdown to 50897
[19:18:38.896] [SEVERE ] updating countdown to 50857
[19:18:38.927] [SEVERE ] updating countdown to 50826
[19:18:38.953] [SEVERE ] updating countdown to 50800
[19:18:38.979] [SEVERE ] updating countdown to 50774
[19:18:39.006] [SEVERE ] updating countdown to 50747
[19:18:39.045] [SEVERE ] updating countdown to 50708
[19:18:39.071] [SEVERE ] updating countdown to 50682
[19:18:39.097] [SEVERE ] updating countdown to 50656
[19:18:39.123] [SEVERE ] updating countdown to 50630
[19:18:39.150] [SEVERE ] updating countdown to 50603
[19:18:39.176] [SEVERE ] updating countdown to 50577
[19:18:39.202] [SEVERE ] updating countdown to 50551
[19:18:39.233] [SEVERE ] updating countdown to 50520
[19:18:39.260] [SEVERE ] updating countdown to 50493
[19:18:39.310] [SEVERE ] updating countdown to 50443
[19:18:39.336] [SEVERE ] updating countdown to 50417
[19:18:39.362] [SEVERE ] updating countdown to 50391
[19:18:39.388] [SEVERE ] updating countdown to 50365
[19:18:39.414] [SEVERE ] updating countdown to 50339
[19:18:39.439] [SEVERE ] updating countdown to 50314
[19:18:39.465] [SEVERE ] updating countdown to 50288
[19:18:39.491] [SEVERE ] updating countdown to 50262
[19:18:39.517] [SEVERE ] updating countdown to 50236
[19:18:39.543] [SEVERE ] updating countdown to 50210
[19:18:39.569] [SEVERE ] updating countdown to 50184
[19:18:39.594] [SEVERE ] updating countdown to 50159
[19:18:39.620] [SEVERE ] updating countdown to 50133
[19:18:39.646] [SEVERE ] updating countdown to 50107
[19:18:39.672] [SEVERE ] updating countdown to 50081
[19:18:39.698] [SEVERE ] updating countdown to 50055
[19:18:39.724] [SEVERE ] updating countdown to 50029
[19:18:39.750] [SEVERE ] updating countdown to 50003
[19:18:39.798] [SEVERE ] updating countdown to 49955
[19:18:39.823] [SEVERE ] updating countdown to 49930
[19:18:39.849] [SEVERE ] updating countdown to 49904
[19:18:39.878] [SEVERE ] updating countdown to 49875
[19:18:39.922] [SEVERE ] updating countdown to 49831
[19:18:39.947] [SEVERE ] updating countdown to 49806
[19:18:39.974] [SEVERE ] updating countdown to 49779
[19:18:40.001] [SEVERE ] updating countdown to 49752
[19:18:40.027] [SEVERE ] updating countdown to 49726
[19:18:40.052] [SEVERE ] updating countdown to 49701
[19:18:40.079] [SEVERE ] updating countdown to 49674
[19:18:40.108] [SEVERE ] updating countdown to 49645
[19:18:40.135] [SEVERE ] updating countdown to 49618
[19:18:40.166] [SEVERE ] updating countdown to 49587
[19:18:40.210] [SEVERE ] updating countdown to 49543
[19:18:40.237] [SEVERE ] updating countdown to 49516
[19:18:40.263] [SEVERE ] updating countdown to 49490
[19:18:40.288] [SEVERE ] updating countdown to 49465
[19:18:40.341] [SEVERE ] updating countdown to 49412
[19:18:40.367] [SEVERE ] updating countdown to 49386
[19:18:40.393] [SEVERE ] updating countdown to 49360
[19:18:40.418] [SEVERE ] updating countdown to 49335
[19:18:40.444] [SEVERE ] updating countdown to 49309
[19:18:40.469] [SEVERE ] updating countdown to 49284
[19:18:40.495] [SEVERE ] updating countdown to 49258
[19:18:40.521] [SEVERE ] updating countdown to 49232
[19:18:40.546] [SEVERE ] updating countdown to 49207
[19:18:40.572] [SEVERE ] updating countdown to 49181
[19:18:40.597] [SEVERE ] updating countdown to 49156
[19:18:40.623] [SEVERE ] updating countdown to 49130
[19:18:40.649] [SEVERE ] updating countdown to 49104
[19:18:40.674] [SEVERE ] updating countdown to 49079
[19:18:40.700] [SEVERE ] updating countdown to 49053
[19:18:40.726] [SEVERE ] updating countdown to 49027
[19:18:40.751] [SEVERE ] updating countdown to 49002
[19:18:40.777] [SEVERE ] updating countdown to 48976
[19:18:40.804] [SEVERE ] updating countdown to 48949
[19:18:40.831] [SEVERE ] updating countdown to 48922
[19:18:40.857] [SEVERE ] updating countdown to 48896
[19:18:40.883] [SEVERE ] updating countdown to 48871
[19:18:40.921] [SEVERE ] updating countdown to 48832
[19:18:40.978] [SEVERE ] updating countdown to 48775
[19:18:41.004] [SEVERE ] updating countdown to 48749
[19:18:41.032] [SEVERE ] updating countdown to 48721
[19:18:41.057] [SEVERE ] updating countdown to 48696
[19:18:41.083] [SEVERE ] updating countdown to 48670
[19:18:41.108] [SEVERE ] updating countdown to 48645
[19:18:41.134] [SEVERE ] updating countdown to 48619
[19:18:41.160] [SEVERE ] updating countdown to 48593
[19:18:41.185] [SEVERE ] updating countdown to 48568
[19:18:41.211] [SEVERE ] updating countdown to 48542
[19:18:41.251] [SEVERE ] updating countdown to 48502
[19:18:41.277] [SEVERE ] updating countdown to 48476
[19:18:41.302] [SEVERE ] updating countdown to 48451
[19:18:41.328] [SEVERE ] updating countdown to 48425
[19:18:41.354] [SEVERE ] updating countdown to 48399
[19:18:41.379] [SEVERE ] updating countdown to 48374
[19:18:41.405] [SEVERE ] updating countdown to 48348
[19:18:41.440] [SEVERE ] updating countdown to 48313
[19:18:41.465] [SEVERE ] updating countdown to 48288
[19:18:41.491] [SEVERE ] updating countdown to 48262
[19:18:41.517] [SEVERE ] updating countdown to 48236
[19:18:41.543] [SEVERE ] updating countdown to 48210
[19:18:41.568] [SEVERE ] updating countdown to 48185
[19:18:41.597] [SEVERE ] updating countdown to 48156
[19:18:41.639] [SEVERE ] updating countdown to 48114
[19:18:41.664] [SEVERE ] updating countdown to 48089
[19:18:41.690] [SEVERE ] updating countdown to 48063
[19:18:41.717] [SEVERE ] updating countdown to 48036
[19:18:41.743] [SEVERE ] updating countdown to 48010
[19:18:41.769] [SEVERE ] updating countdown to 47984
[19:18:41.795] [SEVERE ] updating countdown to 47958
[19:18:41.820] [SEVERE ] updating countdown to 47933
[19:18:41.846] [SEVERE ] updating countdown to 47907
[19:18:41.872] [SEVERE ] updating countdown to 47881
[19:18:41.898] [SEVERE ] updating countdown to 47855
[19:18:41.923] [SEVERE ] updating countdown to 47830
[19:18:41.960] [SEVERE ] updating countdown to 47793
[19:18:41.986] [SEVERE ] updating countdown to 47767
[19:18:42.011] [SEVERE ] updating countdown to 47742
[19:18:42.037] [SEVERE ] updating countdown to 47716
[19:18:42.063] [SEVERE ] updating countdown to 47690
[19:18:42.088] [SEVERE ] updating countdown to 47665
[19:18:42.114] [SEVERE ] updating countdown to 47639
[19:18:42.140] [SEVERE ] updating countdown to 47613
[19:18:42.166] [SEVERE ] updating countdown to 47587
[19:18:42.191] [SEVERE ] updating countdown to 47562
[19:18:42.217] [SEVERE ] updating countdown to 47536
[19:18:42.243] [SEVERE ] updating countdown to 47510
[19:18:42.269] [SEVERE ] updating countdown to 47484
[19:18:42.295] [SEVERE ] updating countdown to 47458
[19:18:42.321] [SEVERE ] updating countdown to 47432
[19:18:42.366] [SEVERE ] updating countdown to 47387
[19:18:42.392] [SEVERE ] updating countdown to 47361
[19:18:42.420] [SEVERE ] updating countdown to 47333
[19:18:42.446] [SEVERE ] updating countdown to 47307
[19:18:42.498] [SEVERE ] updating countdown to 47255
[19:18:42.523] [SEVERE ] updating countdown to 47230
[19:18:42.548] [SEVERE ] updating countdown to 47205
[19:18:42.574] [SEVERE ] updating countdown to 47179
[19:18:42.600] [SEVERE ] updating countdown to 47153
[19:18:42.625] [SEVERE ] updating countdown to 47128
[19:18:42.651] [SEVERE ] updating countdown to 47102
[19:18:42.689] [SEVERE ] updating countdown to 47064
[19:18:42.714] [SEVERE ] updating countdown to 47039
[19:18:42.740] [SEVERE ] updating countdown to 47013
[19:18:42.765] [SEVERE ] updating countdown to 46988
[19:18:42.791] [SEVERE ] updating countdown to 46962
[19:18:42.817] [SEVERE ] updating countdown to 46936
[19:18:42.843] [SEVERE ] updating countdown to 46910
[19:18:42.868] [SEVERE ] updating countdown to 46885
[19:18:42.894] [SEVERE ] updating countdown to 46859
[19:18:42.920] [SEVERE ] updating countdown to 46833
[19:18:42.945] [SEVERE ] updating countdown to 46808
[19:18:42.971] [SEVERE ] updating countdown to 46782
[19:18:42.997] [SEVERE ] updating countdown to 46756
[19:18:43.022] [SEVERE ] updating countdown to 46731
[19:18:43.048] [SEVERE ] updating countdown to 46705
[19:18:43.073] [SEVERE ] updating countdown to 46680
[19:18:43.099] [SEVERE ] updating countdown to 46654
[19:18:43.124] [SEVERE ] updating countdown to 46629
[19:18:43.150] [SEVERE ] updating countdown to 46603
[19:18:43.175] [SEVERE ] updating countdown to 46578
[19:18:43.201] [SEVERE ] updating countdown to 46552
[19:18:43.226] [SEVERE ] updating countdown to 46527
[19:18:43.252] [SEVERE ] updating countdown to 46501
[19:18:43.277] [SEVERE ] updating countdown to 46476
[19:18:43.303] [SEVERE ] updating countdown to 46450
[19:18:43.328] [SEVERE ] updating countdown to 46425
[19:18:43.354] [SEVERE ] updating countdown to 46399
[19:18:43.379] [SEVERE ] updating countdown to 46374
[19:18:43.405] [SEVERE ] updating countdown to 46348
[19:18:43.430] [SEVERE ] updating countdown to 46323
[19:18:43.456] [SEVERE ] updating countdown to 46297
[19:18:43.481] [SEVERE ] updating countdown to 46272
[19:18:43.507] [SEVERE ] updating countdown to 46246
[19:18:43.532] [SEVERE ] updating countdown to 46221
[19:18:43.558] [SEVERE ] updating countdown to 46195
[19:18:43.584] [SEVERE ] updating countdown to 46169
[19:18:43.609] [SEVERE ] updating countdown to 46144
[19:18:43.634] [SEVERE ] updating countdown to 46119
[19:18:43.660] [SEVERE ] updating countdown to 46093
[19:18:43.686] [SEVERE ] updating countdown to 46067
[19:18:43.711] [SEVERE ] updating countdown to 46042
[19:18:43.737] [SEVERE ] updating countdown to 46016
[19:18:43.763] [SEVERE ] updating countdown to 45990
[19:18:43.789] [SEVERE ] updating countdown to 45964
[19:18:43.814] [SEVERE ] updating countdown to 45939
[19:18:43.840] [SEVERE ] updating countdown to 45913
[19:18:43.865] [SEVERE ] updating countdown to 45888
[19:18:43.891] [SEVERE ] updating countdown to 45862
[19:18:43.917] [SEVERE ] updating countdown to 45836
[19:18:43.942] [SEVERE ] updating countdown to 45811
[19:18:43.968] [SEVERE ] updating countdown to 45785
[19:18:43.994] [SEVERE ] updating countdown to 45759
[19:18:44.019] [SEVERE ] updating countdown to 45734
[19:18:44.045] [SEVERE ] updating countdown to 45708
[19:18:44.070] [SEVERE ] updating countdown to 45683
[19:18:44.096] [SEVERE ] updating countdown to 45657
[19:18:44.121] [SEVERE ] updating countdown to 45632
[19:18:44.147] [SEVERE ] updating countdown to 45606
[19:18:44.172] [SEVERE ] updating countdown to 45581
[19:18:44.198] [SEVERE ] updating countdown to 45555
[19:18:44.223] [SEVERE ] updating countdown to 45530
[19:18:44.249] [SEVERE ] updating countdown to 45504
[19:18:44.275] [SEVERE ] updating countdown to 45478
[19:18:44.301] [SEVERE ] updating countdown to 45452
[19:18:44.326] [SEVERE ] updating countdown to 45427
[19:18:44.352] [SEVERE ] updating countdown to 45401
[19:18:44.377] [SEVERE ] updating countdown to 45376
[19:18:44.403] [SEVERE ] updating countdown to 45350
[19:18:44.428] [SEVERE ] updating countdown to 45325
[19:18:44.454] [SEVERE ] updating countdown to 45299
[19:18:44.479] [SEVERE ] updating countdown to 45274
[19:18:44.505] [SEVERE ] updating countdown to 45248
[19:18:44.531] [SEVERE ] updating countdown to 45223
[19:18:44.557] [SEVERE ] updating countdown to 45196
[19:18:44.582] [SEVERE ] updating countdown to 45171
[19:18:44.608] [SEVERE ] updating countdown to 45145
[19:18:44.633] [SEVERE ] updating countdown to 45120
[19:18:44.659] [SEVERE ] updating countdown to 45094
[19:18:44.684] [SEVERE ] updating countdown to 45069
[19:18:44.710] [SEVERE ] updating countdown to 45043
[19:18:44.735] [SEVERE ] updating countdown to 45018
[19:18:44.761] [SEVERE ] updating countdown to 44992
[19:18:44.778] [SEVERE ] exit button pressed
[19:18:44.780] [INFO   ] thread Thread-2 terminated.
[19:18:44.780] [INFO   ] thread Thread-1 terminated.
[19:18:44.786] [SEVERE ] updating countdown to 44967
[19:18:44.887] [SEVERE ] removing card from slot 0
[19:18:44.988] [SEVERE ] removing card from slot 1
[19:18:45.089] [SEVERE ] removing card from slot 2
[19:18:45.190] [SEVERE ] removing card from slot 3
[19:18:45.294] [SEVERE ] removing card from slot 4
[19:18:45.395] [SEVERE ] removing card from slot 5
[19:18:45.495] [SEVERE ] removing card from slot 6
[19:18:45.596] [SEVERE ] removing card from slot 7
[19:18:45.775] [SEVERE ] removing card from slot 8
[19:18:45.893] [SEVERE ] removing card from slot 9
[19:18:46.014] [SEVERE ] removing card from slot 10
[19:18:46.115] [SEVERE ] removing card from slot 11
[19:18:46.117] [SEVERE ] announcing winner(s): player 1, player 2, player 3
[19:18:46.120] [INFO   ] thread dealer terminated.
[19:18:46.126] [INFO   ] thread dealer terminated.
[19:18:46.127] [SEVERE ] thanks for playing... it was fun!
[19:18:46.128] [INFO   ] thread bguspl.set.Main.main() terminated.
