[19:52:35.013] [INFO   ] thread bguspl.set.Main.main() starting.
[19:52:35.035] [SEVERE ] cannot read configuration file config.properties trying from resources.
[19:52:35.043] [SEVERE ] configuration file was loaded from resources directory.
[19:52:36.307] [INFO   ] thread dealer starting.
[19:52:36.308] [INFO   ] thread dealer starting.
[19:52:36.310] [INFO   ] thread Thread-1 starting.
[19:52:36.311] [INFO   ] thread Thread-3 starting.
[19:52:36.310] [INFO   ] thread Thread-2 starting.
[19:52:36.313] [INFO   ] thread computer-0 starting.
[19:52:36.314] [INFO   ] thread computer-1 starting.
[19:52:36.313] [INFO   ] thread computer-2 starting.
[19:52:36.418] [SEVERE ] placing card 19 in slot 0
[19:52:36.519] [SEVERE ] placing card 3 in slot 1
[19:52:36.628] [SEVERE ] placing card 47 in slot 2
[19:52:36.729] [SEVERE ] placing card 49 in slot 3
[19:52:36.836] [SEVERE ] placing card 70 in slot 4
[19:52:36.938] [SEVERE ] placing card 75 in slot 5
[19:52:37.039] [SEVERE ] placing card 5 in slot 6
[19:52:37.156] [SEVERE ] placing card 80 in slot 7
[19:52:37.258] [SEVERE ] placing card 39 in slot 8
[19:52:37.359] [SEVERE ] placing card 20 in slot 9
[19:52:37.460] [SEVERE ] placing card 60 in slot 10
[19:52:37.562] [SEVERE ] placing card 6 in slot 11
[19:52:37.573] [SEVERE ] updating countdown to 20000
[19:52:37.574] [SEVERE ] player 1 placing token on slot 9
[19:52:37.573] [SEVERE ] player 2 placing token on slot 11
[19:52:37.573] [SEVERE ] player 3 placing token on slot 11
[19:52:37.621] [SEVERE ] updating countdown to 19953
[19:52:37.623] [SEVERE ] player 2 placing token on slot 7
[19:52:37.623] [SEVERE ] removing player 3 token from slot 11
[19:52:37.623] [SEVERE ] player 1 placing token on slot 4
[19:52:37.648] [SEVERE ] updating countdown to 19925
[19:52:37.673] [SEVERE ] player 1 placing token on slot 10
[19:52:37.674] [SEVERE ] player 2 placing token on slot 4
[19:52:37.673] [SEVERE ] player 3 placing token on slot 8
[19:52:37.675] [SEVERE ] updating countdown to 19899
[19:52:37.681] [SEVERE ] setting player 1 freeze to 50
[19:52:37.681] [SEVERE ] setting player 2 freeze to 50
[19:52:37.706] [SEVERE ] updating countdown to 19867
[19:52:37.707] [SEVERE ] setting player 1 freeze to 24
[19:52:37.709] [SEVERE ] setting player 2 freeze to 22
[19:52:37.724] [SEVERE ] player 3 placing token on slot 9
[19:52:37.738] [SEVERE ] setting player 2 freeze to 0
[19:52:37.767] [SEVERE ] updating countdown to 19806
[19:52:37.768] [SEVERE ] setting player 1 freeze to -37
[19:52:37.769] [SEVERE ] setting player 1 freeze to 0
[19:52:37.774] [SEVERE ] removing player 1 token from slot 4
[19:52:37.774] [SEVERE ] player 3 placing token on slot 0
[19:52:37.777] [SEVERE ] updating countdown to 19796
[19:52:37.778] [SEVERE ] setting player 3 freeze to 50
[19:52:37.803] [SEVERE ] updating countdown to 19770
[19:52:37.805] [SEVERE ] setting player 3 freeze to 23
[19:52:37.824] [SEVERE ] removing player 2 token from slot 11
[19:52:37.824] [SEVERE ] player 1 placing token on slot 3
[19:52:37.826] [SEVERE ] updating countdown to 19747
[19:52:37.827] [SEVERE ] setting player 3 freeze to 1
[19:52:37.828] [SEVERE ] setting player 3 freeze to 0
[19:52:37.830] [SEVERE ] setting player 1 freeze to 50
[19:52:37.856] [SEVERE ] updating countdown to 19717
[19:52:37.857] [SEVERE ] setting player 1 freeze to 23
[19:52:37.874] [SEVERE ] removing player 2 token from slot 4
[19:52:37.883] [SEVERE ] updating countdown to 19690
[19:52:37.884] [SEVERE ] setting player 1 freeze to -4
[19:52:37.885] [SEVERE ] setting player 1 freeze to 0
[19:52:37.911] [SEVERE ] updating countdown to 19662
[19:52:37.925] [SEVERE ] player 2 placing token on slot 11
[19:52:37.938] [SEVERE ] updating countdown to 19635
[19:52:37.964] [SEVERE ] updating countdown to 19609
[19:52:37.975] [SEVERE ] player 2 placing token on slot 3
[19:52:37.977] [SEVERE ] updating countdown to 19596
[19:52:37.978] [SEVERE ] setting player 2 freeze to 50
[19:52:38.003] [SEVERE ] updating countdown to 19570
[19:52:38.005] [SEVERE ] setting player 2 freeze to 23
[19:52:38.032] [SEVERE ] updating countdown to 19541
[19:52:38.035] [SEVERE ] setting player 2 freeze to -7
[19:52:38.039] [SEVERE ] setting player 2 freeze to 0
[19:52:38.068] [SEVERE ] updating countdown to 19505
[19:52:38.095] [SEVERE ] updating countdown to 19478
[19:52:38.121] [SEVERE ] updating countdown to 19452
[19:52:38.147] [SEVERE ] updating countdown to 19426
[19:52:38.176] [SEVERE ] removing player 1 token from slot 10
[19:52:38.180] [SEVERE ] updating countdown to 19393
[19:52:38.206] [SEVERE ] updating countdown to 19367
[19:52:38.226] [SEVERE ] removing player 1 token from slot 9
[19:52:38.232] [SEVERE ] updating countdown to 19341
[19:52:38.259] [SEVERE ] updating countdown to 19314
[19:52:38.277] [SEVERE ] player 1 placing token on slot 11
[19:52:38.285] [SEVERE ] updating countdown to 19288
[19:52:38.312] [SEVERE ] updating countdown to 19261
[19:52:38.327] [SEVERE ] removing player 1 token from slot 3
[19:52:38.338] [SEVERE ] updating countdown to 19235
[19:52:38.364] [SEVERE ] updating countdown to 19209
[19:52:38.377] [SEVERE ] player 1 placing token on slot 4
[19:52:38.391] [SEVERE ] updating countdown to 19182
[19:52:38.417] [SEVERE ] updating countdown to 19156
[19:52:38.427] [SEVERE ] removing player 2 token from slot 7
[19:52:38.427] [SEVERE ] player 1 placing token on slot 3
[19:52:38.429] [SEVERE ] updating countdown to 19144
[19:52:38.430] [SEVERE ] setting player 1 freeze to 50
[19:52:38.456] [SEVERE ] updating countdown to 19117
[19:52:38.457] [SEVERE ] setting player 1 freeze to 23
[19:52:38.477] [SEVERE ] removing player 3 token from slot 9
[19:52:38.477] [SEVERE ] player 2 placing token on slot 4
[19:52:38.479] [SEVERE ] updating countdown to 19094
[19:52:38.479] [SEVERE ] setting player 1 freeze to 1
[19:52:38.480] [SEVERE ] setting player 1 freeze to 0
[19:52:38.480] [SEVERE ] setting player 2 freeze to 50
[19:52:38.505] [SEVERE ] updating countdown to 19068
[19:52:38.507] [SEVERE ] setting player 2 freeze to 23
[19:52:38.528] [SEVERE ] removing player 3 token from slot 0
[19:52:38.533] [SEVERE ] updating countdown to 19040
[19:52:38.534] [SEVERE ] setting player 2 freeze to -4
[19:52:38.535] [SEVERE ] setting player 2 freeze to 0
[19:52:38.563] [SEVERE ] updating countdown to 19010
[19:52:38.578] [SEVERE ] removing player 2 token from slot 3
[19:52:38.578] [SEVERE ] player 3 placing token on slot 6
[19:52:38.589] [SEVERE ] updating countdown to 18984
[19:52:38.616] [SEVERE ] updating countdown to 18957
[19:52:38.628] [SEVERE ] player 2 placing token on slot 9
[19:52:38.628] [SEVERE ] player 3 placing token on slot 3
[19:52:38.630] [SEVERE ] updating countdown to 18943
[19:52:38.631] [SEVERE ] setting player 2 freeze to 50
[19:52:38.631] [SEVERE ] setting player 3 freeze to 50
[19:52:38.657] [SEVERE ] updating countdown to 18916
[19:52:38.659] [SEVERE ] setting player 2 freeze to 22
[19:52:38.660] [SEVERE ] setting player 3 freeze to 21
[19:52:38.678] [SEVERE ] removing player 1 token from slot 11
[19:52:38.686] [SEVERE ] updating countdown to 18887
[19:52:38.687] [SEVERE ] setting player 2 freeze to -6
[19:52:38.688] [SEVERE ] setting player 2 freeze to 0
[19:52:38.688] [SEVERE ] setting player 3 freeze to -7
[19:52:38.689] [SEVERE ] setting player 3 freeze to 0
[19:52:38.714] [SEVERE ] updating countdown to 18859
[19:52:38.728] [SEVERE ] player 1 placing token on slot 9
[19:52:38.729] [SEVERE ] updating countdown to 18844
[19:52:38.731] [SEVERE ] setting player 1 freeze to 50
[19:52:38.756] [SEVERE ] updating countdown to 18817
[19:52:38.757] [SEVERE ] setting player 1 freeze to 24
[19:52:38.783] [SEVERE ] updating countdown to 18790
[19:52:38.784] [SEVERE ] setting player 1 freeze to -3
[19:52:38.785] [SEVERE ] setting player 1 freeze to 0
[19:52:38.811] [SEVERE ] updating countdown to 18762
[19:52:38.829] [SEVERE ] removing player 2 token from slot 4
[19:52:38.841] [SEVERE ] updating countdown to 18732
[19:52:38.868] [SEVERE ] updating countdown to 18705
[19:52:38.880] [SEVERE ] player 2 placing token on slot 2
[19:52:38.891] [SEVERE ] updating countdown to 18682
[19:52:38.893] [SEVERE ] setting player 2 freeze to 50
[19:52:38.918] [SEVERE ] updating countdown to 18655
[19:52:38.919] [SEVERE ] setting player 2 freeze to 24
[19:52:38.930] [SEVERE ] removing player 3 token from slot 8
[19:52:38.945] [SEVERE ] updating countdown to 18628
[19:52:38.949] [SEVERE ] setting player 2 freeze to -5
[19:52:38.951] [SEVERE ] setting player 2 freeze to 0
[19:52:38.978] [SEVERE ] updating countdown to 18595
[19:52:38.980] [SEVERE ] removing player 2 token from slot 9
[19:52:38.980] [SEVERE ] player 3 placing token on slot 8
[19:52:38.980] [SEVERE ] updating countdown to 18593
[19:52:38.981] [SEVERE ] setting player 3 freeze to 50
[19:52:39.006] [SEVERE ] updating countdown to 18567
[19:52:39.007] [SEVERE ] setting player 3 freeze to 24
[19:52:39.031] [SEVERE ] player 2 placing token on slot 3
[19:52:39.033] [SEVERE ] updating countdown to 18540
[19:52:39.036] [SEVERE ] setting player 3 freeze to -5
[19:52:39.037] [SEVERE ] setting player 3 freeze to 0
[19:52:39.038] [SEVERE ] setting player 2 freeze to 50
[19:52:39.063] [SEVERE ] updating countdown to 18510
[19:52:39.069] [SEVERE ] setting player 2 freeze to 19
[19:52:39.096] [SEVERE ] updating countdown to 18477
[19:52:39.097] [SEVERE ] setting player 2 freeze to -9
[19:52:39.098] [SEVERE ] setting player 2 freeze to 0
[19:52:39.123] [SEVERE ] updating countdown to 18450
[19:52:39.131] [SEVERE ] removing player 1 token from slot 3
[19:52:39.150] [SEVERE ] updating countdown to 18423
[19:52:39.177] [SEVERE ] updating countdown to 18396
[19:52:39.181] [SEVERE ] removing player 3 token from slot 8
[19:52:39.181] [SEVERE ] removing player 2 token from slot 2
[19:52:39.181] [SEVERE ] player 1 placing token on slot 7
[19:52:39.183] [SEVERE ] updating countdown to 18390
[19:52:39.184] [SEVERE ] setting player 1 freeze to 50
[19:52:39.209] [SEVERE ] updating countdown to 18364
[19:52:39.231] [SEVERE ] player 2 placing token on slot 7
[19:52:39.231] [SEVERE ] player 3 placing token on slot 0
[19:52:39.251] [SEVERE ] setting player 1 freeze to -17
[19:52:39.253] [SEVERE ] setting player 1 freeze to 0
[19:52:39.254] [SEVERE ] setting player 2 freeze to 50
[19:52:39.254] [SEVERE ] setting player 3 freeze to 50
[19:52:39.279] [SEVERE ] updating countdown to 18294
[19:52:39.280] [SEVERE ] setting player 2 freeze to 23
[19:52:39.281] [SEVERE ] setting player 3 freeze to 23
[19:52:39.307] [SEVERE ] updating countdown to 18266
[19:52:39.309] [SEVERE ] setting player 2 freeze to -6
[19:52:39.311] [SEVERE ] setting player 2 freeze to 0
[19:52:39.312] [SEVERE ] setting player 3 freeze to -8
[19:52:39.313] [SEVERE ] setting player 3 freeze to 0
[19:52:39.340] [SEVERE ] updating countdown to 18233
[19:52:39.367] [SEVERE ] updating countdown to 18206
[19:52:39.382] [SEVERE ] removing player 1 token from slot 7
[19:52:39.395] [SEVERE ] updating countdown to 18178
[19:52:39.421] [SEVERE ] updating countdown to 18152
[19:52:39.432] [SEVERE ] player 1 placing token on slot 0
[19:52:39.432] [SEVERE ] updating countdown to 18141
[19:52:39.433] [SEVERE ] setting player 1 freeze to 50
[19:52:39.458] [SEVERE ] updating countdown to 18115
[19:52:39.459] [SEVERE ] setting player 1 freeze to 24
[19:52:39.485] [SEVERE ] updating countdown to 18088
[19:52:39.540] [SEVERE ] setting player 1 freeze to -57
[19:52:39.541] [SEVERE ] setting player 1 freeze to 0
[19:52:39.567] [SEVERE ] updating countdown to 18006
[19:52:39.583] [SEVERE ] removing player 3 token from slot 3
[19:52:39.593] [SEVERE ] updating countdown to 17980
[19:52:39.620] [SEVERE ] updating countdown to 17953
[19:52:39.633] [SEVERE ] removing player 2 token from slot 7
[19:52:39.633] [SEVERE ] removing player 3 token from slot 0
[19:52:39.647] [SEVERE ] updating countdown to 17926
[19:52:39.679] [SEVERE ] updating countdown to 17894
[19:52:39.684] [SEVERE ] player 2 placing token on slot 7
[19:52:39.684] [SEVERE ] removing player 1 token from slot 4
[19:52:39.684] [SEVERE ] player 3 placing token on slot 1
[19:52:39.693] [SEVERE ] updating countdown to 17880
[19:52:39.694] [SEVERE ] setting player 2 freeze to 50
[19:52:39.720] [SEVERE ] updating countdown to 17854
[19:52:39.720] [SEVERE ] setting player 2 freeze to 24
[19:52:39.733] [SEVERE ] player 1 placing token on slot 6
[19:52:39.733] [SEVERE ] player 3 placing token on slot 10
[19:52:39.734] [SEVERE ] updating countdown to 17839
[19:52:39.735] [SEVERE ] setting player 2 freeze to 9
[19:52:39.735] [SEVERE ] setting player 1 freeze to 50
[19:52:39.735] [SEVERE ] setting player 3 freeze to 50
[19:52:39.760] [SEVERE ] updating countdown to 17813
[19:52:39.761] [SEVERE ] setting player 1 freeze to 24
[19:52:39.761] [SEVERE ] setting player 2 freeze to -17
[19:52:39.762] [SEVERE ] setting player 2 freeze to 0
[19:52:39.763] [SEVERE ] setting player 3 freeze to 22
[19:52:39.789] [SEVERE ] updating countdown to 17784
[19:52:39.789] [SEVERE ] setting player 1 freeze to -4
[19:52:39.790] [SEVERE ] setting player 1 freeze to 0
[19:52:39.790] [SEVERE ] setting player 3 freeze to -5
[19:52:39.791] [SEVERE ] setting player 3 freeze to 0
[19:52:39.816] [SEVERE ] updating countdown to 17757
[19:52:39.834] [SEVERE ] removing player 2 token from slot 7
[19:52:39.843] [SEVERE ] updating countdown to 17730
[19:52:39.869] [SEVERE ] updating countdown to 17704
[19:52:39.884] [SEVERE ] player 2 placing token on slot 0
[19:52:39.885] [SEVERE ] updating countdown to 17688
[19:52:39.885] [SEVERE ] setting player 2 freeze to 50
[19:52:39.910] [SEVERE ] updating countdown to 17663
[19:52:39.917] [SEVERE ] setting player 2 freeze to 18
[19:52:39.934] [SEVERE ] removing player 1 token from slot 6
[19:52:39.934] [SEVERE ] removing player 3 token from slot 6
[19:52:39.943] [SEVERE ] updating countdown to 17630
[19:52:39.943] [SEVERE ] setting player 2 freeze to -8
[19:52:39.944] [SEVERE ] setting player 2 freeze to 0
[19:52:39.969] [SEVERE ] updating countdown to 17604
[19:52:39.984] [SEVERE ] player 3 placing token on slot 8
[19:52:39.984] [SEVERE ] player 1 placing token on slot 5
[19:52:39.986] [SEVERE ] updating countdown to 17587
[19:52:39.986] [SEVERE ] setting player 3 freeze to 50
[19:52:39.987] [SEVERE ] updating countdown to 17586
[19:52:39.988] [SEVERE ] setting player 3 freeze to 48
[19:52:39.988] [SEVERE ] setting player 1 freeze to 50
[19:52:40.013] [SEVERE ] updating countdown to 17560
[19:52:40.014] [SEVERE ] setting player 1 freeze to 24
[19:52:40.014] [SEVERE ] setting player 3 freeze to 22
[19:52:40.040] [SEVERE ] updating countdown to 17533
[19:52:40.040] [SEVERE ] setting player 1 freeze to -2
[19:52:40.041] [SEVERE ] setting player 1 freeze to 0
[19:52:40.041] [SEVERE ] setting player 3 freeze to -5
[19:52:40.042] [SEVERE ] setting player 3 freeze to 0
[19:52:40.068] [SEVERE ] updating countdown to 17505
[19:52:40.094] [SEVERE ] updating countdown to 17479
[19:52:40.130] [SEVERE ] updating countdown to 17443
[19:52:40.155] [SEVERE ] updating countdown to 17418
[19:52:40.181] [SEVERE ] updating countdown to 17392
[19:52:40.185] [SEVERE ] removing player 2 token from slot 11
[19:52:40.207] [SEVERE ] updating countdown to 17366
[19:52:40.233] [SEVERE ] updating countdown to 17340
[19:52:40.235] [SEVERE ] removing player 3 token from slot 1
[19:52:40.235] [SEVERE ] player 2 placing token on slot 4
[19:52:40.236] [SEVERE ] updating countdown to 17337
[19:52:40.236] [SEVERE ] setting player 2 freeze to 50
[19:52:40.262] [SEVERE ] updating countdown to 17311
[19:52:40.262] [SEVERE ] setting player 2 freeze to 24
[19:52:40.285] [SEVERE ] player 3 placing token on slot 11
[19:52:40.285] [SEVERE ] removing player 1 token from slot 0
[19:52:40.286] [SEVERE ] updating countdown to 17287
[19:52:40.287] [SEVERE ] setting player 2 freeze to -1
[19:52:40.288] [SEVERE ] setting player 2 freeze to 0
[19:52:40.288] [SEVERE ] setting player 3 freeze to 50
[19:52:40.313] [SEVERE ] updating countdown to 17260
[19:52:40.314] [SEVERE ] setting player 3 freeze to 24
[19:52:40.336] [SEVERE ] removing player 2 token from slot 4
[19:52:40.336] [SEVERE ] player 1 placing token on slot 2
[19:52:40.337] [SEVERE ] updating countdown to 17236
[19:52:40.337] [SEVERE ] setting player 3 freeze to 1
[19:52:40.337] [SEVERE ] setting player 1 freeze to 50
[19:52:40.363] [SEVERE ] updating countdown to 17210
[19:52:40.363] [SEVERE ] setting player 1 freeze to 24
[19:52:40.364] [SEVERE ] setting player 3 freeze to -26
[19:52:40.364] [SEVERE ] setting player 3 freeze to 0
[19:52:40.386] [SEVERE ] player 2 placing token on slot 5
[19:52:40.389] [SEVERE ] updating countdown to 17184
[19:52:40.398] [SEVERE ] setting player 1 freeze to -11
[19:52:40.398] [SEVERE ] setting player 1 freeze to 0
[19:52:40.399] [SEVERE ] setting player 2 freeze to 50
[19:52:40.424] [SEVERE ] updating countdown to 17149
[19:52:40.425] [SEVERE ] setting player 2 freeze to 24
[19:52:40.436] [SEVERE ] removing player 1 token from slot 9
[19:52:40.450] [SEVERE ] updating countdown to 17123
[19:52:40.450] [SEVERE ] setting player 2 freeze to -1
[19:52:40.451] [SEVERE ] setting player 2 freeze to 0
[19:52:40.476] [SEVERE ] updating countdown to 17097
[19:52:40.486] [SEVERE ] player 1 placing token on slot 8
[19:52:40.486] [SEVERE ] removing player 2 token from slot 3
[19:52:40.487] [SEVERE ] updating countdown to 17086
[19:52:40.489] [SEVERE ] setting player 1 freeze to 50
[19:52:40.514] [SEVERE ] updating countdown to 17059
[19:52:40.514] [SEVERE ] setting player 1 freeze to 25
[19:52:40.536] [SEVERE ] player 2 placing token on slot 10
[19:52:40.537] [SEVERE ] updating countdown to 17036
[19:52:40.538] [SEVERE ] setting player 1 freeze to 1
[19:52:40.541] [SEVERE ] setting player 1 freeze to 0
[19:52:40.542] [SEVERE ] setting player 2 freeze to 50
[19:52:40.567] [SEVERE ] updating countdown to 17006
[19:52:40.568] [SEVERE ] setting player 2 freeze to 24
[19:52:40.587] [SEVERE ] removing player 3 token from slot 10
[19:52:40.593] [SEVERE ] updating countdown to 16980
[19:52:40.594] [SEVERE ] setting player 2 freeze to -2
[19:52:40.594] [SEVERE ] setting player 2 freeze to 0
[19:52:40.620] [SEVERE ] updating countdown to 16953
[19:52:40.637] [SEVERE ] player 3 placing token on slot 6
[19:52:40.637] [SEVERE ] updating countdown to 16936
[19:52:40.638] [SEVERE ] setting player 3 freeze to 50
[19:52:40.663] [SEVERE ] updating countdown to 16910
[19:52:40.667] [SEVERE ] setting player 3 freeze to 21
[19:52:40.687] [SEVERE ] removing player 2 token from slot 5
[19:52:40.693] [SEVERE ] updating countdown to 16880
[19:52:40.694] [SEVERE ] setting player 3 freeze to -6
[19:52:40.694] [SEVERE ] setting player 3 freeze to 0
[19:52:40.720] [SEVERE ] updating countdown to 16853
[19:52:40.737] [SEVERE ] player 2 placing token on slot 4
[19:52:40.738] [SEVERE ] updating countdown to 16835
[19:52:40.738] [SEVERE ] setting player 2 freeze to 50
[19:52:40.763] [SEVERE ] updating countdown to 16810
[19:52:40.764] [SEVERE ] setting player 2 freeze to 24
[19:52:40.790] [SEVERE ] updating countdown to 16783
[19:52:40.791] [SEVERE ] setting player 2 freeze to -3
[19:52:40.791] [SEVERE ] setting player 2 freeze to 0
[19:52:40.818] [SEVERE ] updating countdown to 16755
[19:52:40.844] [SEVERE ] updating countdown to 16729
[19:52:40.870] [SEVERE ] updating countdown to 16703
[19:52:40.898] [SEVERE ] updating countdown to 16675
[19:52:40.927] [SEVERE ] updating countdown to 16646
[19:52:40.938] [SEVERE ] removing player 3 token from slot 8
[19:52:40.938] [SEVERE ] removing player 1 token from slot 2
[19:52:40.953] [SEVERE ] updating countdown to 16620
[19:52:40.979] [SEVERE ] updating countdown to 16594
[19:52:40.988] [SEVERE ] player 1 placing token on slot 0
[19:52:40.988] [SEVERE ] removing player 2 token from slot 10
[19:52:40.988] [SEVERE ] player 3 placing token on slot 1
[19:52:40.989] [SEVERE ] updating countdown to 16584
[19:52:40.990] [SEVERE ] setting player 1 freeze to 50
[19:52:40.990] [SEVERE ] setting player 3 freeze to 50
[19:52:41.016] [SEVERE ] updating countdown to 16557
[19:52:41.017] [SEVERE ] setting player 1 freeze to 23
[19:52:41.018] [SEVERE ] setting player 3 freeze to 22
[19:52:41.038] [SEVERE ] player 2 placing token on slot 7
[19:52:41.039] [SEVERE ] updating countdown to 16534
[19:52:41.039] [SEVERE ] setting player 1 freeze to 1
[19:52:41.039] [SEVERE ] setting player 3 freeze to 1
[19:52:41.040] [SEVERE ] setting player 3 freeze to 0
[19:52:41.040] [SEVERE ] setting player 2 freeze to 50
[19:52:41.065] [SEVERE ] updating countdown to 16508
[19:52:41.066] [SEVERE ] setting player 1 freeze to -26
[19:52:41.066] [SEVERE ] setting player 1 freeze to 0
[19:52:41.067] [SEVERE ] setting player 2 freeze to 23
[19:52:41.092] [SEVERE ] updating countdown to 16481
[19:52:41.093] [SEVERE ] setting player 2 freeze to -3
[19:52:41.093] [SEVERE ] setting player 2 freeze to 0
[19:52:41.118] [SEVERE ] updating countdown to 16455
[19:52:41.138] [SEVERE ] removing player 3 token from slot 11
[19:52:41.144] [SEVERE ] updating countdown to 16429
[19:52:41.169] [SEVERE ] updating countdown to 16404
[19:52:41.189] [SEVERE ] player 3 placing token on slot 7
[19:52:41.189] [SEVERE ] removing player 2 token from slot 0
[19:52:41.191] [SEVERE ] updating countdown to 16382
[19:52:41.192] [SEVERE ] setting player 3 freeze to 50
[19:52:41.217] [SEVERE ] updating countdown to 16356
[19:52:41.218] [SEVERE ] setting player 3 freeze to 24
[19:52:41.239] [SEVERE ] player 2 placing token on slot 10
[19:52:41.239] [SEVERE ] updating countdown to 16334
[19:52:41.240] [SEVERE ] setting player 3 freeze to 2
[19:52:41.339] [SEVERE ] removing player 3 token from slot 1
[19:52:41.340] [SEVERE ] removing player 2 token from slot 4
[19:52:41.341] [SEVERE ] removing card from slot 4
[19:52:41.390] [SEVERE ] removing player 3 token from slot 6
[19:52:41.390] [SEVERE ] removing player 1 token from slot 0
[19:52:41.440] [SEVERE ] player 3 placing token on slot 1
[19:52:41.440] [SEVERE ] removing player 1 token from slot 8
[19:52:41.442] [SEVERE ] removing player 2 token from slot 7
[19:52:41.442] [SEVERE ] removing player 3 token from slot 7
[19:52:41.443] [SEVERE ] removing card from slot 7
[19:52:41.490] [SEVERE ] player 3 placing token on slot 6
[19:52:41.490] [SEVERE ] player 1 placing token on slot 8
[19:52:41.541] [SEVERE ] removing player 3 token from slot 1
[19:52:41.541] [SEVERE ] player 1 placing token on slot 6
[19:52:41.543] [SEVERE ] removing player 2 token from slot 10
[19:52:41.544] [SEVERE ] removing card from slot 10
[19:52:41.544] [SEVERE ] updating countdown to 20000
[19:52:41.545] [SEVERE ] setting player 2 score to 1
[19:52:41.546] [SEVERE ] setting player 2 freeze to 50
[19:52:41.591] [SEVERE ] player 3 placing token on slot 1
[19:52:41.641] [SEVERE ] player 2 placing token on slot 11
[19:52:41.641] [SEVERE ] removing player 3 token from slot 1
[19:52:41.645] [SEVERE ] placing card 66 in slot 4
[19:52:41.691] [SEVERE ] player 2 placing token on slot 6
[19:52:41.691] [SEVERE ] player 3 placing token on slot 1
[19:52:41.741] [SEVERE ] player 2 placing token on slot 2
[19:52:41.741] [SEVERE ] removing player 3 token from slot 1
[19:52:41.746] [SEVERE ] placing card 35 in slot 7
[19:52:41.791] [SEVERE ] player 3 placing token on slot 5
[19:52:41.842] [SEVERE ] player 3 placing token on slot 8
[19:52:41.846] [SEVERE ] placing card 41 in slot 10
[19:52:41.873] [SEVERE ] updating countdown to 19671
[19:52:41.874] [SEVERE ] setting player 2 freeze to -280
[19:52:41.874] [SEVERE ] setting player 2 freeze to 0
[19:52:41.875] [SEVERE ] setting player 3 freeze to -633
[19:52:41.875] [SEVERE ] setting player 3 freeze to 0
[19:52:41.876] [SEVERE ] setting player 1 freeze to 50
[19:52:41.876] [SEVERE ] setting player 2 freeze to 50
[19:52:41.876] [SEVERE ] setting player 3 freeze to 50
[19:52:41.901] [SEVERE ] updating countdown to 19643
[19:52:41.913] [SEVERE ] setting player 1 freeze to 13
[19:52:41.914] [SEVERE ] setting player 2 freeze to 12
[19:52:41.914] [SEVERE ] setting player 3 freeze to 12
[19:52:41.940] [SEVERE ] updating countdown to 19605
[19:52:41.940] [SEVERE ] setting player 1 freeze to -14
[19:52:41.941] [SEVERE ] setting player 1 freeze to 0
[19:52:41.941] [SEVERE ] setting player 2 freeze to -15
[19:52:41.941] [SEVERE ] setting player 2 freeze to 0
[19:52:41.942] [SEVERE ] setting player 3 freeze to -16
[19:52:41.942] [SEVERE ] removing player 2 token from slot 11
[19:52:41.941] [SEVERE ] removing player 1 token from slot 5
[19:52:41.942] [SEVERE ] setting player 3 freeze to 0
[19:52:41.942] [SEVERE ] removing player 3 token from slot 5
[19:52:41.968] [SEVERE ] updating countdown to 19576
[19:52:41.992] [SEVERE ] player 1 placing token on slot 10
[19:52:41.993] [SEVERE ] updating countdown to 19551
[19:52:41.992] [SEVERE ] player 3 placing token on slot 11
[19:52:41.992] [SEVERE ] player 2 placing token on slot 3
[19:52:42.006] [SEVERE ] updating countdown to 19538
[19:52:42.006] [SEVERE ] setting player 1 freeze to 50
[19:52:42.008] [SEVERE ] setting player 1 freeze to 48
[19:52:42.008] [SEVERE ] setting player 3 freeze to 50
[19:52:42.009] [SEVERE ] setting player 2 freeze to 50
[19:52:42.034] [SEVERE ] updating countdown to 19510
[19:52:42.034] [SEVERE ] setting player 1 freeze to 22
[19:52:42.034] [SEVERE ] setting player 2 freeze to 24
[19:52:42.035] [SEVERE ] setting player 3 freeze to 23
[19:52:42.060] [SEVERE ] updating countdown to 19484
[19:52:42.063] [SEVERE ] setting player 1 freeze to -7
[19:52:42.066] [SEVERE ] setting player 1 freeze to 0
[19:52:42.068] [SEVERE ] setting player 2 freeze to -10
[19:52:42.068] [SEVERE ] setting player 2 freeze to 0
[19:52:42.068] [SEVERE ] setting player 3 freeze to -10
[19:52:42.069] [SEVERE ] setting player 3 freeze to 0
[19:52:42.092] [SEVERE ] removing player 3 token from slot 6
[19:52:42.094] [SEVERE ] updating countdown to 19450
[19:52:42.120] [SEVERE ] updating countdown to 19424
[19:52:42.142] [SEVERE ] removing player 1 token from slot 10
[19:52:42.142] [SEVERE ] player 3 placing token on slot 3
[19:52:42.143] [SEVERE ] updating countdown to 19401
[19:52:42.143] [SEVERE ] setting player 3 freeze to 50
[19:52:42.169] [SEVERE ] updating countdown to 19375
[19:52:42.169] [SEVERE ] setting player 3 freeze to 24
[19:52:42.193] [SEVERE ] player 1 placing token on slot 4
[19:52:42.194] [SEVERE ] updating countdown to 19350
[19:52:42.195] [SEVERE ] setting player 3 freeze to -2
[19:52:42.211] [SEVERE ] setting player 3 freeze to 0
[19:52:42.212] [SEVERE ] setting player 1 freeze to 50
[19:52:42.238] [SEVERE ] updating countdown to 19306
[19:52:42.238] [SEVERE ] setting player 1 freeze to 24
[19:52:42.264] [SEVERE ] updating countdown to 19280
[19:52:42.265] [SEVERE ] setting player 1 freeze to -3
[19:52:42.266] [SEVERE ] setting player 1 freeze to 0
[19:52:42.312] [SEVERE ] updating countdown to 19232
[19:52:42.338] [SEVERE ] updating countdown to 19206
[19:52:42.343] [SEVERE ] removing player 3 token from slot 8
[19:52:42.343] [SEVERE ] removing player 1 token from slot 6
[19:52:42.364] [SEVERE ] updating countdown to 19180
[19:52:42.391] [SEVERE ] updating countdown to 19153
[19:52:42.393] [SEVERE ] player 3 placing token on slot 6
[19:52:42.393] [SEVERE ] removing player 1 token from slot 8
[19:52:42.393] [SEVERE ] removing player 2 token from slot 6
[19:52:42.393] [SEVERE ] updating countdown to 19151
[19:52:42.394] [SEVERE ] setting player 3 freeze to 50
[19:52:42.419] [SEVERE ] updating countdown to 19125
[19:52:42.422] [SEVERE ] setting player 3 freeze to 22
[19:52:42.443] [SEVERE ] player 2 placing token on slot 7
[19:52:42.443] [SEVERE ] player 1 placing token on slot 8
[19:52:42.444] [SEVERE ] updating countdown to 19100
[19:52:42.444] [SEVERE ] setting player 3 freeze to 0
[19:52:42.445] [SEVERE ] setting player 3 freeze to 0
[19:52:42.445] [SEVERE ] setting player 2 freeze to 50
[19:52:42.470] [SEVERE ] updating countdown to 19074
[19:52:42.471] [SEVERE ] setting player 2 freeze to 24
[19:52:42.493] [SEVERE ] removing player 3 token from slot 6
[19:52:42.493] [SEVERE ] player 1 placing token on slot 6
[19:52:42.494] [SEVERE ] updating countdown to 19050
[19:52:42.494] [SEVERE ] setting player 2 freeze to 1
[19:52:42.494] [SEVERE ] setting player 1 freeze to 50
[19:52:42.520] [SEVERE ] updating countdown to 19024
[19:52:42.520] [SEVERE ] setting player 1 freeze to 24
[19:52:42.520] [SEVERE ] setting player 2 freeze to -25
[19:52:42.521] [SEVERE ] setting player 2 freeze to 0
[19:52:42.543] [SEVERE ] removing player 3 token from slot 11
[19:52:42.546] [SEVERE ] updating countdown to 18998
[19:52:42.546] [SEVERE ] setting player 1 freeze to -2
[19:52:42.547] [SEVERE ] setting player 1 freeze to 0
[19:52:42.572] [SEVERE ] updating countdown to 18972
[19:52:42.594] [SEVERE ] player 3 placing token on slot 4
[19:52:42.600] [SEVERE ] updating countdown to 18944
[19:52:42.626] [SEVERE ] updating countdown to 18918
[19:52:42.644] [SEVERE ] player 3 placing token on slot 1
[19:52:42.644] [SEVERE ] removing player 2 token from slot 3
[19:52:42.644] [SEVERE ] updating countdown to 18900
[19:52:42.645] [SEVERE ] setting player 3 freeze to 50
[19:52:42.670] [SEVERE ] updating countdown to 18874
[19:52:42.674] [SEVERE ] setting player 3 freeze to 21
[19:52:42.694] [SEVERE ] removing player 1 token from slot 4
[19:52:42.694] [SEVERE ] player 2 placing token on slot 9
[19:52:42.695] [SEVERE ] updating countdown to 18849
[19:52:42.695] [SEVERE ] setting player 3 freeze to 0
[19:52:42.696] [SEVERE ] setting player 3 freeze to 0
[19:52:42.696] [SEVERE ] setting player 2 freeze to 50
[19:52:42.721] [SEVERE ] updating countdown to 18823
[19:52:42.729] [SEVERE ] setting player 2 freeze to 18
[19:52:42.744] [SEVERE ] player 1 placing token on slot 7
[19:52:42.744] [SEVERE ] updating countdown to 18800
[19:52:42.745] [SEVERE ] setting player 2 freeze to 1
[19:52:42.745] [SEVERE ] setting player 1 freeze to 50
[19:52:42.770] [SEVERE ] updating countdown to 18774
[19:52:42.770] [SEVERE ] setting player 1 freeze to 25
[19:52:42.771] [SEVERE ] setting player 2 freeze to -25
[19:52:42.771] [SEVERE ] setting player 2 freeze to 0
[19:52:42.797] [SEVERE ] updating countdown to 18747
[19:52:42.798] [SEVERE ] setting player 1 freeze to -3
[19:52:42.798] [SEVERE ] setting player 1 freeze to 0
[19:52:42.824] [SEVERE ] updating countdown to 18720
[19:52:42.844] [SEVERE ] removing player 3 token from slot 4
[19:52:42.849] [SEVERE ] updating countdown to 18695
[19:52:42.875] [SEVERE ] updating countdown to 18669
[19:52:42.894] [SEVERE ] player 3 placing token on slot 10
[19:52:42.894] [SEVERE ] removing player 1 token from slot 7
[19:52:42.894] [SEVERE ] removing player 2 token from slot 9
[19:52:42.895] [SEVERE ] updating countdown to 18649
[19:52:42.896] [SEVERE ] setting player 3 freeze to 50
[19:52:42.921] [SEVERE ] updating countdown to 18623
[19:52:42.922] [SEVERE ] setting player 3 freeze to 24
[19:52:42.944] [SEVERE ] player 1 placing token on slot 4
[19:52:42.944] [SEVERE ] removing player 2 token from slot 2
[19:52:42.945] [SEVERE ] updating countdown to 18599
[19:52:42.945] [SEVERE ] setting player 3 freeze to 1
[19:52:42.946] [SEVERE ] setting player 3 freeze to 0
[19:52:42.946] [SEVERE ] setting player 1 freeze to 50
[19:52:42.971] [SEVERE ] updating countdown to 18573
[19:52:42.972] [SEVERE ] setting player 1 freeze to 24
[19:52:42.995] [SEVERE ] removing player 3 token from slot 1
[19:52:42.997] [SEVERE ] updating countdown to 18547
[19:52:42.995] [SEVERE ] player 2 placing token on slot 6
[19:52:43.008] [SEVERE ] setting player 1 freeze to -12
[19:52:43.009] [SEVERE ] setting player 1 freeze to 0
[19:52:43.034] [SEVERE ] updating countdown to 18510
[19:52:43.045] [SEVERE ] removing player 2 token from slot 7
[19:52:43.045] [SEVERE ] player 3 placing token on slot 8
[19:52:43.046] [SEVERE ] updating countdown to 18498
[19:52:43.047] [SEVERE ] setting player 3 freeze to 50
[19:52:43.072] [SEVERE ] updating countdown to 18472
[19:52:43.073] [SEVERE ] setting player 3 freeze to 24
[19:52:43.095] [SEVERE ] player 2 placing token on slot 7
[19:52:43.099] [SEVERE ] updating countdown to 18445
[19:52:43.100] [SEVERE ] setting player 3 freeze to -2
[19:52:43.100] [SEVERE ] setting player 3 freeze to 0
[19:52:43.125] [SEVERE ] updating countdown to 18419
[19:52:43.145] [SEVERE ] player 2 placing token on slot 5
[19:52:43.146] [SEVERE ] updating countdown to 18398
[19:52:43.146] [SEVERE ] setting player 2 freeze to 50
[19:52:43.171] [SEVERE ] updating countdown to 18373
[19:52:43.172] [SEVERE ] setting player 2 freeze to 24
[19:52:43.196] [SEVERE ] removing player 3 token from slot 3
[19:52:43.197] [SEVERE ] updating countdown to 18347
[19:52:43.197] [SEVERE ] setting player 2 freeze to -1
[19:52:43.198] [SEVERE ] setting player 2 freeze to 0
[19:52:43.223] [SEVERE ] updating countdown to 18321
[19:52:43.246] [SEVERE ] removing player 1 token from slot 8
[19:52:43.246] [SEVERE ] player 3 placing token on slot 1
[19:52:43.247] [SEVERE ] updating countdown to 18297
[19:52:43.247] [SEVERE ] setting player 3 freeze to 50
[19:52:43.272] [SEVERE ] updating countdown to 18272
[19:52:43.276] [SEVERE ] setting player 3 freeze to 21
[19:52:43.296] [SEVERE ] player 1 placing token on slot 2
[19:52:43.296] [SEVERE ] updating countdown to 18248
[19:52:43.297] [SEVERE ] setting player 3 freeze to 0
[19:52:43.297] [SEVERE ] setting player 3 freeze to 0
[19:52:43.298] [SEVERE ] setting player 1 freeze to 50
[19:52:43.323] [SEVERE ] updating countdown to 18221
[19:52:43.323] [SEVERE ] setting player 1 freeze to 24
[19:52:43.346] [SEVERE ] removing player 2 token from slot 6
[19:52:43.349] [SEVERE ] updating countdown to 18195
[19:52:43.350] [SEVERE ] setting player 1 freeze to -3
[19:52:43.350] [SEVERE ] setting player 1 freeze to 0
[19:52:43.376] [SEVERE ] updating countdown to 18168
[19:52:43.396] [SEVERE ] removing player 2 token from slot 7
[19:52:43.396] [SEVERE ] removing player 1 token from slot 2
[19:52:43.402] [SEVERE ] updating countdown to 18142
[19:52:43.428] [SEVERE ] updating countdown to 18116
[19:52:43.446] [SEVERE ] removing player 3 token from slot 1
[19:52:43.446] [SEVERE ] player 2 placing token on slot 1
[19:52:43.446] [SEVERE ] player 1 placing token on slot 10
[19:52:43.448] [SEVERE ] updating countdown to 18096
[19:52:43.451] [SEVERE ] setting player 1 freeze to 50
[19:52:43.476] [SEVERE ] updating countdown to 18068
[19:52:43.476] [SEVERE ] setting player 1 freeze to 24
[19:52:43.497] [SEVERE ] player 3 placing token on slot 9
[19:52:43.497] [SEVERE ] player 2 placing token on slot 0
[19:52:43.498] [SEVERE ] updating countdown to 18046
[19:52:43.499] [SEVERE ] setting player 1 freeze to 1
[19:52:43.499] [SEVERE ] setting player 3 freeze to 50
[19:52:43.499] [SEVERE ] setting player 2 freeze to 50
[19:52:43.524] [SEVERE ] updating countdown to 18020
[19:52:43.525] [SEVERE ] setting player 1 freeze to -25
[19:52:43.526] [SEVERE ] setting player 1 freeze to 0
[19:52:43.526] [SEVERE ] setting player 2 freeze to 23
[19:52:43.527] [SEVERE ] setting player 3 freeze to 22
[19:52:43.547] [SEVERE ] removing player 1 token from slot 10
[19:52:43.552] [SEVERE ] updating countdown to 17992
[19:52:43.553] [SEVERE ] setting player 2 freeze to -4
[19:52:43.554] [SEVERE ] setting player 2 freeze to 0
[19:52:43.554] [SEVERE ] setting player 3 freeze to -5
[19:52:43.554] [SEVERE ] setting player 3 freeze to 0
[19:52:43.580] [SEVERE ] updating countdown to 17964
[19:52:43.597] [SEVERE ] removing player 3 token from slot 9
[19:52:43.597] [SEVERE ] player 1 placing token on slot 3
[19:52:43.598] [SEVERE ] updating countdown to 17946
[19:52:43.647] [SEVERE ] player 3 placing token on slot 5
[19:52:43.698] [SEVERE ] removing player 1 token from slot 3
[19:52:43.699] [SEVERE ] removing card from slot 3
[19:52:43.799] [SEVERE ] removing player 1 token from slot 4
[19:52:43.800] [SEVERE ] removing card from slot 4
[19:52:43.848] [SEVERE ] removing player 2 token from slot 1
[19:52:43.898] [SEVERE ] player 2 placing token on slot 10
[19:52:43.900] [SEVERE ] removing player 1 token from slot 6
[19:52:43.901] [SEVERE ] removing card from slot 6
[19:52:43.901] [SEVERE ] updating countdown to 20000
[19:52:43.902] [SEVERE ] setting player 1 score to 1
[19:52:43.904] [SEVERE ] setting player 1 freeze to 50
[19:52:43.998] [SEVERE ] player 1 placing token on slot 11
[19:52:44.002] [SEVERE ] placing card 29 in slot 3
[19:52:44.048] [SEVERE ] player 1 placing token on slot 2
[19:52:44.099] [SEVERE ] player 1 placing token on slot 10
[19:52:44.103] [SEVERE ] placing card 40 in slot 4
[19:52:44.204] [SEVERE ] placing card 58 in slot 6
[19:52:44.232] [SEVERE ] updating countdown to 19669
[19:52:44.233] [SEVERE ] setting player 1 freeze to -282
[19:52:44.234] [SEVERE ] setting player 1 freeze to 0
[19:52:44.235] [SEVERE ] setting player 3 freeze to 50
[19:52:44.235] [SEVERE ] setting player 1 freeze to 50
[19:52:44.235] [SEVERE ] setting player 2 freeze to 50
[19:52:44.260] [SEVERE ] updating countdown to 19641
[19:52:44.260] [SEVERE ] setting player 1 freeze to 25
[19:52:44.260] [SEVERE ] setting player 2 freeze to 25
[19:52:44.261] [SEVERE ] setting player 3 freeze to 24
[19:52:44.286] [SEVERE ] updating countdown to 19615
[19:52:44.287] [SEVERE ] setting player 1 freeze to -2
[19:52:44.287] [SEVERE ] setting player 1 freeze to 0
[19:52:44.287] [SEVERE ] setting player 2 freeze to -2
[19:52:44.287] [SEVERE ] setting player 2 freeze to 0
[19:52:44.288] [SEVERE ] setting player 3 freeze to -3
[19:52:44.288] [SEVERE ] setting player 3 freeze to 0
[19:52:44.313] [SEVERE ] updating countdown to 19588
[19:52:44.343] [SEVERE ] updating countdown to 19558
[19:52:44.368] [SEVERE ] updating countdown to 19533
[19:52:44.394] [SEVERE ] updating countdown to 19507
[19:52:44.420] [SEVERE ] updating countdown to 19481
[19:52:44.449] [SEVERE ] updating countdown to 19452
[19:52:44.475] [SEVERE ] updating countdown to 19426
[19:52:44.500] [SEVERE ] removing player 1 token from slot 2
[19:52:44.501] [SEVERE ] updating countdown to 19400
[19:52:44.500] [SEVERE ] removing player 2 token from slot 0
[19:52:44.528] [SEVERE ] updating countdown to 19373
[19:52:44.550] [SEVERE ] player 2 placing token on slot 8
[19:52:44.550] [SEVERE ] player 1 placing token on slot 1
[19:52:44.551] [SEVERE ] updating countdown to 19350
[19:52:44.552] [SEVERE ] setting player 2 freeze to 50
[19:52:44.552] [SEVERE ] setting player 1 freeze to 50
[19:52:44.577] [SEVERE ] updating countdown to 19324
[19:52:44.578] [SEVERE ] setting player 1 freeze to 24
[19:52:44.579] [SEVERE ] setting player 2 freeze to 23
[19:52:44.604] [SEVERE ] updating countdown to 19297
[19:52:44.605] [SEVERE ] setting player 1 freeze to -3
[19:52:44.606] [SEVERE ] setting player 1 freeze to 0
[19:52:44.607] [SEVERE ] setting player 2 freeze to -5
[19:52:44.607] [SEVERE ] setting player 2 freeze to 0
[19:52:44.633] [SEVERE ] updating countdown to 19268
[19:52:44.651] [SEVERE ] removing player 2 token from slot 8
[19:52:44.659] [SEVERE ] updating countdown to 19242
[19:52:44.686] [SEVERE ] updating countdown to 19216
[19:52:44.701] [SEVERE ] player 2 placing token on slot 9
[19:52:44.701] [SEVERE ] updating countdown to 19200
[19:52:44.702] [SEVERE ] setting player 2 freeze to 50
[19:52:44.727] [SEVERE ] updating countdown to 19174
[19:52:44.728] [SEVERE ] setting player 2 freeze to 24
[19:52:44.754] [SEVERE ] updating countdown to 19147
[19:52:44.754] [SEVERE ] setting player 2 freeze to -2
[19:52:44.755] [SEVERE ] setting player 2 freeze to 0
[19:52:44.780] [SEVERE ] updating countdown to 19121
[19:52:44.801] [SEVERE ] removing player 1 token from slot 1
[19:52:44.801] [SEVERE ] removing player 2 token from slot 10
[19:52:44.806] [SEVERE ] updating countdown to 19095
[19:52:44.832] [SEVERE ] updating countdown to 19069
[19:52:44.851] [SEVERE ] player 1 placing token on slot 5
[19:52:44.851] [SEVERE ] removing player 2 token from slot 9
[19:52:44.852] [SEVERE ] updating countdown to 19049
[19:52:44.853] [SEVERE ] setting player 1 freeze to 50
[19:52:44.878] [SEVERE ] updating countdown to 19023
[19:52:44.879] [SEVERE ] setting player 1 freeze to 24
[19:52:44.902] [SEVERE ] player 2 placing token on slot 2
[19:52:44.905] [SEVERE ] updating countdown to 18996
[19:52:44.906] [SEVERE ] setting player 1 freeze to -3
[19:52:44.906] [SEVERE ] setting player 1 freeze to 0
[19:52:44.906] [SEVERE ] removing player 3 token from slot 5
[19:52:44.932] [SEVERE ] updating countdown to 18969
[19:52:44.952] [SEVERE ] player 2 placing token on slot 8
[19:52:44.952] [SEVERE ] removing player 1 token from slot 5
[19:52:44.953] [SEVERE ] updating countdown to 18948
[19:52:44.954] [SEVERE ] setting player 2 freeze to 50
[19:52:44.956] [SEVERE ] player 3 placing token on slot 5
[19:52:44.957] [SEVERE ] updating countdown to 18944
[19:52:44.957] [SEVERE ] setting player 2 freeze to 47
[19:52:44.957] [SEVERE ] setting player 3 freeze to 50
[19:52:44.983] [SEVERE ] updating countdown to 18918
[19:52:44.984] [SEVERE ] setting player 2 freeze to 20
[19:52:44.984] [SEVERE ] setting player 3 freeze to 23
[19:52:45.002] [SEVERE ] removing player 1 token from slot 11
[19:52:45.010] [SEVERE ] updating countdown to 18891
[19:52:45.011] [SEVERE ] setting player 2 freeze to -7
[19:52:45.011] [SEVERE ] setting player 2 freeze to 0
[19:52:45.012] [SEVERE ] setting player 3 freeze to -5
[19:52:45.013] [SEVERE ] setting player 3 freeze to 0
[19:52:45.038] [SEVERE ] updating countdown to 18863
[19:52:45.052] [SEVERE ] removing player 2 token from slot 8
[19:52:45.052] [SEVERE ] player 1 placing token on slot 6
[19:52:45.057] [SEVERE ] removing player 3 token from slot 8
[19:52:45.074] [SEVERE ] updating countdown to 18827
[19:52:45.102] [SEVERE ] removing player 2 token from slot 5
[19:52:45.102] [SEVERE ] removing player 1 token from slot 6
[19:52:45.107] [SEVERE ] player 3 placing token on slot 8
[19:52:45.107] [SEVERE ] updating countdown to 18794
[19:52:45.108] [SEVERE ] setting player 3 freeze to 50
[19:52:45.133] [SEVERE ] updating countdown to 18768
[19:52:45.134] [SEVERE ] setting player 3 freeze to 24
[19:52:45.152] [SEVERE ] player 2 placing token on slot 6
[19:52:45.152] [SEVERE ] player 1 placing token on slot 8
[19:52:45.160] [SEVERE ] updating countdown to 18741
[19:52:45.161] [SEVERE ] setting player 3 freeze to -3
[19:52:45.163] [SEVERE ] setting player 3 freeze to 0
[19:52:45.188] [SEVERE ] updating countdown to 18713
[19:52:45.202] [SEVERE ] player 2 placing token on slot 10
[19:52:45.203] [SEVERE ] player 1 placing token on slot 11
[19:52:45.204] [SEVERE ] updating countdown to 18697
[19:52:45.205] [SEVERE ] setting player 1 freeze to 50
[19:52:45.205] [SEVERE ] setting player 2 freeze to 50
[19:52:45.230] [SEVERE ] updating countdown to 18671
[19:52:45.231] [SEVERE ] setting player 1 freeze to 24
[19:52:45.231] [SEVERE ] setting player 2 freeze to 24
[19:52:45.257] [SEVERE ] updating countdown to 18644
[19:52:45.257] [SEVERE ] removing player 3 token from slot 10
[19:52:45.257] [SEVERE ] setting player 1 freeze to -2
[19:52:45.258] [SEVERE ] setting player 1 freeze to 0
[19:52:45.258] [SEVERE ] setting player 2 freeze to -3
[19:52:45.259] [SEVERE ] setting player 2 freeze to 0
[19:52:45.284] [SEVERE ] updating countdown to 18617
[19:52:45.303] [SEVERE ] removing player 1 token from slot 11
[19:52:45.308] [SEVERE ] removing player 3 token from slot 8
[19:52:45.312] [SEVERE ] updating countdown to 18589
[19:52:45.338] [SEVERE ] updating countdown to 18563
[19:52:45.353] [SEVERE ] removing player 2 token from slot 2
[19:52:45.353] [SEVERE ] player 1 placing token on slot 3
[19:52:45.355] [SEVERE ] updating countdown to 18546
[19:52:45.356] [SEVERE ] setting player 1 freeze to 50
[19:52:45.358] [SEVERE ] player 3 placing token on slot 11
[19:52:45.381] [SEVERE ] updating countdown to 18520
[19:52:45.382] [SEVERE ] setting player 1 freeze to 24
[19:52:45.404] [SEVERE ] player 2 placing token on slot 4
[19:52:45.404] [SEVERE ] updating countdown to 18497
[19:52:45.405] [SEVERE ] setting player 1 freeze to 1
[19:52:45.406] [SEVERE ] setting player 1 freeze to 0
[19:52:45.406] [SEVERE ] setting player 2 freeze to 50
[19:52:45.408] [SEVERE ] player 3 placing token on slot 10
[19:52:45.408] [SEVERE ] updating countdown to 18493
[19:52:45.409] [SEVERE ] setting player 2 freeze to 47
[19:52:45.410] [SEVERE ] setting player 3 freeze to 50
[19:52:45.435] [SEVERE ] updating countdown to 18466
[19:52:45.436] [SEVERE ] setting player 2 freeze to 20
[19:52:45.437] [SEVERE ] setting player 3 freeze to 23
[19:52:45.465] [SEVERE ] updating countdown to 18436
[19:52:45.465] [SEVERE ] setting player 2 freeze to -9
[19:52:45.466] [SEVERE ] setting player 2 freeze to 0
[19:52:45.466] [SEVERE ] setting player 3 freeze to -6
[19:52:45.466] [SEVERE ] setting player 3 freeze to 0
[19:52:45.492] [SEVERE ] updating countdown to 18409
[19:52:45.504] [SEVERE ] removing player 2 token from slot 4
[19:52:45.518] [SEVERE ] updating countdown to 18383
[19:52:45.543] [SEVERE ] updating countdown to 18358
[19:52:45.554] [SEVERE ] player 2 placing token on slot 9
[19:52:45.555] [SEVERE ] updating countdown to 18346
[19:52:45.556] [SEVERE ] setting player 2 freeze to 50
[19:52:45.558] [SEVERE ] removing player 3 token from slot 10
[19:52:45.581] [SEVERE ] updating countdown to 18320
[19:52:45.581] [SEVERE ] setting player 2 freeze to 25
[19:52:45.607] [SEVERE ] updating countdown to 18294
[19:52:45.608] [SEVERE ] setting player 2 freeze to -2
[19:52:45.608] [SEVERE ] removing player 3 token from slot 11
[19:52:45.608] [SEVERE ] setting player 2 freeze to 0
[19:52:45.635] [SEVERE ] updating countdown to 18266
[19:52:45.658] [SEVERE ] player 3 placing token on slot 2
[19:52:45.660] [SEVERE ] updating countdown to 18241
[19:52:45.690] [SEVERE ] updating countdown to 18211
[19:52:45.709] [SEVERE ] player 3 placing token on slot 4
[19:52:45.710] [SEVERE ] updating countdown to 18191
[19:52:45.711] [SEVERE ] setting player 3 freeze to 50
[19:52:45.736] [SEVERE ] updating countdown to 18165
[19:52:45.740] [SEVERE ] setting player 3 freeze to 21
[19:52:45.769] [SEVERE ] updating countdown to 18132
[19:52:45.770] [SEVERE ] setting player 3 freeze to -9
[19:52:45.770] [SEVERE ] setting player 3 freeze to 0
[19:52:45.795] [SEVERE ] updating countdown to 18106
[19:52:45.821] [SEVERE ] updating countdown to 18080
[19:52:45.847] [SEVERE ] updating countdown to 18054
[19:52:45.855] [SEVERE ] removing player 1 token from slot 3
[19:52:45.873] [SEVERE ] updating countdown to 18028
[19:52:45.901] [SEVERE ] updating countdown to 18000
[19:52:45.906] [SEVERE ] player 1 placing token on slot 11
[19:52:45.909] [SEVERE ] updating countdown to 17992
[19:52:45.910] [SEVERE ] setting player 1 freeze to 50
[19:52:45.935] [SEVERE ] updating countdown to 17966
[19:52:45.936] [SEVERE ] setting player 1 freeze to 24
[19:52:45.956] [SEVERE ] removing player 2 token from slot 9
[19:52:45.959] [SEVERE ] removing player 3 token from slot 2
[19:52:45.961] [SEVERE ] updating countdown to 17940
[19:52:45.963] [SEVERE ] setting player 1 freeze to -3
[19:52:45.963] [SEVERE ] setting player 1 freeze to 0
[19:52:45.989] [SEVERE ] updating countdown to 17912
[19:52:46.006] [SEVERE ] player 2 placing token on slot 7
[19:52:46.006] [SEVERE ] removing player 1 token from slot 11
[19:52:46.007] [SEVERE ] updating countdown to 17894
[19:52:46.008] [SEVERE ] setting player 2 freeze to 50
[19:52:46.010] [SEVERE ] player 3 placing token on slot 2
[19:52:46.015] [SEVERE ] updating countdown to 17886
[19:52:46.016] [SEVERE ] setting player 2 freeze to 42
[19:52:46.018] [SEVERE ] setting player 3 freeze to 50
[19:52:46.043] [SEVERE ] updating countdown to 17858
[19:52:46.044] [SEVERE ] setting player 2 freeze to 14
[19:52:46.044] [SEVERE ] setting player 3 freeze to 24
[19:52:46.056] [SEVERE ] removing player 1 token from slot 10
[19:52:46.070] [SEVERE ] updating countdown to 17831
[19:52:46.070] [SEVERE ] setting player 2 freeze to -12
[19:52:46.071] [SEVERE ] setting player 2 freeze to 0
[19:52:46.072] [SEVERE ] setting player 3 freeze to -4
[19:52:46.072] [SEVERE ] setting player 3 freeze to 0
[19:52:46.098] [SEVERE ] updating countdown to 17803
[19:52:46.107] [SEVERE ] removing player 1 token from slot 8
[19:52:46.110] [SEVERE ] removing player 3 token from slot 2
[19:52:46.129] [SEVERE ] updating countdown to 17772
[19:52:46.157] [SEVERE ] player 1 placing token on slot 1
[19:52:46.157] [SEVERE ] updating countdown to 17744
[19:52:46.160] [SEVERE ] player 3 placing token on slot 1
[19:52:46.160] [SEVERE ] updating countdown to 17741
[19:52:46.161] [SEVERE ] setting player 3 freeze to 50
[19:52:46.186] [SEVERE ] updating countdown to 17715
[19:52:46.187] [SEVERE ] setting player 3 freeze to 24
[19:52:46.207] [SEVERE ] player 1 placing token on slot 5
[19:52:46.213] [SEVERE ] updating countdown to 17688
[19:52:46.215] [SEVERE ] setting player 3 freeze to -4
[19:52:46.217] [SEVERE ] setting player 3 freeze to 0
[19:52:46.243] [SEVERE ] updating countdown to 17658
[19:52:46.257] [SEVERE ] removing player 1 token from slot 1
[19:52:46.260] [SEVERE ] removing player 3 token from slot 4
[19:52:46.270] [SEVERE ] updating countdown to 17631
[19:52:46.296] [SEVERE ] updating countdown to 17605
[19:52:46.307] [SEVERE ] removing player 2 token from slot 10
[19:52:46.307] [SEVERE ] player 1 placing token on slot 10
[19:52:46.311] [SEVERE ] player 3 placing token on slot 11
[19:52:46.312] [SEVERE ] updating countdown to 17589
[19:52:46.312] [SEVERE ] setting player 3 freeze to 50
[19:52:46.338] [SEVERE ] updating countdown to 17563
[19:52:46.340] [SEVERE ] setting player 3 freeze to 22
[19:52:46.357] [SEVERE ] player 2 placing token on slot 1
[19:52:46.357] [SEVERE ] player 1 placing token on slot 3
[19:52:46.358] [SEVERE ] updating countdown to 17543
[19:52:46.359] [SEVERE ] setting player 3 freeze to 3
[19:52:46.360] [SEVERE ] setting player 2 freeze to 50
[19:52:46.360] [SEVERE ] setting player 1 freeze to 50
[19:52:46.385] [SEVERE ] updating countdown to 17516
[19:52:46.387] [SEVERE ] setting player 1 freeze to 23
[19:52:46.387] [SEVERE ] setting player 2 freeze to 23
[19:52:46.388] [SEVERE ] setting player 3 freeze to -26
[19:52:46.388] [SEVERE ] setting player 3 freeze to 0
[19:52:46.414] [SEVERE ] updating countdown to 17487
[19:52:46.414] [SEVERE ] setting player 1 freeze to -4
[19:52:46.415] [SEVERE ] setting player 1 freeze to 0
[19:52:46.415] [SEVERE ] setting player 2 freeze to -5
[19:52:46.416] [SEVERE ] setting player 2 freeze to 0
[19:52:46.441] [SEVERE ] updating countdown to 17460
[19:52:46.458] [SEVERE ] removing player 2 token from slot 7
[19:52:46.467] [SEVERE ] updating countdown to 17434
[19:52:46.499] [SEVERE ] updating countdown to 17402
[19:52:46.511] [SEVERE ] removing player 3 token from slot 1
[19:52:46.508] [SEVERE ] removing player 2 token from slot 6
[19:52:46.545] [SEVERE ] updating countdown to 17356
[19:52:46.558] [SEVERE ] player 2 placing token on slot 5
[19:52:46.561] [SEVERE ] removing player 3 token from slot 11
[19:52:46.571] [SEVERE ] updating countdown to 17330
[19:52:46.597] [SEVERE ] updating countdown to 17304
[19:52:46.608] [SEVERE ] player 2 placing token on slot 8
[19:52:46.608] [SEVERE ] removing player 1 token from slot 5
[19:52:46.609] [SEVERE ] updating countdown to 17292
[19:52:46.611] [SEVERE ] player 3 placing token on slot 10
[19:52:46.659] [SEVERE ] player 1 placing token on slot 4
[19:52:46.662] [SEVERE ] player 3 placing token on slot 7
[19:52:46.711] [SEVERE ] removing player 2 token from slot 1
[19:52:46.712] [SEVERE ] removing card from slot 1
[19:52:46.813] [SEVERE ] removing player 2 token from slot 5
[19:52:46.814] [SEVERE ] removing player 3 token from slot 5
[19:52:46.815] [SEVERE ] removing card from slot 5
[19:52:46.917] [SEVERE ] removing player 2 token from slot 8
[19:52:46.917] [SEVERE ] removing card from slot 8
[19:52:46.918] [SEVERE ] updating countdown to 20000
[19:52:46.918] [SEVERE ] setting player 2 score to 2
[19:52:46.919] [SEVERE ] setting player 2 freeze to 50
[19:52:47.010] [SEVERE ] player 2 placing token on slot 10
[19:52:47.019] [SEVERE ] placing card 30 in slot 1
[19:52:47.060] [SEVERE ] player 2 placing token on slot 9
[19:52:47.111] [SEVERE ] player 2 placing token on slot 2
[19:52:47.127] [SEVERE ] placing card 51 in slot 5
[19:52:47.237] [SEVERE ] placing card 74 in slot 8
[19:52:47.263] [SEVERE ] updating countdown to 19655
[19:52:47.265] [SEVERE ] setting player 2 freeze to -297
[19:52:47.266] [SEVERE ] setting player 2 freeze to 0
[19:52:47.266] [SEVERE ] setting player 1 freeze to 50
[19:52:47.266] [SEVERE ] setting player 2 freeze to 50
[19:52:47.266] [SEVERE ] setting player 3 score to 1
[19:52:47.268] [SEVERE ] setting player 3 freeze to 50
[19:52:47.292] [SEVERE ] updating countdown to 19626
[19:52:47.292] [SEVERE ] setting player 1 freeze to 24
[19:52:47.292] [SEVERE ] setting player 2 freeze to 24
[19:52:47.318] [SEVERE ] updating countdown to 19600
[19:52:47.318] [SEVERE ] setting player 1 freeze to -2
[19:52:47.319] [SEVERE ] setting player 1 freeze to 0
[19:52:47.320] [SEVERE ] setting player 2 freeze to -4
[19:52:47.320] [SEVERE ] setting player 2 freeze to 0
[19:52:47.346] [SEVERE ] updating countdown to 19572
[19:52:47.364] [SEVERE ] player 3 placing token on slot 0
[19:52:47.365] [SEVERE ] updating countdown to 19553
[19:52:47.365] [SEVERE ] setting player 3 freeze to 50
[19:52:47.391] [SEVERE ] updating countdown to 19527
[19:52:47.391] [SEVERE ] setting player 3 freeze to 24
[19:52:47.417] [SEVERE ] updating countdown to 19501
[19:52:47.418] [SEVERE ] setting player 3 freeze to -3
[19:52:47.418] [SEVERE ] setting player 3 freeze to 0
[19:52:47.444] [SEVERE ] updating countdown to 19474
[19:52:47.462] [SEVERE ] removing player 2 token from slot 9
[19:52:47.469] [SEVERE ] updating countdown to 19449
[19:52:47.497] [SEVERE ] updating countdown to 19421
[19:52:47.512] [SEVERE ] player 2 placing token on slot 4
[19:52:47.523] [SEVERE ] updating countdown to 19395
[19:52:47.536] [SEVERE ] setting player 2 freeze to 50
[19:52:47.561] [SEVERE ] updating countdown to 19357
[19:52:47.562] [SEVERE ] setting player 2 freeze to 24
[19:52:47.563] [SEVERE ] removing player 1 token from slot 4
[19:52:47.588] [SEVERE ] updating countdown to 19330
[19:52:47.588] [SEVERE ] setting player 2 freeze to -2
[19:52:47.588] [SEVERE ] setting player 2 freeze to 0
[19:52:47.612] [SEVERE ] removing player 2 token from slot 10
[19:52:47.613] [SEVERE ] player 1 placing token on slot 7
[19:52:47.614] [SEVERE ] updating countdown to 19304
[19:52:47.615] [SEVERE ] setting player 1 freeze to 50
[19:52:47.640] [SEVERE ] updating countdown to 19278
[19:52:47.641] [SEVERE ] setting player 1 freeze to 23
[19:52:47.663] [SEVERE ] player 2 placing token on slot 10
[19:52:47.665] [SEVERE ] updating countdown to 19253
[19:52:47.665] [SEVERE ] setting player 1 freeze to -1
[19:52:47.666] [SEVERE ] setting player 1 freeze to 0
[19:52:47.666] [SEVERE ] setting player 2 freeze to 50
[19:52:47.691] [SEVERE ] updating countdown to 19227
[19:52:47.692] [SEVERE ] setting player 2 freeze to 24
[19:52:47.717] [SEVERE ] updating countdown to 19201
[19:52:47.722] [SEVERE ] setting player 2 freeze to -6
[19:52:47.727] [SEVERE ] setting player 2 freeze to 0
[19:52:47.757] [SEVERE ] updating countdown to 19161
[19:52:47.783] [SEVERE ] updating countdown to 19135
[19:52:47.808] [SEVERE ] updating countdown to 19110
[19:52:47.834] [SEVERE ] updating countdown to 19084
[19:52:47.864] [SEVERE ] removing player 1 token from slot 7
[19:52:47.883] [SEVERE ] updating countdown to 19035
[19:52:47.914] [SEVERE ] removing player 1 token from slot 3
[19:52:47.937] [SEVERE ] updating countdown to 18981
[19:52:47.962] [SEVERE ] updating countdown to 18956
[19:52:47.964] [SEVERE ] player 1 placing token on slot 7
[19:52:47.988] [SEVERE ] updating countdown to 18930
[19:52:48.014] [SEVERE ] updating countdown to 18904
[19:52:48.014] [SEVERE ] player 1 placing token on slot 4
[19:52:48.015] [SEVERE ] updating countdown to 18903
[19:52:48.016] [SEVERE ] setting player 1 freeze to 50
[19:52:48.041] [SEVERE ] updating countdown to 18877
[19:52:48.041] [SEVERE ] setting player 1 freeze to 25
[19:52:48.067] [SEVERE ] updating countdown to 18851
[19:52:48.068] [SEVERE ] setting player 1 freeze to -2
[19:52:48.068] [SEVERE ] setting player 1 freeze to 0
[19:52:48.094] [SEVERE ] updating countdown to 18824
[19:52:48.120] [SEVERE ] updating countdown to 18798
[19:52:48.149] [SEVERE ] updating countdown to 18769
[19:52:48.175] [SEVERE ] updating countdown to 18743
[19:52:48.201] [SEVERE ] updating countdown to 18717
[19:52:48.226] [SEVERE ] updating countdown to 18692
[19:52:48.253] [SEVERE ] updating countdown to 18666
[19:52:48.279] [SEVERE ] updating countdown to 18639
[19:52:48.305] [SEVERE ] updating countdown to 18613
[19:52:48.315] [SEVERE ] removing player 1 token from slot 10
[19:52:48.330] [SEVERE ] updating countdown to 18588
[19:52:48.356] [SEVERE ] updating countdown to 18562
[19:52:48.366] [SEVERE ] removing player 1 token from slot 4
[19:52:48.383] [SEVERE ] updating countdown to 18535
[19:52:48.409] [SEVERE ] updating countdown to 18509
[19:52:48.416] [SEVERE ] player 1 placing token on slot 10
[19:52:48.435] [SEVERE ] updating countdown to 18483
[19:52:48.461] [SEVERE ] updating countdown to 18457
[19:52:48.466] [SEVERE ] player 1 placing token on slot 6
[19:52:48.467] [SEVERE ] updating countdown to 18451
[19:52:48.468] [SEVERE ] setting player 1 freeze to 50
[19:52:48.493] [SEVERE ] updating countdown to 18425
[19:52:48.512] [SEVERE ] setting player 1 freeze to 6
[19:52:48.542] [SEVERE ] setting player 1 freeze to 0
[19:52:48.568] [SEVERE ] updating countdown to 18350
[19:52:48.594] [SEVERE ] updating countdown to 18324
[19:52:48.617] [SEVERE ] removing player 1 token from slot 7
[19:52:48.620] [SEVERE ] updating countdown to 18298
[19:52:48.646] [SEVERE ] updating countdown to 18272
[19:52:48.667] [SEVERE ] player 1 placing token on slot 11
[19:52:48.667] [SEVERE ] removing player 2 token from slot 4
[19:52:48.667] [SEVERE ] updating countdown to 18251
[19:52:48.668] [SEVERE ] setting player 1 freeze to 50
[19:52:48.693] [SEVERE ] updating countdown to 18225
[19:52:48.694] [SEVERE ] setting player 1 freeze to 24
[19:52:48.717] [SEVERE ] player 2 placing token on slot 1
[19:52:48.721] [SEVERE ] updating countdown to 18197
[19:52:48.728] [SEVERE ] setting player 1 freeze to -10
[19:52:48.730] [SEVERE ] setting player 1 freeze to 0
[19:52:48.732] [SEVERE ] setting player 2 freeze to 50
[19:52:48.757] [SEVERE ] updating countdown to 18161
[19:52:48.786] [SEVERE ] setting player 2 freeze to -4
[19:52:48.787] [SEVERE ] setting player 2 freeze to 0
[19:52:48.813] [SEVERE ] updating countdown to 18105
[19:52:48.817] [SEVERE ] removing player 2 token from slot 1
[19:52:48.839] [SEVERE ] updating countdown to 18079
[19:52:48.865] [SEVERE ] updating countdown to 18053
[19:52:48.867] [SEVERE ] player 2 placing token on slot 4
[19:52:48.868] [SEVERE ] updating countdown to 18050
[19:52:48.869] [SEVERE ] setting player 2 freeze to 50
[19:52:48.894] [SEVERE ] updating countdown to 18024
[19:52:48.898] [SEVERE ] setting player 2 freeze to 21
[19:52:48.927] [SEVERE ] updating countdown to 17991
[19:52:48.932] [SEVERE ] setting player 2 freeze to -13
[19:52:48.934] [SEVERE ] setting player 2 freeze to 0
[19:52:48.960] [SEVERE ] updating countdown to 17958
[19:52:48.968] [SEVERE ] removing player 2 token from slot 10
[19:52:48.987] [SEVERE ] updating countdown to 17931
[19:52:49.012] [SEVERE ] updating countdown to 17906
[19:52:49.018] [SEVERE ] player 2 placing token on slot 8
[19:52:49.018] [SEVERE ] removing player 1 token from slot 11
[19:52:49.020] [SEVERE ] updating countdown to 17898
[19:52:49.020] [SEVERE ] setting player 2 freeze to 50
[19:52:49.046] [SEVERE ] updating countdown to 17872
[19:52:49.047] [SEVERE ] setting player 2 freeze to 23
[19:52:49.068] [SEVERE ] player 1 placing token on slot 5
[19:52:49.069] [SEVERE ] updating countdown to 17849
[19:52:49.069] [SEVERE ] removing player 3 token from slot 7
[19:52:49.069] [SEVERE ] setting player 2 freeze to 1
[19:52:49.070] [SEVERE ] setting player 2 freeze to 0
[19:52:49.071] [SEVERE ] setting player 1 freeze to 50
[19:52:49.096] [SEVERE ] updating countdown to 17822
[19:52:49.096] [SEVERE ] setting player 1 freeze to 25
[19:52:49.119] [SEVERE ] player 3 placing token on slot 3
[19:52:49.120] [SEVERE ] updating countdown to 17798
[19:52:49.120] [SEVERE ] setting player 1 freeze to 1
[19:52:49.120] [SEVERE ] setting player 3 freeze to 50
[19:52:49.146] [SEVERE ] updating countdown to 17772
[19:52:49.146] [SEVERE ] setting player 1 freeze to -25
[19:52:49.147] [SEVERE ] setting player 1 freeze to 0
[19:52:49.148] [SEVERE ] setting player 3 freeze to 22
[19:52:49.173] [SEVERE ] updating countdown to 17745
[19:52:49.176] [SEVERE ] setting player 3 freeze to -6
[19:52:49.182] [SEVERE ] setting player 3 freeze to 0
[19:52:49.209] [SEVERE ] updating countdown to 17709
[19:52:49.219] [SEVERE ] removing player 1 token from slot 5
[19:52:49.239] [SEVERE ] updating countdown to 17680
[19:52:49.264] [SEVERE ] updating countdown to 17654
[19:52:49.269] [SEVERE ] player 1 placing token on slot 0
[19:52:49.270] [SEVERE ] removing player 3 token from slot 3
[19:52:49.270] [SEVERE ] updating countdown to 17648
[19:52:49.271] [SEVERE ] setting player 1 freeze to 50
[19:52:49.296] [SEVERE ] updating countdown to 17622
[19:52:49.299] [SEVERE ] setting player 1 freeze to 22
[19:52:49.320] [SEVERE ] removing player 2 token from slot 8
[19:52:49.320] [SEVERE ] player 3 placing token on slot 11
[19:52:49.323] [SEVERE ] updating countdown to 17595
[19:52:49.324] [SEVERE ] setting player 1 freeze to -3
[19:52:49.325] [SEVERE ] setting player 1 freeze to 0
[19:52:49.326] [SEVERE ] setting player 3 freeze to 50
[19:52:49.351] [SEVERE ] updating countdown to 17567
[19:52:49.353] [SEVERE ] setting player 3 freeze to 23
[19:52:49.370] [SEVERE ] player 2 placing token on slot 9
[19:52:49.370] [SEVERE ] updating countdown to 17548
[19:52:49.371] [SEVERE ] setting player 3 freeze to 5
[19:52:49.371] [SEVERE ] setting player 2 freeze to 50
[19:52:49.396] [SEVERE ] updating countdown to 17522
[19:52:49.397] [SEVERE ] setting player 2 freeze to 24
[19:52:49.397] [SEVERE ] setting player 3 freeze to -21
[19:52:49.398] [SEVERE ] setting player 3 freeze to 0
[19:52:49.420] [SEVERE ] removing player 1 token from slot 6
[19:52:49.423] [SEVERE ] updating countdown to 17495
[19:52:49.421] [SEVERE ] removing player 3 token from slot 11
[19:52:49.426] [SEVERE ] setting player 2 freeze to -5
[19:52:49.427] [SEVERE ] setting player 2 freeze to 0
[19:52:49.453] [SEVERE ] updating countdown to 17465
[19:52:49.470] [SEVERE ] player 1 placing token on slot 4
[19:52:49.479] [SEVERE ] updating countdown to 17439
[19:52:49.471] [SEVERE ] player 3 placing token on slot 11
[19:52:49.526] [SEVERE ] setting player 1 freeze to 50
[19:52:49.526] [SEVERE ] updating countdown to 17392
[19:52:49.527] [SEVERE ] setting player 1 freeze to 49
[19:52:49.527] [SEVERE ] setting player 3 freeze to 50
[19:52:49.553] [SEVERE ] updating countdown to 17365
[19:52:49.554] [SEVERE ] setting player 1 freeze to 22
[19:52:49.554] [SEVERE ] setting player 3 freeze to 23
[19:52:49.571] [SEVERE ] removing player 2 token from slot 2
[19:52:49.580] [SEVERE ] updating countdown to 17338
[19:52:49.581] [SEVERE ] setting player 1 freeze to -5
[19:52:49.582] [SEVERE ] setting player 1 freeze to 0
[19:52:49.583] [SEVERE ] setting player 3 freeze to -6
[19:52:49.584] [SEVERE ] setting player 3 freeze to 0
[19:52:49.609] [SEVERE ] updating countdown to 17309
[19:52:49.621] [SEVERE ] player 2 placing token on slot 11
[19:52:49.621] [SEVERE ] removing player 1 token from slot 4
[19:52:49.622] [SEVERE ] updating countdown to 17296
[19:52:49.622] [SEVERE ] setting player 2 freeze to 50
[19:52:49.648] [SEVERE ] updating countdown to 17270
[19:52:49.671] [SEVERE ] player 1 placing token on slot 9
[19:52:49.684] [SEVERE ] setting player 2 freeze to -12
[19:52:49.685] [SEVERE ] setting player 2 freeze to 0
[19:52:49.686] [SEVERE ] setting player 1 freeze to 50
[19:52:49.711] [SEVERE ] updating countdown to 17207
[19:52:49.713] [SEVERE ] setting player 1 freeze to 23
[19:52:49.722] [SEVERE ] removing player 3 token from slot 10
[19:52:49.739] [SEVERE ] updating countdown to 17179
[19:52:49.739] [SEVERE ] setting player 1 freeze to -3
[19:52:49.740] [SEVERE ] setting player 1 freeze to 0
[19:52:49.765] [SEVERE ] updating countdown to 17153
[19:52:49.771] [SEVERE ] removing player 2 token from slot 11
[19:52:49.772] [SEVERE ] removing player 3 token from slot 0
[19:52:49.792] [SEVERE ] updating countdown to 17126
[19:52:49.818] [SEVERE ] updating countdown to 17100
[19:52:49.822] [SEVERE ] player 2 placing token on slot 8
[19:52:49.822] [SEVERE ] removing player 1 token from slot 10
[19:52:49.822] [SEVERE ] player 3 placing token on slot 10
[19:52:49.823] [SEVERE ] updating countdown to 17095
[19:52:49.824] [SEVERE ] setting player 2 freeze to 50
[19:52:49.849] [SEVERE ] updating countdown to 17069
[19:52:49.850] [SEVERE ] setting player 2 freeze to 24
[19:52:49.872] [SEVERE ] removing player 3 token from slot 10
[19:52:49.872] [SEVERE ] player 1 placing token on slot 1
[19:52:49.873] [SEVERE ] updating countdown to 17045
[19:52:49.874] [SEVERE ] setting player 2 freeze to 0
[19:52:49.875] [SEVERE ] setting player 2 freeze to 0
[19:52:49.876] [SEVERE ] setting player 1 freeze to 50
[19:52:49.901] [SEVERE ] updating countdown to 17017
[19:52:49.903] [SEVERE ] setting player 1 freeze to 22
[19:52:49.922] [SEVERE ] player 3 placing token on slot 7
[19:52:49.930] [SEVERE ] updating countdown to 16988
[19:52:49.969] [SEVERE ] setting player 1 freeze to -44
[19:52:49.969] [SEVERE ] setting player 1 freeze to 0
[19:52:49.972] [SEVERE ] player 3 placing token on slot 2
[19:52:49.973] [SEVERE ] updating countdown to 16945
[19:52:49.973] [SEVERE ] setting player 3 freeze to 50
[19:52:49.998] [SEVERE ] updating countdown to 16920
[19:52:49.999] [SEVERE ] setting player 3 freeze to 24
[19:52:50.024] [SEVERE ] updating countdown to 16894
[19:52:50.025] [SEVERE ] setting player 3 freeze to -2
[19:52:50.025] [SEVERE ] setting player 3 freeze to 0
[19:52:50.050] [SEVERE ] updating countdown to 16868
[19:52:50.078] [SEVERE ] updating countdown to 16840
[19:52:50.104] [SEVERE ] updating countdown to 16814
[19:52:50.147] [SEVERE ] updating countdown to 16771
[19:52:50.173] [SEVERE ] updating countdown to 16745
[19:52:50.173] [SEVERE ] removing player 3 token from slot 11
[19:52:50.173] [SEVERE ] removing player 1 token from slot 9
[19:52:50.204] [SEVERE ] updating countdown to 16714
[19:52:50.223] [SEVERE ] removing player 1 token from slot 0
[19:52:50.223] [SEVERE ] player 3 placing token on slot 5
[19:52:50.225] [SEVERE ] updating countdown to 16693
[19:52:50.225] [SEVERE ] setting player 3 freeze to 50
[19:52:50.251] [SEVERE ] updating countdown to 16667
[19:52:50.253] [SEVERE ] setting player 3 freeze to 22
[19:52:50.273] [SEVERE ] player 1 placing token on slot 10
[19:52:50.279] [SEVERE ] updating countdown to 16639
[19:52:50.280] [SEVERE ] setting player 3 freeze to -5
[19:52:50.280] [SEVERE ] setting player 3 freeze to 0
[19:52:50.306] [SEVERE ] updating countdown to 16612
[19:52:50.324] [SEVERE ] player 1 placing token on slot 7
[19:52:50.324] [SEVERE ] updating countdown to 16594
[19:52:50.326] [SEVERE ] setting player 1 freeze to 50
[19:52:50.352] [SEVERE ] updating countdown to 16566
[19:52:50.354] [SEVERE ] setting player 1 freeze to 22
[19:52:50.374] [SEVERE ] removing player 3 token from slot 7
[19:52:50.380] [SEVERE ] updating countdown to 16538
[19:52:50.381] [SEVERE ] setting player 1 freeze to -5
[19:52:50.381] [SEVERE ] setting player 1 freeze to 0
[19:52:50.407] [SEVERE ] updating countdown to 16511
[19:52:50.424] [SEVERE ] player 3 placing token on slot 11
[19:52:50.425] [SEVERE ] updating countdown to 16493
[19:52:50.425] [SEVERE ] setting player 3 freeze to 50
[19:52:50.450] [SEVERE ] updating countdown to 16468
[19:52:50.450] [SEVERE ] setting player 3 freeze to 25
[19:52:50.476] [SEVERE ] updating countdown to 16442
[19:52:50.542] [SEVERE ] setting player 3 freeze to -67
[19:52:50.543] [SEVERE ] setting player 3 freeze to 0
[19:52:50.569] [SEVERE ] updating countdown to 16349
[19:52:50.575] [SEVERE ] removing player 2 token from slot 9
[19:52:50.595] [SEVERE ] updating countdown to 16323
[19:52:50.621] [SEVERE ] updating countdown to 16297
[19:52:50.625] [SEVERE ] removing player 1 token from slot 1
[19:52:50.625] [SEVERE ] player 2 placing token on slot 7
[19:52:50.637] [SEVERE ] updating countdown to 16281
[19:52:50.638] [SEVERE ] setting player 2 freeze to 50
[19:52:50.663] [SEVERE ] updating countdown to 16255
[19:52:50.664] [SEVERE ] setting player 2 freeze to 24
[19:52:50.675] [SEVERE ] player 1 placing token on slot 9
[19:52:50.690] [SEVERE ] updating countdown to 16228
[19:52:50.704] [SEVERE ] setting player 2 freeze to -16
[19:52:50.705] [SEVERE ] setting player 2 freeze to 0
[19:52:50.705] [SEVERE ] setting player 1 freeze to 50
[19:52:50.731] [SEVERE ] updating countdown to 16187
[19:52:50.732] [SEVERE ] setting player 1 freeze to 23
[19:52:50.758] [SEVERE ] updating countdown to 16160
[19:52:50.758] [SEVERE ] setting player 1 freeze to -3
[19:52:50.759] [SEVERE ] setting player 1 freeze to 0
[19:52:50.785] [SEVERE ] updating countdown to 16133
[19:52:50.812] [SEVERE ] updating countdown to 16106
[19:52:50.838] [SEVERE ] updating countdown to 16080
[19:52:50.876] [SEVERE ] removing player 2 token from slot 8
[19:52:50.892] [SEVERE ] updating countdown to 16026
[19:52:50.918] [SEVERE ] updating countdown to 16000
[19:52:50.926] [SEVERE ] removing player 1 token from slot 9
[19:52:50.926] [SEVERE ] player 2 placing token on slot 10
[19:52:50.935] [SEVERE ] updating countdown to 15983
[19:52:50.938] [SEVERE ] setting player 2 freeze to 50
[19:52:50.963] [SEVERE ] updating countdown to 15955
[19:52:50.968] [SEVERE ] setting player 2 freeze to 20
[19:52:50.977] [SEVERE ] player 1 placing token on slot 6
[19:52:50.978] [SEVERE ] updating countdown to 15940
[19:52:50.978] [SEVERE ] setting player 2 freeze to 10
[19:52:50.979] [SEVERE ] setting player 1 freeze to 50
[19:52:51.004] [SEVERE ] updating countdown to 15914
[19:52:51.005] [SEVERE ] setting player 1 freeze to 24
[19:52:51.005] [SEVERE ] setting player 2 freeze to -17
[19:52:51.006] [SEVERE ] setting player 2 freeze to 0
[19:52:51.027] [SEVERE ] removing player 2 token from slot 7
[19:52:51.032] [SEVERE ] updating countdown to 15886
[19:52:51.033] [SEVERE ] setting player 1 freeze to -4
[19:52:51.034] [SEVERE ] setting player 1 freeze to 0
[19:52:51.060] [SEVERE ] updating countdown to 15858
[19:52:51.077] [SEVERE ] player 2 placing token on slot 5
[19:52:51.077] [SEVERE ] removing player 1 token from slot 7
[19:52:51.079] [SEVERE ] updating countdown to 15839
[19:52:51.082] [SEVERE ] setting player 2 freeze to 50
[19:52:51.107] [SEVERE ] updating countdown to 15811
[19:52:51.108] [SEVERE ] setting player 2 freeze to 24
[19:52:51.127] [SEVERE ] player 1 placing token on slot 7
[19:52:51.128] [SEVERE ] updating countdown to 15790
[19:52:51.128] [SEVERE ] setting player 2 freeze to 4
[19:52:51.129] [SEVERE ] setting player 1 freeze to 50
[19:52:51.154] [SEVERE ] updating countdown to 15764
[19:52:51.155] [SEVERE ] setting player 1 freeze to 24
[19:52:51.155] [SEVERE ] setting player 2 freeze to -23
[19:52:51.156] [SEVERE ] setting player 2 freeze to 0
[19:52:51.177] [SEVERE ] removing player 2 token from slot 4
[19:52:51.181] [SEVERE ] updating countdown to 15737
[19:52:51.182] [SEVERE ] setting player 1 freeze to -3
[19:52:51.182] [SEVERE ] setting player 1 freeze to 0
[19:52:51.208] [SEVERE ] updating countdown to 15710
[19:52:51.228] [SEVERE ] removing player 1 token from slot 6
[19:52:51.228] [SEVERE ] removing player 3 token from slot 5
[19:52:51.228] [SEVERE ] removing player 2 token from slot 5
[19:52:51.234] [SEVERE ] updating countdown to 15684
[19:52:51.260] [SEVERE ] updating countdown to 15658
[19:52:51.278] [SEVERE ] player 1 placing token on slot 5
[19:52:51.278] [SEVERE ] player 3 placing token on slot 6
[19:52:51.278] [SEVERE ] player 2 placing token on slot 11
[19:52:51.278] [SEVERE ] updating countdown to 15640
[19:52:51.281] [SEVERE ] setting player 3 freeze to 50
[19:52:51.281] [SEVERE ] setting player 1 freeze to 50
[19:52:51.306] [SEVERE ] updating countdown to 15612
[19:52:51.307] [SEVERE ] setting player 1 freeze to 24
[19:52:51.308] [SEVERE ] setting player 3 freeze to 23
[19:52:51.328] [SEVERE ] player 2 placing token on slot 3
[19:52:51.333] [SEVERE ] updating countdown to 15585
[19:52:51.336] [SEVERE ] setting player 1 freeze to -5
[19:52:51.337] [SEVERE ] setting player 1 freeze to 0
[19:52:51.337] [SEVERE ] setting player 3 freeze to -6
[19:52:51.338] [SEVERE ] setting player 3 freeze to 0
[19:52:51.338] [SEVERE ] setting player 2 freeze to 50
[19:52:51.363] [SEVERE ] updating countdown to 15555
[19:52:51.364] [SEVERE ] setting player 2 freeze to 24
[19:52:51.378] [SEVERE ] removing player 3 token from slot 2
[19:52:51.389] [SEVERE ] updating countdown to 15529
[19:52:51.390] [SEVERE ] setting player 2 freeze to -2
[19:52:51.390] [SEVERE ] setting player 2 freeze to 0
[19:52:51.416] [SEVERE ] updating countdown to 15502
[19:52:51.428] [SEVERE ] player 3 placing token on slot 3
[19:52:51.431] [SEVERE ] updating countdown to 15487
[19:52:51.479] [SEVERE ] removing player 2 token from slot 11
[19:52:51.529] [SEVERE ] player 2 placing token on slot 4
[19:52:51.532] [SEVERE ] removing player 2 token from slot 3
[19:52:51.533] [SEVERE ] removing player 3 token from slot 3
[19:52:51.534] [SEVERE ] removing card from slot 3
[19:52:51.635] [SEVERE ] removing player 3 token from slot 6
[19:52:51.636] [SEVERE ] removing card from slot 6
[19:52:51.737] [SEVERE ] removing player 3 token from slot 11
[19:52:51.739] [SEVERE ] removing card from slot 11
[19:52:51.745] [SEVERE ] updating countdown to 20000
[19:52:51.748] [SEVERE ] setting player 3 score to 2
[19:52:51.748] [SEVERE ] setting player 3 freeze to 50
[19:52:51.780] [SEVERE ] removing player 1 token from slot 5
[19:52:51.830] [SEVERE ] player 3 placing token on slot 10
[19:52:51.831] [SEVERE ] removing player 1 token from slot 10
[19:52:51.848] [SEVERE ] placing card 12 in slot 3
[19:52:51.881] [SEVERE ] player 3 placing token on slot 3
[19:52:51.882] [SEVERE ] player 1 placing token on slot 5
[19:52:51.931] [SEVERE ] player 3 placing token on slot 7
[19:52:51.932] [SEVERE ] player 1 placing token on slot 0
[19:52:51.954] [SEVERE ] placing card 67 in slot 6
[19:52:52.055] [SEVERE ] placing card 77 in slot 11
[19:52:52.136] [SEVERE ] updating countdown to 19609
[19:52:52.136] [SEVERE ] setting player 3 freeze to -341
[19:52:52.137] [SEVERE ] setting player 3 freeze to 0
[19:52:52.137] [SEVERE ] setting player 2 score to 3
[19:52:52.137] [SEVERE ] setting player 2 freeze to 50
[19:52:52.137] [SEVERE ] setting player 1 freeze to 50
[19:52:52.137] [SEVERE ] setting player 3 freeze to 50
[19:52:52.162] [SEVERE ] updating countdown to 19583
[19:52:52.162] [SEVERE ] setting player 1 freeze to 25
[19:52:52.163] [SEVERE ] setting player 3 freeze to 24
[19:52:52.188] [SEVERE ] updating countdown to 19557
[19:52:52.188] [SEVERE ] setting player 1 freeze to -1
[19:52:52.189] [SEVERE ] setting player 1 freeze to 0
[19:52:52.189] [SEVERE ] setting player 3 freeze to -2
[19:52:52.189] [SEVERE ] setting player 3 freeze to 0
[19:52:52.215] [SEVERE ] updating countdown to 19530
[19:52:52.233] [SEVERE ] player 2 placing token on slot 2
[19:52:52.241] [SEVERE ] updating countdown to 19504
[19:52:52.270] [SEVERE ] setting player 2 freeze to 50
[19:52:52.283] [SEVERE ] removing player 1 token from slot 5
[19:52:52.295] [SEVERE ] updating countdown to 19450
[19:52:52.296] [SEVERE ] setting player 2 freeze to 24
[19:52:52.321] [SEVERE ] updating countdown to 19424
[19:52:52.322] [SEVERE ] setting player 2 freeze to -2
[19:52:52.323] [SEVERE ] setting player 2 freeze to 0
[19:52:52.333] [SEVERE ] player 1 placing token on slot 8
[19:52:52.335] [SEVERE ] updating countdown to 19410
[19:52:52.336] [SEVERE ] setting player 1 freeze to 50
[19:52:52.361] [SEVERE ] updating countdown to 19384
[19:52:52.361] [SEVERE ] setting player 1 freeze to 24
[19:52:52.383] [SEVERE ] removing player 3 token from slot 10
[19:52:52.387] [SEVERE ] updating countdown to 19358
[19:52:52.391] [SEVERE ] setting player 1 freeze to -6
[19:52:52.392] [SEVERE ] setting player 1 freeze to 0
[19:52:52.417] [SEVERE ] updating countdown to 19328
[19:52:52.434] [SEVERE ] player 3 placing token on slot 9
[19:52:52.434] [SEVERE ] updating countdown to 19311
[19:52:52.435] [SEVERE ] setting player 3 freeze to 50
[19:52:52.460] [SEVERE ] updating countdown to 19285
[19:52:52.461] [SEVERE ] setting player 3 freeze to 24
[19:52:52.484] [SEVERE ] removing player 2 token from slot 2
[19:52:52.487] [SEVERE ] updating countdown to 19258
[19:52:52.484] [SEVERE ] removing player 1 token from slot 7
[19:52:52.512] [SEVERE ] setting player 3 freeze to -27
[19:52:52.513] [SEVERE ] setting player 3 freeze to 0
[19:52:52.534] [SEVERE ] removing player 2 token from slot 10
[19:52:52.534] [SEVERE ] removing player 1 token from slot 8
[19:52:52.539] [SEVERE ] updating countdown to 19206
[19:52:52.565] [SEVERE ] updating countdown to 19180
[19:52:52.585] [SEVERE ] player 1 placing token on slot 5
[19:52:52.585] [SEVERE ] player 2 placing token on slot 10
[19:52:52.585] [SEVERE ] removing player 3 token from slot 9
[19:52:52.591] [SEVERE ] updating countdown to 19154
[19:52:52.618] [SEVERE ] updating countdown to 19127
[19:52:52.635] [SEVERE ] player 3 placing token on slot 6
[19:52:52.635] [SEVERE ] player 1 placing token on slot 7
[19:52:52.635] [SEVERE ] player 2 placing token on slot 11
[19:52:52.638] [SEVERE ] updating countdown to 19107
[19:52:52.639] [SEVERE ] setting player 3 freeze to 50
[19:52:52.639] [SEVERE ] setting player 2 freeze to 50
[19:52:52.639] [SEVERE ] setting player 1 freeze to 50
[19:52:52.664] [SEVERE ] updating countdown to 19081
[19:52:52.665] [SEVERE ] setting player 1 freeze to 24
[19:52:52.666] [SEVERE ] setting player 2 freeze to 23
[19:52:52.666] [SEVERE ] setting player 3 freeze to 23
[19:52:52.691] [SEVERE ] updating countdown to 19054
[19:52:52.692] [SEVERE ] setting player 1 freeze to -3
[19:52:52.692] [SEVERE ] setting player 1 freeze to 0
[19:52:52.693] [SEVERE ] setting player 2 freeze to -4
[19:52:52.693] [SEVERE ] setting player 2 freeze to 0
[19:52:52.694] [SEVERE ] setting player 3 freeze to -5
[19:52:52.694] [SEVERE ] setting player 3 freeze to 0
[19:52:52.720] [SEVERE ] updating countdown to 19025
[19:52:52.747] [SEVERE ] updating countdown to 18998
[19:52:52.773] [SEVERE ] updating countdown to 18972
[19:52:52.785] [SEVERE ] removing player 3 token from slot 7
[19:52:52.799] [SEVERE ] updating countdown to 18946
[19:52:52.825] [SEVERE ] updating countdown to 18920
[19:52:52.835] [SEVERE ] player 3 placing token on slot 0
[19:52:52.836] [SEVERE ] updating countdown to 18909
[19:52:52.836] [SEVERE ] setting player 3 freeze to 50
[19:52:52.862] [SEVERE ] updating countdown to 18884
[19:52:52.867] [SEVERE ] setting player 3 freeze to 19
[19:52:52.892] [SEVERE ] updating countdown to 18853
[19:52:52.893] [SEVERE ] setting player 3 freeze to -7
[19:52:52.893] [SEVERE ] setting player 3 freeze to 0
[19:52:52.919] [SEVERE ] updating countdown to 18826
[19:52:52.937] [SEVERE ] removing player 1 token from slot 5
[19:52:52.946] [SEVERE ] updating countdown to 18799
[19:52:52.972] [SEVERE ] updating countdown to 18773
[19:52:52.987] [SEVERE ] player 1 placing token on slot 11
[19:52:52.988] [SEVERE ] updating countdown to 18757
[19:52:52.988] [SEVERE ] setting player 1 freeze to 50
[19:52:53.013] [SEVERE ] updating countdown to 18732
[19:52:53.014] [SEVERE ] setting player 1 freeze to 24
[19:52:53.040] [SEVERE ] updating countdown to 18705
[19:52:53.040] [SEVERE ] setting player 1 freeze to -2
[19:52:53.041] [SEVERE ] setting player 1 freeze to 0
[19:52:53.067] [SEVERE ] updating countdown to 18678
[19:52:53.087] [SEVERE ] removing player 1 token from slot 11
[19:52:53.094] [SEVERE ] updating countdown to 18651
[19:52:53.123] [SEVERE ] updating countdown to 18622
[19:52:53.138] [SEVERE ] player 1 placing token on slot 3
[19:52:53.140] [SEVERE ] updating countdown to 18605
[19:52:53.141] [SEVERE ] setting player 1 freeze to 50
[19:52:53.166] [SEVERE ] updating countdown to 18579
[19:52:53.167] [SEVERE ] setting player 1 freeze to 24
[19:52:53.192] [SEVERE ] updating countdown to 18553
[19:52:53.193] [SEVERE ] setting player 1 freeze to -2
[19:52:53.193] [SEVERE ] setting player 1 freeze to 0
[19:52:53.219] [SEVERE ] updating countdown to 18526
[19:52:53.238] [SEVERE ] removing player 3 token from slot 6
[19:52:53.245] [SEVERE ] updating countdown to 18500
[19:52:53.271] [SEVERE ] updating countdown to 18474
[19:52:53.288] [SEVERE ] removing player 3 token from slot 3
[19:52:53.296] [SEVERE ] updating countdown to 18449
[19:52:53.323] [SEVERE ] updating countdown to 18422
[19:52:53.338] [SEVERE ] player 3 placing token on slot 2
[19:52:53.349] [SEVERE ] updating countdown to 18396
[19:52:53.374] [SEVERE ] updating countdown to 18371
[19:52:53.388] [SEVERE ] player 3 placing token on slot 1
[19:52:53.391] [SEVERE ] updating countdown to 18354
[19:52:53.393] [SEVERE ] setting player 3 freeze to 50
[19:52:53.418] [SEVERE ] updating countdown to 18327
[19:52:53.418] [SEVERE ] setting player 3 freeze to 24
[19:52:53.438] [SEVERE ] removing player 1 token from slot 0
[19:52:53.443] [SEVERE ] updating countdown to 18302
[19:52:53.444] [SEVERE ] setting player 3 freeze to -2
[19:52:53.444] [SEVERE ] setting player 3 freeze to 0
[19:52:53.469] [SEVERE ] updating countdown to 18276
[19:52:53.489] [SEVERE ] player 1 placing token on slot 0
[19:52:53.490] [SEVERE ] updating countdown to 18255
[19:52:53.490] [SEVERE ] setting player 1 freeze to 50
[19:52:53.515] [SEVERE ] updating countdown to 18230
[19:52:53.516] [SEVERE ] setting player 1 freeze to 24
[19:52:53.541] [SEVERE ] updating countdown to 18204
[19:52:53.543] [SEVERE ] setting player 1 freeze to -3
[19:52:53.544] [SEVERE ] setting player 1 freeze to 0
[19:52:53.569] [SEVERE ] updating countdown to 18176
[19:52:53.595] [SEVERE ] updating countdown to 18150
[19:52:53.622] [SEVERE ] updating countdown to 18123
[19:52:53.648] [SEVERE ] updating countdown to 18097
[19:52:53.689] [SEVERE ] removing player 2 token from slot 4
[19:52:53.690] [SEVERE ] updating countdown to 18055
[19:52:53.716] [SEVERE ] updating countdown to 18029
[19:52:53.740] [SEVERE ] player 2 placing token on slot 5
[19:52:53.740] [SEVERE ] updating countdown to 18005
[19:52:53.742] [SEVERE ] setting player 2 freeze to 50
[19:52:53.767] [SEVERE ] updating countdown to 17978
[19:52:53.767] [SEVERE ] setting player 2 freeze to 24
[19:52:53.790] [SEVERE ] removing player 1 token from slot 7
[19:52:53.793] [SEVERE ] updating countdown to 17952
[19:52:53.793] [SEVERE ] setting player 2 freeze to -2
[19:52:53.794] [SEVERE ] setting player 2 freeze to 0
[19:52:53.819] [SEVERE ] updating countdown to 17926
[19:52:53.840] [SEVERE ] player 1 placing token on slot 8
[19:52:53.841] [SEVERE ] updating countdown to 17904
[19:52:53.841] [SEVERE ] setting player 1 freeze to 50
[19:52:53.866] [SEVERE ] updating countdown to 17879
[19:52:53.868] [SEVERE ] setting player 1 freeze to 23
[19:52:53.890] [SEVERE ] removing player 2 token from slot 11
[19:52:53.894] [SEVERE ] updating countdown to 17851
[19:52:53.894] [SEVERE ] setting player 1 freeze to -3
[19:52:53.895] [SEVERE ] setting player 1 freeze to 0
[19:52:53.920] [SEVERE ] updating countdown to 17825
[19:52:53.940] [SEVERE ] player 2 placing token on slot 6
[19:52:53.941] [SEVERE ] updating countdown to 17804
[19:52:53.941] [SEVERE ] setting player 2 freeze to 50
[19:52:53.967] [SEVERE ] updating countdown to 17778
[19:52:53.967] [SEVERE ] setting player 2 freeze to 24
[19:52:53.990] [SEVERE ] removing player 3 token from slot 0
[19:52:53.993] [SEVERE ] updating countdown to 17752
[19:52:53.998] [SEVERE ] setting player 2 freeze to -7
[19:52:53.999] [SEVERE ] setting player 2 freeze to 0
[19:52:54.025] [SEVERE ] updating countdown to 17720
[19:52:54.041] [SEVERE ] player 3 placing token on slot 11
[19:52:54.042] [SEVERE ] updating countdown to 17703
[19:52:54.043] [SEVERE ] setting player 3 freeze to 50
[19:52:54.068] [SEVERE ] updating countdown to 17677
[19:52:54.083] [SEVERE ] setting player 3 freeze to 10
[19:52:54.091] [SEVERE ] removing player 2 token from slot 5
[19:52:54.109] [SEVERE ] updating countdown to 17636
[19:52:54.110] [SEVERE ] setting player 3 freeze to -17
[19:52:54.110] [SEVERE ] setting player 3 freeze to 0
[19:52:54.136] [SEVERE ] updating countdown to 17609
[19:52:54.141] [SEVERE ] removing player 3 token from slot 2
[19:52:54.141] [SEVERE ] player 2 placing token on slot 3
[19:52:54.142] [SEVERE ] updating countdown to 17603
[19:52:54.191] [SEVERE ] player 3 placing token on slot 4
[19:52:54.191] [SEVERE ] removing player 1 token from slot 8
[19:52:54.241] [SEVERE ] player 1 placing token on slot 8
[19:52:54.242] [SEVERE ] removing player 1 token from slot 3
[19:52:54.243] [SEVERE ] removing player 2 token from slot 3
[19:52:54.243] [SEVERE ] removing card from slot 3
[19:52:54.344] [SEVERE ] removing player 2 token from slot 6
[19:52:54.345] [SEVERE ] removing card from slot 6
[19:52:54.420] [SEVERE ] exit button pressed
[19:52:54.442] [INFO   ] thread computer-0 terminated.
[19:52:54.442] [INFO   ] thread computer-1 terminated.
[19:52:54.442] [INFO   ] thread computer-2 terminated.
[19:52:54.442] [INFO   ] thread Thread-2 terminated.
[19:52:54.446] [SEVERE ] removing player 2 token from slot 10
[19:52:54.446] [SEVERE ] removing card from slot 10
[19:52:54.447] [SEVERE ] updating countdown to 20000
[19:52:54.547] [SEVERE ] placing card 48 in slot 3
[19:52:54.648] [SEVERE ] placing card 16 in slot 6
[19:52:54.749] [SEVERE ] placing card 55 in slot 10
[19:52:54.849] [SEVERE ] removing player 1 token from slot 0
[19:52:54.850] [SEVERE ] removing card from slot 0
[19:52:54.951] [SEVERE ] removing player 3 token from slot 1
[19:52:54.952] [SEVERE ] removing card from slot 1
[19:52:55.052] [SEVERE ] removing card from slot 2
[19:52:55.174] [SEVERE ] removing card from slot 3
[19:52:55.275] [SEVERE ] removing player 3 token from slot 4
[19:52:55.276] [SEVERE ] removing card from slot 4
[19:52:55.377] [SEVERE ] removing card from slot 5
[19:52:55.499] [SEVERE ] removing card from slot 6
[19:52:55.611] [SEVERE ] removing card from slot 7
[19:52:55.711] [SEVERE ] removing player 1 token from slot 8
[19:52:55.713] [SEVERE ] removing card from slot 8
[19:52:55.813] [SEVERE ] removing card from slot 9
[19:52:55.915] [SEVERE ] removing card from slot 10
[19:52:56.022] [SEVERE ] removing player 3 token from slot 11
[19:52:56.022] [SEVERE ] removing card from slot 11
[19:52:56.024] [SEVERE ] announcing winner(s): player 2
[19:52:56.025] [INFO   ] thread dealer terminated.
[19:52:56.026] [INFO   ] thread dealer terminated.
[19:52:56.026] [SEVERE ] thanks for playing... it was fun!
[19:52:56.027] [INFO   ] thread bguspl.set.Main.main() terminated.
