[19:32:16.907] [INFO   ] thread bguspl.set.Main.main() starting.
[19:32:16.920] [SEVERE ] cannot read configuration file config.properties trying from resources.
[19:32:16.934] [SEVERE ] configuration file was loaded from resources directory.
[19:32:18.027] [INFO   ] thread dealer starting.
[19:32:18.028] [INFO   ] thread dealer starting.
[19:32:18.029] [INFO   ] thread Thread-1 starting.
[19:32:18.030] [INFO   ] thread Thread-4 starting.
[19:32:18.030] [INFO   ] thread Thread-3 starting.
[19:32:18.029] [INFO   ] thread Thread-2 starting.
[19:32:18.031] [INFO   ] thread computer-2 starting.
[19:32:18.031] [INFO   ] thread computer-3 starting.
[19:32:18.030] [INFO   ] thread computer-0 starting.
[19:32:18.030] [INFO   ] thread Thread-5 starting.
[19:32:18.032] [INFO   ] thread computer-1 starting.
[19:32:18.035] [INFO   ] thread computer-4 starting.
[19:32:18.134] [SEVERE ] placing card 72 in slot 0
[19:32:18.235] [SEVERE ] placing card 6 in slot 1
[19:32:18.336] [SEVERE ] placing card 76 in slot 2
[19:32:18.437] [SEVERE ] placing card 4 in slot 3
[19:32:18.539] [SEVERE ] placing card 49 in slot 4
[19:32:18.640] [SEVERE ] placing card 25 in slot 5
[19:32:18.742] [SEVERE ] placing card 17 in slot 6
[19:32:18.845] [SEVERE ] placing card 59 in slot 7
[19:32:18.946] [SEVERE ] placing card 61 in slot 8
[19:32:19.049] [SEVERE ] placing card 18 in slot 9
[19:32:19.151] [SEVERE ] placing card 62 in slot 10
[19:32:19.253] [SEVERE ] placing card 66 in slot 11
[19:32:19.256] [SEVERE ] updating countdown to 20000
[19:32:19.285] [SEVERE ] updating countdown to 19971
[19:32:19.298] [SEVERE ] player 5 placing token on slot 8
[19:32:19.298] [SEVERE ] player 1 placing token on slot 5
[19:32:19.298] [SEVERE ] player 2 placing token on slot 11
[19:32:19.312] [SEVERE ] updating countdown to 19944
[19:32:19.339] [SEVERE ] updating countdown to 19917
[19:32:19.356] [SEVERE ] player 5 placing token on slot 11
[19:32:19.357] [SEVERE ] player 1 placing token on slot 7
[19:32:19.360] [SEVERE ] player 2 placing token on slot 8
[19:32:19.366] [SEVERE ] updating countdown to 19890
[19:32:19.391] [SEVERE ] updating countdown to 19865
[19:32:19.407] [SEVERE ] player 5 placing token on slot 3
[19:32:19.408] [SEVERE ] updating countdown to 19848
[19:32:19.408] [SEVERE ] player 1 placing token on slot 3
[19:32:19.409] [SEVERE ] setting player 5 freeze to 50
[19:32:19.410] [SEVERE ] updating countdown to 19846
[19:32:19.411] [SEVERE ] setting player 5 freeze to 48
[19:32:19.411] [SEVERE ] player 2 placing token on slot 10
[19:32:19.411] [SEVERE ] setting player 1 freeze to 50
[19:32:19.412] [SEVERE ] updating countdown to 19844
[19:32:19.413] [SEVERE ] setting player 1 freeze to 48
[19:32:19.414] [SEVERE ] setting player 5 freeze to 45
[19:32:19.414] [SEVERE ] setting player 2 freeze to 50
[19:32:19.439] [SEVERE ] updating countdown to 19817
[19:32:19.440] [SEVERE ] setting player 1 freeze to 21
[19:32:19.440] [SEVERE ] setting player 2 freeze to 24
[19:32:19.441] [SEVERE ] setting player 5 freeze to 18
[19:32:19.467] [SEVERE ] updating countdown to 19789
[19:32:19.469] [SEVERE ] setting player 1 freeze to -8
[19:32:19.470] [SEVERE ] setting player 1 freeze to 0
[19:32:19.471] [SEVERE ] setting player 2 freeze to -7
[19:32:19.473] [SEVERE ] setting player 2 freeze to 0
[19:32:19.473] [SEVERE ] setting player 5 freeze to -14
[19:32:19.475] [SEVERE ] setting player 5 freeze to 0
[19:32:19.501] [SEVERE ] updating countdown to 19755
[19:32:19.528] [SEVERE ] updating countdown to 19728
[19:32:19.554] [SEVERE ] updating countdown to 19702
[19:32:19.563] [SEVERE ] removing player 5 token from slot 8
[19:32:19.582] [SEVERE ] updating countdown to 19674
[19:32:19.609] [SEVERE ] updating countdown to 19647
[19:32:19.617] [SEVERE ] player 5 placing token on slot 4
[19:32:19.620] [SEVERE ] updating countdown to 19636
[19:32:19.623] [SEVERE ] setting player 5 freeze to 50
[19:32:19.648] [SEVERE ] updating countdown to 19609
[19:32:19.649] [SEVERE ] setting player 5 freeze to 23
[19:32:19.675] [SEVERE ] updating countdown to 19581
[19:32:19.676] [SEVERE ] setting player 5 freeze to -4
[19:32:19.677] [SEVERE ] setting player 5 freeze to 0
[19:32:19.703] [SEVERE ] updating countdown to 19553
[19:32:19.724] [SEVERE ] removing player 5 token from slot 3
[19:32:19.730] [SEVERE ] updating countdown to 19526
[19:32:19.757] [SEVERE ] updating countdown to 19499
[19:32:19.768] [SEVERE ] removing player 1 token from slot 7
[19:32:19.776] [SEVERE ] player 5 placing token on slot 0
[19:32:19.777] [SEVERE ] updating countdown to 19479
[19:32:19.778] [SEVERE ] setting player 5 freeze to 50
[19:32:19.803] [SEVERE ] updating countdown to 19453
[19:32:19.805] [SEVERE ] setting player 5 freeze to 23
[19:32:19.819] [SEVERE ] player 1 placing token on slot 1
[19:32:19.821] [SEVERE ] updating countdown to 19435
[19:32:19.823] [SEVERE ] setting player 5 freeze to 5
[19:32:19.824] [SEVERE ] setting player 1 freeze to 50
[19:32:19.849] [SEVERE ] updating countdown to 19407
[19:32:19.850] [SEVERE ] setting player 1 freeze to 24
[19:32:19.851] [SEVERE ] setting player 5 freeze to -23
[19:32:19.852] [SEVERE ] setting player 5 freeze to 0
[19:32:19.878] [SEVERE ] updating countdown to 19378
[19:32:19.879] [SEVERE ] setting player 1 freeze to -5
[19:32:19.879] [SEVERE ] setting player 1 freeze to 0
[19:32:19.905] [SEVERE ] updating countdown to 19351
[19:32:19.931] [SEVERE ] updating countdown to 19325
[19:32:19.957] [SEVERE ] updating countdown to 19300
[19:32:19.975] [SEVERE ] removing player 1 token from slot 3
[19:32:19.983] [SEVERE ] updating countdown to 19273
[19:32:20.009] [SEVERE ] updating countdown to 19247
[19:32:20.020] [SEVERE ] removing player 2 token from slot 11
[19:32:20.026] [SEVERE ] player 1 placing token on slot 11
[19:32:20.027] [SEVERE ] updating countdown to 19229
[19:32:20.029] [SEVERE ] setting player 1 freeze to 50
[19:32:20.054] [SEVERE ] updating countdown to 19202
[19:32:20.056] [SEVERE ] setting player 1 freeze to 23
[19:32:20.071] [SEVERE ] player 2 placing token on slot 9
[19:32:20.072] [SEVERE ] updating countdown to 19184
[19:32:20.073] [SEVERE ] setting player 1 freeze to 6
[19:32:20.074] [SEVERE ] setting player 2 freeze to 50
[19:32:20.099] [SEVERE ] updating countdown to 19157
[19:32:20.100] [SEVERE ] setting player 1 freeze to -21
[19:32:20.101] [SEVERE ] setting player 1 freeze to 0
[19:32:20.102] [SEVERE ] setting player 2 freeze to 22
[19:32:20.127] [SEVERE ] updating countdown to 19129
[19:32:20.130] [SEVERE ] setting player 2 freeze to -6
[19:32:20.133] [SEVERE ] setting player 2 freeze to 0
[19:32:20.160] [SEVERE ] updating countdown to 19096
[19:32:20.188] [SEVERE ] updating countdown to 19068
[19:32:20.215] [SEVERE ] updating countdown to 19041
[19:32:20.233] [SEVERE ] removing player 5 token from slot 4
[19:32:20.241] [SEVERE ] updating countdown to 19015
[19:32:20.268] [SEVERE ] updating countdown to 18988
[19:32:20.285] [SEVERE ] player 5 placing token on slot 3
[19:32:20.286] [SEVERE ] updating countdown to 18970
[19:32:20.287] [SEVERE ] setting player 5 freeze to 50
[19:32:20.312] [SEVERE ] updating countdown to 18944
[19:32:20.315] [SEVERE ] setting player 5 freeze to 22
[19:32:20.343] [SEVERE ] updating countdown to 18913
[19:32:20.345] [SEVERE ] setting player 5 freeze to -8
[19:32:20.346] [SEVERE ] setting player 5 freeze to 0
[19:32:20.372] [SEVERE ] updating countdown to 18884
[19:32:20.386] [SEVERE ] removing player 1 token from slot 11
[19:32:20.390] [SEVERE ] removing player 5 token from slot 11
[19:32:20.399] [SEVERE ] updating countdown to 18857
[19:32:20.427] [SEVERE ] updating countdown to 18829
[19:32:20.439] [SEVERE ] removing player 1 token from slot 5
[19:32:20.443] [SEVERE ] player 5 placing token on slot 8
[19:32:20.444] [SEVERE ] updating countdown to 18812
[19:32:20.446] [SEVERE ] setting player 5 freeze to 50
[19:32:20.471] [SEVERE ] updating countdown to 18785
[19:32:20.473] [SEVERE ] setting player 5 freeze to 23
[19:32:20.491] [SEVERE ] player 1 placing token on slot 11
[19:32:20.501] [SEVERE ] updating countdown to 18756
[19:32:20.503] [SEVERE ] setting player 5 freeze to -7
[19:32:20.506] [SEVERE ] setting player 5 freeze to 0
[19:32:20.533] [SEVERE ] updating countdown to 18723
[19:32:20.544] [SEVERE ] player 1 placing token on slot 6
[19:32:20.544] [SEVERE ] updating countdown to 18712
[19:32:20.545] [SEVERE ] setting player 1 freeze to 50
[19:32:20.570] [SEVERE ] updating countdown to 18686
[19:32:20.571] [SEVERE ] setting player 1 freeze to 24
[19:32:20.598] [SEVERE ] updating countdown to 18659
[19:32:20.599] [SEVERE ] setting player 1 freeze to -4
[19:32:20.600] [SEVERE ] setting player 1 freeze to 0
[19:32:20.627] [SEVERE ] updating countdown to 18629
[19:32:20.655] [SEVERE ] updating countdown to 18601
[19:32:20.682] [SEVERE ] updating countdown to 18574
[19:32:20.697] [SEVERE ] removing player 1 token from slot 11
[19:32:20.709] [SEVERE ] updating countdown to 18547
[19:32:20.738] [SEVERE ] updating countdown to 18518
[19:32:20.750] [SEVERE ] player 1 placing token on slot 9
[19:32:20.751] [SEVERE ] removing player 5 token from slot 0
[19:32:20.754] [SEVERE ] updating countdown to 18502
[19:32:20.757] [SEVERE ] setting player 1 freeze to 50
[19:32:20.782] [SEVERE ] updating countdown to 18474
[19:32:20.784] [SEVERE ] removing player 2 token from slot 8
[19:32:20.785] [SEVERE ] setting player 1 freeze to 22
[19:32:20.806] [SEVERE ] player 5 placing token on slot 2
[19:32:20.808] [SEVERE ] updating countdown to 18448
[19:32:20.808] [SEVERE ] setting player 1 freeze to -1
[19:32:20.809] [SEVERE ] setting player 1 freeze to 0
[19:32:20.809] [SEVERE ] setting player 5 freeze to 50
[19:32:20.834] [SEVERE ] updating countdown to 18422
[19:32:20.836] [SEVERE ] setting player 5 freeze to 23
[19:32:20.836] [SEVERE ] player 2 placing token on slot 2
[19:32:20.839] [SEVERE ] updating countdown to 18417
[19:32:20.840] [SEVERE ] setting player 5 freeze to 19
[19:32:20.842] [SEVERE ] setting player 2 freeze to 50
[19:32:20.859] [SEVERE ] removing player 1 token from slot 1
[19:32:20.867] [SEVERE ] updating countdown to 18389
[19:32:20.868] [SEVERE ] setting player 2 freeze to 24
[19:32:20.869] [SEVERE ] setting player 5 freeze to -10
[19:32:20.870] [SEVERE ] setting player 5 freeze to 0
[19:32:20.896] [SEVERE ] updating countdown to 18360
[19:32:20.897] [SEVERE ] setting player 2 freeze to -5
[19:32:20.899] [SEVERE ] setting player 2 freeze to 0
[19:32:20.910] [SEVERE ] removing player 1 token from slot 9
[19:32:20.910] [SEVERE ] removing player 5 token from slot 2
[19:32:20.925] [SEVERE ] updating countdown to 18331
[19:32:20.952] [SEVERE ] updating countdown to 18304
[19:32:20.962] [SEVERE ] player 1 placing token on slot 4
[19:32:20.963] [SEVERE ] player 5 placing token on slot 7
[19:32:20.964] [SEVERE ] updating countdown to 18292
[19:32:20.966] [SEVERE ] setting player 5 freeze to 50
[19:32:20.991] [SEVERE ] updating countdown to 18265
[19:32:20.992] [SEVERE ] setting player 5 freeze to 23
[19:32:21.014] [SEVERE ] player 1 placing token on slot 7
[19:32:21.017] [SEVERE ] updating countdown to 18239
[19:32:21.018] [SEVERE ] setting player 5 freeze to -3
[19:32:21.019] [SEVERE ] setting player 5 freeze to 0
[19:32:21.020] [SEVERE ] setting player 1 freeze to 50
[19:32:21.045] [SEVERE ] updating countdown to 18211
[19:32:21.046] [SEVERE ] setting player 1 freeze to 24
[19:32:21.072] [SEVERE ] updating countdown to 18184
[19:32:21.073] [SEVERE ] setting player 1 freeze to -3
[19:32:21.074] [SEVERE ] setting player 1 freeze to 0
[19:32:21.100] [SEVERE ] updating countdown to 18156
[19:32:21.127] [SEVERE ] updating countdown to 18129
[19:32:21.154] [SEVERE ] updating countdown to 18102
[19:32:21.170] [SEVERE ] removing player 5 token from slot 7
[19:32:21.183] [SEVERE ] updating countdown to 18073
[19:32:21.211] [SEVERE ] updating countdown to 18045
[19:32:21.223] [SEVERE ] removing player 1 token from slot 7
[19:32:21.225] [SEVERE ] player 5 placing token on slot 1
[19:32:21.226] [SEVERE ] updating countdown to 18030
[19:32:21.227] [SEVERE ] setting player 5 freeze to 50
[19:32:21.252] [SEVERE ] updating countdown to 18004
[19:32:21.253] [SEVERE ] setting player 5 freeze to 24
[19:32:21.275] [SEVERE ] player 1 placing token on slot 9
[19:32:21.278] [SEVERE ] updating countdown to 17978
[19:32:21.278] [SEVERE ] setting player 5 freeze to -1
[19:32:21.284] [SEVERE ] setting player 5 freeze to 0
[19:32:21.287] [SEVERE ] setting player 1 freeze to 50
[19:32:21.312] [SEVERE ] updating countdown to 17944
[19:32:21.314] [SEVERE ] setting player 1 freeze to 22
[19:32:21.340] [SEVERE ] updating countdown to 17916
[19:32:21.341] [SEVERE ] setting player 1 freeze to -5
[19:32:21.342] [SEVERE ] setting player 1 freeze to 0
[19:32:21.368] [SEVERE ] updating countdown to 17888
[19:32:21.394] [SEVERE ] updating countdown to 17862
[19:32:21.420] [SEVERE ] updating countdown to 17836
[19:32:21.448] [SEVERE ] updating countdown to 17808
[19:32:21.451] [SEVERE ] removing player 2 token from slot 9
[19:32:21.475] [SEVERE ] updating countdown to 17781
[19:32:21.503] [SEVERE ] updating countdown to 17753
[19:32:21.503] [SEVERE ] player 2 placing token on slot 1
[19:32:21.508] [SEVERE ] updating countdown to 17748
[19:32:21.509] [SEVERE ] setting player 2 freeze to 50
[19:32:21.534] [SEVERE ] updating countdown to 17722
[19:32:21.535] [SEVERE ] setting player 2 freeze to 24
[19:32:21.542] [SEVERE ] removing player 1 token from slot 6
[19:32:21.561] [SEVERE ] updating countdown to 17695
[19:32:21.562] [SEVERE ] setting player 2 freeze to -3
[19:32:21.563] [SEVERE ] setting player 2 freeze to 0
[19:32:21.590] [SEVERE ] updating countdown to 17666
[19:32:21.593] [SEVERE ] removing player 1 token from slot 4
[19:32:21.616] [SEVERE ] updating countdown to 17640
[19:32:21.632] [SEVERE ] removing player 5 token from slot 1
[19:32:21.643] [SEVERE ] updating countdown to 17613
[19:32:21.645] [SEVERE ] player 1 placing token on slot 4
[19:32:21.670] [SEVERE ] updating countdown to 17586
[19:32:21.683] [SEVERE ] player 5 placing token on slot 9
[19:32:21.686] [SEVERE ] updating countdown to 17570
[19:32:21.687] [SEVERE ] setting player 5 freeze to 50
[19:32:21.697] [SEVERE ] removing player 1 token from slot 9
[19:32:21.713] [SEVERE ] updating countdown to 17543
[19:32:21.714] [SEVERE ] setting player 5 freeze to 23
[19:32:21.741] [SEVERE ] updating countdown to 17515
[19:32:21.742] [SEVERE ] setting player 5 freeze to -5
[19:32:21.743] [SEVERE ] setting player 5 freeze to 0
[19:32:21.749] [SEVERE ] player 1 placing token on slot 11
[19:32:21.769] [SEVERE ] updating countdown to 17487
[19:32:21.797] [SEVERE ] updating countdown to 17459
[19:32:21.804] [SEVERE ] player 1 placing token on slot 6
[19:32:21.805] [SEVERE ] updating countdown to 17451
[19:32:21.807] [SEVERE ] setting player 1 freeze to 50
[19:32:21.832] [SEVERE ] updating countdown to 17424
[19:32:21.833] [SEVERE ] setting player 1 freeze to 23
[19:32:21.859] [SEVERE ] updating countdown to 17397
[19:32:21.862] [SEVERE ] setting player 1 freeze to -6
[19:32:21.865] [SEVERE ] setting player 1 freeze to 0
[19:32:21.890] [SEVERE ] removing player 5 token from slot 8
[19:32:21.893] [SEVERE ] updating countdown to 17363
[19:32:21.913] [SEVERE ] removing player 2 token from slot 1
[19:32:21.919] [SEVERE ] updating countdown to 17337
[19:32:21.942] [SEVERE ] player 5 placing token on slot 10
[19:32:21.942] [SEVERE ] updating countdown to 17314
[19:32:21.943] [SEVERE ] setting player 5 freeze to 50
[19:32:21.964] [SEVERE ] player 2 placing token on slot 6
[19:32:21.965] [SEVERE ] updating countdown to 17291
[19:32:21.965] [SEVERE ] setting player 5 freeze to 28
[19:32:21.966] [SEVERE ] setting player 2 freeze to 50
[19:32:21.991] [SEVERE ] updating countdown to 17265
[19:32:21.992] [SEVERE ] setting player 2 freeze to 24
[19:32:21.993] [SEVERE ] setting player 5 freeze to 0
[19:32:21.994] [SEVERE ] setting player 5 freeze to 0
[19:32:22.020] [SEVERE ] updating countdown to 17236
[19:32:22.020] [SEVERE ] setting player 2 freeze to -4
[19:32:22.021] [SEVERE ] setting player 2 freeze to 0
[19:32:22.044] [SEVERE ] removing player 5 token from slot 10
[19:32:22.047] [SEVERE ] updating countdown to 17209
[19:32:22.060] [SEVERE ] removing player 1 token from slot 11
[19:32:22.073] [SEVERE ] updating countdown to 17183
[19:32:22.096] [SEVERE ] player 5 placing token on slot 5
[19:32:22.097] [SEVERE ] updating countdown to 17159
[19:32:22.099] [SEVERE ] setting player 5 freeze to 50
[19:32:22.112] [SEVERE ] player 1 placing token on slot 5
[19:32:22.113] [SEVERE ] updating countdown to 17143
[19:32:22.115] [SEVERE ] setting player 5 freeze to 34
[19:32:22.116] [SEVERE ] setting player 1 freeze to 50
[19:32:22.117] [SEVERE ] removing player 2 token from slot 6
[19:32:22.142] [SEVERE ] updating countdown to 17114
[19:32:22.144] [SEVERE ] setting player 1 freeze to 22
[19:32:22.146] [SEVERE ] setting player 5 freeze to 3
[19:32:22.171] [SEVERE ] player 2 placing token on slot 4
[19:32:22.173] [SEVERE ] updating countdown to 17083
[19:32:22.175] [SEVERE ] setting player 1 freeze to -9
[19:32:22.177] [SEVERE ] setting player 1 freeze to 0
[19:32:22.178] [SEVERE ] setting player 5 freeze to -29
[19:32:22.179] [SEVERE ] setting player 5 freeze to 0
[19:32:22.180] [SEVERE ] setting player 2 freeze to 50
[19:32:22.205] [SEVERE ] updating countdown to 17051
[19:32:22.208] [SEVERE ] setting player 2 freeze to 22
[19:32:22.234] [SEVERE ] updating countdown to 17022
[19:32:22.235] [SEVERE ] setting player 2 freeze to -5
[19:32:22.236] [SEVERE ] setting player 2 freeze to 0
[19:32:22.261] [SEVERE ] updating countdown to 16995
[19:32:22.288] [SEVERE ] updating countdown to 16968
[19:32:22.314] [SEVERE ] updating countdown to 16942
[19:32:22.341] [SEVERE ] updating countdown to 16915
[19:32:22.367] [SEVERE ] updating countdown to 16889
[19:32:22.393] [SEVERE ] updating countdown to 16863
[19:32:22.419] [SEVERE ] updating countdown to 16837
[19:32:22.432] [SEVERE ] removing player 2 token from slot 4
[19:32:22.447] [SEVERE ] updating countdown to 16809
[19:32:22.473] [SEVERE ] updating countdown to 16783
[19:32:22.483] [SEVERE ] player 2 placing token on slot 5
[19:32:22.484] [SEVERE ] updating countdown to 16772
[19:32:22.485] [SEVERE ] setting player 2 freeze to 50
[19:32:22.510] [SEVERE ] updating countdown to 16746
[19:32:22.512] [SEVERE ] setting player 2 freeze to 23
[19:32:22.538] [SEVERE ] updating countdown to 16718
[19:32:22.540] [SEVERE ] setting player 2 freeze to -5
[19:32:22.543] [SEVERE ] setting player 2 freeze to 0
[19:32:22.570] [SEVERE ] updating countdown to 16686
[19:32:22.575] [SEVERE ] removing player 1 token from slot 5
[19:32:22.598] [SEVERE ] updating countdown to 16658
[19:32:22.607] [SEVERE ] removing player 5 token from slot 5
[19:32:22.624] [SEVERE ] updating countdown to 16632
[19:32:22.628] [SEVERE ] player 1 placing token on slot 9
[19:32:22.629] [SEVERE ] updating countdown to 16627
[19:32:22.630] [SEVERE ] setting player 1 freeze to 50
[19:32:22.655] [SEVERE ] updating countdown to 16601
[19:32:22.657] [SEVERE ] setting player 1 freeze to 23
[19:32:22.658] [SEVERE ] player 5 placing token on slot 8
[19:32:22.660] [SEVERE ] updating countdown to 16596
[19:32:22.662] [SEVERE ] setting player 1 freeze to 18
[19:32:22.663] [SEVERE ] setting player 5 freeze to 50
[19:32:22.688] [SEVERE ] updating countdown to 16568
[19:32:22.690] [SEVERE ] setting player 1 freeze to -10
[19:32:22.693] [SEVERE ] setting player 1 freeze to 0
[19:32:22.694] [SEVERE ] setting player 5 freeze to 19
[19:32:22.720] [SEVERE ] updating countdown to 16536
[19:32:22.720] [SEVERE ] setting player 5 freeze to -7
[19:32:22.721] [SEVERE ] setting player 5 freeze to 0
[19:32:22.747] [SEVERE ] updating countdown to 16509
[19:32:22.766] [SEVERE ] removing player 5 token from slot 9
[19:32:22.773] [SEVERE ] updating countdown to 16483
[19:32:22.790] [SEVERE ] removing player 2 token from slot 2
[19:32:22.799] [SEVERE ] updating countdown to 16457
[19:32:22.819] [SEVERE ] player 5 placing token on slot 7
[19:32:22.820] [SEVERE ] updating countdown to 16436
[19:32:22.821] [SEVERE ] setting player 5 freeze to 50
[19:32:22.842] [SEVERE ] player 2 placing token on slot 9
[19:32:22.843] [SEVERE ] updating countdown to 16413
[19:32:22.844] [SEVERE ] setting player 5 freeze to 27
[19:32:22.845] [SEVERE ] setting player 2 freeze to 50
[19:32:22.870] [SEVERE ] updating countdown to 16386
[19:32:22.872] [SEVERE ] setting player 2 freeze to 23
[19:32:22.873] [SEVERE ] setting player 5 freeze to -2
[19:32:22.876] [SEVERE ] setting player 5 freeze to 0
[19:32:22.904] [SEVERE ] updating countdown to 16352
[19:32:22.907] [SEVERE ] setting player 2 freeze to -12
[19:32:22.909] [SEVERE ] setting player 2 freeze to 0
[19:32:22.924] [SEVERE ] removing player 5 token from slot 8
[19:32:22.936] [SEVERE ] updating countdown to 16320
[19:32:22.947] [SEVERE ] removing player 2 token from slot 10
[19:32:22.963] [SEVERE ] updating countdown to 16293
[19:32:22.978] [SEVERE ] removing player 5 token from slot 7
[19:32:22.991] [SEVERE ] updating countdown to 16265
[19:32:22.999] [SEVERE ] player 2 placing token on slot 8
[19:32:23.000] [SEVERE ] updating countdown to 16256
[19:32:23.000] [SEVERE ] setting player 2 freeze to 50
[19:32:23.025] [SEVERE ] updating countdown to 16231
[19:32:23.026] [SEVERE ] setting player 2 freeze to 24
[19:32:23.031] [SEVERE ] player 5 placing token on slot 8
[19:32:23.051] [SEVERE ] updating countdown to 16205
[19:32:23.052] [SEVERE ] setting player 2 freeze to -2
[19:32:23.052] [SEVERE ] setting player 2 freeze to 0
[19:32:23.077] [SEVERE ] updating countdown to 16179
[19:32:23.082] [SEVERE ] player 5 placing token on slot 7
[19:32:23.083] [SEVERE ] updating countdown to 16173
[19:32:23.084] [SEVERE ] setting player 5 freeze to 50
[19:32:23.109] [SEVERE ] updating countdown to 16147
[19:32:23.111] [SEVERE ] setting player 5 freeze to 23
[19:32:23.139] [SEVERE ] updating countdown to 16117
[19:32:23.140] [SEVERE ] setting player 5 freeze to -6
[19:32:23.143] [SEVERE ] setting player 5 freeze to 0
[19:32:23.153] [SEVERE ] removing player 2 token from slot 5
[19:32:23.170] [SEVERE ] updating countdown to 16086
[19:32:23.197] [SEVERE ] updating countdown to 16059
[19:32:23.206] [SEVERE ] player 2 placing token on slot 11
[19:32:23.207] [SEVERE ] updating countdown to 16049
[19:32:23.209] [SEVERE ] setting player 2 freeze to 50
[19:32:23.234] [SEVERE ] updating countdown to 16022
[19:32:23.235] [SEVERE ] setting player 2 freeze to 24
[19:32:23.262] [SEVERE ] updating countdown to 15995
[19:32:23.266] [SEVERE ] setting player 2 freeze to -7
[19:32:23.269] [SEVERE ] setting player 2 freeze to 0
[19:32:23.290] [SEVERE ] removing player 1 token from slot 6
[19:32:23.296] [SEVERE ] updating countdown to 15960
[19:32:23.311] [SEVERE ] removing player 2 token from slot 11
[19:32:23.322] [SEVERE ] updating countdown to 15934
[19:32:23.338] [SEVERE ] removing player 5 token from slot 3
[19:32:23.342] [SEVERE ] removing player 1 token from slot 4
[19:32:23.349] [SEVERE ] updating countdown to 15907
[19:32:23.363] [SEVERE ] player 2 placing token on slot 3
[19:32:23.365] [SEVERE ] updating countdown to 15891
[19:32:23.366] [SEVERE ] setting player 2 freeze to 50
[19:32:23.391] [SEVERE ] removing player 5 token from slot 8
[19:32:23.391] [SEVERE ] updating countdown to 15865
[19:32:23.393] [SEVERE ] setting player 2 freeze to 23
[19:32:23.394] [SEVERE ] player 1 placing token on slot 0
[19:32:23.419] [SEVERE ] updating countdown to 15837
[19:32:23.421] [SEVERE ] setting player 2 freeze to -5
[19:32:23.423] [SEVERE ] setting player 2 freeze to 0
[19:32:23.442] [SEVERE ] player 5 placing token on slot 11
[19:32:23.446] [SEVERE ] player 1 placing token on slot 8
[19:32:23.447] [SEVERE ] updating countdown to 15809
[19:32:23.449] [SEVERE ] setting player 1 freeze to 50
[19:32:23.474] [SEVERE ] updating countdown to 15782
[19:32:23.477] [SEVERE ] setting player 1 freeze to 22
[19:32:23.494] [SEVERE ] player 5 placing token on slot 3
[19:32:23.496] [SEVERE ] updating countdown to 15760
[19:32:23.497] [SEVERE ] setting player 1 freeze to 2
[19:32:23.498] [SEVERE ] setting player 5 freeze to 50
[19:32:23.523] [SEVERE ] updating countdown to 15733
[19:32:23.525] [SEVERE ] setting player 1 freeze to -26
[19:32:23.526] [SEVERE ] setting player 1 freeze to 0
[19:32:23.526] [SEVERE ] setting player 5 freeze to 21
[19:32:23.552] [SEVERE ] updating countdown to 15704
[19:32:23.553] [SEVERE ] setting player 5 freeze to -6
[19:32:23.553] [SEVERE ] setting player 5 freeze to 0
[19:32:23.579] [SEVERE ] updating countdown to 15677
[19:32:23.600] [SEVERE ] removing player 5 token from slot 3
[19:32:23.606] [SEVERE ] updating countdown to 15650
[19:32:23.620] [SEVERE ] removing player 2 token from slot 3
[19:32:23.631] [SEVERE ] updating countdown to 15625
[19:32:23.652] [SEVERE ] player 5 placing token on slot 10
[19:32:23.652] [SEVERE ] updating countdown to 15604
[19:32:23.653] [SEVERE ] setting player 5 freeze to 50
[19:32:23.673] [SEVERE ] player 2 placing token on slot 2
[19:32:23.674] [SEVERE ] updating countdown to 15582
[19:32:23.675] [SEVERE ] setting player 5 freeze to 28
[19:32:23.676] [SEVERE ] setting player 2 freeze to 50
[19:32:23.701] [SEVERE ] updating countdown to 15555
[19:32:23.703] [SEVERE ] setting player 2 freeze to 23
[19:32:23.703] [SEVERE ] removing player 1 token from slot 9
[19:32:23.704] [SEVERE ] setting player 5 freeze to -1
[19:32:23.708] [SEVERE ] setting player 5 freeze to 0
[19:32:23.734] [SEVERE ] updating countdown to 15522
[19:32:23.736] [SEVERE ] setting player 2 freeze to -10
[19:32:23.738] [SEVERE ] setting player 2 freeze to 0
[19:32:23.757] [SEVERE ] player 1 placing token on slot 1
[19:32:23.760] [SEVERE ] updating countdown to 15496
[19:32:23.763] [SEVERE ] setting player 1 freeze to 50
[19:32:23.778] [SEVERE ] removing player 2 token from slot 2
[19:32:23.788] [SEVERE ] updating countdown to 15468
[19:32:23.789] [SEVERE ] setting player 1 freeze to 24
[19:32:23.806] [SEVERE ] removing player 5 token from slot 7
[19:32:23.814] [SEVERE ] updating countdown to 15442
[19:32:23.815] [SEVERE ] setting player 1 freeze to -2
[19:32:23.816] [SEVERE ] setting player 1 freeze to 0
[19:32:23.829] [SEVERE ] player 2 placing token on slot 5
[19:32:23.829] [SEVERE ] updating countdown to 15427
[19:32:23.830] [SEVERE ] setting player 2 freeze to 50
[19:32:23.855] [SEVERE ] updating countdown to 15401
[19:32:23.856] [SEVERE ] setting player 2 freeze to 24
[19:32:23.857] [SEVERE ] player 5 placing token on slot 1
[19:32:23.859] [SEVERE ] updating countdown to 15397
[19:32:23.862] [SEVERE ] setting player 2 freeze to 18
[19:32:23.863] [SEVERE ] setting player 5 freeze to 50
[19:32:23.889] [SEVERE ] updating countdown to 15367
[19:32:23.890] [SEVERE ] setting player 2 freeze to -10
[19:32:23.891] [SEVERE ] setting player 2 freeze to 0
[19:32:23.892] [SEVERE ] setting player 5 freeze to 21
[19:32:23.918] [SEVERE ] updating countdown to 15339
[19:32:23.920] [SEVERE ] setting player 5 freeze to -7
[19:32:23.921] [SEVERE ] setting player 5 freeze to 0
[19:32:23.932] [SEVERE ] removing player 2 token from slot 9
[19:32:23.948] [SEVERE ] updating countdown to 15308
[19:32:23.966] [SEVERE ] removing player 5 token from slot 11
[19:32:23.975] [SEVERE ] updating countdown to 15281
[19:32:23.985] [SEVERE ] player 2 placing token on slot 3
[19:32:23.988] [SEVERE ] updating countdown to 15268
[19:32:23.991] [SEVERE ] setting player 2 freeze to 50
[19:32:24.016] [SEVERE ] updating countdown to 15240
[19:32:24.018] [SEVERE ] removing player 1 token from slot 1
[19:32:24.019] [SEVERE ] player 5 placing token on slot 8
[19:32:24.019] [SEVERE ] setting player 2 freeze to 21
[19:32:24.028] [SEVERE ] setting player 5 freeze to 50
[19:32:24.052] [SEVERE ] updating countdown to 15204
[19:32:24.053] [SEVERE ] setting player 2 freeze to -13
[19:32:24.053] [SEVERE ] setting player 2 freeze to 0
[19:32:24.054] [SEVERE ] setting player 5 freeze to 23
[19:32:24.072] [SEVERE ] player 1 placing token on slot 2
[19:32:24.072] [SEVERE ] updating countdown to 15184
[19:32:24.073] [SEVERE ] setting player 5 freeze to 4
[19:32:24.073] [SEVERE ] setting player 1 freeze to 50
[19:32:24.094] [SEVERE ] removing player 2 token from slot 3
[19:32:24.098] [SEVERE ] updating countdown to 15158
[19:32:24.099] [SEVERE ] setting player 1 freeze to 24
[19:32:24.099] [SEVERE ] setting player 5 freeze to -22
[19:32:24.099] [SEVERE ] setting player 5 freeze to 0
[19:32:24.124] [SEVERE ] updating countdown to 15132
[19:32:24.125] [SEVERE ] setting player 1 freeze to -2
[19:32:24.127] [SEVERE ] setting player 1 freeze to 0
[19:32:24.131] [SEVERE ] removing player 5 token from slot 8
[19:32:24.145] [SEVERE ] player 2 placing token on slot 3
[19:32:24.145] [SEVERE ] updating countdown to 15111
[19:32:24.146] [SEVERE ] setting player 2 freeze to 50
[19:32:24.171] [SEVERE ] updating countdown to 15085
[19:32:24.172] [SEVERE ] setting player 2 freeze to 24
[19:32:24.182] [SEVERE ] player 5 placing token on slot 6
[19:32:24.183] [SEVERE ] updating countdown to 15073
[19:32:24.183] [SEVERE ] setting player 2 freeze to 13
[19:32:24.183] [SEVERE ] setting player 5 freeze to 50
[19:32:24.209] [SEVERE ] updating countdown to 15047
[19:32:24.209] [SEVERE ] setting player 2 freeze to -13
[19:32:24.210] [SEVERE ] setting player 2 freeze to 0
[19:32:24.211] [SEVERE ] setting player 5 freeze to 22
[19:32:24.237] [SEVERE ] updating countdown to 15019
[19:32:24.238] [SEVERE ] setting player 5 freeze to -5
[19:32:24.240] [SEVERE ] setting player 5 freeze to 0
[19:32:24.266] [SEVERE ] updating countdown to 14990
[19:32:24.275] [SEVERE ] removing player 1 token from slot 0
[19:32:24.293] [SEVERE ] updating countdown to 14963
[19:32:24.318] [SEVERE ] updating countdown to 14938
[19:32:24.329] [SEVERE ] player 1 placing token on slot 11
[19:32:24.330] [SEVERE ] updating countdown to 14926
[19:32:24.331] [SEVERE ] setting player 1 freeze to 50
[19:32:24.356] [SEVERE ] updating countdown to 14900
[19:32:24.358] [SEVERE ] setting player 1 freeze to 23
[19:32:24.386] [SEVERE ] updating countdown to 14870
[19:32:24.387] [SEVERE ] setting player 1 freeze to -6
[19:32:24.389] [SEVERE ] setting player 1 freeze to 0
[19:32:24.415] [SEVERE ] updating countdown to 14841
[19:32:24.442] [SEVERE ] updating countdown to 14814
[19:32:24.450] [SEVERE ] removing player 2 token from slot 8
[19:32:24.468] [SEVERE ] updating countdown to 14788
[19:32:24.483] [SEVERE ] removing player 1 token from slot 8
[19:32:24.495] [SEVERE ] updating countdown to 14761
[19:32:24.501] [SEVERE ] player 2 placing token on slot 1
[19:32:24.502] [SEVERE ] updating countdown to 14754
[19:32:24.503] [SEVERE ] setting player 2 freeze to 50
[19:32:24.529] [SEVERE ] updating countdown to 14727
[19:32:24.529] [SEVERE ] setting player 2 freeze to 24
[19:32:24.536] [SEVERE ] player 1 placing token on slot 9
[19:32:24.539] [SEVERE ] updating countdown to 14717
[19:32:24.540] [SEVERE ] setting player 2 freeze to 13
[19:32:24.542] [SEVERE ] setting player 1 freeze to 50
[19:32:24.567] [SEVERE ] updating countdown to 14689
[19:32:24.568] [SEVERE ] setting player 1 freeze to 24
[19:32:24.568] [SEVERE ] setting player 2 freeze to -15
[19:32:24.569] [SEVERE ] setting player 2 freeze to 0
[19:32:24.594] [SEVERE ] updating countdown to 14662
[19:32:24.595] [SEVERE ] setting player 1 freeze to -3
[19:32:24.596] [SEVERE ] setting player 1 freeze to 0
[19:32:24.605] [SEVERE ] removing player 2 token from slot 1
[19:32:24.622] [SEVERE ] updating countdown to 14634
[19:32:24.649] [SEVERE ] updating countdown to 14607
[19:32:24.656] [SEVERE ] player 2 placing token on slot 0
[19:32:24.658] [SEVERE ] updating countdown to 14598
[19:32:24.660] [SEVERE ] setting player 2 freeze to 50
[19:32:24.685] [SEVERE ] updating countdown to 14571
[19:32:24.686] [SEVERE ] setting player 2 freeze to 24
[19:32:24.691] [SEVERE ] removing player 5 token from slot 10
[19:32:24.712] [SEVERE ] updating countdown to 14544
[19:32:24.712] [SEVERE ] setting player 2 freeze to -2
[19:32:24.713] [SEVERE ] setting player 2 freeze to 0
[19:32:24.739] [SEVERE ] updating countdown to 14517
[19:32:24.744] [SEVERE ] player 5 placing token on slot 0
[19:32:24.748] [SEVERE ] updating countdown to 14508
[19:32:24.750] [SEVERE ] setting player 5 freeze to 50
[19:32:24.776] [SEVERE ] updating countdown to 14480
[19:32:24.777] [SEVERE ] setting player 5 freeze to 23
[19:32:24.804] [SEVERE ] updating countdown to 14452
[19:32:24.806] [SEVERE ] setting player 5 freeze to -6
[19:32:24.807] [SEVERE ] setting player 5 freeze to 0
[19:32:24.833] [SEVERE ] updating countdown to 14423
[19:32:24.859] [SEVERE ] updating countdown to 14397
[19:32:24.885] [SEVERE ] updating countdown to 14371
[19:32:24.911] [SEVERE ] updating countdown to 14345
[19:32:24.937] [SEVERE ] updating countdown to 14319
[19:32:24.949] [SEVERE ] removing player 1 token from slot 2
[19:32:24.962] [SEVERE ] updating countdown to 14294
[19:32:24.988] [SEVERE ] updating countdown to 14268
[19:32:25.000] [SEVERE ] player 1 placing token on slot 4
[19:32:25.002] [SEVERE ] updating countdown to 14254
[19:32:25.004] [SEVERE ] setting player 1 freeze to 50
[19:32:25.028] [SEVERE ] updating countdown to 14228
[19:32:25.030] [SEVERE ] setting player 1 freeze to 23
[19:32:25.056] [SEVERE ] updating countdown to 14200
[19:32:25.057] [SEVERE ] setting player 1 freeze to -4
[19:32:25.059] [SEVERE ] setting player 1 freeze to 0
[19:32:25.086] [SEVERE ] updating countdown to 14170
[19:32:25.113] [SEVERE ] updating countdown to 14143
[19:32:25.140] [SEVERE ] updating countdown to 14116
[19:32:25.165] [SEVERE ] removing player 2 token from slot 0
[19:32:25.166] [SEVERE ] updating countdown to 14090
[19:32:25.192] [SEVERE ] updating countdown to 14064
[19:32:25.208] [SEVERE ] removing player 1 token from slot 4
[19:32:25.217] [SEVERE ] player 2 placing token on slot 6
[19:32:25.219] [SEVERE ] updating countdown to 14037
[19:32:25.222] [SEVERE ] setting player 2 freeze to 50
[19:32:25.247] [SEVERE ] updating countdown to 14009
[19:32:25.248] [SEVERE ] setting player 2 freeze to 23
[19:32:25.260] [SEVERE ] removing player 5 token from slot 6
[19:32:25.262] [SEVERE ] player 1 placing token on slot 1
[19:32:25.266] [SEVERE ] updating countdown to 13990
[19:32:25.268] [SEVERE ] setting player 2 freeze to 3
[19:32:25.269] [SEVERE ] setting player 1 freeze to 50
[19:32:25.294] [SEVERE ] updating countdown to 13962
[19:32:25.295] [SEVERE ] setting player 1 freeze to 24
[19:32:25.295] [SEVERE ] setting player 2 freeze to -24
[19:32:25.296] [SEVERE ] setting player 2 freeze to 0
[19:32:25.314] [SEVERE ] player 5 placing token on slot 2
[19:32:25.316] [SEVERE ] updating countdown to 13940
[19:32:25.317] [SEVERE ] setting player 1 freeze to 2
[19:32:25.319] [SEVERE ] setting player 5 freeze to 50
[19:32:25.324] [SEVERE ] removing player 2 token from slot 5
[19:32:25.344] [SEVERE ] updating countdown to 13912
[19:32:25.346] [SEVERE ] setting player 1 freeze to -27
[19:32:25.348] [SEVERE ] setting player 1 freeze to 0
[19:32:25.349] [SEVERE ] setting player 5 freeze to 19
[19:32:25.376] [SEVERE ] player 2 placing token on slot 5
[19:32:25.376] [SEVERE ] updating countdown to 13880
[19:32:25.378] [SEVERE ] setting player 5 freeze to -10
[19:32:25.379] [SEVERE ] setting player 5 freeze to 0
[19:32:25.381] [SEVERE ] setting player 2 freeze to 50
[19:32:25.407] [SEVERE ] updating countdown to 13849
[19:32:25.409] [SEVERE ] setting player 2 freeze to 22
[19:32:25.437] [SEVERE ] updating countdown to 13819
[19:32:25.439] [SEVERE ] setting player 2 freeze to -8
[19:32:25.441] [SEVERE ] setting player 2 freeze to 0
[19:32:25.469] [SEVERE ] updating countdown to 13787
[19:32:25.497] [SEVERE ] updating countdown to 13759
[19:32:25.522] [SEVERE ] removing player 5 token from slot 2
[19:32:25.523] [SEVERE ] updating countdown to 13733
[19:32:25.550] [SEVERE ] updating countdown to 13706
[19:32:25.574] [SEVERE ] removing player 5 token from slot 1
[19:32:25.578] [SEVERE ] updating countdown to 13678
[19:32:25.605] [SEVERE ] updating countdown to 13651
[19:32:25.626] [SEVERE ] player 5 placing token on slot 8
[19:32:25.632] [SEVERE ] updating countdown to 13624
[19:32:25.658] [SEVERE ] updating countdown to 13598
[19:32:25.677] [SEVERE ] player 5 placing token on slot 7
[19:32:25.678] [SEVERE ] updating countdown to 13578
[19:32:25.680] [SEVERE ] setting player 5 freeze to 50
[19:32:25.705] [SEVERE ] updating countdown to 13551
[19:32:25.707] [SEVERE ] setting player 5 freeze to 22
[19:32:25.725] [SEVERE ] removing player 1 token from slot 11
[19:32:25.735] [SEVERE ] updating countdown to 13521
[19:32:25.738] [SEVERE ] setting player 5 freeze to -9
[19:32:25.740] [SEVERE ] setting player 5 freeze to 0
[19:32:25.768] [SEVERE ] updating countdown to 13488
[19:32:25.792] [SEVERE ] removing player 5 token from slot 8
[19:32:25.792] [SEVERE ] player 1 placing token on slot 5
[19:32:25.795] [SEVERE ] updating countdown to 13461
[19:32:25.796] [SEVERE ] setting player 1 freeze to 50
[19:32:25.821] [SEVERE ] updating countdown to 13435
[19:32:25.821] [SEVERE ] setting player 1 freeze to 25
[19:32:25.842] [SEVERE ] removing player 2 token from slot 3
[19:32:25.844] [SEVERE ] player 5 placing token on slot 4
[19:32:25.845] [SEVERE ] updating countdown to 13411
[19:32:25.846] [SEVERE ] setting player 1 freeze to 0
[19:32:25.847] [SEVERE ] setting player 1 freeze to 0
[19:32:25.848] [SEVERE ] setting player 5 freeze to 50
[19:32:25.873] [SEVERE ] updating countdown to 13383
[19:32:25.875] [SEVERE ] setting player 5 freeze to 22
[19:32:25.894] [SEVERE ] player 2 placing token on slot 2
[19:32:25.895] [SEVERE ] updating countdown to 13361
[19:32:25.896] [SEVERE ] setting player 5 freeze to 1
[19:32:25.897] [SEVERE ] setting player 2 freeze to 50
[19:32:25.922] [SEVERE ] updating countdown to 13334
[19:32:25.923] [SEVERE ] setting player 2 freeze to 23
[19:32:25.925] [SEVERE ] setting player 5 freeze to -28
[19:32:25.926] [SEVERE ] setting player 5 freeze to 0
[19:32:25.952] [SEVERE ] updating countdown to 13304
[19:32:25.952] [SEVERE ] setting player 2 freeze to -6
[19:32:25.953] [SEVERE ] setting player 2 freeze to 0
[19:32:25.978] [SEVERE ] updating countdown to 13278
[19:32:25.999] [SEVERE ] removing player 5 token from slot 4
[19:32:26.004] [SEVERE ] updating countdown to 13252
[19:32:26.030] [SEVERE ] updating countdown to 13226
[19:32:26.049] [SEVERE ] removing player 1 token from slot 5
[19:32:26.051] [SEVERE ] player 5 placing token on slot 3
[19:32:26.054] [SEVERE ] updating countdown to 13202
[19:32:26.056] [SEVERE ] setting player 5 freeze to 50
[19:32:26.081] [SEVERE ] updating countdown to 13175
[19:32:26.082] [SEVERE ] setting player 5 freeze to 24
[19:32:26.102] [SEVERE ] removing player 1 token from slot 1
[19:32:26.108] [SEVERE ] updating countdown to 13148
[19:32:26.110] [SEVERE ] setting player 5 freeze to -4
[19:32:26.111] [SEVERE ] setting player 5 freeze to 0
[19:32:26.137] [SEVERE ] updating countdown to 13119
[19:32:26.154] [SEVERE ] player 1 placing token on slot 6
[19:32:26.165] [SEVERE ] updating countdown to 13091
[19:32:26.191] [SEVERE ] updating countdown to 13065
[19:32:26.207] [SEVERE ] removing player 1 token from slot 6
[19:32:26.217] [SEVERE ] updating countdown to 13039
[19:32:26.243] [SEVERE ] updating countdown to 13013
[19:32:26.258] [SEVERE ] player 1 placing token on slot 10
[19:32:26.268] [SEVERE ] updating countdown to 12988
[19:32:26.294] [SEVERE ] updating countdown to 12962
[19:32:26.309] [SEVERE ] removing player 1 token from slot 10
[19:32:26.321] [SEVERE ] updating countdown to 12935
[19:32:26.347] [SEVERE ] updating countdown to 12909
[19:32:26.360] [SEVERE ] player 1 placing token on slot 5
[19:32:26.373] [SEVERE ] updating countdown to 12883
[19:32:26.401] [SEVERE ] updating countdown to 12855
[19:32:26.412] [SEVERE ] player 1 placing token on slot 4
[19:32:26.414] [SEVERE ] updating countdown to 12842
[19:32:26.415] [SEVERE ] setting player 1 freeze to 50
[19:32:26.440] [SEVERE ] updating countdown to 12816
[19:32:26.441] [SEVERE ] setting player 1 freeze to 24
[19:32:26.467] [SEVERE ] updating countdown to 12789
[19:32:26.469] [SEVERE ] setting player 1 freeze to -4
[19:32:26.470] [SEVERE ] setting player 1 freeze to 0
[19:32:26.497] [SEVERE ] updating countdown to 12760
[19:32:26.517] [SEVERE ] removing player 1 token from slot 4
[19:32:26.524] [SEVERE ] updating countdown to 12732
[19:32:26.551] [SEVERE ] updating countdown to 12705
[19:32:26.571] [SEVERE ] player 1 placing token on slot 8
[19:32:26.572] [SEVERE ] updating countdown to 12684
[19:32:26.573] [SEVERE ] setting player 1 freeze to 50
[19:32:26.598] [SEVERE ] updating countdown to 12658
[19:32:26.601] [SEVERE ] setting player 1 freeze to 22
[19:32:26.613] [SEVERE ] removing player 5 token from slot 0
[19:32:26.627] [SEVERE ] updating countdown to 12629
[19:32:26.628] [SEVERE ] setting player 1 freeze to -5
[19:32:26.629] [SEVERE ] setting player 1 freeze to 0
[19:32:26.655] [SEVERE ] updating countdown to 12601
[19:32:26.665] [SEVERE ] player 5 placing token on slot 11
[19:32:26.668] [SEVERE ] updating countdown to 12588
[19:32:26.672] [SEVERE ] setting player 5 freeze to 50
[19:32:26.697] [SEVERE ] updating countdown to 12559
[19:32:26.697] [SEVERE ] setting player 5 freeze to 24
[19:32:26.723] [SEVERE ] updating countdown to 12533
[19:32:26.724] [SEVERE ] setting player 5 freeze to -3
[19:32:26.725] [SEVERE ] setting player 5 freeze to 0
[19:32:26.751] [SEVERE ] updating countdown to 12505
[19:32:26.777] [SEVERE ] updating countdown to 12479
[19:32:26.803] [SEVERE ] updating countdown to 12453
[19:32:26.830] [SEVERE ] updating countdown to 12426
[19:32:26.856] [SEVERE ] updating countdown to 12400
[19:32:26.877] [SEVERE ] removing player 5 token from slot 7
[19:32:26.878] [SEVERE ] removing player 1 token from slot 8
[19:32:26.883] [SEVERE ] updating countdown to 12373
[19:32:26.910] [SEVERE ] updating countdown to 12346
[19:32:26.930] [SEVERE ] player 5 placing token on slot 8
[19:32:26.931] [SEVERE ] updating countdown to 12325
[19:32:26.932] [SEVERE ] setting player 5 freeze to 50
[19:32:26.933] [SEVERE ] player 1 placing token on slot 2
[19:32:26.933] [SEVERE ] updating countdown to 12323
[19:32:26.934] [SEVERE ] setting player 5 freeze to 48
[19:32:26.934] [SEVERE ] setting player 1 freeze to 50
[19:32:26.960] [SEVERE ] updating countdown to 12296
[19:32:26.960] [SEVERE ] setting player 1 freeze to 24
[19:32:26.961] [SEVERE ] setting player 5 freeze to 21
[19:32:26.987] [SEVERE ] updating countdown to 12269
[19:32:26.990] [SEVERE ] setting player 1 freeze to -6
[19:32:26.992] [SEVERE ] setting player 1 freeze to 0
[19:32:26.993] [SEVERE ] setting player 5 freeze to -11
[19:32:26.994] [SEVERE ] setting player 5 freeze to 0
[19:32:27.009] [SEVERE ] removing player 2 token from slot 5
[19:32:27.020] [SEVERE ] updating countdown to 12236
[19:32:27.046] [SEVERE ] updating countdown to 12210
[19:32:27.061] [SEVERE ] player 2 placing token on slot 8
[19:32:27.062] [SEVERE ] updating countdown to 12194
[19:32:27.064] [SEVERE ] setting player 2 freeze to 50
[19:32:27.085] [SEVERE ] removing player 5 token from slot 3
[19:32:27.089] [SEVERE ] updating countdown to 12167
[19:32:27.091] [SEVERE ] setting player 2 freeze to 23
[19:32:27.117] [SEVERE ] updating countdown to 12139
[19:32:27.118] [SEVERE ] setting player 2 freeze to -4
[19:32:27.119] [SEVERE ] setting player 2 freeze to 0
[19:32:27.137] [SEVERE ] player 5 placing token on slot 3
[19:32:27.140] [SEVERE ] updating countdown to 12116
[19:32:27.141] [SEVERE ] setting player 5 freeze to 50
[19:32:27.166] [SEVERE ] updating countdown to 12090
[19:32:27.169] [SEVERE ] setting player 5 freeze to 22
[19:32:27.196] [SEVERE ] updating countdown to 12060
[19:32:27.198] [SEVERE ] setting player 5 freeze to -7
[19:32:27.200] [SEVERE ] setting player 5 freeze to 0
[19:32:27.227] [SEVERE ] updating countdown to 12029
[19:32:27.243] [SEVERE ] removing player 5 token from slot 11
[19:32:27.253] [SEVERE ] updating countdown to 12003
[19:32:27.279] [SEVERE ] updating countdown to 11977
[19:32:27.296] [SEVERE ] player 5 placing token on slot 11
[19:32:27.297] [SEVERE ] updating countdown to 11959
[19:32:27.298] [SEVERE ] setting player 5 freeze to 50
[19:32:27.323] [SEVERE ] updating countdown to 11933
[19:32:27.325] [SEVERE ] setting player 5 freeze to 23
[19:32:27.351] [SEVERE ] updating countdown to 11905
[19:32:27.352] [SEVERE ] setting player 5 freeze to -4
[19:32:27.353] [SEVERE ] setting player 5 freeze to 0
[19:32:27.379] [SEVERE ] updating countdown to 11877
[19:32:27.399] [SEVERE ] removing player 5 token from slot 8
[19:32:27.405] [SEVERE ] updating countdown to 11851
[19:32:27.433] [SEVERE ] updating countdown to 11823
[19:32:27.452] [SEVERE ] player 5 placing token on slot 2
[19:32:27.454] [SEVERE ] updating countdown to 11802
[19:32:27.456] [SEVERE ] setting player 5 freeze to 50
[19:32:27.481] [SEVERE ] updating countdown to 11775
[19:32:27.483] [SEVERE ] setting player 5 freeze to 23
[19:32:27.510] [SEVERE ] updating countdown to 11746
[19:32:27.511] [SEVERE ] setting player 5 freeze to -5
[19:32:27.511] [SEVERE ] setting player 5 freeze to 0
[19:32:27.537] [SEVERE ] updating countdown to 11719
[19:32:27.563] [SEVERE ] updating countdown to 11693
[19:32:27.589] [SEVERE ] updating countdown to 11667
[19:32:27.615] [SEVERE ] updating countdown to 11641
[19:32:27.641] [SEVERE ] updating countdown to 11615
[19:32:27.644] [SEVERE ] removing player 1 token from slot 5
[19:32:27.668] [SEVERE ] updating countdown to 11588
[19:32:27.694] [SEVERE ] updating countdown to 11562
[19:32:27.696] [SEVERE ] player 1 placing token on slot 5
[19:32:27.699] [SEVERE ] updating countdown to 11557
[19:32:27.701] [SEVERE ] setting player 1 freeze to 50
[19:32:27.724] [SEVERE ] removing player 2 token from slot 8
[19:32:27.727] [SEVERE ] updating countdown to 11529
[19:32:27.728] [SEVERE ] setting player 1 freeze to 23
[19:32:27.755] [SEVERE ] updating countdown to 11501
[19:32:27.756] [SEVERE ] setting player 1 freeze to -5
[19:32:27.756] [SEVERE ] setting player 1 freeze to 0
[19:32:27.777] [SEVERE ] player 2 placing token on slot 3
[19:32:27.778] [SEVERE ] updating countdown to 11478
[19:32:27.779] [SEVERE ] setting player 2 freeze to 50
[19:32:27.804] [SEVERE ] updating countdown to 11452
[19:32:27.805] [SEVERE ] setting player 2 freeze to 24
[19:32:27.830] [SEVERE ] updating countdown to 11426
[19:32:27.832] [SEVERE ] setting player 2 freeze to -3
[19:32:27.833] [SEVERE ] setting player 2 freeze to 0
[19:32:27.856] [SEVERE ] removing player 1 token from slot 5
[19:32:27.860] [SEVERE ] updating countdown to 11396
[19:32:27.887] [SEVERE ] updating countdown to 11369
[19:32:27.910] [SEVERE ] player 1 placing token on slot 0
[19:32:27.911] [SEVERE ] updating countdown to 11345
[19:32:27.913] [SEVERE ] setting player 1 freeze to 50
[19:32:27.938] [SEVERE ] updating countdown to 11318
[19:32:27.939] [SEVERE ] setting player 1 freeze to 24
[19:32:27.963] [SEVERE ] removing player 5 token from slot 3
[19:32:27.965] [SEVERE ] updating countdown to 11291
[19:32:27.965] [SEVERE ] setting player 1 freeze to -2
[19:32:27.966] [SEVERE ] setting player 1 freeze to 0
[19:32:27.992] [SEVERE ] updating countdown to 11264
[19:32:28.014] [SEVERE ] player 5 placing token on slot 0
[19:32:28.017] [SEVERE ] updating countdown to 11239
[19:32:28.018] [SEVERE ] setting player 5 freeze to 50
[19:32:28.044] [SEVERE ] updating countdown to 11212
[19:32:28.045] [SEVERE ] setting player 5 freeze to 23
[19:32:28.066] [SEVERE ] removing player 1 token from slot 9
[19:32:28.072] [SEVERE ] updating countdown to 11184
[19:32:28.072] [SEVERE ] setting player 5 freeze to -4
[19:32:28.073] [SEVERE ] setting player 5 freeze to 0
[19:32:28.099] [SEVERE ] updating countdown to 11157
[19:32:28.117] [SEVERE ] player 1 placing token on slot 1
[19:32:28.119] [SEVERE ] updating countdown to 11137
[19:32:28.120] [SEVERE ] removing player 5 token from slot 0
[19:32:28.124] [SEVERE ] setting player 1 freeze to 50
[19:32:28.150] [SEVERE ] updating countdown to 11106
[19:32:28.152] [SEVERE ] setting player 1 freeze to 22
[19:32:28.177] [SEVERE ] player 5 placing token on slot 9
[19:32:28.179] [SEVERE ] updating countdown to 11077
[19:32:28.180] [SEVERE ] setting player 1 freeze to -6
[19:32:28.181] [SEVERE ] setting player 1 freeze to 0
[19:32:28.182] [SEVERE ] setting player 5 freeze to 50
[19:32:28.207] [SEVERE ] updating countdown to 11049
[19:32:28.208] [SEVERE ] setting player 5 freeze to 24
[19:32:28.234] [SEVERE ] updating countdown to 11022
[19:32:28.235] [SEVERE ] setting player 5 freeze to -3
[19:32:28.235] [SEVERE ] setting player 5 freeze to 0
[19:32:28.236] [SEVERE ] removing player 2 token from slot 3
[19:32:28.261] [SEVERE ] updating countdown to 10995
[19:32:28.287] [SEVERE ] player 2 placing token on slot 4
[19:32:28.288] [SEVERE ] updating countdown to 10968
[19:32:28.288] [SEVERE ] setting player 2 freeze to 50
[19:32:28.314] [SEVERE ] updating countdown to 10943
[19:32:28.315] [SEVERE ] setting player 2 freeze to 23
[19:32:28.330] [SEVERE ] removing player 1 token from slot 1
[19:32:28.334] [SEVERE ] removing player 5 token from slot 11
[19:32:28.343] [SEVERE ] updating countdown to 10913
[19:32:28.343] [SEVERE ] setting player 2 freeze to -5
[19:32:28.344] [SEVERE ] setting player 2 freeze to 0
[19:32:28.369] [SEVERE ] updating countdown to 10887
[19:32:28.383] [SEVERE ] player 1 placing token on slot 5
[19:32:28.383] [SEVERE ] updating countdown to 10873
[19:32:28.383] [SEVERE ] setting player 1 freeze to 50
[19:32:28.385] [SEVERE ] player 5 placing token on slot 11
[19:32:28.386] [SEVERE ] updating countdown to 10870
[19:32:28.387] [SEVERE ] setting player 1 freeze to 46
[19:32:28.388] [SEVERE ] setting player 5 freeze to 50
[19:32:28.413] [SEVERE ] updating countdown to 10843
[19:32:28.414] [SEVERE ] setting player 1 freeze to 19
[19:32:28.414] [SEVERE ] setting player 5 freeze to 24
[19:32:28.439] [SEVERE ] updating countdown to 10817
[19:32:28.441] [SEVERE ] setting player 1 freeze to -8
[19:32:28.442] [SEVERE ] setting player 1 freeze to 0
[19:32:28.442] [SEVERE ] setting player 5 freeze to -4
[19:32:28.443] [SEVERE ] setting player 5 freeze to 0
[19:32:28.468] [SEVERE ] updating countdown to 10788
[19:32:28.484] [SEVERE ] removing player 1 token from slot 5
[19:32:28.489] [SEVERE ] removing player 5 token from slot 11
[19:32:28.490] [SEVERE ] removing player 2 token from slot 4
[19:32:28.494] [SEVERE ] updating countdown to 10762
[19:32:28.520] [SEVERE ] updating countdown to 10736
[19:32:28.536] [SEVERE ] player 1 placing token on slot 8
[19:32:28.538] [SEVERE ] updating countdown to 10718
[19:32:28.538] [SEVERE ] setting player 1 freeze to 50
[19:32:28.540] [SEVERE ] player 5 placing token on slot 1
[19:32:28.541] [SEVERE ] updating countdown to 10715
[19:32:28.542] [SEVERE ] setting player 1 freeze to 46
[19:32:28.541] [SEVERE ] player 2 placing token on slot 1
[19:32:28.543] [SEVERE ] setting player 5 freeze to 50
[19:32:28.545] [SEVERE ] updating countdown to 10711
[19:32:28.548] [SEVERE ] setting player 1 freeze to 40
[19:32:28.549] [SEVERE ] setting player 5 freeze to 44
[19:32:28.549] [SEVERE ] setting player 2 freeze to 50
[19:32:28.575] [SEVERE ] updating countdown to 10681
[19:32:28.575] [SEVERE ] setting player 1 freeze to 13
[19:32:28.575] [SEVERE ] setting player 2 freeze to 24
[19:32:28.576] [SEVERE ] setting player 5 freeze to 17
[19:32:28.601] [SEVERE ] updating countdown to 10655
[19:32:28.602] [SEVERE ] setting player 1 freeze to -14
[19:32:28.602] [SEVERE ] setting player 1 freeze to 0
[19:32:28.603] [SEVERE ] setting player 2 freeze to -4
[19:32:28.603] [SEVERE ] setting player 2 freeze to 0
[19:32:28.604] [SEVERE ] setting player 5 freeze to -11
[19:32:28.605] [SEVERE ] setting player 5 freeze to 0
[19:32:28.631] [SEVERE ] updating countdown to 10625
[19:32:28.647] [SEVERE ] removing player 5 token from slot 1
[19:32:28.660] [SEVERE ] updating countdown to 10596
[19:32:28.686] [SEVERE ] updating countdown to 10570
[19:32:28.700] [SEVERE ] player 5 placing token on slot 11
[19:32:28.702] [SEVERE ] updating countdown to 10554
[19:32:28.704] [SEVERE ] setting player 5 freeze to 50
[19:32:28.729] [SEVERE ] updating countdown to 10527
[19:32:28.730] [SEVERE ] setting player 5 freeze to 24
[19:32:28.756] [SEVERE ] updating countdown to 10500
[19:32:28.757] [SEVERE ] setting player 5 freeze to -3
[19:32:28.758] [SEVERE ] setting player 5 freeze to 0
[19:32:28.785] [SEVERE ] updating countdown to 10471
[19:32:28.811] [SEVERE ] updating countdown to 10445
[19:32:28.837] [SEVERE ] updating countdown to 10419
[19:32:28.842] [SEVERE ] removing player 1 token from slot 2
[19:32:28.864] [SEVERE ] updating countdown to 10392
[19:32:28.892] [SEVERE ] updating countdown to 10364
[19:32:28.895] [SEVERE ] player 1 placing token on slot 7
[19:32:28.896] [SEVERE ] updating countdown to 10360
[19:32:28.897] [SEVERE ] setting player 1 freeze to 50
[19:32:28.908] [SEVERE ] removing player 5 token from slot 2
[19:32:28.922] [SEVERE ] updating countdown to 10334
[19:32:28.922] [SEVERE ] setting player 1 freeze to 25
[19:32:28.948] [SEVERE ] updating countdown to 10308
[19:32:28.949] [SEVERE ] setting player 1 freeze to -2
[19:32:28.951] [SEVERE ] setting player 1 freeze to 0
[19:32:28.959] [SEVERE ] player 5 placing token on slot 2
[19:32:28.960] [SEVERE ] updating countdown to 10296
[19:32:28.962] [SEVERE ] setting player 5 freeze to 50
[19:32:28.987] [SEVERE ] updating countdown to 10269
[19:32:28.988] [SEVERE ] setting player 5 freeze to 24
[19:32:28.998] [SEVERE ] removing player 1 token from slot 8
[19:32:29.015] [SEVERE ] updating countdown to 10241
[19:32:29.017] [SEVERE ] setting player 5 freeze to -5
[19:32:29.019] [SEVERE ] setting player 5 freeze to 0
[19:32:29.045] [SEVERE ] updating countdown to 10211
[19:32:29.052] [SEVERE ] player 1 placing token on slot 1
[19:32:29.054] [SEVERE ] updating countdown to 10202
[19:32:29.055] [SEVERE ] removing player 2 token from slot 6
[19:32:29.056] [SEVERE ] setting player 1 freeze to 50
[19:32:29.081] [SEVERE ] updating countdown to 10175
[19:32:29.082] [SEVERE ] setting player 1 freeze to 24
[19:32:29.107] [SEVERE ] updating countdown to 10149
[19:32:29.108] [SEVERE ] setting player 1 freeze to -2
[19:32:29.109] [SEVERE ] player 2 placing token on slot 9
[19:32:29.109] [SEVERE ] setting player 1 freeze to 0
[19:32:29.111] [SEVERE ] setting player 2 freeze to 50
[19:32:29.136] [SEVERE ] updating countdown to 10120
[19:32:29.138] [SEVERE ] setting player 2 freeze to 23
[19:32:29.160] [SEVERE ] removing player 1 token from slot 0
[19:32:29.164] [SEVERE ] updating countdown to 10092
[19:32:29.166] [SEVERE ] setting player 2 freeze to -5
[19:32:29.168] [SEVERE ] setting player 2 freeze to 0
[19:32:29.194] [SEVERE ] updating countdown to 10062
[19:32:29.212] [SEVERE ] player 1 placing token on slot 9
[19:32:29.212] [SEVERE ] updating countdown to 10044
[19:32:29.213] [SEVERE ] setting player 1 freeze to 50
[19:32:29.238] [SEVERE ] updating countdown to 10018
[19:32:29.239] [SEVERE ] setting player 1 freeze to 24
[19:32:29.266] [SEVERE ] updating countdown to 9990
[19:32:29.268] [SEVERE ] setting player 1 freeze to -5
[19:32:29.271] [SEVERE ] setting player 1 freeze to 0
[19:32:29.298] [SEVERE ] updating countdown to 9958
[19:32:29.317] [SEVERE ] removing player 5 token from slot 11
[19:32:29.324] [SEVERE ] updating countdown to 9932
[19:32:29.351] [SEVERE ] updating countdown to 9905
[19:32:29.365] [SEVERE ] removing player 2 token from slot 1
[19:32:29.366] [SEVERE ] removing player 1 token from slot 1
[19:32:29.370] [SEVERE ] player 5 placing token on slot 4
[19:32:29.372] [SEVERE ] updating countdown to 9884
[19:32:29.373] [SEVERE ] setting player 5 freeze to 50
[19:32:29.398] [SEVERE ] updating countdown to 9858
[19:32:29.398] [SEVERE ] setting player 5 freeze to 24
[19:32:29.418] [SEVERE ] player 2 placing token on slot 10
[19:32:29.418] [SEVERE ] updating countdown to 9838
[19:32:29.419] [SEVERE ] setting player 5 freeze to 3
[19:32:29.418] [SEVERE ] player 1 placing token on slot 4
[19:32:29.419] [SEVERE ] setting player 2 freeze to 50
[19:32:29.419] [SEVERE ] updating countdown to 9837
[19:32:29.420] [SEVERE ] setting player 2 freeze to 49
[19:32:29.420] [SEVERE ] setting player 5 freeze to 2
[19:32:29.421] [SEVERE ] setting player 1 freeze to 50
[19:32:29.446] [SEVERE ] updating countdown to 9810
[19:32:29.446] [SEVERE ] setting player 1 freeze to 25
[19:32:29.447] [SEVERE ] setting player 2 freeze to 22
[19:32:29.448] [SEVERE ] setting player 5 freeze to -26
[19:32:29.449] [SEVERE ] setting player 5 freeze to 0
[19:32:29.474] [SEVERE ] removing player 5 token from slot 9
[19:32:29.475] [SEVERE ] updating countdown to 9781
[19:32:29.476] [SEVERE ] setting player 1 freeze to -5
[19:32:29.476] [SEVERE ] setting player 1 freeze to 0
[19:32:29.477] [SEVERE ] setting player 2 freeze to -8
[19:32:29.478] [SEVERE ] setting player 2 freeze to 0
[19:32:29.504] [SEVERE ] updating countdown to 9752
[19:32:29.521] [SEVERE ] removing player 2 token from slot 9
[19:32:29.526] [SEVERE ] player 5 placing token on slot 9
[19:32:29.528] [SEVERE ] updating countdown to 9728
[19:32:29.530] [SEVERE ] setting player 5 freeze to 50
[19:32:29.555] [SEVERE ] updating countdown to 9701
[19:32:29.557] [SEVERE ] setting player 5 freeze to 22
[19:32:29.573] [SEVERE ] removing player 2 token from slot 2
[19:32:29.584] [SEVERE ] updating countdown to 9672
[19:32:29.584] [SEVERE ] setting player 5 freeze to -5
[19:32:29.585] [SEVERE ] setting player 5 freeze to 0
[19:32:29.611] [SEVERE ] updating countdown to 9645
[19:32:29.625] [SEVERE ] player 2 placing token on slot 0
[19:32:29.637] [SEVERE ] updating countdown to 9619
[19:32:29.662] [SEVERE ] updating countdown to 9594
[19:32:29.676] [SEVERE ] player 2 placing token on slot 6
[19:32:29.678] [SEVERE ] updating countdown to 9578
[19:32:29.679] [SEVERE ] setting player 2 freeze to 50
[19:32:29.682] [SEVERE ] removing player 5 token from slot 2
[19:32:29.704] [SEVERE ] updating countdown to 9552
[19:32:29.705] [SEVERE ] setting player 2 freeze to 24
[19:32:29.731] [SEVERE ] updating countdown to 9525
[19:32:29.731] [SEVERE ] setting player 2 freeze to -2
[19:32:29.731] [SEVERE ] setting player 2 freeze to 0
[19:32:29.734] [SEVERE ] player 5 placing token on slot 3
[19:32:29.734] [SEVERE ] updating countdown to 9522
[19:32:29.735] [SEVERE ] setting player 5 freeze to 50
[19:32:29.760] [SEVERE ] updating countdown to 9496
[19:32:29.761] [SEVERE ] setting player 5 freeze to 24
[19:32:29.787] [SEVERE ] updating countdown to 9469
[19:32:29.789] [SEVERE ] setting player 5 freeze to -4
[19:32:29.791] [SEVERE ] setting player 5 freeze to 0
[19:32:29.817] [SEVERE ] updating countdown to 9439
[19:32:29.844] [SEVERE ] updating countdown to 9412
[19:32:29.870] [SEVERE ] updating countdown to 9386
[19:32:29.887] [SEVERE ] removing player 5 token from slot 9
[19:32:29.896] [SEVERE ] updating countdown to 9360
[19:32:29.921] [SEVERE ] updating countdown to 9335
[19:32:29.931] [SEVERE ] removing player 2 token from slot 6
[19:32:29.938] [SEVERE ] player 5 placing token on slot 5
[19:32:29.938] [SEVERE ] updating countdown to 9318
[19:32:29.939] [SEVERE ] setting player 5 freeze to 50
[19:32:29.964] [SEVERE ] updating countdown to 9292
[19:32:29.964] [SEVERE ] setting player 5 freeze to 25
[19:32:29.982] [SEVERE ] player 2 placing token on slot 7
[19:32:29.983] [SEVERE ] updating countdown to 9273
[19:32:29.983] [SEVERE ] setting player 5 freeze to 6
[19:32:29.983] [SEVERE ] setting player 2 freeze to 50
[19:32:30.008] [SEVERE ] updating countdown to 9248
[19:32:30.009] [SEVERE ] setting player 2 freeze to 24
[19:32:30.010] [SEVERE ] setting player 5 freeze to -21
[19:32:30.010] [SEVERE ] setting player 5 freeze to 0
[19:32:30.036] [SEVERE ] updating countdown to 9220
[19:32:30.036] [SEVERE ] setting player 2 freeze to -3
[19:32:30.037] [SEVERE ] setting player 2 freeze to 0
[19:32:30.063] [SEVERE ] updating countdown to 9193
[19:32:30.090] [SEVERE ] removing player 5 token from slot 4
[19:32:30.091] [SEVERE ] updating countdown to 9165
[19:32:30.120] [SEVERE ] updating countdown to 9136
[19:32:30.128] [SEVERE ] removing player 1 token from slot 7
[19:32:30.144] [SEVERE ] player 5 placing token on slot 4
[19:32:30.147] [SEVERE ] updating countdown to 9109
[19:32:30.149] [SEVERE ] setting player 5 freeze to 50
[19:32:30.175] [SEVERE ] updating countdown to 9082
[19:32:30.176] [SEVERE ] setting player 5 freeze to 23
[19:32:30.182] [SEVERE ] player 1 placing token on slot 8
[19:32:30.184] [SEVERE ] updating countdown to 9072
[19:32:30.186] [SEVERE ] setting player 5 freeze to 13
[19:32:30.187] [SEVERE ] setting player 1 freeze to 50
[19:32:30.212] [SEVERE ] updating countdown to 9044
[19:32:30.213] [SEVERE ] setting player 1 freeze to 24
[19:32:30.214] [SEVERE ] setting player 5 freeze to -15
[19:32:30.215] [SEVERE ] setting player 5 freeze to 0
[19:32:30.237] [SEVERE ] removing player 2 token from slot 0
[19:32:30.241] [SEVERE ] updating countdown to 9015
[19:32:30.242] [SEVERE ] setting player 1 freeze to -5
[19:32:30.243] [SEVERE ] setting player 1 freeze to 0
[19:32:30.271] [SEVERE ] updating countdown to 8985
[19:32:30.289] [SEVERE ] player 2 placing token on slot 2
[19:32:30.292] [SEVERE ] updating countdown to 8964
[19:32:30.294] [SEVERE ] setting player 2 freeze to 50
[19:32:30.319] [SEVERE ] updating countdown to 8937
[19:32:30.320] [SEVERE ] setting player 2 freeze to 24
[19:32:30.346] [SEVERE ] updating countdown to 8910
[19:32:30.348] [SEVERE ] setting player 2 freeze to -4
[19:32:30.349] [SEVERE ] setting player 2 freeze to 0
[19:32:30.377] [SEVERE ] updating countdown to 8879
[19:32:30.404] [SEVERE ] updating countdown to 8852
[19:32:30.430] [SEVERE ] updating countdown to 8826
[19:32:30.456] [SEVERE ] updating countdown to 8800
[19:32:30.482] [SEVERE ] updating countdown to 8774
[19:32:30.493] [SEVERE ] removing player 1 token from slot 4
[19:32:30.505] [SEVERE ] removing player 5 token from slot 5
[19:32:30.508] [SEVERE ] updating countdown to 8748
[19:32:30.534] [SEVERE ] updating countdown to 8722
[19:32:30.543] [SEVERE ] player 1 placing token on slot 7
[19:32:30.544] [SEVERE ] updating countdown to 8712
[19:32:30.544] [SEVERE ] setting player 1 freeze to 50
[19:32:30.557] [SEVERE ] player 5 placing token on slot 10
[19:32:30.558] [SEVERE ] updating countdown to 8698
[19:32:30.559] [SEVERE ] setting player 1 freeze to 35
[19:32:30.559] [SEVERE ] setting player 5 freeze to 50
[19:32:30.584] [SEVERE ] updating countdown to 8672
[19:32:30.585] [SEVERE ] setting player 1 freeze to 9
[19:32:30.586] [SEVERE ] setting player 5 freeze to 23
[19:32:30.612] [SEVERE ] updating countdown to 8644
[19:32:30.612] [SEVERE ] setting player 1 freeze to -18
[19:32:30.613] [SEVERE ] setting player 1 freeze to 0
[19:32:30.614] [SEVERE ] setting player 5 freeze to -5
[19:32:30.615] [SEVERE ] setting player 5 freeze to 0
[19:32:30.640] [SEVERE ] updating countdown to 8616
[19:32:30.668] [SEVERE ] updating countdown to 8588
[19:32:30.694] [SEVERE ] updating countdown to 8562
[19:32:30.700] [SEVERE ] removing player 2 token from slot 10
[19:32:30.711] [SEVERE ] removing player 5 token from slot 3
[19:32:30.721] [SEVERE ] updating countdown to 8535
[19:32:30.747] [SEVERE ] updating countdown to 8509
[19:32:30.753] [SEVERE ] player 2 placing token on slot 5
[19:32:30.755] [SEVERE ] updating countdown to 8501
[19:32:30.758] [SEVERE ] setting player 2 freeze to 50
[19:32:30.765] [SEVERE ] player 5 placing token on slot 5
[19:32:30.768] [SEVERE ] updating countdown to 8488
[19:32:30.769] [SEVERE ] setting player 2 freeze to 39
[19:32:30.771] [SEVERE ] setting player 5 freeze to 50
[19:32:30.796] [SEVERE ] updating countdown to 8460
[19:32:30.798] [SEVERE ] setting player 2 freeze to 10
[19:32:30.800] [SEVERE ] setting player 5 freeze to 21
[19:32:30.827] [SEVERE ] updating countdown to 8429
[19:32:30.828] [SEVERE ] setting player 2 freeze to -20
[19:32:30.830] [SEVERE ] setting player 2 freeze to 0
[19:32:30.831] [SEVERE ] setting player 5 freeze to -10
[19:32:30.831] [SEVERE ] setting player 5 freeze to 0
[19:32:30.857] [SEVERE ] updating countdown to 8399
[19:32:30.860] [SEVERE ] removing player 2 token from slot 5
[19:32:30.884] [SEVERE ] updating countdown to 8372
[19:32:30.911] [SEVERE ] updating countdown to 8345
[19:32:30.911] [SEVERE ] player 2 placing token on slot 5
[19:32:30.913] [SEVERE ] updating countdown to 8343
[19:32:30.914] [SEVERE ] setting player 2 freeze to 50
[19:32:30.924] [SEVERE ] removing player 5 token from slot 10
[19:32:30.940] [SEVERE ] updating countdown to 8316
[19:32:30.942] [SEVERE ] setting player 2 freeze to 22
[19:32:30.969] [SEVERE ] updating countdown to 8287
[19:32:30.970] [SEVERE ] setting player 2 freeze to -6
[19:32:30.971] [SEVERE ] setting player 2 freeze to 0
[19:32:30.976] [SEVERE ] player 5 placing token on slot 7
[19:32:30.977] [SEVERE ] updating countdown to 8279
[19:32:30.979] [SEVERE ] setting player 5 freeze to 50
[19:32:31.004] [SEVERE ] updating countdown to 8252
[19:32:31.004] [SEVERE ] setting player 5 freeze to 24
[19:32:31.030] [SEVERE ] updating countdown to 8226
[19:32:31.031] [SEVERE ] setting player 5 freeze to -3
[19:32:31.032] [SEVERE ] setting player 5 freeze to 0
[19:32:31.058] [SEVERE ] updating countdown to 8198
[19:32:31.081] [SEVERE ] removing player 5 token from slot 5
[19:32:31.085] [SEVERE ] updating countdown to 8171
[19:32:31.102] [SEVERE ] removing player 1 token from slot 8
[19:32:31.111] [SEVERE ] updating countdown to 8145
[19:32:31.135] [SEVERE ] player 5 placing token on slot 11
[19:32:31.136] [SEVERE ] updating countdown to 8120
[19:32:31.137] [SEVERE ] setting player 5 freeze to 50
[19:32:31.154] [SEVERE ] removing player 1 token from slot 9
[19:32:31.162] [SEVERE ] updating countdown to 8094
[19:32:31.163] [SEVERE ] setting player 5 freeze to 24
[19:32:31.189] [SEVERE ] updating countdown to 8067
[19:32:31.191] [SEVERE ] setting player 5 freeze to -4
[19:32:31.193] [SEVERE ] setting player 5 freeze to 0
[19:32:31.206] [SEVERE ] player 1 placing token on slot 5
[19:32:31.219] [SEVERE ] updating countdown to 8037
[19:32:31.247] [SEVERE ] updating countdown to 8009
[19:32:31.259] [SEVERE ] player 1 placing token on slot 10
[19:32:31.260] [SEVERE ] updating countdown to 7996
[19:32:31.261] [SEVERE ] setting player 1 freeze to 50
[19:32:31.270] [SEVERE ] removing player 2 token from slot 5
[19:32:31.286] [SEVERE ] updating countdown to 7970
[19:32:31.288] [SEVERE ] setting player 1 freeze to 23
[19:32:31.315] [SEVERE ] updating countdown to 7941
[19:32:31.318] [SEVERE ] setting player 1 freeze to -7
[19:32:31.320] [SEVERE ] setting player 1 freeze to 0
[19:32:31.321] [SEVERE ] removing player 2 token from slot 2
[19:32:31.348] [SEVERE ] updating countdown to 7908
[19:32:31.375] [SEVERE ] updating countdown to 7881
[19:32:31.376] [SEVERE ] player 2 placing token on slot 3
[19:32:31.401] [SEVERE ] updating countdown to 7855
[19:32:31.428] [SEVERE ] player 2 placing token on slot 4
[19:32:31.428] [SEVERE ] updating countdown to 7828
[19:32:31.433] [SEVERE ] setting player 2 freeze to 50
[19:32:31.458] [SEVERE ] updating countdown to 7798
[19:32:31.460] [SEVERE ] setting player 2 freeze to 23
[19:32:31.487] [SEVERE ] updating countdown to 7769
[19:32:31.489] [SEVERE ] setting player 2 freeze to -6
[19:32:31.491] [SEVERE ] setting player 2 freeze to 0
[19:32:31.517] [SEVERE ] updating countdown to 7739
[19:32:31.543] [SEVERE ] updating countdown to 7713
[19:32:31.568] [SEVERE ] updating countdown to 7688
[19:32:31.588] [SEVERE ] removing player 2 token from slot 7
[19:32:31.594] [SEVERE ] updating countdown to 7662
[19:32:31.616] [SEVERE ] removing player 1 token from slot 5
[19:32:31.621] [SEVERE ] updating countdown to 7635
[19:32:31.640] [SEVERE ] player 2 placing token on slot 11
[19:32:31.641] [SEVERE ] updating countdown to 7615
[19:32:31.642] [SEVERE ] setting player 2 freeze to 50
[19:32:31.643] [SEVERE ] removing player 5 token from slot 11
[19:32:31.667] [SEVERE ] player 1 placing token on slot 5
[19:32:31.667] [SEVERE ] updating countdown to 7589
[19:32:31.669] [SEVERE ] setting player 2 freeze to 23
[19:32:31.670] [SEVERE ] setting player 1 freeze to 50
[19:32:31.694] [SEVERE ] removing player 5 token from slot 7
[19:32:31.695] [SEVERE ] updating countdown to 7561
[19:32:31.697] [SEVERE ] setting player 1 freeze to 23
[19:32:31.698] [SEVERE ] setting player 2 freeze to -6
[19:32:31.699] [SEVERE ] setting player 2 freeze to 0
[19:32:31.726] [SEVERE ] updating countdown to 7530
[19:32:31.728] [SEVERE ] setting player 1 freeze to -8
[19:32:31.730] [SEVERE ] setting player 1 freeze to 0
[19:32:31.743] [SEVERE ] removing player 2 token from slot 11
[19:32:31.746] [SEVERE ] player 5 placing token on slot 7
[19:32:31.757] [SEVERE ] updating countdown to 7499
[19:32:31.772] [SEVERE ] removing player 1 token from slot 7
[19:32:31.784] [SEVERE ] updating countdown to 7472
[19:32:31.794] [SEVERE ] player 2 placing token on slot 10
[19:32:31.795] [SEVERE ] updating countdown to 7461
[19:32:31.795] [SEVERE ] setting player 2 freeze to 50
[19:32:31.797] [SEVERE ] player 5 placing token on slot 5
[19:32:31.798] [SEVERE ] updating countdown to 7458
[19:32:31.798] [SEVERE ] setting player 2 freeze to 47
[19:32:31.799] [SEVERE ] setting player 5 freeze to 50
[19:32:31.824] [SEVERE ] updating countdown to 7432
[19:32:31.824] [SEVERE ] player 1 placing token on slot 1
[19:32:31.826] [SEVERE ] setting player 2 freeze to 19
[19:32:31.830] [SEVERE ] setting player 5 freeze to 19
[19:32:31.832] [SEVERE ] setting player 1 freeze to 50
[19:32:31.857] [SEVERE ] updating countdown to 7399
[19:32:31.858] [SEVERE ] setting player 1 freeze to 24
[19:32:31.858] [SEVERE ] setting player 2 freeze to -13
[19:32:31.859] [SEVERE ] setting player 2 freeze to 0
[19:32:31.860] [SEVERE ] setting player 5 freeze to -11
[19:32:31.860] [SEVERE ] setting player 5 freeze to 0
[19:32:31.886] [SEVERE ] updating countdown to 7370
[19:32:31.887] [SEVERE ] setting player 1 freeze to -5
[19:32:31.888] [SEVERE ] setting player 1 freeze to 0
[19:32:31.900] [SEVERE ] removing player 5 token from slot 5
[19:32:31.913] [SEVERE ] updating countdown to 7343
[19:32:31.940] [SEVERE ] updating countdown to 7316
[19:32:31.951] [SEVERE ] player 5 placing token on slot 5
[19:32:31.952] [SEVERE ] updating countdown to 7304
[19:32:31.952] [SEVERE ] setting player 5 freeze to 50
[19:32:31.977] [SEVERE ] updating countdown to 7279
[19:32:31.979] [SEVERE ] setting player 5 freeze to 23
[19:32:31.998] [SEVERE ] removing player 2 token from slot 10
[19:32:32.006] [SEVERE ] updating countdown to 7250
[19:32:32.008] [SEVERE ] setting player 5 freeze to -6
[19:32:32.010] [SEVERE ] setting player 5 freeze to 0
[19:32:32.036] [SEVERE ] removing player 1 token from slot 10
[19:32:32.037] [SEVERE ] updating countdown to 7219
[19:32:32.051] [SEVERE ] player 2 placing token on slot 9
[19:32:32.053] [SEVERE ] updating countdown to 7203
[19:32:32.055] [SEVERE ] setting player 2 freeze to 50
[19:32:32.080] [SEVERE ] updating countdown to 7176
[19:32:32.083] [SEVERE ] setting player 2 freeze to 22
[19:32:32.088] [SEVERE ] player 1 placing token on slot 2
[19:32:32.091] [SEVERE ] updating countdown to 7165
[19:32:32.093] [SEVERE ] setting player 2 freeze to 12
[19:32:32.095] [SEVERE ] setting player 1 freeze to 50
[19:32:32.105] [SEVERE ] removing player 5 token from slot 4
[19:32:32.121] [SEVERE ] updating countdown to 7135
[19:32:32.123] [SEVERE ] setting player 1 freeze to 22
[19:32:32.124] [SEVERE ] setting player 2 freeze to -19
[19:32:32.126] [SEVERE ] setting player 2 freeze to 0
[19:32:32.152] [SEVERE ] updating countdown to 7104
[19:32:32.153] [SEVERE ] setting player 1 freeze to -8
[19:32:32.154] [SEVERE ] setting player 1 freeze to 0
[19:32:32.158] [SEVERE ] player 5 placing token on slot 4
[19:32:32.159] [SEVERE ] updating countdown to 7097
[19:32:32.160] [SEVERE ] setting player 5 freeze to 50
[19:32:32.185] [SEVERE ] updating countdown to 7071
[19:32:32.186] [SEVERE ] setting player 5 freeze to 24
[19:32:32.212] [SEVERE ] updating countdown to 7044
[19:32:32.213] [SEVERE ] setting player 5 freeze to -3
[19:32:32.216] [SEVERE ] setting player 5 freeze to 0
[19:32:32.243] [SEVERE ] updating countdown to 7013
[19:32:32.258] [SEVERE ] removing player 2 token from slot 3
[19:32:32.270] [SEVERE ] updating countdown to 6986
[19:32:32.298] [SEVERE ] updating countdown to 6958
[19:32:32.309] [SEVERE ] player 2 placing token on slot 2
[19:32:32.309] [SEVERE ] updating countdown to 6947
[19:32:32.310] [SEVERE ] setting player 2 freeze to 50
[19:32:32.312] [SEVERE ] removing player 5 token from slot 7
[19:32:32.335] [SEVERE ] updating countdown to 6921
[19:32:32.337] [SEVERE ] setting player 2 freeze to 23
[19:32:32.351] [SEVERE ] removing player 1 token from slot 5
[19:32:32.363] [SEVERE ] removing player 5 token from slot 4
[19:32:32.364] [SEVERE ] updating countdown to 6892
[19:32:32.367] [SEVERE ] setting player 2 freeze to -7
[19:32:32.367] [SEVERE ] setting player 2 freeze to 0
[19:32:32.393] [SEVERE ] updating countdown to 6863
[19:32:32.404] [SEVERE ] player 1 placing token on slot 11
[19:32:32.408] [SEVERE ] updating countdown to 6848
[19:32:32.409] [SEVERE ] setting player 1 freeze to 50
[19:32:32.417] [SEVERE ] player 5 placing token on slot 0
[19:32:32.435] [SEVERE ] updating countdown to 6821
[19:32:32.435] [SEVERE ] setting player 1 freeze to 24
[19:32:32.461] [SEVERE ] updating countdown to 6795
[19:32:32.462] [SEVERE ] setting player 1 freeze to -3
[19:32:32.463] [SEVERE ] setting player 1 freeze to 0
[19:32:32.468] [SEVERE ] player 5 placing token on slot 3
[19:32:32.470] [SEVERE ] updating countdown to 6786
[19:32:32.471] [SEVERE ] setting player 5 freeze to 50
[19:32:32.496] [SEVERE ] updating countdown to 6760
[19:32:32.498] [SEVERE ] setting player 5 freeze to 23
[19:32:32.511] [SEVERE ] removing player 1 token from slot 11
[19:32:32.525] [SEVERE ] updating countdown to 6731
[19:32:32.526] [SEVERE ] setting player 5 freeze to -5
[19:32:32.527] [SEVERE ] setting player 5 freeze to 0
[19:32:32.554] [SEVERE ] updating countdown to 6702
[19:32:32.564] [SEVERE ] player 1 placing token on slot 9
[19:32:32.565] [SEVERE ] updating countdown to 6691
[19:32:32.567] [SEVERE ] setting player 1 freeze to 50
[19:32:32.574] [SEVERE ] removing player 5 token from slot 5
[19:32:32.592] [SEVERE ] updating countdown to 6664
[19:32:32.592] [SEVERE ] setting player 1 freeze to 24
[19:32:32.618] [SEVERE ] updating countdown to 6638
[19:32:32.618] [SEVERE ] setting player 1 freeze to -2
[19:32:32.618] [SEVERE ] setting player 1 freeze to 0
[19:32:32.626] [SEVERE ] player 5 placing token on slot 6
[19:32:32.627] [SEVERE ] updating countdown to 6629
[19:32:32.627] [SEVERE ] setting player 5 freeze to 50
[19:32:32.652] [SEVERE ] updating countdown to 6604
[19:32:32.653] [SEVERE ] setting player 5 freeze to 24
[19:32:32.679] [SEVERE ] updating countdown to 6577
[19:32:32.679] [SEVERE ] setting player 5 freeze to -2
[19:32:32.680] [SEVERE ] setting player 5 freeze to 0
[19:32:32.705] [SEVERE ] updating countdown to 6551
[19:32:32.731] [SEVERE ] updating countdown to 6525
[19:32:32.757] [SEVERE ] updating countdown to 6499
[19:32:32.784] [SEVERE ] updating countdown to 6472
[19:32:32.811] [SEVERE ] updating countdown to 6445
[19:32:32.816] [SEVERE ] removing player 2 token from slot 2
[19:32:32.838] [SEVERE ] updating countdown to 6418
[19:32:32.864] [SEVERE ] updating countdown to 6392
[19:32:32.868] [SEVERE ] player 2 placing token on slot 8
[19:32:32.870] [SEVERE ] updating countdown to 6386
[19:32:32.872] [SEVERE ] setting player 2 freeze to 50
[19:32:32.897] [SEVERE ] updating countdown to 6359
[19:32:32.899] [SEVERE ] setting player 2 freeze to 23
[19:32:32.925] [SEVERE ] updating countdown to 6331
[19:32:32.927] [SEVERE ] setting player 2 freeze to -5
[19:32:32.928] [SEVERE ] setting player 2 freeze to 0
[19:32:32.955] [SEVERE ] updating countdown to 6301
[19:32:32.981] [SEVERE ] removing player 5 token from slot 3
[19:32:32.981] [SEVERE ] updating countdown to 6275
[19:32:33.010] [SEVERE ] updating countdown to 6246
[19:32:33.023] [SEVERE ] removing player 1 token from slot 1
[19:32:33.034] [SEVERE ] player 5 placing token on slot 2
[19:32:33.035] [SEVERE ] updating countdown to 6221
[19:32:33.036] [SEVERE ] setting player 5 freeze to 50
[19:32:33.061] [SEVERE ] updating countdown to 6195
[19:32:33.063] [SEVERE ] setting player 5 freeze to 23
[19:32:33.074] [SEVERE ] player 1 placing token on slot 11
[19:32:33.076] [SEVERE ] removing player 2 token from slot 4
[19:32:33.076] [SEVERE ] updating countdown to 6180
[19:32:33.080] [SEVERE ] setting player 5 freeze to 6
[19:32:33.082] [SEVERE ] setting player 1 freeze to 50
[19:32:33.107] [SEVERE ] updating countdown to 6149
[19:32:33.109] [SEVERE ] setting player 1 freeze to 23
[19:32:33.110] [SEVERE ] setting player 5 freeze to -24
[19:32:33.111] [SEVERE ] setting player 5 freeze to 0
[19:32:33.129] [SEVERE ] removing player 2 token from slot 9
[19:32:33.137] [SEVERE ] updating countdown to 6119
[19:32:33.138] [SEVERE ] setting player 1 freeze to -6
[19:32:33.138] [SEVERE ] removing player 5 token from slot 0
[19:32:33.139] [SEVERE ] setting player 1 freeze to 0
[19:32:33.164] [SEVERE ] updating countdown to 6092
[19:32:33.180] [SEVERE ] player 2 placing token on slot 3
[19:32:33.184] [SEVERE ] removing player 1 token from slot 11
[19:32:33.189] [SEVERE ] player 5 placing token on slot 7
[19:32:33.190] [SEVERE ] updating countdown to 6066
[19:32:33.193] [SEVERE ] setting player 5 freeze to 50
[19:32:33.218] [SEVERE ] updating countdown to 6038
[19:32:33.219] [SEVERE ] setting player 5 freeze to 24
[19:32:33.231] [SEVERE ] player 2 placing token on slot 5
[19:32:33.232] [SEVERE ] updating countdown to 6024
[19:32:33.233] [SEVERE ] setting player 5 freeze to 10
[19:32:33.234] [SEVERE ] setting player 2 freeze to 50
[19:32:33.236] [SEVERE ] player 1 placing token on slot 10
[19:32:33.236] [SEVERE ] updating countdown to 6020
[19:32:33.237] [SEVERE ] setting player 2 freeze to 47
[19:32:33.238] [SEVERE ] setting player 5 freeze to 5
[19:32:33.239] [SEVERE ] setting player 1 freeze to 50
[19:32:33.264] [SEVERE ] updating countdown to 5992
[19:32:33.266] [SEVERE ] setting player 1 freeze to 23
[19:32:33.267] [SEVERE ] setting player 2 freeze to 17
[19:32:33.268] [SEVERE ] setting player 5 freeze to -25
[19:32:33.269] [SEVERE ] setting player 5 freeze to 0
[19:32:33.295] [SEVERE ] updating countdown to 5961
[19:32:33.296] [SEVERE ] setting player 1 freeze to -7
[19:32:33.296] [SEVERE ] setting player 1 freeze to 0
[19:32:33.296] [SEVERE ] setting player 2 freeze to -12
[19:32:33.297] [SEVERE ] setting player 2 freeze to 0
[19:32:33.322] [SEVERE ] updating countdown to 5934
[19:32:33.346] [SEVERE ] removing player 5 token from slot 2
[19:32:33.350] [SEVERE ] updating countdown to 5906
[19:32:33.377] [SEVERE ] updating countdown to 5879
[19:32:33.397] [SEVERE ] player 5 placing token on slot 4
[19:32:33.399] [SEVERE ] updating countdown to 5857
[19:32:33.400] [SEVERE ] setting player 5 freeze to 50
[19:32:33.425] [SEVERE ] updating countdown to 5831
[19:32:33.427] [SEVERE ] setting player 5 freeze to 23
[19:32:33.454] [SEVERE ] updating countdown to 5802
[19:32:33.457] [SEVERE ] setting player 5 freeze to -7
[19:32:33.459] [SEVERE ] setting player 5 freeze to 0
[19:32:33.486] [SEVERE ] updating countdown to 5770
[19:32:33.512] [SEVERE ] updating countdown to 5744
[19:32:33.539] [SEVERE ] updating countdown to 5717
[19:32:33.565] [SEVERE ] updating countdown to 5691
[19:32:33.593] [SEVERE ] updating countdown to 5663
[19:32:33.621] [SEVERE ] updating countdown to 5635
[19:32:33.646] [SEVERE ] removing player 1 token from slot 10
[19:32:33.649] [SEVERE ] updating countdown to 5607
[19:32:33.674] [SEVERE ] updating countdown to 5582
[19:32:33.697] [SEVERE ] player 1 placing token on slot 5
[19:32:33.697] [SEVERE ] updating countdown to 5559
[19:32:33.698] [SEVERE ] setting player 1 freeze to 50
[19:32:33.723] [SEVERE ] updating countdown to 5533
[19:32:33.725] [SEVERE ] setting player 1 freeze to 23
[19:32:33.751] [SEVERE ] updating countdown to 5505
[19:32:33.751] [SEVERE ] setting player 1 freeze to -3
[19:32:33.753] [SEVERE ] setting player 1 freeze to 0
[19:32:33.779] [SEVERE ] updating countdown to 5477
[19:32:33.805] [SEVERE ] updating countdown to 5451
[19:32:33.831] [SEVERE ] updating countdown to 5425
[19:32:33.855] [SEVERE ] removing player 5 token from slot 6
[19:32:33.858] [SEVERE ] updating countdown to 5398
[19:32:33.884] [SEVERE ] updating countdown to 5373
[19:32:33.907] [SEVERE ] removing player 5 token from slot 4
[19:32:33.910] [SEVERE ] updating countdown to 5346
[19:32:33.937] [SEVERE ] updating countdown to 5319
[19:32:33.943] [SEVERE ] removing player 2 token from slot 5
[19:32:33.960] [SEVERE ] player 5 placing token on slot 6
[19:32:33.963] [SEVERE ] updating countdown to 5293
[19:32:33.989] [SEVERE ] updating countdown to 5267
[19:32:33.996] [SEVERE ] player 2 placing token on slot 11
[19:32:33.997] [SEVERE ] updating countdown to 5259
[19:32:33.998] [SEVERE ] setting player 2 freeze to 50
[19:32:34.012] [SEVERE ] player 5 placing token on slot 10
[19:32:34.013] [SEVERE ] updating countdown to 5243
[19:32:34.014] [SEVERE ] setting player 2 freeze to 34
[19:32:34.015] [SEVERE ] setting player 5 freeze to 50
[19:32:34.040] [SEVERE ] updating countdown to 5216
[19:32:34.042] [SEVERE ] setting player 2 freeze to 6
[19:32:34.044] [SEVERE ] setting player 5 freeze to 21
[19:32:34.053] [SEVERE ] removing player 1 token from slot 2
[19:32:34.072] [SEVERE ] updating countdown to 5184
[19:32:34.073] [SEVERE ] setting player 2 freeze to -25
[19:32:34.074] [SEVERE ] setting player 2 freeze to 0
[19:32:34.075] [SEVERE ] setting player 5 freeze to -10
[19:32:34.075] [SEVERE ] setting player 5 freeze to 0
[19:32:34.101] [SEVERE ] updating countdown to 5155
[19:32:34.105] [SEVERE ] player 1 placing token on slot 7
[19:32:34.106] [SEVERE ] updating countdown to 5150
[19:32:34.107] [SEVERE ] setting player 1 freeze to 50
[19:32:34.132] [SEVERE ] updating countdown to 5124
[19:32:34.133] [SEVERE ] setting player 1 freeze to 24
[19:32:34.159] [SEVERE ] updating countdown to 5097
[19:32:34.161] [SEVERE ] setting player 1 freeze to -4
[19:32:34.163] [SEVERE ] setting player 1 freeze to 0
[19:32:34.190] [SEVERE ] updating countdown to 5066
[19:32:34.217] [SEVERE ] updating countdown to 5039
[19:32:34.244] [SEVERE ] updating countdown to 5012
[19:32:34.252] [SEVERE ] removing player 2 token from slot 11
[19:32:34.258] [SEVERE ] removing player 1 token from slot 9
[19:32:34.267] [SEVERE ] removing player 5 token from slot 6
[19:32:34.303] [SEVERE ] player 2 placing token on slot 2
[19:32:34.304] [SEVERE ] setting player 2 freeze to 50
[19:32:34.309] [SEVERE ] player 1 placing token on slot 4
[19:32:34.309] [SEVERE ] setting player 2 freeze to 45
[19:32:34.310] [SEVERE ] setting player 1 freeze to 50
[19:32:34.318] [SEVERE ] player 5 placing token on slot 11
[19:32:34.318] [SEVERE ] setting player 1 freeze to 42
[19:32:34.319] [SEVERE ] setting player 2 freeze to 35
[19:32:34.319] [SEVERE ] setting player 5 freeze to 50
[19:32:34.344] [SEVERE ] setting player 1 freeze to 16
[19:32:34.345] [SEVERE ] setting player 2 freeze to 9
[19:32:34.345] [SEVERE ] setting player 5 freeze to 24
[19:32:34.371] [SEVERE ] setting player 1 freeze to -11
[19:32:34.372] [SEVERE ] setting player 1 freeze to 0
[19:32:34.373] [SEVERE ] setting player 2 freeze to -19
[19:32:34.373] [SEVERE ] setting player 2 freeze to 0
[19:32:34.373] [SEVERE ] setting player 5 freeze to -4
[19:32:34.374] [SEVERE ] setting player 5 freeze to 0
[19:32:34.674] [SEVERE ] removing player 5 token from slot 7
[19:32:34.725] [SEVERE ] removing player 5 token from slot 10
[19:32:34.776] [SEVERE ] player 5 placing token on slot 8
[19:32:34.827] [SEVERE ] player 5 placing token on slot 2
[19:32:34.828] [SEVERE ] setting player 5 freeze to 50
[19:32:34.853] [SEVERE ] setting player 5 freeze to 25
[19:32:34.879] [SEVERE ] setting player 5 freeze to -1
[19:32:34.879] [SEVERE ] setting player 5 freeze to 0
[19:32:34.959] [SEVERE ] removing player 2 token from slot 2
[19:32:34.966] [SEVERE ] removing player 1 token from slot 5
[19:32:35.010] [SEVERE ] player 2 placing token on slot 6
[19:32:35.011] [SEVERE ] setting player 2 freeze to 50
[19:32:35.017] [SEVERE ] player 1 placing token on slot 2
[19:32:35.018] [SEVERE ] setting player 2 freeze to 42
[19:32:35.019] [SEVERE ] setting player 1 freeze to 50
[19:32:35.044] [SEVERE ] setting player 1 freeze to 25
[19:32:35.044] [SEVERE ] setting player 2 freeze to 16
[19:32:35.070] [SEVERE ] setting player 1 freeze to -1
[19:32:35.071] [SEVERE ] setting player 1 freeze to 0
[19:32:35.071] [SEVERE ] setting player 2 freeze to -11
[19:32:35.071] [SEVERE ] setting player 2 freeze to 0
[19:32:35.079] [SEVERE ] removing player 5 token from slot 11
[19:32:35.111] [SEVERE ] removing player 2 token from slot 8
[19:32:35.119] [SEVERE ] removing player 1 token from slot 7
[19:32:35.130] [SEVERE ] player 5 placing token on slot 0
[19:32:35.131] [SEVERE ] setting player 5 freeze to 50
[19:32:35.156] [SEVERE ] setting player 5 freeze to 25
[19:32:35.162] [SEVERE ] player 2 placing token on slot 4
[19:32:35.163] [SEVERE ] setting player 5 freeze to 18
[19:32:35.164] [SEVERE ] setting player 2 freeze to 50
[19:32:35.170] [SEVERE ] player 1 placing token on slot 10
[19:32:35.172] [SEVERE ] setting player 2 freeze to 42
[19:32:35.174] [SEVERE ] setting player 5 freeze to 7
[19:32:35.176] [SEVERE ] setting player 1 freeze to 50
[19:32:35.201] [SEVERE ] setting player 1 freeze to 25
[19:32:35.202] [SEVERE ] setting player 2 freeze to 12
[19:32:35.203] [SEVERE ] setting player 5 freeze to -22
[19:32:35.203] [SEVERE ] setting player 5 freeze to 0
[19:32:35.229] [SEVERE ] setting player 1 freeze to -3
[19:32:35.230] [SEVERE ] setting player 1 freeze to 0
[19:32:35.231] [SEVERE ] setting player 2 freeze to -17
[19:32:35.231] [SEVERE ] setting player 2 freeze to 0
[19:32:35.265] [SEVERE ] removing player 2 token from slot 6
[19:32:35.316] [SEVERE ] player 2 placing token on slot 10
[19:32:35.318] [SEVERE ] setting player 2 freeze to 50
[19:32:35.343] [SEVERE ] setting player 2 freeze to 25
[19:32:35.370] [SEVERE ] setting player 2 freeze to -2
[19:32:35.371] [SEVERE ] setting player 2 freeze to 0
[19:32:35.378] [SEVERE ] removing player 1 token from slot 10
[19:32:35.429] [SEVERE ] player 1 placing token on slot 1
[19:32:35.431] [SEVERE ] setting player 1 freeze to 50
[19:32:35.456] [SEVERE ] setting player 1 freeze to 25
[19:32:35.469] [SEVERE ] removing player 2 token from slot 10
[19:32:35.483] [SEVERE ] setting player 1 freeze to -2
[19:32:35.484] [SEVERE ] setting player 1 freeze to 0
[19:32:35.521] [SEVERE ] player 2 placing token on slot 5
[19:32:35.521] [SEVERE ] setting player 2 freeze to 50
[19:32:35.533] [SEVERE ] removing player 1 token from slot 1
[19:32:35.547] [SEVERE ] setting player 2 freeze to 24
[19:32:35.573] [SEVERE ] setting player 2 freeze to -2
[19:32:35.574] [SEVERE ] setting player 2 freeze to 0
[19:32:35.584] [SEVERE ] player 1 placing token on slot 0
[19:32:35.585] [SEVERE ] setting player 1 freeze to 50
[19:32:35.611] [SEVERE ] setting player 1 freeze to 24
[19:32:35.637] [SEVERE ] setting player 1 freeze to -2
[19:32:35.637] [SEVERE ] setting player 1 freeze to 0
[19:32:35.773] [SEVERE ] removing player 2 token from slot 5
[19:32:35.785] [SEVERE ] removing player 5 token from slot 8
[19:32:35.824] [SEVERE ] player 2 placing token on slot 10
[19:32:35.824] [SEVERE ] setting player 2 freeze to 50
[19:32:35.836] [SEVERE ] removing player 5 token from slot 2
[19:32:35.838] [SEVERE ] removing player 1 token from slot 0
[19:32:35.850] [SEVERE ] setting player 2 freeze to 24
[19:32:35.877] [SEVERE ] setting player 2 freeze to -3
[19:32:35.879] [SEVERE ] setting player 2 freeze to 0
[19:32:35.888] [SEVERE ] player 5 placing token on slot 4
[19:32:35.889] [SEVERE ] player 1 placing token on slot 6
[19:32:35.891] [SEVERE ] setting player 1 freeze to 50
[19:32:35.917] [SEVERE ] setting player 1 freeze to 24
[19:32:35.940] [SEVERE ] removing player 5 token from slot 4
[19:32:35.942] [SEVERE ] setting player 1 freeze to -1
[19:32:35.944] [SEVERE ] setting player 1 freeze to 0
[19:32:35.975] [SEVERE ] removing player 2 token from slot 10
[19:32:35.991] [SEVERE ] player 5 placing token on slot 6
[19:32:36.026] [SEVERE ] player 2 placing token on slot 0
[19:32:36.028] [SEVERE ] setting player 2 freeze to 50
[19:32:36.043] [SEVERE ] player 5 placing token on slot 1
[19:32:36.044] [SEVERE ] removing player 1 token from slot 4
[19:32:36.045] [SEVERE ] setting player 2 freeze to 33
[19:32:36.047] [SEVERE ] setting player 5 freeze to 50
[19:32:36.073] [SEVERE ] setting player 2 freeze to 5
[19:32:36.074] [SEVERE ] setting player 5 freeze to 23
[19:32:36.097] [SEVERE ] player 1 placing token on slot 0
[19:32:36.097] [SEVERE ] setting player 2 freeze to -19
[19:32:36.098] [SEVERE ] setting player 2 freeze to 0
[19:32:36.098] [SEVERE ] setting player 5 freeze to -1
[19:32:36.099] [SEVERE ] setting player 5 freeze to 0
[19:32:36.099] [SEVERE ] setting player 1 freeze to 50
[19:32:36.124] [SEVERE ] setting player 1 freeze to 25
[19:32:36.150] [SEVERE ] setting player 1 freeze to -1
[19:32:36.151] [SEVERE ] setting player 1 freeze to 0
[19:32:36.179] [SEVERE ] removing player 2 token from slot 0
[19:32:36.199] [SEVERE ] removing player 5 token from slot 1
[19:32:36.200] [SEVERE ] removing player 1 token from slot 0
[19:32:36.231] [SEVERE ] removing player 2 token from slot 4
[19:32:36.253] [SEVERE ] player 5 placing token on slot 3
[19:32:36.254] [SEVERE ] player 1 placing token on slot 10
[19:32:36.256] [SEVERE ] setting player 5 freeze to 50
[19:32:36.256] [SEVERE ] updating countdown to 3000
[19:32:36.258] [SEVERE ] setting player 5 freeze to 47
[19:32:36.259] [SEVERE ] setting player 1 freeze to 50
[19:32:36.283] [SEVERE ] player 2 placing token on slot 9
[19:32:36.285] [SEVERE ] setting player 1 freeze to 24
[19:32:36.285] [SEVERE ] setting player 5 freeze to 20
[19:32:36.311] [SEVERE ] setting player 1 freeze to -2
[19:32:36.312] [SEVERE ] setting player 1 freeze to 0
[19:32:36.314] [SEVERE ] setting player 5 freeze to -9
[19:32:36.315] [SEVERE ] setting player 5 freeze to 0
[19:32:36.334] [SEVERE ] player 2 placing token on slot 8
[19:32:36.338] [SEVERE ] setting player 2 freeze to 50
[19:32:36.364] [SEVERE ] setting player 2 freeze to 24
[19:32:36.391] [SEVERE ] setting player 2 freeze to -3
[19:32:36.392] [SEVERE ] setting player 2 freeze to 0
[19:32:36.409] [SEVERE ] removing player 5 token from slot 3
[19:32:36.460] [SEVERE ] player 5 placing token on slot 3
[19:32:36.463] [SEVERE ] setting player 5 freeze to 50
[19:32:36.489] [SEVERE ] setting player 5 freeze to 24
[19:32:36.491] [SEVERE ] removing player 2 token from slot 3
[19:32:36.514] [SEVERE ] removing player 1 token from slot 6
[19:32:36.515] [SEVERE ] setting player 5 freeze to -2
[19:32:36.518] [SEVERE ] setting player 5 freeze to 0
[19:32:36.542] [SEVERE ] player 2 placing token on slot 3
[19:32:36.543] [SEVERE ] setting player 2 freeze to 50
[19:32:36.567] [SEVERE ] removing player 1 token from slot 2
[19:32:36.568] [SEVERE ] setting player 2 freeze to 25
[19:32:36.596] [SEVERE ] setting player 2 freeze to -3
[19:32:36.598] [SEVERE ] setting player 2 freeze to 0
[19:32:36.618] [SEVERE ] removing player 1 token from slot 10
[19:32:36.670] [SEVERE ] player 1 placing token on slot 6
[19:32:36.723] [SEVERE ] player 1 placing token on slot 4
[19:32:36.775] [SEVERE ] player 1 placing token on slot 10
[19:32:36.779] [SEVERE ] setting player 1 freeze to 50
[19:32:36.797] [SEVERE ] removing player 2 token from slot 8
[19:32:36.805] [SEVERE ] setting player 1 freeze to 24
[19:32:36.832] [SEVERE ] setting player 1 freeze to -3
[19:32:36.833] [SEVERE ] setting player 1 freeze to 0
[19:32:36.850] [SEVERE ] removing player 2 token from slot 9
[19:32:36.900] [SEVERE ] player 2 placing token on slot 5
[19:32:36.919] [SEVERE ] removing player 5 token from slot 3
[19:32:36.932] [SEVERE ] removing player 1 token from slot 6
[19:32:36.952] [SEVERE ] player 2 placing token on slot 11
[19:32:36.955] [SEVERE ] setting player 2 freeze to 50
[19:32:36.970] [SEVERE ] player 5 placing token on slot 3
[19:32:36.974] [SEVERE ] setting player 2 freeze to 30
[19:32:36.976] [SEVERE ] setting player 5 freeze to 50
[19:32:36.985] [SEVERE ] player 1 placing token on slot 8
[19:32:36.988] [SEVERE ] setting player 2 freeze to 16
[19:32:36.989] [SEVERE ] setting player 5 freeze to 37
[19:32:36.990] [SEVERE ] setting player 1 freeze to 50
[19:32:37.015] [SEVERE ] setting player 1 freeze to 24
[19:32:37.015] [SEVERE ] setting player 2 freeze to -11
[19:32:37.016] [SEVERE ] setting player 2 freeze to 0
[19:32:37.016] [SEVERE ] setting player 5 freeze to 10
[19:32:37.042] [SEVERE ] setting player 1 freeze to -3
[19:32:37.043] [SEVERE ] setting player 1 freeze to 0
[19:32:37.044] [SEVERE ] setting player 5 freeze to -18
[19:32:37.046] [SEVERE ] setting player 5 freeze to 0
[19:32:37.092] [SEVERE ] removing player 1 token from slot 8
[19:32:37.129] [SEVERE ] removing player 5 token from slot 0
[19:32:37.145] [SEVERE ] player 1 placing token on slot 6
[19:32:37.146] [SEVERE ] setting player 1 freeze to 50
[19:32:37.172] [SEVERE ] setting player 1 freeze to 24
[19:32:37.180] [SEVERE ] player 5 placing token on slot 0
[19:32:37.181] [SEVERE ] setting player 1 freeze to 15
[19:32:37.182] [SEVERE ] setting player 5 freeze to 50
[19:32:37.209] [SEVERE ] setting player 1 freeze to -13
[19:32:37.212] [SEVERE ] setting player 1 freeze to 0
[19:32:37.214] [SEVERE ] setting player 5 freeze to 18
[19:32:37.241] [SEVERE ] setting player 5 freeze to -9
[19:32:37.242] [SEVERE ] setting player 5 freeze to 0
[19:32:37.247] [SEVERE ] removing player 1 token from slot 6
[19:32:37.300] [SEVERE ] player 1 placing token on slot 1
[19:32:37.301] [SEVERE ] setting player 1 freeze to 50
[19:32:37.326] [SEVERE ] setting player 1 freeze to 25
[19:32:37.354] [SEVERE ] setting player 1 freeze to -2
[19:32:37.357] [SEVERE ] setting player 1 freeze to 0
[19:32:37.386] [SEVERE ] removing player 5 token from slot 6
[19:32:37.439] [SEVERE ] player 5 placing token on slot 4
[19:32:37.443] [SEVERE ] setting player 5 freeze to 50
[19:32:37.469] [SEVERE ] setting player 5 freeze to 24
[19:32:37.495] [SEVERE ] setting player 5 freeze to -2
[19:32:37.497] [SEVERE ] setting player 5 freeze to 0
[19:32:37.581] [SEVERE ] exit button pressed
[19:32:37.702] [SEVERE ] removing player 5 token from slot 0
[19:32:37.704] [SEVERE ] removing card from slot 0
[19:32:37.806] [SEVERE ] removing player 1 token from slot 1
[19:32:37.809] [SEVERE ] removing card from slot 1
[19:32:37.912] [SEVERE ] removing card from slot 2
[19:32:38.013] [SEVERE ] removing player 2 token from slot 3
[19:32:38.015] [SEVERE ] removing player 5 token from slot 3
[19:32:38.016] [SEVERE ] removing card from slot 3
[19:32:38.117] [SEVERE ] removing player 1 token from slot 4
[19:32:38.119] [SEVERE ] removing player 5 token from slot 4
[19:32:38.121] [SEVERE ] removing card from slot 4
[19:32:38.223] [SEVERE ] removing player 2 token from slot 5
[19:32:38.224] [SEVERE ] removing card from slot 5
[19:32:38.325] [SEVERE ] removing card from slot 6
[19:32:38.427] [SEVERE ] removing card from slot 7
[19:32:38.528] [SEVERE ] removing card from slot 8
[19:32:38.629] [SEVERE ] removing card from slot 9
[19:32:38.730] [SEVERE ] removing player 1 token from slot 10
[19:32:38.732] [SEVERE ] removing card from slot 10
[19:32:38.834] [SEVERE ] removing player 2 token from slot 11
[19:32:38.835] [SEVERE ] removing card from slot 11
[19:32:38.838] [SEVERE ] announcing winner(s): player 1, player 2, player 3, player 4, player 5
[19:32:38.839] [INFO   ] thread dealer terminated.
[19:32:38.839] [INFO   ] thread dealer terminated.
[19:32:38.839] [SEVERE ] thanks for playing... it was fun!
[19:32:38.839] [INFO   ] thread bguspl.set.Main.main() terminated.
