[19:04:23.234] [INFO   ] thread bguspl.set.Main.main() starting.
[19:04:23.241] [SEVERE ] cannot read configuration file config.properties trying from resources.
[19:04:23.248] [SEVERE ] configuration file was loaded from resources directory.
[19:04:24.246] [INFO   ] thread dealer starting.
[19:04:24.247] [INFO   ] thread dealer starting.
[19:04:24.248] [INFO   ] thread Thread-1 starting.
[19:04:24.248] [INFO   ] thread Thread-2 starting.
[19:04:24.249] [INFO   ] thread Thread-3 starting.
[19:04:24.249] [INFO   ] thread Thread-4 starting.
[19:04:24.250] [INFO   ] thread computer-2 starting.
[19:04:24.250] [INFO   ] thread computer-3 starting.
[19:04:24.356] [SEVERE ] placing card 62 in slot 0
[19:04:24.457] [SEVERE ] placing card 29 in slot 1
[19:04:24.559] [SEVERE ] placing card 34 in slot 2
[19:04:24.660] [SEVERE ] placing card 75 in slot 3
[19:04:24.770] [SEVERE ] placing card 77 in slot 4
[19:04:24.876] [SEVERE ] placing card 15 in slot 5
[19:04:24.977] [SEVERE ] placing card 59 in slot 6
[19:04:25.079] [SEVERE ] placing card 70 in slot 7
[19:04:25.180] [SEVERE ] placing card 30 in slot 8
[19:04:25.331] [SEVERE ] placing card 4 in slot 9
[19:04:25.431] [SEVERE ] placing card 11 in slot 10
[19:04:25.534] [SEVERE ] placing card 72 in slot 11
[19:04:25.534] [SEVERE ] updating countdown to 60000
[19:04:25.562] [SEVERE ] updating countdown to 59972
[19:04:25.588] [SEVERE ] updating countdown to 59946
[19:04:25.614] [SEVERE ] updating countdown to 59920
[19:04:25.640] [SEVERE ] updating countdown to 59894
[19:04:25.667] [SEVERE ] updating countdown to 59867
[19:04:25.694] [SEVERE ] updating countdown to 59840
[19:04:25.721] [SEVERE ] updating countdown to 59813
[19:04:25.746] [SEVERE ] updating countdown to 59788
[19:04:25.772] [SEVERE ] updating countdown to 59762
[19:04:25.799] [SEVERE ] updating countdown to 59736
[19:04:25.825] [SEVERE ] updating countdown to 59709
[19:04:25.851] [SEVERE ] updating countdown to 59683
[19:04:25.877] [SEVERE ] updating countdown to 59657
[19:04:25.905] [SEVERE ] updating countdown to 59629
[19:04:25.931] [SEVERE ] updating countdown to 59603
[19:04:25.957] [SEVERE ] updating countdown to 59577
[19:04:25.983] [SEVERE ] updating countdown to 59551
[19:04:26.009] [SEVERE ] updating countdown to 59525
[19:04:26.035] [SEVERE ] updating countdown to 59499
[19:04:26.061] [SEVERE ] updating countdown to 59473
[19:04:26.086] [SEVERE ] updating countdown to 59448
[19:04:26.112] [SEVERE ] updating countdown to 59422
[19:04:26.138] [SEVERE ] updating countdown to 59396
[19:04:26.164] [SEVERE ] updating countdown to 59370
[19:04:26.190] [SEVERE ] updating countdown to 59344
[19:04:26.216] [SEVERE ] updating countdown to 59318
[19:04:26.242] [SEVERE ] updating countdown to 59292
[19:04:26.268] [SEVERE ] updating countdown to 59266
[19:04:26.294] [SEVERE ] updating countdown to 59240
[19:04:26.319] [SEVERE ] updating countdown to 59215
[19:04:26.345] [SEVERE ] updating countdown to 59189
[19:04:26.371] [SEVERE ] updating countdown to 59163
[19:04:26.397] [SEVERE ] updating countdown to 59137
[19:04:26.422] [SEVERE ] updating countdown to 59112
[19:04:26.448] [SEVERE ] updating countdown to 59086
[19:04:26.474] [SEVERE ] updating countdown to 59060
[19:04:26.499] [SEVERE ] updating countdown to 59035
[19:04:26.525] [SEVERE ] updating countdown to 59009
[19:04:26.551] [SEVERE ] updating countdown to 58983
[19:04:26.577] [SEVERE ] updating countdown to 58957
[19:04:26.603] [SEVERE ] updating countdown to 58931
[19:04:26.629] [SEVERE ] updating countdown to 58905
[19:04:26.654] [SEVERE ] updating countdown to 58880
[19:04:26.682] [SEVERE ] updating countdown to 58852
[19:04:26.708] [SEVERE ] updating countdown to 58826
[19:04:26.734] [SEVERE ] updating countdown to 58800
[19:04:26.760] [SEVERE ] updating countdown to 58774
[19:04:26.786] [SEVERE ] updating countdown to 58748
[19:04:26.812] [SEVERE ] updating countdown to 58722
[19:04:26.840] [SEVERE ] updating countdown to 58694
[19:04:26.867] [SEVERE ] updating countdown to 58667
[19:04:26.893] [SEVERE ] updating countdown to 58641
[19:04:26.919] [SEVERE ] updating countdown to 58615
[19:04:26.948] [SEVERE ] updating countdown to 58586
[19:04:26.974] [SEVERE ] updating countdown to 58560
[19:04:27.000] [SEVERE ] updating countdown to 58534
[19:04:27.026] [SEVERE ] updating countdown to 58508
[19:04:27.053] [SEVERE ] updating countdown to 58481
[19:04:27.079] [SEVERE ] updating countdown to 58455
[19:04:27.105] [SEVERE ] updating countdown to 58429
[19:04:27.131] [SEVERE ] updating countdown to 58403
[19:04:27.157] [SEVERE ] updating countdown to 58377
[19:04:27.183] [SEVERE ] updating countdown to 58351
[19:04:27.209] [SEVERE ] updating countdown to 58325
[19:04:27.235] [SEVERE ] updating countdown to 58299
[19:04:27.261] [SEVERE ] updating countdown to 58273
[19:04:27.287] [SEVERE ] updating countdown to 58248
[19:04:27.313] [SEVERE ] updating countdown to 58221
[19:04:27.339] [SEVERE ] updating countdown to 58195
[19:04:27.364] [SEVERE ] updating countdown to 58170
[19:04:27.390] [SEVERE ] updating countdown to 58144
[19:04:27.416] [SEVERE ] updating countdown to 58118
[19:04:27.442] [SEVERE ] updating countdown to 58092
[19:04:27.468] [SEVERE ] updating countdown to 58066
[19:04:27.494] [SEVERE ] updating countdown to 58041
[19:04:27.520] [SEVERE ] updating countdown to 58014
[19:04:27.545] [SEVERE ] updating countdown to 57989
[19:04:27.572] [SEVERE ] updating countdown to 57962
[19:04:27.598] [SEVERE ] updating countdown to 57936
[19:04:27.624] [SEVERE ] updating countdown to 57910
[19:04:27.650] [SEVERE ] updating countdown to 57884
[19:04:27.676] [SEVERE ] updating countdown to 57858
[19:04:27.702] [SEVERE ] updating countdown to 57832
[19:04:27.728] [SEVERE ] updating countdown to 57806
[19:04:27.754] [SEVERE ] updating countdown to 57780
[19:04:27.780] [SEVERE ] updating countdown to 57754
[19:04:27.815] [SEVERE ] updating countdown to 57719
[19:04:27.841] [SEVERE ] updating countdown to 57693
[19:04:27.866] [SEVERE ] updating countdown to 57668
[19:04:27.893] [SEVERE ] updating countdown to 57641
[19:04:27.918] [SEVERE ] updating countdown to 57616
[19:04:27.944] [SEVERE ] updating countdown to 57590
[19:04:27.970] [SEVERE ] updating countdown to 57564
[19:04:27.997] [SEVERE ] updating countdown to 57537
[19:04:28.023] [SEVERE ] updating countdown to 57511
[19:04:28.050] [SEVERE ] updating countdown to 57484
[19:04:28.076] [SEVERE ] updating countdown to 57458
[19:04:28.102] [SEVERE ] updating countdown to 57432
[19:04:28.128] [SEVERE ] updating countdown to 57406
[19:04:28.154] [SEVERE ] updating countdown to 57380
[19:04:28.180] [SEVERE ] updating countdown to 57354
[19:04:28.206] [SEVERE ] updating countdown to 57328
[19:04:28.233] [SEVERE ] updating countdown to 57301
[19:04:28.279] [SEVERE ] updating countdown to 57256
[19:04:28.304] [SEVERE ] updating countdown to 57230
[19:04:28.330] [SEVERE ] updating countdown to 57204
[19:04:28.356] [SEVERE ] updating countdown to 57178
[19:04:28.392] [SEVERE ] updating countdown to 57142
[19:04:28.417] [SEVERE ] updating countdown to 57117
[19:04:28.443] [SEVERE ] updating countdown to 57091
[19:04:28.473] [SEVERE ] updating countdown to 57061
[19:04:28.498] [SEVERE ] updating countdown to 57036
[19:04:28.539] [SEVERE ] updating countdown to 56995
[19:04:28.568] [SEVERE ] updating countdown to 56966
[19:04:28.593] [SEVERE ] updating countdown to 56941
[19:04:28.619] [SEVERE ] updating countdown to 56915
[19:04:28.645] [SEVERE ] updating countdown to 56889
[19:04:28.670] [SEVERE ] updating countdown to 56864
[19:04:28.697] [SEVERE ] updating countdown to 56837
[19:04:28.723] [SEVERE ] updating countdown to 56811
[19:04:28.748] [SEVERE ] updating countdown to 56786
[19:04:28.774] [SEVERE ] updating countdown to 56760
[19:04:28.800] [SEVERE ] updating countdown to 56734
[19:04:28.878] [SEVERE ] updating countdown to 56656
[19:04:28.904] [SEVERE ] updating countdown to 56630
[19:04:28.929] [SEVERE ] updating countdown to 56605
[19:04:28.956] [SEVERE ] updating countdown to 56578
[19:04:28.981] [SEVERE ] updating countdown to 56553
[19:04:29.007] [SEVERE ] updating countdown to 56527
[19:04:29.033] [SEVERE ] updating countdown to 56501
[19:04:29.058] [SEVERE ] updating countdown to 56476
[19:04:29.091] [SEVERE ] updating countdown to 56443
[19:04:29.117] [SEVERE ] updating countdown to 56417
[19:04:29.148] [SEVERE ] updating countdown to 56386
[19:04:29.174] [SEVERE ] updating countdown to 56360
[19:04:29.200] [SEVERE ] updating countdown to 56334
[19:04:29.226] [SEVERE ] updating countdown to 56308
[19:04:29.253] [SEVERE ] updating countdown to 56281
[19:04:29.279] [SEVERE ] updating countdown to 56255
[19:04:29.305] [SEVERE ] updating countdown to 56229
[19:04:29.333] [SEVERE ] updating countdown to 56201
[19:04:29.359] [SEVERE ] updating countdown to 56175
[19:04:29.385] [SEVERE ] updating countdown to 56149
[19:04:29.411] [SEVERE ] updating countdown to 56123
[19:04:29.436] [SEVERE ] updating countdown to 56098
[19:04:29.462] [SEVERE ] updating countdown to 56072
[19:04:29.488] [SEVERE ] updating countdown to 56046
[19:04:29.514] [SEVERE ] updating countdown to 56020
[19:04:29.539] [SEVERE ] updating countdown to 55995
[19:04:29.565] [SEVERE ] updating countdown to 55969
[19:04:29.591] [SEVERE ] updating countdown to 55943
[19:04:29.617] [SEVERE ] updating countdown to 55917
[19:04:29.643] [SEVERE ] updating countdown to 55891
[19:04:29.669] [SEVERE ] updating countdown to 55865
[19:04:29.694] [SEVERE ] updating countdown to 55840
[19:04:29.720] [SEVERE ] updating countdown to 55814
[19:04:29.746] [SEVERE ] updating countdown to 55788
[19:04:29.772] [SEVERE ] updating countdown to 55762
[19:04:29.798] [SEVERE ] updating countdown to 55736
[19:04:29.824] [SEVERE ] updating countdown to 55711
[19:04:29.858] [SEVERE ] updating countdown to 55676
[19:04:29.884] [SEVERE ] updating countdown to 55650
[19:04:29.912] [SEVERE ] updating countdown to 55622
[19:04:29.937] [SEVERE ] updating countdown to 55597
[19:04:29.963] [SEVERE ] updating countdown to 55571
[19:04:29.989] [SEVERE ] updating countdown to 55545
[19:04:30.017] [SEVERE ] updating countdown to 55518
[19:04:30.078] [SEVERE ] updating countdown to 55456
[19:04:30.103] [SEVERE ] updating countdown to 55431
[19:04:30.129] [SEVERE ] updating countdown to 55405
[19:04:30.166] [SEVERE ] updating countdown to 55368
[19:04:30.196] [SEVERE ] updating countdown to 55338
[19:04:30.221] [SEVERE ] updating countdown to 55313
[19:04:30.247] [SEVERE ] updating countdown to 55287
[19:04:30.274] [SEVERE ] updating countdown to 55260
[19:04:30.300] [SEVERE ] updating countdown to 55234
[19:04:30.325] [SEVERE ] updating countdown to 55209
[19:04:30.351] [SEVERE ] updating countdown to 55183
[19:04:30.383] [SEVERE ] updating countdown to 55151
[19:04:30.409] [SEVERE ] updating countdown to 55125
[19:04:30.434] [SEVERE ] updating countdown to 55100
[19:04:30.460] [SEVERE ] updating countdown to 55074
[19:04:30.486] [SEVERE ] updating countdown to 55048
[19:04:30.512] [SEVERE ] updating countdown to 55022
[19:04:30.537] [SEVERE ] updating countdown to 54997
[19:04:30.563] [SEVERE ] updating countdown to 54971
[19:04:30.589] [SEVERE ] updating countdown to 54945
[19:04:30.615] [SEVERE ] updating countdown to 54919
[19:04:30.640] [SEVERE ] updating countdown to 54894
[19:04:30.666] [SEVERE ] updating countdown to 54868
[19:04:30.693] [SEVERE ] updating countdown to 54841
[19:04:30.719] [SEVERE ] updating countdown to 54815
[19:04:30.747] [SEVERE ] updating countdown to 54787
[19:04:30.773] [SEVERE ] updating countdown to 54761
[19:04:30.799] [SEVERE ] updating countdown to 54735
[19:04:30.825] [SEVERE ] updating countdown to 54709
[19:04:30.851] [SEVERE ] updating countdown to 54683
[19:04:30.877] [SEVERE ] updating countdown to 54657
[19:04:30.905] [SEVERE ] updating countdown to 54629
[19:04:30.930] [SEVERE ] updating countdown to 54604
[19:04:30.960] [SEVERE ] updating countdown to 54574
[19:04:30.985] [SEVERE ] updating countdown to 54549
[19:04:31.011] [SEVERE ] updating countdown to 54523
[19:04:31.037] [SEVERE ] updating countdown to 54497
[19:04:31.063] [SEVERE ] updating countdown to 54471
[19:04:31.089] [SEVERE ] updating countdown to 54445
[19:04:31.116] [SEVERE ] updating countdown to 54419
[19:04:31.141] [SEVERE ] updating countdown to 54393
[19:04:31.167] [SEVERE ] updating countdown to 54367
[19:04:31.193] [SEVERE ] updating countdown to 54341
[19:04:31.219] [SEVERE ] updating countdown to 54315
[19:04:31.245] [SEVERE ] updating countdown to 54289
[19:04:31.271] [SEVERE ] updating countdown to 54263
[19:04:31.309] [SEVERE ] updating countdown to 54225
[19:04:31.336] [SEVERE ] updating countdown to 54198
[19:04:31.398] [SEVERE ] updating countdown to 54136
[19:04:31.424] [SEVERE ] updating countdown to 54110
[19:04:31.450] [SEVERE ] updating countdown to 54084
[19:04:31.477] [SEVERE ] updating countdown to 54057
[19:04:31.506] [SEVERE ] updating countdown to 54028
[19:04:31.553] [SEVERE ] updating countdown to 53981
[19:04:31.579] [SEVERE ] updating countdown to 53955
[19:04:31.605] [SEVERE ] updating countdown to 53929
[19:04:31.632] [SEVERE ] updating countdown to 53902
[19:04:31.660] [SEVERE ] updating countdown to 53874
[19:04:31.685] [SEVERE ] updating countdown to 53849
[19:04:31.712] [SEVERE ] updating countdown to 53822
[19:04:31.738] [SEVERE ] updating countdown to 53796
[19:04:31.765] [SEVERE ] updating countdown to 53770
[19:04:31.792] [SEVERE ] updating countdown to 53742
[19:04:31.818] [SEVERE ] updating countdown to 53716
[19:04:31.844] [SEVERE ] updating countdown to 53690
[19:04:31.871] [SEVERE ] updating countdown to 53663
[19:04:31.896] [SEVERE ] updating countdown to 53638
[19:04:31.924] [SEVERE ] updating countdown to 53610
[19:04:31.950] [SEVERE ] updating countdown to 53584
[19:04:31.983] [SEVERE ] updating countdown to 53551
[19:04:32.033] [SEVERE ] updating countdown to 53501
[19:04:32.059] [SEVERE ] updating countdown to 53475
[19:04:32.085] [SEVERE ] updating countdown to 53449
[19:04:32.110] [SEVERE ] updating countdown to 53424
[19:04:32.136] [SEVERE ] updating countdown to 53398
[19:04:32.162] [SEVERE ] updating countdown to 53372
[19:04:32.188] [SEVERE ] updating countdown to 53346
[19:04:32.213] [SEVERE ] updating countdown to 53321
[19:04:32.244] [SEVERE ] updating countdown to 53290
[19:04:32.297] [SEVERE ] updating countdown to 53237
[19:04:32.324] [SEVERE ] updating countdown to 53210
[19:04:32.350] [SEVERE ] updating countdown to 53184
[19:04:32.378] [SEVERE ] updating countdown to 53156
[19:04:32.406] [SEVERE ] updating countdown to 53128
[19:04:32.432] [SEVERE ] updating countdown to 53102
[19:04:32.458] [SEVERE ] updating countdown to 53076
[19:04:32.484] [SEVERE ] updating countdown to 53050
[19:04:32.510] [SEVERE ] updating countdown to 53024
[19:04:32.536] [SEVERE ] updating countdown to 52998
[19:04:32.563] [SEVERE ] updating countdown to 52971
[19:04:32.594] [SEVERE ] updating countdown to 52940
[19:04:32.620] [SEVERE ] updating countdown to 52914
[19:04:32.664] [SEVERE ] updating countdown to 52870
[19:04:32.700] [SEVERE ] updating countdown to 52834
[19:04:32.726] [SEVERE ] updating countdown to 52808
[19:04:32.752] [SEVERE ] updating countdown to 52782
[19:04:32.778] [SEVERE ] updating countdown to 52756
[19:04:32.807] [SEVERE ] updating countdown to 52727
[19:04:32.833] [SEVERE ] updating countdown to 52701
[19:04:32.872] [SEVERE ] updating countdown to 52662
[19:04:32.897] [SEVERE ] updating countdown to 52637
[19:04:32.923] [SEVERE ] updating countdown to 52611
[19:04:32.949] [SEVERE ] updating countdown to 52585
[19:04:32.982] [SEVERE ] updating countdown to 52552
[19:04:33.008] [SEVERE ] updating countdown to 52526
[19:04:33.034] [SEVERE ] updating countdown to 52500
[19:04:33.060] [SEVERE ] updating countdown to 52474
[19:04:33.093] [SEVERE ] updating countdown to 52441
[19:04:33.119] [SEVERE ] updating countdown to 52415
[19:04:33.145] [SEVERE ] updating countdown to 52389
[19:04:33.176] [SEVERE ] updating countdown to 52358
[19:04:33.202] [SEVERE ] updating countdown to 52332
[19:04:33.228] [SEVERE ] updating countdown to 52306
[19:04:33.253] [SEVERE ] updating countdown to 52281
[19:04:33.279] [SEVERE ] updating countdown to 52255
[19:04:33.305] [SEVERE ] updating countdown to 52229
[19:04:33.331] [SEVERE ] updating countdown to 52203
[19:04:33.358] [SEVERE ] updating countdown to 52176
[19:04:33.385] [SEVERE ] updating countdown to 52149
[19:04:33.411] [SEVERE ] updating countdown to 52123
[19:04:33.437] [SEVERE ] updating countdown to 52097
[19:04:33.464] [SEVERE ] updating countdown to 52070
[19:04:33.489] [SEVERE ] updating countdown to 52045
[19:04:33.515] [SEVERE ] updating countdown to 52019
[19:04:33.542] [SEVERE ] updating countdown to 51992
[19:04:33.568] [SEVERE ] updating countdown to 51966
[19:04:33.594] [SEVERE ] updating countdown to 51940
[19:04:33.619] [SEVERE ] updating countdown to 51915
[19:04:33.645] [SEVERE ] updating countdown to 51889
[19:04:33.690] [SEVERE ] updating countdown to 51844
[19:04:33.716] [SEVERE ] updating countdown to 51818
[19:04:33.747] [SEVERE ] updating countdown to 51787
[19:04:33.777] [SEVERE ] updating countdown to 51757
[19:04:33.803] [SEVERE ] updating countdown to 51731
[19:04:33.829] [SEVERE ] updating countdown to 51705
[19:04:33.855] [SEVERE ] updating countdown to 51679
[19:04:33.885] [SEVERE ] updating countdown to 51649
[19:04:33.911] [SEVERE ] updating countdown to 51623
[19:04:33.937] [SEVERE ] updating countdown to 51597
[19:04:33.963] [SEVERE ] updating countdown to 51571
[19:04:33.989] [SEVERE ] updating countdown to 51545
[19:04:34.015] [SEVERE ] updating countdown to 51519
[19:04:34.044] [SEVERE ] updating countdown to 51490
[19:04:34.090] [SEVERE ] updating countdown to 51444
[19:04:34.116] [SEVERE ] updating countdown to 51418
[19:04:34.146] [SEVERE ] updating countdown to 51388
[19:04:34.201] [SEVERE ] updating countdown to 51333
[19:04:34.227] [SEVERE ] updating countdown to 51307
[19:04:34.253] [SEVERE ] updating countdown to 51281
[19:04:34.279] [SEVERE ] updating countdown to 51255
[19:04:34.312] [SEVERE ] updating countdown to 51222
[19:04:34.338] [SEVERE ] updating countdown to 51196
[19:04:34.375] [SEVERE ] updating countdown to 51159
[19:04:34.401] [SEVERE ] updating countdown to 51133
[19:04:34.427] [SEVERE ] updating countdown to 51107
[19:04:34.453] [SEVERE ] updating countdown to 51081
[19:04:34.479] [SEVERE ] updating countdown to 51055
[19:04:34.505] [SEVERE ] updating countdown to 51029
[19:04:34.536] [SEVERE ] updating countdown to 50998
[19:04:34.562] [SEVERE ] updating countdown to 50972
[19:04:34.588] [SEVERE ] updating countdown to 50946
[19:04:34.615] [SEVERE ] updating countdown to 50920
[19:04:34.655] [SEVERE ] updating countdown to 50879
[19:04:34.681] [SEVERE ] updating countdown to 50853
[19:04:34.707] [SEVERE ] updating countdown to 50827
[19:04:34.735] [SEVERE ] updating countdown to 50799
[19:04:34.762] [SEVERE ] updating countdown to 50772
[19:04:34.796] [SEVERE ] updating countdown to 50738
[19:04:34.821] [SEVERE ] updating countdown to 50713
[19:04:34.847] [SEVERE ] updating countdown to 50687
[19:04:34.873] [SEVERE ] updating countdown to 50661
[19:04:34.899] [SEVERE ] updating countdown to 50635
[19:04:34.925] [SEVERE ] updating countdown to 50609
[19:04:34.988] [SEVERE ] updating countdown to 50546
[19:04:35.014] [SEVERE ] updating countdown to 50520
[19:04:35.040] [SEVERE ] updating countdown to 50494
[19:04:35.072] [SEVERE ] updating countdown to 50462
[19:04:35.123] [SEVERE ] updating countdown to 50411
[19:04:35.149] [SEVERE ] updating countdown to 50385
[19:04:35.180] [SEVERE ] updating countdown to 50354
[19:04:35.224] [SEVERE ] updating countdown to 50310
[19:04:35.250] [SEVERE ] updating countdown to 50284
[19:04:35.275] [SEVERE ] updating countdown to 50259
[19:04:35.301] [SEVERE ] updating countdown to 50233
[19:04:35.328] [SEVERE ] updating countdown to 50206
[19:04:35.358] [SEVERE ] updating countdown to 50176
[19:04:35.384] [SEVERE ] updating countdown to 50150
[19:04:35.409] [SEVERE ] updating countdown to 50125
[19:04:35.435] [SEVERE ] updating countdown to 50099
[19:04:35.465] [SEVERE ] updating countdown to 50069
[19:04:35.491] [SEVERE ] updating countdown to 50043
[19:04:35.582] [SEVERE ] updating countdown to 49952
[19:04:35.608] [SEVERE ] updating countdown to 49926
[19:04:35.633] [SEVERE ] updating countdown to 49901
[19:04:35.661] [SEVERE ] updating countdown to 49873
[19:04:35.686] [SEVERE ] updating countdown to 49848
[19:04:35.713] [SEVERE ] updating countdown to 49821
[19:04:35.739] [SEVERE ] updating countdown to 49795
[19:04:35.765] [SEVERE ] updating countdown to 49769
[19:04:35.815] [SEVERE ] updating countdown to 49719
[19:04:35.841] [SEVERE ] updating countdown to 49693
[19:04:35.868] [SEVERE ] updating countdown to 49666
[19:04:35.894] [SEVERE ] updating countdown to 49640
[19:04:35.920] [SEVERE ] updating countdown to 49614
[19:04:35.947] [SEVERE ] updating countdown to 49587
[19:04:35.973] [SEVERE ] updating countdown to 49561
[19:04:36.005] [SEVERE ] updating countdown to 49529
[19:04:36.038] [SEVERE ] updating countdown to 49496
[19:04:36.064] [SEVERE ] updating countdown to 49470
[19:04:36.089] [SEVERE ] updating countdown to 49445
[19:04:36.118] [SEVERE ] updating countdown to 49416
[19:04:36.144] [SEVERE ] updating countdown to 49390
[19:04:36.170] [SEVERE ] updating countdown to 49364
[19:04:36.197] [SEVERE ] updating countdown to 49337
[19:04:36.233] [SEVERE ] updating countdown to 49301
[19:04:36.258] [SEVERE ] updating countdown to 49276
[19:04:36.285] [SEVERE ] updating countdown to 49249
[19:04:36.311] [SEVERE ] updating countdown to 49223
[19:04:36.337] [SEVERE ] updating countdown to 49197
[19:04:36.363] [SEVERE ] updating countdown to 49171
[19:04:36.388] [SEVERE ] updating countdown to 49146
[19:04:36.414] [SEVERE ] updating countdown to 49120
[19:04:36.439] [SEVERE ] updating countdown to 49095
[19:04:36.472] [SEVERE ] updating countdown to 49062
[19:04:36.497] [SEVERE ] updating countdown to 49037
[19:04:36.524] [SEVERE ] updating countdown to 49010
[19:04:36.550] [SEVERE ] updating countdown to 48984
[19:04:36.579] [SEVERE ] updating countdown to 48955
[19:04:36.604] [SEVERE ] updating countdown to 48930
[19:04:36.630] [SEVERE ] updating countdown to 48904
[19:04:36.656] [SEVERE ] updating countdown to 48878
[19:04:36.682] [SEVERE ] updating countdown to 48852
[19:04:36.707] [SEVERE ] updating countdown to 48827
[19:04:36.733] [SEVERE ] updating countdown to 48801
[19:04:36.759] [SEVERE ] updating countdown to 48775
[19:04:36.785] [SEVERE ] updating countdown to 48749
[19:04:36.811] [SEVERE ] updating countdown to 48723
[19:04:36.837] [SEVERE ] updating countdown to 48697
[19:04:36.863] [SEVERE ] updating countdown to 48671
[19:04:36.902] [SEVERE ] updating countdown to 48632
[19:04:36.928] [SEVERE ] updating countdown to 48606
[19:04:36.955] [SEVERE ] updating countdown to 48579
[19:04:36.984] [SEVERE ] updating countdown to 48550
[19:04:37.011] [SEVERE ] updating countdown to 48523
[19:04:37.037] [SEVERE ] updating countdown to 48497
[19:04:37.065] [SEVERE ] updating countdown to 48469
[19:04:37.092] [SEVERE ] updating countdown to 48442
[19:04:37.117] [SEVERE ] updating countdown to 48417
[19:04:37.144] [SEVERE ] updating countdown to 48390
[19:04:37.176] [SEVERE ] updating countdown to 48358
[19:04:37.221] [SEVERE ] updating countdown to 48313
[19:04:37.247] [SEVERE ] updating countdown to 48287
[19:04:37.273] [SEVERE ] updating countdown to 48261
[19:04:37.299] [SEVERE ] updating countdown to 48235
[19:04:37.377] [SEVERE ] updating countdown to 48157
[19:04:37.403] [SEVERE ] updating countdown to 48131
[19:04:37.428] [SEVERE ] updating countdown to 48106
[19:04:37.454] [SEVERE ] updating countdown to 48080
[19:04:37.481] [SEVERE ] updating countdown to 48053
[19:04:37.507] [SEVERE ] updating countdown to 48027
[19:04:37.533] [SEVERE ] updating countdown to 48001
[19:04:37.559] [SEVERE ] updating countdown to 47975
[19:04:37.584] [SEVERE ] updating countdown to 47950
[19:04:37.610] [SEVERE ] updating countdown to 47924
[19:04:37.636] [SEVERE ] updating countdown to 47898
[19:04:37.665] [SEVERE ] updating countdown to 47869
[19:04:37.692] [SEVERE ] updating countdown to 47842
[19:04:37.718] [SEVERE ] updating countdown to 47816
[19:04:37.744] [SEVERE ] updating countdown to 47790
[19:04:37.774] [SEVERE ] updating countdown to 47760
[19:04:37.799] [SEVERE ] updating countdown to 47735
[19:04:37.831] [SEVERE ] updating countdown to 47703
[19:04:37.857] [SEVERE ] updating countdown to 47677
[19:04:37.883] [SEVERE ] updating countdown to 47651
[19:04:37.909] [SEVERE ] updating countdown to 47625
[19:04:37.936] [SEVERE ] updating countdown to 47598
[19:04:37.962] [SEVERE ] updating countdown to 47572
[19:04:37.988] [SEVERE ] updating countdown to 47546
[19:04:38.013] [SEVERE ] updating countdown to 47521
[19:04:38.039] [SEVERE ] updating countdown to 47495
[19:04:38.065] [SEVERE ] updating countdown to 47469
[19:04:38.091] [SEVERE ] updating countdown to 47443
[19:04:38.117] [SEVERE ] updating countdown to 47417
[19:04:38.147] [SEVERE ] updating countdown to 47387
[19:04:38.173] [SEVERE ] updating countdown to 47361
[19:04:38.199] [SEVERE ] updating countdown to 47335
[19:04:38.225] [SEVERE ] updating countdown to 47309
[19:04:38.253] [SEVERE ] updating countdown to 47281
[19:04:38.279] [SEVERE ] updating countdown to 47255
[19:04:38.310] [SEVERE ] updating countdown to 47224
[19:04:38.336] [SEVERE ] updating countdown to 47198
[19:04:38.363] [SEVERE ] updating countdown to 47171
[19:04:38.389] [SEVERE ] updating countdown to 47145
[19:04:38.441] [SEVERE ] updating countdown to 47093
[19:04:38.467] [SEVERE ] updating countdown to 47067
[19:04:38.492] [SEVERE ] updating countdown to 47042
[19:04:38.518] [SEVERE ] updating countdown to 47016
[19:04:38.544] [SEVERE ] updating countdown to 46990
[19:04:38.569] [SEVERE ] updating countdown to 46965
[19:04:38.595] [SEVERE ] updating countdown to 46939
[19:04:38.621] [SEVERE ] updating countdown to 46913
[19:04:38.647] [SEVERE ] updating countdown to 46887
[19:04:38.672] [SEVERE ] updating countdown to 46862
[19:04:38.698] [SEVERE ] updating countdown to 46836
[19:04:38.724] [SEVERE ] updating countdown to 46810
[19:04:38.749] [SEVERE ] updating countdown to 46785
[19:04:38.775] [SEVERE ] updating countdown to 46759
[19:04:38.801] [SEVERE ] updating countdown to 46733
[19:04:38.827] [SEVERE ] updating countdown to 46707
[19:04:38.853] [SEVERE ] updating countdown to 46681
[19:04:38.883] [SEVERE ] updating countdown to 46651
[19:04:38.909] [SEVERE ] updating countdown to 46625
[19:04:38.934] [SEVERE ] updating countdown to 46600
[19:04:38.960] [SEVERE ] updating countdown to 46574
[19:04:38.986] [SEVERE ] updating countdown to 46548
[19:04:39.011] [SEVERE ] updating countdown to 46523
[19:04:39.037] [SEVERE ] updating countdown to 46497
[19:04:39.062] [SEVERE ] updating countdown to 46472
[19:04:39.091] [SEVERE ] updating countdown to 46443
[19:04:39.116] [SEVERE ] updating countdown to 46418
[19:04:39.142] [SEVERE ] updating countdown to 46392
[19:04:39.168] [SEVERE ] updating countdown to 46366
[19:04:39.193] [SEVERE ] updating countdown to 46341
[19:04:39.222] [SEVERE ] updating countdown to 46312
[19:04:39.247] [SEVERE ] updating countdown to 46287
[19:04:39.273] [SEVERE ] updating countdown to 46261
[19:04:39.299] [SEVERE ] updating countdown to 46235
[19:04:39.324] [SEVERE ] updating countdown to 46210
[19:04:39.350] [SEVERE ] updating countdown to 46184
[19:04:39.375] [SEVERE ] updating countdown to 46159
[19:04:39.401] [SEVERE ] updating countdown to 46133
[19:04:39.427] [SEVERE ] updating countdown to 46107
[19:04:39.453] [SEVERE ] updating countdown to 46081
[19:04:39.479] [SEVERE ] updating countdown to 46055
[19:04:39.504] [SEVERE ] updating countdown to 46030
[19:04:39.530] [SEVERE ] updating countdown to 46004
[19:04:39.555] [SEVERE ] updating countdown to 45979
[19:04:39.581] [SEVERE ] updating countdown to 45953
[19:04:39.607] [SEVERE ] updating countdown to 45927
[19:04:39.633] [SEVERE ] updating countdown to 45901
[19:04:39.659] [SEVERE ] updating countdown to 45875
[19:04:39.686] [SEVERE ] updating countdown to 45848
[19:04:39.712] [SEVERE ] updating countdown to 45822
[19:04:39.739] [SEVERE ] updating countdown to 45795
[19:04:39.765] [SEVERE ] updating countdown to 45769
[19:04:39.790] [SEVERE ] updating countdown to 45744
[19:04:39.816] [SEVERE ] updating countdown to 45718
[19:04:39.842] [SEVERE ] updating countdown to 45692
[19:04:39.868] [SEVERE ] updating countdown to 45666
[19:04:39.894] [SEVERE ] updating countdown to 45640
[19:04:39.919] [SEVERE ] updating countdown to 45615
[19:04:39.945] [SEVERE ] updating countdown to 45589
[19:04:39.971] [SEVERE ] updating countdown to 45563
[19:04:39.997] [SEVERE ] updating countdown to 45537
[19:04:40.023] [SEVERE ] updating countdown to 45511
[19:04:40.049] [SEVERE ] updating countdown to 45485
[19:04:40.075] [SEVERE ] updating countdown to 45459
[19:04:40.101] [SEVERE ] updating countdown to 45433
[19:04:40.127] [SEVERE ] updating countdown to 45407
[19:04:40.155] [SEVERE ] updating countdown to 45379
[19:04:40.181] [SEVERE ] updating countdown to 45353
[19:04:40.207] [SEVERE ] updating countdown to 45327
[19:04:40.233] [SEVERE ] updating countdown to 45301
[19:04:40.259] [SEVERE ] updating countdown to 45275
[19:04:40.294] [SEVERE ] updating countdown to 45240
[19:04:40.320] [SEVERE ] updating countdown to 45214
[19:04:40.345] [SEVERE ] updating countdown to 45189
[19:04:40.371] [SEVERE ] updating countdown to 45163
[19:04:40.398] [SEVERE ] updating countdown to 45136
[19:04:40.401] [SEVERE ] key 65 was pressed by player 1
[19:04:40.403] [SEVERE ] player 1 placing token on slot 4
[19:04:40.430] [SEVERE ] updating countdown to 45104
[19:04:40.456] [SEVERE ] updating countdown to 45078
[19:04:40.481] [SEVERE ] updating countdown to 45053
[19:04:40.507] [SEVERE ] updating countdown to 45027
[19:04:40.533] [SEVERE ] updating countdown to 45001
[19:04:40.560] [SEVERE ] updating countdown to 44974
[19:04:40.595] [SEVERE ] updating countdown to 44939
[19:04:40.621] [SEVERE ] updating countdown to 44913
[19:04:40.646] [SEVERE ] updating countdown to 44888
[19:04:40.673] [SEVERE ] updating countdown to 44861
[19:04:40.731] [SEVERE ] updating countdown to 44803
[19:04:40.757] [SEVERE ] updating countdown to 44777
[19:04:40.784] [SEVERE ] updating countdown to 44750
[19:04:40.810] [SEVERE ] updating countdown to 44724
[19:04:40.837] [SEVERE ] updating countdown to 44697
[19:04:40.862] [SEVERE ] updating countdown to 44672
[19:04:40.889] [SEVERE ] updating countdown to 44645
[19:04:40.915] [SEVERE ] updating countdown to 44619
[19:04:40.940] [SEVERE ] updating countdown to 44594
[19:04:40.966] [SEVERE ] updating countdown to 44568
[19:04:40.995] [SEVERE ] updating countdown to 44539
[19:04:41.049] [SEVERE ] updating countdown to 44485
[19:04:41.075] [SEVERE ] updating countdown to 44459
[19:04:41.100] [SEVERE ] updating countdown to 44434
[19:04:41.127] [SEVERE ] updating countdown to 44407
[19:04:41.153] [SEVERE ] updating countdown to 44381
[19:04:41.179] [SEVERE ] updating countdown to 44355
[19:04:41.206] [SEVERE ] updating countdown to 44328
[19:04:41.236] [SEVERE ] updating countdown to 44298
[19:04:41.262] [SEVERE ] updating countdown to 44272
[19:04:41.288] [SEVERE ] updating countdown to 44246
[19:04:41.314] [SEVERE ] updating countdown to 44220
[19:04:41.339] [SEVERE ] updating countdown to 44195
[19:04:41.365] [SEVERE ] updating countdown to 44169
[19:04:41.391] [SEVERE ] updating countdown to 44143
[19:04:41.417] [SEVERE ] updating countdown to 44117
[19:04:41.443] [SEVERE ] updating countdown to 44091
[19:04:41.469] [SEVERE ] updating countdown to 44065
[19:04:41.496] [SEVERE ] updating countdown to 44038
[19:04:41.522] [SEVERE ] updating countdown to 44012
[19:04:41.548] [SEVERE ] updating countdown to 43986
[19:04:41.574] [SEVERE ] updating countdown to 43960
[19:04:41.600] [SEVERE ] updating countdown to 43934
[19:04:41.626] [SEVERE ] updating countdown to 43908
[19:04:41.652] [SEVERE ] updating countdown to 43882
[19:04:41.678] [SEVERE ] updating countdown to 43856
[19:04:41.704] [SEVERE ] updating countdown to 43830
[19:04:41.730] [SEVERE ] updating countdown to 43804
[19:04:41.756] [SEVERE ] updating countdown to 43778
[19:04:41.785] [SEVERE ] updating countdown to 43749
[19:04:41.811] [SEVERE ] updating countdown to 43723
[19:04:41.836] [SEVERE ] updating countdown to 43698
[19:04:41.863] [SEVERE ] updating countdown to 43671
[19:04:41.888] [SEVERE ] updating countdown to 43646
[19:04:41.915] [SEVERE ] updating countdown to 43619
[19:04:41.941] [SEVERE ] updating countdown to 43593
[19:04:41.967] [SEVERE ] updating countdown to 43567
[19:04:41.993] [SEVERE ] updating countdown to 43541
[19:04:42.019] [SEVERE ] updating countdown to 43515
[19:04:42.045] [SEVERE ] updating countdown to 43489
[19:04:42.072] [SEVERE ] updating countdown to 43462
[19:04:42.098] [SEVERE ] updating countdown to 43436
[19:04:42.125] [SEVERE ] updating countdown to 43409
[19:04:42.151] [SEVERE ] updating countdown to 43383
[19:04:42.176] [SEVERE ] updating countdown to 43358
[19:04:42.202] [SEVERE ] updating countdown to 43332
[19:04:42.228] [SEVERE ] updating countdown to 43306
[19:04:42.254] [SEVERE ] updating countdown to 43280
[19:04:42.280] [SEVERE ] updating countdown to 43254
[19:04:42.306] [SEVERE ] updating countdown to 43228
[19:04:42.332] [SEVERE ] updating countdown to 43202
[19:04:42.358] [SEVERE ] updating countdown to 43176
[19:04:42.384] [SEVERE ] updating countdown to 43150
[19:04:42.410] [SEVERE ] updating countdown to 43124
[19:04:42.491] [SEVERE ] updating countdown to 43043
[19:04:42.517] [SEVERE ] updating countdown to 43017
[19:04:42.542] [SEVERE ] updating countdown to 42992
[19:04:42.568] [SEVERE ] updating countdown to 42966
[19:04:42.594] [SEVERE ] updating countdown to 42940
[19:04:42.619] [SEVERE ] updating countdown to 42915
[19:04:42.645] [SEVERE ] updating countdown to 42889
[19:04:42.671] [SEVERE ] updating countdown to 42863
[19:04:42.696] [SEVERE ] updating countdown to 42838
[19:04:42.722] [SEVERE ] updating countdown to 42812
[19:04:42.763] [SEVERE ] updating countdown to 42771
[19:04:42.788] [SEVERE ] updating countdown to 42746
[19:04:42.815] [SEVERE ] updating countdown to 42719
[19:04:42.841] [SEVERE ] updating countdown to 42693
[19:04:42.868] [SEVERE ] updating countdown to 42666
[19:04:42.894] [SEVERE ] updating countdown to 42640
[19:04:42.920] [SEVERE ] updating countdown to 42614
[19:04:42.946] [SEVERE ] updating countdown to 42588
[19:04:42.972] [SEVERE ] updating countdown to 42562
[19:04:43.000] [SEVERE ] updating countdown to 42534
[19:04:43.053] [SEVERE ] updating countdown to 42481
[19:04:43.079] [SEVERE ] updating countdown to 42455
[19:04:43.105] [SEVERE ] updating countdown to 42429
[19:04:43.131] [SEVERE ] updating countdown to 42403
[19:04:43.158] [SEVERE ] updating countdown to 42376
[19:04:43.184] [SEVERE ] updating countdown to 42350
[19:04:43.210] [SEVERE ] updating countdown to 42324
[19:04:43.236] [SEVERE ] updating countdown to 42298
[19:04:43.262] [SEVERE ] updating countdown to 42272
[19:04:43.308] [SEVERE ] updating countdown to 42226
[19:04:43.334] [SEVERE ] updating countdown to 42200
[19:04:43.360] [SEVERE ] updating countdown to 42174
[19:04:43.387] [SEVERE ] updating countdown to 42147
[19:04:43.421] [SEVERE ] updating countdown to 42113
[19:04:43.447] [SEVERE ] updating countdown to 42087
[19:04:43.473] [SEVERE ] updating countdown to 42061
[19:04:43.516] [SEVERE ] updating countdown to 42018
[19:04:43.569] [SEVERE ] updating countdown to 41965
[19:04:43.595] [SEVERE ] updating countdown to 41939
[19:04:43.621] [SEVERE ] updating countdown to 41913
[19:04:43.647] [SEVERE ] updating countdown to 41887
[19:04:43.673] [SEVERE ] updating countdown to 41861
[19:04:43.731] [SEVERE ] updating countdown to 41803
[19:04:43.757] [SEVERE ] updating countdown to 41777
[19:04:43.783] [SEVERE ] updating countdown to 41751
[19:04:43.809] [SEVERE ] updating countdown to 41725
[19:04:43.850] [SEVERE ] updating countdown to 41684
[19:04:43.876] [SEVERE ] updating countdown to 41658
[19:04:43.902] [SEVERE ] updating countdown to 41632
[19:04:43.930] [SEVERE ] updating countdown to 41604
[19:04:43.975] [SEVERE ] updating countdown to 41559
[19:04:44.001] [SEVERE ] updating countdown to 41533
[19:04:44.027] [SEVERE ] updating countdown to 41507
[19:04:44.054] [SEVERE ] updating countdown to 41480
[19:04:44.080] [SEVERE ] updating countdown to 41454
[19:04:44.128] [SEVERE ] updating countdown to 41406
[19:04:44.154] [SEVERE ] updating countdown to 41380
[19:04:44.181] [SEVERE ] updating countdown to 41353
[19:04:44.207] [SEVERE ] updating countdown to 41327
[19:04:44.233] [SEVERE ] updating countdown to 41301
[19:04:44.303] [SEVERE ] updating countdown to 41231
[19:04:44.329] [SEVERE ] updating countdown to 41205
[19:04:44.355] [SEVERE ] updating countdown to 41179
[19:04:44.380] [SEVERE ] updating countdown to 41154
[19:04:44.406] [SEVERE ] updating countdown to 41128
[19:04:44.432] [SEVERE ] updating countdown to 41102
[19:04:44.458] [SEVERE ] updating countdown to 41076
[19:04:44.483] [SEVERE ] updating countdown to 41051
[19:04:44.509] [SEVERE ] updating countdown to 41025
[19:04:44.537] [SEVERE ] updating countdown to 40997
[19:04:44.563] [SEVERE ] updating countdown to 40971
[19:04:44.589] [SEVERE ] updating countdown to 40945
[19:04:44.615] [SEVERE ] updating countdown to 40919
[19:04:44.641] [SEVERE ] updating countdown to 40893
[19:04:44.667] [SEVERE ] updating countdown to 40867
[19:04:44.696] [SEVERE ] updating countdown to 40838
[19:04:44.722] [SEVERE ] updating countdown to 40812
[19:04:44.748] [SEVERE ] updating countdown to 40786
[19:04:44.773] [SEVERE ] updating countdown to 40761
[19:04:44.799] [SEVERE ] updating countdown to 40735
[19:04:44.825] [SEVERE ] updating countdown to 40709
[19:04:44.850] [SEVERE ] updating countdown to 40684
[19:04:44.876] [SEVERE ] updating countdown to 40658
[19:04:44.902] [SEVERE ] updating countdown to 40632
[19:04:44.928] [SEVERE ] updating countdown to 40606
[19:04:44.954] [SEVERE ] updating countdown to 40580
[19:04:44.985] [SEVERE ] updating countdown to 40549
[19:04:45.011] [SEVERE ] updating countdown to 40523
[19:04:45.037] [SEVERE ] updating countdown to 40497
[19:04:45.063] [SEVERE ] updating countdown to 40471
[19:04:45.089] [SEVERE ] updating countdown to 40445
[19:04:45.115] [SEVERE ] updating countdown to 40419
[19:04:45.142] [SEVERE ] updating countdown to 40392
[19:04:45.168] [SEVERE ] updating countdown to 40366
[19:04:45.212] [SEVERE ] updating countdown to 40322
[19:04:45.238] [SEVERE ] updating countdown to 40296
[19:04:45.263] [SEVERE ] updating countdown to 40271
[19:04:45.295] [SEVERE ] updating countdown to 40239
[19:04:45.320] [SEVERE ] updating countdown to 40214
[19:04:45.346] [SEVERE ] updating countdown to 40188
[19:04:45.372] [SEVERE ] updating countdown to 40162
[19:04:45.398] [SEVERE ] updating countdown to 40136
[19:04:45.423] [SEVERE ] updating countdown to 40111
[19:04:45.449] [SEVERE ] updating countdown to 40085
[19:04:45.474] [SEVERE ] updating countdown to 40060
[19:04:45.500] [SEVERE ] updating countdown to 40034
[19:04:45.526] [SEVERE ] updating countdown to 40008
[19:04:45.575] [SEVERE ] updating countdown to 39959
[19:04:45.601] [SEVERE ] updating countdown to 39933
[19:04:45.630] [SEVERE ] updating countdown to 39904
[19:04:45.660] [SEVERE ] updating countdown to 39874
[19:04:45.688] [SEVERE ] updating countdown to 39846
[19:04:45.713] [SEVERE ] updating countdown to 39821
[19:04:45.739] [SEVERE ] updating countdown to 39795
[19:04:45.765] [SEVERE ] updating countdown to 39769
[19:04:45.791] [SEVERE ] updating countdown to 39743
[19:04:45.816] [SEVERE ] updating countdown to 39718
[19:04:45.842] [SEVERE ] updating countdown to 39692
[19:04:45.868] [SEVERE ] updating countdown to 39666
[19:04:45.894] [SEVERE ] updating countdown to 39640
[19:04:45.920] [SEVERE ] updating countdown to 39614
[19:04:45.946] [SEVERE ] updating countdown to 39588
[19:04:46.003] [SEVERE ] updating countdown to 39531
[19:04:46.029] [SEVERE ] updating countdown to 39505
[19:04:46.055] [SEVERE ] updating countdown to 39479
[19:04:46.081] [SEVERE ] updating countdown to 39453
[19:04:46.107] [SEVERE ] updating countdown to 39427
[19:04:46.132] [SEVERE ] updating countdown to 39402
[19:04:46.162] [SEVERE ] updating countdown to 39372
[19:04:46.188] [SEVERE ] updating countdown to 39346
[19:04:46.215] [SEVERE ] updating countdown to 39319
[19:04:46.241] [SEVERE ] updating countdown to 39293
[19:04:46.267] [SEVERE ] updating countdown to 39267
[19:04:46.294] [SEVERE ] updating countdown to 39240
[19:04:46.327] [SEVERE ] updating countdown to 39207
[19:04:46.352] [SEVERE ] updating countdown to 39182
[19:04:46.378] [SEVERE ] updating countdown to 39156
[19:04:46.404] [SEVERE ] updating countdown to 39130
[19:04:46.429] [SEVERE ] updating countdown to 39105
[19:04:46.455] [SEVERE ] updating countdown to 39079
[19:04:46.480] [SEVERE ] updating countdown to 39054
[19:04:46.506] [SEVERE ] updating countdown to 39028
[19:04:46.531] [SEVERE ] updating countdown to 39003
[19:04:46.557] [SEVERE ] updating countdown to 38977
[19:04:46.584] [SEVERE ] updating countdown to 38950
[19:04:46.609] [SEVERE ] updating countdown to 38925
[19:04:46.636] [SEVERE ] updating countdown to 38898
[19:04:46.661] [SEVERE ] updating countdown to 38873
[19:04:46.687] [SEVERE ] updating countdown to 38847
[19:04:46.713] [SEVERE ] updating countdown to 38821
[19:04:46.738] [SEVERE ] updating countdown to 38796
[19:04:46.764] [SEVERE ] updating countdown to 38770
[19:04:46.816] [SEVERE ] updating countdown to 38718
[19:04:46.842] [SEVERE ] updating countdown to 38692
[19:04:46.868] [SEVERE ] updating countdown to 38666
[19:04:46.906] [SEVERE ] updating countdown to 38628
[19:04:46.932] [SEVERE ] updating countdown to 38602
[19:04:46.957] [SEVERE ] updating countdown to 38577
[19:04:46.983] [SEVERE ] updating countdown to 38551
[19:04:47.010] [SEVERE ] updating countdown to 38524
[19:04:47.036] [SEVERE ] updating countdown to 38498
[19:04:47.061] [SEVERE ] updating countdown to 38473
[19:04:47.087] [SEVERE ] updating countdown to 38447
[19:04:47.113] [SEVERE ] updating countdown to 38421
[19:04:47.139] [SEVERE ] updating countdown to 38395
[19:04:47.165] [SEVERE ] updating countdown to 38369
[19:04:47.191] [SEVERE ] updating countdown to 38343
[19:04:47.216] [SEVERE ] updating countdown to 38318
[19:04:47.252] [SEVERE ] updating countdown to 38282
[19:04:47.278] [SEVERE ] updating countdown to 38256
[19:04:47.304] [SEVERE ] updating countdown to 38230
[19:04:47.330] [SEVERE ] updating countdown to 38204
[19:04:47.357] [SEVERE ] updating countdown to 38177
[19:04:47.383] [SEVERE ] updating countdown to 38151
[19:04:47.410] [SEVERE ] updating countdown to 38124
[19:04:47.437] [SEVERE ] updating countdown to 38097
[19:04:47.485] [SEVERE ] updating countdown to 38049
[19:04:47.511] [SEVERE ] updating countdown to 38023
[19:04:47.537] [SEVERE ] updating countdown to 37997
[19:04:47.563] [SEVERE ] updating countdown to 37971
[19:04:47.588] [SEVERE ] updating countdown to 37946
[19:04:47.614] [SEVERE ] updating countdown to 37920
[19:04:47.640] [SEVERE ] updating countdown to 37894
[19:04:47.665] [SEVERE ] updating countdown to 37869
[19:04:47.691] [SEVERE ] updating countdown to 37843
[19:04:47.718] [SEVERE ] updating countdown to 37816
[19:04:47.744] [SEVERE ] updating countdown to 37790
[19:04:47.770] [SEVERE ] updating countdown to 37764
[19:04:47.797] [SEVERE ] updating countdown to 37737
[19:04:47.823] [SEVERE ] updating countdown to 37711
[19:04:47.848] [SEVERE ] updating countdown to 37686
[19:04:47.853] [SEVERE ] exit button pressed
[19:04:47.854] [INFO   ] thread Thread-2 terminated.
[19:04:47.854] [INFO   ] thread Thread-1 terminated.
[19:04:47.874] [SEVERE ] updating countdown to 37660
[19:04:47.975] [SEVERE ] removing card from slot 0
[19:04:48.088] [SEVERE ] removing card from slot 1
[19:04:48.189] [SEVERE ] removing card from slot 2
[19:04:48.295] [SEVERE ] removing card from slot 3
[19:04:48.395] [SEVERE ] removing player 1 token from slot 4
[19:04:48.396] [SEVERE ] removing card from slot 4
[19:04:48.496] [SEVERE ] removing card from slot 5
[19:04:48.652] [SEVERE ] removing card from slot 6
[19:04:48.754] [SEVERE ] removing card from slot 7
[19:04:48.854] [SEVERE ] removing card from slot 8
[19:04:48.955] [SEVERE ] removing card from slot 9
[19:04:49.056] [SEVERE ] removing card from slot 10
[19:04:49.157] [SEVERE ] removing card from slot 11
[19:04:49.162] [SEVERE ] announcing winner(s): player 1, player 2, player 3, player 4
[19:04:49.164] [INFO   ] thread dealer terminated.
[19:04:49.164] [INFO   ] thread dealer terminated.
[19:04:49.165] [SEVERE ] thanks for playing... it was fun!
[19:04:49.165] [INFO   ] thread bguspl.set.Main.main() terminated.
