[19:10:07.847] [INFO   ] thread bguspl.set.Main.main() starting.
[19:10:07.855] [SEVERE ] cannot read configuration file config.properties trying from resources.
[19:10:07.862] [SEVERE ] configuration file was loaded from resources directory.
[19:10:09.107] [INFO   ] thread dealer starting.
[19:10:09.109] [INFO   ] thread dealer starting.
[19:10:09.111] [INFO   ] thread Thread-1 starting.
[19:10:09.111] [INFO   ] thread Thread-4 starting.
[19:10:09.111] [INFO   ] thread Thread-3 starting.
[19:10:09.111] [INFO   ] thread Thread-2 starting.
[19:10:09.113] [INFO   ] thread computer-2 starting.
[19:10:09.113] [INFO   ] thread computer-3 starting.
[19:10:09.218] [SEVERE ] placing card 7 in slot 0
[19:10:09.320] [SEVERE ] placing card 72 in slot 1
[19:10:09.432] [SEVERE ] placing card 48 in slot 2
[19:10:09.533] [SEVERE ] placing card 11 in slot 3
[19:10:09.635] [SEVERE ] placing card 47 in slot 4
[19:10:09.740] [SEVERE ] placing card 15 in slot 5
[19:10:09.845] [SEVERE ] placing card 66 in slot 6
[19:10:09.947] [SEVERE ] placing card 59 in slot 7
[19:10:10.050] [SEVERE ] placing card 32 in slot 8
[19:10:10.152] [SEVERE ] placing card 36 in slot 9
[19:10:10.256] [SEVERE ] placing card 55 in slot 10
[19:10:10.358] [SEVERE ] placing card 42 in slot 11
[19:10:10.360] [SEVERE ] updating countdown to 60000
[19:10:10.390] [SEVERE ] updating countdown to 59970
[19:10:10.417] [SEVERE ] updating countdown to 59943
[19:10:10.486] [SEVERE ] updating countdown to 59874
[19:10:10.513] [SEVERE ] updating countdown to 59847
[19:10:10.540] [SEVERE ] updating countdown to 59820
[19:10:10.569] [SEVERE ] updating countdown to 59791
[19:10:10.595] [SEVERE ] updating countdown to 59765
[19:10:10.621] [SEVERE ] updating countdown to 59739
[19:10:10.648] [SEVERE ] updating countdown to 59712
[19:10:10.674] [SEVERE ] updating countdown to 59686
[19:10:10.710] [SEVERE ] updating countdown to 59650
[19:10:10.813] [SEVERE ] updating countdown to 59547
[19:10:10.839] [SEVERE ] updating countdown to 59521
[19:10:10.865] [SEVERE ] updating countdown to 59495
[19:10:10.892] [SEVERE ] updating countdown to 59469
[19:10:10.921] [SEVERE ] updating countdown to 59439
[19:10:10.965] [SEVERE ] updating countdown to 59395
[19:10:10.991] [SEVERE ] updating countdown to 59369
[19:10:11.018] [SEVERE ] updating countdown to 59342
[19:10:11.044] [SEVERE ] updating countdown to 59316
[19:10:11.075] [SEVERE ] updating countdown to 59285
[19:10:11.101] [SEVERE ] updating countdown to 59259
[19:10:11.127] [SEVERE ] updating countdown to 59233
[19:10:11.157] [SEVERE ] updating countdown to 59203
[19:10:11.183] [SEVERE ] updating countdown to 59177
[19:10:11.209] [SEVERE ] updating countdown to 59151
[19:10:11.235] [SEVERE ] updating countdown to 59125
[19:10:11.263] [SEVERE ] updating countdown to 59097
[19:10:11.289] [SEVERE ] updating countdown to 59071
[19:10:11.359] [SEVERE ] updating countdown to 59002
[19:10:11.384] [SEVERE ] updating countdown to 58976
[19:10:11.410] [SEVERE ] updating countdown to 58950
[19:10:11.442] [SEVERE ] updating countdown to 58918
[19:10:11.468] [SEVERE ] updating countdown to 58892
[19:10:11.502] [SEVERE ] updating countdown to 58858
[19:10:11.528] [SEVERE ] updating countdown to 58832
[19:10:11.554] [SEVERE ] updating countdown to 58806
[19:10:11.580] [SEVERE ] updating countdown to 58780
[19:10:11.613] [SEVERE ] updating countdown to 58747
[19:10:11.640] [SEVERE ] updating countdown to 58720
[19:10:11.666] [SEVERE ] updating countdown to 58694
[19:10:11.692] [SEVERE ] updating countdown to 58668
[19:10:11.719] [SEVERE ] updating countdown to 58641
[19:10:11.745] [SEVERE ] updating countdown to 58615
[19:10:11.772] [SEVERE ] updating countdown to 58588
[19:10:11.798] [SEVERE ] updating countdown to 58562
[19:10:11.825] [SEVERE ] updating countdown to 58535
[19:10:11.853] [SEVERE ] updating countdown to 58507
[19:10:11.902] [SEVERE ] updating countdown to 58458
[19:10:11.928] [SEVERE ] updating countdown to 58432
[19:10:11.954] [SEVERE ] updating countdown to 58406
[19:10:11.980] [SEVERE ] updating countdown to 58380
[19:10:12.005] [SEVERE ] updating countdown to 58355
[19:10:12.032] [SEVERE ] updating countdown to 58328
[19:10:12.058] [SEVERE ] updating countdown to 58302
[19:10:12.084] [SEVERE ] updating countdown to 58276
[19:10:12.121] [SEVERE ] updating countdown to 58239
[19:10:12.147] [SEVERE ] updating countdown to 58214
[19:10:12.172] [SEVERE ] updating countdown to 58188
[19:10:12.199] [SEVERE ] updating countdown to 58161
[19:10:12.228] [SEVERE ] updating countdown to 58132
[19:10:12.254] [SEVERE ] updating countdown to 58106
[19:10:12.280] [SEVERE ] updating countdown to 58080
[19:10:12.306] [SEVERE ] updating countdown to 58054
[19:10:12.332] [SEVERE ] updating countdown to 58028
[19:10:12.358] [SEVERE ] updating countdown to 58002
[19:10:12.383] [SEVERE ] updating countdown to 57977
[19:10:12.410] [SEVERE ] updating countdown to 57950
[19:10:12.436] [SEVERE ] updating countdown to 57925
[19:10:12.462] [SEVERE ] updating countdown to 57898
[19:10:12.488] [SEVERE ] updating countdown to 57872
[19:10:12.514] [SEVERE ] updating countdown to 57846
[19:10:12.540] [SEVERE ] updating countdown to 57820
[19:10:12.566] [SEVERE ] updating countdown to 57794
[19:10:12.592] [SEVERE ] updating countdown to 57768
[19:10:12.621] [SEVERE ] updating countdown to 57739
[19:10:12.652] [SEVERE ] updating countdown to 57708
[19:10:12.678] [SEVERE ] updating countdown to 57682
[19:10:12.705] [SEVERE ] updating countdown to 57655
[19:10:12.731] [SEVERE ] updating countdown to 57629
[19:10:12.757] [SEVERE ] updating countdown to 57603
[19:10:12.783] [SEVERE ] updating countdown to 57577
[19:10:12.809] [SEVERE ] updating countdown to 57551
[19:10:12.835] [SEVERE ] updating countdown to 57525
[19:10:12.863] [SEVERE ] updating countdown to 57497
[19:10:12.889] [SEVERE ] updating countdown to 57471
[19:10:12.915] [SEVERE ] updating countdown to 57445
[19:10:12.940] [SEVERE ] updating countdown to 57420
[19:10:12.967] [SEVERE ] updating countdown to 57393
[19:10:12.993] [SEVERE ] updating countdown to 57367
[19:10:13.019] [SEVERE ] updating countdown to 57341
[19:10:13.045] [SEVERE ] updating countdown to 57315
[19:10:13.071] [SEVERE ] updating countdown to 57289
[19:10:13.097] [SEVERE ] updating countdown to 57263
[19:10:13.123] [SEVERE ] updating countdown to 57238
[19:10:13.149] [SEVERE ] updating countdown to 57212
[19:10:13.192] [SEVERE ] updating countdown to 57168
[19:10:13.219] [SEVERE ] updating countdown to 57142
[19:10:13.245] [SEVERE ] updating countdown to 57115
[19:10:13.272] [SEVERE ] updating countdown to 57088
[19:10:13.298] [SEVERE ] updating countdown to 57062
[19:10:13.324] [SEVERE ] updating countdown to 57036
[19:10:13.355] [SEVERE ] updating countdown to 57005
[19:10:13.381] [SEVERE ] updating countdown to 56979
[19:10:13.425] [SEVERE ] updating countdown to 56935
[19:10:13.451] [SEVERE ] updating countdown to 56909
[19:10:13.478] [SEVERE ] updating countdown to 56882
[19:10:13.504] [SEVERE ] updating countdown to 56856
[19:10:13.530] [SEVERE ] updating countdown to 56830
[19:10:13.556] [SEVERE ] updating countdown to 56804
[19:10:13.582] [SEVERE ] updating countdown to 56778
[19:10:13.608] [SEVERE ] updating countdown to 56752
[19:10:13.683] [SEVERE ] updating countdown to 56677
[19:10:13.704] [SEVERE ] exit button pressed
[19:10:13.705] [INFO   ] thread Thread-2 terminated.
[19:10:13.705] [INFO   ] thread Thread-1 terminated.
[19:10:13.709] [SEVERE ] updating countdown to 56651
[19:10:13.810] [SEVERE ] removing card from slot 0
[19:10:13.985] [SEVERE ] removing card from slot 1
[19:10:14.086] [SEVERE ] removing card from slot 2
[19:10:14.188] [SEVERE ] removing card from slot 3
[19:10:14.290] [SEVERE ] removing card from slot 4
[19:10:14.391] [SEVERE ] removing card from slot 5
[19:10:14.511] [SEVERE ] removing card from slot 6
[19:10:14.614] [SEVERE ] removing card from slot 7
[19:10:14.715] [SEVERE ] removing card from slot 8
[19:10:14.825] [SEVERE ] removing card from slot 9
[19:10:14.928] [SEVERE ] removing card from slot 10
[19:10:15.030] [SEVERE ] removing card from slot 11
[19:10:15.063] [SEVERE ] announcing winner(s): player 1, player 2, player 3, player 4
[19:10:15.067] [INFO   ] thread dealer terminated.
[19:10:15.068] [INFO   ] thread dealer terminated.
[19:10:15.068] [SEVERE ] thanks for playing... it was fun!
[19:10:15.069] [INFO   ] thread bguspl.set.Main.main() terminated.
