[19:01:38.951] [INFO   ] thread bguspl.set.Main.main() starting.
[19:01:38.957] [SEVERE ] cannot read configuration file config.properties trying from resources.
[19:01:38.963] [SEVERE ] configuration file was loaded from resources directory.
[19:01:40.128] [INFO   ] thread dealer starting.
[19:01:40.129] [INFO   ] thread dealer starting.
[19:01:40.130] [INFO   ] thread Thread-1 starting.
[19:01:40.131] [INFO   ] thread Thread-2 starting.
[19:01:40.131] [INFO   ] thread Thread-4 starting.
[19:01:40.131] [INFO   ] thread Thread-3 starting.
[19:01:40.132] [INFO   ] thread computer-3 starting.
[19:01:40.132] [INFO   ] thread computer-2 starting.
[19:01:40.236] [SEVERE ] placing card 53 in slot 0
[19:01:40.341] [SEVERE ] placing card 1 in slot 1
[19:01:40.444] [SEVERE ] placing card 73 in slot 2
[19:01:40.545] [SEVERE ] placing card 42 in slot 3
[19:01:40.646] [SEVERE ] placing card 40 in slot 4
[19:01:40.748] [SEVERE ] placing card 45 in slot 5
[19:01:40.850] [SEVERE ] placing card 79 in slot 6
[19:01:40.952] [SEVERE ] placing card 25 in slot 7
[19:01:41.053] [SEVERE ] placing card 58 in slot 8
[19:01:41.155] [SEVERE ] placing card 46 in slot 9
[19:01:41.256] [SEVERE ] placing card 15 in slot 10
[19:01:41.357] [SEVERE ] placing card 38 in slot 11
[19:01:41.359] [SEVERE ] updating countdown to 60000
[19:01:41.386] [SEVERE ] updating countdown to 59973
[19:01:41.413] [SEVERE ] updating countdown to 59947
[19:01:41.442] [SEVERE ] updating countdown to 59917
[19:01:41.467] [SEVERE ] updating countdown to 59892
[19:01:41.493] [SEVERE ] updating countdown to 59866
[19:01:41.520] [SEVERE ] updating countdown to 59839
[19:01:41.546] [SEVERE ] updating countdown to 59813
[19:01:41.572] [SEVERE ] updating countdown to 59787
[19:01:41.599] [SEVERE ] updating countdown to 59760
[19:01:41.625] [SEVERE ] updating countdown to 59734
[19:01:41.651] [SEVERE ] updating countdown to 59708
[19:01:41.677] [SEVERE ] updating countdown to 59682
[19:01:41.704] [SEVERE ] updating countdown to 59655
[19:01:41.729] [SEVERE ] updating countdown to 59630
[19:01:41.756] [SEVERE ] updating countdown to 59603
[19:01:41.781] [SEVERE ] updating countdown to 59578
[19:01:41.807] [SEVERE ] updating countdown to 59552
[19:01:41.833] [SEVERE ] updating countdown to 59526
[19:01:41.859] [SEVERE ] updating countdown to 59500
[19:01:41.885] [SEVERE ] updating countdown to 59474
[19:01:41.910] [SEVERE ] updating countdown to 59449
[19:01:41.937] [SEVERE ] updating countdown to 59422
[19:01:41.963] [SEVERE ] updating countdown to 59396
[19:01:41.989] [SEVERE ] updating countdown to 59370
[19:01:42.016] [SEVERE ] updating countdown to 59343
[19:01:42.043] [SEVERE ] updating countdown to 59316
[19:01:42.069] [SEVERE ] updating countdown to 59290
[19:01:42.095] [SEVERE ] updating countdown to 59264
[19:01:42.121] [SEVERE ] updating countdown to 59238
[19:01:42.147] [SEVERE ] updating countdown to 59212
[19:01:42.173] [SEVERE ] updating countdown to 59186
[19:01:42.199] [SEVERE ] updating countdown to 59160
[19:01:42.225] [SEVERE ] updating countdown to 59134
[19:01:42.250] [SEVERE ] updating countdown to 59109
[19:01:42.276] [SEVERE ] updating countdown to 59083
[19:01:42.302] [SEVERE ] updating countdown to 59057
[19:01:42.328] [SEVERE ] updating countdown to 59031
[19:01:42.354] [SEVERE ] updating countdown to 59005
[19:01:42.381] [SEVERE ] updating countdown to 58978
[19:01:42.408] [SEVERE ] updating countdown to 58951
[19:01:42.433] [SEVERE ] updating countdown to 58926
[19:01:42.459] [SEVERE ] updating countdown to 58900
[19:01:42.485] [SEVERE ] updating countdown to 58874
[19:01:42.553] [SEVERE ] updating countdown to 58806
[19:01:42.579] [SEVERE ] updating countdown to 58780
[19:01:42.606] [SEVERE ] updating countdown to 58753
[19:01:42.633] [SEVERE ] updating countdown to 58726
[19:01:42.659] [SEVERE ] updating countdown to 58700
[19:01:42.685] [SEVERE ] updating countdown to 58674
[19:01:42.711] [SEVERE ] updating countdown to 58648
[19:01:42.737] [SEVERE ] updating countdown to 58622
[19:01:42.764] [SEVERE ] updating countdown to 58595
[19:01:42.790] [SEVERE ] updating countdown to 58569
[19:01:42.816] [SEVERE ] updating countdown to 58543
[19:01:42.842] [SEVERE ] updating countdown to 58517
[19:01:42.868] [SEVERE ] updating countdown to 58491
[19:01:42.895] [SEVERE ] updating countdown to 58464
[19:01:42.920] [SEVERE ] updating countdown to 58439
[19:01:42.947] [SEVERE ] updating countdown to 58412
[19:01:42.973] [SEVERE ] updating countdown to 58386
[19:01:42.999] [SEVERE ] updating countdown to 58360
[19:01:43.025] [SEVERE ] updating countdown to 58334
[19:01:43.051] [SEVERE ] updating countdown to 58308
[19:01:43.077] [SEVERE ] updating countdown to 58282
[19:01:43.103] [SEVERE ] updating countdown to 58256
[19:01:43.129] [SEVERE ] updating countdown to 58230
[19:01:43.161] [SEVERE ] updating countdown to 58198
[19:01:43.187] [SEVERE ] updating countdown to 58172
[19:01:43.213] [SEVERE ] updating countdown to 58146
[19:01:43.239] [SEVERE ] updating countdown to 58120
[19:01:43.266] [SEVERE ] updating countdown to 58093
[19:01:43.292] [SEVERE ] updating countdown to 58067
[19:01:43.318] [SEVERE ] updating countdown to 58041
[19:01:43.344] [SEVERE ] updating countdown to 58015
[19:01:43.370] [SEVERE ] updating countdown to 57989
[19:01:43.396] [SEVERE ] updating countdown to 57963
[19:01:43.423] [SEVERE ] updating countdown to 57936
[19:01:43.449] [SEVERE ] updating countdown to 57910
[19:01:43.475] [SEVERE ] updating countdown to 57884
[19:01:43.501] [SEVERE ] updating countdown to 57858
[19:01:43.589] [SEVERE ] updating countdown to 57770
[19:01:43.615] [SEVERE ] updating countdown to 57744
[19:01:43.640] [SEVERE ] updating countdown to 57719
[19:01:43.666] [SEVERE ] updating countdown to 57693
[19:01:43.693] [SEVERE ] updating countdown to 57666
[19:01:43.718] [SEVERE ] updating countdown to 57641
[19:01:43.745] [SEVERE ] updating countdown to 57614
[19:01:43.782] [SEVERE ] updating countdown to 57577
[19:01:43.812] [SEVERE ] updating countdown to 57547
[19:01:43.838] [SEVERE ] updating countdown to 57521
[19:01:43.864] [SEVERE ] updating countdown to 57495
[19:01:43.890] [SEVERE ] updating countdown to 57469
[19:01:43.917] [SEVERE ] updating countdown to 57443
[19:01:43.961] [SEVERE ] updating countdown to 57398
[19:01:43.987] [SEVERE ] updating countdown to 57372
[19:01:44.013] [SEVERE ] updating countdown to 57346
[19:01:44.040] [SEVERE ] updating countdown to 57319
[19:01:44.070] [SEVERE ] updating countdown to 57289
[19:01:44.096] [SEVERE ] updating countdown to 57263
[19:01:44.122] [SEVERE ] updating countdown to 57237
[19:01:44.152] [SEVERE ] updating countdown to 57207
[19:01:44.197] [SEVERE ] updating countdown to 57162
[19:01:44.223] [SEVERE ] updating countdown to 57136
[19:01:44.249] [SEVERE ] updating countdown to 57110
[19:01:44.275] [SEVERE ] updating countdown to 57084
[19:01:44.301] [SEVERE ] updating countdown to 57058
[19:01:44.327] [SEVERE ] updating countdown to 57032
[19:01:44.353] [SEVERE ] updating countdown to 57006
[19:01:44.380] [SEVERE ] updating countdown to 56979
[19:01:44.405] [SEVERE ] updating countdown to 56954
[19:01:44.431] [SEVERE ] updating countdown to 56928
[19:01:44.457] [SEVERE ] updating countdown to 56902
[19:01:44.483] [SEVERE ] updating countdown to 56876
[19:01:44.514] [SEVERE ] updating countdown to 56845
[19:01:44.570] [SEVERE ] updating countdown to 56789
[19:01:44.596] [SEVERE ] updating countdown to 56763
[19:01:44.622] [SEVERE ] updating countdown to 56737
[19:01:44.648] [SEVERE ] updating countdown to 56711
[19:01:44.693] [SEVERE ] updating countdown to 56666
[19:01:44.719] [SEVERE ] updating countdown to 56640
[19:01:44.745] [SEVERE ] updating countdown to 56614
[19:01:44.771] [SEVERE ] updating countdown to 56588
[19:01:44.824] [SEVERE ] updating countdown to 56535
[19:01:44.850] [SEVERE ] updating countdown to 56509
[19:01:44.877] [SEVERE ] updating countdown to 56482
[19:01:44.902] [SEVERE ] updating countdown to 56457
[19:01:44.971] [SEVERE ] updating countdown to 56388
[19:01:44.996] [SEVERE ] updating countdown to 56363
[19:01:45.022] [SEVERE ] updating countdown to 56337
[19:01:45.048] [SEVERE ] updating countdown to 56311
[19:01:45.076] [SEVERE ] updating countdown to 56283
[19:01:45.103] [SEVERE ] updating countdown to 56256
[19:01:45.129] [SEVERE ] updating countdown to 56230
[19:01:45.155] [SEVERE ] updating countdown to 56204
[19:01:45.181] [SEVERE ] updating countdown to 56178
[19:01:45.208] [SEVERE ] updating countdown to 56151
[19:01:45.234] [SEVERE ] updating countdown to 56125
[19:01:45.260] [SEVERE ] updating countdown to 56099
[19:01:45.286] [SEVERE ] updating countdown to 56073
[19:01:45.312] [SEVERE ] updating countdown to 56047
[19:01:45.339] [SEVERE ] updating countdown to 56020
[19:01:45.365] [SEVERE ] updating countdown to 55994
[19:01:45.391] [SEVERE ] updating countdown to 55968
[19:01:45.421] [SEVERE ] updating countdown to 55938
[19:01:45.448] [SEVERE ] updating countdown to 55911
[19:01:45.482] [SEVERE ] updating countdown to 55877
[19:01:45.522] [SEVERE ] updating countdown to 55837
[19:01:45.547] [SEVERE ] updating countdown to 55812
[19:01:45.573] [SEVERE ] updating countdown to 55786
[19:01:45.610] [SEVERE ] updating countdown to 55749
[19:01:45.636] [SEVERE ] updating countdown to 55723
[19:01:45.665] [SEVERE ] updating countdown to 55694
[19:01:45.691] [SEVERE ] updating countdown to 55668
[19:01:45.716] [SEVERE ] updating countdown to 55643
[19:01:45.746] [SEVERE ] updating countdown to 55613
[19:01:45.781] [SEVERE ] updating countdown to 55578
[19:01:45.807] [SEVERE ] updating countdown to 55552
[19:01:45.833] [SEVERE ] updating countdown to 55526
[19:01:45.843] [SEVERE ] exit button pressed
[19:01:45.844] [INFO   ] thread Thread-1 terminated.
[19:01:45.844] [INFO   ] thread Thread-2 terminated.
[19:01:45.860] [SEVERE ] updating countdown to 55499
[19:01:45.961] [SEVERE ] removing card from slot 0
[19:01:46.062] [SEVERE ] removing card from slot 1
[19:01:46.163] [SEVERE ] removing card from slot 2
[19:01:46.264] [SEVERE ] removing card from slot 3
[19:01:46.365] [SEVERE ] removing card from slot 4
[19:01:46.470] [SEVERE ] removing card from slot 5
[19:01:46.572] [SEVERE ] removing card from slot 6
[19:01:46.673] [SEVERE ] removing card from slot 7
[19:01:46.778] [SEVERE ] removing card from slot 8
[19:01:46.879] [SEVERE ] removing card from slot 9
[19:01:46.997] [SEVERE ] removing card from slot 10
[19:01:47.152] [SEVERE ] removing card from slot 11
[19:01:47.156] [SEVERE ] announcing winner(s): player 1, player 2, player 3, player 4
[19:01:47.160] [INFO   ] thread dealer terminated.
[19:01:47.177] [INFO   ] thread dealer terminated.
[19:01:47.202] [SEVERE ] thanks for playing... it was fun!
[19:01:47.208] [INFO   ] thread bguspl.set.Main.main() terminated.
