[18:59:48.900] [INFO   ] thread bguspl.set.Main.main() starting.
[18:59:48.924] [SEVERE ] cannot read configuration file config.properties trying from resources.
[18:59:48.933] [SEVERE ] configuration file was loaded from resources directory.
[18:59:50.053] [INFO   ] thread dealer starting.
[18:59:50.054] [INFO   ] thread dealer starting.
[18:59:50.056] [INFO   ] thread Thread-1 starting.
[18:59:50.056] [INFO   ] thread Thread-3 starting.
[18:59:50.056] [INFO   ] thread Thread-2 starting.
[18:59:50.056] [INFO   ] thread Thread-4 starting.
[18:59:50.058] [INFO   ] thread computer-2 starting.
[18:59:50.059] [INFO   ] thread computer-3 starting.
[18:59:50.070] [SEVERE ] placing card 58 in slot 0
[18:59:50.082] [SEVERE ] placing card 54 in slot 1
[18:59:50.105] [SEVERE ] placing card 74 in slot 2
[18:59:50.116] [SEVERE ] placing card 11 in slot 3
[18:59:50.127] [SEVERE ] placing card 20 in slot 4
[18:59:50.138] [SEVERE ] placing card 14 in slot 5
[18:59:50.149] [SEVERE ] placing card 1 in slot 6
[18:59:50.162] [SEVERE ] placing card 12 in slot 7
[18:59:50.174] [SEVERE ] placing card 16 in slot 8
[18:59:50.186] [SEVERE ] placing card 32 in slot 9
[18:59:50.196] [SEVERE ] placing card 7 in slot 10
[18:59:50.208] [SEVERE ] placing card 38 in slot 11
[18:59:50.209] [SEVERE ] updating countdown to 60000
[18:59:50.235] [SEVERE ] updating countdown to 59974
[18:59:50.261] [SEVERE ] updating countdown to 59948
[18:59:50.294] [SEVERE ] updating countdown to 59915
[18:59:50.320] [SEVERE ] updating countdown to 59889
[18:59:50.347] [SEVERE ] updating countdown to 59862
[18:59:50.373] [SEVERE ] updating countdown to 59836
[18:59:50.402] [SEVERE ] updating countdown to 59807
[18:59:50.440] [SEVERE ] updating countdown to 59769
[18:59:50.466] [SEVERE ] updating countdown to 59743
[18:59:50.492] [SEVERE ] updating countdown to 59717
[18:59:50.518] [SEVERE ] updating countdown to 59691
[18:59:50.548] [SEVERE ] updating countdown to 59661
[18:59:50.574] [SEVERE ] updating countdown to 59635
[18:59:50.601] [SEVERE ] updating countdown to 59608
[18:59:50.627] [SEVERE ] updating countdown to 59582
[18:59:50.654] [SEVERE ] updating countdown to 59555
[18:59:50.682] [SEVERE ] updating countdown to 59528
[18:59:50.708] [SEVERE ] updating countdown to 59501
[18:59:50.735] [SEVERE ] updating countdown to 59474
[18:59:50.761] [SEVERE ] updating countdown to 59448
[18:59:50.788] [SEVERE ] updating countdown to 59421
[18:59:50.814] [SEVERE ] updating countdown to 59395
[18:59:50.840] [SEVERE ] updating countdown to 59369
[18:59:50.866] [SEVERE ] updating countdown to 59343
[18:59:50.892] [SEVERE ] updating countdown to 59317
[18:59:50.918] [SEVERE ] updating countdown to 59291
[18:59:50.945] [SEVERE ] updating countdown to 59264
[18:59:50.971] [SEVERE ] updating countdown to 59238
[18:59:50.997] [SEVERE ] updating countdown to 59212
[18:59:51.023] [SEVERE ] updating countdown to 59186
[18:59:51.050] [SEVERE ] updating countdown to 59159
[18:59:51.076] [SEVERE ] updating countdown to 59133
[18:59:51.102] [SEVERE ] updating countdown to 59107
[18:59:51.128] [SEVERE ] updating countdown to 59081
[18:59:51.154] [SEVERE ] updating countdown to 59055
[18:59:51.187] [SEVERE ] updating countdown to 59022
[18:59:51.214] [SEVERE ] updating countdown to 58995
[18:59:51.254] [SEVERE ] updating countdown to 58955
[18:59:51.285] [SEVERE ] updating countdown to 58924
[18:59:51.311] [SEVERE ] updating countdown to 58898
[18:59:51.340] [SEVERE ] updating countdown to 58869
[18:59:51.367] [SEVERE ] updating countdown to 58842
[18:59:51.421] [SEVERE ] updating countdown to 58788
[18:59:51.455] [SEVERE ] updating countdown to 58754
[18:59:51.481] [SEVERE ] updating countdown to 58728
[18:59:51.508] [SEVERE ] updating countdown to 58701
[18:59:51.534] [SEVERE ] updating countdown to 58675
[18:59:51.582] [SEVERE ] updating countdown to 58627
[18:59:51.608] [SEVERE ] updating countdown to 58601
[18:59:51.635] [SEVERE ] updating countdown to 58574
[18:59:51.661] [SEVERE ] updating countdown to 58548
[18:59:51.688] [SEVERE ] updating countdown to 58521
[18:59:51.732] [SEVERE ] updating countdown to 58477
[18:59:51.758] [SEVERE ] updating countdown to 58451
[18:59:51.785] [SEVERE ] updating countdown to 58424
[18:59:51.812] [SEVERE ] updating countdown to 58397
[18:59:51.839] [SEVERE ] updating countdown to 58370
[18:59:51.878] [SEVERE ] updating countdown to 58332
[18:59:51.903] [SEVERE ] updating countdown to 58306
[18:59:51.930] [SEVERE ] updating countdown to 58279
[18:59:51.960] [SEVERE ] updating countdown to 58249
[18:59:51.986] [SEVERE ] updating countdown to 58223
[18:59:52.063] [SEVERE ] updating countdown to 58146
[18:59:52.088] [SEVERE ] updating countdown to 58121
[18:59:52.115] [SEVERE ] updating countdown to 58094
[18:59:52.140] [SEVERE ] updating countdown to 58069
[18:59:52.166] [SEVERE ] updating countdown to 58043
[18:59:52.192] [SEVERE ] updating countdown to 58017
[18:59:52.218] [SEVERE ] updating countdown to 57991
[18:59:52.244] [SEVERE ] updating countdown to 57965
[18:59:52.270] [SEVERE ] updating countdown to 57939
[18:59:52.312] [SEVERE ] updating countdown to 57897
[18:59:52.338] [SEVERE ] updating countdown to 57871
[18:59:52.365] [SEVERE ] updating countdown to 57844
[18:59:52.391] [SEVERE ] updating countdown to 57818
[18:59:52.453] [SEVERE ] updating countdown to 57756
[18:59:52.479] [SEVERE ] updating countdown to 57730
[18:59:52.506] [SEVERE ] updating countdown to 57703
[18:59:52.533] [SEVERE ] updating countdown to 57676
[18:59:52.576] [SEVERE ] updating countdown to 57633
[18:59:52.602] [SEVERE ] updating countdown to 57607
[18:59:52.628] [SEVERE ] updating countdown to 57581
[18:59:52.654] [SEVERE ] updating countdown to 57555
[18:59:52.681] [SEVERE ] updating countdown to 57528
[18:59:52.712] [SEVERE ] updating countdown to 57497
[18:59:52.738] [SEVERE ] updating countdown to 57471
[18:59:52.764] [SEVERE ] updating countdown to 57445
[18:59:52.790] [SEVERE ] updating countdown to 57419
[18:59:52.816] [SEVERE ] updating countdown to 57393
[18:59:52.842] [SEVERE ] updating countdown to 57367
[18:59:52.868] [SEVERE ] updating countdown to 57341
[18:59:52.923] [SEVERE ] updating countdown to 57287
[18:59:52.949] [SEVERE ] updating countdown to 57260
[18:59:52.977] [SEVERE ] updating countdown to 57232
[18:59:53.003] [SEVERE ] updating countdown to 57206
[18:59:53.029] [SEVERE ] updating countdown to 57180
[18:59:53.055] [SEVERE ] updating countdown to 57154
[18:59:53.083] [SEVERE ] updating countdown to 57126
[18:59:53.148] [SEVERE ] updating countdown to 57061
[18:59:53.174] [SEVERE ] updating countdown to 57035
[18:59:53.200] [SEVERE ] updating countdown to 57009
[18:59:53.226] [SEVERE ] updating countdown to 56984
[18:59:53.251] [SEVERE ] updating countdown to 56958
[18:59:53.278] [SEVERE ] updating countdown to 56932
[18:59:53.304] [SEVERE ] updating countdown to 56905
[18:59:53.331] [SEVERE ] updating countdown to 56878
[18:59:53.357] [SEVERE ] updating countdown to 56852
[18:59:53.383] [SEVERE ] updating countdown to 56826
[18:59:53.410] [SEVERE ] updating countdown to 56799
[18:59:53.436] [SEVERE ] updating countdown to 56773
[18:59:53.473] [SEVERE ] updating countdown to 56736
[18:59:53.506] [SEVERE ] updating countdown to 56703
[18:59:53.532] [SEVERE ] updating countdown to 56677
[18:59:53.558] [SEVERE ] updating countdown to 56651
[18:59:53.585] [SEVERE ] updating countdown to 56625
[18:59:53.617] [SEVERE ] updating countdown to 56592
[18:59:53.643] [SEVERE ] updating countdown to 56566
[18:59:53.669] [SEVERE ] updating countdown to 56540
[18:59:53.697] [SEVERE ] updating countdown to 56512
[18:59:53.723] [SEVERE ] updating countdown to 56486
[18:59:53.796] [SEVERE ] updating countdown to 56413
[18:59:53.822] [SEVERE ] updating countdown to 56387
[18:59:53.856] [SEVERE ] updating countdown to 56353
[18:59:53.883] [SEVERE ] updating countdown to 56326
[18:59:53.946] [SEVERE ] updating countdown to 56263
[18:59:53.972] [SEVERE ] updating countdown to 56237
[18:59:53.998] [SEVERE ] updating countdown to 56211
[18:59:54.024] [SEVERE ] updating countdown to 56185
[18:59:54.050] [SEVERE ] updating countdown to 56159
[18:59:54.076] [SEVERE ] updating countdown to 56133
[18:59:54.102] [SEVERE ] updating countdown to 56107
[18:59:54.129] [SEVERE ] updating countdown to 56080
[18:59:54.154] [SEVERE ] updating countdown to 56055
[18:59:54.203] [SEVERE ] updating countdown to 56006
[18:59:54.229] [SEVERE ] updating countdown to 55980
[18:59:54.255] [SEVERE ] updating countdown to 55954
[18:59:54.281] [SEVERE ] updating countdown to 55928
[18:59:54.308] [SEVERE ] updating countdown to 55901
[18:59:54.333] [SEVERE ] updating countdown to 55876
[18:59:54.359] [SEVERE ] updating countdown to 55850
[18:59:54.447] [SEVERE ] updating countdown to 55762
[18:59:54.473] [SEVERE ] updating countdown to 55736
[18:59:54.499] [SEVERE ] updating countdown to 55710
[18:59:54.525] [SEVERE ] updating countdown to 55684
[18:59:54.554] [SEVERE ] updating countdown to 55655
[18:59:54.580] [SEVERE ] updating countdown to 55629
[18:59:54.606] [SEVERE ] updating countdown to 55603
[18:59:54.655] [SEVERE ] updating countdown to 55555
[18:59:54.680] [SEVERE ] updating countdown to 55529
[18:59:54.706] [SEVERE ] updating countdown to 55503
[18:59:54.732] [SEVERE ] updating countdown to 55477
[18:59:54.796] [SEVERE ] updating countdown to 55413
[18:59:54.823] [SEVERE ] updating countdown to 55386
[18:59:54.849] [SEVERE ] updating countdown to 55360
[18:59:54.875] [SEVERE ] updating countdown to 55334
[18:59:54.905] [SEVERE ] updating countdown to 55304
[18:59:54.931] [SEVERE ] updating countdown to 55278
[18:59:54.957] [SEVERE ] updating countdown to 55252
[18:59:54.985] [SEVERE ] updating countdown to 55224
[18:59:55.011] [SEVERE ] updating countdown to 55198
[18:59:55.037] [SEVERE ] updating countdown to 55172
[18:59:55.063] [SEVERE ] updating countdown to 55146
[18:59:55.091] [SEVERE ] updating countdown to 55118
[18:59:55.117] [SEVERE ] updating countdown to 55092
[18:59:55.163] [SEVERE ] updating countdown to 55046
[18:59:55.189] [SEVERE ] updating countdown to 55020
[18:59:55.215] [SEVERE ] updating countdown to 54994
[18:59:55.241] [SEVERE ] updating countdown to 54968
[18:59:55.283] [SEVERE ] updating countdown to 54926
[18:59:55.309] [SEVERE ] updating countdown to 54900
[18:59:55.338] [SEVERE ] updating countdown to 54871
[18:59:55.364] [SEVERE ] updating countdown to 54845
[18:59:55.390] [SEVERE ] updating countdown to 54819
[18:59:55.416] [SEVERE ] updating countdown to 54793
[18:59:55.442] [SEVERE ] updating countdown to 54767
[18:59:55.468] [SEVERE ] updating countdown to 54741
[18:59:55.495] [SEVERE ] updating countdown to 54714
[18:59:55.522] [SEVERE ] updating countdown to 54687
[18:59:55.548] [SEVERE ] updating countdown to 54661
[18:59:55.574] [SEVERE ] updating countdown to 54635
[18:59:55.602] [SEVERE ] updating countdown to 54607
[18:59:55.628] [SEVERE ] updating countdown to 54581
[18:59:55.641] [SEVERE ] exit button pressed
[18:59:55.641] [INFO   ] thread Thread-1 terminated.
[18:59:55.642] [INFO   ] thread Thread-2 terminated.
[18:59:55.654] [SEVERE ] updating countdown to 54555
[18:59:55.665] [SEVERE ] removing card from slot 0
[18:59:55.676] [SEVERE ] removing card from slot 1
[18:59:55.687] [SEVERE ] removing card from slot 2
[18:59:55.697] [SEVERE ] removing card from slot 3
[18:59:55.708] [SEVERE ] removing card from slot 4
[18:59:55.718] [SEVERE ] removing card from slot 5
[18:59:55.733] [SEVERE ] removing card from slot 6
[18:59:55.746] [SEVERE ] removing card from slot 7
[18:59:55.773] [SEVERE ] removing card from slot 8
[18:59:55.785] [SEVERE ] removing card from slot 9
[18:59:55.795] [SEVERE ] removing card from slot 10
[18:59:55.806] [SEVERE ] removing card from slot 11
[18:59:55.807] [SEVERE ] announcing winner(s): player 1, player 2, player 3, player 4
[18:59:55.809] [INFO   ] thread dealer terminated.
[18:59:55.810] [INFO   ] thread dealer terminated.
[18:59:55.811] [SEVERE ] thanks for playing... it was fun!
[18:59:55.812] [INFO   ] thread bguspl.set.Main.main() terminated.
