[22:21:43.993] [INFO   ] thread bguspl.set.Main.main() starting.
[22:21:44.001] [SEVERE ] cannot read configuration file config.properties trying from resources.
[22:21:44.006] [SEVERE ] configuration file was loaded from resources directory.
[22:21:44.816] [INFO   ] thread dealer starting.
[22:21:44.817] [INFO   ] thread dealer starting.
[22:21:44.818] [INFO   ] thread Thread-1 starting.
[22:21:44.818] [INFO   ] thread Thread-2 starting.
[22:21:44.923] [SEVERE ] placing card 44 in slot 0
[22:21:45.024] [SEVERE ] placing card 11 in slot 1
[22:21:45.125] [SEVERE ] placing card 15 in slot 2
[22:21:45.226] [SEVERE ] placing card 41 in slot 3
[22:21:45.328] [SEVERE ] placing card 19 in slot 4
[22:21:45.430] [SEVERE ] placing card 28 in slot 5
[22:21:45.531] [SEVERE ] placing card 79 in slot 6
[22:21:45.632] [SEVERE ] placing card 2 in slot 7
[22:21:45.734] [SEVERE ] placing card 59 in slot 8
[22:21:45.835] [SEVERE ] placing card 29 in slot 9
[22:21:45.936] [SEVERE ] placing card 40 in slot 10
[22:21:46.038] [SEVERE ] placing card 73 in slot 11
[22:21:46.039] [SEVERE ] updating countdown to 60000
[22:21:46.067] [SEVERE ] updating countdown to 59972
[22:21:46.092] [SEVERE ] updating countdown to 59947
[22:21:46.119] [SEVERE ] updating countdown to 59920
[22:21:46.144] [SEVERE ] updating countdown to 59895
[22:21:46.171] [SEVERE ] updating countdown to 59868
[22:21:46.200] [SEVERE ] updating countdown to 59839
[22:21:46.226] [SEVERE ] updating countdown to 59813
[22:21:46.252] [SEVERE ] updating countdown to 59787
[22:21:46.278] [SEVERE ] updating countdown to 59761
[22:21:46.305] [SEVERE ] updating countdown to 59734
[22:21:46.332] [SEVERE ] updating countdown to 59707
[22:21:46.358] [SEVERE ] updating countdown to 59681
[22:21:46.387] [SEVERE ] updating countdown to 59652
[22:21:46.413] [SEVERE ] updating countdown to 59626
[22:21:46.440] [SEVERE ] updating countdown to 59599
[22:21:46.467] [SEVERE ] updating countdown to 59572
[22:21:46.495] [SEVERE ] updating countdown to 59544
[22:21:46.521] [SEVERE ] updating countdown to 59518
[22:21:46.549] [SEVERE ] updating countdown to 59490
[22:21:46.577] [SEVERE ] updating countdown to 59462
[22:21:46.604] [SEVERE ] updating countdown to 59435
[22:21:46.631] [SEVERE ] updating countdown to 59408
[22:21:46.657] [SEVERE ] updating countdown to 59382
[22:21:46.683] [SEVERE ] updating countdown to 59356
[22:21:46.709] [SEVERE ] updating countdown to 59330
[22:21:46.735] [SEVERE ] updating countdown to 59304
[22:21:46.761] [SEVERE ] updating countdown to 59278
[22:21:46.787] [SEVERE ] updating countdown to 59252
[22:21:46.814] [SEVERE ] updating countdown to 59225
[22:21:46.842] [SEVERE ] updating countdown to 59198
[22:21:46.868] [SEVERE ] updating countdown to 59171
[22:21:46.897] [SEVERE ] updating countdown to 59143
[22:21:46.923] [SEVERE ] updating countdown to 59116
[22:21:46.950] [SEVERE ] updating countdown to 59089
[22:21:46.975] [SEVERE ] updating countdown to 59064
[22:21:47.001] [SEVERE ] updating countdown to 59038
[22:21:47.027] [SEVERE ] updating countdown to 59012
[22:21:47.053] [SEVERE ] updating countdown to 58986
[22:21:47.081] [SEVERE ] updating countdown to 58958
[22:21:47.107] [SEVERE ] updating countdown to 58932
[22:21:47.133] [SEVERE ] updating countdown to 58906
[22:21:47.159] [SEVERE ] updating countdown to 58880
[22:21:47.184] [SEVERE ] updating countdown to 58855
[22:21:47.210] [SEVERE ] updating countdown to 58829
[22:21:47.236] [SEVERE ] updating countdown to 58803
[22:21:47.261] [SEVERE ] updating countdown to 58778
[22:21:47.288] [SEVERE ] updating countdown to 58751
[22:21:47.314] [SEVERE ] updating countdown to 58725
[22:21:47.344] [SEVERE ] updating countdown to 58695
[22:21:47.371] [SEVERE ] updating countdown to 58668
[22:21:47.398] [SEVERE ] updating countdown to 58641
[22:21:47.424] [SEVERE ] updating countdown to 58615
[22:21:47.451] [SEVERE ] updating countdown to 58588
[22:21:47.478] [SEVERE ] updating countdown to 58561
[22:21:47.504] [SEVERE ] updating countdown to 58535
[22:21:47.532] [SEVERE ] updating countdown to 58507
[22:21:47.557] [SEVERE ] updating countdown to 58482
[22:21:47.585] [SEVERE ] updating countdown to 58454
[22:21:47.612] [SEVERE ] updating countdown to 58427
[22:21:47.638] [SEVERE ] updating countdown to 58401
[22:21:47.665] [SEVERE ] updating countdown to 58374
[22:21:47.691] [SEVERE ] updating countdown to 58348
[22:21:47.718] [SEVERE ] updating countdown to 58321
[22:21:47.743] [SEVERE ] updating countdown to 58296
[22:21:47.770] [SEVERE ] updating countdown to 58269
[22:21:47.796] [SEVERE ] updating countdown to 58243
[22:21:47.824] [SEVERE ] updating countdown to 58215
[22:21:47.851] [SEVERE ] updating countdown to 58188
[22:21:47.877] [SEVERE ] updating countdown to 58162
[22:21:47.904] [SEVERE ] updating countdown to 58135
[22:21:47.929] [SEVERE ] updating countdown to 58110
[22:21:47.955] [SEVERE ] updating countdown to 58084
[22:21:47.981] [SEVERE ] updating countdown to 58058
[22:21:48.007] [SEVERE ] updating countdown to 58032
[22:21:48.032] [SEVERE ] updating countdown to 58007
[22:21:48.058] [SEVERE ] updating countdown to 57981
[22:21:48.085] [SEVERE ] updating countdown to 57954
[22:21:48.115] [SEVERE ] updating countdown to 57924
[22:21:48.141] [SEVERE ] updating countdown to 57898
[22:21:48.171] [SEVERE ] updating countdown to 57868
[22:21:48.197] [SEVERE ] updating countdown to 57842
[22:21:48.223] [SEVERE ] updating countdown to 57816
[22:21:48.248] [SEVERE ] updating countdown to 57791
[22:21:48.274] [SEVERE ] updating countdown to 57765
[22:21:48.300] [SEVERE ] updating countdown to 57739
[22:21:48.326] [SEVERE ] updating countdown to 57713
[22:21:48.352] [SEVERE ] updating countdown to 57687
[22:21:48.378] [SEVERE ] updating countdown to 57661
[22:21:48.404] [SEVERE ] updating countdown to 57635
[22:21:48.430] [SEVERE ] updating countdown to 57609
[22:21:48.456] [SEVERE ] updating countdown to 57583
[22:21:48.482] [SEVERE ] updating countdown to 57557
[22:21:48.508] [SEVERE ] updating countdown to 57531
[22:21:48.534] [SEVERE ] updating countdown to 57505
[22:21:48.559] [SEVERE ] updating countdown to 57480
[22:21:48.585] [SEVERE ] updating countdown to 57454
[22:21:48.611] [SEVERE ] updating countdown to 57428
[22:21:48.637] [SEVERE ] updating countdown to 57402
[22:21:48.662] [SEVERE ] updating countdown to 57377
[22:21:48.688] [SEVERE ] updating countdown to 57351
[22:21:48.714] [SEVERE ] updating countdown to 57325
[22:21:48.740] [SEVERE ] updating countdown to 57299
[22:21:48.766] [SEVERE ] updating countdown to 57273
[22:21:48.792] [SEVERE ] updating countdown to 57247
[22:21:48.818] [SEVERE ] updating countdown to 57222
[22:21:48.843] [SEVERE ] updating countdown to 57196
[22:21:48.869] [SEVERE ] updating countdown to 57170
[22:21:48.895] [SEVERE ] updating countdown to 57144
[22:21:48.921] [SEVERE ] updating countdown to 57118
[22:21:48.948] [SEVERE ] updating countdown to 57091
[22:21:48.974] [SEVERE ] updating countdown to 57066
[22:21:49.000] [SEVERE ] updating countdown to 57039
[22:21:49.026] [SEVERE ] updating countdown to 57013
[22:21:49.052] [SEVERE ] updating countdown to 56987
[22:21:49.079] [SEVERE ] updating countdown to 56961
[22:21:49.105] [SEVERE ] updating countdown to 56934
[22:21:49.132] [SEVERE ] updating countdown to 56907
[22:21:49.158] [SEVERE ] updating countdown to 56881
[22:21:49.184] [SEVERE ] updating countdown to 56855
[22:21:49.210] [SEVERE ] updating countdown to 56829
[22:21:49.235] [SEVERE ] updating countdown to 56804
[22:21:49.262] [SEVERE ] updating countdown to 56777
[22:21:49.288] [SEVERE ] updating countdown to 56751
[22:21:49.314] [SEVERE ] updating countdown to 56725
[22:21:49.340] [SEVERE ] updating countdown to 56699
[22:21:49.366] [SEVERE ] updating countdown to 56673
[22:21:49.392] [SEVERE ] updating countdown to 56647
[22:21:49.418] [SEVERE ] updating countdown to 56621
[22:21:49.444] [SEVERE ] updating countdown to 56595
[22:21:49.470] [SEVERE ] updating countdown to 56569
[22:21:49.496] [SEVERE ] updating countdown to 56543
[22:21:49.523] [SEVERE ] updating countdown to 56516
[22:21:49.549] [SEVERE ] updating countdown to 56490
[22:21:49.574] [SEVERE ] updating countdown to 56465
[22:21:49.600] [SEVERE ] updating countdown to 56439
[22:21:49.626] [SEVERE ] updating countdown to 56413
[22:21:49.653] [SEVERE ] updating countdown to 56386
[22:21:49.679] [SEVERE ] updating countdown to 56360
[22:21:49.706] [SEVERE ] updating countdown to 56333
[22:21:49.732] [SEVERE ] updating countdown to 56307
[22:21:49.758] [SEVERE ] updating countdown to 56281
[22:21:49.785] [SEVERE ] updating countdown to 56254
[22:21:49.811] [SEVERE ] updating countdown to 56228
[22:21:49.838] [SEVERE ] updating countdown to 56201
[22:21:49.863] [SEVERE ] updating countdown to 56176
[22:21:49.889] [SEVERE ] updating countdown to 56150
[22:21:49.915] [SEVERE ] updating countdown to 56124
[22:21:49.941] [SEVERE ] updating countdown to 56098
[22:21:49.967] [SEVERE ] updating countdown to 56072
[22:21:49.992] [SEVERE ] updating countdown to 56047
[22:21:50.002] [SEVERE ] exit button pressed
[22:21:50.003] [INFO   ] thread Thread-1 terminated.
[22:21:50.003] [INFO   ] thread Thread-2 terminated.
[22:21:50.018] [SEVERE ] updating countdown to 56021
[22:21:50.119] [SEVERE ] removing card from slot 0
[22:21:50.220] [SEVERE ] removing card from slot 1
[22:21:50.321] [SEVERE ] removing card from slot 2
[22:21:50.423] [SEVERE ] removing card from slot 3
[22:21:50.524] [SEVERE ] removing card from slot 4
[22:21:50.625] [SEVERE ] removing card from slot 5
[22:21:50.726] [SEVERE ] removing card from slot 6
[22:21:50.826] [SEVERE ] removing card from slot 7
[22:21:50.927] [SEVERE ] removing card from slot 8
[22:21:51.028] [SEVERE ] removing card from slot 9
[22:21:51.128] [SEVERE ] removing card from slot 10
[22:21:51.229] [SEVERE ] removing card from slot 11
[22:21:51.230] [SEVERE ] announcing winner(s): player 1, player 2
[22:21:51.232] [INFO   ] thread dealer terminated.
[22:21:51.232] [INFO   ] thread dealer terminated.
[22:21:51.232] [SEVERE ] thanks for playing... it was fun!
[22:21:51.233] [INFO   ] thread bguspl.set.Main.main() terminated.
