[22:42:24.238] [INFO   ] thread bguspl.set.Main.main() starting.
[22:42:24.245] [SEVERE ] cannot read configuration file config.properties trying from resources.
[22:42:24.251] [SEVERE ] configuration file was loaded from resources directory.
[22:42:25.019] [INFO   ] thread dealer starting.
[22:42:25.020] [INFO   ] thread dealer starting.
[22:42:25.022] [INFO   ] thread Thread-1 starting.
[22:42:25.022] [INFO   ] thread Thread-3 starting.
[22:42:25.022] [INFO   ] thread Thread-2 starting.
[22:42:25.022] [INFO   ] thread Thread-4 starting.
[22:42:25.023] [INFO   ] thread computer-2 starting.
[22:42:25.024] [INFO   ] thread computer-3 starting.
[22:42:25.126] [SEVERE ] placing card 35 in slot 0
[22:42:25.227] [SEVERE ] placing card 51 in slot 1
[22:42:25.328] [SEVERE ] placing card 38 in slot 2
[22:42:25.429] [SEVERE ] placing card 48 in slot 3
[22:42:25.530] [SEVERE ] placing card 78 in slot 4
[22:42:25.630] [SEVERE ] placing card 30 in slot 5
[22:42:25.732] [SEVERE ] placing card 67 in slot 6
[22:42:25.833] [SEVERE ] placing card 33 in slot 7
[22:42:25.937] [SEVERE ] placing card 34 in slot 8
[22:42:26.038] [SEVERE ] placing card 45 in slot 9
[22:42:26.141] [SEVERE ] placing card 0 in slot 10
[22:42:26.243] [SEVERE ] placing card 49 in slot 11
[22:42:26.248] [SEVERE ] updating countdown to 60000
[22:42:26.278] [SEVERE ] updating countdown to 59970
[22:42:26.305] [SEVERE ] updating countdown to 59944
[22:42:26.335] [SEVERE ] updating countdown to 59913
[22:42:26.365] [SEVERE ] updating countdown to 59883
[22:42:26.393] [SEVERE ] updating countdown to 59855
[22:42:26.420] [SEVERE ] updating countdown to 59828
[22:42:26.447] [SEVERE ] updating countdown to 59801
[22:42:26.473] [SEVERE ] updating countdown to 59775
[22:42:26.498] [SEVERE ] updating countdown to 59750
[22:42:26.526] [SEVERE ] updating countdown to 59722
[22:42:26.552] [SEVERE ] updating countdown to 59696
[22:42:26.578] [SEVERE ] updating countdown to 59670
[22:42:26.604] [SEVERE ] updating countdown to 59644
[22:42:26.627] [SEVERE ] player 3 placing token on slot 7
[22:42:26.627] [SEVERE ] player 4 placing token on slot 8
[22:42:26.632] [SEVERE ] updating countdown to 59616
[22:42:26.658] [SEVERE ] updating countdown to 59590
[22:42:26.686] [SEVERE ] updating countdown to 59562
[22:42:26.712] [SEVERE ] updating countdown to 59536
[22:42:26.738] [SEVERE ] updating countdown to 59510
[22:42:26.767] [SEVERE ] updating countdown to 59481
[22:42:26.794] [SEVERE ] updating countdown to 59454
[22:42:26.822] [SEVERE ] updating countdown to 59426
[22:42:26.849] [SEVERE ] updating countdown to 59400
[22:42:26.875] [SEVERE ] updating countdown to 59373
[22:42:26.902] [SEVERE ] updating countdown to 59346
[22:42:26.930] [SEVERE ] updating countdown to 59319
[22:42:26.958] [SEVERE ] updating countdown to 59290
[22:42:26.984] [SEVERE ] updating countdown to 59264
[22:42:27.017] [SEVERE ] updating countdown to 59231
[22:42:27.044] [SEVERE ] updating countdown to 59204
[22:42:27.071] [SEVERE ] updating countdown to 59177
[22:42:27.097] [SEVERE ] updating countdown to 59151
[22:42:27.123] [SEVERE ] updating countdown to 59125
[22:42:27.127] [SEVERE ] player 4 placing token on slot 10
[22:42:27.127] [SEVERE ] player 3 placing token on slot 2
[22:42:27.150] [SEVERE ] updating countdown to 59098
[22:42:27.176] [SEVERE ] updating countdown to 59072
[22:42:27.204] [SEVERE ] updating countdown to 59044
[22:42:27.229] [SEVERE ] updating countdown to 59019
[22:42:27.255] [SEVERE ] updating countdown to 58993
[22:42:27.283] [SEVERE ] updating countdown to 58966
[22:42:27.310] [SEVERE ] updating countdown to 58938
[22:42:27.337] [SEVERE ] updating countdown to 58911
[22:42:27.364] [SEVERE ] updating countdown to 58884
[22:42:27.391] [SEVERE ] updating countdown to 58857
[22:42:27.417] [SEVERE ] updating countdown to 58831
[22:42:27.444] [SEVERE ] updating countdown to 58804
[22:42:27.471] [SEVERE ] updating countdown to 58777
[22:42:27.497] [SEVERE ] updating countdown to 58751
[22:42:27.525] [SEVERE ] updating countdown to 58723
[22:42:27.551] [SEVERE ] updating countdown to 58697
[22:42:27.579] [SEVERE ] updating countdown to 58669
[22:42:27.607] [SEVERE ] updating countdown to 58641
[22:42:27.628] [SEVERE ] player 4 placing token on slot 2
[22:42:27.628] [SEVERE ] player 3 placing token on slot 3
[22:42:27.630] [SEVERE ] updating countdown to 58618
[22:42:27.634] [SEVERE ] setting player 3 freeze to 3000
[22:42:27.634] [SEVERE ] setting player 4 freeze to 3000
[22:42:27.659] [SEVERE ] updating countdown to 58589
[22:42:27.660] [SEVERE ] setting player 3 freeze to 2974
[22:42:27.661] [SEVERE ] setting player 4 freeze to 2973
[22:42:27.687] [SEVERE ] updating countdown to 58561
[22:42:27.689] [SEVERE ] setting player 3 freeze to 2945
[22:42:27.691] [SEVERE ] setting player 4 freeze to 2943
[22:42:27.718] [SEVERE ] updating countdown to 58530
[22:42:27.720] [SEVERE ] setting player 3 freeze to 2914
[22:42:27.721] [SEVERE ] setting player 4 freeze to 2913
[22:42:27.747] [SEVERE ] updating countdown to 58501
[22:42:27.749] [SEVERE ] setting player 3 freeze to 2885
[22:42:27.755] [SEVERE ] setting player 4 freeze to 2879
[22:42:27.784] [SEVERE ] updating countdown to 58464
[22:42:27.786] [SEVERE ] setting player 3 freeze to 2848
[22:42:27.787] [SEVERE ] setting player 4 freeze to 2847
[22:42:27.813] [SEVERE ] updating countdown to 58435
[22:42:27.815] [SEVERE ] setting player 3 freeze to 2819
[22:42:27.817] [SEVERE ] setting player 4 freeze to 2817
[22:42:27.844] [SEVERE ] updating countdown to 58404
[22:42:27.844] [SEVERE ] setting player 3 freeze to 2790
[22:42:27.844] [SEVERE ] setting player 4 freeze to 2790
[22:42:27.870] [SEVERE ] updating countdown to 58378
[22:42:27.871] [SEVERE ] setting player 3 freeze to 2763
[22:42:27.873] [SEVERE ] setting player 4 freeze to 2761
[22:42:27.900] [SEVERE ] updating countdown to 58349
[22:42:27.902] [SEVERE ] setting player 3 freeze to 2732
[22:42:27.904] [SEVERE ] setting player 4 freeze to 2730
[22:42:27.931] [SEVERE ] updating countdown to 58317
[22:42:27.932] [SEVERE ] setting player 3 freeze to 2702
[22:42:27.932] [SEVERE ] setting player 4 freeze to 2702
[22:42:27.958] [SEVERE ] updating countdown to 58290
[22:42:27.960] [SEVERE ] setting player 3 freeze to 2674
[22:42:27.962] [SEVERE ] setting player 4 freeze to 2672
[22:42:27.989] [SEVERE ] updating countdown to 58259
[22:42:27.990] [SEVERE ] setting player 3 freeze to 2644
[22:42:27.990] [SEVERE ] setting player 4 freeze to 2644
[22:42:28.016] [SEVERE ] updating countdown to 58232
[22:42:28.016] [SEVERE ] setting player 3 freeze to 2618
[22:42:28.017] [SEVERE ] setting player 4 freeze to 2617
[22:42:28.042] [SEVERE ] updating countdown to 58206
[22:42:28.042] [SEVERE ] setting player 3 freeze to 2592
[22:42:28.042] [SEVERE ] setting player 4 freeze to 2592
[22:42:28.068] [SEVERE ] updating countdown to 58180
[22:42:28.068] [SEVERE ] setting player 3 freeze to 2566
[22:42:28.069] [SEVERE ] setting player 4 freeze to 2565
[22:42:28.094] [SEVERE ] updating countdown to 58154
[22:42:28.095] [SEVERE ] setting player 3 freeze to 2539
[22:42:28.097] [SEVERE ] setting player 4 freeze to 2538
[22:42:28.123] [SEVERE ] updating countdown to 58125
[22:42:28.124] [SEVERE ] setting player 3 freeze to 2510
[22:42:28.124] [SEVERE ] setting player 4 freeze to 2510
[22:42:28.151] [SEVERE ] updating countdown to 58097
[22:42:28.155] [SEVERE ] setting player 3 freeze to 2479
[22:42:28.157] [SEVERE ] setting player 4 freeze to 2477
[22:42:28.183] [SEVERE ] updating countdown to 58065
[22:42:28.184] [SEVERE ] setting player 3 freeze to 2450
[22:42:28.185] [SEVERE ] setting player 4 freeze to 2449
[22:42:28.212] [SEVERE ] updating countdown to 58036
[22:42:28.213] [SEVERE ] setting player 3 freeze to 2421
[22:42:28.214] [SEVERE ] setting player 4 freeze to 2420
[22:42:28.241] [SEVERE ] updating countdown to 58007
[22:42:28.242] [SEVERE ] setting player 3 freeze to 2392
[22:42:28.243] [SEVERE ] setting player 4 freeze to 2391
[22:42:28.269] [SEVERE ] updating countdown to 57979
[22:42:28.272] [SEVERE ] setting player 3 freeze to 2362
[22:42:28.274] [SEVERE ] setting player 4 freeze to 2360
[22:42:28.300] [SEVERE ] updating countdown to 57948
[22:42:28.301] [SEVERE ] setting player 3 freeze to 2333
[22:42:28.302] [SEVERE ] setting player 4 freeze to 2332
[22:42:28.327] [SEVERE ] updating countdown to 57921
[22:42:28.329] [SEVERE ] setting player 3 freeze to 2305
[22:42:28.330] [SEVERE ] setting player 4 freeze to 2304
[22:42:28.357] [SEVERE ] updating countdown to 57891
[22:42:28.359] [SEVERE ] setting player 3 freeze to 2275
[22:42:28.360] [SEVERE ] setting player 4 freeze to 2274
[22:42:28.387] [SEVERE ] updating countdown to 57862
[22:42:28.388] [SEVERE ] setting player 3 freeze to 2246
[22:42:28.389] [SEVERE ] setting player 4 freeze to 2245
[22:42:28.416] [SEVERE ] updating countdown to 57832
[22:42:28.417] [SEVERE ] setting player 3 freeze to 2217
[22:42:28.422] [SEVERE ] setting player 4 freeze to 2212
[22:42:28.448] [SEVERE ] updating countdown to 57800
[22:42:28.450] [SEVERE ] setting player 3 freeze to 2184
[22:42:28.450] [SEVERE ] setting player 4 freeze to 2184
[22:42:28.477] [SEVERE ] updating countdown to 57771
[22:42:28.480] [SEVERE ] setting player 3 freeze to 2154
[22:42:28.481] [SEVERE ] setting player 4 freeze to 2153
[22:42:28.507] [SEVERE ] updating countdown to 57741
[22:42:28.508] [SEVERE ] setting player 3 freeze to 2126
[22:42:28.508] [SEVERE ] setting player 4 freeze to 2126
[22:42:28.534] [SEVERE ] updating countdown to 57714
[22:42:28.536] [SEVERE ] setting player 3 freeze to 2098
[22:42:28.537] [SEVERE ] setting player 4 freeze to 2097
[22:42:28.563] [SEVERE ] updating countdown to 57685
[22:42:28.565] [SEVERE ] setting player 3 freeze to 2069
[22:42:28.566] [SEVERE ] setting player 4 freeze to 2068
[22:42:28.592] [SEVERE ] updating countdown to 57656
[22:42:28.594] [SEVERE ] setting player 3 freeze to 2040
[22:42:28.596] [SEVERE ] setting player 4 freeze to 2038
[22:42:28.623] [SEVERE ] updating countdown to 57625
[22:42:28.624] [SEVERE ] setting player 3 freeze to 2010
[22:42:28.625] [SEVERE ] setting player 4 freeze to 2009
[22:42:28.651] [SEVERE ] updating countdown to 57597
[22:42:28.652] [SEVERE ] setting player 3 freeze to 1982
[22:42:28.653] [SEVERE ] setting player 4 freeze to 1981
[22:42:28.679] [SEVERE ] updating countdown to 57569
[22:42:28.679] [SEVERE ] setting player 3 freeze to 1955
[22:42:28.680] [SEVERE ] setting player 4 freeze to 1954
[22:42:28.705] [SEVERE ] updating countdown to 57543
[22:42:28.706] [SEVERE ] setting player 3 freeze to 1928
[22:42:28.707] [SEVERE ] setting player 4 freeze to 1927
[22:42:28.732] [SEVERE ] updating countdown to 57516
[22:42:28.735] [SEVERE ] setting player 3 freeze to 1899
[22:42:28.736] [SEVERE ] setting player 4 freeze to 1898
[22:42:28.761] [SEVERE ] updating countdown to 57487
[22:42:28.762] [SEVERE ] setting player 3 freeze to 1872
[22:42:28.762] [SEVERE ] setting player 4 freeze to 1872
[22:42:28.788] [SEVERE ] updating countdown to 57460
[22:42:28.789] [SEVERE ] setting player 3 freeze to 1845
[22:42:28.792] [SEVERE ] setting player 4 freeze to 1842
[22:42:28.820] [SEVERE ] updating countdown to 57428
[22:42:28.821] [SEVERE ] setting player 3 freeze to 1813
[22:42:28.822] [SEVERE ] setting player 4 freeze to 1812
[22:42:28.849] [SEVERE ] updating countdown to 57399
[22:42:28.851] [SEVERE ] setting player 3 freeze to 1783
[22:42:28.853] [SEVERE ] setting player 4 freeze to 1781
[22:42:28.880] [SEVERE ] updating countdown to 57368
[22:42:28.881] [SEVERE ] setting player 3 freeze to 1753
[22:42:28.883] [SEVERE ] setting player 4 freeze to 1751
[22:42:28.909] [SEVERE ] updating countdown to 57339
[22:42:28.911] [SEVERE ] setting player 3 freeze to 1723
[22:42:28.912] [SEVERE ] setting player 4 freeze to 1722
[22:42:28.938] [SEVERE ] updating countdown to 57310
[22:42:28.939] [SEVERE ] setting player 3 freeze to 1695
[22:42:28.939] [SEVERE ] setting player 4 freeze to 1695
[22:42:28.965] [SEVERE ] updating countdown to 57283
[22:42:28.966] [SEVERE ] setting player 3 freeze to 1668
[22:42:28.967] [SEVERE ] setting player 4 freeze to 1667
[22:42:28.993] [SEVERE ] updating countdown to 57255
[22:42:28.995] [SEVERE ] setting player 3 freeze to 1639
[22:42:28.996] [SEVERE ] setting player 4 freeze to 1638
[22:42:29.022] [SEVERE ] updating countdown to 57226
[22:42:29.026] [SEVERE ] setting player 3 freeze to 1608
[22:42:29.027] [SEVERE ] setting player 4 freeze to 1607
[22:42:29.061] [SEVERE ] updating countdown to 57187
[22:42:29.061] [SEVERE ] setting player 3 freeze to 1573
[22:42:29.062] [SEVERE ] setting player 4 freeze to 1572
[22:42:29.088] [SEVERE ] updating countdown to 57160
[22:42:29.090] [SEVERE ] setting player 3 freeze to 1544
[22:42:29.091] [SEVERE ] setting player 4 freeze to 1543
[22:42:29.118] [SEVERE ] updating countdown to 57130
[22:42:29.119] [SEVERE ] setting player 3 freeze to 1515
[22:42:29.120] [SEVERE ] setting player 4 freeze to 1514
[22:42:29.146] [SEVERE ] updating countdown to 57102
[22:42:29.147] [SEVERE ] setting player 3 freeze to 1487
[22:42:29.147] [SEVERE ] setting player 4 freeze to 1487
[22:42:29.173] [SEVERE ] updating countdown to 57075
[22:42:29.175] [SEVERE ] setting player 3 freeze to 1459
[22:42:29.176] [SEVERE ] setting player 4 freeze to 1458
[22:42:29.203] [SEVERE ] updating countdown to 57045
[22:42:29.204] [SEVERE ] setting player 3 freeze to 1430
[22:42:29.204] [SEVERE ] setting player 4 freeze to 1430
[22:42:29.230] [SEVERE ] updating countdown to 57018
[22:42:29.233] [SEVERE ] setting player 3 freeze to 1401
[22:42:29.234] [SEVERE ] setting player 4 freeze to 1400
[22:42:29.261] [SEVERE ] updating countdown to 56987
[22:42:29.263] [SEVERE ] setting player 3 freeze to 1371
[22:42:29.264] [SEVERE ] setting player 4 freeze to 1370
[22:42:29.290] [SEVERE ] updating countdown to 56958
[22:42:29.291] [SEVERE ] setting player 3 freeze to 1343
[22:42:29.292] [SEVERE ] setting player 4 freeze to 1342
[22:42:29.318] [SEVERE ] updating countdown to 56930
[22:42:29.320] [SEVERE ] setting player 3 freeze to 1314
[22:42:29.321] [SEVERE ] setting player 4 freeze to 1313
[22:42:29.347] [SEVERE ] updating countdown to 56901
[22:42:29.349] [SEVERE ] setting player 3 freeze to 1285
[22:42:29.350] [SEVERE ] setting player 4 freeze to 1284
[22:42:29.376] [SEVERE ] updating countdown to 56872
[22:42:29.377] [SEVERE ] setting player 3 freeze to 1257
[22:42:29.379] [SEVERE ] setting player 4 freeze to 1255
[22:42:29.405] [SEVERE ] updating countdown to 56843
[22:42:29.407] [SEVERE ] setting player 3 freeze to 1228
[22:42:29.408] [SEVERE ] setting player 4 freeze to 1226
[22:42:29.435] [SEVERE ] updating countdown to 56813
[22:42:29.437] [SEVERE ] setting player 3 freeze to 1197
[22:42:29.438] [SEVERE ] setting player 4 freeze to 1196
[22:42:29.464] [SEVERE ] updating countdown to 56784
[22:42:29.465] [SEVERE ] setting player 3 freeze to 1169
[22:42:29.466] [SEVERE ] setting player 4 freeze to 1168
[22:42:29.493] [SEVERE ] updating countdown to 56755
[22:42:29.494] [SEVERE ] setting player 3 freeze to 1140
[22:42:29.495] [SEVERE ] setting player 4 freeze to 1139
[22:42:29.523] [SEVERE ] updating countdown to 56725
[22:42:29.524] [SEVERE ] setting player 3 freeze to 1110
[22:42:29.525] [SEVERE ] setting player 4 freeze to 1109
[22:42:29.551] [SEVERE ] updating countdown to 56697
[22:42:29.553] [SEVERE ] setting player 3 freeze to 1081
[22:42:29.554] [SEVERE ] setting player 4 freeze to 1080
[22:42:29.581] [SEVERE ] updating countdown to 56667
[22:42:29.582] [SEVERE ] setting player 3 freeze to 1052
[22:42:29.584] [SEVERE ] setting player 4 freeze to 1050
[22:42:29.610] [SEVERE ] updating countdown to 56638
[22:42:29.611] [SEVERE ] setting player 3 freeze to 1023
[22:42:29.612] [SEVERE ] setting player 4 freeze to 1022
[22:42:29.639] [SEVERE ] updating countdown to 56609
[22:42:29.640] [SEVERE ] setting player 3 freeze to 994
[22:42:29.641] [SEVERE ] setting player 4 freeze to 993
[22:42:29.667] [SEVERE ] updating countdown to 56581
[22:42:29.669] [SEVERE ] setting player 3 freeze to 965
[22:42:29.670] [SEVERE ] setting player 4 freeze to 964
[22:42:29.696] [SEVERE ] updating countdown to 56552
[22:42:29.697] [SEVERE ] setting player 3 freeze to 937
[22:42:29.698] [SEVERE ] setting player 4 freeze to 936
[22:42:29.723] [SEVERE ] updating countdown to 56525
[22:42:29.725] [SEVERE ] setting player 3 freeze to 909
[22:42:29.726] [SEVERE ] setting player 4 freeze to 908
[22:42:29.753] [SEVERE ] updating countdown to 56495
[22:42:29.754] [SEVERE ] setting player 3 freeze to 880
[22:42:29.755] [SEVERE ] setting player 4 freeze to 879
[22:42:29.781] [SEVERE ] updating countdown to 56467
[22:42:29.783] [SEVERE ] setting player 3 freeze to 851
[22:42:29.784] [SEVERE ] setting player 4 freeze to 850
[22:42:29.811] [SEVERE ] updating countdown to 56437
[22:42:29.813] [SEVERE ] setting player 3 freeze to 821
[22:42:29.816] [SEVERE ] setting player 4 freeze to 818
[22:42:29.842] [SEVERE ] updating countdown to 56406
[22:42:29.844] [SEVERE ] setting player 3 freeze to 790
[22:42:29.845] [SEVERE ] setting player 4 freeze to 789
[22:42:29.871] [SEVERE ] updating countdown to 56377
[22:42:29.873] [SEVERE ] setting player 3 freeze to 761
[22:42:29.875] [SEVERE ] setting player 4 freeze to 759
[22:42:29.902] [SEVERE ] updating countdown to 56346
[22:42:29.905] [SEVERE ] setting player 3 freeze to 729
[22:42:29.906] [SEVERE ] setting player 4 freeze to 728
[22:42:29.932] [SEVERE ] updating countdown to 56316
[22:42:29.934] [SEVERE ] setting player 3 freeze to 700
[22:42:29.936] [SEVERE ] setting player 4 freeze to 698
[22:42:29.963] [SEVERE ] updating countdown to 56285
[22:42:29.964] [SEVERE ] setting player 3 freeze to 670
[22:42:29.964] [SEVERE ] setting player 4 freeze to 670
[22:42:29.990] [SEVERE ] updating countdown to 56258
[22:42:29.991] [SEVERE ] setting player 3 freeze to 643
[22:42:29.992] [SEVERE ] setting player 4 freeze to 642
[22:42:30.018] [SEVERE ] updating countdown to 56230
[22:42:30.019] [SEVERE ] setting player 3 freeze to 615
[22:42:30.019] [SEVERE ] setting player 4 freeze to 615
[22:42:30.045] [SEVERE ] updating countdown to 56203
[22:42:30.046] [SEVERE ] setting player 3 freeze to 588
[22:42:30.047] [SEVERE ] setting player 4 freeze to 587
[22:42:30.073] [SEVERE ] updating countdown to 56175
[22:42:30.074] [SEVERE ] setting player 3 freeze to 560
[22:42:30.074] [SEVERE ] setting player 4 freeze to 560
[22:42:30.099] [SEVERE ] updating countdown to 56149
[22:42:30.100] [SEVERE ] setting player 3 freeze to 534
[22:42:30.100] [SEVERE ] setting player 4 freeze to 534
[22:42:30.125] [SEVERE ] updating countdown to 56123
[22:42:30.126] [SEVERE ] setting player 3 freeze to 508
[22:42:30.126] [SEVERE ] setting player 4 freeze to 508
[22:42:30.151] [SEVERE ] updating countdown to 56097
[22:42:30.152] [SEVERE ] setting player 3 freeze to 482
[22:42:30.152] [SEVERE ] setting player 4 freeze to 482
[22:42:30.177] [SEVERE ] updating countdown to 56071
[22:42:30.182] [SEVERE ] setting player 3 freeze to 452
[22:42:30.183] [SEVERE ] setting player 4 freeze to 451
[22:42:30.208] [SEVERE ] updating countdown to 56040
[22:42:30.209] [SEVERE ] setting player 3 freeze to 425
[22:42:30.209] [SEVERE ] setting player 4 freeze to 425
[22:42:30.235] [SEVERE ] updating countdown to 56013
[22:42:30.235] [SEVERE ] setting player 3 freeze to 399
[22:42:30.237] [SEVERE ] setting player 4 freeze to 397
[22:42:30.263] [SEVERE ] updating countdown to 55985
[22:42:30.264] [SEVERE ] setting player 3 freeze to 370
[22:42:30.265] [SEVERE ] setting player 4 freeze to 369
[22:42:30.290] [SEVERE ] updating countdown to 55958
[22:42:30.291] [SEVERE ] setting player 3 freeze to 343
[22:42:30.291] [SEVERE ] setting player 4 freeze to 343
[22:42:30.316] [SEVERE ] updating countdown to 55932
[22:42:30.318] [SEVERE ] setting player 3 freeze to 316
[22:42:30.319] [SEVERE ] setting player 4 freeze to 315
[22:42:30.346] [SEVERE ] updating countdown to 55902
[22:42:30.347] [SEVERE ] setting player 3 freeze to 287
[22:42:30.348] [SEVERE ] setting player 4 freeze to 286
[22:42:30.375] [SEVERE ] updating countdown to 55873
[22:42:30.376] [SEVERE ] setting player 3 freeze to 258
[22:42:30.378] [SEVERE ] setting player 4 freeze to 256
[22:42:30.405] [SEVERE ] updating countdown to 55843
[22:42:30.406] [SEVERE ] setting player 3 freeze to 228
[22:42:30.408] [SEVERE ] setting player 4 freeze to 226
[22:42:30.434] [SEVERE ] updating countdown to 55814
[22:42:30.435] [SEVERE ] setting player 3 freeze to 199
[22:42:30.436] [SEVERE ] setting player 4 freeze to 198
[22:42:30.463] [SEVERE ] updating countdown to 55785
[22:42:30.464] [SEVERE ] setting player 3 freeze to 170
[22:42:30.465] [SEVERE ] setting player 4 freeze to 169
[22:42:30.491] [SEVERE ] updating countdown to 55757
[22:42:30.492] [SEVERE ] setting player 3 freeze to 142
[22:42:30.493] [SEVERE ] setting player 4 freeze to 141
[22:42:30.519] [SEVERE ] updating countdown to 55729
[22:42:30.520] [SEVERE ] setting player 3 freeze to 114
[22:42:30.521] [SEVERE ] setting player 4 freeze to 113
[22:42:30.547] [SEVERE ] updating countdown to 55701
[22:42:30.554] [SEVERE ] setting player 3 freeze to 80
[22:42:30.554] [SEVERE ] setting player 4 freeze to 80
[22:42:30.580] [SEVERE ] updating countdown to 55668
[22:42:30.581] [SEVERE ] setting player 3 freeze to 53
[22:42:30.583] [SEVERE ] setting player 4 freeze to 51
[22:42:30.611] [SEVERE ] updating countdown to 55638
[22:42:30.612] [SEVERE ] setting player 3 freeze to 22
[22:42:30.613] [SEVERE ] setting player 4 freeze to 21
[22:42:30.638] [SEVERE ] updating countdown to 55610
[22:42:30.640] [SEVERE ] setting player 3 freeze to -6
[22:42:30.641] [SEVERE ] setting player 3 freeze to 0
[22:42:30.641] [SEVERE ] setting player 4 freeze to -7
[22:42:30.642] [SEVERE ] setting player 4 freeze to 0
[22:42:30.668] [SEVERE ] updating countdown to 55580
[22:42:30.693] [SEVERE ] updating countdown to 55555
[22:42:30.720] [SEVERE ] updating countdown to 55528
[22:42:30.746] [SEVERE ] updating countdown to 55502
[22:42:30.771] [SEVERE ] updating countdown to 55477
[22:42:30.800] [SEVERE ] updating countdown to 55448
[22:42:30.826] [SEVERE ] updating countdown to 55422
[22:42:30.853] [SEVERE ] updating countdown to 55395
[22:42:30.880] [SEVERE ] updating countdown to 55368
[22:42:30.907] [SEVERE ] updating countdown to 55341
[22:42:30.938] [SEVERE ] updating countdown to 55310
[22:42:30.966] [SEVERE ] updating countdown to 55282
[22:42:30.994] [SEVERE ] updating countdown to 55254
[22:42:31.020] [SEVERE ] updating countdown to 55228
[22:42:31.047] [SEVERE ] updating countdown to 55201
[22:42:31.073] [SEVERE ] updating countdown to 55175
[22:42:31.101] [SEVERE ] updating countdown to 55147
[22:42:31.128] [SEVERE ] updating countdown to 55120
[22:42:31.155] [SEVERE ] updating countdown to 55093
[22:42:31.182] [SEVERE ] updating countdown to 55066
[22:42:31.210] [SEVERE ] updating countdown to 55038
[22:42:31.237] [SEVERE ] updating countdown to 55011
[22:42:31.264] [SEVERE ] updating countdown to 54984
[22:42:31.292] [SEVERE ] updating countdown to 54956
[22:42:31.319] [SEVERE ] updating countdown to 54929
[22:42:31.345] [SEVERE ] updating countdown to 54903
[22:42:31.372] [SEVERE ] updating countdown to 54876
[22:42:31.398] [SEVERE ] updating countdown to 54850
[22:42:31.425] [SEVERE ] updating countdown to 54823
[22:42:31.457] [SEVERE ] updating countdown to 54791
[22:42:31.483] [SEVERE ] updating countdown to 54765
[22:42:31.510] [SEVERE ] updating countdown to 54738
[22:42:31.536] [SEVERE ] updating countdown to 54712
[22:42:31.563] [SEVERE ] updating countdown to 54685
[22:42:31.588] [SEVERE ] updating countdown to 54660
[22:42:31.615] [SEVERE ] updating countdown to 54633
[22:42:31.629] [SEVERE ] removing player 4 token from slot 2
[22:42:31.641] [SEVERE ] updating countdown to 54607
[22:42:31.666] [SEVERE ] updating countdown to 54582
[22:42:31.692] [SEVERE ] updating countdown to 54556
[22:42:31.718] [SEVERE ] updating countdown to 54530
[22:42:31.744] [SEVERE ] updating countdown to 54504
[22:42:31.770] [SEVERE ] updating countdown to 54478
[22:42:31.799] [SEVERE ] updating countdown to 54449
[22:42:31.835] [SEVERE ] updating countdown to 54413
[22:42:31.861] [SEVERE ] updating countdown to 54387
[22:42:31.888] [SEVERE ] updating countdown to 54360
[22:42:31.914] [SEVERE ] updating countdown to 54334
[22:42:31.941] [SEVERE ] updating countdown to 54307
[22:42:31.968] [SEVERE ] updating countdown to 54280
[22:42:31.994] [SEVERE ] updating countdown to 54254
[22:42:32.021] [SEVERE ] updating countdown to 54227
[22:42:32.046] [SEVERE ] updating countdown to 54202
[22:42:32.073] [SEVERE ] updating countdown to 54175
[22:42:32.099] [SEVERE ] updating countdown to 54149
[22:42:32.125] [SEVERE ] updating countdown to 54123
[22:42:32.130] [SEVERE ] removing player 3 token from slot 7
[22:42:32.130] [SEVERE ] player 4 placing token on slot 7
[22:42:32.131] [SEVERE ] updating countdown to 54117
[22:42:32.132] [SEVERE ] setting player 4 freeze to 3000
[22:42:32.157] [SEVERE ] updating countdown to 54091
[22:42:32.162] [SEVERE ] setting player 4 freeze to 2970
[22:42:32.192] [SEVERE ] updating countdown to 54056
[22:42:32.193] [SEVERE ] setting player 4 freeze to 2939
[22:42:32.219] [SEVERE ] updating countdown to 54029
[22:42:32.219] [SEVERE ] setting player 4 freeze to 2913
[22:42:32.245] [SEVERE ] updating countdown to 54003
[22:42:32.246] [SEVERE ] setting player 4 freeze to 2886
[22:42:32.271] [SEVERE ] updating countdown to 53977
[22:42:32.272] [SEVERE ] setting player 4 freeze to 2860
[22:42:32.297] [SEVERE ] updating countdown to 53951
[22:42:32.298] [SEVERE ] setting player 4 freeze to 2834
[22:42:32.325] [SEVERE ] updating countdown to 53923
[22:42:32.326] [SEVERE ] setting player 4 freeze to 2806
[22:42:32.352] [SEVERE ] updating countdown to 53896
[22:42:32.353] [SEVERE ] setting player 4 freeze to 2779
[22:42:32.379] [SEVERE ] updating countdown to 53869
[22:42:32.383] [SEVERE ] setting player 4 freeze to 2749
[22:42:32.409] [SEVERE ] updating countdown to 53839
[22:42:32.411] [SEVERE ] setting player 4 freeze to 2721
[22:42:32.438] [SEVERE ] updating countdown to 53811
[22:42:32.440] [SEVERE ] setting player 4 freeze to 2692
[22:42:32.468] [SEVERE ] updating countdown to 53780
[22:42:32.470] [SEVERE ] setting player 4 freeze to 2662
[22:42:32.496] [SEVERE ] updating countdown to 53752
[22:42:32.497] [SEVERE ] setting player 4 freeze to 2635
[22:42:32.524] [SEVERE ] updating countdown to 53724
[22:42:32.525] [SEVERE ] setting player 4 freeze to 2607
[22:42:32.551] [SEVERE ] updating countdown to 53697
[22:42:32.553] [SEVERE ] setting player 4 freeze to 2579
[22:42:32.580] [SEVERE ] updating countdown to 53668
[22:42:32.581] [SEVERE ] setting player 4 freeze to 2551
[22:42:32.606] [SEVERE ] updating countdown to 53642
[22:42:32.607] [SEVERE ] setting player 4 freeze to 2525
[22:42:32.631] [SEVERE ] player 3 placing token on slot 10
[22:42:32.636] [SEVERE ] updating countdown to 53613
[22:42:32.638] [SEVERE ] setting player 4 freeze to 2494
[22:42:32.639] [SEVERE ] setting player 3 freeze to 3000
[22:42:32.665] [SEVERE ] updating countdown to 53583
[22:42:32.669] [SEVERE ] setting player 3 freeze to 2970
[22:42:32.670] [SEVERE ] setting player 4 freeze to 2462
[22:42:32.699] [SEVERE ] updating countdown to 53549
[22:42:32.700] [SEVERE ] setting player 3 freeze to 2939
[22:42:32.702] [SEVERE ] setting player 4 freeze to 2430
[22:42:32.728] [SEVERE ] updating countdown to 53520
[22:42:32.729] [SEVERE ] setting player 3 freeze to 2910
[22:42:32.730] [SEVERE ] setting player 4 freeze to 2402
[22:42:32.756] [SEVERE ] updating countdown to 53492
[22:42:32.759] [SEVERE ] setting player 3 freeze to 2880
[22:42:32.760] [SEVERE ] setting player 4 freeze to 2372
[22:42:32.790] [SEVERE ] updating countdown to 53458
[22:42:32.791] [SEVERE ] setting player 3 freeze to 2848
[22:42:32.791] [SEVERE ] setting player 4 freeze to 2341
[22:42:32.817] [SEVERE ] updating countdown to 53431
[22:42:32.818] [SEVERE ] setting player 3 freeze to 2821
[22:42:32.820] [SEVERE ] setting player 4 freeze to 2312
[22:42:32.846] [SEVERE ] updating countdown to 53402
[22:42:32.847] [SEVERE ] setting player 3 freeze to 2792
[22:42:32.847] [SEVERE ] setting player 4 freeze to 2285
[22:42:32.873] [SEVERE ] updating countdown to 53375
[22:42:32.874] [SEVERE ] setting player 3 freeze to 2765
[22:42:32.876] [SEVERE ] setting player 4 freeze to 2256
[22:42:32.903] [SEVERE ] updating countdown to 53345
[22:42:32.905] [SEVERE ] setting player 3 freeze to 2734
[22:42:32.906] [SEVERE ] setting player 4 freeze to 2226
[22:42:32.931] [SEVERE ] updating countdown to 53317
[22:42:32.933] [SEVERE ] setting player 3 freeze to 2706
[22:42:32.934] [SEVERE ] setting player 4 freeze to 2198
[22:42:32.961] [SEVERE ] updating countdown to 53287
[22:42:32.962] [SEVERE ] setting player 3 freeze to 2677
[22:42:32.963] [SEVERE ] setting player 4 freeze to 2169
[22:42:32.989] [SEVERE ] updating countdown to 53259
[22:42:32.990] [SEVERE ] setting player 3 freeze to 2649
[22:42:32.991] [SEVERE ] setting player 4 freeze to 2141
[22:42:33.017] [SEVERE ] updating countdown to 53231
[22:42:33.020] [SEVERE ] setting player 3 freeze to 2619
[22:42:33.023] [SEVERE ] setting player 4 freeze to 2109
[22:42:33.049] [SEVERE ] updating countdown to 53199
[22:42:33.051] [SEVERE ] setting player 3 freeze to 2588
[22:42:33.053] [SEVERE ] setting player 4 freeze to 2079
[22:42:33.079] [SEVERE ] updating countdown to 53169
[22:42:33.080] [SEVERE ] setting player 3 freeze to 2559
[22:42:33.081] [SEVERE ] setting player 4 freeze to 2051
[22:42:33.107] [SEVERE ] updating countdown to 53141
[22:42:33.108] [SEVERE ] setting player 3 freeze to 2531
[22:42:33.109] [SEVERE ] setting player 4 freeze to 2023
[22:42:33.134] [SEVERE ] updating countdown to 53114
[22:42:33.135] [SEVERE ] setting player 3 freeze to 2504
[22:42:33.136] [SEVERE ] setting player 4 freeze to 1996
[22:42:33.162] [SEVERE ] updating countdown to 53086
[22:42:33.163] [SEVERE ] setting player 3 freeze to 2476
[22:42:33.164] [SEVERE ] setting player 4 freeze to 1968
[22:42:33.190] [SEVERE ] updating countdown to 53058
[22:42:33.192] [SEVERE ] setting player 3 freeze to 2447
[22:42:33.193] [SEVERE ] setting player 4 freeze to 1939
[22:42:33.219] [SEVERE ] updating countdown to 53029
[22:42:33.220] [SEVERE ] setting player 3 freeze to 2419
[22:42:33.221] [SEVERE ] setting player 4 freeze to 1911
[22:42:33.247] [SEVERE ] updating countdown to 53001
[22:42:33.248] [SEVERE ] setting player 3 freeze to 2391
[22:42:33.249] [SEVERE ] setting player 4 freeze to 1883
[22:42:33.276] [SEVERE ] updating countdown to 52972
[22:42:33.279] [SEVERE ] setting player 3 freeze to 2360
[22:42:33.280] [SEVERE ] setting player 4 freeze to 1852
[22:42:33.307] [SEVERE ] updating countdown to 52941
[22:42:33.307] [SEVERE ] setting player 3 freeze to 2332
[22:42:33.309] [SEVERE ] setting player 4 freeze to 1823
[22:42:33.335] [SEVERE ] updating countdown to 52913
[22:42:33.337] [SEVERE ] setting player 3 freeze to 2302
[22:42:33.338] [SEVERE ] setting player 4 freeze to 1794
[22:42:33.365] [SEVERE ] updating countdown to 52883
[22:42:33.366] [SEVERE ] setting player 3 freeze to 2273
[22:42:33.367] [SEVERE ] setting player 4 freeze to 1765
[22:42:33.394] [SEVERE ] updating countdown to 52854
[22:42:33.396] [SEVERE ] setting player 3 freeze to 2243
[22:42:33.398] [SEVERE ] setting player 4 freeze to 1734
[22:42:33.426] [SEVERE ] updating countdown to 52823
[22:42:33.427] [SEVERE ] setting player 3 freeze to 2212
[22:42:33.428] [SEVERE ] setting player 4 freeze to 1704
[22:42:33.454] [SEVERE ] updating countdown to 52794
[22:42:33.456] [SEVERE ] setting player 3 freeze to 2183
[22:42:33.457] [SEVERE ] setting player 4 freeze to 1675
[22:42:33.484] [SEVERE ] updating countdown to 52764
[22:42:33.485] [SEVERE ] setting player 3 freeze to 2154
[22:42:33.486] [SEVERE ] setting player 4 freeze to 1646
[22:42:33.512] [SEVERE ] updating countdown to 52736
[22:42:33.514] [SEVERE ] setting player 3 freeze to 2125
[22:42:33.515] [SEVERE ] setting player 4 freeze to 1617
[22:42:33.541] [SEVERE ] updating countdown to 52707
[22:42:33.542] [SEVERE ] setting player 3 freeze to 2097
[22:42:33.543] [SEVERE ] setting player 4 freeze to 1589
[22:42:33.569] [SEVERE ] updating countdown to 52679
[22:42:33.570] [SEVERE ] setting player 3 freeze to 2069
[22:42:33.571] [SEVERE ] setting player 4 freeze to 1561
[22:42:33.597] [SEVERE ] updating countdown to 52651
[22:42:33.599] [SEVERE ] setting player 3 freeze to 2040
[22:42:33.601] [SEVERE ] setting player 4 freeze to 1531
[22:42:33.627] [SEVERE ] updating countdown to 52621
[22:42:33.629] [SEVERE ] setting player 3 freeze to 2010
[22:42:33.630] [SEVERE ] setting player 4 freeze to 1502
[22:42:33.657] [SEVERE ] updating countdown to 52591
[22:42:33.664] [SEVERE ] setting player 3 freeze to 1975
[22:42:33.666] [SEVERE ] setting player 4 freeze to 1466
[22:42:33.692] [SEVERE ] updating countdown to 52556
[22:42:33.694] [SEVERE ] setting player 3 freeze to 1945
[22:42:33.694] [SEVERE ] setting player 4 freeze to 1438
[22:42:33.720] [SEVERE ] updating countdown to 52528
[22:42:33.722] [SEVERE ] setting player 3 freeze to 1917
[22:42:33.723] [SEVERE ] setting player 4 freeze to 1409
[22:42:33.749] [SEVERE ] updating countdown to 52499
[22:42:33.750] [SEVERE ] setting player 3 freeze to 1889
[22:42:33.750] [SEVERE ] setting player 4 freeze to 1382
[22:42:33.776] [SEVERE ] updating countdown to 52472
[22:42:33.777] [SEVERE ] setting player 3 freeze to 1862
[22:42:33.778] [SEVERE ] setting player 4 freeze to 1354
[22:42:33.804] [SEVERE ] updating countdown to 52444
[22:42:33.806] [SEVERE ] setting player 3 freeze to 1833
[22:42:33.807] [SEVERE ] setting player 4 freeze to 1325
[22:42:33.833] [SEVERE ] updating countdown to 52415
[22:42:33.835] [SEVERE ] setting player 3 freeze to 1804
[22:42:33.836] [SEVERE ] setting player 4 freeze to 1296
[22:42:33.864] [SEVERE ] updating countdown to 52384
[22:42:33.865] [SEVERE ] setting player 3 freeze to 1774
[22:42:33.866] [SEVERE ] setting player 4 freeze to 1266
[22:42:33.892] [SEVERE ] updating countdown to 52356
[22:42:33.894] [SEVERE ] setting player 3 freeze to 1745
[22:42:33.895] [SEVERE ] setting player 4 freeze to 1237
[22:42:33.921] [SEVERE ] updating countdown to 52327
[22:42:33.922] [SEVERE ] setting player 3 freeze to 1717
[22:42:33.922] [SEVERE ] setting player 4 freeze to 1210
[22:42:33.948] [SEVERE ] updating countdown to 52300
[22:42:33.949] [SEVERE ] setting player 3 freeze to 1690
[22:42:33.950] [SEVERE ] setting player 4 freeze to 1182
[22:42:33.976] [SEVERE ] updating countdown to 52272
[22:42:33.978] [SEVERE ] setting player 3 freeze to 1661
[22:42:33.979] [SEVERE ] setting player 4 freeze to 1153
[22:42:34.006] [SEVERE ] updating countdown to 52242
[22:42:34.006] [SEVERE ] setting player 3 freeze to 1633
[22:42:34.007] [SEVERE ] setting player 4 freeze to 1125
[22:42:34.032] [SEVERE ] updating countdown to 52216
[22:42:34.033] [SEVERE ] setting player 3 freeze to 1606
[22:42:34.034] [SEVERE ] setting player 4 freeze to 1098
[22:42:34.061] [SEVERE ] updating countdown to 52187
[22:42:34.062] [SEVERE ] setting player 3 freeze to 1577
[22:42:34.063] [SEVERE ] setting player 4 freeze to 1069
[22:42:34.088] [SEVERE ] updating countdown to 52160
[22:42:34.090] [SEVERE ] setting player 3 freeze to 1549
[22:42:34.092] [SEVERE ] setting player 4 freeze to 1040
[22:42:34.118] [SEVERE ] updating countdown to 52130
[22:42:34.119] [SEVERE ] setting player 3 freeze to 1520
[22:42:34.120] [SEVERE ] setting player 4 freeze to 1012
[22:42:34.146] [SEVERE ] updating countdown to 52102
[22:42:34.147] [SEVERE ] setting player 3 freeze to 1492
[22:42:34.148] [SEVERE ] setting player 4 freeze to 984
[22:42:34.175] [SEVERE ] updating countdown to 52073
[22:42:34.184] [SEVERE ] setting player 3 freeze to 1455
[22:42:34.184] [SEVERE ] setting player 4 freeze to 948
[22:42:34.210] [SEVERE ] updating countdown to 52038
[22:42:34.211] [SEVERE ] setting player 3 freeze to 1428
[22:42:34.212] [SEVERE ] setting player 4 freeze to 920
[22:42:34.238] [SEVERE ] updating countdown to 52010
[22:42:34.245] [SEVERE ] setting player 3 freeze to 1394
[22:42:34.246] [SEVERE ] setting player 4 freeze to 886
[22:42:34.272] [SEVERE ] updating countdown to 51976
[22:42:34.273] [SEVERE ] setting player 3 freeze to 1366
[22:42:34.275] [SEVERE ] setting player 4 freeze to 857
[22:42:34.301] [SEVERE ] updating countdown to 51947
[22:42:34.301] [SEVERE ] setting player 3 freeze to 1338
[22:42:34.302] [SEVERE ] setting player 4 freeze to 830
[22:42:34.327] [SEVERE ] updating countdown to 51921
[22:42:34.327] [SEVERE ] setting player 3 freeze to 1312
[22:42:34.328] [SEVERE ] setting player 4 freeze to 804
[22:42:34.353] [SEVERE ] updating countdown to 51895
[22:42:34.354] [SEVERE ] setting player 3 freeze to 1285
[22:42:34.356] [SEVERE ] setting player 4 freeze to 776
[22:42:34.382] [SEVERE ] updating countdown to 51866
[22:42:34.382] [SEVERE ] setting player 3 freeze to 1257
[22:42:34.382] [SEVERE ] setting player 4 freeze to 750
[22:42:34.408] [SEVERE ] updating countdown to 51840
[22:42:34.409] [SEVERE ] setting player 3 freeze to 1230
[22:42:34.409] [SEVERE ] setting player 4 freeze to 723
[22:42:34.435] [SEVERE ] updating countdown to 51813
[22:42:34.436] [SEVERE ] setting player 3 freeze to 1203
[22:42:34.436] [SEVERE ] setting player 4 freeze to 696
[22:42:34.462] [SEVERE ] updating countdown to 51786
[22:42:34.463] [SEVERE ] setting player 3 freeze to 1176
[22:42:34.464] [SEVERE ] setting player 4 freeze to 668
[22:42:34.490] [SEVERE ] updating countdown to 51758
[22:42:34.491] [SEVERE ] setting player 3 freeze to 1148
[22:42:34.492] [SEVERE ] setting player 4 freeze to 640
[22:42:34.517] [SEVERE ] updating countdown to 51731
[22:42:34.520] [SEVERE ] setting player 3 freeze to 1119
[22:42:34.521] [SEVERE ] setting player 4 freeze to 611
[22:42:34.547] [SEVERE ] updating countdown to 51701
[22:42:34.549] [SEVERE ] setting player 3 freeze to 1090
[22:42:34.551] [SEVERE ] setting player 4 freeze to 581
[22:42:34.577] [SEVERE ] updating countdown to 51671
[22:42:34.578] [SEVERE ] setting player 3 freeze to 1061
[22:42:34.580] [SEVERE ] setting player 4 freeze to 552
[22:42:34.606] [SEVERE ] updating countdown to 51642
[22:42:34.607] [SEVERE ] setting player 3 freeze to 1032
[22:42:34.608] [SEVERE ] setting player 4 freeze to 524
[22:42:34.636] [SEVERE ] updating countdown to 51612
[22:42:34.637] [SEVERE ] setting player 3 freeze to 1002
[22:42:34.637] [SEVERE ] setting player 4 freeze to 495
[22:42:34.664] [SEVERE ] updating countdown to 51584
[22:42:34.666] [SEVERE ] setting player 3 freeze to 973
[22:42:34.668] [SEVERE ] setting player 4 freeze to 464
[22:42:34.695] [SEVERE ] updating countdown to 51553
[22:42:34.696] [SEVERE ] setting player 3 freeze to 943
[22:42:34.696] [SEVERE ] setting player 4 freeze to 436
[22:42:34.722] [SEVERE ] updating countdown to 51526
[22:42:34.724] [SEVERE ] setting player 3 freeze to 915
[22:42:34.724] [SEVERE ] setting player 4 freeze to 408
[22:42:34.750] [SEVERE ] updating countdown to 51498
[22:42:34.752] [SEVERE ] setting player 3 freeze to 887
[22:42:34.753] [SEVERE ] setting player 4 freeze to 379
[22:42:34.779] [SEVERE ] updating countdown to 51469
[22:42:34.780] [SEVERE ] setting player 3 freeze to 859
[22:42:34.781] [SEVERE ] setting player 4 freeze to 351
[22:42:34.807] [SEVERE ] updating countdown to 51441
[22:42:34.808] [SEVERE ] setting player 3 freeze to 831
[22:42:34.809] [SEVERE ] setting player 4 freeze to 323
[22:42:34.836] [SEVERE ] updating countdown to 51412
[22:42:34.836] [SEVERE ] setting player 3 freeze to 803
[22:42:34.837] [SEVERE ] setting player 4 freeze to 295
[22:42:34.863] [SEVERE ] updating countdown to 51385
[22:42:34.864] [SEVERE ] setting player 3 freeze to 775
[22:42:34.865] [SEVERE ] setting player 4 freeze to 267
[22:42:34.892] [SEVERE ] updating countdown to 51356
[22:42:34.894] [SEVERE ] setting player 3 freeze to 745
[22:42:34.895] [SEVERE ] setting player 4 freeze to 237
[22:42:34.921] [SEVERE ] updating countdown to 51327
[22:42:34.923] [SEVERE ] setting player 3 freeze to 716
[22:42:34.925] [SEVERE ] setting player 4 freeze to 207
[22:42:34.956] [SEVERE ] updating countdown to 51292
[22:42:34.957] [SEVERE ] setting player 3 freeze to 682
[22:42:34.958] [SEVERE ] setting player 4 freeze to 174
[22:42:34.985] [SEVERE ] updating countdown to 51263
[22:42:34.987] [SEVERE ] setting player 3 freeze to 652
[22:42:34.988] [SEVERE ] setting player 4 freeze to 144
[22:42:35.014] [SEVERE ] updating countdown to 51234
[22:42:35.015] [SEVERE ] setting player 3 freeze to 624
[22:42:35.016] [SEVERE ] setting player 4 freeze to 116
[22:42:35.042] [SEVERE ] updating countdown to 51206
[22:42:35.043] [SEVERE ] setting player 3 freeze to 596
[22:42:35.044] [SEVERE ] setting player 4 freeze to 88
[22:42:35.071] [SEVERE ] updating countdown to 51177
[22:42:35.071] [SEVERE ] setting player 3 freeze to 568
[22:42:35.071] [SEVERE ] setting player 4 freeze to 61
[22:42:35.099] [SEVERE ] updating countdown to 51149
[22:42:35.100] [SEVERE ] setting player 3 freeze to 539
[22:42:35.101] [SEVERE ] setting player 4 freeze to 31
[22:42:35.127] [SEVERE ] updating countdown to 51121
[22:42:35.127] [SEVERE ] setting player 3 freeze to 512
[22:42:35.128] [SEVERE ] setting player 4 freeze to 4
[22:42:35.153] [SEVERE ] updating countdown to 51095
[22:42:35.154] [SEVERE ] setting player 3 freeze to 485
[22:42:35.154] [SEVERE ] setting player 4 freeze to -22
[22:42:35.155] [SEVERE ] setting player 4 freeze to 0
[22:42:35.181] [SEVERE ] updating countdown to 51067
[22:42:35.181] [SEVERE ] setting player 3 freeze to 458
[22:42:35.207] [SEVERE ] updating countdown to 51041
[22:42:35.208] [SEVERE ] setting player 3 freeze to 431
[22:42:35.234] [SEVERE ] updating countdown to 51014
[22:42:35.235] [SEVERE ] setting player 3 freeze to 404
[22:42:35.261] [SEVERE ] updating countdown to 50987
[22:42:35.261] [SEVERE ] setting player 3 freeze to 378
[22:42:35.287] [SEVERE ] updating countdown to 50961
[22:42:35.287] [SEVERE ] setting player 3 freeze to 352
[22:42:35.312] [SEVERE ] updating countdown to 50936
[22:42:35.318] [SEVERE ] setting player 3 freeze to 321
[22:42:35.343] [SEVERE ] updating countdown to 50905
[22:42:35.344] [SEVERE ] setting player 3 freeze to 295
[22:42:35.370] [SEVERE ] updating countdown to 50878
[22:42:35.370] [SEVERE ] setting player 3 freeze to 269
[22:42:35.397] [SEVERE ] updating countdown to 50851
[22:42:35.398] [SEVERE ] setting player 3 freeze to 241
[22:42:35.427] [SEVERE ] updating countdown to 50821
[22:42:35.428] [SEVERE ] setting player 3 freeze to 211
[22:42:35.453] [SEVERE ] updating countdown to 50795
[22:42:35.455] [SEVERE ] setting player 3 freeze to 184
[22:42:35.489] [SEVERE ] updating countdown to 50759
[22:42:35.490] [SEVERE ] setting player 3 freeze to 149
[22:42:35.516] [SEVERE ] updating countdown to 50732
[22:42:35.518] [SEVERE ] setting player 3 freeze to 121
[22:42:35.545] [SEVERE ] updating countdown to 50703
[22:42:35.547] [SEVERE ] setting player 3 freeze to 92
[22:42:35.573] [SEVERE ] updating countdown to 50675
[22:42:35.575] [SEVERE ] setting player 3 freeze to 64
[22:42:35.602] [SEVERE ] updating countdown to 50646
[22:42:35.603] [SEVERE ] setting player 3 freeze to 36
[22:42:35.628] [SEVERE ] updating countdown to 50620
[22:42:35.630] [SEVERE ] setting player 3 freeze to 9
[22:42:35.658] [SEVERE ] updating countdown to 50590
[22:42:35.658] [SEVERE ] setting player 3 freeze to -19
[22:42:35.659] [SEVERE ] setting player 3 freeze to 0
[22:42:35.686] [SEVERE ] updating countdown to 50562
[22:42:35.711] [SEVERE ] updating countdown to 50537
[22:42:35.743] [SEVERE ] updating countdown to 50505
[22:42:35.769] [SEVERE ] updating countdown to 50479
[22:42:35.796] [SEVERE ] updating countdown to 50452
[22:42:35.822] [SEVERE ] updating countdown to 50426
[22:42:35.850] [SEVERE ] updating countdown to 50398
[22:42:35.876] [SEVERE ] updating countdown to 50372
[22:42:35.903] [SEVERE ] updating countdown to 50345
[22:42:35.929] [SEVERE ] updating countdown to 50319
[22:42:35.956] [SEVERE ] updating countdown to 50292
[22:42:35.983] [SEVERE ] updating countdown to 50265
[22:42:36.010] [SEVERE ] updating countdown to 50238
[22:42:36.038] [SEVERE ] updating countdown to 50210
[22:42:36.065] [SEVERE ] updating countdown to 50183
[22:42:36.092] [SEVERE ] updating countdown to 50156
[22:42:36.119] [SEVERE ] updating countdown to 50129
[22:42:36.146] [SEVERE ] updating countdown to 50102
[22:42:36.172] [SEVERE ] updating countdown to 50076
[22:42:36.199] [SEVERE ] updating countdown to 50049
[22:42:36.226] [SEVERE ] updating countdown to 50022
[22:42:36.252] [SEVERE ] updating countdown to 49996
[22:42:36.280] [SEVERE ] updating countdown to 49968
[22:42:36.307] [SEVERE ] updating countdown to 49941
[22:42:36.335] [SEVERE ] updating countdown to 49913
[22:42:36.362] [SEVERE ] updating countdown to 49886
[22:42:36.388] [SEVERE ] updating countdown to 49860
[22:42:36.414] [SEVERE ] updating countdown to 49834
[22:42:36.440] [SEVERE ] updating countdown to 49808
[22:42:36.466] [SEVERE ] updating countdown to 49782
[22:42:36.491] [SEVERE ] updating countdown to 49757
[22:42:36.517] [SEVERE ] updating countdown to 49731
[22:42:36.542] [SEVERE ] updating countdown to 49706
[22:42:36.569] [SEVERE ] updating countdown to 49679
[22:42:36.595] [SEVERE ] updating countdown to 49653
[22:42:36.624] [SEVERE ] updating countdown to 49624
[22:42:36.633] [SEVERE ] removing player 3 token from slot 2
[22:42:36.651] [SEVERE ] updating countdown to 49597
[22:42:36.678] [SEVERE ] updating countdown to 49570
[22:42:36.705] [SEVERE ] updating countdown to 49543
[22:42:36.731] [SEVERE ] updating countdown to 49517
[22:42:36.758] [SEVERE ] updating countdown to 49490
[22:42:36.784] [SEVERE ] updating countdown to 49464
[22:42:36.812] [SEVERE ] updating countdown to 49436
[22:42:36.839] [SEVERE ] updating countdown to 49409
[22:42:36.865] [SEVERE ] updating countdown to 49383
[22:42:36.891] [SEVERE ] updating countdown to 49357
[22:42:36.919] [SEVERE ] updating countdown to 49329
[22:42:36.945] [SEVERE ] updating countdown to 49303
[22:42:36.972] [SEVERE ] updating countdown to 49276
[22:42:36.999] [SEVERE ] updating countdown to 49249
[22:42:37.026] [SEVERE ] updating countdown to 49222
[22:42:37.052] [SEVERE ] updating countdown to 49196
[22:42:37.079] [SEVERE ] updating countdown to 49169
[22:42:37.106] [SEVERE ] updating countdown to 49142
[22:42:37.133] [SEVERE ] player 3 placing token on slot 7
[22:42:37.134] [SEVERE ] updating countdown to 49114
[22:42:37.136] [SEVERE ] setting player 3 freeze to 3000
[22:42:37.161] [SEVERE ] updating countdown to 49087
[22:42:37.162] [SEVERE ] setting player 3 freeze to 2974
[22:42:37.188] [SEVERE ] updating countdown to 49060
[22:42:37.189] [SEVERE ] setting player 3 freeze to 2947
[22:42:37.214] [SEVERE ] updating countdown to 49034
[22:42:37.216] [SEVERE ] setting player 3 freeze to 2920
[22:42:37.242] [SEVERE ] updating countdown to 49006
[22:42:37.242] [SEVERE ] setting player 3 freeze to 2894
[22:42:37.267] [SEVERE ] updating countdown to 48981
[22:42:37.268] [SEVERE ] setting player 3 freeze to 2868
[22:42:37.294] [SEVERE ] updating countdown to 48954
[22:42:37.296] [SEVERE ] setting player 3 freeze to 2840
[22:42:37.323] [SEVERE ] updating countdown to 48925
[22:42:37.324] [SEVERE ] setting player 3 freeze to 2812
[22:42:37.350] [SEVERE ] updating countdown to 48898
[22:42:37.352] [SEVERE ] setting player 3 freeze to 2784
[22:42:37.379] [SEVERE ] updating countdown to 48869
[22:42:37.380] [SEVERE ] setting player 3 freeze to 2756
[22:42:37.406] [SEVERE ] updating countdown to 48842
[22:42:37.412] [SEVERE ] setting player 3 freeze to 2724
[22:42:37.448] [SEVERE ] updating countdown to 48800
[22:42:37.451] [SEVERE ] setting player 3 freeze to 2685
[22:42:37.477] [SEVERE ] updating countdown to 48771
[22:42:37.479] [SEVERE ] setting player 3 freeze to 2657
[22:42:37.509] [SEVERE ] updating countdown to 48739
[22:42:37.510] [SEVERE ] setting player 3 freeze to 2626
[22:42:37.536] [SEVERE ] updating countdown to 48712
[22:42:37.537] [SEVERE ] setting player 3 freeze to 2599
[22:42:37.564] [SEVERE ] updating countdown to 48684
[22:42:37.565] [SEVERE ] setting player 3 freeze to 2571
[22:42:37.592] [SEVERE ] updating countdown to 48656
[22:42:37.593] [SEVERE ] setting player 3 freeze to 2543
[22:42:37.619] [SEVERE ] updating countdown to 48629
[22:42:37.620] [SEVERE ] setting player 3 freeze to 2516
[22:42:37.634] [SEVERE ] removing player 4 token from slot 10
[22:42:37.647] [SEVERE ] updating countdown to 48601
[22:42:37.647] [SEVERE ] setting player 3 freeze to 2489
[22:42:37.673] [SEVERE ] updating countdown to 48575
[22:42:37.674] [SEVERE ] setting player 3 freeze to 2462
[22:42:37.701] [SEVERE ] updating countdown to 48547
[22:42:37.701] [SEVERE ] setting player 3 freeze to 2435
[22:42:37.727] [SEVERE ] updating countdown to 48521
[22:42:37.728] [SEVERE ] setting player 3 freeze to 2408
[22:42:37.754] [SEVERE ] updating countdown to 48494
[22:42:37.756] [SEVERE ] setting player 3 freeze to 2380
[22:42:37.782] [SEVERE ] updating countdown to 48466
[22:42:37.783] [SEVERE ] setting player 3 freeze to 2353
[22:42:37.810] [SEVERE ] updating countdown to 48438
[22:42:37.811] [SEVERE ] setting player 3 freeze to 2325
[22:42:37.839] [SEVERE ] updating countdown to 48409
[22:42:37.841] [SEVERE ] setting player 3 freeze to 2295
[22:42:37.867] [SEVERE ] updating countdown to 48381
[22:42:37.868] [SEVERE ] setting player 3 freeze to 2268
[22:42:37.894] [SEVERE ] updating countdown to 48354
[22:42:37.895] [SEVERE ] setting player 3 freeze to 2241
[22:42:37.920] [SEVERE ] updating countdown to 48328
[22:42:37.921] [SEVERE ] setting player 3 freeze to 2215
[22:42:37.953] [SEVERE ] updating countdown to 48295
[22:42:37.954] [SEVERE ] setting player 3 freeze to 2182
[22:42:37.981] [SEVERE ] updating countdown to 48267
[22:42:37.982] [SEVERE ] setting player 3 freeze to 2154
[22:42:38.007] [SEVERE ] updating countdown to 48241
[22:42:38.009] [SEVERE ] setting player 3 freeze to 2127
[22:42:38.036] [SEVERE ] updating countdown to 48212
[22:42:38.036] [SEVERE ] setting player 3 freeze to 2100
[22:42:38.062] [SEVERE ] updating countdown to 48186
[22:42:38.063] [SEVERE ] setting player 3 freeze to 2073
[22:42:38.088] [SEVERE ] updating countdown to 48160
[22:42:38.089] [SEVERE ] setting player 3 freeze to 2047
[22:42:38.115] [SEVERE ] updating countdown to 48133
[22:42:38.117] [SEVERE ] setting player 3 freeze to 2019
[22:42:38.134] [SEVERE ] player 4 placing token on slot 6
[22:42:38.138] [SEVERE ] updating countdown to 48110
[22:42:38.139] [SEVERE ] setting player 3 freeze to 1997
[22:42:38.142] [SEVERE ] setting player 4 freeze to 3000
[22:42:38.167] [SEVERE ] updating countdown to 48081
[22:42:38.168] [SEVERE ] setting player 3 freeze to 1968
[22:42:38.170] [SEVERE ] setting player 4 freeze to 2972
[22:42:38.197] [SEVERE ] updating countdown to 48051
[22:42:38.199] [SEVERE ] setting player 3 freeze to 1937
[22:42:38.201] [SEVERE ] setting player 4 freeze to 2941
[22:42:38.227] [SEVERE ] updating countdown to 48021
[22:42:38.229] [SEVERE ] setting player 3 freeze to 1907
[22:42:38.234] [SEVERE ] setting player 4 freeze to 2908
[22:42:38.260] [SEVERE ] updating countdown to 47988
[22:42:38.263] [SEVERE ] setting player 3 freeze to 1873
[22:42:38.264] [SEVERE ] setting player 4 freeze to 2878
[22:42:38.290] [SEVERE ] updating countdown to 47958
[22:42:38.291] [SEVERE ] setting player 3 freeze to 1845
[22:42:38.292] [SEVERE ] setting player 4 freeze to 2850
[22:42:38.318] [SEVERE ] updating countdown to 47930
[22:42:38.319] [SEVERE ] setting player 3 freeze to 1817
[22:42:38.321] [SEVERE ] setting player 4 freeze to 2821
[22:42:38.347] [SEVERE ] updating countdown to 47901
[22:42:38.348] [SEVERE ] setting player 3 freeze to 1788
[22:42:38.349] [SEVERE ] setting player 4 freeze to 2793
[22:42:38.375] [SEVERE ] updating countdown to 47873
[22:42:38.377] [SEVERE ] setting player 3 freeze to 1759
[22:42:38.378] [SEVERE ] setting player 4 freeze to 2764
[22:42:38.404] [SEVERE ] updating countdown to 47844
[22:42:38.404] [SEVERE ] setting player 3 freeze to 1732
[22:42:38.405] [SEVERE ] setting player 4 freeze to 2737
[22:42:38.430] [SEVERE ] updating countdown to 47818
[22:42:38.430] [SEVERE ] setting player 3 freeze to 1706
[22:42:38.430] [SEVERE ] setting player 4 freeze to 2712
[22:42:38.456] [SEVERE ] updating countdown to 47793
[22:42:38.456] [SEVERE ] setting player 3 freeze to 1680
[22:42:38.456] [SEVERE ] setting player 4 freeze to 2686
[22:42:38.481] [SEVERE ] updating countdown to 47767
[22:42:38.482] [SEVERE ] setting player 3 freeze to 1654
[22:42:38.482] [SEVERE ] setting player 4 freeze to 2660
[22:42:38.507] [SEVERE ] updating countdown to 47741
[22:42:38.508] [SEVERE ] setting player 3 freeze to 1628
[22:42:38.508] [SEVERE ] setting player 4 freeze to 2634
[22:42:38.534] [SEVERE ] updating countdown to 47714
[22:42:38.534] [SEVERE ] setting player 3 freeze to 1602
[22:42:38.534] [SEVERE ] setting player 4 freeze to 2608
[22:42:38.560] [SEVERE ] updating countdown to 47688
[22:42:38.560] [SEVERE ] setting player 3 freeze to 1576
[22:42:38.560] [SEVERE ] setting player 4 freeze to 2582
[22:42:38.586] [SEVERE ] updating countdown to 47662
[22:42:38.586] [SEVERE ] setting player 3 freeze to 1550
[22:42:38.586] [SEVERE ] setting player 4 freeze to 2556
[22:42:38.612] [SEVERE ] updating countdown to 47636
[22:42:38.612] [SEVERE ] setting player 3 freeze to 1524
[22:42:38.613] [SEVERE ] setting player 4 freeze to 2529
[22:42:38.638] [SEVERE ] updating countdown to 47610
[22:42:38.638] [SEVERE ] setting player 3 freeze to 1498
[22:42:38.639] [SEVERE ] setting player 4 freeze to 2503
[22:42:38.664] [SEVERE ] updating countdown to 47584
[22:42:38.665] [SEVERE ] setting player 3 freeze to 1471
[22:42:38.665] [SEVERE ] setting player 4 freeze to 2477
[22:42:38.690] [SEVERE ] updating countdown to 47558
[22:42:38.690] [SEVERE ] setting player 3 freeze to 1446
[22:42:38.690] [SEVERE ] setting player 4 freeze to 2452
[22:42:38.716] [SEVERE ] updating countdown to 47532
[22:42:38.716] [SEVERE ] setting player 3 freeze to 1420
[22:42:38.716] [SEVERE ] setting player 4 freeze to 2426
[22:42:38.741] [SEVERE ] updating countdown to 47507
[22:42:38.742] [SEVERE ] setting player 3 freeze to 1394
[22:42:38.742] [SEVERE ] setting player 4 freeze to 2400
[22:42:38.767] [SEVERE ] updating countdown to 47481
[22:42:38.767] [SEVERE ] setting player 3 freeze to 1369
[22:42:38.768] [SEVERE ] setting player 4 freeze to 2374
[22:42:38.793] [SEVERE ] updating countdown to 47455
[22:42:38.794] [SEVERE ] setting player 3 freeze to 1342
[22:42:38.795] [SEVERE ] setting player 4 freeze to 2347
[22:42:38.820] [SEVERE ] updating countdown to 47428
[22:42:38.821] [SEVERE ] setting player 3 freeze to 1315
[22:42:38.821] [SEVERE ] setting player 4 freeze to 2321
[22:42:38.846] [SEVERE ] updating countdown to 47402
[22:42:38.847] [SEVERE ] setting player 3 freeze to 1289
[22:42:38.848] [SEVERE ] setting player 4 freeze to 2294
[22:42:38.873] [SEVERE ] updating countdown to 47375
[22:42:38.874] [SEVERE ] setting player 3 freeze to 1262
[22:42:38.875] [SEVERE ] setting player 4 freeze to 2267
[22:42:38.901] [SEVERE ] updating countdown to 47347
[22:42:38.901] [SEVERE ] setting player 3 freeze to 1235
[22:42:38.902] [SEVERE ] setting player 4 freeze to 2240
[22:42:38.928] [SEVERE ] updating countdown to 47320
[22:42:38.928] [SEVERE ] setting player 3 freeze to 1208
[22:42:38.929] [SEVERE ] setting player 4 freeze to 2213
[22:42:38.954] [SEVERE ] updating countdown to 47294
[22:42:38.955] [SEVERE ] setting player 3 freeze to 1181
[22:42:38.955] [SEVERE ] setting player 4 freeze to 2187
[22:42:38.981] [SEVERE ] updating countdown to 47267
[22:42:38.981] [SEVERE ] setting player 3 freeze to 1155
[22:42:38.981] [SEVERE ] setting player 4 freeze to 2161
[22:42:39.007] [SEVERE ] updating countdown to 47241
[22:42:39.007] [SEVERE ] setting player 3 freeze to 1129
[22:42:39.007] [SEVERE ] setting player 4 freeze to 2135
[22:42:39.033] [SEVERE ] updating countdown to 47215
[22:42:39.033] [SEVERE ] setting player 3 freeze to 1103
[22:42:39.033] [SEVERE ] setting player 4 freeze to 2109
[22:42:39.059] [SEVERE ] updating countdown to 47189
[22:42:39.059] [SEVERE ] setting player 3 freeze to 1077
[22:42:39.059] [SEVERE ] setting player 4 freeze to 2083
[22:42:39.084] [SEVERE ] updating countdown to 47164
[22:42:39.085] [SEVERE ] setting player 3 freeze to 1051
[22:42:39.086] [SEVERE ] setting player 4 freeze to 2056
[22:42:39.111] [SEVERE ] updating countdown to 47137
[22:42:39.112] [SEVERE ] setting player 3 freeze to 1024
[22:42:39.112] [SEVERE ] setting player 4 freeze to 2030
[22:42:39.138] [SEVERE ] updating countdown to 47110
[22:42:39.138] [SEVERE ] setting player 3 freeze to 998
[22:42:39.138] [SEVERE ] setting player 4 freeze to 2004
[22:42:39.163] [SEVERE ] updating countdown to 47085
[22:42:39.164] [SEVERE ] setting player 3 freeze to 972
[22:42:39.164] [SEVERE ] setting player 4 freeze to 1978
[22:42:39.189] [SEVERE ] updating countdown to 47059
[22:42:39.190] [SEVERE ] setting player 3 freeze to 946
[22:42:39.190] [SEVERE ] setting player 4 freeze to 1952
[22:42:39.215] [SEVERE ] updating countdown to 47033
[22:42:39.216] [SEVERE ] setting player 3 freeze to 920
[22:42:39.217] [SEVERE ] setting player 4 freeze to 1925
[22:42:39.243] [SEVERE ] updating countdown to 47005
[22:42:39.243] [SEVERE ] setting player 3 freeze to 893
[22:42:39.244] [SEVERE ] setting player 4 freeze to 1898
[22:42:39.269] [SEVERE ] updating countdown to 46979
[22:42:39.269] [SEVERE ] setting player 3 freeze to 867
[22:42:39.269] [SEVERE ] setting player 4 freeze to 1873
[22:42:39.295] [SEVERE ] updating countdown to 46953
[22:42:39.295] [SEVERE ] setting player 3 freeze to 841
[22:42:39.295] [SEVERE ] setting player 4 freeze to 1847
[22:42:39.320] [SEVERE ] updating countdown to 46928
[22:42:39.321] [SEVERE ] setting player 3 freeze to 815
[22:42:39.321] [SEVERE ] setting player 4 freeze to 1821
[22:42:39.347] [SEVERE ] updating countdown to 46901
[22:42:39.347] [SEVERE ] setting player 3 freeze to 789
[22:42:39.348] [SEVERE ] setting player 4 freeze to 1794
[22:42:39.373] [SEVERE ] updating countdown to 46875
[22:42:39.373] [SEVERE ] setting player 3 freeze to 763
[22:42:39.373] [SEVERE ] setting player 4 freeze to 1769
[22:42:39.399] [SEVERE ] updating countdown to 46849
[22:42:39.401] [SEVERE ] setting player 3 freeze to 735
[22:42:39.401] [SEVERE ] setting player 4 freeze to 1741
[22:42:39.427] [SEVERE ] updating countdown to 46821
[22:42:39.427] [SEVERE ] setting player 3 freeze to 709
[22:42:39.428] [SEVERE ] setting player 4 freeze to 1714
[22:42:39.453] [SEVERE ] updating countdown to 46795
[22:42:39.453] [SEVERE ] setting player 3 freeze to 683
[22:42:39.454] [SEVERE ] setting player 4 freeze to 1688
[22:42:39.479] [SEVERE ] updating countdown to 46769
[22:42:39.480] [SEVERE ] setting player 3 freeze to 656
[22:42:39.482] [SEVERE ] setting player 4 freeze to 1660
[22:42:39.508] [SEVERE ] updating countdown to 46740
[22:42:39.509] [SEVERE ] setting player 3 freeze to 627
[22:42:39.510] [SEVERE ] setting player 4 freeze to 1632
[22:42:39.536] [SEVERE ] updating countdown to 46712
[22:42:39.541] [SEVERE ] setting player 3 freeze to 595
[22:42:39.542] [SEVERE ] setting player 4 freeze to 1600
[22:42:39.567] [SEVERE ] updating countdown to 46681
[22:42:39.568] [SEVERE ] setting player 3 freeze to 568
[22:42:39.568] [SEVERE ] setting player 4 freeze to 1574
[22:42:39.594] [SEVERE ] updating countdown to 46654
[22:42:39.594] [SEVERE ] setting player 3 freeze to 542
[22:42:39.594] [SEVERE ] setting player 4 freeze to 1548
[22:42:39.619] [SEVERE ] updating countdown to 46629
[22:42:39.620] [SEVERE ] setting player 3 freeze to 516
[22:42:39.620] [SEVERE ] setting player 4 freeze to 1522
[22:42:39.646] [SEVERE ] updating countdown to 46602
[22:42:39.646] [SEVERE ] setting player 3 freeze to 490
[22:42:39.647] [SEVERE ] setting player 4 freeze to 1495
[22:42:39.672] [SEVERE ] updating countdown to 46576
[22:42:39.673] [SEVERE ] setting player 3 freeze to 463
[22:42:39.673] [SEVERE ] setting player 4 freeze to 1469
[22:42:39.699] [SEVERE ] updating countdown to 46549
[22:42:39.699] [SEVERE ] setting player 3 freeze to 437
[22:42:39.700] [SEVERE ] setting player 4 freeze to 1442
[22:42:39.725] [SEVERE ] updating countdown to 46523
[22:42:39.726] [SEVERE ] setting player 3 freeze to 410
[22:42:39.727] [SEVERE ] setting player 4 freeze to 1415
[22:42:39.753] [SEVERE ] updating countdown to 46495
[22:42:39.753] [SEVERE ] setting player 3 freeze to 383
[22:42:39.754] [SEVERE ] setting player 4 freeze to 1388
[22:42:39.779] [SEVERE ] updating countdown to 46469
[22:42:39.779] [SEVERE ] setting player 3 freeze to 357
[22:42:39.780] [SEVERE ] setting player 4 freeze to 1362
[22:42:39.806] [SEVERE ] updating countdown to 46442
[22:42:39.806] [SEVERE ] setting player 3 freeze to 330
[22:42:39.806] [SEVERE ] setting player 4 freeze to 1336
[22:42:39.832] [SEVERE ] updating countdown to 46416
[22:42:39.832] [SEVERE ] setting player 3 freeze to 304
[22:42:39.833] [SEVERE ] setting player 4 freeze to 1309
[22:42:39.858] [SEVERE ] updating countdown to 46390
[22:42:39.859] [SEVERE ] setting player 3 freeze to 277
[22:42:39.860] [SEVERE ] setting player 4 freeze to 1282
[22:42:39.886] [SEVERE ] updating countdown to 46362
[22:42:39.886] [SEVERE ] setting player 3 freeze to 250
[22:42:39.886] [SEVERE ] setting player 4 freeze to 1256
[22:42:39.912] [SEVERE ] updating countdown to 46336
[22:42:39.913] [SEVERE ] setting player 3 freeze to 223
[22:42:39.914] [SEVERE ] setting player 4 freeze to 1228
[22:42:39.940] [SEVERE ] updating countdown to 46308
[22:42:39.940] [SEVERE ] setting player 3 freeze to 196
[22:42:39.940] [SEVERE ] setting player 4 freeze to 1202
[22:42:39.966] [SEVERE ] updating countdown to 46282
[22:42:39.967] [SEVERE ] setting player 3 freeze to 169
[22:42:39.968] [SEVERE ] setting player 4 freeze to 1174
[22:42:39.994] [SEVERE ] updating countdown to 46254
[22:42:39.994] [SEVERE ] setting player 3 freeze to 142
[22:42:39.994] [SEVERE ] setting player 4 freeze to 1148
[22:42:40.020] [SEVERE ] updating countdown to 46228
[22:42:40.020] [SEVERE ] setting player 3 freeze to 116
[22:42:40.021] [SEVERE ] setting player 4 freeze to 1121
[22:42:40.047] [SEVERE ] updating countdown to 46201
[22:42:40.048] [SEVERE ] setting player 3 freeze to 88
[22:42:40.048] [SEVERE ] setting player 4 freeze to 1094
[22:42:40.062] [SEVERE ] exit button pressed
[22:42:40.062] [INFO   ] thread Thread-2 terminated.
[22:42:40.063] [INFO   ] thread Thread-1 terminated.
[22:42:40.074] [SEVERE ] updating countdown to 46174
[22:42:40.075] [SEVERE ] setting player 3 freeze to 61
[22:42:40.075] [SEVERE ] setting player 4 freeze to 1067
[22:42:40.134] [INFO   ] thread computer-2 terminated.
[22:42:40.135] [INFO   ] thread Thread-3 terminated.
[22:42:40.134] [INFO   ] thread computer-3 terminated.
[22:42:40.135] [INFO   ] thread Thread-4 terminated.
[22:42:40.175] [SEVERE ] removing card from slot 0
[22:42:40.276] [SEVERE ] removing card from slot 1
[22:42:40.376] [SEVERE ] removing card from slot 2
[22:42:40.477] [SEVERE ] removing player 3 token from slot 3
[22:42:40.478] [SEVERE ] removing card from slot 3
[22:42:40.578] [SEVERE ] removing card from slot 4
[22:42:40.678] [SEVERE ] removing card from slot 5
[22:42:40.780] [SEVERE ] removing player 4 token from slot 6
[22:42:40.781] [SEVERE ] removing card from slot 6
[22:42:40.882] [SEVERE ] removing player 3 token from slot 7
[22:42:40.883] [SEVERE ] removing player 4 token from slot 7
[22:42:40.884] [SEVERE ] removing card from slot 7
[22:42:40.985] [SEVERE ] removing player 4 token from slot 8
[22:42:40.986] [SEVERE ] removing card from slot 8
[22:42:41.088] [SEVERE ] removing card from slot 9
[22:42:41.194] [SEVERE ] removing player 3 token from slot 10
[22:42:41.195] [SEVERE ] removing card from slot 10
[22:42:41.296] [SEVERE ] removing card from slot 11
[22:42:41.297] [SEVERE ] announcing winner(s): player 1, player 2, player 3, player 4
[22:42:41.298] [INFO   ] thread dealer terminated.
[22:42:41.299] [INFO   ] thread dealer terminated.
[22:42:41.299] [SEVERE ] thanks for playing... it was fun!
[22:42:41.300] [INFO   ] thread bguspl.set.Main.main() terminated.
