[22:22:34.772] [INFO   ] thread bguspl.set.Main.main() starting.
[22:22:34.782] [SEVERE ] cannot read configuration file config.properties trying from resources.
[22:22:34.791] [SEVERE ] configuration file was loaded from resources directory.
[22:22:35.673] [INFO   ] thread dealer starting.
[22:22:35.674] [INFO   ] thread dealer starting.
[22:22:35.779] [SEVERE ] placing card 7 in slot 0
[22:22:35.880] [SEVERE ] placing card 35 in slot 1
[22:22:35.981] [SEVERE ] placing card 80 in slot 2
[22:22:36.082] [SEVERE ] placing card 55 in slot 3
[22:22:36.185] [SEVERE ] placing card 52 in slot 4
[22:22:36.287] [SEVERE ] placing card 58 in slot 5
[22:22:36.389] [SEVERE ] placing card 23 in slot 6
[22:22:36.492] [SEVERE ] placing card 15 in slot 7
[22:22:36.594] [SEVERE ] placing card 38 in slot 8
[22:22:36.696] [SEVERE ] placing card 51 in slot 9
[22:22:36.797] [SEVERE ] placing card 12 in slot 10
[22:22:36.898] [SEVERE ] placing card 57 in slot 11
[22:22:36.899] [SEVERE ] updating countdown to 60000
[22:22:36.925] [SEVERE ] updating countdown to 59974
[22:22:36.951] [SEVERE ] updating countdown to 59948
[22:22:36.977] [SEVERE ] updating countdown to 59922
[22:22:37.004] [SEVERE ] updating countdown to 59895
[22:22:37.030] [SEVERE ] updating countdown to 59869
[22:22:37.055] [SEVERE ] updating countdown to 59844
[22:22:37.081] [SEVERE ] updating countdown to 59818
[22:22:37.107] [SEVERE ] updating countdown to 59792
[22:22:37.133] [SEVERE ] updating countdown to 59766
[22:22:37.159] [SEVERE ] updating countdown to 59740
[22:22:37.187] [SEVERE ] updating countdown to 59712
[22:22:37.213] [SEVERE ] updating countdown to 59686
[22:22:37.238] [SEVERE ] updating countdown to 59661
[22:22:37.264] [SEVERE ] updating countdown to 59635
[22:22:37.290] [SEVERE ] updating countdown to 59609
[22:22:37.315] [SEVERE ] updating countdown to 59584
[22:22:37.341] [SEVERE ] updating countdown to 59558
[22:22:37.367] [SEVERE ] updating countdown to 59532
[22:22:37.394] [SEVERE ] updating countdown to 59505
[22:22:37.419] [SEVERE ] updating countdown to 59480
[22:22:37.445] [SEVERE ] updating countdown to 59454
[22:22:37.472] [SEVERE ] updating countdown to 59427
[22:22:37.497] [SEVERE ] updating countdown to 59402
[22:22:37.523] [SEVERE ] updating countdown to 59376
[22:22:37.549] [SEVERE ] updating countdown to 59350
[22:22:37.574] [SEVERE ] updating countdown to 59325
[22:22:37.600] [SEVERE ] updating countdown to 59299
[22:22:37.626] [SEVERE ] updating countdown to 59273
[22:22:37.652] [SEVERE ] updating countdown to 59247
[22:22:37.678] [SEVERE ] updating countdown to 59221
[22:22:37.704] [SEVERE ] updating countdown to 59195
[22:22:37.730] [SEVERE ] updating countdown to 59169
[22:22:37.757] [SEVERE ] updating countdown to 59142
[22:22:37.783] [SEVERE ] updating countdown to 59116
[22:22:37.809] [SEVERE ] updating countdown to 59090
[22:22:37.834] [SEVERE ] updating countdown to 59065
[22:22:37.860] [SEVERE ] updating countdown to 59039
[22:22:37.887] [SEVERE ] updating countdown to 59013
[22:22:37.913] [SEVERE ] updating countdown to 58986
[22:22:37.940] [SEVERE ] updating countdown to 58959
[22:22:37.966] [SEVERE ] updating countdown to 58933
[22:22:37.992] [SEVERE ] updating countdown to 58907
[22:22:38.018] [SEVERE ] updating countdown to 58881
[22:22:38.044] [SEVERE ] updating countdown to 58855
[22:22:38.071] [SEVERE ] updating countdown to 58829
[22:22:38.096] [SEVERE ] updating countdown to 58803
[22:22:38.122] [SEVERE ] updating countdown to 58777
[22:22:38.149] [SEVERE ] updating countdown to 58750
[22:22:38.175] [SEVERE ] updating countdown to 58724
[22:22:38.201] [SEVERE ] updating countdown to 58698
[22:22:38.227] [SEVERE ] updating countdown to 58672
[22:22:38.253] [SEVERE ] updating countdown to 58647
[22:22:38.279] [SEVERE ] updating countdown to 58620
[22:22:38.305] [SEVERE ] updating countdown to 58594
[22:22:38.336] [SEVERE ] updating countdown to 58563
[22:22:38.362] [SEVERE ] updating countdown to 58537
[22:22:38.389] [SEVERE ] updating countdown to 58511
[22:22:38.416] [SEVERE ] updating countdown to 58483
[22:22:38.442] [SEVERE ] updating countdown to 58457
[22:22:38.468] [SEVERE ] updating countdown to 58431
[22:22:38.494] [SEVERE ] updating countdown to 58405
[22:22:38.520] [SEVERE ] updating countdown to 58379
[22:22:38.547] [SEVERE ] updating countdown to 58352
[22:22:38.572] [SEVERE ] updating countdown to 58327
[22:22:38.598] [SEVERE ] updating countdown to 58301
[22:22:38.624] [SEVERE ] updating countdown to 58275
[22:22:38.651] [SEVERE ] updating countdown to 58248
[22:22:38.677] [SEVERE ] updating countdown to 58222
[22:22:38.703] [SEVERE ] updating countdown to 58196
[22:22:38.728] [SEVERE ] updating countdown to 58171
[22:22:38.754] [SEVERE ] updating countdown to 58145
[22:22:38.780] [SEVERE ] updating countdown to 58119
[22:22:38.806] [SEVERE ] updating countdown to 58093
[22:22:38.832] [SEVERE ] updating countdown to 58067
[22:22:38.860] [SEVERE ] updating countdown to 58039
[22:22:38.885] [SEVERE ] updating countdown to 58014
[22:22:38.911] [SEVERE ] updating countdown to 57988
[22:22:38.937] [SEVERE ] updating countdown to 57962
[22:22:38.963] [SEVERE ] updating countdown to 57936
[22:22:38.989] [SEVERE ] updating countdown to 57910
[22:22:39.016] [SEVERE ] updating countdown to 57883
[22:22:39.042] [SEVERE ] updating countdown to 57857
[22:22:39.069] [SEVERE ] updating countdown to 57830
[22:22:39.095] [SEVERE ] updating countdown to 57804
[22:22:39.121] [SEVERE ] updating countdown to 57778
[22:22:39.147] [SEVERE ] updating countdown to 57752
[22:22:39.173] [SEVERE ] updating countdown to 57726
[22:22:39.199] [SEVERE ] updating countdown to 57700
[22:22:39.225] [SEVERE ] updating countdown to 57674
[22:22:39.251] [SEVERE ] updating countdown to 57648
[22:22:39.276] [SEVERE ] updating countdown to 57623
[22:22:39.303] [SEVERE ] updating countdown to 57596
[22:22:39.328] [SEVERE ] updating countdown to 57571
[22:22:39.355] [SEVERE ] updating countdown to 57544
[22:22:39.382] [SEVERE ] updating countdown to 57517
[22:22:39.409] [SEVERE ] updating countdown to 57490
[22:22:39.435] [SEVERE ] updating countdown to 57464
[22:22:39.462] [SEVERE ] updating countdown to 57437
[22:22:39.488] [SEVERE ] updating countdown to 57411
[22:22:39.513] [SEVERE ] updating countdown to 57386
[22:22:39.539] [SEVERE ] updating countdown to 57360
[22:22:39.565] [SEVERE ] updating countdown to 57334
[22:22:39.591] [SEVERE ] updating countdown to 57308
[22:22:39.617] [SEVERE ] updating countdown to 57282
[22:22:39.643] [SEVERE ] updating countdown to 57256
[22:22:39.668] [SEVERE ] updating countdown to 57231
[22:22:39.695] [SEVERE ] updating countdown to 57204
[22:22:39.721] [SEVERE ] updating countdown to 57178
[22:22:39.748] [SEVERE ] updating countdown to 57151
[22:22:39.774] [SEVERE ] updating countdown to 57125
[22:22:39.801] [SEVERE ] updating countdown to 57098
[22:22:39.828] [SEVERE ] updating countdown to 57071
[22:22:39.853] [SEVERE ] updating countdown to 57046
[22:22:39.879] [SEVERE ] updating countdown to 57020
[22:22:39.904] [SEVERE ] updating countdown to 56995
[22:22:39.930] [SEVERE ] updating countdown to 56969
[22:22:39.956] [SEVERE ] updating countdown to 56943
[22:22:39.982] [SEVERE ] updating countdown to 56917
[22:22:40.008] [SEVERE ] updating countdown to 56891
[22:22:40.034] [SEVERE ] updating countdown to 56865
[22:22:40.059] [SEVERE ] updating countdown to 56840
[22:22:40.085] [SEVERE ] updating countdown to 56814
[22:22:40.111] [SEVERE ] updating countdown to 56788
[22:22:40.138] [SEVERE ] updating countdown to 56761
[22:22:40.163] [SEVERE ] updating countdown to 56736
[22:22:40.191] [SEVERE ] updating countdown to 56708
[22:22:40.217] [SEVERE ] updating countdown to 56682
[22:22:40.243] [SEVERE ] updating countdown to 56656
[22:22:40.270] [SEVERE ] updating countdown to 56629
[22:22:40.296] [SEVERE ] updating countdown to 56603
[22:22:40.325] [SEVERE ] updating countdown to 56574
[22:22:40.351] [SEVERE ] updating countdown to 56548
[22:22:40.377] [SEVERE ] updating countdown to 56522
[22:22:40.404] [SEVERE ] updating countdown to 56495
[22:22:40.430] [SEVERE ] updating countdown to 56469
[22:22:40.456] [SEVERE ] updating countdown to 56443
[22:22:40.482] [SEVERE ] updating countdown to 56417
[22:22:40.509] [SEVERE ] updating countdown to 56390
[22:22:40.536] [SEVERE ] updating countdown to 56363
[22:22:40.561] [SEVERE ] updating countdown to 56338
[22:22:40.587] [SEVERE ] updating countdown to 56312
[22:22:40.613] [SEVERE ] updating countdown to 56286
[22:22:40.638] [SEVERE ] updating countdown to 56261
[22:22:40.667] [SEVERE ] updating countdown to 56232
[22:22:40.697] [SEVERE ] updating countdown to 56202
[22:22:40.722] [SEVERE ] updating countdown to 56177
[22:22:40.748] [SEVERE ] updating countdown to 56151
[22:22:40.773] [SEVERE ] updating countdown to 56126
[22:22:40.799] [SEVERE ] updating countdown to 56100
[22:22:40.825] [SEVERE ] updating countdown to 56074
[22:22:40.851] [SEVERE ] updating countdown to 56048
[22:22:40.877] [SEVERE ] updating countdown to 56022
[22:22:40.904] [SEVERE ] updating countdown to 55995
[22:22:40.930] [SEVERE ] updating countdown to 55969
[22:22:40.956] [SEVERE ] updating countdown to 55943
[22:22:40.983] [SEVERE ] updating countdown to 55916
[22:22:41.009] [SEVERE ] updating countdown to 55890
[22:22:41.035] [SEVERE ] updating countdown to 55864
[22:22:41.061] [SEVERE ] updating countdown to 55838
[22:22:41.086] [SEVERE ] updating countdown to 55813
[22:22:41.112] [SEVERE ] updating countdown to 55787
[22:22:41.138] [SEVERE ] updating countdown to 55761
[22:22:41.164] [SEVERE ] updating countdown to 55735
[22:22:41.189] [SEVERE ] updating countdown to 55710
[22:22:41.216] [SEVERE ] updating countdown to 55683
[22:22:41.242] [SEVERE ] updating countdown to 55657
[22:22:41.268] [SEVERE ] updating countdown to 55631
[22:22:41.295] [SEVERE ] updating countdown to 55604
[22:22:41.320] [SEVERE ] updating countdown to 55579
[22:22:41.347] [SEVERE ] updating countdown to 55552
[22:22:41.373] [SEVERE ] updating countdown to 55526
[22:22:41.398] [SEVERE ] updating countdown to 55501
[22:22:41.424] [SEVERE ] updating countdown to 55475
[22:22:41.449] [SEVERE ] updating countdown to 55450
[22:22:41.476] [SEVERE ] updating countdown to 55423
[22:22:41.501] [SEVERE ] updating countdown to 55398
[22:22:41.527] [SEVERE ] updating countdown to 55372
[22:22:41.553] [SEVERE ] updating countdown to 55346
[22:22:41.578] [SEVERE ] updating countdown to 55321
[22:22:41.604] [SEVERE ] updating countdown to 55295
[22:22:41.629] [SEVERE ] updating countdown to 55270
[22:22:41.655] [SEVERE ] updating countdown to 55244
[22:22:41.681] [SEVERE ] updating countdown to 55218
[22:22:41.707] [SEVERE ] updating countdown to 55192
[22:22:41.733] [SEVERE ] updating countdown to 55166
[22:22:41.759] [SEVERE ] updating countdown to 55140
[22:22:41.784] [SEVERE ] updating countdown to 55115
[22:22:41.811] [SEVERE ] updating countdown to 55088
[22:22:41.836] [SEVERE ] updating countdown to 55063
[22:22:41.862] [SEVERE ] updating countdown to 55037
[22:22:41.887] [SEVERE ] updating countdown to 55012
[22:22:41.913] [SEVERE ] updating countdown to 54986
[22:22:41.940] [SEVERE ] updating countdown to 54959
[22:22:41.965] [SEVERE ] updating countdown to 54934
[22:22:41.991] [SEVERE ] updating countdown to 54908
[22:22:42.017] [SEVERE ] updating countdown to 54882
[22:22:42.042] [SEVERE ] updating countdown to 54857
[22:22:42.068] [SEVERE ] updating countdown to 54831
[22:22:42.094] [SEVERE ] updating countdown to 54805
[22:22:42.121] [SEVERE ] updating countdown to 54778
[22:22:42.147] [SEVERE ] updating countdown to 54752
[22:22:42.173] [SEVERE ] updating countdown to 54726
[22:22:42.199] [SEVERE ] updating countdown to 54700
[22:22:42.225] [SEVERE ] updating countdown to 54674
[22:22:42.250] [SEVERE ] updating countdown to 54649
[22:22:42.276] [SEVERE ] updating countdown to 54623
[22:22:42.301] [SEVERE ] updating countdown to 54598
[22:22:42.327] [SEVERE ] updating countdown to 54572
[22:22:42.352] [SEVERE ] updating countdown to 54547
[22:22:42.378] [SEVERE ] updating countdown to 54521
[22:22:42.404] [SEVERE ] updating countdown to 54495
[22:22:42.429] [SEVERE ] updating countdown to 54470
[22:22:42.455] [SEVERE ] updating countdown to 54444
[22:22:42.481] [SEVERE ] updating countdown to 54418
[22:22:42.507] [SEVERE ] updating countdown to 54392
[22:22:42.533] [SEVERE ] updating countdown to 54366
[22:22:42.558] [SEVERE ] updating countdown to 54341
[22:22:42.584] [SEVERE ] updating countdown to 54315
[22:22:42.610] [SEVERE ] updating countdown to 54289
[22:22:42.635] [SEVERE ] updating countdown to 54264
[22:22:42.661] [SEVERE ] updating countdown to 54238
[22:22:42.687] [SEVERE ] updating countdown to 54212
[22:22:42.713] [SEVERE ] updating countdown to 54186
[22:22:42.739] [SEVERE ] updating countdown to 54160
[22:22:42.766] [SEVERE ] updating countdown to 54133
[22:22:42.792] [SEVERE ] updating countdown to 54107
[22:22:42.819] [SEVERE ] updating countdown to 54080
[22:22:42.844] [SEVERE ] updating countdown to 54055
[22:22:42.870] [SEVERE ] updating countdown to 54029
[22:22:42.897] [SEVERE ] updating countdown to 54002
[22:22:42.923] [SEVERE ] updating countdown to 53976
[22:22:42.950] [SEVERE ] updating countdown to 53949
[22:22:42.976] [SEVERE ] updating countdown to 53923
[22:22:43.002] [SEVERE ] updating countdown to 53897
[22:22:43.028] [SEVERE ] updating countdown to 53871
[22:22:43.055] [SEVERE ] updating countdown to 53844
[22:22:43.081] [SEVERE ] updating countdown to 53818
[22:22:43.107] [SEVERE ] updating countdown to 53792
[22:22:43.133] [SEVERE ] updating countdown to 53766
[22:22:43.159] [SEVERE ] updating countdown to 53740
[22:22:43.184] [SEVERE ] updating countdown to 53715
[22:22:43.210] [SEVERE ] updating countdown to 53689
[22:22:43.235] [SEVERE ] updating countdown to 53664
[22:22:43.261] [SEVERE ] updating countdown to 53638
[22:22:43.286] [SEVERE ] updating countdown to 53613
[22:22:43.312] [SEVERE ] updating countdown to 53587
[22:22:43.337] [SEVERE ] updating countdown to 53562
[22:22:43.363] [SEVERE ] updating countdown to 53536
[22:22:43.388] [SEVERE ] updating countdown to 53511
[22:22:43.414] [SEVERE ] updating countdown to 53485
[22:22:43.440] [SEVERE ] updating countdown to 53459
[22:22:43.466] [SEVERE ] updating countdown to 53433
[22:22:43.492] [SEVERE ] updating countdown to 53407
[22:22:43.518] [SEVERE ] updating countdown to 53381
[22:22:43.544] [SEVERE ] updating countdown to 53355
[22:22:43.570] [SEVERE ] updating countdown to 53329
[22:22:43.597] [SEVERE ] updating countdown to 53302
[22:22:43.622] [SEVERE ] updating countdown to 53277
[22:22:43.648] [SEVERE ] updating countdown to 53251
[22:22:43.673] [SEVERE ] updating countdown to 53226
[22:22:43.699] [SEVERE ] updating countdown to 53200
[22:22:43.724] [SEVERE ] updating countdown to 53175
[22:22:43.750] [SEVERE ] updating countdown to 53149
[22:22:43.775] [SEVERE ] updating countdown to 53124
[22:22:43.801] [SEVERE ] updating countdown to 53098
[22:22:43.826] [SEVERE ] updating countdown to 53073
[22:22:43.852] [SEVERE ] updating countdown to 53047
[22:22:43.878] [SEVERE ] updating countdown to 53021
[22:22:43.904] [SEVERE ] updating countdown to 52995
[22:22:43.929] [SEVERE ] updating countdown to 52970
[22:22:43.955] [SEVERE ] updating countdown to 52944
[22:22:43.982] [SEVERE ] updating countdown to 52917
[22:22:44.008] [SEVERE ] updating countdown to 52891
[22:22:44.034] [SEVERE ] updating countdown to 52865
[22:22:44.060] [SEVERE ] updating countdown to 52839
[22:22:44.086] [SEVERE ] updating countdown to 52813
[22:22:44.112] [SEVERE ] updating countdown to 52787
[22:22:44.137] [SEVERE ] updating countdown to 52762
[22:22:44.163] [SEVERE ] updating countdown to 52736
[22:22:44.187] [SEVERE ] exit button pressed
[22:22:44.189] [SEVERE ] updating countdown to 52710
[22:22:44.214] [SEVERE ] updating countdown to 52685
[22:22:44.241] [SEVERE ] updating countdown to 52658
[22:22:44.267] [SEVERE ] updating countdown to 52632
[22:22:44.293] [SEVERE ] updating countdown to 52606
[22:22:44.318] [SEVERE ] updating countdown to 52581
[22:22:44.344] [SEVERE ] updating countdown to 52555
[22:22:44.370] [SEVERE ] updating countdown to 52529
[22:22:44.396] [SEVERE ] updating countdown to 52503
[22:22:44.421] [SEVERE ] updating countdown to 52478
[22:22:44.447] [SEVERE ] updating countdown to 52452
[22:22:44.473] [SEVERE ] updating countdown to 52426
[22:22:44.498] [SEVERE ] updating countdown to 52401
[22:22:44.524] [SEVERE ] updating countdown to 52375
[22:22:44.550] [SEVERE ] updating countdown to 52349
[22:22:44.576] [SEVERE ] updating countdown to 52323
[22:22:44.601] [SEVERE ] updating countdown to 52298
[22:22:44.627] [SEVERE ] updating countdown to 52272
[22:22:44.653] [SEVERE ] updating countdown to 52246
[22:22:44.679] [SEVERE ] updating countdown to 52220
[22:22:44.707] [SEVERE ] updating countdown to 52192
[22:22:44.734] [SEVERE ] updating countdown to 52165
[22:22:44.760] [SEVERE ] updating countdown to 52139
[22:22:44.785] [SEVERE ] updating countdown to 52114
[22:22:44.811] [SEVERE ] updating countdown to 52088
[22:22:44.837] [SEVERE ] updating countdown to 52062
[22:22:44.862] [SEVERE ] updating countdown to 52037
[22:22:44.888] [SEVERE ] updating countdown to 52011
[22:22:44.913] [SEVERE ] updating countdown to 51986
[22:22:44.939] [SEVERE ] updating countdown to 51960
[22:22:44.965] [SEVERE ] updating countdown to 51934
[22:22:44.991] [SEVERE ] updating countdown to 51908
[22:22:45.016] [SEVERE ] updating countdown to 51883
[22:22:45.042] [SEVERE ] updating countdown to 51857
[22:22:45.067] [SEVERE ] updating countdown to 51832
[22:22:45.093] [SEVERE ] updating countdown to 51806
[22:22:45.118] [SEVERE ] updating countdown to 51781
[22:22:45.144] [SEVERE ] updating countdown to 51755
[22:22:45.170] [SEVERE ] updating countdown to 51729
[22:22:45.196] [SEVERE ] updating countdown to 51703
[22:22:45.221] [SEVERE ] updating countdown to 51678
[22:22:45.247] [SEVERE ] updating countdown to 51652
[22:22:45.273] [SEVERE ] updating countdown to 51626
[22:22:45.298] [SEVERE ] updating countdown to 51601
[22:22:45.324] [SEVERE ] updating countdown to 51575
[22:22:45.350] [SEVERE ] updating countdown to 51549
[22:22:45.375] [SEVERE ] updating countdown to 51524
[22:22:45.401] [SEVERE ] updating countdown to 51498
[22:22:45.426] [SEVERE ] updating countdown to 51473
[22:22:45.452] [SEVERE ] updating countdown to 51447
[22:22:45.477] [SEVERE ] updating countdown to 51422
[22:22:45.503] [SEVERE ] updating countdown to 51396
[22:22:45.529] [SEVERE ] updating countdown to 51370
[22:22:45.555] [SEVERE ] updating countdown to 51344
[22:22:45.580] [SEVERE ] updating countdown to 51319
[22:22:45.606] [SEVERE ] updating countdown to 51293
[22:22:45.631] [SEVERE ] updating countdown to 51268
[22:22:45.657] [SEVERE ] updating countdown to 51242
[22:22:45.682] [SEVERE ] updating countdown to 51217
[22:22:45.708] [SEVERE ] updating countdown to 51191
[22:22:45.734] [SEVERE ] updating countdown to 51165
[22:22:45.759] [SEVERE ] updating countdown to 51140
[22:22:45.785] [SEVERE ] updating countdown to 51114
[22:22:45.810] [SEVERE ] updating countdown to 51089
[22:22:45.836] [SEVERE ] updating countdown to 51063
[22:22:45.861] [SEVERE ] updating countdown to 51038
[22:22:45.887] [SEVERE ] updating countdown to 51012
[22:22:45.912] [SEVERE ] updating countdown to 50987
[22:22:45.938] [SEVERE ] updating countdown to 50961
[22:22:45.963] [SEVERE ] updating countdown to 50936
[22:22:45.989] [SEVERE ] updating countdown to 50910
[22:22:46.015] [SEVERE ] updating countdown to 50884
[22:22:46.040] [SEVERE ] updating countdown to 50859
[22:22:46.066] [SEVERE ] updating countdown to 50833
[22:22:46.092] [SEVERE ] updating countdown to 50807
[22:22:46.117] [SEVERE ] updating countdown to 50782
[22:22:46.144] [SEVERE ] updating countdown to 50755
[22:22:46.170] [SEVERE ] updating countdown to 50729
[22:22:46.196] [SEVERE ] updating countdown to 50703
[22:22:46.222] [SEVERE ] updating countdown to 50677
[22:22:46.247] [SEVERE ] updating countdown to 50652
[22:22:46.273] [SEVERE ] updating countdown to 50626
[22:22:46.299] [SEVERE ] updating countdown to 50600
[22:22:46.325] [SEVERE ] updating countdown to 50574
[22:22:46.351] [SEVERE ] updating countdown to 50548
[22:22:46.376] [SEVERE ] updating countdown to 50523
[22:22:46.402] [SEVERE ] updating countdown to 50497
[22:22:46.429] [SEVERE ] updating countdown to 50470
[22:22:46.454] [SEVERE ] updating countdown to 50445
[22:22:46.480] [SEVERE ] updating countdown to 50419
[22:22:46.506] [SEVERE ] updating countdown to 50393
[22:22:46.531] [SEVERE ] updating countdown to 50368
[22:22:46.557] [SEVERE ] updating countdown to 50342
[22:22:46.583] [SEVERE ] updating countdown to 50316
[22:22:46.609] [SEVERE ] updating countdown to 50290
[22:22:46.635] [SEVERE ] updating countdown to 50264
[22:22:46.660] [SEVERE ] updating countdown to 50239
[22:22:46.686] [SEVERE ] updating countdown to 50213
[22:22:46.712] [SEVERE ] updating countdown to 50187
[22:22:46.737] [SEVERE ] updating countdown to 50162
[22:22:46.763] [SEVERE ] updating countdown to 50136
[22:22:46.788] [SEVERE ] updating countdown to 50111
[22:22:46.815] [SEVERE ] updating countdown to 50084
[22:22:46.841] [SEVERE ] updating countdown to 50058
[22:22:46.867] [SEVERE ] updating countdown to 50032
[22:22:46.892] [SEVERE ] updating countdown to 50007
[22:22:46.918] [SEVERE ] updating countdown to 49981
[22:22:46.944] [SEVERE ] updating countdown to 49955
[22:22:46.969] [SEVERE ] updating countdown to 49930
[22:22:46.995] [SEVERE ] updating countdown to 49904
[22:22:47.020] [SEVERE ] updating countdown to 49879
[22:22:47.046] [SEVERE ] updating countdown to 49853
[22:22:47.071] [SEVERE ] updating countdown to 49828
[22:22:47.097] [SEVERE ] updating countdown to 49802
[22:22:47.122] [SEVERE ] updating countdown to 49777
[22:22:47.148] [SEVERE ] updating countdown to 49751
[22:22:47.173] [SEVERE ] updating countdown to 49726
[22:22:47.200] [SEVERE ] updating countdown to 49699
[22:22:47.225] [SEVERE ] updating countdown to 49674
[22:22:47.251] [SEVERE ] updating countdown to 49648
[22:22:47.276] [SEVERE ] updating countdown to 49623
[22:22:47.302] [SEVERE ] updating countdown to 49597
[22:22:47.327] [SEVERE ] updating countdown to 49572
[22:22:47.353] [SEVERE ] updating countdown to 49546
[22:22:47.378] [SEVERE ] updating countdown to 49521
[22:22:47.404] [SEVERE ] updating countdown to 49495
[22:22:47.430] [SEVERE ] updating countdown to 49469
[22:22:47.456] [SEVERE ] updating countdown to 49443
[22:22:47.482] [SEVERE ] updating countdown to 49417
[22:22:47.508] [SEVERE ] updating countdown to 49391
[22:22:47.534] [SEVERE ] updating countdown to 49365
[22:22:47.560] [SEVERE ] updating countdown to 49339
[22:22:47.585] [SEVERE ] updating countdown to 49314
[22:22:47.611] [SEVERE ] updating countdown to 49288
[22:22:47.638] [SEVERE ] updating countdown to 49261
[22:22:47.664] [SEVERE ] updating countdown to 49235
[22:22:47.692] [SEVERE ] updating countdown to 49207
[22:22:47.718] [SEVERE ] updating countdown to 49181
[22:22:47.745] [SEVERE ] updating countdown to 49154
[22:22:47.771] [SEVERE ] updating countdown to 49128
[22:22:47.796] [SEVERE ] updating countdown to 49103
[22:22:47.824] [SEVERE ] updating countdown to 49075
[22:22:47.850] [SEVERE ] updating countdown to 49049
[22:22:47.853] [SEVERE ] exit button pressed
[22:22:47.876] [SEVERE ] updating countdown to 49023
[22:22:47.902] [SEVERE ] updating countdown to 48997
[22:22:47.928] [SEVERE ] updating countdown to 48971
[22:22:47.953] [SEVERE ] updating countdown to 48946
[22:22:47.979] [SEVERE ] updating countdown to 48920
[22:22:48.005] [SEVERE ] updating countdown to 48894
[22:22:48.030] [SEVERE ] updating countdown to 48869
[22:22:48.056] [SEVERE ] updating countdown to 48843
[22:22:48.082] [SEVERE ] updating countdown to 48817
[22:22:48.109] [SEVERE ] updating countdown to 48790
[22:22:48.136] [SEVERE ] updating countdown to 48763
[22:22:48.162] [SEVERE ] updating countdown to 48737
[22:22:48.189] [SEVERE ] updating countdown to 48710
[22:22:48.220] [SEVERE ] updating countdown to 48679
[22:22:48.246] [SEVERE ] updating countdown to 48653
[22:22:48.273] [SEVERE ] updating countdown to 48626
[22:22:48.299] [SEVERE ] updating countdown to 48600
[22:22:48.326] [SEVERE ] updating countdown to 48573
[22:22:48.351] [SEVERE ] updating countdown to 48548
[22:22:48.377] [SEVERE ] updating countdown to 48522
[22:22:48.403] [SEVERE ] updating countdown to 48496
[22:22:48.429] [SEVERE ] updating countdown to 48470
[22:22:48.456] [SEVERE ] updating countdown to 48443
[22:22:48.482] [SEVERE ] updating countdown to 48417
[22:22:48.508] [SEVERE ] updating countdown to 48391
[22:22:48.535] [SEVERE ] updating countdown to 48364
[22:22:48.561] [SEVERE ] updating countdown to 48338
[22:22:48.588] [SEVERE ] updating countdown to 48311
[22:22:48.614] [SEVERE ] updating countdown to 48285
[22:22:48.640] [SEVERE ] updating countdown to 48259
[22:22:48.666] [SEVERE ] updating countdown to 48233
[22:22:48.691] [SEVERE ] updating countdown to 48208
[22:22:48.717] [SEVERE ] updating countdown to 48182
[22:22:48.742] [SEVERE ] updating countdown to 48157
[22:22:48.768] [SEVERE ] updating countdown to 48131
[22:22:48.794] [SEVERE ] updating countdown to 48105
[22:22:48.819] [SEVERE ] updating countdown to 48080
[22:22:48.846] [SEVERE ] updating countdown to 48053
[22:22:48.871] [SEVERE ] updating countdown to 48028
[22:22:48.897] [SEVERE ] updating countdown to 48002
[22:22:48.923] [SEVERE ] updating countdown to 47976
[22:22:48.951] [SEVERE ] updating countdown to 47948
[22:22:48.976] [SEVERE ] updating countdown to 47923
[22:22:49.002] [SEVERE ] updating countdown to 47897
[22:22:49.027] [SEVERE ] updating countdown to 47872
[22:22:49.053] [SEVERE ] updating countdown to 47846
[22:22:49.078] [SEVERE ] updating countdown to 47821
[22:22:49.104] [SEVERE ] updating countdown to 47795
[22:22:49.129] [SEVERE ] updating countdown to 47770
[22:22:49.155] [SEVERE ] updating countdown to 47744
[22:22:49.180] [SEVERE ] updating countdown to 47719
[22:22:49.206] [SEVERE ] updating countdown to 47693
[22:22:49.233] [SEVERE ] updating countdown to 47666
[22:22:49.259] [SEVERE ] updating countdown to 47640
[22:22:49.285] [SEVERE ] updating countdown to 47614
[22:22:49.310] [SEVERE ] updating countdown to 47589
[22:22:49.336] [SEVERE ] updating countdown to 47563
[22:22:49.362] [SEVERE ] updating countdown to 47537
[22:22:49.389] [SEVERE ] updating countdown to 47510
[22:22:49.415] [SEVERE ] updating countdown to 47484
[22:22:49.442] [SEVERE ] updating countdown to 47457
[22:22:49.468] [SEVERE ] updating countdown to 47431
[22:22:49.494] [SEVERE ] updating countdown to 47405
[22:22:49.519] [SEVERE ] updating countdown to 47380
[22:22:49.545] [SEVERE ] updating countdown to 47354
[22:22:49.570] [SEVERE ] updating countdown to 47329
[22:22:49.596] [SEVERE ] updating countdown to 47303
[22:22:49.621] [SEVERE ] updating countdown to 47278
[22:22:49.647] [SEVERE ] updating countdown to 47252
[22:22:49.673] [SEVERE ] updating countdown to 47226
[22:22:49.699] [SEVERE ] updating countdown to 47200
[22:22:49.724] [SEVERE ] updating countdown to 47175
[22:22:49.750] [SEVERE ] updating countdown to 47149
[22:22:49.776] [SEVERE ] updating countdown to 47123
[22:22:49.802] [SEVERE ] updating countdown to 47097
[22:22:49.828] [SEVERE ] updating countdown to 47071
[22:22:49.854] [SEVERE ] updating countdown to 47045
[22:22:49.881] [SEVERE ] updating countdown to 47018
[22:22:49.908] [SEVERE ] updating countdown to 46991
[22:22:49.935] [SEVERE ] updating countdown to 46964
[22:22:49.960] [SEVERE ] updating countdown to 46939
[22:22:49.986] [SEVERE ] updating countdown to 46913
