[22:50:18.958] [INFO   ] thread bguspl.set.Main.main() starting.
[22:50:18.966] [SEVERE ] cannot read configuration file config.properties trying from resources.
[22:50:18.971] [SEVERE ] configuration file was loaded from resources directory.
[22:50:19.668] [INFO   ] thread dealer starting.
[22:50:19.669] [INFO   ] thread dealer starting.
[22:50:19.672] [INFO   ] thread Thread-1 starting.
[22:50:19.672] [INFO   ] thread Thread-4 starting.
[22:50:19.672] [INFO   ] thread Thread-3 starting.
[22:50:19.672] [INFO   ] thread Thread-2 starting.
[22:50:19.674] [INFO   ] thread computer-2 starting.
[22:50:19.674] [INFO   ] thread computer-3 starting.
[22:50:19.776] [SEVERE ] placing card 9 in slot 0
[22:50:19.877] [SEVERE ] placing card 11 in slot 1
[22:50:19.979] [SEVERE ] placing card 30 in slot 2
[22:50:20.081] [SEVERE ] placing card 56 in slot 3
[22:50:20.183] [SEVERE ] placing card 17 in slot 4
[22:50:20.285] [SEVERE ] placing card 54 in slot 5
[22:50:20.386] [SEVERE ] placing card 0 in slot 6
[22:50:20.487] [SEVERE ] placing card 70 in slot 7
[22:50:20.588] [SEVERE ] placing card 8 in slot 8
[22:50:20.690] [SEVERE ] placing card 5 in slot 9
[22:50:20.791] [SEVERE ] placing card 22 in slot 10
[22:50:20.892] [SEVERE ] placing card 69 in slot 11
[22:50:20.894] [SEVERE ] updating countdown to 60000
[22:50:20.922] [SEVERE ] updating countdown to 59972
[22:50:20.948] [SEVERE ] updating countdown to 59946
[22:50:20.974] [SEVERE ] updating countdown to 59920
[22:50:21.000] [SEVERE ] updating countdown to 59894
[22:50:21.025] [SEVERE ] updating countdown to 59869
[22:50:21.052] [SEVERE ] updating countdown to 59842
[22:50:21.078] [SEVERE ] updating countdown to 59816
[22:50:21.103] [SEVERE ] updating countdown to 59791
[22:50:21.129] [SEVERE ] updating countdown to 59765
[22:50:21.155] [SEVERE ] updating countdown to 59739
[22:50:21.181] [SEVERE ] updating countdown to 59713
[22:50:21.209] [SEVERE ] updating countdown to 59685
[22:50:21.235] [SEVERE ] updating countdown to 59659
[22:50:21.262] [SEVERE ] updating countdown to 59632
[22:50:21.277] [SEVERE ] player 3 placing token on slot 2
[22:50:21.277] [SEVERE ] player 4 placing token on slot 5
[22:50:21.288] [SEVERE ] updating countdown to 59606
[22:50:21.314] [SEVERE ] updating countdown to 59580
[22:50:21.339] [SEVERE ] updating countdown to 59555
[22:50:21.365] [SEVERE ] updating countdown to 59529
[22:50:21.391] [SEVERE ] updating countdown to 59503
[22:50:21.417] [SEVERE ] updating countdown to 59477
[22:50:21.443] [SEVERE ] updating countdown to 59451
[22:50:21.468] [SEVERE ] updating countdown to 59426
[22:50:21.494] [SEVERE ] updating countdown to 59400
[22:50:21.520] [SEVERE ] updating countdown to 59374
[22:50:21.546] [SEVERE ] updating countdown to 59348
[22:50:21.571] [SEVERE ] updating countdown to 59323
[22:50:21.598] [SEVERE ] updating countdown to 59296
[22:50:21.625] [SEVERE ] updating countdown to 59269
[22:50:21.651] [SEVERE ] updating countdown to 59243
[22:50:21.676] [SEVERE ] updating countdown to 59218
[22:50:21.702] [SEVERE ] updating countdown to 59192
[22:50:21.728] [SEVERE ] updating countdown to 59166
[22:50:21.754] [SEVERE ] updating countdown to 59140
[22:50:21.777] [SEVERE ] player 4 placing token on slot 7
[22:50:21.777] [SEVERE ] player 3 placing token on slot 1
[22:50:21.780] [SEVERE ] updating countdown to 59114
[22:50:21.805] [SEVERE ] updating countdown to 59089
[22:50:21.832] [SEVERE ] updating countdown to 59062
[22:50:21.858] [SEVERE ] updating countdown to 59037
[22:50:21.883] [SEVERE ] updating countdown to 59011
[22:50:21.909] [SEVERE ] updating countdown to 58985
[22:50:21.935] [SEVERE ] updating countdown to 58959
[22:50:21.962] [SEVERE ] updating countdown to 58932
[22:50:21.989] [SEVERE ] updating countdown to 58906
[22:50:22.015] [SEVERE ] updating countdown to 58879
[22:50:22.041] [SEVERE ] updating countdown to 58853
[22:50:22.068] [SEVERE ] updating countdown to 58826
[22:50:22.095] [SEVERE ] updating countdown to 58799
[22:50:22.122] [SEVERE ] updating countdown to 58772
[22:50:22.150] [SEVERE ] updating countdown to 58744
[22:50:22.176] [SEVERE ] updating countdown to 58718
[22:50:22.203] [SEVERE ] updating countdown to 58691
[22:50:22.229] [SEVERE ] updating countdown to 58665
[22:50:22.255] [SEVERE ] updating countdown to 58639
[22:50:22.277] [SEVERE ] player 4 placing token on slot 4
[22:50:22.278] [SEVERE ] player 3 placing token on slot 11
[22:50:22.279] [SEVERE ] updating countdown to 58615
[22:50:22.280] [SEVERE ] setting player 4 freeze to 3000
[22:50:22.280] [SEVERE ] setting player 3 freeze to 3000
[22:50:22.305] [SEVERE ] updating countdown to 58589
[22:50:22.305] [SEVERE ] setting player 3 freeze to 2975
[22:50:22.306] [SEVERE ] setting player 4 freeze to 2974
[22:50:22.331] [SEVERE ] updating countdown to 58563
[22:50:22.332] [SEVERE ] setting player 3 freeze to 2948
[22:50:22.332] [SEVERE ] setting player 4 freeze to 2948
[22:50:22.358] [SEVERE ] updating countdown to 58536
[22:50:22.358] [SEVERE ] setting player 3 freeze to 2922
[22:50:22.358] [SEVERE ] setting player 4 freeze to 2922
[22:50:22.384] [SEVERE ] updating countdown to 58510
[22:50:22.384] [SEVERE ] setting player 3 freeze to 2896
[22:50:22.384] [SEVERE ] setting player 4 freeze to 2896
[22:50:22.410] [SEVERE ] updating countdown to 58484
[22:50:22.410] [SEVERE ] setting player 3 freeze to 2870
[22:50:22.410] [SEVERE ] setting player 4 freeze to 2870
[22:50:22.436] [SEVERE ] updating countdown to 58458
[22:50:22.437] [SEVERE ] setting player 3 freeze to 2843
[22:50:22.438] [SEVERE ] setting player 4 freeze to 2842
[22:50:22.464] [SEVERE ] updating countdown to 58430
[22:50:22.464] [SEVERE ] setting player 3 freeze to 2816
[22:50:22.465] [SEVERE ] setting player 4 freeze to 2815
[22:50:22.490] [SEVERE ] updating countdown to 58404
[22:50:22.491] [SEVERE ] setting player 3 freeze to 2789
[22:50:22.492] [SEVERE ] setting player 4 freeze to 2788
[22:50:22.518] [SEVERE ] updating countdown to 58376
[22:50:22.520] [SEVERE ] setting player 3 freeze to 2760
[22:50:22.522] [SEVERE ] setting player 4 freeze to 2758
[22:50:22.548] [SEVERE ] updating countdown to 58346
[22:50:22.549] [SEVERE ] setting player 3 freeze to 2731
[22:50:22.549] [SEVERE ] setting player 4 freeze to 2731
[22:50:22.575] [SEVERE ] updating countdown to 58319
[22:50:22.577] [SEVERE ] setting player 3 freeze to 2703
[22:50:22.579] [SEVERE ] setting player 4 freeze to 2701
[22:50:22.607] [SEVERE ] updating countdown to 58287
[22:50:22.608] [SEVERE ] setting player 3 freeze to 2672
[22:50:22.609] [SEVERE ] setting player 4 freeze to 2671
[22:50:22.635] [SEVERE ] updating countdown to 58259
[22:50:22.636] [SEVERE ] setting player 3 freeze to 2644
[22:50:22.636] [SEVERE ] setting player 4 freeze to 2644
[22:50:22.662] [SEVERE ] updating countdown to 58232
[22:50:22.662] [SEVERE ] setting player 3 freeze to 2618
[22:50:22.663] [SEVERE ] setting player 4 freeze to 2617
[22:50:22.689] [SEVERE ] updating countdown to 58205
[22:50:22.690] [SEVERE ] setting player 3 freeze to 2590
[22:50:22.690] [SEVERE ] setting player 4 freeze to 2590
[22:50:22.716] [SEVERE ] updating countdown to 58178
[22:50:22.716] [SEVERE ] setting player 3 freeze to 2564
[22:50:22.716] [SEVERE ] setting player 4 freeze to 2564
[22:50:22.743] [SEVERE ] updating countdown to 58151
[22:50:22.743] [SEVERE ] setting player 3 freeze to 2537
[22:50:22.743] [SEVERE ] setting player 4 freeze to 2537
[22:50:22.768] [SEVERE ] updating countdown to 58126
[22:50:22.770] [SEVERE ] setting player 3 freeze to 2510
[22:50:22.770] [SEVERE ] setting player 4 freeze to 2510
[22:50:22.795] [SEVERE ] updating countdown to 58099
[22:50:22.796] [SEVERE ] setting player 3 freeze to 2484
[22:50:22.797] [SEVERE ] setting player 4 freeze to 2483
[22:50:22.822] [SEVERE ] updating countdown to 58072
[22:50:22.823] [SEVERE ] setting player 3 freeze to 2457
[22:50:22.823] [SEVERE ] setting player 4 freeze to 2457
[22:50:22.849] [SEVERE ] updating countdown to 58045
[22:50:22.849] [SEVERE ] setting player 3 freeze to 2431
[22:50:22.859] [SEVERE ] setting player 4 freeze to 2421
[22:50:22.884] [SEVERE ] updating countdown to 58010
[22:50:22.885] [SEVERE ] setting player 3 freeze to 2395
[22:50:22.886] [SEVERE ] setting player 4 freeze to 2394
[22:50:22.913] [SEVERE ] updating countdown to 57981
[22:50:22.915] [SEVERE ] setting player 3 freeze to 2365
[22:50:22.917] [SEVERE ] setting player 4 freeze to 2363
[22:50:22.943] [SEVERE ] updating countdown to 57951
[22:50:22.943] [SEVERE ] setting player 3 freeze to 2337
[22:50:22.944] [SEVERE ] setting player 4 freeze to 2336
[22:50:22.969] [SEVERE ] updating countdown to 57925
[22:50:22.970] [SEVERE ] setting player 3 freeze to 2310
[22:50:22.970] [SEVERE ] setting player 4 freeze to 2310
[22:50:22.996] [SEVERE ] updating countdown to 57898
[22:50:22.996] [SEVERE ] setting player 3 freeze to 2284
[22:50:22.996] [SEVERE ] setting player 4 freeze to 2284
[22:50:23.022] [SEVERE ] updating countdown to 57872
[22:50:23.023] [SEVERE ] setting player 3 freeze to 2257
[22:50:23.023] [SEVERE ] setting player 4 freeze to 2257
[22:50:23.049] [SEVERE ] updating countdown to 57845
[22:50:23.049] [SEVERE ] setting player 3 freeze to 2231
[22:50:23.049] [SEVERE ] setting player 4 freeze to 2231
[22:50:23.075] [SEVERE ] updating countdown to 57819
[22:50:23.075] [SEVERE ] setting player 3 freeze to 2205
[22:50:23.076] [SEVERE ] setting player 4 freeze to 2204
[22:50:23.101] [SEVERE ] updating countdown to 57793
[22:50:23.101] [SEVERE ] setting player 3 freeze to 2179
[22:50:23.102] [SEVERE ] setting player 4 freeze to 2178
[22:50:23.127] [SEVERE ] updating countdown to 57767
[22:50:23.128] [SEVERE ] setting player 3 freeze to 2152
[22:50:23.128] [SEVERE ] setting player 4 freeze to 2152
[22:50:23.154] [SEVERE ] updating countdown to 57740
[22:50:23.155] [SEVERE ] setting player 3 freeze to 2125
[22:50:23.156] [SEVERE ] setting player 4 freeze to 2124
[22:50:23.181] [SEVERE ] updating countdown to 57713
[22:50:23.182] [SEVERE ] setting player 3 freeze to 2098
[22:50:23.183] [SEVERE ] setting player 4 freeze to 2097
[22:50:23.209] [SEVERE ] updating countdown to 57685
[22:50:23.211] [SEVERE ] setting player 3 freeze to 2069
[22:50:23.212] [SEVERE ] setting player 4 freeze to 2068
[22:50:23.238] [SEVERE ] updating countdown to 57656
[22:50:23.239] [SEVERE ] setting player 3 freeze to 2041
[22:50:23.239] [SEVERE ] setting player 4 freeze to 2041
[22:50:23.264] [SEVERE ] updating countdown to 57630
[22:50:23.265] [SEVERE ] setting player 3 freeze to 2015
[22:50:23.266] [SEVERE ] setting player 4 freeze to 2014
[22:50:23.292] [SEVERE ] updating countdown to 57602
[22:50:23.293] [SEVERE ] setting player 3 freeze to 1987
[22:50:23.294] [SEVERE ] setting player 4 freeze to 1986
[22:50:23.320] [SEVERE ] updating countdown to 57574
[22:50:23.320] [SEVERE ] setting player 3 freeze to 1960
[22:50:23.321] [SEVERE ] setting player 4 freeze to 1959
[22:50:23.346] [SEVERE ] updating countdown to 57548
[22:50:23.348] [SEVERE ] setting player 3 freeze to 1932
[22:50:23.351] [SEVERE ] setting player 4 freeze to 1929
[22:50:23.377] [SEVERE ] updating countdown to 57517
[22:50:23.378] [SEVERE ] setting player 3 freeze to 1902
[22:50:23.378] [SEVERE ] setting player 4 freeze to 1902
[22:50:23.403] [SEVERE ] updating countdown to 57491
[22:50:23.404] [SEVERE ] setting player 3 freeze to 1876
[22:50:23.404] [SEVERE ] setting player 4 freeze to 1876
[22:50:23.430] [SEVERE ] updating countdown to 57464
[22:50:23.430] [SEVERE ] setting player 3 freeze to 1850
[22:50:23.431] [SEVERE ] setting player 4 freeze to 1849
[22:50:23.457] [SEVERE ] updating countdown to 57437
[22:50:23.457] [SEVERE ] setting player 3 freeze to 1823
[22:50:23.458] [SEVERE ] setting player 4 freeze to 1822
[22:50:23.483] [SEVERE ] updating countdown to 57411
[22:50:23.484] [SEVERE ] setting player 3 freeze to 1796
[22:50:23.484] [SEVERE ] setting player 4 freeze to 1796
[22:50:23.510] [SEVERE ] updating countdown to 57384
[22:50:23.510] [SEVERE ] setting player 3 freeze to 1770
[22:50:23.511] [SEVERE ] setting player 4 freeze to 1769
[22:50:23.536] [SEVERE ] updating countdown to 57358
[22:50:23.538] [SEVERE ] setting player 3 freeze to 1742
[22:50:23.539] [SEVERE ] setting player 4 freeze to 1741
[22:50:23.566] [SEVERE ] updating countdown to 57328
[22:50:23.567] [SEVERE ] setting player 3 freeze to 1713
[22:50:23.567] [SEVERE ] setting player 4 freeze to 1713
[22:50:23.593] [SEVERE ] updating countdown to 57301
[22:50:23.595] [SEVERE ] setting player 3 freeze to 1685
[22:50:23.596] [SEVERE ] setting player 4 freeze to 1684
[22:50:23.622] [SEVERE ] updating countdown to 57272
[22:50:23.622] [SEVERE ] setting player 3 freeze to 1658
[22:50:23.623] [SEVERE ] setting player 4 freeze to 1657
[22:50:23.648] [SEVERE ] updating countdown to 57246
[22:50:23.648] [SEVERE ] setting player 3 freeze to 1632
[22:50:23.649] [SEVERE ] setting player 4 freeze to 1631
[22:50:23.674] [SEVERE ] updating countdown to 57220
[22:50:23.674] [SEVERE ] setting player 3 freeze to 1606
[22:50:23.675] [SEVERE ] setting player 4 freeze to 1605
[22:50:23.700] [SEVERE ] updating countdown to 57194
[22:50:23.700] [SEVERE ] setting player 3 freeze to 1580
[22:50:23.701] [SEVERE ] setting player 4 freeze to 1579
[22:50:23.726] [SEVERE ] updating countdown to 57168
[22:50:23.726] [SEVERE ] setting player 3 freeze to 1554
[22:50:23.727] [SEVERE ] setting player 4 freeze to 1553
[22:50:23.752] [SEVERE ] updating countdown to 57142
[22:50:23.753] [SEVERE ] setting player 3 freeze to 1527
[22:50:23.754] [SEVERE ] setting player 4 freeze to 1526
[22:50:23.779] [SEVERE ] updating countdown to 57115
[22:50:23.781] [SEVERE ] setting player 3 freeze to 1499
[22:50:23.781] [SEVERE ] setting player 4 freeze to 1499
[22:50:23.806] [SEVERE ] updating countdown to 57088
[22:50:23.807] [SEVERE ] setting player 3 freeze to 1473
[22:50:23.807] [SEVERE ] setting player 4 freeze to 1473
[22:50:23.833] [SEVERE ] updating countdown to 57061
[22:50:23.834] [SEVERE ] setting player 3 freeze to 1446
[22:50:23.836] [SEVERE ] setting player 4 freeze to 1445
[22:50:23.862] [SEVERE ] updating countdown to 57032
[22:50:23.863] [SEVERE ] setting player 3 freeze to 1417
[22:50:23.863] [SEVERE ] setting player 4 freeze to 1417
[22:50:23.890] [SEVERE ] updating countdown to 57004
[22:50:23.891] [SEVERE ] setting player 3 freeze to 1389
[22:50:23.892] [SEVERE ] setting player 4 freeze to 1388
[22:50:23.919] [SEVERE ] updating countdown to 56975
[22:50:23.921] [SEVERE ] setting player 3 freeze to 1359
[22:50:23.924] [SEVERE ] setting player 4 freeze to 1357
[22:50:23.950] [SEVERE ] updating countdown to 56944
[22:50:23.951] [SEVERE ] setting player 3 freeze to 1329
[22:50:23.951] [SEVERE ] setting player 4 freeze to 1329
[22:50:23.976] [SEVERE ] updating countdown to 56918
[22:50:23.977] [SEVERE ] setting player 3 freeze to 1303
[22:50:23.978] [SEVERE ] setting player 4 freeze to 1302
[22:50:24.004] [SEVERE ] updating countdown to 56890
[22:50:24.004] [SEVERE ] setting player 3 freeze to 1276
[22:50:24.005] [SEVERE ] setting player 4 freeze to 1275
[22:50:24.030] [SEVERE ] updating countdown to 56864
[22:50:24.031] [SEVERE ] setting player 3 freeze to 1249
[22:50:24.031] [SEVERE ] setting player 4 freeze to 1249
[22:50:24.057] [SEVERE ] updating countdown to 56837
[22:50:24.057] [SEVERE ] setting player 3 freeze to 1223
[22:50:24.057] [SEVERE ] setting player 4 freeze to 1223
[22:50:24.082] [SEVERE ] updating countdown to 56812
[22:50:24.083] [SEVERE ] setting player 3 freeze to 1197
[22:50:24.083] [SEVERE ] setting player 4 freeze to 1197
[22:50:24.109] [SEVERE ] updating countdown to 56785
[22:50:24.109] [SEVERE ] setting player 3 freeze to 1171
[22:50:24.110] [SEVERE ] setting player 4 freeze to 1170
[22:50:24.136] [SEVERE ] updating countdown to 56758
[22:50:24.137] [SEVERE ] setting player 3 freeze to 1143
[22:50:24.137] [SEVERE ] setting player 4 freeze to 1143
[22:50:24.162] [SEVERE ] updating countdown to 56732
[22:50:24.163] [SEVERE ] setting player 3 freeze to 1117
[22:50:24.164] [SEVERE ] setting player 4 freeze to 1116
[22:50:24.189] [SEVERE ] updating countdown to 56705
[22:50:24.190] [SEVERE ] setting player 3 freeze to 1090
[22:50:24.190] [SEVERE ] setting player 4 freeze to 1090
[22:50:24.216] [SEVERE ] updating countdown to 56678
[22:50:24.216] [SEVERE ] setting player 3 freeze to 1064
[22:50:24.217] [SEVERE ] setting player 4 freeze to 1063
[22:50:24.242] [SEVERE ] updating countdown to 56652
[22:50:24.243] [SEVERE ] setting player 3 freeze to 1037
[22:50:24.244] [SEVERE ] setting player 4 freeze to 1036
[22:50:24.269] [SEVERE ] updating countdown to 56625
[22:50:24.270] [SEVERE ] setting player 3 freeze to 1010
[22:50:24.270] [SEVERE ] setting player 4 freeze to 1010
[22:50:24.296] [SEVERE ] updating countdown to 56598
[22:50:24.300] [SEVERE ] setting player 3 freeze to 980
[22:50:24.301] [SEVERE ] setting player 4 freeze to 979
[22:50:24.328] [SEVERE ] updating countdown to 56566
[22:50:24.329] [SEVERE ] setting player 3 freeze to 951
[22:50:24.330] [SEVERE ] setting player 4 freeze to 950
[22:50:24.356] [SEVERE ] updating countdown to 56538
[22:50:24.356] [SEVERE ] setting player 3 freeze to 924
[22:50:24.356] [SEVERE ] setting player 4 freeze to 924
[22:50:24.381] [SEVERE ] updating countdown to 56513
[22:50:24.382] [SEVERE ] setting player 3 freeze to 898
[22:50:24.382] [SEVERE ] setting player 4 freeze to 898
[22:50:24.408] [SEVERE ] updating countdown to 56486
[22:50:24.408] [SEVERE ] setting player 3 freeze to 872
[22:50:24.409] [SEVERE ] setting player 4 freeze to 871
[22:50:24.434] [SEVERE ] updating countdown to 56460
[22:50:24.435] [SEVERE ] setting player 3 freeze to 845
[22:50:24.436] [SEVERE ] setting player 4 freeze to 844
[22:50:24.461] [SEVERE ] updating countdown to 56433
[22:50:24.462] [SEVERE ] setting player 3 freeze to 818
[22:50:24.462] [SEVERE ] setting player 4 freeze to 818
[22:50:24.488] [SEVERE ] updating countdown to 56406
[22:50:24.488] [SEVERE ] setting player 3 freeze to 792
[22:50:24.489] [SEVERE ] setting player 4 freeze to 791
[22:50:24.514] [SEVERE ] updating countdown to 56380
[22:50:24.515] [SEVERE ] setting player 3 freeze to 765
[22:50:24.515] [SEVERE ] setting player 4 freeze to 765
[22:50:24.540] [SEVERE ] updating countdown to 56354
[22:50:24.542] [SEVERE ] setting player 3 freeze to 738
[22:50:24.542] [SEVERE ] setting player 4 freeze to 738
[22:50:24.568] [SEVERE ] updating countdown to 56326
[22:50:24.569] [SEVERE ] setting player 3 freeze to 711
[22:50:24.570] [SEVERE ] setting player 4 freeze to 710
[22:50:24.595] [SEVERE ] updating countdown to 56299
[22:50:24.596] [SEVERE ] setting player 3 freeze to 684
[22:50:24.596] [SEVERE ] setting player 4 freeze to 684
[22:50:24.622] [SEVERE ] updating countdown to 56272
[22:50:24.623] [SEVERE ] setting player 3 freeze to 657
[22:50:24.624] [SEVERE ] setting player 4 freeze to 656
[22:50:24.651] [SEVERE ] updating countdown to 56243
[22:50:24.652] [SEVERE ] setting player 3 freeze to 628
[22:50:24.652] [SEVERE ] setting player 4 freeze to 628
[22:50:24.678] [SEVERE ] updating countdown to 56216
[22:50:24.678] [SEVERE ] setting player 3 freeze to 602
[22:50:24.679] [SEVERE ] setting player 4 freeze to 601
[22:50:24.705] [SEVERE ] updating countdown to 56189
[22:50:24.706] [SEVERE ] setting player 3 freeze to 574
[22:50:24.706] [SEVERE ] setting player 4 freeze to 574
[22:50:24.732] [SEVERE ] updating countdown to 56162
[22:50:24.733] [SEVERE ] setting player 3 freeze to 547
[22:50:24.734] [SEVERE ] setting player 4 freeze to 546
[22:50:24.760] [SEVERE ] updating countdown to 56134
[22:50:24.761] [SEVERE ] setting player 3 freeze to 519
[22:50:24.762] [SEVERE ] setting player 4 freeze to 518
[22:50:24.789] [SEVERE ] updating countdown to 56105
[22:50:24.790] [SEVERE ] setting player 3 freeze to 490
[22:50:24.791] [SEVERE ] setting player 4 freeze to 489
[22:50:24.817] [SEVERE ] updating countdown to 56077
[22:50:24.820] [SEVERE ] setting player 3 freeze to 461
[22:50:24.821] [SEVERE ] setting player 4 freeze to 459
[22:50:24.848] [SEVERE ] updating countdown to 56046
[22:50:24.848] [SEVERE ] setting player 3 freeze to 432
[22:50:24.849] [SEVERE ] setting player 4 freeze to 431
[22:50:24.875] [SEVERE ] updating countdown to 56019
[22:50:24.876] [SEVERE ] setting player 3 freeze to 404
[22:50:24.877] [SEVERE ] setting player 4 freeze to 403
[22:50:24.903] [SEVERE ] updating countdown to 55991
[22:50:24.904] [SEVERE ] setting player 3 freeze to 376
[22:50:24.905] [SEVERE ] setting player 4 freeze to 375
[22:50:24.931] [SEVERE ] updating countdown to 55963
[22:50:24.932] [SEVERE ] setting player 3 freeze to 348
[22:50:24.933] [SEVERE ] setting player 4 freeze to 347
[22:50:24.958] [SEVERE ] updating countdown to 55936
[22:50:24.967] [SEVERE ] setting player 3 freeze to 313
[22:50:24.967] [SEVERE ] setting player 4 freeze to 313
[22:50:24.993] [SEVERE ] updating countdown to 55901
[22:50:24.994] [SEVERE ] setting player 3 freeze to 286
[22:50:24.999] [SEVERE ] setting player 4 freeze to 281
[22:50:25.030] [SEVERE ] updating countdown to 55864
[22:50:25.031] [SEVERE ] setting player 3 freeze to 249
[22:50:25.031] [SEVERE ] setting player 4 freeze to 249
[22:50:25.057] [SEVERE ] updating countdown to 55837
[22:50:25.059] [SEVERE ] setting player 3 freeze to 221
[22:50:25.059] [SEVERE ] setting player 4 freeze to 221
[22:50:25.085] [SEVERE ] updating countdown to 55809
[22:50:25.086] [SEVERE ] setting player 3 freeze to 194
[22:50:25.086] [SEVERE ] setting player 4 freeze to 194
[22:50:25.111] [SEVERE ] updating countdown to 55783
[22:50:25.112] [SEVERE ] setting player 3 freeze to 168
[22:50:25.114] [SEVERE ] setting player 4 freeze to 166
[22:50:25.141] [SEVERE ] updating countdown to 55753
[22:50:25.142] [SEVERE ] setting player 3 freeze to 138
[22:50:25.143] [SEVERE ] setting player 4 freeze to 137
[22:50:25.169] [SEVERE ] updating countdown to 55725
[22:50:25.170] [SEVERE ] setting player 3 freeze to 110
[22:50:25.170] [SEVERE ] setting player 4 freeze to 110
[22:50:25.197] [SEVERE ] updating countdown to 55698
[22:50:25.197] [SEVERE ] setting player 3 freeze to 83
[22:50:25.197] [SEVERE ] setting player 4 freeze to 83
[22:50:25.223] [SEVERE ] updating countdown to 55671
[22:50:25.223] [SEVERE ] setting player 3 freeze to 57
[22:50:25.223] [SEVERE ] setting player 4 freeze to 57
[22:50:25.248] [SEVERE ] updating countdown to 55646
[22:50:25.250] [SEVERE ] setting player 3 freeze to 30
[22:50:25.251] [SEVERE ] setting player 4 freeze to 29
[22:50:25.277] [SEVERE ] updating countdown to 55617
[22:50:25.278] [SEVERE ] setting player 3 freeze to 2
[22:50:25.278] [SEVERE ] setting player 4 freeze to 2
[22:50:25.304] [SEVERE ] updating countdown to 55590
[22:50:25.305] [SEVERE ] setting player 3 freeze to -25
[22:50:25.306] [SEVERE ] setting player 3 freeze to 0
[22:50:25.307] [SEVERE ] setting player 4 freeze to -27
[22:50:25.307] [SEVERE ] setting player 4 freeze to 0
[22:50:25.333] [SEVERE ] updating countdown to 55561
[22:50:25.359] [SEVERE ] updating countdown to 55535
[22:50:25.386] [SEVERE ] updating countdown to 55508
[22:50:25.413] [SEVERE ] updating countdown to 55481
[22:50:25.439] [SEVERE ] updating countdown to 55455
[22:50:25.465] [SEVERE ] updating countdown to 55429
[22:50:25.491] [SEVERE ] updating countdown to 55403
[22:50:25.516] [SEVERE ] updating countdown to 55378
[22:50:25.541] [SEVERE ] updating countdown to 55353
[22:50:25.567] [SEVERE ] updating countdown to 55327
[22:50:25.593] [SEVERE ] updating countdown to 55301
[22:50:25.619] [SEVERE ] updating countdown to 55275
[22:50:25.645] [SEVERE ] updating countdown to 55249
[22:50:25.672] [SEVERE ] updating countdown to 55222
[22:50:25.698] [SEVERE ] updating countdown to 55196
[22:50:25.724] [SEVERE ] updating countdown to 55170
[22:50:25.750] [SEVERE ] updating countdown to 55144
[22:50:25.775] [SEVERE ] updating countdown to 55119
[22:50:25.779] [SEVERE ] removing player 4 token from slot 4
[22:50:25.801] [SEVERE ] updating countdown to 55093
[22:50:25.827] [SEVERE ] updating countdown to 55067
[22:50:25.853] [SEVERE ] updating countdown to 55041
[22:50:25.878] [SEVERE ] updating countdown to 55016
[22:50:25.904] [SEVERE ] updating countdown to 54990
[22:50:25.930] [SEVERE ] updating countdown to 54964
[22:50:25.956] [SEVERE ] updating countdown to 54939
[22:50:25.982] [SEVERE ] updating countdown to 54913
[22:50:26.008] [SEVERE ] updating countdown to 54886
[22:50:26.034] [SEVERE ] updating countdown to 54860
[22:50:26.060] [SEVERE ] updating countdown to 54834
[22:50:26.086] [SEVERE ] updating countdown to 54808
[22:50:26.112] [SEVERE ] updating countdown to 54782
[22:50:26.137] [SEVERE ] updating countdown to 54757
[22:50:26.162] [SEVERE ] updating countdown to 54732
[22:50:26.188] [SEVERE ] updating countdown to 54706
[22:50:26.214] [SEVERE ] updating countdown to 54680
[22:50:26.240] [SEVERE ] updating countdown to 54654
[22:50:26.267] [SEVERE ] updating countdown to 54627
[22:50:26.279] [SEVERE ] player 4 placing token on slot 0
[22:50:26.280] [SEVERE ] updating countdown to 54614
[22:50:26.281] [SEVERE ] setting player 4 freeze to 3000
[22:50:26.306] [SEVERE ] updating countdown to 54588
[22:50:26.307] [SEVERE ] setting player 4 freeze to 2974
[22:50:26.333] [SEVERE ] updating countdown to 54561
[22:50:26.334] [SEVERE ] setting player 4 freeze to 2947
[22:50:26.360] [SEVERE ] updating countdown to 54534
[22:50:26.361] [SEVERE ] setting player 4 freeze to 2920
[22:50:26.388] [SEVERE ] updating countdown to 54506
[22:50:26.389] [SEVERE ] setting player 4 freeze to 2892
[22:50:26.414] [SEVERE ] updating countdown to 54480
[22:50:26.415] [SEVERE ] setting player 4 freeze to 2866
[22:50:26.442] [SEVERE ] updating countdown to 54452
[22:50:26.442] [SEVERE ] setting player 4 freeze to 2839
[22:50:26.467] [SEVERE ] updating countdown to 54427
[22:50:26.468] [SEVERE ] setting player 4 freeze to 2813
[22:50:26.494] [SEVERE ] updating countdown to 54400
[22:50:26.494] [SEVERE ] setting player 4 freeze to 2787
[22:50:26.523] [SEVERE ] updating countdown to 54371
[22:50:26.524] [SEVERE ] setting player 4 freeze to 2757
[22:50:26.550] [SEVERE ] updating countdown to 54344
[22:50:26.552] [SEVERE ] setting player 4 freeze to 2729
[22:50:26.580] [SEVERE ] updating countdown to 54315
[22:50:26.580] [SEVERE ] setting player 4 freeze to 2701
[22:50:26.607] [SEVERE ] updating countdown to 54287
[22:50:26.609] [SEVERE ] setting player 4 freeze to 2672
[22:50:26.636] [SEVERE ] updating countdown to 54258
[22:50:26.637] [SEVERE ] setting player 4 freeze to 2644
[22:50:26.663] [SEVERE ] updating countdown to 54231
[22:50:26.665] [SEVERE ] setting player 4 freeze to 2616
[22:50:26.691] [SEVERE ] updating countdown to 54203
[22:50:26.692] [SEVERE ] setting player 4 freeze to 2589
[22:50:26.718] [SEVERE ] updating countdown to 54176
[22:50:26.719] [SEVERE ] setting player 4 freeze to 2562
[22:50:26.747] [SEVERE ] updating countdown to 54147
[22:50:26.750] [SEVERE ] setting player 4 freeze to 2531
[22:50:26.775] [SEVERE ] updating countdown to 54119
[22:50:26.777] [SEVERE ] setting player 4 freeze to 2504
[22:50:26.803] [SEVERE ] updating countdown to 54091
[22:50:26.805] [SEVERE ] setting player 4 freeze to 2476
[22:50:26.831] [SEVERE ] updating countdown to 54063
[22:50:26.832] [SEVERE ] setting player 4 freeze to 2449
[22:50:26.858] [SEVERE ] updating countdown to 54036
[22:50:26.859] [SEVERE ] setting player 4 freeze to 2422
[22:50:26.885] [SEVERE ] updating countdown to 54009
[22:50:26.886] [SEVERE ] setting player 4 freeze to 2395
[22:50:26.911] [SEVERE ] updating countdown to 53983
[22:50:26.913] [SEVERE ] setting player 4 freeze to 2368
[22:50:26.940] [SEVERE ] updating countdown to 53954
[22:50:26.942] [SEVERE ] setting player 4 freeze to 2339
[22:50:26.969] [SEVERE ] updating countdown to 53925
[22:50:26.970] [SEVERE ] setting player 4 freeze to 2311
[22:50:26.996] [SEVERE ] updating countdown to 53898
[22:50:26.997] [SEVERE ] setting player 4 freeze to 2284
[22:50:27.023] [SEVERE ] updating countdown to 53871
[22:50:27.023] [SEVERE ] setting player 4 freeze to 2258
[22:50:27.049] [SEVERE ] updating countdown to 53845
[22:50:27.050] [SEVERE ] setting player 4 freeze to 2231
[22:50:27.076] [SEVERE ] updating countdown to 53818
[22:50:27.081] [SEVERE ] setting player 4 freeze to 2200
[22:50:27.107] [SEVERE ] updating countdown to 53787
[22:50:27.109] [SEVERE ] setting player 4 freeze to 2172
[22:50:27.138] [SEVERE ] updating countdown to 53756
[22:50:27.139] [SEVERE ] setting player 4 freeze to 2143
[22:50:27.164] [SEVERE ] updating countdown to 53730
[22:50:27.165] [SEVERE ] setting player 4 freeze to 2116
[22:50:27.191] [SEVERE ] updating countdown to 53703
[22:50:27.192] [SEVERE ] setting player 4 freeze to 2089
[22:50:27.219] [SEVERE ] updating countdown to 53675
[22:50:27.220] [SEVERE ] setting player 4 freeze to 2061
[22:50:27.246] [SEVERE ] updating countdown to 53648
[22:50:27.248] [SEVERE ] setting player 4 freeze to 2033
[22:50:27.274] [SEVERE ] updating countdown to 53620
[22:50:27.275] [SEVERE ] setting player 4 freeze to 2006
[22:50:27.301] [SEVERE ] updating countdown to 53593
[22:50:27.302] [SEVERE ] setting player 4 freeze to 1979
[22:50:27.328] [SEVERE ] updating countdown to 53566
[22:50:27.333] [SEVERE ] setting player 4 freeze to 1948
[22:50:27.359] [SEVERE ] updating countdown to 53535
[22:50:27.360] [SEVERE ] setting player 4 freeze to 1921
[22:50:27.386] [SEVERE ] updating countdown to 53508
[22:50:27.387] [SEVERE ] setting player 4 freeze to 1894
[22:50:27.412] [SEVERE ] updating countdown to 53482
[22:50:27.413] [SEVERE ] setting player 4 freeze to 1868
[22:50:27.439] [SEVERE ] updating countdown to 53455
[22:50:27.441] [SEVERE ] setting player 4 freeze to 1840
[22:50:27.469] [SEVERE ] updating countdown to 53425
[22:50:27.470] [SEVERE ] setting player 4 freeze to 1811
[22:50:27.496] [SEVERE ] updating countdown to 53398
[22:50:27.497] [SEVERE ] setting player 4 freeze to 1784
[22:50:27.523] [SEVERE ] updating countdown to 53371
[22:50:27.525] [SEVERE ] setting player 4 freeze to 1756
[22:50:27.552] [SEVERE ] updating countdown to 53342
[22:50:27.553] [SEVERE ] setting player 4 freeze to 1728
[22:50:27.580] [SEVERE ] updating countdown to 53314
[22:50:27.583] [SEVERE ] setting player 4 freeze to 1698
[22:50:27.610] [SEVERE ] updating countdown to 53284
[22:50:27.611] [SEVERE ] setting player 4 freeze to 1670
[22:50:27.636] [SEVERE ] updating countdown to 53258
[22:50:27.637] [SEVERE ] setting player 4 freeze to 1644
[22:50:27.664] [SEVERE ] updating countdown to 53230
[22:50:27.664] [SEVERE ] setting player 4 freeze to 1617
[22:50:27.690] [SEVERE ] updating countdown to 53204
[22:50:27.691] [SEVERE ] setting player 4 freeze to 1590
[22:50:27.718] [SEVERE ] updating countdown to 53176
[22:50:27.718] [SEVERE ] setting player 4 freeze to 1563
[22:50:27.744] [SEVERE ] updating countdown to 53150
[22:50:27.745] [SEVERE ] setting player 4 freeze to 1536
[22:50:27.772] [SEVERE ] updating countdown to 53122
[22:50:27.776] [SEVERE ] setting player 4 freeze to 1505
[22:50:27.803] [SEVERE ] updating countdown to 53091
[22:50:27.804] [SEVERE ] setting player 4 freeze to 1477
[22:50:27.832] [SEVERE ] updating countdown to 53062
[22:50:27.834] [SEVERE ] setting player 4 freeze to 1447
[22:50:27.860] [SEVERE ] updating countdown to 53034
[22:50:27.861] [SEVERE ] setting player 4 freeze to 1420
[22:50:27.889] [SEVERE ] updating countdown to 53005
[22:50:27.890] [SEVERE ] setting player 4 freeze to 1391
[22:50:27.916] [SEVERE ] updating countdown to 52978
[22:50:27.917] [SEVERE ] setting player 4 freeze to 1364
[22:50:27.943] [SEVERE ] updating countdown to 52951
[22:50:27.944] [SEVERE ] setting player 4 freeze to 1337
[22:50:27.970] [SEVERE ] updating countdown to 52924
[22:50:27.971] [SEVERE ] setting player 4 freeze to 1310
[22:50:27.996] [SEVERE ] updating countdown to 52898
[22:50:27.997] [SEVERE ] setting player 4 freeze to 1284
[22:50:28.022] [SEVERE ] updating countdown to 52872
[22:50:28.023] [SEVERE ] setting player 4 freeze to 1258
[22:50:28.055] [SEVERE ] updating countdown to 52839
[22:50:28.055] [SEVERE ] setting player 4 freeze to 1226
[22:50:28.081] [SEVERE ] updating countdown to 52813
[22:50:28.081] [SEVERE ] setting player 4 freeze to 1200
[22:50:28.107] [SEVERE ] updating countdown to 52787
[22:50:28.107] [SEVERE ] setting player 4 freeze to 1174
[22:50:28.132] [SEVERE ] updating countdown to 52762
[22:50:28.133] [SEVERE ] setting player 4 freeze to 1148
[22:50:28.158] [SEVERE ] updating countdown to 52736
[22:50:28.159] [SEVERE ] setting player 4 freeze to 1122
[22:50:28.185] [SEVERE ] updating countdown to 52709
[22:50:28.185] [SEVERE ] setting player 4 freeze to 1096
[22:50:28.211] [SEVERE ] updating countdown to 52683
[22:50:28.212] [SEVERE ] setting player 4 freeze to 1069
[22:50:28.237] [SEVERE ] updating countdown to 52657
[22:50:28.238] [SEVERE ] setting player 4 freeze to 1043
[22:50:28.263] [SEVERE ] updating countdown to 52631
[22:50:28.264] [SEVERE ] setting player 4 freeze to 1017
[22:50:28.280] [SEVERE ] removing player 3 token from slot 1
[22:50:28.289] [SEVERE ] updating countdown to 52605
[22:50:28.289] [SEVERE ] setting player 4 freeze to 992
[22:50:28.315] [SEVERE ] updating countdown to 52579
[22:50:28.315] [SEVERE ] setting player 4 freeze to 966
[22:50:28.341] [SEVERE ] updating countdown to 52553
[22:50:28.342] [SEVERE ] setting player 4 freeze to 939
[22:50:28.367] [SEVERE ] updating countdown to 52527
[22:50:28.369] [SEVERE ] setting player 4 freeze to 912
[22:50:28.395] [SEVERE ] updating countdown to 52499
[22:50:28.395] [SEVERE ] setting player 4 freeze to 886
[22:50:28.420] [SEVERE ] updating countdown to 52474
[22:50:28.420] [SEVERE ] setting player 4 freeze to 861
[22:50:28.446] [SEVERE ] updating countdown to 52448
[22:50:28.447] [SEVERE ] setting player 4 freeze to 834
[22:50:28.472] [SEVERE ] updating countdown to 52422
[22:50:28.473] [SEVERE ] setting player 4 freeze to 808
[22:50:28.500] [SEVERE ] updating countdown to 52394
[22:50:28.500] [SEVERE ] setting player 4 freeze to 781
[22:50:28.526] [SEVERE ] updating countdown to 52368
[22:50:28.526] [SEVERE ] setting player 4 freeze to 755
[22:50:28.552] [SEVERE ] updating countdown to 52342
[22:50:28.552] [SEVERE ] setting player 4 freeze to 729
[22:50:28.577] [SEVERE ] updating countdown to 52317
[22:50:28.578] [SEVERE ] setting player 4 freeze to 703
[22:50:28.603] [SEVERE ] updating countdown to 52291
[22:50:28.604] [SEVERE ] setting player 4 freeze to 677
[22:50:28.629] [SEVERE ] updating countdown to 52265
[22:50:28.630] [SEVERE ] setting player 4 freeze to 651
[22:50:28.656] [SEVERE ] updating countdown to 52238
[22:50:28.657] [SEVERE ] setting player 4 freeze to 624
[22:50:28.683] [SEVERE ] updating countdown to 52211
[22:50:28.683] [SEVERE ] setting player 4 freeze to 598
[22:50:28.709] [SEVERE ] updating countdown to 52185
[22:50:28.710] [SEVERE ] setting player 4 freeze to 571
[22:50:28.736] [SEVERE ] updating countdown to 52158
[22:50:28.737] [SEVERE ] setting player 4 freeze to 544
[22:50:28.762] [SEVERE ] updating countdown to 52132
[22:50:28.763] [SEVERE ] setting player 4 freeze to 518
[22:50:28.780] [SEVERE ] player 3 placing token on slot 6
[22:50:28.782] [SEVERE ] updating countdown to 52112
[22:50:28.783] [SEVERE ] setting player 4 freeze to 498
[22:50:28.784] [SEVERE ] setting player 3 freeze to 3000
[22:50:28.809] [SEVERE ] updating countdown to 52085
[22:50:28.809] [SEVERE ] setting player 3 freeze to 2975
[22:50:28.810] [SEVERE ] setting player 4 freeze to 471
[22:50:28.835] [SEVERE ] updating countdown to 52059
[22:50:28.836] [SEVERE ] setting player 3 freeze to 2948
[22:50:28.836] [SEVERE ] setting player 4 freeze to 445
[22:50:28.862] [SEVERE ] updating countdown to 52032
[22:50:28.863] [SEVERE ] setting player 3 freeze to 2921
[22:50:28.864] [SEVERE ] setting player 4 freeze to 417
[22:50:28.891] [SEVERE ] updating countdown to 52003
[22:50:28.892] [SEVERE ] setting player 3 freeze to 2892
[22:50:28.893] [SEVERE ] setting player 4 freeze to 388
[22:50:28.919] [SEVERE ] updating countdown to 51975
[22:50:28.920] [SEVERE ] setting player 3 freeze to 2864
[22:50:28.923] [SEVERE ] setting player 4 freeze to 358
[22:50:28.949] [SEVERE ] updating countdown to 51945
[22:50:28.949] [SEVERE ] setting player 3 freeze to 2835
[22:50:28.949] [SEVERE ] setting player 4 freeze to 332
[22:50:28.975] [SEVERE ] updating countdown to 51919
[22:50:28.976] [SEVERE ] setting player 3 freeze to 2808
[22:50:28.977] [SEVERE ] setting player 4 freeze to 304
[22:50:29.003] [SEVERE ] updating countdown to 51891
[22:50:29.005] [SEVERE ] setting player 3 freeze to 2779
[22:50:29.005] [SEVERE ] setting player 4 freeze to 276
[22:50:29.031] [SEVERE ] updating countdown to 51863
[22:50:29.033] [SEVERE ] setting player 3 freeze to 2751
[22:50:29.034] [SEVERE ] setting player 4 freeze to 247
[22:50:29.061] [SEVERE ] updating countdown to 51833
[22:50:29.061] [SEVERE ] setting player 3 freeze to 2723
[22:50:29.061] [SEVERE ] setting player 4 freeze to 220
[22:50:29.087] [SEVERE ] updating countdown to 51807
[22:50:29.087] [SEVERE ] setting player 3 freeze to 2697
[22:50:29.088] [SEVERE ] setting player 4 freeze to 193
[22:50:29.114] [SEVERE ] updating countdown to 51780
[22:50:29.117] [SEVERE ] setting player 3 freeze to 2667
[22:50:29.123] [SEVERE ] setting player 4 freeze to 158
[22:50:29.151] [SEVERE ] updating countdown to 51743
[22:50:29.156] [SEVERE ] setting player 3 freeze to 2628
[22:50:29.157] [SEVERE ] setting player 4 freeze to 124
[22:50:29.186] [SEVERE ] updating countdown to 51708
[22:50:29.192] [SEVERE ] setting player 3 freeze to 2592
[22:50:29.194] [SEVERE ] setting player 4 freeze to 87
[22:50:29.220] [SEVERE ] updating countdown to 51674
[22:50:29.221] [SEVERE ] setting player 3 freeze to 2563
[22:50:29.222] [SEVERE ] setting player 4 freeze to 59
[22:50:29.248] [SEVERE ] updating countdown to 51646
[22:50:29.249] [SEVERE ] setting player 3 freeze to 2535
[22:50:29.249] [SEVERE ] setting player 4 freeze to 32
[22:50:29.274] [SEVERE ] updating countdown to 51620
[22:50:29.276] [SEVERE ] setting player 3 freeze to 2508
[22:50:29.277] [SEVERE ] setting player 4 freeze to 4
[22:50:29.303] [SEVERE ] updating countdown to 51591
[22:50:29.304] [SEVERE ] setting player 3 freeze to 2480
[22:50:29.306] [SEVERE ] setting player 4 freeze to -25
[22:50:29.307] [SEVERE ] setting player 4 freeze to 0
[22:50:29.334] [SEVERE ] updating countdown to 51560
[22:50:29.335] [SEVERE ] setting player 3 freeze to 2449
[22:50:29.361] [SEVERE ] updating countdown to 51533
[22:50:29.363] [SEVERE ] setting player 3 freeze to 2421
[22:50:29.389] [SEVERE ] updating countdown to 51505
[22:50:29.390] [SEVERE ] setting player 3 freeze to 2394
[22:50:29.416] [SEVERE ] updating countdown to 51478
[22:50:29.417] [SEVERE ] setting player 3 freeze to 2367
[22:50:29.444] [SEVERE ] updating countdown to 51450
[22:50:29.445] [SEVERE ] setting player 3 freeze to 2339
[22:50:29.471] [SEVERE ] updating countdown to 51423
[22:50:29.474] [SEVERE ] setting player 3 freeze to 2310
[22:50:29.502] [SEVERE ] updating countdown to 51392
[22:50:29.503] [SEVERE ] setting player 3 freeze to 2281
[22:50:29.528] [SEVERE ] updating countdown to 51366
[22:50:29.529] [SEVERE ] setting player 3 freeze to 2255
[22:50:29.556] [SEVERE ] updating countdown to 51338
[22:50:29.558] [SEVERE ] setting player 3 freeze to 2226
[22:50:29.585] [SEVERE ] updating countdown to 51309
[22:50:29.586] [SEVERE ] setting player 3 freeze to 2198
[22:50:29.611] [SEVERE ] updating countdown to 51283
[22:50:29.613] [SEVERE ] setting player 3 freeze to 2171
[22:50:29.639] [SEVERE ] updating countdown to 51255
[22:50:29.640] [SEVERE ] setting player 3 freeze to 2144
[22:50:29.667] [SEVERE ] updating countdown to 51227
[22:50:29.668] [SEVERE ] setting player 3 freeze to 2116
[22:50:29.694] [SEVERE ] updating countdown to 51200
[22:50:29.696] [SEVERE ] setting player 3 freeze to 2088
[22:50:29.722] [SEVERE ] updating countdown to 51172
[22:50:29.724] [SEVERE ] setting player 3 freeze to 2060
[22:50:29.751] [SEVERE ] updating countdown to 51143
[22:50:29.753] [SEVERE ] setting player 3 freeze to 2031
[22:50:29.779] [SEVERE ] updating countdown to 51115
[22:50:29.780] [SEVERE ] setting player 3 freeze to 2004
[22:50:29.805] [SEVERE ] updating countdown to 51089
[22:50:29.807] [SEVERE ] setting player 3 freeze to 1977
[22:50:29.833] [SEVERE ] updating countdown to 51061
[22:50:29.833] [SEVERE ] setting player 3 freeze to 1951
[22:50:29.859] [SEVERE ] updating countdown to 51035
[22:50:29.861] [SEVERE ] setting player 3 freeze to 1923
[22:50:29.888] [SEVERE ] updating countdown to 51006
[22:50:29.889] [SEVERE ] setting player 3 freeze to 1895
[22:50:29.916] [SEVERE ] updating countdown to 50978
[22:50:29.918] [SEVERE ] setting player 3 freeze to 1866
[22:50:29.947] [SEVERE ] updating countdown to 50947
[22:50:29.947] [SEVERE ] setting player 3 freeze to 1837
[22:50:29.973] [SEVERE ] updating countdown to 50921
[22:50:29.973] [SEVERE ] setting player 3 freeze to 1811
[22:50:29.999] [SEVERE ] updating countdown to 50895
[22:50:30.001] [SEVERE ] setting player 3 freeze to 1783
[22:50:30.027] [SEVERE ] updating countdown to 50867
[22:50:30.027] [SEVERE ] setting player 3 freeze to 1757
[22:50:30.053] [SEVERE ] updating countdown to 50841
[22:50:30.054] [SEVERE ] setting player 3 freeze to 1730
[22:50:30.080] [SEVERE ] updating countdown to 50814
[22:50:30.080] [SEVERE ] setting player 3 freeze to 1704
[22:50:30.106] [SEVERE ] updating countdown to 50788
[22:50:30.106] [SEVERE ] setting player 3 freeze to 1678
[22:50:30.132] [SEVERE ] updating countdown to 50762
[22:50:30.133] [SEVERE ] setting player 3 freeze to 1651
[22:50:30.167] [SEVERE ] updating countdown to 50727
[22:50:30.168] [SEVERE ] setting player 3 freeze to 1616
[22:50:30.195] [SEVERE ] updating countdown to 50699
[22:50:30.197] [SEVERE ] setting player 3 freeze to 1587
[22:50:30.224] [SEVERE ] updating countdown to 50670
[22:50:30.225] [SEVERE ] setting player 3 freeze to 1559
[22:50:30.250] [SEVERE ] updating countdown to 50644
[22:50:30.251] [SEVERE ] setting player 3 freeze to 1533
[22:50:30.276] [SEVERE ] updating countdown to 50618
[22:50:30.276] [SEVERE ] setting player 3 freeze to 1508
[22:50:30.302] [SEVERE ] updating countdown to 50592
[22:50:30.303] [SEVERE ] setting player 3 freeze to 1481
[22:50:30.329] [SEVERE ] updating countdown to 50565
[22:50:30.330] [SEVERE ] setting player 3 freeze to 1454
[22:50:30.356] [SEVERE ] updating countdown to 50538
[22:50:30.357] [SEVERE ] setting player 3 freeze to 1427
[22:50:30.383] [SEVERE ] updating countdown to 50511
[22:50:30.384] [SEVERE ] setting player 3 freeze to 1400
[22:50:30.410] [SEVERE ] updating countdown to 50484
[22:50:30.411] [SEVERE ] setting player 3 freeze to 1373
[22:50:30.437] [SEVERE ] updating countdown to 50457
[22:50:30.442] [SEVERE ] setting player 3 freeze to 1342
[22:50:30.468] [SEVERE ] updating countdown to 50426
[22:50:30.473] [SEVERE ] setting player 3 freeze to 1311
[22:50:30.498] [SEVERE ] updating countdown to 50396
[22:50:30.499] [SEVERE ] setting player 3 freeze to 1285
[22:50:30.525] [SEVERE ] updating countdown to 50369
[22:50:30.527] [SEVERE ] setting player 3 freeze to 1257
[22:50:30.554] [SEVERE ] updating countdown to 50340
[22:50:30.556] [SEVERE ] setting player 3 freeze to 1228
[22:50:30.582] [SEVERE ] updating countdown to 50312
[22:50:30.583] [SEVERE ] setting player 3 freeze to 1201
[22:50:30.611] [SEVERE ] updating countdown to 50283
[22:50:30.612] [SEVERE ] setting player 3 freeze to 1172
[22:50:30.638] [SEVERE ] updating countdown to 50256
[22:50:30.639] [SEVERE ] setting player 3 freeze to 1145
[22:50:30.666] [SEVERE ] updating countdown to 50228
[22:50:30.666] [SEVERE ] setting player 3 freeze to 1118
[22:50:30.692] [SEVERE ] updating countdown to 50202
[22:50:30.694] [SEVERE ] setting player 3 freeze to 1090
[22:50:30.721] [SEVERE ] updating countdown to 50173
[22:50:30.722] [SEVERE ] setting player 3 freeze to 1062
[22:50:30.747] [SEVERE ] updating countdown to 50147
[22:50:30.749] [SEVERE ] setting player 3 freeze to 1035
[22:50:30.775] [SEVERE ] updating countdown to 50119
[22:50:30.776] [SEVERE ] setting player 3 freeze to 1008
[22:50:30.802] [SEVERE ] updating countdown to 50093
[22:50:30.803] [SEVERE ] setting player 3 freeze to 981
[22:50:30.829] [SEVERE ] updating countdown to 50065
[22:50:30.829] [SEVERE ] setting player 3 freeze to 955
[22:50:30.854] [SEVERE ] updating countdown to 50040
[22:50:30.855] [SEVERE ] setting player 3 freeze to 929
[22:50:30.880] [SEVERE ] updating countdown to 50014
[22:50:30.881] [SEVERE ] setting player 3 freeze to 903
[22:50:30.907] [SEVERE ] updating countdown to 49987
[22:50:30.910] [SEVERE ] setting player 3 freeze to 874
[22:50:30.936] [SEVERE ] updating countdown to 49958
[22:50:30.936] [SEVERE ] setting player 3 freeze to 848
[22:50:30.962] [SEVERE ] updating countdown to 49932
[22:50:30.964] [SEVERE ] setting player 3 freeze to 820
[22:50:30.991] [SEVERE ] updating countdown to 49903
[22:50:30.991] [SEVERE ] setting player 3 freeze to 793
[22:50:31.017] [SEVERE ] updating countdown to 49877
[22:50:31.018] [SEVERE ] setting player 3 freeze to 766
[22:50:31.044] [SEVERE ] updating countdown to 49850
[22:50:31.045] [SEVERE ] setting player 3 freeze to 739
[22:50:31.074] [SEVERE ] updating countdown to 49820
[22:50:31.076] [SEVERE ] setting player 3 freeze to 708
[22:50:31.103] [SEVERE ] updating countdown to 49791
[22:50:31.106] [SEVERE ] setting player 3 freeze to 678
[22:50:31.132] [SEVERE ] updating countdown to 49762
[22:50:31.133] [SEVERE ] setting player 3 freeze to 651
[22:50:31.159] [SEVERE ] updating countdown to 49735
[22:50:31.161] [SEVERE ] setting player 3 freeze to 623
[22:50:31.187] [SEVERE ] updating countdown to 49707
[22:50:31.188] [SEVERE ] setting player 3 freeze to 596
[22:50:31.214] [SEVERE ] updating countdown to 49680
[22:50:31.216] [SEVERE ] setting player 3 freeze to 568
[22:50:31.243] [SEVERE ] updating countdown to 49651
[22:50:31.243] [SEVERE ] setting player 3 freeze to 541
[22:50:31.269] [SEVERE ] updating countdown to 49625
[22:50:31.272] [SEVERE ] setting player 3 freeze to 512
[22:50:31.281] [SEVERE ] removing player 4 token from slot 7
[22:50:31.301] [SEVERE ] updating countdown to 49593
[22:50:31.302] [SEVERE ] setting player 3 freeze to 482
[22:50:31.328] [SEVERE ] updating countdown to 49566
[22:50:31.329] [SEVERE ] setting player 3 freeze to 455
[22:50:31.355] [SEVERE ] updating countdown to 49539
[22:50:31.356] [SEVERE ] setting player 3 freeze to 428
[22:50:31.382] [SEVERE ] updating countdown to 49512
[22:50:31.384] [SEVERE ] setting player 3 freeze to 400
[22:50:31.410] [SEVERE ] updating countdown to 49484
[22:50:31.413] [SEVERE ] setting player 3 freeze to 371
[22:50:31.440] [SEVERE ] updating countdown to 49454
[22:50:31.440] [SEVERE ] setting player 3 freeze to 344
[22:50:31.466] [SEVERE ] updating countdown to 49428
[22:50:31.467] [SEVERE ] setting player 3 freeze to 317
[22:50:31.481] [SEVERE ] exit button pressed
[22:50:31.481] [INFO   ] thread Thread-2 terminated.
[22:50:31.482] [INFO   ] thread Thread-1 terminated.
[22:50:31.493] [SEVERE ] updating countdown to 49401
[22:50:31.494] [SEVERE ] setting player 3 freeze to 291
[22:50:31.594] [SEVERE ] removing player 4 token from slot 0
[22:50:31.595] [SEVERE ] removing card from slot 0
[22:50:31.695] [SEVERE ] removing card from slot 1
[22:50:31.781] [INFO   ] thread computer-2 terminated.
[22:50:31.781] [INFO   ] thread computer-3 terminated.
[22:50:31.782] [INFO   ] thread Thread-3 terminated.
[22:50:31.784] [INFO   ] thread Thread-4 terminated.
[22:50:31.795] [SEVERE ] removing player 3 token from slot 2
[22:50:31.796] [SEVERE ] removing card from slot 2
[22:50:31.896] [SEVERE ] removing card from slot 3
[22:50:31.997] [SEVERE ] removing card from slot 4
[22:50:32.097] [SEVERE ] removing player 4 token from slot 5
[22:50:32.098] [SEVERE ] removing card from slot 5
[22:50:32.198] [SEVERE ] removing player 3 token from slot 6
[22:50:32.198] [SEVERE ] removing card from slot 6
[22:50:32.299] [SEVERE ] removing card from slot 7
[22:50:32.400] [SEVERE ] removing card from slot 8
[22:50:32.501] [SEVERE ] removing card from slot 9
[22:50:32.602] [SEVERE ] removing card from slot 10
[22:50:32.703] [SEVERE ] removing player 3 token from slot 11
[22:50:32.704] [SEVERE ] removing card from slot 11
[22:50:32.704] [SEVERE ] announcing winner(s): player 1, player 2, player 3, player 4
[22:50:32.706] [INFO   ] thread dealer terminated.
[22:50:32.706] [INFO   ] thread dealer terminated.
[22:50:32.707] [SEVERE ] thanks for playing... it was fun!
[22:50:32.707] [INFO   ] thread bguspl.set.Main.main() terminated.
