[22:33:50.789] [INFO   ] thread bguspl.set.Main.main() starting.
[22:33:50.797] [SEVERE ] cannot read configuration file config.properties trying from resources.
[22:33:50.802] [SEVERE ] configuration file was loaded from resources directory.
[22:33:51.632] [INFO   ] thread dealer starting.
[22:33:51.633] [INFO   ] thread dealer starting.
[22:33:51.634] [INFO   ] thread Thread-1 starting.
[22:33:51.634] [INFO   ] thread Thread-2 starting.
[22:33:51.738] [SEVERE ] placing card 13 in slot 0
[22:33:51.838] [SEVERE ] placing card 14 in slot 1
[22:33:51.939] [SEVERE ] placing card 79 in slot 2
[22:33:52.040] [SEVERE ] placing card 66 in slot 3
[22:33:52.141] [SEVERE ] placing card 41 in slot 4
[22:33:52.243] [SEVERE ] placing card 27 in slot 5
[22:33:52.344] [SEVERE ] placing card 58 in slot 6
[22:33:52.445] [SEVERE ] placing card 44 in slot 7
[22:33:52.546] [SEVERE ] placing card 71 in slot 8
[22:33:52.647] [SEVERE ] placing card 24 in slot 9
[22:33:52.749] [SEVERE ] placing card 29 in slot 10
[22:33:52.851] [SEVERE ] placing card 16 in slot 11
[22:33:52.853] [SEVERE ] updating countdown to 60000
[22:33:52.882] [SEVERE ] updating countdown to 59972
[22:33:52.907] [SEVERE ] updating countdown to 59946
[22:33:52.933] [SEVERE ] updating countdown to 59920
[22:33:52.969] [SEVERE ] updating countdown to 59884
[22:33:52.995] [SEVERE ] updating countdown to 59858
[22:33:53.035] [SEVERE ] updating countdown to 59818
[22:33:53.062] [SEVERE ] updating countdown to 59791
[22:33:53.091] [SEVERE ] updating countdown to 59762
[22:33:53.119] [SEVERE ] updating countdown to 59734
[22:33:53.147] [SEVERE ] updating countdown to 59707
[22:33:53.174] [SEVERE ] updating countdown to 59679
[22:33:53.200] [SEVERE ] updating countdown to 59653
[22:33:53.227] [SEVERE ] updating countdown to 59626
[22:33:53.254] [SEVERE ] updating countdown to 59599
[22:33:53.287] [SEVERE ] updating countdown to 59566
[22:33:53.313] [SEVERE ] updating countdown to 59540
[22:33:53.339] [SEVERE ] updating countdown to 59514
[22:33:53.367] [SEVERE ] updating countdown to 59486
[22:33:53.394] [SEVERE ] updating countdown to 59459
[22:33:53.422] [SEVERE ] updating countdown to 59431
[22:33:53.450] [SEVERE ] updating countdown to 59403
[22:33:53.476] [SEVERE ] updating countdown to 59377
[22:33:53.503] [SEVERE ] updating countdown to 59350
[22:33:53.530] [SEVERE ] updating countdown to 59323
[22:33:53.557] [SEVERE ] updating countdown to 59296
[22:33:53.584] [SEVERE ] updating countdown to 59269
[22:33:53.612] [SEVERE ] updating countdown to 59241
[22:33:53.638] [SEVERE ] updating countdown to 59215
[22:33:53.665] [SEVERE ] updating countdown to 59188
[22:33:53.691] [SEVERE ] updating countdown to 59162
[22:33:53.718] [SEVERE ] updating countdown to 59135
[22:33:53.746] [SEVERE ] updating countdown to 59107
[22:33:53.772] [SEVERE ] updating countdown to 59081
[22:33:53.799] [SEVERE ] updating countdown to 59054
[22:33:53.826] [SEVERE ] updating countdown to 59027
[22:33:53.852] [SEVERE ] updating countdown to 59001
[22:33:53.878] [SEVERE ] updating countdown to 58975
[22:33:53.905] [SEVERE ] updating countdown to 58948
[22:33:53.933] [SEVERE ] updating countdown to 58920
[22:33:53.959] [SEVERE ] updating countdown to 58894
[22:33:53.986] [SEVERE ] updating countdown to 58867
[22:33:54.013] [SEVERE ] updating countdown to 58840
[22:33:54.041] [SEVERE ] updating countdown to 58812
[22:33:54.068] [SEVERE ] updating countdown to 58785
[22:33:54.094] [SEVERE ] updating countdown to 58759
[22:33:54.121] [SEVERE ] updating countdown to 58732
[22:33:54.147] [SEVERE ] updating countdown to 58706
[22:33:54.172] [SEVERE ] updating countdown to 58681
[22:33:54.198] [SEVERE ] updating countdown to 58655
[22:33:54.223] [SEVERE ] updating countdown to 58630
[22:33:54.249] [SEVERE ] updating countdown to 58604
[22:33:54.276] [SEVERE ] updating countdown to 58578
[22:33:54.302] [SEVERE ] updating countdown to 58551
[22:33:54.329] [SEVERE ] updating countdown to 58524
[22:33:54.357] [SEVERE ] updating countdown to 58496
[22:33:54.384] [SEVERE ] updating countdown to 58470
[22:33:54.409] [SEVERE ] updating countdown to 58444
[22:33:54.435] [SEVERE ] updating countdown to 58418
[22:33:54.461] [SEVERE ] updating countdown to 58392
[22:33:54.487] [SEVERE ] updating countdown to 58366
[22:33:54.512] [SEVERE ] updating countdown to 58341
[22:33:54.538] [SEVERE ] updating countdown to 58315
[22:33:54.565] [SEVERE ] updating countdown to 58288
[22:33:54.592] [SEVERE ] updating countdown to 58262
[22:33:54.619] [SEVERE ] updating countdown to 58234
[22:33:54.647] [SEVERE ] updating countdown to 58206
[22:33:54.673] [SEVERE ] updating countdown to 58180
[22:33:54.700] [SEVERE ] updating countdown to 58153
[22:33:54.726] [SEVERE ] updating countdown to 58127
[22:33:54.752] [SEVERE ] updating countdown to 58101
[22:33:54.779] [SEVERE ] updating countdown to 58074
[22:33:54.807] [SEVERE ] updating countdown to 58046
[22:33:54.834] [SEVERE ] updating countdown to 58019
[22:33:54.860] [SEVERE ] updating countdown to 57993
[22:33:54.887] [SEVERE ] updating countdown to 57966
[22:33:54.912] [SEVERE ] updating countdown to 57941
[22:33:54.938] [SEVERE ] updating countdown to 57915
[22:33:54.965] [SEVERE ] updating countdown to 57888
[22:33:54.991] [SEVERE ] updating countdown to 57862
[22:33:55.018] [SEVERE ] updating countdown to 57835
[22:33:55.043] [SEVERE ] updating countdown to 57810
[22:33:55.069] [SEVERE ] updating countdown to 57784
[22:33:55.095] [SEVERE ] updating countdown to 57758
[22:33:55.121] [SEVERE ] updating countdown to 57732
[22:33:55.149] [SEVERE ] updating countdown to 57704
[22:33:55.175] [SEVERE ] updating countdown to 57678
[22:33:55.207] [SEVERE ] updating countdown to 57646
[22:33:55.233] [SEVERE ] updating countdown to 57620
[22:33:55.260] [SEVERE ] updating countdown to 57593
[22:33:55.286] [SEVERE ] updating countdown to 57567
[22:33:55.312] [SEVERE ] updating countdown to 57541
[22:33:55.340] [SEVERE ] updating countdown to 57513
[22:33:55.366] [SEVERE ] updating countdown to 57487
[22:33:55.393] [SEVERE ] updating countdown to 57460
[22:33:55.420] [SEVERE ] updating countdown to 57433
[22:33:55.446] [SEVERE ] updating countdown to 57407
[22:33:55.475] [SEVERE ] updating countdown to 57378
[22:33:55.501] [SEVERE ] updating countdown to 57352
[22:33:55.529] [SEVERE ] updating countdown to 57325
[22:33:55.555] [SEVERE ] updating countdown to 57298
[22:33:55.582] [SEVERE ] updating countdown to 57271
[22:33:55.608] [SEVERE ] updating countdown to 57245
[22:33:55.634] [SEVERE ] updating countdown to 57219
[22:33:55.662] [SEVERE ] updating countdown to 57191
[22:33:55.689] [SEVERE ] updating countdown to 57164
[22:33:55.716] [SEVERE ] updating countdown to 57137
[22:33:55.743] [SEVERE ] updating countdown to 57110
[22:33:55.770] [SEVERE ] updating countdown to 57083
[22:33:55.797] [SEVERE ] updating countdown to 57056
[22:33:55.825] [SEVERE ] updating countdown to 57028
[22:33:55.853] [SEVERE ] updating countdown to 57000
[22:33:55.879] [SEVERE ] updating countdown to 56974
[22:33:55.906] [SEVERE ] updating countdown to 56947
[22:33:55.932] [SEVERE ] updating countdown to 56921
[22:33:55.958] [SEVERE ] updating countdown to 56895
[22:33:55.984] [SEVERE ] updating countdown to 56869
[22:33:56.011] [SEVERE ] updating countdown to 56842
[22:33:56.038] [SEVERE ] updating countdown to 56815
[22:33:56.065] [SEVERE ] updating countdown to 56788
[22:33:56.091] [SEVERE ] updating countdown to 56762
[22:33:56.118] [SEVERE ] updating countdown to 56735
[22:33:56.144] [SEVERE ] updating countdown to 56709
[22:33:56.171] [SEVERE ] updating countdown to 56682
[22:33:56.197] [SEVERE ] updating countdown to 56656
[22:33:56.224] [SEVERE ] updating countdown to 56629
[22:33:56.251] [SEVERE ] updating countdown to 56602
[22:33:56.278] [SEVERE ] updating countdown to 56575
[22:33:56.303] [SEVERE ] updating countdown to 56550
[22:33:56.329] [SEVERE ] updating countdown to 56524
[22:33:56.355] [SEVERE ] updating countdown to 56498
[22:33:56.381] [SEVERE ] updating countdown to 56472
[22:33:56.408] [SEVERE ] updating countdown to 56445
[22:33:56.435] [SEVERE ] updating countdown to 56418
[22:33:56.460] [SEVERE ] updating countdown to 56393
[22:33:56.487] [SEVERE ] updating countdown to 56367
[22:33:56.512] [SEVERE ] updating countdown to 56341
[22:33:56.538] [SEVERE ] updating countdown to 56315
[22:33:56.565] [SEVERE ] updating countdown to 56288
[22:33:56.591] [SEVERE ] updating countdown to 56262
[22:33:56.619] [SEVERE ] updating countdown to 56234
[22:33:56.645] [SEVERE ] updating countdown to 56208
[22:33:56.672] [SEVERE ] updating countdown to 56181
[22:33:56.699] [SEVERE ] updating countdown to 56154
[22:33:56.726] [SEVERE ] updating countdown to 56127
[22:33:56.753] [SEVERE ] updating countdown to 56100
[22:33:56.780] [SEVERE ] updating countdown to 56073
[22:33:56.806] [SEVERE ] updating countdown to 56047
[22:33:56.832] [SEVERE ] updating countdown to 56021
[22:33:56.857] [SEVERE ] updating countdown to 55996
[22:33:56.883] [SEVERE ] updating countdown to 55970
[22:33:56.908] [SEVERE ] updating countdown to 55945
[22:33:56.934] [SEVERE ] updating countdown to 55919
[22:33:56.960] [SEVERE ] updating countdown to 55893
[22:33:56.985] [SEVERE ] updating countdown to 55868
[22:33:57.011] [SEVERE ] updating countdown to 55842
[22:33:57.037] [SEVERE ] updating countdown to 55816
[22:33:57.063] [SEVERE ] updating countdown to 55790
[22:33:57.089] [SEVERE ] updating countdown to 55764
[22:33:57.114] [SEVERE ] updating countdown to 55739
[22:33:57.140] [SEVERE ] updating countdown to 55713
[22:33:57.165] [SEVERE ] updating countdown to 55688
[22:33:57.191] [SEVERE ] updating countdown to 55662
[22:33:57.216] [SEVERE ] updating countdown to 55637
[22:33:57.242] [SEVERE ] updating countdown to 55611
[22:33:57.268] [SEVERE ] updating countdown to 55585
[22:33:57.294] [SEVERE ] updating countdown to 55559
[22:33:57.329] [SEVERE ] updating countdown to 55524
[22:33:57.354] [SEVERE ] updating countdown to 55499
[22:33:57.380] [SEVERE ] updating countdown to 55473
[22:33:57.406] [SEVERE ] updating countdown to 55447
[22:33:57.433] [SEVERE ] updating countdown to 55420
[22:33:57.458] [SEVERE ] updating countdown to 55395
[22:33:57.484] [SEVERE ] updating countdown to 55369
[22:33:57.510] [SEVERE ] updating countdown to 55343
[22:33:57.536] [SEVERE ] updating countdown to 55317
[22:33:57.562] [SEVERE ] updating countdown to 55291
[22:33:57.588] [SEVERE ] updating countdown to 55265
[22:33:57.614] [SEVERE ] updating countdown to 55239
[22:33:57.640] [SEVERE ] updating countdown to 55213
[22:33:57.665] [SEVERE ] updating countdown to 55188
[22:33:57.691] [SEVERE ] updating countdown to 55162
[22:33:57.718] [SEVERE ] updating countdown to 55135
[22:33:57.745] [SEVERE ] updating countdown to 55108
[22:33:57.771] [SEVERE ] updating countdown to 55082
[22:33:57.797] [SEVERE ] updating countdown to 55057
[22:33:57.824] [SEVERE ] updating countdown to 55029
[22:33:57.850] [SEVERE ] updating countdown to 55003
[22:33:57.880] [SEVERE ] updating countdown to 54974
[22:33:57.906] [SEVERE ] updating countdown to 54947
[22:33:57.932] [SEVERE ] updating countdown to 54921
[22:33:57.959] [SEVERE ] updating countdown to 54894
[22:33:57.984] [SEVERE ] updating countdown to 54869
[22:33:58.006] [SEVERE ] exit button pressed
[22:33:58.007] [INFO   ] thread Thread-2 terminated.
[22:33:58.007] [INFO   ] thread Thread-1 terminated.
[22:33:58.011] [SEVERE ] updating countdown to 54842
[22:33:58.112] [SEVERE ] removing card from slot 0
[22:33:58.214] [SEVERE ] removing card from slot 1
[22:33:58.314] [SEVERE ] removing card from slot 2
[22:33:58.417] [SEVERE ] removing card from slot 3
[22:33:58.518] [SEVERE ] removing card from slot 4
[22:33:58.619] [SEVERE ] removing card from slot 5
[22:33:58.720] [SEVERE ] removing card from slot 6
[22:33:58.822] [SEVERE ] removing card from slot 7
[22:33:58.923] [SEVERE ] removing card from slot 8
[22:33:59.023] [SEVERE ] removing card from slot 9
[22:33:59.125] [SEVERE ] removing card from slot 10
[22:33:59.226] [SEVERE ] removing card from slot 11
[22:33:59.227] [SEVERE ] announcing winner(s): player 1, player 2
[22:33:59.228] [INFO   ] thread dealer terminated.
[22:33:59.229] [INFO   ] thread dealer terminated.
[22:33:59.229] [SEVERE ] thanks for playing... it was fun!
[22:33:59.230] [INFO   ] thread bguspl.set.Main.main() terminated.
