[22:34:10.996] [INFO   ] thread bguspl.set.Main.main() starting.
[22:34:11.005] [SEVERE ] cannot read configuration file config.properties trying from resources.
[22:34:11.010] [SEVERE ] configuration file was loaded from resources directory.
[22:34:11.867] [INFO   ] thread dealer starting.
[22:34:11.868] [INFO   ] thread dealer starting.
[22:34:11.869] [INFO   ] thread Thread-1 starting.
[22:34:11.869] [INFO   ] thread Thread-2 starting.
[22:34:11.973] [SEVERE ] placing card 77 in slot 0
[22:34:12.075] [SEVERE ] placing card 14 in slot 1
[22:34:12.176] [SEVERE ] placing card 46 in slot 2
[22:34:12.279] [SEVERE ] placing card 1 in slot 3
[22:34:12.381] [SEVERE ] placing card 74 in slot 4
[22:34:12.483] [SEVERE ] placing card 29 in slot 5
[22:34:12.585] [SEVERE ] placing card 19 in slot 6
[22:34:12.687] [SEVERE ] placing card 58 in slot 7
[22:34:12.788] [SEVERE ] placing card 36 in slot 8
[22:34:12.892] [SEVERE ] placing card 21 in slot 9
[22:34:12.992] [SEVERE ] placing card 49 in slot 10
[22:34:13.093] [SEVERE ] placing card 38 in slot 11
[22:34:13.094] [SEVERE ] updating countdown to 60000
[22:34:13.120] [SEVERE ] updating countdown to 59974
[22:34:13.146] [SEVERE ] updating countdown to 59948
[22:34:13.172] [SEVERE ] updating countdown to 59922
[22:34:13.198] [SEVERE ] updating countdown to 59896
[22:34:13.224] [SEVERE ] updating countdown to 59870
[22:34:13.250] [SEVERE ] updating countdown to 59844
[22:34:13.276] [SEVERE ] updating countdown to 59818
[22:34:13.302] [SEVERE ] updating countdown to 59792
[22:34:13.328] [SEVERE ] updating countdown to 59766
[22:34:13.354] [SEVERE ] updating countdown to 59740
[22:34:13.382] [SEVERE ] updating countdown to 59712
[22:34:13.409] [SEVERE ] updating countdown to 59685
[22:34:13.435] [SEVERE ] updating countdown to 59659
[22:34:13.462] [SEVERE ] updating countdown to 59632
[22:34:13.489] [SEVERE ] updating countdown to 59605
[22:34:13.516] [SEVERE ] updating countdown to 59578
[22:34:13.542] [SEVERE ] updating countdown to 59552
[22:34:13.569] [SEVERE ] updating countdown to 59525
[22:34:13.594] [SEVERE ] updating countdown to 59500
[22:34:13.621] [SEVERE ] updating countdown to 59473
[22:34:13.647] [SEVERE ] updating countdown to 59447
[22:34:13.673] [SEVERE ] updating countdown to 59421
[22:34:13.699] [SEVERE ] updating countdown to 59395
[22:34:13.724] [SEVERE ] updating countdown to 59370
[22:34:13.750] [SEVERE ] updating countdown to 59344
[22:34:13.777] [SEVERE ] updating countdown to 59317
[22:34:13.804] [SEVERE ] updating countdown to 59290
[22:34:13.831] [SEVERE ] updating countdown to 59263
[22:34:13.857] [SEVERE ] updating countdown to 59237
[22:34:13.887] [SEVERE ] updating countdown to 59207
[22:34:13.915] [SEVERE ] updating countdown to 59179
[22:34:13.940] [SEVERE ] updating countdown to 59154
[22:34:13.966] [SEVERE ] updating countdown to 59128
[22:34:13.992] [SEVERE ] updating countdown to 59102
[22:34:14.018] [SEVERE ] updating countdown to 59077
[22:34:14.043] [SEVERE ] updating countdown to 59051
[22:34:14.070] [SEVERE ] updating countdown to 59024
[22:34:14.096] [SEVERE ] updating countdown to 58998
[22:34:14.122] [SEVERE ] updating countdown to 58972
[22:34:14.148] [SEVERE ] updating countdown to 58946
[22:34:14.174] [SEVERE ] updating countdown to 58920
[22:34:14.199] [SEVERE ] updating countdown to 58895
[22:34:14.225] [SEVERE ] updating countdown to 58869
[22:34:14.251] [SEVERE ] updating countdown to 58843
[22:34:14.277] [SEVERE ] updating countdown to 58817
[22:34:14.302] [SEVERE ] updating countdown to 58792
[22:34:14.328] [SEVERE ] updating countdown to 58766
[22:34:14.353] [SEVERE ] updating countdown to 58741
[22:34:14.379] [SEVERE ] updating countdown to 58715
[22:34:14.405] [SEVERE ] updating countdown to 58689
[22:34:14.431] [SEVERE ] updating countdown to 58663
[22:34:14.457] [SEVERE ] updating countdown to 58637
[22:34:14.483] [SEVERE ] updating countdown to 58611
[22:34:14.509] [SEVERE ] updating countdown to 58585
[22:34:14.535] [SEVERE ] updating countdown to 58559
[22:34:14.560] [SEVERE ] updating countdown to 58534
[22:34:14.586] [SEVERE ] updating countdown to 58508
[22:34:14.611] [SEVERE ] updating countdown to 58483
[22:34:14.637] [SEVERE ] updating countdown to 58457
[22:34:14.663] [SEVERE ] updating countdown to 58431
[22:34:14.688] [SEVERE ] updating countdown to 58406
[22:34:14.715] [SEVERE ] updating countdown to 58379
[22:34:14.741] [SEVERE ] updating countdown to 58353
[22:34:14.767] [SEVERE ] updating countdown to 58327
[22:34:14.793] [SEVERE ] updating countdown to 58301
[22:34:14.819] [SEVERE ] updating countdown to 58275
[22:34:14.845] [SEVERE ] updating countdown to 58249
[22:34:14.873] [SEVERE ] updating countdown to 58221
[22:34:14.899] [SEVERE ] updating countdown to 58195
[22:34:14.926] [SEVERE ] updating countdown to 58168
[22:34:14.952] [SEVERE ] updating countdown to 58142
[22:34:14.966] [SEVERE ] exit button pressed
[22:34:14.967] [INFO   ] thread Thread-2 terminated.
[22:34:14.967] [INFO   ] thread Thread-1 terminated.
[22:34:14.979] [SEVERE ] updating countdown to 58115
[22:34:15.080] [SEVERE ] removing card from slot 0
[22:34:15.180] [SEVERE ] removing card from slot 1
[22:34:15.281] [SEVERE ] removing card from slot 2
[22:34:15.382] [SEVERE ] removing card from slot 3
[22:34:15.483] [SEVERE ] removing card from slot 4
[22:34:15.584] [SEVERE ] removing card from slot 5
[22:34:15.684] [SEVERE ] removing card from slot 6
[22:34:15.785] [SEVERE ] removing card from slot 7
[22:34:15.886] [SEVERE ] removing card from slot 8
[22:34:15.987] [SEVERE ] removing card from slot 9
[22:34:16.089] [SEVERE ] removing card from slot 10
[22:34:16.190] [SEVERE ] removing card from slot 11
[22:34:16.192] [SEVERE ] announcing winner(s): player 1, player 2
[22:34:16.199] [INFO   ] thread dealer terminated.
[22:34:16.199] [INFO   ] thread dealer terminated.
[22:34:16.204] [SEVERE ] thanks for playing... it was fun!
[22:34:16.206] [INFO   ] thread bguspl.set.Main.main() terminated.
