[22:21:14.421] [INFO   ] thread bguspl.set.Main.main() starting.
[22:21:14.427] [SEVERE ] cannot read configuration file config.properties trying from resources.
[22:21:14.431] [SEVERE ] configuration file was loaded from resources directory.
[22:21:15.212] [INFO   ] thread dealer starting.
[22:21:15.213] [INFO   ] thread dealer starting.
[22:21:15.215] [INFO   ] thread Thread-1 starting.
[22:21:15.215] [INFO   ] thread Thread-3 starting.
[22:21:15.215] [INFO   ] thread Thread-2 starting.
[22:21:15.217] [INFO   ] thread computer-2 starting.
[22:21:15.215] [INFO   ] thread Thread-4 starting.
[22:21:15.220] [INFO   ] thread computer-3 starting.
[22:21:15.321] [SEVERE ] placing card 48 in slot 0
[22:21:15.423] [SEVERE ] placing card 10 in slot 1
[22:21:15.524] [SEVERE ] placing card 60 in slot 2
[22:21:15.625] [SEVERE ] placing card 16 in slot 3
[22:21:15.726] [SEVERE ] placing card 27 in slot 4
[22:21:15.827] [SEVERE ] placing card 70 in slot 5
[22:21:15.929] [SEVERE ] placing card 52 in slot 6
[22:21:16.030] [SEVERE ] placing card 35 in slot 7
[22:21:16.139] [SEVERE ] placing card 5 in slot 8
[22:21:16.240] [SEVERE ] placing card 23 in slot 9
[22:21:16.340] [SEVERE ] placing card 4 in slot 10
[22:21:16.442] [SEVERE ] placing card 45 in slot 11
[22:21:16.443] [SEVERE ] updating countdown to 60000
[22:21:16.470] [SEVERE ] updating countdown to 59974
[22:21:16.495] [SEVERE ] updating countdown to 59948
[22:21:16.521] [SEVERE ] updating countdown to 59922
[22:21:16.548] [SEVERE ] updating countdown to 59895
[22:21:16.574] [SEVERE ] updating countdown to 59869
[22:21:16.602] [SEVERE ] updating countdown to 59842
[22:21:16.628] [SEVERE ] updating countdown to 59815
[22:21:16.655] [SEVERE ] updating countdown to 59788
[22:21:16.682] [SEVERE ] updating countdown to 59761
[22:21:16.708] [SEVERE ] updating countdown to 59735
[22:21:16.736] [SEVERE ] updating countdown to 59707
[22:21:16.765] [SEVERE ] updating countdown to 59678
[22:21:16.793] [SEVERE ] updating countdown to 59650
[22:21:16.821] [SEVERE ] updating countdown to 59622
[22:21:16.822] [SEVERE ] player 3 placing token on slot 2
[22:21:16.822] [SEVERE ] player 4 placing token on slot 0
[22:21:16.848] [SEVERE ] updating countdown to 59595
[22:21:16.874] [SEVERE ] updating countdown to 59569
[22:21:16.900] [SEVERE ] updating countdown to 59543
[22:21:16.927] [SEVERE ] updating countdown to 59517
[22:21:16.953] [SEVERE ] updating countdown to 59490
[22:21:16.979] [SEVERE ] updating countdown to 59464
[22:21:17.007] [SEVERE ] updating countdown to 59436
[22:21:17.033] [SEVERE ] updating countdown to 59410
[22:21:17.060] [SEVERE ] updating countdown to 59383
[22:21:17.086] [SEVERE ] updating countdown to 59357
[22:21:17.113] [SEVERE ] updating countdown to 59330
[22:21:17.139] [SEVERE ] updating countdown to 59304
[22:21:17.165] [SEVERE ] updating countdown to 59278
[22:21:17.191] [SEVERE ] updating countdown to 59252
[22:21:17.216] [SEVERE ] updating countdown to 59227
[22:21:17.242] [SEVERE ] updating countdown to 59201
[22:21:17.270] [SEVERE ] updating countdown to 59173
[22:21:17.296] [SEVERE ] updating countdown to 59147
[22:21:17.322] [SEVERE ] player 3 placing token on slot 7
[22:21:17.322] [SEVERE ] player 4 placing token on slot 5
[22:21:17.324] [SEVERE ] updating countdown to 59119
[22:21:17.350] [SEVERE ] updating countdown to 59093
[22:21:17.376] [SEVERE ] updating countdown to 59067
[22:21:17.402] [SEVERE ] updating countdown to 59041
[22:21:17.429] [SEVERE ] updating countdown to 59014
[22:21:17.456] [SEVERE ] updating countdown to 58987
[22:21:17.482] [SEVERE ] updating countdown to 58961
[22:21:17.508] [SEVERE ] updating countdown to 58935
[22:21:17.534] [SEVERE ] updating countdown to 58909
[22:21:17.561] [SEVERE ] updating countdown to 58882
[22:21:17.588] [SEVERE ] updating countdown to 58855
[22:21:17.615] [SEVERE ] updating countdown to 58828
[22:21:17.643] [SEVERE ] updating countdown to 58800
[22:21:17.669] [SEVERE ] updating countdown to 58774
[22:21:17.695] [SEVERE ] updating countdown to 58748
[22:21:17.721] [SEVERE ] updating countdown to 58722
[22:21:17.747] [SEVERE ] updating countdown to 58696
[22:21:17.773] [SEVERE ] updating countdown to 58670
[22:21:17.799] [SEVERE ] updating countdown to 58644
[22:21:17.823] [SEVERE ] player 4 placing token on slot 6
[22:21:17.823] [SEVERE ] player 3 placing token on slot 6
[22:21:17.824] [SEVERE ] updating countdown to 58619
[22:21:17.826] [SEVERE ] setting player 4 freeze to 3000
[22:21:17.826] [SEVERE ] setting player 3 freeze to 3000
[22:21:17.851] [SEVERE ] updating countdown to 58592
[22:21:17.851] [SEVERE ] setting player 3 freeze to 2975
[22:21:17.852] [SEVERE ] setting player 4 freeze to 2974
[22:21:17.877] [SEVERE ] updating countdown to 58566
[22:21:17.878] [SEVERE ] setting player 3 freeze to 2948
[22:21:17.878] [SEVERE ] setting player 4 freeze to 2948
[22:21:17.904] [SEVERE ] updating countdown to 58539
[22:21:17.904] [SEVERE ] setting player 3 freeze to 2922
[22:21:17.905] [SEVERE ] setting player 4 freeze to 2921
[22:21:17.930] [SEVERE ] updating countdown to 58513
[22:21:17.931] [SEVERE ] setting player 3 freeze to 2895
[22:21:17.931] [SEVERE ] setting player 4 freeze to 2895
[22:21:17.956] [SEVERE ] updating countdown to 58487
[22:21:17.957] [SEVERE ] setting player 3 freeze to 2869
[22:21:17.957] [SEVERE ] setting player 4 freeze to 2869
[22:21:17.982] [SEVERE ] updating countdown to 58461
[22:21:17.983] [SEVERE ] setting player 3 freeze to 2843
[22:21:17.983] [SEVERE ] setting player 4 freeze to 2843
[22:21:18.009] [SEVERE ] updating countdown to 58434
[22:21:18.010] [SEVERE ] setting player 3 freeze to 2816
[22:21:18.012] [SEVERE ] setting player 4 freeze to 2814
[22:21:18.037] [SEVERE ] updating countdown to 58406
[22:21:18.038] [SEVERE ] setting player 3 freeze to 2788
[22:21:18.038] [SEVERE ] setting player 4 freeze to 2788
[22:21:18.064] [SEVERE ] updating countdown to 58379
[22:21:18.070] [SEVERE ] setting player 3 freeze to 2756
[22:21:18.072] [SEVERE ] setting player 4 freeze to 2754
[22:21:18.097] [SEVERE ] updating countdown to 58346
[22:21:18.103] [SEVERE ] setting player 3 freeze to 2723
[22:21:18.103] [SEVERE ] setting player 4 freeze to 2723
[22:21:18.132] [SEVERE ] updating countdown to 58311
[22:21:18.133] [SEVERE ] setting player 3 freeze to 2693
[22:21:18.134] [SEVERE ] setting player 4 freeze to 2693
[22:21:18.159] [SEVERE ] updating countdown to 58284
[22:21:18.160] [SEVERE ] setting player 3 freeze to 2666
[22:21:18.160] [SEVERE ] setting player 4 freeze to 2666
[22:21:18.185] [SEVERE ] updating countdown to 58258
[22:21:18.186] [SEVERE ] setting player 3 freeze to 2640
[22:21:18.186] [SEVERE ] setting player 4 freeze to 2640
[22:21:18.212] [SEVERE ] updating countdown to 58231
[22:21:18.212] [SEVERE ] setting player 3 freeze to 2614
[22:21:18.213] [SEVERE ] setting player 4 freeze to 2613
[22:21:18.238] [SEVERE ] updating countdown to 58205
[22:21:18.239] [SEVERE ] setting player 3 freeze to 2587
[22:21:18.239] [SEVERE ] setting player 4 freeze to 2587
[22:21:18.265] [SEVERE ] updating countdown to 58178
[22:21:18.268] [SEVERE ] setting player 3 freeze to 2558
[22:21:18.268] [SEVERE ] setting player 4 freeze to 2558
[22:21:18.294] [SEVERE ] updating countdown to 58149
[22:21:18.295] [SEVERE ] setting player 3 freeze to 2531
[22:21:18.305] [SEVERE ] setting player 4 freeze to 2521
[22:21:18.331] [SEVERE ] updating countdown to 58112
[22:21:18.332] [SEVERE ] setting player 3 freeze to 2494
[22:21:18.332] [SEVERE ] setting player 4 freeze to 2494
[22:21:18.357] [SEVERE ] updating countdown to 58086
[22:21:18.358] [SEVERE ] setting player 3 freeze to 2468
[22:21:18.358] [SEVERE ] setting player 4 freeze to 2468
[22:21:18.383] [SEVERE ] updating countdown to 58060
[22:21:18.384] [SEVERE ] setting player 3 freeze to 2442
[22:21:18.384] [SEVERE ] setting player 4 freeze to 2442
[22:21:18.410] [SEVERE ] updating countdown to 58033
[22:21:18.411] [SEVERE ] setting player 3 freeze to 2415
[22:21:18.411] [SEVERE ] setting player 4 freeze to 2415
[22:21:18.437] [SEVERE ] updating countdown to 58006
[22:21:18.437] [SEVERE ] setting player 3 freeze to 2389
[22:21:18.437] [SEVERE ] setting player 4 freeze to 2389
[22:21:18.463] [SEVERE ] updating countdown to 57980
[22:21:18.464] [SEVERE ] setting player 3 freeze to 2362
[22:21:18.464] [SEVERE ] setting player 4 freeze to 2362
[22:21:18.490] [SEVERE ] updating countdown to 57953
[22:21:18.491] [SEVERE ] setting player 3 freeze to 2335
[22:21:18.492] [SEVERE ] setting player 4 freeze to 2334
[22:21:18.517] [SEVERE ] updating countdown to 57926
[22:21:18.518] [SEVERE ] setting player 3 freeze to 2308
[22:21:18.519] [SEVERE ] setting player 4 freeze to 2307
[22:21:18.544] [SEVERE ] updating countdown to 57899
[22:21:18.546] [SEVERE ] setting player 3 freeze to 2280
[22:21:18.547] [SEVERE ] setting player 4 freeze to 2279
[22:21:18.572] [SEVERE ] updating countdown to 57871
[22:21:18.574] [SEVERE ] setting player 3 freeze to 2252
[22:21:18.575] [SEVERE ] setting player 4 freeze to 2251
[22:21:18.601] [SEVERE ] updating countdown to 57842
[22:21:18.602] [SEVERE ] setting player 3 freeze to 2224
[22:21:18.603] [SEVERE ] setting player 4 freeze to 2223
[22:21:18.629] [SEVERE ] updating countdown to 57814
[22:21:18.630] [SEVERE ] setting player 3 freeze to 2196
[22:21:18.632] [SEVERE ] setting player 4 freeze to 2194
[22:21:18.658] [SEVERE ] updating countdown to 57785
[22:21:18.658] [SEVERE ] setting player 3 freeze to 2168
[22:21:18.659] [SEVERE ] setting player 4 freeze to 2167
[22:21:18.684] [SEVERE ] updating countdown to 57759
[22:21:18.685] [SEVERE ] setting player 3 freeze to 2141
[22:21:18.686] [SEVERE ] setting player 4 freeze to 2140
[22:21:18.712] [SEVERE ] updating countdown to 57731
[22:21:18.713] [SEVERE ] setting player 3 freeze to 2113
[22:21:18.714] [SEVERE ] setting player 4 freeze to 2112
[22:21:18.740] [SEVERE ] updating countdown to 57703
[22:21:18.740] [SEVERE ] setting player 3 freeze to 2086
[22:21:18.741] [SEVERE ] setting player 4 freeze to 2085
[22:21:18.767] [SEVERE ] updating countdown to 57676
[22:21:18.768] [SEVERE ] setting player 3 freeze to 2058
[22:21:18.768] [SEVERE ] setting player 4 freeze to 2058
[22:21:18.794] [SEVERE ] updating countdown to 57649
[22:21:18.795] [SEVERE ] setting player 3 freeze to 2031
[22:21:18.796] [SEVERE ] setting player 4 freeze to 2030
[22:21:18.821] [SEVERE ] updating countdown to 57622
[22:21:18.826] [SEVERE ] setting player 3 freeze to 2000
[22:21:18.831] [SEVERE ] setting player 4 freeze to 1995
[22:21:18.861] [SEVERE ] updating countdown to 57582
[22:21:18.864] [SEVERE ] setting player 3 freeze to 1962
[22:21:18.865] [SEVERE ] setting player 4 freeze to 1961
[22:21:18.891] [SEVERE ] updating countdown to 57552
[22:21:18.892] [SEVERE ] setting player 3 freeze to 1934
[22:21:18.893] [SEVERE ] setting player 4 freeze to 1933
[22:21:18.919] [SEVERE ] updating countdown to 57524
[22:21:18.920] [SEVERE ] setting player 3 freeze to 1906
[22:21:18.920] [SEVERE ] setting player 4 freeze to 1906
[22:21:18.945] [SEVERE ] updating countdown to 57498
[22:21:18.946] [SEVERE ] setting player 3 freeze to 1880
[22:21:18.947] [SEVERE ] setting player 4 freeze to 1879
[22:21:18.972] [SEVERE ] updating countdown to 57471
[22:21:18.974] [SEVERE ] setting player 3 freeze to 1852
[22:21:18.976] [SEVERE ] setting player 4 freeze to 1850
[22:21:19.003] [SEVERE ] updating countdown to 57440
[22:21:19.003] [SEVERE ] setting player 3 freeze to 1823
[22:21:19.004] [SEVERE ] setting player 4 freeze to 1822
[22:21:19.030] [SEVERE ] updating countdown to 57413
[22:21:19.031] [SEVERE ] setting player 3 freeze to 1795
[22:21:19.032] [SEVERE ] setting player 4 freeze to 1794
[22:21:19.058] [SEVERE ] updating countdown to 57385
[22:21:19.059] [SEVERE ] setting player 3 freeze to 1767
[22:21:19.060] [SEVERE ] setting player 4 freeze to 1766
[22:21:19.085] [SEVERE ] updating countdown to 57358
[22:21:19.087] [SEVERE ] setting player 3 freeze to 1739
[22:21:19.088] [SEVERE ] setting player 4 freeze to 1738
[22:21:19.114] [SEVERE ] updating countdown to 57329
[22:21:19.115] [SEVERE ] setting player 3 freeze to 1711
[22:21:19.115] [SEVERE ] setting player 4 freeze to 1711
[22:21:19.141] [SEVERE ] updating countdown to 57302
[22:21:19.142] [SEVERE ] setting player 3 freeze to 1684
[22:21:19.144] [SEVERE ] setting player 4 freeze to 1682
[22:21:19.171] [SEVERE ] updating countdown to 57272
[22:21:19.171] [SEVERE ] setting player 3 freeze to 1655
[22:21:19.172] [SEVERE ] setting player 4 freeze to 1654
[22:21:19.197] [SEVERE ] updating countdown to 57246
[22:21:19.198] [SEVERE ] setting player 3 freeze to 1628
[22:21:19.199] [SEVERE ] setting player 4 freeze to 1627
[22:21:19.224] [SEVERE ] updating countdown to 57219
[22:21:19.225] [SEVERE ] setting player 3 freeze to 1601
[22:21:19.226] [SEVERE ] setting player 4 freeze to 1600
[22:21:19.251] [SEVERE ] updating countdown to 57192
[22:21:19.252] [SEVERE ] setting player 3 freeze to 1574
[22:21:19.252] [SEVERE ] setting player 4 freeze to 1574
[22:21:19.278] [SEVERE ] updating countdown to 57165
[22:21:19.279] [SEVERE ] setting player 3 freeze to 1547
[22:21:19.280] [SEVERE ] setting player 4 freeze to 1546
[22:21:19.306] [SEVERE ] updating countdown to 57137
[22:21:19.307] [SEVERE ] setting player 3 freeze to 1519
[22:21:19.307] [SEVERE ] setting player 4 freeze to 1519
[22:21:19.333] [SEVERE ] updating countdown to 57110
[22:21:19.334] [SEVERE ] setting player 3 freeze to 1492
[22:21:19.335] [SEVERE ] setting player 4 freeze to 1491
[22:21:19.361] [SEVERE ] updating countdown to 57082
[22:21:19.361] [SEVERE ] setting player 3 freeze to 1465
[22:21:19.361] [SEVERE ] setting player 4 freeze to 1465
[22:21:19.387] [SEVERE ] updating countdown to 57056
[22:21:19.388] [SEVERE ] setting player 3 freeze to 1438
[22:21:19.389] [SEVERE ] setting player 4 freeze to 1437
[22:21:19.415] [SEVERE ] updating countdown to 57028
[22:21:19.417] [SEVERE ] setting player 3 freeze to 1409
[22:21:19.418] [SEVERE ] setting player 4 freeze to 1408
[22:21:19.445] [SEVERE ] updating countdown to 56998
[22:21:19.447] [SEVERE ] setting player 3 freeze to 1379
[22:21:19.448] [SEVERE ] setting player 4 freeze to 1378
[22:21:19.474] [SEVERE ] updating countdown to 56969
[22:21:19.475] [SEVERE ] setting player 3 freeze to 1351
[22:21:19.476] [SEVERE ] setting player 4 freeze to 1350
[22:21:19.503] [SEVERE ] updating countdown to 56941
[22:21:19.503] [SEVERE ] setting player 3 freeze to 1323
[22:21:19.503] [SEVERE ] setting player 4 freeze to 1323
[22:21:19.529] [SEVERE ] updating countdown to 56914
[22:21:19.531] [SEVERE ] setting player 3 freeze to 1295
[22:21:19.532] [SEVERE ] setting player 4 freeze to 1294
[22:21:19.559] [SEVERE ] updating countdown to 56884
[22:21:19.560] [SEVERE ] setting player 3 freeze to 1266
[22:21:19.562] [SEVERE ] setting player 4 freeze to 1264
[22:21:19.588] [SEVERE ] updating countdown to 56855
[22:21:19.589] [SEVERE ] setting player 3 freeze to 1237
[22:21:19.591] [SEVERE ] setting player 4 freeze to 1235
[22:21:19.618] [SEVERE ] updating countdown to 56825
[22:21:19.619] [SEVERE ] setting player 3 freeze to 1207
[22:21:19.621] [SEVERE ] setting player 4 freeze to 1205
[22:21:19.647] [SEVERE ] updating countdown to 56796
[22:21:19.648] [SEVERE ] setting player 3 freeze to 1178
[22:21:19.649] [SEVERE ] setting player 4 freeze to 1177
[22:21:19.675] [SEVERE ] updating countdown to 56768
[22:21:19.675] [SEVERE ] setting player 3 freeze to 1151
[22:21:19.676] [SEVERE ] setting player 4 freeze to 1150
[22:21:19.701] [SEVERE ] updating countdown to 56742
[22:21:19.702] [SEVERE ] setting player 3 freeze to 1124
[22:21:19.703] [SEVERE ] setting player 4 freeze to 1123
[22:21:19.728] [SEVERE ] updating countdown to 56715
[22:21:19.729] [SEVERE ] setting player 3 freeze to 1097
[22:21:19.730] [SEVERE ] setting player 4 freeze to 1096
[22:21:19.756] [SEVERE ] updating countdown to 56687
[22:21:19.757] [SEVERE ] setting player 3 freeze to 1069
[22:21:19.758] [SEVERE ] setting player 4 freeze to 1068
[22:21:19.784] [SEVERE ] updating countdown to 56659
[22:21:19.785] [SEVERE ] setting player 3 freeze to 1041
[22:21:19.786] [SEVERE ] setting player 4 freeze to 1040
[22:21:19.812] [SEVERE ] updating countdown to 56631
[22:21:19.812] [SEVERE ] setting player 3 freeze to 1014
[22:21:19.813] [SEVERE ] setting player 4 freeze to 1013
[22:21:19.839] [SEVERE ] updating countdown to 56604
[22:21:19.840] [SEVERE ] setting player 3 freeze to 986
[22:21:19.841] [SEVERE ] setting player 4 freeze to 985
[22:21:19.867] [SEVERE ] updating countdown to 56576
[22:21:19.868] [SEVERE ] setting player 3 freeze to 958
[22:21:19.868] [SEVERE ] setting player 4 freeze to 958
[22:21:19.894] [SEVERE ] updating countdown to 56549
[22:21:19.895] [SEVERE ] setting player 3 freeze to 931
[22:21:19.896] [SEVERE ] setting player 4 freeze to 930
[22:21:19.922] [SEVERE ] updating countdown to 56522
[22:21:19.925] [SEVERE ] setting player 3 freeze to 901
[22:21:19.926] [SEVERE ] setting player 4 freeze to 900
[22:21:19.953] [SEVERE ] updating countdown to 56490
[22:21:19.954] [SEVERE ] setting player 3 freeze to 872
[22:21:19.954] [SEVERE ] setting player 4 freeze to 872
[22:21:19.981] [SEVERE ] updating countdown to 56463
[22:21:19.982] [SEVERE ] setting player 3 freeze to 844
[22:21:19.984] [SEVERE ] setting player 4 freeze to 842
[22:21:20.014] [SEVERE ] updating countdown to 56429
[22:21:20.015] [SEVERE ] setting player 3 freeze to 811
[22:21:20.017] [SEVERE ] setting player 4 freeze to 809
[22:21:20.042] [SEVERE ] updating countdown to 56401
[22:21:20.044] [SEVERE ] setting player 3 freeze to 782
[22:21:20.045] [SEVERE ] setting player 4 freeze to 781
[22:21:20.072] [SEVERE ] updating countdown to 56371
[22:21:20.073] [SEVERE ] setting player 3 freeze to 753
[22:21:20.074] [SEVERE ] setting player 4 freeze to 752
[22:21:20.100] [SEVERE ] updating countdown to 56343
[22:21:20.101] [SEVERE ] setting player 3 freeze to 725
[22:21:20.102] [SEVERE ] setting player 4 freeze to 724
[22:21:20.128] [SEVERE ] updating countdown to 56315
[22:21:20.129] [SEVERE ] setting player 3 freeze to 697
[22:21:20.130] [SEVERE ] setting player 4 freeze to 696
[22:21:20.159] [SEVERE ] updating countdown to 56284
[22:21:20.159] [SEVERE ] setting player 3 freeze to 667
[22:21:20.160] [SEVERE ] setting player 4 freeze to 666
[22:21:20.186] [SEVERE ] updating countdown to 56257
[22:21:20.189] [SEVERE ] setting player 3 freeze to 637
[22:21:20.190] [SEVERE ] setting player 4 freeze to 636
[22:21:20.217] [SEVERE ] updating countdown to 56226
[22:21:20.219] [SEVERE ] setting player 3 freeze to 607
[22:21:20.225] [SEVERE ] setting player 4 freeze to 601
[22:21:20.257] [SEVERE ] updating countdown to 56186
[22:21:20.264] [SEVERE ] setting player 3 freeze to 562
[22:21:20.264] [SEVERE ] setting player 4 freeze to 562
[22:21:20.290] [SEVERE ] updating countdown to 56153
[22:21:20.292] [SEVERE ] setting player 3 freeze to 534
[22:21:20.293] [SEVERE ] setting player 4 freeze to 533
[22:21:20.319] [SEVERE ] updating countdown to 56124
[22:21:20.319] [SEVERE ] setting player 3 freeze to 507
[22:21:20.320] [SEVERE ] setting player 4 freeze to 506
[22:21:20.346] [SEVERE ] updating countdown to 56097
[22:21:20.347] [SEVERE ] setting player 3 freeze to 479
[22:21:20.348] [SEVERE ] setting player 4 freeze to 478
[22:21:20.375] [SEVERE ] updating countdown to 56068
[22:21:20.377] [SEVERE ] setting player 3 freeze to 449
[22:21:20.378] [SEVERE ] setting player 4 freeze to 448
[22:21:20.405] [SEVERE ] updating countdown to 56038
[22:21:20.405] [SEVERE ] setting player 3 freeze to 421
[22:21:20.406] [SEVERE ] setting player 4 freeze to 420
[22:21:20.432] [SEVERE ] updating countdown to 56011
[22:21:20.434] [SEVERE ] setting player 3 freeze to 392
[22:21:20.436] [SEVERE ] setting player 4 freeze to 390
[22:21:20.464] [SEVERE ] updating countdown to 55979
[22:21:20.466] [SEVERE ] setting player 3 freeze to 360
[22:21:20.467] [SEVERE ] setting player 4 freeze to 359
[22:21:20.492] [SEVERE ] updating countdown to 55951
[22:21:20.494] [SEVERE ] setting player 3 freeze to 332
[22:21:20.496] [SEVERE ] setting player 4 freeze to 330
[22:21:20.522] [SEVERE ] updating countdown to 55921
[22:21:20.523] [SEVERE ] setting player 3 freeze to 303
[22:21:20.524] [SEVERE ] setting player 4 freeze to 302
[22:21:20.550] [SEVERE ] updating countdown to 55893
[22:21:20.551] [SEVERE ] setting player 3 freeze to 275
[22:21:20.552] [SEVERE ] setting player 4 freeze to 274
[22:21:20.578] [SEVERE ] updating countdown to 55865
[22:21:20.580] [SEVERE ] setting player 3 freeze to 246
[22:21:20.583] [SEVERE ] setting player 4 freeze to 243
[22:21:20.611] [SEVERE ] updating countdown to 55832
[22:21:20.612] [SEVERE ] setting player 3 freeze to 214
[22:21:20.613] [SEVERE ] setting player 4 freeze to 213
[22:21:20.639] [SEVERE ] updating countdown to 55804
[22:21:20.641] [SEVERE ] setting player 3 freeze to 185
[22:21:20.642] [SEVERE ] setting player 4 freeze to 184
[22:21:20.668] [SEVERE ] updating countdown to 55775
[22:21:20.669] [SEVERE ] setting player 3 freeze to 157
[22:21:20.670] [SEVERE ] setting player 4 freeze to 156
[22:21:20.696] [SEVERE ] updating countdown to 55747
[22:21:20.698] [SEVERE ] setting player 3 freeze to 128
[22:21:20.700] [SEVERE ] setting player 4 freeze to 126
[22:21:20.731] [SEVERE ] updating countdown to 55712
[22:21:20.731] [SEVERE ] setting player 3 freeze to 95
[22:21:20.732] [SEVERE ] setting player 4 freeze to 94
[22:21:20.758] [SEVERE ] updating countdown to 55685
[22:21:20.760] [SEVERE ] setting player 3 freeze to 66
[22:21:20.762] [SEVERE ] setting player 4 freeze to 64
[22:21:20.789] [SEVERE ] updating countdown to 55654
[22:21:20.790] [SEVERE ] setting player 3 freeze to 36
[22:21:20.791] [SEVERE ] setting player 4 freeze to 35
[22:21:20.817] [SEVERE ] updating countdown to 55626
[22:21:20.818] [SEVERE ] setting player 3 freeze to 8
[22:21:20.818] [SEVERE ] setting player 4 freeze to 8
[22:21:20.844] [SEVERE ] updating countdown to 55599
[22:21:20.844] [SEVERE ] setting player 3 freeze to -18
[22:21:20.845] [SEVERE ] setting player 3 freeze to 0
[22:21:20.845] [SEVERE ] setting player 4 freeze to -19
[22:21:20.846] [SEVERE ] setting player 4 freeze to 0
[22:21:20.872] [SEVERE ] updating countdown to 55571
[22:21:20.898] [SEVERE ] updating countdown to 55545
[22:21:20.923] [SEVERE ] updating countdown to 55520
[22:21:20.949] [SEVERE ] updating countdown to 55494
[22:21:20.976] [SEVERE ] updating countdown to 55467
[22:21:21.002] [SEVERE ] updating countdown to 55441
[22:21:21.027] [SEVERE ] updating countdown to 55416
[22:21:21.053] [SEVERE ] updating countdown to 55390
[22:21:21.079] [SEVERE ] updating countdown to 55364
[22:21:21.104] [SEVERE ] updating countdown to 55339
[22:21:21.130] [SEVERE ] updating countdown to 55313
[22:21:21.156] [SEVERE ] updating countdown to 55287
[22:21:21.183] [SEVERE ] updating countdown to 55260
[22:21:21.209] [SEVERE ] updating countdown to 55234
[22:21:21.236] [SEVERE ] updating countdown to 55207
[22:21:21.262] [SEVERE ] updating countdown to 55181
[22:21:21.289] [SEVERE ] updating countdown to 55154
[22:21:21.315] [SEVERE ] updating countdown to 55128
[22:21:21.324] [SEVERE ] removing player 4 token from slot 0
[22:21:21.341] [SEVERE ] updating countdown to 55102
[22:21:21.367] [SEVERE ] updating countdown to 55076
[22:21:21.393] [SEVERE ] updating countdown to 55050
[22:21:21.419] [SEVERE ] updating countdown to 55024
[22:21:21.445] [SEVERE ] updating countdown to 54998
[22:21:21.473] [SEVERE ] updating countdown to 54970
[22:21:21.501] [SEVERE ] updating countdown to 54942
[22:21:21.527] [SEVERE ] updating countdown to 54916
[22:21:21.554] [SEVERE ] updating countdown to 54889
[22:21:21.580] [SEVERE ] updating countdown to 54863
[22:21:21.606] [SEVERE ] updating countdown to 54837
[22:21:21.631] [SEVERE ] updating countdown to 54812
[22:21:21.657] [SEVERE ] updating countdown to 54786
[22:21:21.684] [SEVERE ] exit button pressed
[22:21:21.685] [INFO   ] thread Thread-1 terminated.
[22:21:21.685] [INFO   ] thread Thread-2 terminated.
[22:21:21.687] [SEVERE ] updating countdown to 54756
[22:21:21.788] [SEVERE ] removing card from slot 0
[22:21:21.824] [INFO   ] thread computer-2 terminated.
[22:21:21.824] [INFO   ] thread computer-3 terminated.
[22:21:21.825] [INFO   ] thread Thread-3 terminated.
[22:21:21.826] [INFO   ] thread Thread-4 terminated.
[22:21:21.890] [SEVERE ] removing card from slot 1
[22:21:21.992] [SEVERE ] removing player 3 token from slot 2
[22:21:21.993] [SEVERE ] removing card from slot 2
[22:21:22.094] [SEVERE ] removing card from slot 3
[22:21:22.195] [SEVERE ] removing card from slot 4
[22:21:22.296] [SEVERE ] removing player 4 token from slot 5
[22:21:22.299] [SEVERE ] removing card from slot 5
[22:21:22.401] [SEVERE ] removing player 3 token from slot 6
[22:21:22.402] [SEVERE ] removing player 4 token from slot 6
[22:21:22.403] [SEVERE ] removing card from slot 6
[22:21:22.505] [SEVERE ] removing player 3 token from slot 7
[22:21:22.506] [SEVERE ] removing card from slot 7
[22:21:22.607] [SEVERE ] removing card from slot 8
[22:21:22.709] [SEVERE ] removing card from slot 9
[22:21:22.811] [SEVERE ] removing card from slot 10
[22:21:22.912] [SEVERE ] removing card from slot 11
[22:21:22.915] [SEVERE ] announcing winner(s): player 1, player 2, player 3, player 4
[22:21:22.920] [INFO   ] thread dealer terminated.
[22:21:22.921] [INFO   ] thread dealer terminated.
[22:21:22.921] [SEVERE ] thanks for playing... it was fun!
[22:21:22.922] [INFO   ] thread bguspl.set.Main.main() terminated.
